
========================================
         Starting Pipeline for: DLL_Token (Mode: ContextualHornICE)
========================================
Initializing pipeline for benchmark: 'DLL_Token'
   -> Loading and validating attributes from: /Dualis/scripts/../benchmarks/Classical/DLL_Token/Attributes.txt
      -> Validation successful. Attribute file is consistent.

==================== Iteration: 1 ====================
TIMEOUT : 20
   -> Parsing CHC file: /Dualis/scripts/../benchmarks/ContextualHornICE_working_temp/DLL_Token/DLL_Token.smt2
   -> Starting HornICE with a 1000-second timeout...
      -> Logging HornICE output to iter_1.log
   -> HornICE completed successfully.
   -> Analyzing HornICE log file: iter_1.log
      -> Found 13 internal iterations.
   -> Writing new specs to harness: DLL_Token_fuzz.cpp...
      -> Successfully created working copy '/Dualis/scripts/../benchmarks/ContextualHornICE_working_temp/DLL_Token/DLL_Token_fuzz.cpp'.
   -> Starting AFL++(DLL_Token_fuzz) with a 20-second timeout...
   -> Building AFL-instrumented binary: /Dualis/scripts/../benchmarks/ContextualHornICE_working_temp/DLL_Token/DLL_Token_fuzz
   -> ERROR: AFL++(DLL_Token_fuzz) failed with exit code 1.
      AFL++ Error Output:
[1;92m[+] [0mEnabled environment variable AFL_I_DONT_CARE_ABOUT_MISSING_CRASHES with value 1[0m
[1;92m[+] [0mEnabled environment variable AFL_NO_UI with value 1[0m
[1;92m[+] [0mEnabled environment variable AFL_CMPLOG_ONLY_NEW with value 1[0m
[1;92m[+] [0mEnabled environment variable AFL_DEBUG_CHILD with value 1[0m
[1;92m[+] [0mEnabled environment variable AFL_IGNORE_PROBLEMS with value 1[0m
[1;92m[+] [0mEnabled environment variable AFL_SKIP_CPUFREQ with value 1[0m
[1;94m[*] [0mSpinning up the fork server...[0m
[1;92m[+] [0mAll right - new fork server model v1 is up.[0m
[1;94m[*] [0mTarget map size: 226[0m
DLL_Token_fuzz: /Dualis/scripts/../benchmarks/ContextualHornICE_working_temp/DLL_Token/DLL_Token_fuzz.cpp:48: int main(int, char **): Assertion `expr_push' failed.
DLL_Token_fuzz: /Dualis/scripts/../benchmarks/ContextualHornICE_working_temp/DLL_Token/DLL_Token_fuzz.cpp:48: int main(int, char **): Assertion `expr_push' failed.

   -> Checking fuzzing outputs for counterexamples...
Checking crashes
Checking queue
   -> Found 2 crash reports. Testing reproducibility...
   -> CRASH REPRODUCED with id:000001,time:0,execs:0,orig:2push
   -> CRASH REPRODUCED with id:000000,time:0,execs:0,orig:2pu
Checking hangs
   -> Converting counterexamples for 'DLL_Token'...
      -> Found and validated 1 new rules.
   -> Updating CHC file with new counterexamples...

=============== Artifacts This Iteration ===============

--- Generated Specs ---
  inv: ((((max - len) - max) <= 0) && (len <= 0))
  push: (false)

--- New Test Cases Found ---
  (None)

--- Updated CHCs (for next iteration) ---
(declare-var len Int)
(declare-var val Int)
(declare-var len1 Int)
(declare-var min Int)
(declare-var min1 Int)
(declare-var max Int)
(declare-var max1 Int)
(declare-rel push (Int Int Int Int Int Int Int))
(declare-rel inv (Int Int Int))
(declare-rel fail ())
(define-fun MAX () Int 128)
(define-fun MIN () Int -129)

(rule (=> (and (= val 0) (= min 128) (= len 0) (= max -129) (= min1 0) (= len1 1) (= max1 0)) (push val min len max min1 len1 max1)))

(rule (=> (and (= len 0) (= min MAX) (= max MIN)) (inv len min max)))
(rule (=> (and (inv len min max) (= val 0) (push val min len max min1 len1 max1)) (inv len1 min1 max1)))
(rule (=> (and (inv len min max) (not (or (= len 0) (and (= min 0) (= max 0))))) fail))

(query fail :print-certificate true)
==============================================================
   -> Checking if specs have changed...
      -> CHC files are different. Continuing iteration.

==================== Iteration: 2 ====================
TIMEOUT : 40
   -> Parsing CHC file: /Dualis/scripts/../benchmarks/ContextualHornICE_working_temp/DLL_Token/DLL_Token.smt2
   -> Starting HornICE with a 1000-second timeout...
      -> Logging HornICE output to iter_2.log
   -> HornICE completed successfully.
   -> Analyzing HornICE log file: iter_2.log
      -> Found 72 internal iterations.
   -> Writing new specs to harness: DLL_Token_fuzz.cpp...
      -> Successfully created working copy '/Dualis/scripts/../benchmarks/ContextualHornICE_working_temp/DLL_Token/DLL_Token_fuzz.cpp'.
   -> Starting AFL++(DLL_Token_fuzz) with a 40-second timeout...
   -> Building AFL-instrumented binary: /Dualis/scripts/../benchmarks/ContextualHornICE_working_temp/DLL_Token/DLL_Token_fuzz
   -> AFL++(DLL_Token_fuzz) finished its fuzzing session.
   -> Checking fuzzing outputs for counterexamples...
Checking crashes
Checking queue
   -> Found 19 crash reports. Testing reproducibility...
   -> CRASH REPRODUCED with id:000002,src:000000,time:0,execs:17,op:(null),pos:0,+cov
Checking hangs
   -> Converting counterexamples for 'DLL_Token'...
   -> Updating CHC file with new counterexamples...

=============== Artifacts This Iteration ===============

--- Generated Specs ---
  push: ((max1 <= 0) && ((min1 + max1 + max1) > (-1)) && ((val + min1 + max1) <= 0))
  inv: ((((min - max) <= 0) && (max <= 0) && (min <= 0) && (min > (-1)) && (min <= 1)) || ((len <= 0) && (((max - len) - max) <= 0) && ((min + max) <= (-1)) && (min > 1)))

--- New Test Cases Found ---
  (None)

--- Updated CHCs (for next iteration) ---
(declare-var len Int)
(declare-var val Int)
(declare-var len1 Int)
(declare-var min Int)
(declare-var min1 Int)
(declare-var max Int)
(declare-var max1 Int)
(declare-rel push (Int Int Int Int Int Int Int))
(declare-rel inv (Int Int Int))
(declare-rel fail ())
(define-fun MAX () Int 128)
(define-fun MIN () Int -129)


(rule (=> (and (= val 0) (= min 128) (= len 0) (= max -129) (= min1 0) (= len1 1) (= max1 0)) (push val min len max min1 len1 max1)))
(rule (=> (and (= len 0) (= min MAX) (= max MIN)) (inv len min max)))
(rule (=> (and (inv len min max) (= val 0) (push val min len max min1 len1 max1)) (inv len1 min1 max1)))
(rule (=> (and (inv len min max) (not (or (= len 0) (and (= min 0) (= max 0))))) fail))

(query fail :print-certificate true)
==============================================================
   -> Checking if specs have changed...
      -> CHC files are different. Continuing iteration.

==================== Iteration: 3 ====================
TIMEOUT : 60
   -> Parsing CHC file: /Dualis/scripts/../benchmarks/ContextualHornICE_working_temp/DLL_Token/DLL_Token.smt2
   -> Starting HornICE with a 1000-second timeout...
      -> Logging HornICE output to iter_3.log
   -> HornICE completed successfully.
   -> Analyzing HornICE log file: iter_3.log
      -> Found 72 internal iterations.
   -> Writing new specs to harness: DLL_Token_fuzz.cpp...
      -> Successfully created working copy '/Dualis/scripts/../benchmarks/ContextualHornICE_working_temp/DLL_Token/DLL_Token_fuzz.cpp'.
   -> Starting AFL++(DLL_Token_fuzz) with a 60-second timeout...
   -> Building AFL-instrumented binary: /Dualis/scripts/../benchmarks/ContextualHornICE_working_temp/DLL_Token/DLL_Token_fuzz
   -> AFL++(DLL_Token_fuzz) finished its fuzzing session.
   -> Checking fuzzing outputs for counterexamples...
Checking crashes
Checking queue
   -> Found 19 crash reports. Testing reproducibility...
   -> CRASH REPRODUCED with id:000002,src:000000,time:0,execs:17,op:(null),pos:0,+cov
Checking hangs
   -> Converting counterexamples for 'DLL_Token'...
   -> Updating CHC file with new counterexamples...

=============== Artifacts This Iteration ===============

--- Generated Specs ---
  push: ((max1 <= 0) && ((min1 + max1 + max1) > (-1)) && ((val + min1 + max1) <= 0))
  inv: ((((min - max) <= 0) && (max <= 0) && (min <= 0) && (min > (-1)) && (min <= 1)) || ((len <= 0) && (((max - len) - max) <= 0) && ((min + max) <= (-1)) && (min > 1)))

--- New Test Cases Found ---
  (None)

--- Updated CHCs (for next iteration) ---
(declare-var len Int)
(declare-var val Int)
(declare-var len1 Int)
(declare-var min Int)
(declare-var min1 Int)
(declare-var max Int)
(declare-var max1 Int)
(declare-rel push (Int Int Int Int Int Int Int))
(declare-rel inv (Int Int Int))
(declare-rel fail ())
(define-fun MAX () Int 128)
(define-fun MIN () Int -129)


(rule (=> (and (= val 0) (= min 128) (= len 0) (= max -129) (= min1 0) (= len1 1) (= max1 0)) (push val min len max min1 len1 max1)))
(rule (=> (and (= len 0) (= min MAX) (= max MIN)) (inv len min max)))
(rule (=> (and (inv len min max) (= val 0) (push val min len max min1 len1 max1)) (inv len1 min1 max1)))
(rule (=> (and (inv len min max) (not (or (= len 0) (and (= min 0) (= max 0))))) fail))

(query fail :print-certificate true)
==============================================================
   -> Checking if specs have changed...
      -> CHC files are identical. Pipeline has converged.
   -> 15-minute deep fuzzing converged. Pipeline complete.

==================== Finalizing Pipeline ====================

====================== Pipeline Finished =====================
Total External Iterations: 3
Total Unique Test Cases Found: 1
Total Internal Iterations: 157
  - Min: 13
  - Max: 72
  - Avg: 52.33
pipeline.run() took 0.1835 seconds.
Running command: /usr/bin/python3 chcverifynfuzz.py ContextualHornICE DLL_Token
PID: 6002
========================================


Total Pipeline Duration: 285.43s
