
========================================
         Starting Pipeline for: FlatHashMap3 (Mode: ContextualHornICE)
========================================
Initializing pipeline for benchmark: 'FlatHashMap3'
   -> Loading and validating attributes from: /Dualis/scripts/../benchmarks/Classical/FlatHashMap3/Attributes.txt
      -> Validation successful. Attribute file is consistent.

==================== Iteration: 1 ====================
TIMEOUT : 20
   -> Parsing CHC file: /Dualis/scripts/../benchmarks/ContextualHornICE_working_temp/FlatHashMap3/FlatHashMap3.smt2
   -> Starting HornICE with a 1000-second timeout...
      -> Logging HornICE output to iter_1.log
   -> HornICE completed successfully.
   -> Analyzing HornICE log file: iter_1.log
      -> Found 7 internal iterations.
   -> Writing new specs to harness: FlatHashMap3_fuzz.cpp...
      -> Successfully created working copy '/Dualis/scripts/../benchmarks/ContextualHornICE_working_temp/FlatHashMap3/FlatHashMap3_fuzz.cpp'.
   -> Starting AFL++(FlatHashMap3_fuzz) with a 20-second timeout...
   -> Building AFL-instrumented binary: /Dualis/scripts/../benchmarks/ContextualHornICE_working_temp/FlatHashMap3/FlatHashMap3_fuzz
   -> AFL++(FlatHashMap3_fuzz) finished its fuzzing session.
   -> Checking fuzzing outputs for counterexamples...
Checking crashes
   -> Found 1 crash reports. Testing reproducibility...
   -> CRASH REPRODUCED with id:000000,sig:06,src:000000,time:280,execs:97,op:havoc,rep:3
Checking queue
   -> Found 2 crash reports. Testing reproducibility...
Checking hangs
   -> Converting counterexamples for 'FlatHashMap3'...
      -> Found and validated 1 new rules.
   -> Updating CHC file with new counterexamples...

=============== Artifacts This Iteration ===============

--- Generated Specs ---
  inv1: ((i - N) <= (-1))
  insert: (false)
  inv2: (false)
  erase: (false)

--- New Test Cases Found ---
  (None)

--- Updated CHCs (for next iteration) ---
(declare-var N Int)
(declare-var i Int)
(declare-var i1 Int)
(declare-var containsk Int)
(declare-var containsk1 Int)
(declare-var len Int)
(declare-var len1 Int)
(declare-var flag Int)
(declare-var flag1 Int)
(declare-var ret Int)
(declare-var ret1 Int)
(declare-var k Int)
(declare-var v Int)
(declare-rel insert (Int Int Int Int Int Int))
(declare-rel erase (Int Int Int Int Int))
(declare-rel inv1 (Int Int Int))
(declare-rel inv2 (Int Int Int Int Int))
(declare-rel fail ())
(define-fun is_valid ((x Int)) Bool (or (= x 1) (= x 0)))
(define-fun MAX () Int 128)

(rule (=> (and (= k 0) (= v 0) (= len 0) (= containsk 0) (= len1 1) (= containsk1 1)) (insert k v len containsk len1 containsk1)))

(rule (=> (and (> N 0) (= i 0)  (= len 0)) (inv1 i N len )))
(rule (=> (and (inv1 i N len ) (is_valid containsk1) (< i N) (= k i) (= v i) (insert k v len 0 len1 containsk1) (= i1 (+ i 1))) (inv1 i1 N len1 )))
(rule (=> (and (inv1 i N len ) (is_valid flag) (not (< i N)) (= i1 0) (= flag 1) (= ret1 MAX)) (inv2 i1 N len flag ret)))
(rule (=> (and (inv2 i N len flag ret)  (< i N) (is_valid flag) (= flag 1) (= k i) (erase k len flag len1 ret1) (= i1 (+ i 1)) (= flag1 (- 1 flag))) (inv2 i1 N len1 flag1 ret1)))
(rule (=> (and (inv2 i N len flag ret)  (is_valid flag) (< i N) (= flag 0) (= i1 (+ i 1)) (= flag1 (- 1 flag))) (inv2 i1 N len flag1 ret)))
(rule (=> (and (inv2 i N len flag ret) (is_valid flag) (not (< i N)) (not (=> (= flag 1) (= ret (- N 2))))) fail))

(query fail :print-certificate true)
==============================================================
   -> Checking if specs have changed...
      -> CHC files are different. Continuing iteration.

==================== Iteration: 2 ====================
TIMEOUT : 40
   -> Parsing CHC file: /Dualis/scripts/../benchmarks/ContextualHornICE_working_temp/FlatHashMap3/FlatHashMap3.smt2
   -> Starting HornICE with a 1000-second timeout...
      -> Logging HornICE output to iter_2.log
   -> HornICE completed successfully.
   -> Analyzing HornICE log file: iter_2.log
      -> Found 15 internal iterations.
   -> Writing new specs to harness: FlatHashMap3_fuzz.cpp...
      -> Successfully created working copy '/Dualis/scripts/../benchmarks/ContextualHornICE_working_temp/FlatHashMap3/FlatHashMap3_fuzz.cpp'.
   -> Starting AFL++(FlatHashMap3_fuzz) with a 40-second timeout...
   -> Building AFL-instrumented binary: /Dualis/scripts/../benchmarks/ContextualHornICE_working_temp/FlatHashMap3/FlatHashMap3_fuzz
   -> AFL++(FlatHashMap3_fuzz) finished its fuzzing session.
   -> Checking fuzzing outputs for counterexamples...
Checking crashes
   -> Found 3 crash reports. Testing reproducibility...
   -> CRASH REPRODUCED with id:000000,sig:06,src:000000,time:215,execs:78,op:havoc,rep:15
   -> CRASH REPRODUCED with id:000002,sig:06,src:000000,time:638,execs:112,op:havoc,rep:14
   -> CRASH REPRODUCED with id:000001,sig:06,src:000000,time:442,execs:87,op:havoc,rep:14
Checking queue
   -> Found 2 crash reports. Testing reproducibility...
Checking hangs
   -> Converting counterexamples for 'FlatHashMap3'...
      -> Found and validated 3 new rules.
   -> Updating CHC file with new counterexamples...

=============== Artifacts This Iteration ===============

--- Generated Specs ---
  insert: (true)
  inv1: (N > 0)
  inv2: (((N - i) + flag) > 1)
  erase: (false)

--- New Test Cases Found ---
  (None)

--- Updated CHCs (for next iteration) ---
(declare-var N Int)
(declare-var i Int)
(declare-var i1 Int)
(declare-var containsk Int)
(declare-var containsk1 Int)
(declare-var len Int)
(declare-var len1 Int)
(declare-var flag Int)
(declare-var flag1 Int)
(declare-var ret Int)
(declare-var ret1 Int)
(declare-var k Int)
(declare-var v Int)
(declare-rel insert (Int Int Int Int Int Int))
(declare-rel erase (Int Int Int Int Int))
(declare-rel inv1 (Int Int Int))
(declare-rel inv2 (Int Int Int Int Int))
(declare-rel fail ())
(define-fun is_valid ((x Int)) Bool (or (= x 1) (= x 0)))
(define-fun MAX () Int 128)

(rule (=> (and (= k 0) (= len 1) (= flag 1) (= len1 0) (= ret1 0)) (erase k len flag len1 ret1)))
(rule (=> (and (= k 0) (= len 72) (= flag 1) (= len1 71) (= ret1 0)) (erase k len flag len1 ret1)))
(rule (=> (and (= k 0) (= len 28) (= flag 1) (= len1 27) (= ret1 0)) (erase k len flag len1 ret1)))

(rule (=> (and (= k 0) (= v 0) (= len 0) (= containsk 0) (= len1 1) (= containsk1 1)) (insert k v len containsk len1 containsk1)))
(rule (=> (and (> N 0) (= i 0)  (= len 0)) (inv1 i N len )))
(rule (=> (and (inv1 i N len ) (is_valid containsk1) (< i N) (= k i) (= v i) (insert k v len 0 len1 containsk1) (= i1 (+ i 1))) (inv1 i1 N len1 )))
(rule (=> (and (inv1 i N len ) (is_valid flag) (not (< i N)) (= i1 0) (= flag 1) (= ret1 MAX)) (inv2 i1 N len flag ret)))
(rule (=> (and (inv2 i N len flag ret)  (< i N) (is_valid flag) (= flag 1) (= k i) (erase k len flag len1 ret1) (= i1 (+ i 1)) (= flag1 (- 1 flag))) (inv2 i1 N len1 flag1 ret1)))
(rule (=> (and (inv2 i N len flag ret)  (is_valid flag) (< i N) (= flag 0) (= i1 (+ i 1)) (= flag1 (- 1 flag))) (inv2 i1 N len flag1 ret)))
(rule (=> (and (inv2 i N len flag ret) (is_valid flag) (not (< i N)) (not (=> (= flag 1) (= ret (- N 2))))) fail))

(query fail :print-certificate true)
==============================================================
   -> Checking if specs have changed...
      -> CHC files are different. Continuing iteration.

==================== Iteration: 3 ====================
TIMEOUT : 60
   -> Parsing CHC file: /Dualis/scripts/../benchmarks/ContextualHornICE_working_temp/FlatHashMap3/FlatHashMap3.smt2
   -> Starting HornICE with a 1000-second timeout...
      -> Logging HornICE output to iter_3.log
   -> ERROR: HornICE timed out. Terminating.

==================== Finalizing Pipeline ====================

====================== Pipeline Finished =====================
Total External Iterations: 3
Total Unique Test Cases Found: 4
Total Internal Iterations: 22
  - Min: 7
  - Max: 15
  - Avg: 11.00
pipeline.run() took 0.7778 seconds.
Running command: /usr/bin/python3 chcverifynfuzz.py ContextualHornICE FlatHashMap3
PID: 6003
========================================


Total Pipeline Duration: 1064.86s
