
========================================
         Starting Pipeline for: Min (Mode: ContextualHornICE)
========================================
Initializing pipeline for benchmark: 'Min'
   -> Loading and validating attributes from: /Dualis/scripts/../benchmarks/Classical/Min/Attributes.txt
      -> Validation successful. Attribute file is consistent.

==================== Iteration: 1 ====================
TIMEOUT : 20
   -> Parsing CHC file: /Dualis/scripts/../benchmarks/ContextualHornICE_working_temp/Min/Min.smt2
   -> Starting HornICE with a 1000-second timeout...
      -> Logging HornICE output to iter_1.log
   -> HornICE completed successfully.
   -> Analyzing HornICE log file: iter_1.log
      -> Found 10 internal iterations.
   -> Writing new specs to harness: Min_fuzz.cpp...
      -> Successfully created working copy '/Dualis/scripts/../benchmarks/ContextualHornICE_working_temp/Min/Min_fuzz.cpp'.
   -> Starting AFL++(Min_fuzz) with a 20-second timeout...
   -> Building AFL-instrumented binary: /Dualis/scripts/../benchmarks/ContextualHornICE_working_temp/Min/Min_fuzz
   -> ERROR: AFL++(Min_fuzz) failed with exit code 1.
      AFL++ Error Output:
[1;92m[+] [0mEnabled environment variable AFL_I_DONT_CARE_ABOUT_MISSING_CRASHES with value 1[0m
[1;92m[+] [0mEnabled environment variable AFL_NO_UI with value 1[0m
[1;92m[+] [0mEnabled environment variable AFL_CMPLOG_ONLY_NEW with value 1[0m
[1;92m[+] [0mEnabled environment variable AFL_DEBUG_CHILD with value 1[0m
[1;92m[+] [0mEnabled environment variable AFL_IGNORE_PROBLEMS with value 1[0m
[1;92m[+] [0mEnabled environment variable AFL_SKIP_CPUFREQ with value 1[0m
[1;94m[*] [0mSpinning up the fork server...[0m
[1;92m[+] [0mAll right - new fork server model v1 is up.[0m
[1;94m[*] [0mTarget map size: 291[0m
Min_fuzz: /Dualis/scripts/../benchmarks/ContextualHornICE_working_temp/Min/Min_fuzz.cpp:54: int main(int, char **): Assertion `expr_append' failed.

   -> Checking fuzzing outputs for counterexamples...
Checking crashes
Checking queue
   -> Found 1 crash reports. Testing reproducibility...
   -> CRASH REPRODUCED with id:000000,time:0,execs:0,orig:2push
Checking hangs
   -> Converting counterexamples for 'Min'...
      -> Found and validated 1 new rules.
   -> Updating CHC file with new counterexamples...

=============== Artifacts This Iteration ===============

--- Generated Specs ---
  inv: (((lmin - gmin) > (-1)) && ((lmin - gmin) <= 0))
  append: (false)

--- New Test Cases Found ---
  (None)

--- Updated CHCs (for next iteration) ---
(declare-var lmin Int)
(declare-var lmin1 Int)
(declare-var gmin Int)
(declare-var v Int)
(declare-rel append (Int Int Int))
(declare-rel inv (Int Int))
(declare-rel fail ())
(define-fun MAX () Int 128)

(rule (=> (and (= v 1) (= lmin 128) (= lmin1 1)) (append v lmin lmin1)))

(rule (=> (and (= lmin MAX) (= gmin MAX)) (inv lmin gmin)))
(rule (=> (and (inv lmin gmin) (append v lmin lmin1) (> gmin v)) (inv lmin1 v)))
(rule (=> (and (inv lmin gmin) (append v lmin lmin1) (not (> gmin v))) (inv lmin1 gmin)))
(rule (=> (and (inv lmin gmin) (not (= gmin lmin))) fail))

(query fail :print-certificate true)
==============================================================
   -> Checking if specs have changed...
      -> CHC files are different. Continuing iteration.

==================== Iteration: 2 ====================
TIMEOUT : 40
   -> Parsing CHC file: /Dualis/scripts/../benchmarks/ContextualHornICE_working_temp/Min/Min.smt2
   -> Starting HornICE with a 1000-second timeout...
      -> Logging HornICE output to iter_2.log
   -> HornICE completed successfully.
   -> Analyzing HornICE log file: iter_2.log
      -> Found 22 internal iterations.
   -> Writing new specs to harness: Min_fuzz.cpp...
      -> Successfully created working copy '/Dualis/scripts/../benchmarks/ContextualHornICE_working_temp/Min/Min_fuzz.cpp'.
   -> Starting AFL++(Min_fuzz) with a 40-second timeout...
   -> Building AFL-instrumented binary: /Dualis/scripts/../benchmarks/ContextualHornICE_working_temp/Min/Min_fuzz
   -> ERROR: AFL++(Min_fuzz) failed with exit code 1.
      AFL++ Error Output:
[1;92m[+] [0mEnabled environment variable AFL_I_DONT_CARE_ABOUT_MISSING_CRASHES with value 1[0m
[1;92m[+] [0mEnabled environment variable AFL_NO_UI with value 1[0m
[1;92m[+] [0mEnabled environment variable AFL_CMPLOG_ONLY_NEW with value 1[0m
[1;92m[+] [0mEnabled environment variable AFL_DEBUG_CHILD with value 1[0m
[1;92m[+] [0mEnabled environment variable AFL_IGNORE_PROBLEMS with value 1[0m
[1;92m[+] [0mEnabled environment variable AFL_SKIP_CPUFREQ with value 1[0m
[1;94m[*] [0mSpinning up the fork server...[0m
[1;92m[+] [0mAll right - new fork server model v1 is up.[0m
[1;94m[*] [0mTarget map size: 295[0m
Min_fuzz: /Dualis/scripts/../benchmarks/ContextualHornICE_working_temp/Min/Min_fuzz.cpp:54: int main(int, char **): Assertion `expr_append' failed.

   -> Checking fuzzing outputs for counterexamples...
Checking crashes
Checking queue
   -> Found 1 crash reports. Testing reproducibility...
   -> CRASH REPRODUCED with id:000000,time:0,execs:0,orig:2push
Checking hangs
   -> Converting counterexamples for 'Min'...
      -> Found and validated 1 new rules.
   -> Updating CHC file with new counterexamples...

=============== Artifacts This Iteration ===============

--- Generated Specs ---
  append: ((lmin > 0) && ((v - lmin1) > (-1)) && (lmin1 > 0) && (v <= 1))
  inv: (((lmin - gmin) <= 0) && ((lmin - gmin) > (-1)))

--- New Test Cases Found ---
  (None)

--- Updated CHCs (for next iteration) ---
(declare-var lmin Int)
(declare-var lmin1 Int)
(declare-var gmin Int)
(declare-var v Int)
(declare-rel append (Int Int Int))
(declare-rel inv (Int Int))
(declare-rel fail ())
(define-fun MAX () Int 128)

(rule (=> (and (= v -1) (= lmin 1) (= lmin1 -1)) (append v lmin lmin1)))

(rule (=> (and (= v 1) (= lmin 128) (= lmin1 1)) (append v lmin lmin1)))
(rule (=> (and (= lmin MAX) (= gmin MAX)) (inv lmin gmin)))
(rule (=> (and (inv lmin gmin) (append v lmin lmin1) (> gmin v)) (inv lmin1 v)))
(rule (=> (and (inv lmin gmin) (append v lmin lmin1) (not (> gmin v))) (inv lmin1 gmin)))
(rule (=> (and (inv lmin gmin) (not (= gmin lmin))) fail))

(query fail :print-certificate true)
==============================================================
   -> Checking if specs have changed...
      -> CHC files are different. Continuing iteration.

==================== Iteration: 3 ====================
TIMEOUT : 60
   -> Parsing CHC file: /Dualis/scripts/../benchmarks/ContextualHornICE_working_temp/Min/Min.smt2
   -> Starting HornICE with a 1000-second timeout...
      -> Logging HornICE output to iter_3.log
   -> HornICE completed successfully.
   -> Analyzing HornICE log file: iter_3.log
      -> Found 22 internal iterations.
   -> Writing new specs to harness: Min_fuzz.cpp...
      -> Successfully created working copy '/Dualis/scripts/../benchmarks/ContextualHornICE_working_temp/Min/Min_fuzz.cpp'.
   -> Starting AFL++(Min_fuzz) with a 60-second timeout...
   -> Building AFL-instrumented binary: /Dualis/scripts/../benchmarks/ContextualHornICE_working_temp/Min/Min_fuzz
   -> ERROR: AFL++(Min_fuzz) failed with exit code 1.
      AFL++ Error Output:
[1;92m[+] [0mEnabled environment variable AFL_I_DONT_CARE_ABOUT_MISSING_CRASHES with value 1[0m
[1;92m[+] [0mEnabled environment variable AFL_NO_UI with value 1[0m
[1;92m[+] [0mEnabled environment variable AFL_CMPLOG_ONLY_NEW with value 1[0m
[1;92m[+] [0mEnabled environment variable AFL_DEBUG_CHILD with value 1[0m
[1;92m[+] [0mEnabled environment variable AFL_IGNORE_PROBLEMS with value 1[0m
[1;92m[+] [0mEnabled environment variable AFL_SKIP_CPUFREQ with value 1[0m
[1;94m[*] [0mSpinning up the fork server...[0m
[1;92m[+] [0mAll right - new fork server model v1 is up.[0m
[1;94m[*] [0mTarget map size: 299[0m
Min_fuzz: /Dualis/scripts/../benchmarks/ContextualHornICE_working_temp/Min/Min_fuzz.cpp:54: int main(int, char **): Assertion `expr_append' failed.

   -> Checking fuzzing outputs for counterexamples...
Checking crashes
Checking queue
   -> Found 1 crash reports. Testing reproducibility...
   -> CRASH REPRODUCED with id:000000,time:0,execs:0,orig:2push
Checking hangs
   -> Converting counterexamples for 'Min'...
      -> Found and validated 1 new rules.
   -> Updating CHC file with new counterexamples...

=============== Artifacts This Iteration ===============

--- Generated Specs ---
  append: (((((lmin - v) + lmin1) > 0) && (((v + lmin) - lmin1) > 0) && (lmin > 0) && (lmin <= 1) && (lmin1 <= (-1))) || ((((lmin1 - v) + lmin1) > 0) && (v > 0) && (((lmin - v) - lmin1) > 1) && (lmin1 > 0) && (lmin1 <= 1) && (lmin1 > (-1))))
  inv: (((lmin - gmin) <= 0) && ((lmin - gmin) > (-1)))

--- New Test Cases Found ---
  (None)

--- Updated CHCs (for next iteration) ---
(declare-var lmin Int)
(declare-var lmin1 Int)
(declare-var gmin Int)
(declare-var v Int)
(declare-rel append (Int Int Int))
(declare-rel inv (Int Int))
(declare-rel fail ())
(define-fun MAX () Int 128)

(rule (=> (and (= v 0) (= lmin -1) (= lmin1 -1)) (append v lmin lmin1)))

(rule (=> (and (= v -1) (= lmin 1) (= lmin1 -1)) (append v lmin lmin1)))
(rule (=> (and (= v 1) (= lmin 128) (= lmin1 1)) (append v lmin lmin1)))
(rule (=> (and (= lmin MAX) (= gmin MAX)) (inv lmin gmin)))
(rule (=> (and (inv lmin gmin) (append v lmin lmin1) (> gmin v)) (inv lmin1 v)))
(rule (=> (and (inv lmin gmin) (append v lmin lmin1) (not (> gmin v))) (inv lmin1 gmin)))
(rule (=> (and (inv lmin gmin) (not (= gmin lmin))) fail))

(query fail :print-certificate true)
==============================================================
   -> Checking if specs have changed...
      -> CHC files are different. Continuing iteration.

==================== Iteration: 4 ====================
TIMEOUT : 80
   -> Parsing CHC file: /Dualis/scripts/../benchmarks/ContextualHornICE_working_temp/Min/Min.smt2
   -> Starting HornICE with a 1000-second timeout...
      -> Logging HornICE output to iter_4.log
   -> HornICE completed successfully.
   -> Analyzing HornICE log file: iter_4.log
      -> Found 23 internal iterations.
   -> Writing new specs to harness: Min_fuzz.cpp...
      -> Successfully created working copy '/Dualis/scripts/../benchmarks/ContextualHornICE_working_temp/Min/Min_fuzz.cpp'.
   -> Starting AFL++(Min_fuzz) with a 80-second timeout...
   -> Building AFL-instrumented binary: /Dualis/scripts/../benchmarks/ContextualHornICE_working_temp/Min/Min_fuzz
   -> AFL++(Min_fuzz) finished its fuzzing session.
   -> Checking fuzzing outputs for counterexamples...
Checking crashes
   -> Found 6 crash reports. Testing reproducibility...
   -> CRASH REPRODUCED with id:000001,sig:06,src:000000,time:6,execs:22,op:quick,pos:2
   -> CRASH REPRODUCED with id:000003,sig:06,src:000000,time:91,execs:193,op:havoc,rep:2
   -> CRASH REPRODUCED with id:000002,sig:06,src:000000,time:15,execs:46,op:havoc,rep:2
   -> CRASH REPRODUCED with id:000000,sig:06,src:000000,time:3,execs:18,op:(null),pos:0
   -> CRASH REPRODUCED with id:000004,sig:06,src:000000,time:92,execs:196,op:havoc,rep:2
   -> CRASH REPRODUCED with id:000005,sig:06,src:000003,time:2563,execs:5707,op:havoc,rep:4
Checking queue
   -> Found 18 crash reports. Testing reproducibility...
   -> CRASH REPRODUCED with id:000001,src:000000,time:1,execs:9,op:(null),pos:0,+cov
Checking hangs
   -> Converting counterexamples for 'Min'...
      -> Found and validated 5 new rules.
   -> Updating CHC file with new counterexamples...

=============== Artifacts This Iteration ===============

--- Generated Specs ---
  append: (((((v - lmin) <= (-1)) && ((v - lmin1) > (-1)) && ((v - lmin1) <= 0)) || (((v - lmin) <= 1) && ((v - lmin) > 0) && ((v - lmin1) <= 1) && ((v - lmin1) > 0))) && (v <= 1))
  inv: (((lmin - gmin) <= 0) && ((lmin - gmin) > (-1)))

--- New Test Cases Found ---
  (None)

--- Updated CHCs (for next iteration) ---
(declare-var lmin Int)
(declare-var lmin1 Int)
(declare-var gmin Int)
(declare-var v Int)
(declare-rel append (Int Int Int))
(declare-rel inv (Int Int))
(declare-rel fail ())
(define-fun MAX () Int 128)

(rule (=> (and (= v -1) (= lmin -36) (= lmin1 -36)) (append v lmin lmin1)))
(rule (=> (and (= v -18) (= lmin -18) (= lmin1 -18)) (append v lmin lmin1)))
(rule (=> (and (= v 0) (= lmin -16) (= lmin1 -16)) (append v lmin lmin1)))
(rule (=> (and (= v 0) (= lmin -2) (= lmin1 -2)) (append v lmin lmin1)))
(rule (=> (and (= v 2) (= lmin 1) (= lmin1 1)) (append v lmin lmin1)))

(rule (=> (and (= v 0) (= lmin -1) (= lmin1 -1)) (append v lmin lmin1)))
(rule (=> (and (= v -1) (= lmin 1) (= lmin1 -1)) (append v lmin lmin1)))
(rule (=> (and (= v 1) (= lmin 128) (= lmin1 1)) (append v lmin lmin1)))
(rule (=> (and (= lmin MAX) (= gmin MAX)) (inv lmin gmin)))
(rule (=> (and (inv lmin gmin) (append v lmin lmin1) (> gmin v)) (inv lmin1 v)))
(rule (=> (and (inv lmin gmin) (append v lmin lmin1) (not (> gmin v))) (inv lmin1 gmin)))
(rule (=> (and (inv lmin gmin) (not (= gmin lmin))) fail))

(query fail :print-certificate true)
==============================================================
   -> Checking if specs have changed...
      -> CHC files are different. Continuing iteration.

==================== Iteration: 5 ====================
TIMEOUT : 100
   -> Parsing CHC file: /Dualis/scripts/../benchmarks/ContextualHornICE_working_temp/Min/Min.smt2
   -> Starting HornICE with a 1000-second timeout...
      -> Logging HornICE output to iter_5.log
   -> HornICE completed successfully.
   -> Analyzing HornICE log file: iter_5.log
      -> Found 29 internal iterations.
   -> Writing new specs to harness: Min_fuzz.cpp...
      -> Successfully created working copy '/Dualis/scripts/../benchmarks/ContextualHornICE_working_temp/Min/Min_fuzz.cpp'.
   -> Starting AFL++(Min_fuzz) with a 100-second timeout...
   -> Building AFL-instrumented binary: /Dualis/scripts/../benchmarks/ContextualHornICE_working_temp/Min/Min_fuzz
   -> AFL++(Min_fuzz) finished its fuzzing session.
   -> Checking fuzzing outputs for counterexamples...
Checking crashes
   -> Found 8 crash reports. Testing reproducibility...
   -> CRASH REPRODUCED with id:000002,sig:06,src:000000,time:705,execs:23,op:quick,pos:3
   -> CRASH REPRODUCED with id:000000,sig:06,src:000000,time:214,execs:18,op:(null),pos:0
   -> CRASH REPRODUCED with id:000003,sig:06,src:000000,time:1126,execs:25,op:havoc,rep:13
   -> CRASH REPRODUCED with id:000005,sig:06,src:000000,time:4181,execs:61,op:havoc,rep:3
   -> CRASH REPRODUCED with id:000001,sig:06,src:000000,time:451,execs:22,op:quick,pos:2
   -> CRASH REPRODUCED with id:000004,sig:06,src:000000,time:1933,execs:29,op:havoc,rep:11
   -> CRASH REPRODUCED with id:000007,sig:06,src:000000,time:10021,execs:106,op:havoc,rep:13
   -> CRASH REPRODUCED with id:000006,sig:06,src:000000,time:8153,execs:90,op:havoc,rep:3
Checking queue
   -> Found 19 crash reports. Testing reproducibility...
   -> CRASH REPRODUCED with id:000001,src:000000,time:1,execs:9,op:(null),pos:0,+cov
Checking hangs
   -> Converting counterexamples for 'Min'...
      -> Found and validated 7 new rules.
   -> Updating CHC file with new counterexamples...

=============== Artifacts This Iteration ===============

--- Generated Specs ---
  append: (((((lmin - lmin1) <= 0) || ((lmin > 0) && ((lmin - lmin1) > 0))) && ((lmin - lmin1) > (-1)) && ((v - lmin1) > (-1)) && (((v + lmin) - lmin1) <= 1) && (lmin1 <= (-1))) || (((((v - lmin) <= (-1)) && ((v - lmin1) > (-1)) && ((v - lmin1) <= 0)) || (((v - lmin) <= 1) && ((v - lmin) > 0) && ((v - lmin1) <= 1) && ((v - lmin1) > 0))) && (lmin1 > (-1))))
  inv: (((lmin - gmin) <= 0) && ((lmin - gmin) > (-1)))

--- New Test Cases Found ---
  (None)

--- Updated CHCs (for next iteration) ---
(declare-var lmin Int)
(declare-var lmin1 Int)
(declare-var gmin Int)
(declare-var v Int)
(declare-rel append (Int Int Int))
(declare-rel inv (Int Int))
(declare-rel fail ())
(define-fun MAX () Int 128)

(rule (=> (and (= v 44) (= lmin 1) (= lmin1 1)) (append v lmin lmin1)))
(rule (=> (and (= v 93) (= lmin 0) (= lmin1 0)) (append v lmin lmin1)))
(rule (=> (and (= v -1) (= lmin 0) (= lmin1 -1)) (append v lmin lmin1)))
(rule (=> (and (= v -17) (= lmin 128) (= lmin1 -17)) (append v lmin lmin1)))
(rule (=> (and (= v 0) (= lmin 0) (= lmin1 0)) (append v lmin lmin1)))
(rule (=> (and (= v -99) (= lmin 126) (= lmin1 -99)) (append v lmin lmin1)))
(rule (=> (and (= v -128) (= lmin -1) (= lmin1 -128)) (append v lmin lmin1)))

(rule (=> (and (= v -1) (= lmin -36) (= lmin1 -36)) (append v lmin lmin1)))
(rule (=> (and (= v -18) (= lmin -18) (= lmin1 -18)) (append v lmin lmin1)))
(rule (=> (and (= v 0) (= lmin -16) (= lmin1 -16)) (append v lmin lmin1)))
(rule (=> (and (= v 0) (= lmin -2) (= lmin1 -2)) (append v lmin lmin1)))
(rule (=> (and (= v 2) (= lmin 1) (= lmin1 1)) (append v lmin lmin1)))
(rule (=> (and (= v 0) (= lmin -1) (= lmin1 -1)) (append v lmin lmin1)))
(rule (=> (and (= v -1) (= lmin 1) (= lmin1 -1)) (append v lmin lmin1)))
(rule (=> (and (= v 1) (= lmin 128) (= lmin1 1)) (append v lmin lmin1)))
(rule (=> (and (= lmin MAX) (= gmin MAX)) (inv lmin gmin)))
(rule (=> (and (inv lmin gmin) (append v lmin lmin1) (> gmin v)) (inv lmin1 v)))
(rule (=> (and (inv lmin gmin) (append v lmin lmin1) (not (> gmin v))) (inv lmin1 gmin)))
(rule (=> (and (inv lmin gmin) (not (= gmin lmin))) fail))

(query fail :print-certificate true)
==============================================================
   -> Checking if specs have changed...
      -> CHC files are different. Continuing iteration.

==================== Iteration: 6 ====================
TIMEOUT : 120
   -> Parsing CHC file: /Dualis/scripts/../benchmarks/ContextualHornICE_working_temp/Min/Min.smt2
   -> Starting HornICE with a 1000-second timeout...
      -> Logging HornICE output to iter_6.log
   -> HornICE completed successfully.
   -> Analyzing HornICE log file: iter_6.log
      -> Found 18 internal iterations.
   -> Writing new specs to harness: Min_fuzz.cpp...
      -> Successfully created working copy '/Dualis/scripts/../benchmarks/ContextualHornICE_working_temp/Min/Min_fuzz.cpp'.
   -> Starting AFL++(Min_fuzz) with a 120-second timeout...
   -> Building AFL-instrumented binary: /Dualis/scripts/../benchmarks/ContextualHornICE_working_temp/Min/Min_fuzz
   -> AFL++(Min_fuzz) finished its fuzzing session.
   -> Checking fuzzing outputs for counterexamples...
Checking crashes
Checking queue
   -> Found 39 crash reports. Testing reproducibility...
   -> CRASH REPRODUCED with id:000001,src:000000,time:1,execs:9,op:(null),pos:0,+cov
Checking hangs
   -> Converting counterexamples for 'Min'...
   -> Updating CHC file with new counterexamples...

=============== Artifacts This Iteration ===============

--- Generated Specs ---
  append: ((((lmin - lmin1) <= 0) || (((v - lmin1) <= 0) && ((lmin - lmin1) > 0))) && ((v - lmin1) > (-1)) && ((lmin - lmin1) > (-1)))
  inv: (((lmin - gmin) > (-1)) && ((lmin - gmin) <= 0))

--- New Test Cases Found ---
  (None)

--- Updated CHCs (for next iteration) ---
(declare-var lmin Int)
(declare-var lmin1 Int)
(declare-var gmin Int)
(declare-var v Int)
(declare-rel append (Int Int Int))
(declare-rel inv (Int Int))
(declare-rel fail ())
(define-fun MAX () Int 128)


(rule (=> (and (= v 44) (= lmin 1) (= lmin1 1)) (append v lmin lmin1)))
(rule (=> (and (= v 93) (= lmin 0) (= lmin1 0)) (append v lmin lmin1)))
(rule (=> (and (= v -1) (= lmin 0) (= lmin1 -1)) (append v lmin lmin1)))
(rule (=> (and (= v -17) (= lmin 128) (= lmin1 -17)) (append v lmin lmin1)))
(rule (=> (and (= v 0) (= lmin 0) (= lmin1 0)) (append v lmin lmin1)))
(rule (=> (and (= v -99) (= lmin 126) (= lmin1 -99)) (append v lmin lmin1)))
(rule (=> (and (= v -128) (= lmin -1) (= lmin1 -128)) (append v lmin lmin1)))
(rule (=> (and (= v -1) (= lmin -36) (= lmin1 -36)) (append v lmin lmin1)))
(rule (=> (and (= v -18) (= lmin -18) (= lmin1 -18)) (append v lmin lmin1)))
(rule (=> (and (= v 0) (= lmin -16) (= lmin1 -16)) (append v lmin lmin1)))
(rule (=> (and (= v 0) (= lmin -2) (= lmin1 -2)) (append v lmin lmin1)))
(rule (=> (and (= v 2) (= lmin 1) (= lmin1 1)) (append v lmin lmin1)))
(rule (=> (and (= v 0) (= lmin -1) (= lmin1 -1)) (append v lmin lmin1)))
(rule (=> (and (= v -1) (= lmin 1) (= lmin1 -1)) (append v lmin lmin1)))
(rule (=> (and (= v 1) (= lmin 128) (= lmin1 1)) (append v lmin lmin1)))
(rule (=> (and (= lmin MAX) (= gmin MAX)) (inv lmin gmin)))
(rule (=> (and (inv lmin gmin) (append v lmin lmin1) (> gmin v)) (inv lmin1 v)))
(rule (=> (and (inv lmin gmin) (append v lmin lmin1) (not (> gmin v))) (inv lmin1 gmin)))
(rule (=> (and (inv lmin gmin) (not (= gmin lmin))) fail))

(query fail :print-certificate true)
==============================================================
   -> Checking if specs have changed...
      -> CHC files are different. Continuing iteration.

==================== Iteration: 7 ====================
TIMEOUT : 140
   -> Parsing CHC file: /Dualis/scripts/../benchmarks/ContextualHornICE_working_temp/Min/Min.smt2
   -> Starting HornICE with a 1000-second timeout...
      -> Logging HornICE output to iter_7.log
   -> HornICE completed successfully.
   -> Analyzing HornICE log file: iter_7.log
      -> Found 18 internal iterations.
   -> Writing new specs to harness: Min_fuzz.cpp...
      -> Successfully created working copy '/Dualis/scripts/../benchmarks/ContextualHornICE_working_temp/Min/Min_fuzz.cpp'.
   -> Starting AFL++(Min_fuzz) with a 140-second timeout...
   -> Building AFL-instrumented binary: /Dualis/scripts/../benchmarks/ContextualHornICE_working_temp/Min/Min_fuzz
   -> AFL++(Min_fuzz) finished its fuzzing session.
   -> Checking fuzzing outputs for counterexamples...
Checking crashes
Checking queue
   -> Found 39 crash reports. Testing reproducibility...
   -> CRASH REPRODUCED with id:000001,src:000000,time:6,execs:9,op:(null),pos:0,+cov
Checking hangs
   -> Converting counterexamples for 'Min'...
   -> Updating CHC file with new counterexamples...

=============== Artifacts This Iteration ===============

--- Generated Specs ---
  append: ((((lmin - lmin1) <= 0) || (((v - lmin1) <= 0) && ((lmin - lmin1) > 0))) && ((v - lmin1) > (-1)) && ((lmin - lmin1) > (-1)))
  inv: (((lmin - gmin) > (-1)) && ((lmin - gmin) <= 0))

--- New Test Cases Found ---
  (None)

--- Updated CHCs (for next iteration) ---
(declare-var lmin Int)
(declare-var lmin1 Int)
(declare-var gmin Int)
(declare-var v Int)
(declare-rel append (Int Int Int))
(declare-rel inv (Int Int))
(declare-rel fail ())
(define-fun MAX () Int 128)


(rule (=> (and (= v 44) (= lmin 1) (= lmin1 1)) (append v lmin lmin1)))
(rule (=> (and (= v 93) (= lmin 0) (= lmin1 0)) (append v lmin lmin1)))
(rule (=> (and (= v -1) (= lmin 0) (= lmin1 -1)) (append v lmin lmin1)))
(rule (=> (and (= v -17) (= lmin 128) (= lmin1 -17)) (append v lmin lmin1)))
(rule (=> (and (= v 0) (= lmin 0) (= lmin1 0)) (append v lmin lmin1)))
(rule (=> (and (= v -99) (= lmin 126) (= lmin1 -99)) (append v lmin lmin1)))
(rule (=> (and (= v -128) (= lmin -1) (= lmin1 -128)) (append v lmin lmin1)))
(rule (=> (and (= v -1) (= lmin -36) (= lmin1 -36)) (append v lmin lmin1)))
(rule (=> (and (= v -18) (= lmin -18) (= lmin1 -18)) (append v lmin lmin1)))
(rule (=> (and (= v 0) (= lmin -16) (= lmin1 -16)) (append v lmin lmin1)))
(rule (=> (and (= v 0) (= lmin -2) (= lmin1 -2)) (append v lmin lmin1)))
(rule (=> (and (= v 2) (= lmin 1) (= lmin1 1)) (append v lmin lmin1)))
(rule (=> (and (= v 0) (= lmin -1) (= lmin1 -1)) (append v lmin lmin1)))
(rule (=> (and (= v -1) (= lmin 1) (= lmin1 -1)) (append v lmin lmin1)))
(rule (=> (and (= v 1) (= lmin 128) (= lmin1 1)) (append v lmin lmin1)))
(rule (=> (and (= lmin MAX) (= gmin MAX)) (inv lmin gmin)))
(rule (=> (and (inv lmin gmin) (append v lmin lmin1) (> gmin v)) (inv lmin1 v)))
(rule (=> (and (inv lmin gmin) (append v lmin lmin1) (not (> gmin v))) (inv lmin1 gmin)))
(rule (=> (and (inv lmin gmin) (not (= gmin lmin))) fail))

(query fail :print-certificate true)
==============================================================
   -> Checking if specs have changed...
      -> CHC files are identical. Pipeline has converged.
   -> 15-minute deep fuzzing converged. Pipeline complete.

==================== Finalizing Pipeline ====================

====================== Pipeline Finished =====================
Total External Iterations: 7
Total Unique Test Cases Found: 15
Total Internal Iterations: 142
  - Min: 10
  - Max: 29
  - Avg: 20.29
pipeline.run() took 0.5093 seconds.
Running command: /usr/bin/python3 chcverifynfuzz.py ContextualHornICE Min
PID: 6007
========================================


Total Pipeline Duration: 467.41s
