
========================================
         Starting Pipeline for: NormalFilterQueue (Mode: ContextualHornICE)
========================================
Initializing pipeline for benchmark: 'NormalFilterQueue'
   -> Loading and validating attributes from: /Dualis/scripts/../benchmarks/Classical/NormalFilterQueue/Attributes.txt
      -> Validation successful. Attribute file is consistent.

==================== Iteration: 1 ====================
TIMEOUT : 20
   -> Parsing CHC file: /Dualis/scripts/../benchmarks/ContextualHornICE_working_temp/NormalFilterQueue/NormalFilterQueue.smt2
   -> Starting HornICE with a 1000-second timeout...
      -> Logging HornICE output to iter_1.log
   -> HornICE completed successfully.
   -> Analyzing HornICE log file: iter_1.log
      -> Found 3 internal iterations.
   -> Writing new specs to harness: NormalFilterQueue_fuzz.cpp...
      -> Successfully created working copy '/Dualis/scripts/../benchmarks/ContextualHornICE_working_temp/NormalFilterQueue/NormalFilterQueue_fuzz.cpp'.
   -> Starting AFL++(NormalFilterQueue_fuzz) with a 20-second timeout...
   -> Building AFL-instrumented binary: /Dualis/scripts/../benchmarks/ContextualHornICE_working_temp/NormalFilterQueue/NormalFilterQueue_fuzz
   -> AFL++(NormalFilterQueue_fuzz) finished its fuzzing session.
   -> Checking fuzzing outputs for counterexamples...
Checking crashes
   -> Found 3 crash reports. Testing reproducibility...
   -> CRASH REPRODUCED with id:000000,sig:06,src:000000,time:276,execs:43,op:havoc,rep:5
   -> CRASH REPRODUCED with id:000001,sig:06,src:000000,time:278,execs:64,op:havoc,rep:10
   -> CRASH REPRODUCED with id:000002,sig:06,src:000000,time:278,execs:68,op:havoc,rep:10
Checking queue
   -> Found 5 crash reports. Testing reproducibility...
   -> CRASH REPRODUCED with id:000003,src:000000,time:1,execs:26,op:(null),pos:0,+cov
Checking hangs
   -> Converting counterexamples for 'NormalFilterQueue'...
      -> Found and validated 2 new rules.
   -> Updating CHC file with new counterexamples...

=============== Artifacts This Iteration ===============

--- Generated Specs ---
  inv: (true)
  processQueue: (false)
  append: (false)

--- New Test Cases Found ---
  (None)

--- Updated CHCs (for next iteration) ---
(declare-var len Int)
(declare-var len1 Int)
(declare-var maxPrio Int)
(declare-var maxPrio1 Int)
(declare-var minPacketSize Int)
(declare-var minPacketSize1 Int)
(declare-var packetSize Int)
(declare-var prio Int)
(declare-rel append (Int Int Int Int Int Int Int Int))
(declare-rel processQueue (Int Int Int Int Int Int))
(declare-rel inv (Int Int Int))
(declare-rel fail ())

(rule (=> (and (= len 0) (= maxPrio -1) (= minPacketSize -1) (= len1 0) (= maxPrio1 -1) (= minPacketSize1 -1)) (processQueue len maxPrio minPacketSize len1 maxPrio1 minPacketSize1)))
(rule (=> (and (= prio 0) (= packetSize 54) (= len 0) (= maxPrio -1) (= minPacketSize -1) (= len1 1) (= maxPrio1 0) (= minPacketSize1 54)) (append prio packetSize len maxPrio minPacketSize len1 maxPrio1 minPacketSize1)))

(rule (=> (and (= len 0) (= maxPrio -1) (= minPacketSize -1)) (inv len maxPrio minPacketSize)))
(rule (=> (and (inv len maxPrio minPacketSize) (and (= prio 0) (>= packetSize 500)) (append prio packetSize len maxPrio minPacketSize len1 maxPrio1 minPacketSize1)) (inv len1 maxPrio1 minPacketSize1)))
(rule (=> (and (inv len maxPrio minPacketSize) (not (and (= prio 0) (>= packetSize 500)))) (inv len maxPrio minPacketSize)))
(rule (=> (and (inv len maxPrio minPacketSize) (processQueue len maxPrio minPacketSize len1 maxPrio1 minPacketSize1) (not (=> (= len1 0) (and (= maxPrio1 -1) (= minPacketSize1 -1))))) fail))

(query fail :print-certificate true)
==============================================================
   -> Checking if specs have changed...
      -> CHC files are different. Continuing iteration.

==================== Iteration: 2 ====================
TIMEOUT : 40
   -> Parsing CHC file: /Dualis/scripts/../benchmarks/ContextualHornICE_working_temp/NormalFilterQueue/NormalFilterQueue.smt2
   -> Starting HornICE with a 1000-second timeout...
      -> Logging HornICE output to iter_2.log
   -> HornICE completed successfully.
   -> Analyzing HornICE log file: iter_2.log
      -> Found 46 internal iterations.
   -> Writing new specs to harness: NormalFilterQueue_fuzz.cpp...
      -> Successfully created working copy '/Dualis/scripts/../benchmarks/ContextualHornICE_working_temp/NormalFilterQueue/NormalFilterQueue_fuzz.cpp'.
   -> Starting AFL++(NormalFilterQueue_fuzz) with a 40-second timeout...
   -> Building AFL-instrumented binary: /Dualis/scripts/../benchmarks/ContextualHornICE_working_temp/NormalFilterQueue/NormalFilterQueue_fuzz
   -> AFL++(NormalFilterQueue_fuzz) finished its fuzzing session.
   -> Checking fuzzing outputs for counterexamples...
Checking crashes
   -> Found 3 crash reports. Testing reproducibility...
   -> CRASH REPRODUCED with id:000000,sig:06,src:000000,time:2,execs:70,op:havoc,rep:7
   -> CRASH REPRODUCED with id:000002,sig:06,src:000000,time:4,execs:98,op:havoc,rep:6
   -> CRASH REPRODUCED with id:000001,sig:06,src:000000,time:3,execs:93,op:havoc,rep:5
Checking queue
   -> Found 22 crash reports. Testing reproducibility...
   -> CRASH REPRODUCED with id:000003,src:000000,time:0,execs:26,op:(null),pos:0,+cov
Checking hangs
   -> Converting counterexamples for 'NormalFilterQueue'...
      -> Found and validated 3 new rules.
   -> Updating CHC file with new counterexamples...

=============== Artifacts This Iteration ===============

--- Generated Specs ---
  processQueue: (((len1 - minPacketSize1) <= 1) && (((len1 - maxPrio1) - minPacketSize1) > 1) && ((len1 - maxPrio1) <= 1))
  inv: (true)
  append: (true)

--- New Test Cases Found ---
  (None)

--- Updated CHCs (for next iteration) ---
(declare-var len Int)
(declare-var len1 Int)
(declare-var maxPrio Int)
(declare-var maxPrio1 Int)
(declare-var minPacketSize Int)
(declare-var minPacketSize1 Int)
(declare-var packetSize Int)
(declare-var prio Int)
(declare-rel append (Int Int Int Int Int Int Int Int))
(declare-rel processQueue (Int Int Int Int Int Int))
(declare-rel inv (Int Int Int))
(declare-rel fail ())

(rule (=> (and (= len 1) (= maxPrio 0) (= minPacketSize 110) (= len1 1) (= maxPrio1 0) (= minPacketSize1 110)) (processQueue len maxPrio minPacketSize len1 maxPrio1 minPacketSize1)))
(rule (=> (and (= len 1) (= maxPrio 0) (= minPacketSize 120) (= len1 1) (= maxPrio1 0) (= minPacketSize1 120)) (processQueue len maxPrio minPacketSize len1 maxPrio1 minPacketSize1)))
(rule (=> (and (= len 1) (= maxPrio 0) (= minPacketSize 92) (= len1 1) (= maxPrio1 0) (= minPacketSize1 92)) (processQueue len maxPrio minPacketSize len1 maxPrio1 minPacketSize1)))

(rule (=> (and (= len 0) (= maxPrio -1) (= minPacketSize -1) (= len1 0) (= maxPrio1 -1) (= minPacketSize1 -1)) (processQueue len maxPrio minPacketSize len1 maxPrio1 minPacketSize1)))
(rule (=> (and (= prio 0) (= packetSize 54) (= len 0) (= maxPrio -1) (= minPacketSize -1) (= len1 1) (= maxPrio1 0) (= minPacketSize1 54)) (append prio packetSize len maxPrio minPacketSize len1 maxPrio1 minPacketSize1)))
(rule (=> (and (= len 0) (= maxPrio -1) (= minPacketSize -1)) (inv len maxPrio minPacketSize)))
(rule (=> (and (inv len maxPrio minPacketSize) (and (= prio 0) (>= packetSize 500)) (append prio packetSize len maxPrio minPacketSize len1 maxPrio1 minPacketSize1)) (inv len1 maxPrio1 minPacketSize1)))
(rule (=> (and (inv len maxPrio minPacketSize) (not (and (= prio 0) (>= packetSize 500)))) (inv len maxPrio minPacketSize)))
(rule (=> (and (inv len maxPrio minPacketSize) (processQueue len maxPrio minPacketSize len1 maxPrio1 minPacketSize1) (not (=> (= len1 0) (and (= maxPrio1 -1) (= minPacketSize1 -1))))) fail))

(query fail :print-certificate true)
==============================================================
   -> Checking if specs have changed...
      -> CHC files are different. Continuing iteration.

==================== Iteration: 3 ====================
TIMEOUT : 60
   -> Parsing CHC file: /Dualis/scripts/../benchmarks/ContextualHornICE_working_temp/NormalFilterQueue/NormalFilterQueue.smt2
   -> Starting HornICE with a 1000-second timeout...
      -> Logging HornICE output to iter_3.log
   -> HornICE completed successfully.
   -> Analyzing HornICE log file: iter_3.log
      -> Found 41 internal iterations.
   -> Writing new specs to harness: NormalFilterQueue_fuzz.cpp...
      -> Successfully created working copy '/Dualis/scripts/../benchmarks/ContextualHornICE_working_temp/NormalFilterQueue/NormalFilterQueue_fuzz.cpp'.
   -> Starting AFL++(NormalFilterQueue_fuzz) with a 60-second timeout...
   -> Building AFL-instrumented binary: /Dualis/scripts/../benchmarks/ContextualHornICE_working_temp/NormalFilterQueue/NormalFilterQueue_fuzz
   -> AFL++(NormalFilterQueue_fuzz) finished its fuzzing session.
   -> Checking fuzzing outputs for counterexamples...
Checking crashes
Checking queue
   -> Found 102 crash reports. Testing reproducibility...
   -> CRASH REPRODUCED with id:000003,src:000000,time:1,execs:26,op:(null),pos:0,+cov
Checking hangs
   -> Converting counterexamples for 'NormalFilterQueue'...
   -> Updating CHC file with new counterexamples...

=============== Artifacts This Iteration ===============

--- Generated Specs ---
  processQueue: (((((minPacketSize - maxPrio) - len1) <= 0) && (((maxPrio - minPacketSize) - len1) <= 0) && (((maxPrio - minPacketSize) - minPacketSize1) <= 1) && (((minPacketSize - maxPrio) + minPacketSize1) <= (-1)) && ((len1 - maxPrio1) > 0) && ((len1 - maxPrio1) <= 1) && (len1 <= 0)) || (len1 > 0))
  inv: (true)
  append: (true)

--- New Test Cases Found ---
  (None)

--- Updated CHCs (for next iteration) ---
(declare-var len Int)
(declare-var len1 Int)
(declare-var maxPrio Int)
(declare-var maxPrio1 Int)
(declare-var minPacketSize Int)
(declare-var minPacketSize1 Int)
(declare-var packetSize Int)
(declare-var prio Int)
(declare-rel append (Int Int Int Int Int Int Int Int))
(declare-rel processQueue (Int Int Int Int Int Int))
(declare-rel inv (Int Int Int))
(declare-rel fail ())


(rule (=> (and (= len 1) (= maxPrio 0) (= minPacketSize 110) (= len1 1) (= maxPrio1 0) (= minPacketSize1 110)) (processQueue len maxPrio minPacketSize len1 maxPrio1 minPacketSize1)))
(rule (=> (and (= len 1) (= maxPrio 0) (= minPacketSize 120) (= len1 1) (= maxPrio1 0) (= minPacketSize1 120)) (processQueue len maxPrio minPacketSize len1 maxPrio1 minPacketSize1)))
(rule (=> (and (= len 1) (= maxPrio 0) (= minPacketSize 92) (= len1 1) (= maxPrio1 0) (= minPacketSize1 92)) (processQueue len maxPrio minPacketSize len1 maxPrio1 minPacketSize1)))
(rule (=> (and (= len 0) (= maxPrio -1) (= minPacketSize -1) (= len1 0) (= maxPrio1 -1) (= minPacketSize1 -1)) (processQueue len maxPrio minPacketSize len1 maxPrio1 minPacketSize1)))
(rule (=> (and (= prio 0) (= packetSize 54) (= len 0) (= maxPrio -1) (= minPacketSize -1) (= len1 1) (= maxPrio1 0) (= minPacketSize1 54)) (append prio packetSize len maxPrio minPacketSize len1 maxPrio1 minPacketSize1)))
(rule (=> (and (= len 0) (= maxPrio -1) (= minPacketSize -1)) (inv len maxPrio minPacketSize)))
(rule (=> (and (inv len maxPrio minPacketSize) (and (= prio 0) (>= packetSize 500)) (append prio packetSize len maxPrio minPacketSize len1 maxPrio1 minPacketSize1)) (inv len1 maxPrio1 minPacketSize1)))
(rule (=> (and (inv len maxPrio minPacketSize) (not (and (= prio 0) (>= packetSize 500)))) (inv len maxPrio minPacketSize)))
(rule (=> (and (inv len maxPrio minPacketSize) (processQueue len maxPrio minPacketSize len1 maxPrio1 minPacketSize1) (not (=> (= len1 0) (and (= maxPrio1 -1) (= minPacketSize1 -1))))) fail))

(query fail :print-certificate true)
==============================================================
   -> Checking if specs have changed...
      -> CHC files are different. Continuing iteration.

==================== Iteration: 4 ====================
TIMEOUT : 80
   -> Parsing CHC file: /Dualis/scripts/../benchmarks/ContextualHornICE_working_temp/NormalFilterQueue/NormalFilterQueue.smt2
   -> Starting HornICE with a 1000-second timeout...
      -> Logging HornICE output to iter_4.log
   -> HornICE completed successfully.
   -> Analyzing HornICE log file: iter_4.log
      -> Found 41 internal iterations.
   -> Writing new specs to harness: NormalFilterQueue_fuzz.cpp...
      -> Successfully created working copy '/Dualis/scripts/../benchmarks/ContextualHornICE_working_temp/NormalFilterQueue/NormalFilterQueue_fuzz.cpp'.
   -> Starting AFL++(NormalFilterQueue_fuzz) with a 80-second timeout...
   -> Building AFL-instrumented binary: /Dualis/scripts/../benchmarks/ContextualHornICE_working_temp/NormalFilterQueue/NormalFilterQueue_fuzz
   -> AFL++(NormalFilterQueue_fuzz) finished its fuzzing session.
   -> Checking fuzzing outputs for counterexamples...
Checking crashes
Checking queue
   -> Found 113 crash reports. Testing reproducibility...
   -> CRASH REPRODUCED with id:000003,src:000000,time:1,execs:26,op:(null),pos:0,+cov
Checking hangs
   -> Converting counterexamples for 'NormalFilterQueue'...
   -> Updating CHC file with new counterexamples...

=============== Artifacts This Iteration ===============

--- Generated Specs ---
  processQueue: (((((minPacketSize - maxPrio) - len1) <= 0) && (((maxPrio - minPacketSize) - len1) <= 0) && (((maxPrio - minPacketSize) - minPacketSize1) <= 1) && (((minPacketSize - maxPrio) + minPacketSize1) <= (-1)) && ((len1 - maxPrio1) > 0) && ((len1 - maxPrio1) <= 1) && (len1 <= 0)) || (len1 > 0))
  inv: (true)
  append: (true)

--- New Test Cases Found ---
  (None)

--- Updated CHCs (for next iteration) ---
(declare-var len Int)
(declare-var len1 Int)
(declare-var maxPrio Int)
(declare-var maxPrio1 Int)
(declare-var minPacketSize Int)
(declare-var minPacketSize1 Int)
(declare-var packetSize Int)
(declare-var prio Int)
(declare-rel append (Int Int Int Int Int Int Int Int))
(declare-rel processQueue (Int Int Int Int Int Int))
(declare-rel inv (Int Int Int))
(declare-rel fail ())


(rule (=> (and (= len 1) (= maxPrio 0) (= minPacketSize 110) (= len1 1) (= maxPrio1 0) (= minPacketSize1 110)) (processQueue len maxPrio minPacketSize len1 maxPrio1 minPacketSize1)))
(rule (=> (and (= len 1) (= maxPrio 0) (= minPacketSize 120) (= len1 1) (= maxPrio1 0) (= minPacketSize1 120)) (processQueue len maxPrio minPacketSize len1 maxPrio1 minPacketSize1)))
(rule (=> (and (= len 1) (= maxPrio 0) (= minPacketSize 92) (= len1 1) (= maxPrio1 0) (= minPacketSize1 92)) (processQueue len maxPrio minPacketSize len1 maxPrio1 minPacketSize1)))
(rule (=> (and (= len 0) (= maxPrio -1) (= minPacketSize -1) (= len1 0) (= maxPrio1 -1) (= minPacketSize1 -1)) (processQueue len maxPrio minPacketSize len1 maxPrio1 minPacketSize1)))
(rule (=> (and (= prio 0) (= packetSize 54) (= len 0) (= maxPrio -1) (= minPacketSize -1) (= len1 1) (= maxPrio1 0) (= minPacketSize1 54)) (append prio packetSize len maxPrio minPacketSize len1 maxPrio1 minPacketSize1)))
(rule (=> (and (= len 0) (= maxPrio -1) (= minPacketSize -1)) (inv len maxPrio minPacketSize)))
(rule (=> (and (inv len maxPrio minPacketSize) (and (= prio 0) (>= packetSize 500)) (append prio packetSize len maxPrio minPacketSize len1 maxPrio1 minPacketSize1)) (inv len1 maxPrio1 minPacketSize1)))
(rule (=> (and (inv len maxPrio minPacketSize) (not (and (= prio 0) (>= packetSize 500)))) (inv len maxPrio minPacketSize)))
(rule (=> (and (inv len maxPrio minPacketSize) (processQueue len maxPrio minPacketSize len1 maxPrio1 minPacketSize1) (not (=> (= len1 0) (and (= maxPrio1 -1) (= minPacketSize1 -1))))) fail))

(query fail :print-certificate true)
==============================================================
   -> Checking if specs have changed...
      -> CHC files are identical. Pipeline has converged.
   -> 15-minute deep fuzzing converged. Pipeline complete.

==================== Finalizing Pipeline ====================

====================== Pipeline Finished =====================
Total External Iterations: 4
Total Unique Test Cases Found: 5
Total Internal Iterations: 131
  - Min: 3
  - Max: 46
  - Avg: 32.75
pipeline.run() took 18.2250 seconds.
Running command: /usr/bin/python3 chcverifynfuzz.py ContextualHornICE NormalFilterQueue
PID: 6008
========================================


Total Pipeline Duration: 242.89s
