
========================================
         Starting Pipeline for: PriorityFilterQueue (Mode: ContextualHornICE)
========================================
Initializing pipeline for benchmark: 'PriorityFilterQueue'
   -> Loading and validating attributes from: /Dualis/scripts/../benchmarks/Classical/PriorityFilterQueue/Attributes.txt
      -> Validation successful. Attribute file is consistent.

==================== Iteration: 1 ====================
TIMEOUT : 20
   -> Parsing CHC file: /Dualis/scripts/../benchmarks/ContextualHornICE_working_temp/PriorityFilterQueue/PriorityFilterQueue.smt2
   -> Starting HornICE with a 1000-second timeout...
      -> Logging HornICE output to iter_1.log
   -> HornICE completed successfully.
   -> Analyzing HornICE log file: iter_1.log
      -> Found 3 internal iterations.
   -> Writing new specs to harness: PriorityFilterQueue_fuzz.cpp...
      -> Successfully created working copy '/Dualis/scripts/../benchmarks/ContextualHornICE_working_temp/PriorityFilterQueue/PriorityFilterQueue_fuzz.cpp'.
   -> Starting AFL++(PriorityFilterQueue_fuzz) with a 20-second timeout...
   -> Building AFL-instrumented binary: /Dualis/scripts/../benchmarks/ContextualHornICE_working_temp/PriorityFilterQueue/PriorityFilterQueue_fuzz
   -> AFL++(PriorityFilterQueue_fuzz) finished its fuzzing session.
   -> Checking fuzzing outputs for counterexamples...
Checking crashes
   -> Found 3 crash reports. Testing reproducibility...
   -> CRASH REPRODUCED with id:000001,sig:06,src:000000,time:1269,execs:176,op:havoc,rep:2
   -> CRASH REPRODUCED with id:000002,sig:06,src:000000,time:2102,execs:286,op:havoc,rep:2
   -> CRASH REPRODUCED with id:000000,sig:06,src:000000,time:201,execs:49,op:havoc,rep:1
Checking queue
   -> Found 5 crash reports. Testing reproducibility...
   -> CRASH REPRODUCED with id:000003,src:000000,time:0,execs:26,op:(null),pos:0,+cov
Checking hangs
   -> Converting counterexamples for 'PriorityFilterQueue'...
      -> Found and validated 1 new rules.
   -> Updating CHC file with new counterexamples...

=============== Artifacts This Iteration ===============

--- Generated Specs ---
  inv: (true)
  processQueue: (false)
  append: (false)

--- New Test Cases Found ---
  (None)

--- Updated CHCs (for next iteration) ---
(declare-var len Int)
(declare-var len1 Int)
(declare-var minPrio Int)
(declare-var minPrio1 Int)
(declare-var maxPacketSize Int)
(declare-var maxPacketSize1 Int)
(declare-var packetSize Int)
(declare-var prio Int)
(declare-rel append (Int Int Int Int Int Int Int Int))
(declare-rel processQueue (Int Int Int Int Int Int))
(declare-rel inv (Int Int Int))
(declare-rel fail ())

(rule (=> (and (= len 0) (= minPrio -1) (= maxPacketSize -1) (= len1 0) (= minPrio1 -1) (= maxPacketSize1 -1)) (processQueue len minPrio maxPacketSize len1 minPrio1 maxPacketSize1)))

(rule (=> (and (= len 0) (= minPrio -1) (= maxPacketSize -1)) (inv len minPrio maxPacketSize)))
(rule (=> (and (inv len minPrio maxPacketSize) (and (= prio 1) (> packetSize 0) (< packetSize 500)) (append prio packetSize len minPrio maxPacketSize len1 minPrio1 maxPacketSize1)) (inv len1 minPrio1 maxPacketSize1)))
(rule (=> (and (inv len minPrio maxPacketSize) (not (and (= prio 1) (> packetSize 0) (< packetSize 500)))) (inv len minPrio maxPacketSize)))
(rule (=> (and (inv len minPrio maxPacketSize) (processQueue len minPrio maxPacketSize len1 minPrio1 maxPacketSize1) (not (=> (= len1 0) (and (= minPrio1 -1) (= maxPacketSize1 -1))))) fail))

(query fail :print-certificate true)
==============================================================
   -> Checking if specs have changed...
      -> CHC files are different. Continuing iteration.

==================== Iteration: 2 ====================
TIMEOUT : 40
   -> Parsing CHC file: /Dualis/scripts/../benchmarks/ContextualHornICE_working_temp/PriorityFilterQueue/PriorityFilterQueue.smt2
   -> Starting HornICE with a 1000-second timeout...
      -> Logging HornICE output to iter_2.log
   -> HornICE completed successfully.
   -> Analyzing HornICE log file: iter_2.log
      -> Found 46 internal iterations.
   -> Writing new specs to harness: PriorityFilterQueue_fuzz.cpp...
      -> Successfully created working copy '/Dualis/scripts/../benchmarks/ContextualHornICE_working_temp/PriorityFilterQueue/PriorityFilterQueue_fuzz.cpp'.
   -> Starting AFL++(PriorityFilterQueue_fuzz) with a 40-second timeout...
   -> Building AFL-instrumented binary: /Dualis/scripts/../benchmarks/ContextualHornICE_working_temp/PriorityFilterQueue/PriorityFilterQueue_fuzz
   -> AFL++(PriorityFilterQueue_fuzz) finished its fuzzing session.
   -> Checking fuzzing outputs for counterexamples...
Checking crashes
   -> Found 2 crash reports. Testing reproducibility...
   -> CRASH REPRODUCED with id:000000,sig:06,src:000004,time:580,execs:9906,op:havoc,rep:8
   -> CRASH REPRODUCED with id:000001,sig:06,src:000004,time:797,execs:9929,op:havoc,rep:7
Checking queue
   -> Found 19 crash reports. Testing reproducibility...
   -> CRASH REPRODUCED with id:000003,src:000000,time:1,execs:26,op:(null),pos:0,+cov
Checking hangs
   -> Converting counterexamples for 'PriorityFilterQueue'...
      -> Found and validated 2 new rules.
   -> Updating CHC file with new counterexamples...

=============== Artifacts This Iteration ===============

--- Generated Specs ---
  processQueue: (((len1 - maxPacketSize1) <= 1) && (((len1 - minPrio1) - maxPacketSize1) > 1) && ((len1 - minPrio1) <= 1))
  inv: (true)
  append: (false)

--- New Test Cases Found ---
  (None)

--- Updated CHCs (for next iteration) ---
(declare-var len Int)
(declare-var len1 Int)
(declare-var minPrio Int)
(declare-var minPrio1 Int)
(declare-var maxPacketSize Int)
(declare-var maxPacketSize1 Int)
(declare-var packetSize Int)
(declare-var prio Int)
(declare-rel append (Int Int Int Int Int Int Int Int))
(declare-rel processQueue (Int Int Int Int Int Int))
(declare-rel inv (Int Int Int))
(declare-rel fail ())

(rule (=> (and (= prio 1) (= packetSize 3) (= len 0) (= minPrio -1) (= maxPacketSize -1) (= len1 1) (= minPrio1 1) (= maxPacketSize1 3)) (append prio packetSize len minPrio maxPacketSize len1 minPrio1 maxPacketSize1)))
(rule (=> (and (= prio 1) (= packetSize 1) (= len 0) (= minPrio -1) (= maxPacketSize -1) (= len1 1) (= minPrio1 1) (= maxPacketSize1 1)) (append prio packetSize len minPrio maxPacketSize len1 minPrio1 maxPacketSize1)))

(rule (=> (and (= len 0) (= minPrio -1) (= maxPacketSize -1) (= len1 0) (= minPrio1 -1) (= maxPacketSize1 -1)) (processQueue len minPrio maxPacketSize len1 minPrio1 maxPacketSize1)))
(rule (=> (and (= len 0) (= minPrio -1) (= maxPacketSize -1)) (inv len minPrio maxPacketSize)))
(rule (=> (and (inv len minPrio maxPacketSize) (and (= prio 1) (> packetSize 0) (< packetSize 500)) (append prio packetSize len minPrio maxPacketSize len1 minPrio1 maxPacketSize1)) (inv len1 minPrio1 maxPacketSize1)))
(rule (=> (and (inv len minPrio maxPacketSize) (not (and (= prio 1) (> packetSize 0) (< packetSize 500)))) (inv len minPrio maxPacketSize)))
(rule (=> (and (inv len minPrio maxPacketSize) (processQueue len minPrio maxPacketSize len1 minPrio1 maxPacketSize1) (not (=> (= len1 0) (and (= minPrio1 -1) (= maxPacketSize1 -1))))) fail))

(query fail :print-certificate true)
==============================================================
   -> Checking if specs have changed...
      -> CHC files are different. Continuing iteration.

==================== Iteration: 3 ====================
TIMEOUT : 60
   -> Parsing CHC file: /Dualis/scripts/../benchmarks/ContextualHornICE_working_temp/PriorityFilterQueue/PriorityFilterQueue.smt2
   -> Starting HornICE with a 1000-second timeout...
      -> Logging HornICE output to iter_3.log
   -> HornICE completed successfully.
   -> Analyzing HornICE log file: iter_3.log
      -> Found 46 internal iterations.
   -> Writing new specs to harness: PriorityFilterQueue_fuzz.cpp...
      -> Successfully created working copy '/Dualis/scripts/../benchmarks/ContextualHornICE_working_temp/PriorityFilterQueue/PriorityFilterQueue_fuzz.cpp'.
   -> Starting AFL++(PriorityFilterQueue_fuzz) with a 60-second timeout...
   -> Building AFL-instrumented binary: /Dualis/scripts/../benchmarks/ContextualHornICE_working_temp/PriorityFilterQueue/PriorityFilterQueue_fuzz
   -> AFL++(PriorityFilterQueue_fuzz) finished its fuzzing session.
   -> Checking fuzzing outputs for counterexamples...
Checking crashes
Checking queue
   -> Found 63 crash reports. Testing reproducibility...
   -> CRASH REPRODUCED with id:000003,src:000000,time:1,execs:26,op:(null),pos:0,+cov
Checking hangs
   -> Converting counterexamples for 'PriorityFilterQueue'...
   -> Updating CHC file with new counterexamples...

=============== Artifacts This Iteration ===============

--- Generated Specs ---
  append: (true)
  processQueue: (((len1 - maxPacketSize1) <= 1) && (((len1 - minPrio1) - maxPacketSize1) > 1) && ((len1 - minPrio1) <= 1))
  inv: (true)

--- New Test Cases Found ---
  (None)

--- Updated CHCs (for next iteration) ---
(declare-var len Int)
(declare-var len1 Int)
(declare-var minPrio Int)
(declare-var minPrio1 Int)
(declare-var maxPacketSize Int)
(declare-var maxPacketSize1 Int)
(declare-var packetSize Int)
(declare-var prio Int)
(declare-rel append (Int Int Int Int Int Int Int Int))
(declare-rel processQueue (Int Int Int Int Int Int))
(declare-rel inv (Int Int Int))
(declare-rel fail ())


(rule (=> (and (= prio 1) (= packetSize 3) (= len 0) (= minPrio -1) (= maxPacketSize -1) (= len1 1) (= minPrio1 1) (= maxPacketSize1 3)) (append prio packetSize len minPrio maxPacketSize len1 minPrio1 maxPacketSize1)))
(rule (=> (and (= prio 1) (= packetSize 1) (= len 0) (= minPrio -1) (= maxPacketSize -1) (= len1 1) (= minPrio1 1) (= maxPacketSize1 1)) (append prio packetSize len minPrio maxPacketSize len1 minPrio1 maxPacketSize1)))
(rule (=> (and (= len 0) (= minPrio -1) (= maxPacketSize -1) (= len1 0) (= minPrio1 -1) (= maxPacketSize1 -1)) (processQueue len minPrio maxPacketSize len1 minPrio1 maxPacketSize1)))
(rule (=> (and (= len 0) (= minPrio -1) (= maxPacketSize -1)) (inv len minPrio maxPacketSize)))
(rule (=> (and (inv len minPrio maxPacketSize) (and (= prio 1) (> packetSize 0) (< packetSize 500)) (append prio packetSize len minPrio maxPacketSize len1 minPrio1 maxPacketSize1)) (inv len1 minPrio1 maxPacketSize1)))
(rule (=> (and (inv len minPrio maxPacketSize) (not (and (= prio 1) (> packetSize 0) (< packetSize 500)))) (inv len minPrio maxPacketSize)))
(rule (=> (and (inv len minPrio maxPacketSize) (processQueue len minPrio maxPacketSize len1 minPrio1 maxPacketSize1) (not (=> (= len1 0) (and (= minPrio1 -1) (= maxPacketSize1 -1))))) fail))

(query fail :print-certificate true)
==============================================================
   -> Checking if specs have changed...
      -> CHC files are different. Continuing iteration.

==================== Iteration: 4 ====================
TIMEOUT : 80
   -> Parsing CHC file: /Dualis/scripts/../benchmarks/ContextualHornICE_working_temp/PriorityFilterQueue/PriorityFilterQueue.smt2
   -> Starting HornICE with a 1000-second timeout...
      -> Logging HornICE output to iter_4.log
   -> HornICE completed successfully.
   -> Analyzing HornICE log file: iter_4.log
      -> Found 46 internal iterations.
   -> Writing new specs to harness: PriorityFilterQueue_fuzz.cpp...
      -> Successfully created working copy '/Dualis/scripts/../benchmarks/ContextualHornICE_working_temp/PriorityFilterQueue/PriorityFilterQueue_fuzz.cpp'.
   -> Starting AFL++(PriorityFilterQueue_fuzz) with a 80-second timeout...
   -> Building AFL-instrumented binary: /Dualis/scripts/../benchmarks/ContextualHornICE_working_temp/PriorityFilterQueue/PriorityFilterQueue_fuzz
   -> AFL++(PriorityFilterQueue_fuzz) finished its fuzzing session.
   -> Checking fuzzing outputs for counterexamples...
Checking crashes
Checking queue
   -> Found 65 crash reports. Testing reproducibility...
   -> CRASH REPRODUCED with id:000003,src:000000,time:0,execs:26,op:(null),pos:0,+cov
Checking hangs
   -> Converting counterexamples for 'PriorityFilterQueue'...
   -> Updating CHC file with new counterexamples...

=============== Artifacts This Iteration ===============

--- Generated Specs ---
  append: (true)
  processQueue: (((len1 - maxPacketSize1) <= 1) && (((len1 - minPrio1) - maxPacketSize1) > 1) && ((len1 - minPrio1) <= 1))
  inv: (true)

--- New Test Cases Found ---
  (None)

--- Updated CHCs (for next iteration) ---
(declare-var len Int)
(declare-var len1 Int)
(declare-var minPrio Int)
(declare-var minPrio1 Int)
(declare-var maxPacketSize Int)
(declare-var maxPacketSize1 Int)
(declare-var packetSize Int)
(declare-var prio Int)
(declare-rel append (Int Int Int Int Int Int Int Int))
(declare-rel processQueue (Int Int Int Int Int Int))
(declare-rel inv (Int Int Int))
(declare-rel fail ())


(rule (=> (and (= prio 1) (= packetSize 3) (= len 0) (= minPrio -1) (= maxPacketSize -1) (= len1 1) (= minPrio1 1) (= maxPacketSize1 3)) (append prio packetSize len minPrio maxPacketSize len1 minPrio1 maxPacketSize1)))
(rule (=> (and (= prio 1) (= packetSize 1) (= len 0) (= minPrio -1) (= maxPacketSize -1) (= len1 1) (= minPrio1 1) (= maxPacketSize1 1)) (append prio packetSize len minPrio maxPacketSize len1 minPrio1 maxPacketSize1)))
(rule (=> (and (= len 0) (= minPrio -1) (= maxPacketSize -1) (= len1 0) (= minPrio1 -1) (= maxPacketSize1 -1)) (processQueue len minPrio maxPacketSize len1 minPrio1 maxPacketSize1)))
(rule (=> (and (= len 0) (= minPrio -1) (= maxPacketSize -1)) (inv len minPrio maxPacketSize)))
(rule (=> (and (inv len minPrio maxPacketSize) (and (= prio 1) (> packetSize 0) (< packetSize 500)) (append prio packetSize len minPrio maxPacketSize len1 minPrio1 maxPacketSize1)) (inv len1 minPrio1 maxPacketSize1)))
(rule (=> (and (inv len minPrio maxPacketSize) (not (and (= prio 1) (> packetSize 0) (< packetSize 500)))) (inv len minPrio maxPacketSize)))
(rule (=> (and (inv len minPrio maxPacketSize) (processQueue len minPrio maxPacketSize len1 minPrio1 maxPacketSize1) (not (=> (= len1 0) (and (= minPrio1 -1) (= maxPacketSize1 -1))))) fail))

(query fail :print-certificate true)
==============================================================
   -> Checking if specs have changed...
      -> CHC files are identical. Pipeline has converged.
   -> 15-minute deep fuzzing converged. Pipeline complete.

==================== Finalizing Pipeline ====================

====================== Pipeline Finished =====================
Total External Iterations: 4
Total Unique Test Cases Found: 3
Total Internal Iterations: 141
  - Min: 3
  - Max: 46
  - Avg: 35.25
pipeline.run() took 22.9355 seconds.
Running command: /usr/bin/python3 chcverifynfuzz.py ContextualHornICE PriorityFilterQueue
PID: 6008
========================================


Total Pipeline Duration: 234.75s
