
========================================
         Starting Pipeline for: SkipList7 (Mode: ContextualHornICE)
========================================
Initializing pipeline for benchmark: 'SkipList7'
   -> Loading and validating attributes from: /Dualis/scripts/../benchmarks/Classical/SkipList7/Attributes.txt
      -> Validation successful. Attribute file is consistent.

==================== Iteration: 1 ====================
TIMEOUT : 20
   -> Parsing CHC file: /Dualis/scripts/../benchmarks/ContextualHornICE_working_temp/SkipList7/SkipList7.smt2
   -> Starting HornICE with a 1000-second timeout...
      -> Logging HornICE output to iter_1.log
   -> HornICE completed successfully.
   -> Analyzing HornICE log file: iter_1.log
      -> Found 3 internal iterations.
   -> Writing new specs to harness: SkipList7_fuzz.cpp...
      -> Successfully created working copy '/Dualis/scripts/../benchmarks/ContextualHornICE_working_temp/SkipList7/SkipList7_fuzz.cpp'.
   -> Starting AFL++(SkipList7_fuzz) with a 20-second timeout...
   -> Building AFL-instrumented binary: /Dualis/scripts/../benchmarks/ContextualHornICE_working_temp/SkipList7/SkipList7_fuzz
   -> AFL++(SkipList7_fuzz) finished its fuzzing session.
   -> Checking fuzzing outputs for counterexamples...
Checking crashes
   -> Found 1 crash reports. Testing reproducibility...
   -> CRASH REPRODUCED with id:000000,sig:06,src:000000,time:128,execs:66,op:arith8,pos:1,val:+2
Checking queue
   -> Found 4 crash reports. Testing reproducibility...
   -> CRASH REPRODUCED with id:000001,src:000000,time:0,execs:10,op:(null),pos:0,+cov
Checking hangs
   -> Converting counterexamples for 'SkipList7'...
      -> Found and validated 1 new rules.
   -> Updating CHC file with new counterexamples...

=============== Artifacts This Iteration ===============

--- Generated Specs ---
  inv1: (true)
  insert: (false)
  lower_bound: (false)

--- New Test Cases Found ---
  (None)

--- Updated CHCs (for next iteration) ---
(declare-var N Int)
(declare-var i Int)
(declare-var i1 Int)
(declare-var min Int)
(declare-var min1 Int)
(declare-var max Int)
(declare-var max1 Int)
(declare-var isPresent Int)
(declare-var isPresent1 Int)
(declare-var len Int)
(declare-var len1 Int)
(declare-var v Int)
(declare-var k Int)
(declare-var lb_ret1 Int)
(declare-rel insert (Int Int Int Int Int Int Int Int Int))
(declare-rel lower_bound (Int Int Int Int))
(declare-rel inv1 (Int Int Int Int Int Int))
(declare-rel fail ())
(define-fun is_valid ((x Int)) Bool (or (= x 1) (= x 0)))
(define-fun MAX () Int 128)
(define-fun MIN () Int -129)

(rule (=> (and (= v 3) (= isPresent 0) (= min 128) (= max -129) (= len 0) (= isPresent1 1) (= min1 3) (= max1 3) (= len1 1)) (insert v isPresent min max len isPresent1 min1 max1 len1)))

(rule (=> (and (> N 0) (= i 0) (= min MAX) (= max MIN)) (inv1 i N isPresent min max len)))
(rule (=> (and (inv1 i N isPresent min max len) (is_valid isPresent) (< i N) (insert v isPresent min max len isPresent1 min1 max1 len1) (= i1 (+ i 1))) (inv1 i1 N isPresent1 min1 max1 len1)))
(rule (=> (and (inv1 i N isPresent min max len) (is_valid isPresent) (not (< i N))(= k max) (lower_bound k min max lb_ret1) (not (= lb_ret1 max))) fail))

(query fail :print-certificate true)
==============================================================
   -> Checking if specs have changed...
      -> CHC files are different. Continuing iteration.

==================== Iteration: 2 ====================
TIMEOUT : 40
   -> Parsing CHC file: /Dualis/scripts/../benchmarks/ContextualHornICE_working_temp/SkipList7/SkipList7.smt2
   -> Starting HornICE with a 1000-second timeout...
      -> Logging HornICE output to iter_2.log
   -> HornICE completed successfully.
   -> Analyzing HornICE log file: iter_2.log
      -> Found 3 internal iterations.
   -> Writing new specs to harness: SkipList7_fuzz.cpp...
      -> Successfully created working copy '/Dualis/scripts/../benchmarks/ContextualHornICE_working_temp/SkipList7/SkipList7_fuzz.cpp'.
   -> Starting AFL++(SkipList7_fuzz) with a 40-second timeout...
   -> Building AFL-instrumented binary: /Dualis/scripts/../benchmarks/ContextualHornICE_working_temp/SkipList7/SkipList7_fuzz
   -> AFL++(SkipList7_fuzz) finished its fuzzing session.
   -> Checking fuzzing outputs for counterexamples...
Checking crashes
   -> Found 5 crash reports. Testing reproducibility...
   -> CRASH REPRODUCED with id:000001,sig:06,src:000000,time:384,execs:60,op:arith8,pos:1,val:+3
   -> CRASH REPRODUCED with id:000004,sig:06,src:000000,time:1938,execs:244,op:havoc,rep:12
   -> CRASH REPRODUCED with id:000002,sig:06,src:000000,time:1334,execs:210,op:havoc,rep:15
   -> CRASH REPRODUCED with id:000003,sig:06,src:000000,time:1524,execs:218,op:havoc,rep:15
   -> CRASH REPRODUCED with id:000000,sig:06,src:000000,time:192,execs:59,op:arith8,pos:1,val:+2
Checking queue
   -> Found 3 crash reports. Testing reproducibility...
   -> CRASH REPRODUCED with id:000001,src:000000,time:1,execs:10,op:(null),pos:0,+cov
Checking hangs
   -> Converting counterexamples for 'SkipList7'...
      -> Found and validated 5 new rules.
   -> Updating CHC file with new counterexamples...

=============== Artifacts This Iteration ===============

--- Generated Specs ---
  insert: (true)
  inv1: (true)
  lower_bound: (false)

--- New Test Cases Found ---
  (None)

--- Updated CHCs (for next iteration) ---
(declare-var N Int)
(declare-var i Int)
(declare-var i1 Int)
(declare-var min Int)
(declare-var min1 Int)
(declare-var max Int)
(declare-var max1 Int)
(declare-var isPresent Int)
(declare-var isPresent1 Int)
(declare-var len Int)
(declare-var len1 Int)
(declare-var v Int)
(declare-var k Int)
(declare-var lb_ret1 Int)
(declare-rel insert (Int Int Int Int Int Int Int Int Int))
(declare-rel lower_bound (Int Int Int Int))
(declare-rel inv1 (Int Int Int Int Int Int))
(declare-rel fail ())
(define-fun is_valid ((x Int)) Bool (or (= x 1) (= x 0)))
(define-fun MAX () Int 128)
(define-fun MIN () Int -129)

(rule (=> (and (= k 3) (= min -1) (= max 3) (= lb_ret1 3)) (lower_bound k min max lb_ret1)))
(rule (=> (and (= k 29) (= min 21) (= max 29) (= lb_ret1 29)) (lower_bound k min max lb_ret1)))
(rule (=> (and (= k 16) (= min 0) (= max 16) (= lb_ret1 16)) (lower_bound k min max lb_ret1)))
(rule (=> (and (= k -1) (= min -125) (= max -1) (= lb_ret1 -1)) (lower_bound k min max lb_ret1)))
(rule (=> (and (= k 3) (= min 3) (= max 3) (= lb_ret1 3)) (lower_bound k min max lb_ret1)))

(rule (=> (and (= v 3) (= isPresent 0) (= min 128) (= max -129) (= len 0) (= isPresent1 1) (= min1 3) (= max1 3) (= len1 1)) (insert v isPresent min max len isPresent1 min1 max1 len1)))
(rule (=> (and (> N 0) (= i 0) (= min MAX) (= max MIN)) (inv1 i N isPresent min max len)))
(rule (=> (and (inv1 i N isPresent min max len) (is_valid isPresent) (< i N) (insert v isPresent min max len isPresent1 min1 max1 len1) (= i1 (+ i 1))) (inv1 i1 N isPresent1 min1 max1 len1)))
(rule (=> (and (inv1 i N isPresent min max len) (is_valid isPresent) (not (< i N))(= k max) (lower_bound k min max lb_ret1) (not (= lb_ret1 max))) fail))

(query fail :print-certificate true)
==============================================================
   -> Checking if specs have changed...
      -> CHC files are different. Continuing iteration.

==================== Iteration: 3 ====================
TIMEOUT : 60
   -> Parsing CHC file: /Dualis/scripts/../benchmarks/ContextualHornICE_working_temp/SkipList7/SkipList7.smt2
   -> Starting HornICE with a 1000-second timeout...
      -> Logging HornICE output to iter_3.log
   -> HornICE completed successfully.
   -> Analyzing HornICE log file: iter_3.log
      -> Found 6 internal iterations.
   -> Writing new specs to harness: SkipList7_fuzz.cpp...
      -> Successfully created working copy '/Dualis/scripts/../benchmarks/ContextualHornICE_working_temp/SkipList7/SkipList7_fuzz.cpp'.
   -> Starting AFL++(SkipList7_fuzz) with a 60-second timeout...
   -> Building AFL-instrumented binary: /Dualis/scripts/../benchmarks/ContextualHornICE_working_temp/SkipList7/SkipList7_fuzz
   -> AFL++(SkipList7_fuzz) finished its fuzzing session.
   -> Checking fuzzing outputs for counterexamples...
Checking crashes
Checking queue
   -> Found 100 crash reports. Testing reproducibility...
   -> CRASH REPRODUCED with id:000001,src:000000,time:0,execs:10,op:(null),pos:0,+cov
Checking hangs
   -> Converting counterexamples for 'SkipList7'...
   -> Updating CHC file with new counterexamples...

=============== Artifacts This Iteration ===============

--- Generated Specs ---
  lower_bound: (((k - lb_ret1) <= 0) && ((k - lb_ret1) > (-1)))
  insert: (true)
  inv1: (true)

--- New Test Cases Found ---
  (None)

--- Updated CHCs (for next iteration) ---
(declare-var N Int)
(declare-var i Int)
(declare-var i1 Int)
(declare-var min Int)
(declare-var min1 Int)
(declare-var max Int)
(declare-var max1 Int)
(declare-var isPresent Int)
(declare-var isPresent1 Int)
(declare-var len Int)
(declare-var len1 Int)
(declare-var v Int)
(declare-var k Int)
(declare-var lb_ret1 Int)
(declare-rel insert (Int Int Int Int Int Int Int Int Int))
(declare-rel lower_bound (Int Int Int Int))
(declare-rel inv1 (Int Int Int Int Int Int))
(declare-rel fail ())
(define-fun is_valid ((x Int)) Bool (or (= x 1) (= x 0)))
(define-fun MAX () Int 128)
(define-fun MIN () Int -129)


(rule (=> (and (= k 3) (= min -1) (= max 3) (= lb_ret1 3)) (lower_bound k min max lb_ret1)))
(rule (=> (and (= k 29) (= min 21) (= max 29) (= lb_ret1 29)) (lower_bound k min max lb_ret1)))
(rule (=> (and (= k 16) (= min 0) (= max 16) (= lb_ret1 16)) (lower_bound k min max lb_ret1)))
(rule (=> (and (= k -1) (= min -125) (= max -1) (= lb_ret1 -1)) (lower_bound k min max lb_ret1)))
(rule (=> (and (= k 3) (= min 3) (= max 3) (= lb_ret1 3)) (lower_bound k min max lb_ret1)))
(rule (=> (and (= v 3) (= isPresent 0) (= min 128) (= max -129) (= len 0) (= isPresent1 1) (= min1 3) (= max1 3) (= len1 1)) (insert v isPresent min max len isPresent1 min1 max1 len1)))
(rule (=> (and (> N 0) (= i 0) (= min MAX) (= max MIN)) (inv1 i N isPresent min max len)))
(rule (=> (and (inv1 i N isPresent min max len) (is_valid isPresent) (< i N) (insert v isPresent min max len isPresent1 min1 max1 len1) (= i1 (+ i 1))) (inv1 i1 N isPresent1 min1 max1 len1)))
(rule (=> (and (inv1 i N isPresent min max len) (is_valid isPresent) (not (< i N))(= k max) (lower_bound k min max lb_ret1) (not (= lb_ret1 max))) fail))

(query fail :print-certificate true)
==============================================================
   -> Checking if specs have changed...
      -> CHC files are different. Continuing iteration.

==================== Iteration: 4 ====================
TIMEOUT : 80
   -> Parsing CHC file: /Dualis/scripts/../benchmarks/ContextualHornICE_working_temp/SkipList7/SkipList7.smt2
   -> Starting HornICE with a 1000-second timeout...
      -> Logging HornICE output to iter_4.log
   -> HornICE completed successfully.
   -> Analyzing HornICE log file: iter_4.log
      -> Found 6 internal iterations.
   -> Writing new specs to harness: SkipList7_fuzz.cpp...
      -> Successfully created working copy '/Dualis/scripts/../benchmarks/ContextualHornICE_working_temp/SkipList7/SkipList7_fuzz.cpp'.
   -> Starting AFL++(SkipList7_fuzz) with a 80-second timeout...
   -> Building AFL-instrumented binary: /Dualis/scripts/../benchmarks/ContextualHornICE_working_temp/SkipList7/SkipList7_fuzz
   -> AFL++(SkipList7_fuzz) finished its fuzzing session.
   -> Checking fuzzing outputs for counterexamples...
Checking crashes
Checking queue
   -> Found 83 crash reports. Testing reproducibility...
   -> CRASH REPRODUCED with id:000001,src:000000,time:0,execs:10,op:(null),pos:0,+cov
Checking hangs
   -> Converting counterexamples for 'SkipList7'...
   -> Updating CHC file with new counterexamples...

=============== Artifacts This Iteration ===============

--- Generated Specs ---
  lower_bound: (((k - lb_ret1) <= 0) && ((k - lb_ret1) > (-1)))
  insert: (true)
  inv1: (true)

--- New Test Cases Found ---
  (None)

--- Updated CHCs (for next iteration) ---
(declare-var N Int)
(declare-var i Int)
(declare-var i1 Int)
(declare-var min Int)
(declare-var min1 Int)
(declare-var max Int)
(declare-var max1 Int)
(declare-var isPresent Int)
(declare-var isPresent1 Int)
(declare-var len Int)
(declare-var len1 Int)
(declare-var v Int)
(declare-var k Int)
(declare-var lb_ret1 Int)
(declare-rel insert (Int Int Int Int Int Int Int Int Int))
(declare-rel lower_bound (Int Int Int Int))
(declare-rel inv1 (Int Int Int Int Int Int))
(declare-rel fail ())
(define-fun is_valid ((x Int)) Bool (or (= x 1) (= x 0)))
(define-fun MAX () Int 128)
(define-fun MIN () Int -129)


(rule (=> (and (= k 3) (= min -1) (= max 3) (= lb_ret1 3)) (lower_bound k min max lb_ret1)))
(rule (=> (and (= k 29) (= min 21) (= max 29) (= lb_ret1 29)) (lower_bound k min max lb_ret1)))
(rule (=> (and (= k 16) (= min 0) (= max 16) (= lb_ret1 16)) (lower_bound k min max lb_ret1)))
(rule (=> (and (= k -1) (= min -125) (= max -1) (= lb_ret1 -1)) (lower_bound k min max lb_ret1)))
(rule (=> (and (= k 3) (= min 3) (= max 3) (= lb_ret1 3)) (lower_bound k min max lb_ret1)))
(rule (=> (and (= v 3) (= isPresent 0) (= min 128) (= max -129) (= len 0) (= isPresent1 1) (= min1 3) (= max1 3) (= len1 1)) (insert v isPresent min max len isPresent1 min1 max1 len1)))
(rule (=> (and (> N 0) (= i 0) (= min MAX) (= max MIN)) (inv1 i N isPresent min max len)))
(rule (=> (and (inv1 i N isPresent min max len) (is_valid isPresent) (< i N) (insert v isPresent min max len isPresent1 min1 max1 len1) (= i1 (+ i 1))) (inv1 i1 N isPresent1 min1 max1 len1)))
(rule (=> (and (inv1 i N isPresent min max len) (is_valid isPresent) (not (< i N))(= k max) (lower_bound k min max lb_ret1) (not (= lb_ret1 max))) fail))

(query fail :print-certificate true)
==============================================================
   -> Checking if specs have changed...
      -> CHC files are identical. Pipeline has converged.
   -> 15-minute deep fuzzing converged. Pipeline complete.

==================== Finalizing Pipeline ====================

====================== Pipeline Finished =====================
Total External Iterations: 4
Total Unique Test Cases Found: 6
Total Internal Iterations: 18
  - Min: 3
  - Max: 6
  - Avg: 4.50
pipeline.run() took 0.1034 seconds.
Running command: /usr/bin/python3 chcverifynfuzz.py ContextualHornICE SkipList7
PID: 6001
========================================


Total Pipeline Duration: 211.99s
