
========================================
         Starting Pipeline for: StockOrder (Mode: ContextualHornICE)
========================================
Initializing pipeline for benchmark: 'StockOrder'
   -> Loading and validating attributes from: /Dualis/scripts/../benchmarks/Classical/StockOrder/Attributes.txt
      -> Validation successful. Attribute file is consistent.

==================== Iteration: 1 ====================
TIMEOUT : 20
   -> Parsing CHC file: /Dualis/scripts/../benchmarks/ContextualHornICE_working_temp/StockOrder/StockOrder.smt2
   -> Starting HornICE with a 1000-second timeout...
      -> Logging HornICE output to iter_1.log
   -> HornICE completed successfully.
   -> Analyzing HornICE log file: iter_1.log
      -> Found 4 internal iterations.
   -> Writing new specs to harness: StockOrder_fuzz.cpp...
      -> Successfully created working copy '/Dualis/scripts/../benchmarks/ContextualHornICE_working_temp/StockOrder/StockOrder_fuzz.cpp'.
   -> Starting AFL++(StockOrder_fuzz) with a 20-second timeout...
   -> Building AFL-instrumented binary: /Dualis/scripts/../benchmarks/ContextualHornICE_working_temp/StockOrder/StockOrder_fuzz
   -> AFL++(StockOrder_fuzz) finished its fuzzing session.
   -> Checking fuzzing outputs for counterexamples...
Checking crashes
   -> Found 3 crash reports. Testing reproducibility...
   -> CRASH REPRODUCED with id:000002,sig:06,src:000001,time:10033,execs:5725,op:havoc,rep:4
   -> CRASH REPRODUCED with id:000000,sig:06,src:000001,time:218,execs:353,op:havoc,rep:4
   -> CRASH REPRODUCED with id:000001,sig:06,src:000001,time:1703,execs:1626,op:havoc,rep:2
Checking queue
   -> Found 18 crash reports. Testing reproducibility...
Checking hangs
   -> Converting counterexamples for 'StockOrder'...
      -> Found and validated 2 new rules.
   -> Updating CHC file with new counterexamples...

=============== Artifacts This Iteration ===============

--- Generated Specs ---
  inv: (minDiff > (-1))
  addStockOrder: (false)

--- New Test Cases Found ---
  (None)

--- Updated CHCs (for next iteration) ---
(declare-var len Int)
(declare-var len1 Int)
(declare-var minDiff Int)
(declare-var minDiff1 Int)
(declare-var stock Int)
(declare-var order Int)
(declare-rel addStockOrder (Int Int Int Int Int Int))
(declare-rel inv (Int Int))
(declare-rel fail ())
(define-fun MAX () Int 128)
(define-fun MIN () Int -129)

(rule (=> (and (= stock 1) (= order 1) (= len 0) (= len1 1) (= minDiff 128) (= minDiff1 0)) (addStockOrder stock order len len1 minDiff minDiff1)))
(rule (=> (and (= stock 0) (= order 0) (= len 0) (= len1 1) (= minDiff 128) (= minDiff1 0)) (addStockOrder stock order len len1 minDiff minDiff1)))

(rule (=> (and (= len 0) (= minDiff MAX)) (inv len minDiff)))
(rule (=> (and (inv len minDiff) (and (>= stock 0) (>= order 0) (<= order stock)) (addStockOrder stock order len minDiff len1 minDiff1)) (inv len1 minDiff1)))
(rule (=> (and (inv len minDiff) (not (and (>= stock 0) (>= order 0) (<= order stock)))) (inv len minDiff)))
(rule (=> (and (inv len minDiff) (not (=> (>= len 0) (>= minDiff 0)))) fail))

(query fail :print-certificate true)
==============================================================
   -> Checking if specs have changed...
      -> CHC files are different. Continuing iteration.

==================== Iteration: 2 ====================
TIMEOUT : 40
   -> Parsing CHC file: /Dualis/scripts/../benchmarks/ContextualHornICE_working_temp/StockOrder/StockOrder.smt2
   -> Starting HornICE with a 1000-second timeout...
      -> Logging HornICE output to iter_2.log
   -> HornICE completed successfully.
   -> Analyzing HornICE log file: iter_2.log
      -> Found 23 internal iterations.
   -> Writing new specs to harness: StockOrder_fuzz.cpp...
      -> Successfully created working copy '/Dualis/scripts/../benchmarks/ContextualHornICE_working_temp/StockOrder/StockOrder_fuzz.cpp'.
   -> Starting AFL++(StockOrder_fuzz) with a 40-second timeout...
   -> Building AFL-instrumented binary: /Dualis/scripts/../benchmarks/ContextualHornICE_working_temp/StockOrder/StockOrder_fuzz
   -> AFL++(StockOrder_fuzz) finished its fuzzing session.
   -> Checking fuzzing outputs for counterexamples...
Checking crashes
   -> Found 3 crash reports. Testing reproducibility...
   -> CRASH REPRODUCED with id:000000,sig:06,src:000000,time:567,execs:297,op:havoc,rep:5
   -> CRASH REPRODUCED with id:000002,sig:06,src:000000,time:1045,execs:1599,op:havoc,rep:6
   -> CRASH REPRODUCED with id:000001,sig:06,src:000000,time:805,execs:471,op:havoc,rep:8
Checking queue
   -> Found 36 crash reports. Testing reproducibility...
Checking hangs
   -> Converting counterexamples for 'StockOrder'...
      -> Found and validated 3 new rules.
   -> Updating CHC file with new counterexamples...

=============== Artifacts This Iteration ===============

--- Generated Specs ---
  addStockOrder: (((((order - minDiff1) - minDiff1) <= 0) && (order <= 0)) || ((((stock - order) - minDiff1) <= 0) && (order > 0)))
  inv: (minDiff > (-1))

--- New Test Cases Found ---
  (None)

--- Updated CHCs (for next iteration) ---
(declare-var len Int)
(declare-var len1 Int)
(declare-var minDiff Int)
(declare-var minDiff1 Int)
(declare-var stock Int)
(declare-var order Int)
(declare-rel addStockOrder (Int Int Int Int Int Int))
(declare-rel inv (Int Int))
(declare-rel fail ())
(define-fun MAX () Int 128)
(define-fun MIN () Int -129)

(rule (=> (and (= stock 10) (= order 9) (= len 6) (= len1 7) (= minDiff 0) (= minDiff1 0)) (addStockOrder stock order len len1 minDiff minDiff1)))
(rule (=> (and (= stock 25) (= order 1) (= len 2) (= len1 3) (= minDiff 0) (= minDiff1 0)) (addStockOrder stock order len len1 minDiff minDiff1)))
(rule (=> (and (= stock 46) (= order 6) (= len 1) (= len1 2) (= minDiff 0) (= minDiff1 0)) (addStockOrder stock order len len1 minDiff minDiff1)))

(rule (=> (and (= stock 1) (= order 1) (= len 0) (= len1 1) (= minDiff 128) (= minDiff1 0)) (addStockOrder stock order len len1 minDiff minDiff1)))
(rule (=> (and (= stock 0) (= order 0) (= len 0) (= len1 1) (= minDiff 128) (= minDiff1 0)) (addStockOrder stock order len len1 minDiff minDiff1)))
(rule (=> (and (= len 0) (= minDiff MAX)) (inv len minDiff)))
(rule (=> (and (inv len minDiff) (and (>= stock 0) (>= order 0) (<= order stock)) (addStockOrder stock order len minDiff len1 minDiff1)) (inv len1 minDiff1)))
(rule (=> (and (inv len minDiff) (not (and (>= stock 0) (>= order 0) (<= order stock)))) (inv len minDiff)))
(rule (=> (and (inv len minDiff) (not (=> (>= len 0) (>= minDiff 0)))) fail))

(query fail :print-certificate true)
==============================================================
   -> Checking if specs have changed...
      -> CHC files are different. Continuing iteration.

==================== Iteration: 3 ====================
TIMEOUT : 60
   -> Parsing CHC file: /Dualis/scripts/../benchmarks/ContextualHornICE_working_temp/StockOrder/StockOrder.smt2
   -> Starting HornICE with a 1000-second timeout...
      -> Logging HornICE output to iter_3.log
   -> HornICE completed successfully.
   -> Analyzing HornICE log file: iter_3.log
      -> Found 21 internal iterations.
   -> Writing new specs to harness: StockOrder_fuzz.cpp...
      -> Successfully created working copy '/Dualis/scripts/../benchmarks/ContextualHornICE_working_temp/StockOrder/StockOrder_fuzz.cpp'.
   -> Starting AFL++(StockOrder_fuzz) with a 60-second timeout...
   -> Building AFL-instrumented binary: /Dualis/scripts/../benchmarks/ContextualHornICE_working_temp/StockOrder/StockOrder_fuzz
   -> AFL++(StockOrder_fuzz) finished its fuzzing session.
   -> Checking fuzzing outputs for counterexamples...
Checking crashes
Checking queue
   -> Found 59 crash reports. Testing reproducibility...
Checking hangs
   -> Converting counterexamples for 'StockOrder'...
   -> Updating CHC file with new counterexamples...

=============== Artifacts This Iteration ===============

--- Generated Specs ---
  addStockOrder: (((((stock - order) - minDiff1) <= 0) && (len <= 0)) || ((minDiff1 > (-1)) && (len > 0)))
  inv: (minDiff > (-1))

--- New Test Cases Found ---
  (None)

--- Updated CHCs (for next iteration) ---
(declare-var len Int)
(declare-var len1 Int)
(declare-var minDiff Int)
(declare-var minDiff1 Int)
(declare-var stock Int)
(declare-var order Int)
(declare-rel addStockOrder (Int Int Int Int Int Int))
(declare-rel inv (Int Int))
(declare-rel fail ())
(define-fun MAX () Int 128)
(define-fun MIN () Int -129)


(rule (=> (and (= stock 10) (= order 9) (= len 6) (= len1 7) (= minDiff 0) (= minDiff1 0)) (addStockOrder stock order len len1 minDiff minDiff1)))
(rule (=> (and (= stock 25) (= order 1) (= len 2) (= len1 3) (= minDiff 0) (= minDiff1 0)) (addStockOrder stock order len len1 minDiff minDiff1)))
(rule (=> (and (= stock 46) (= order 6) (= len 1) (= len1 2) (= minDiff 0) (= minDiff1 0)) (addStockOrder stock order len len1 minDiff minDiff1)))
(rule (=> (and (= stock 1) (= order 1) (= len 0) (= len1 1) (= minDiff 128) (= minDiff1 0)) (addStockOrder stock order len len1 minDiff minDiff1)))
(rule (=> (and (= stock 0) (= order 0) (= len 0) (= len1 1) (= minDiff 128) (= minDiff1 0)) (addStockOrder stock order len len1 minDiff minDiff1)))
(rule (=> (and (= len 0) (= minDiff MAX)) (inv len minDiff)))
(rule (=> (and (inv len minDiff) (and (>= stock 0) (>= order 0) (<= order stock)) (addStockOrder stock order len minDiff len1 minDiff1)) (inv len1 minDiff1)))
(rule (=> (and (inv len minDiff) (not (and (>= stock 0) (>= order 0) (<= order stock)))) (inv len minDiff)))
(rule (=> (and (inv len minDiff) (not (=> (>= len 0) (>= minDiff 0)))) fail))

(query fail :print-certificate true)
==============================================================
   -> Checking if specs have changed...
      -> CHC files are different. Continuing iteration.

==================== Iteration: 4 ====================
TIMEOUT : 80
   -> Parsing CHC file: /Dualis/scripts/../benchmarks/ContextualHornICE_working_temp/StockOrder/StockOrder.smt2
   -> Starting HornICE with a 1000-second timeout...
      -> Logging HornICE output to iter_4.log
   -> HornICE completed successfully.
   -> Analyzing HornICE log file: iter_4.log
      -> Found 21 internal iterations.
   -> Writing new specs to harness: StockOrder_fuzz.cpp...
      -> Successfully created working copy '/Dualis/scripts/../benchmarks/ContextualHornICE_working_temp/StockOrder/StockOrder_fuzz.cpp'.
   -> Starting AFL++(StockOrder_fuzz) with a 80-second timeout...
   -> Building AFL-instrumented binary: /Dualis/scripts/../benchmarks/ContextualHornICE_working_temp/StockOrder/StockOrder_fuzz
   -> AFL++(StockOrder_fuzz) finished its fuzzing session.
   -> Checking fuzzing outputs for counterexamples...
Checking crashes
Checking queue
   -> Found 61 crash reports. Testing reproducibility...
Checking hangs
   -> Converting counterexamples for 'StockOrder'...
   -> Updating CHC file with new counterexamples...

=============== Artifacts This Iteration ===============

--- Generated Specs ---
  addStockOrder: (((((stock - order) - minDiff1) <= 0) && (len <= 0)) || ((minDiff1 > (-1)) && (len > 0)))
  inv: (minDiff > (-1))

--- New Test Cases Found ---
  (None)

--- Updated CHCs (for next iteration) ---
(declare-var len Int)
(declare-var len1 Int)
(declare-var minDiff Int)
(declare-var minDiff1 Int)
(declare-var stock Int)
(declare-var order Int)
(declare-rel addStockOrder (Int Int Int Int Int Int))
(declare-rel inv (Int Int))
(declare-rel fail ())
(define-fun MAX () Int 128)
(define-fun MIN () Int -129)


(rule (=> (and (= stock 10) (= order 9) (= len 6) (= len1 7) (= minDiff 0) (= minDiff1 0)) (addStockOrder stock order len len1 minDiff minDiff1)))
(rule (=> (and (= stock 25) (= order 1) (= len 2) (= len1 3) (= minDiff 0) (= minDiff1 0)) (addStockOrder stock order len len1 minDiff minDiff1)))
(rule (=> (and (= stock 46) (= order 6) (= len 1) (= len1 2) (= minDiff 0) (= minDiff1 0)) (addStockOrder stock order len len1 minDiff minDiff1)))
(rule (=> (and (= stock 1) (= order 1) (= len 0) (= len1 1) (= minDiff 128) (= minDiff1 0)) (addStockOrder stock order len len1 minDiff minDiff1)))
(rule (=> (and (= stock 0) (= order 0) (= len 0) (= len1 1) (= minDiff 128) (= minDiff1 0)) (addStockOrder stock order len len1 minDiff minDiff1)))
(rule (=> (and (= len 0) (= minDiff MAX)) (inv len minDiff)))
(rule (=> (and (inv len minDiff) (and (>= stock 0) (>= order 0) (<= order stock)) (addStockOrder stock order len minDiff len1 minDiff1)) (inv len1 minDiff1)))
(rule (=> (and (inv len minDiff) (not (and (>= stock 0) (>= order 0) (<= order stock)))) (inv len minDiff)))
(rule (=> (and (inv len minDiff) (not (=> (>= len 0) (>= minDiff 0)))) fail))

(query fail :print-certificate true)
==============================================================
   -> Checking if specs have changed...
      -> CHC files are identical. Pipeline has converged.
   -> 15-minute deep fuzzing converged. Pipeline complete.

==================== Finalizing Pipeline ====================

====================== Pipeline Finished =====================
Total External Iterations: 4
Total Unique Test Cases Found: 5
Total Internal Iterations: 69
  - Min: 4
  - Max: 23
  - Avg: 17.25
pipeline.run() took 0.0974 seconds.
Running command: /usr/bin/python3 chcverifynfuzz.py ContextualHornICE StockOrder
PID: 5993
========================================


Total Pipeline Duration: 216.34s
