(declare-rel inv (Int Int Int))
(declare-rel fail ())
(declare-rel push (Int Int Int))
(declare-var A Int)
(declare-var B Int)
(declare-var C Int)
(declare-var D Int)
(declare-var E Int)
(declare-var F Int)
(rule (=> (and (= C 1) (= B 0) (= A 0)) (push C B A)))
(rule (=> (and (= C 74) (= B 0) (= A 0)) (push C B A)))
(rule (=> (and (= C (- 1)) (= B 0) (= A 0)) (push C B A)))
(rule (=> (and (= C 0) (= B 0) (= A 1)) (push C B A)))
(rule (=> (and (= C 0) (= B 1) (= A 2)) (push C B A)))
(rule (=> (and (= C 123) (= B 0) (= A 0)) (push C B A)))
(rule (=> (and (= C 0) (= B 0)) (inv C B A)))
(rule (=> (and (inv F D E) (= E 0) (= F 0) (push E D B) (= C 1)) (inv C B A)))
(rule (let ((a!1 (and (inv C D E) (not (and (= E 0) (= C 0))) (= E 1) (push E D B))))
  (=> a!1 (inv C B A))))
(rule (let ((a!1 (and (inv C B D) (not (and (= D 0) (= C 0))) (not (= D 1)))))
  (=> a!1 (inv C B A))))
(rule (let ((a!1 (and (inv B A C) (not (=> (= B 1) (= A 1))))))
  (=> a!1 fail)))


Read 11 rules and 1 queries (1)

---------- Query 0 ----------
(fail@ true)
SMTlIB :: expr : (fail@ true)
SMTlIB :: expr_decl : (declare-fun fail@ (Bool) Bool)
chc_declarations: (declare-fun fail@ (Bool) Bool)

---------- Rule 0 ----------
(forall ((color Int) (bcount Int) (bcount1 Int))
  (=> (and (= color 1) (= bcount 0) (= bcount1 0)) (push color bcount bcount1)))
SMTlIB :: expr : (push k!2 k!1 k!0)
SMTlIB :: expr_decl : (declare-fun push (Int Int Int) Bool)

---------- Rule 1 ----------
(forall ((color Int) (bcount Int) (bcount1 Int))
  (=> (and (= color 74) (= bcount 0) (= bcount1 0)) (push color bcount bcount1)))
SMTlIB :: expr : (push k!5 k!4 k!3)
SMTlIB :: expr_decl : (declare-fun push (Int Int Int) Bool)

---------- Rule 2 ----------
(forall ((color Int) (bcount Int) (bcount1 Int))
  (=> (and (= color (- 1)) (= bcount 0) (= bcount1 0))
      (push color bcount bcount1)))
SMTlIB :: expr : (push k!8 k!7 k!6)
SMTlIB :: expr_decl : (declare-fun push (Int Int Int) Bool)

---------- Rule 3 ----------
(forall ((color Int) (bcount Int) (bcount1 Int))
  (=> (and (= color 0) (= bcount 0) (= bcount1 1)) (push color bcount bcount1)))
SMTlIB :: expr : (push k!11 k!10 k!9)
SMTlIB :: expr_decl : (declare-fun push (Int Int Int) Bool)

---------- Rule 4 ----------
(forall ((color Int) (bcount Int) (bcount1 Int))
  (=> (and (= color 0) (= bcount 1) (= bcount1 2)) (push color bcount bcount1)))
SMTlIB :: expr : (push k!14 k!13 k!12)
SMTlIB :: expr_decl : (declare-fun push (Int Int Int) Bool)

---------- Rule 5 ----------
(forall ((color Int) (bcount Int) (bcount1 Int))
  (=> (and (= color 123) (= bcount 0) (= bcount1 0))
      (push color bcount bcount1)))
SMTlIB :: expr : (push k!17 k!16 k!15)
SMTlIB :: expr_decl : (declare-fun push (Int Int Int) Bool)

---------- Rule 6 ----------
(forall ((inserted_blue1 Int) (bcount1 Int) (color Int))
  (=> (and (= inserted_blue1 0) (= bcount1 0))
      (inv inserted_blue1 bcount1 color)))
SMTlIB :: expr : (inv k!20 k!19 k!18)
SMTlIB :: expr_decl : (declare-fun inv (Int Int Int) Bool)

---------- Rule 7 ----------
(forall ((inserted_blue Int)
         (color Int)
         (bcount Int)
         (inserted_blue1 Int)
         (bcount1 Int)
         (color1 Int))
  (=> (and (inv inserted_blue bcount color)
           (= color 0)
           (= inserted_blue 0)
           (push color bcount bcount1)
           (= inserted_blue1 1))
      (inv inserted_blue1 bcount1 color1)))
SMTlIB :: expr : (inv k!26 k!24 k!25)
SMTlIB :: expr_decl : (declare-fun inv (Int Int Int) Bool)
SMTlIB :: expr : (push k!25 k!24 k!22)
SMTlIB :: expr_decl : (declare-fun push (Int Int Int) Bool)
SMTlIB :: expr : (inv k!23 k!22 k!21)
SMTlIB :: expr_decl : (declare-fun inv (Int Int Int) Bool)

---------- Rule 8 ----------
(forall ((color Int)
         (bcount Int)
         (inserted_blue Int)
         (bcount1 Int)
         (color1 Int))
  (let ((a!1 (and (inv inserted_blue bcount color)
                  (not (and (= color 0) (= inserted_blue 0)))
                  (= color 1)
                  (push color bcount bcount1))))
    (=> a!1 (inv inserted_blue bcount1 color1))))
SMTlIB :: expr : (inv k!29 k!30 k!31)
SMTlIB :: expr_decl : (declare-fun inv (Int Int Int) Bool)
SMTlIB :: expr : (push k!31 k!30 k!28)
SMTlIB :: expr_decl : (declare-fun push (Int Int Int) Bool)
SMTlIB :: expr : (inv k!29 k!28 k!27)
SMTlIB :: expr_decl : (declare-fun inv (Int Int Int) Bool)

---------- Rule 9 ----------
(forall ((color Int) (inserted_blue Int) (bcount Int) (color1 Int))
  (let ((a!1 (and (inv inserted_blue bcount color)
                  (not (and (= color 0) (= inserted_blue 0)))
                  (not (= color 1)))))
    (=> a!1 (inv inserted_blue bcount color1))))
SMTlIB :: expr : (inv k!34 k!33 k!35)
SMTlIB :: expr_decl : (declare-fun inv (Int Int Int) Bool)
SMTlIB :: expr : (inv k!34 k!33 k!32)
SMTlIB :: expr_decl : (declare-fun inv (Int Int Int) Bool)

---------- Rule 10 ----------
(forall ((color Int) (inserted_blue Int) (bcount Int))
  (let ((a!1 (and (inv inserted_blue bcount color)
                  (not (=> (= inserted_blue 1) (= bcount 1))))))
    (=> a!1 (fail@ true))))
SMTlIB :: expr : (inv k!37 k!36 k!38)
SMTlIB :: expr_decl : (declare-fun inv (Int Int Int) Bool)
SMTlIB :: expr : (fail@ true)
SMTlIB :: expr_decl : (declare-fun fail@ (Bool) Bool)

 Printing processed queries 
main::parsed 
---------- Relations to synthesize ----------
(declare-fun fail@ (Bool) Bool)
(declare-fun inv (Int Int Int) Bool)
(declare-fun push (Int Int Int) Bool)
---------- CHCs ----------
 -- CHC
(not (fail@ true))
 -- Uninterpreted predicates
(declare-fun fail@ (Bool) Bool)
 -- LHS
(fail@ true)
 -- RHS

 -- CHC
(=> (and (= k!2 1) (= k!1 0) (= k!0 0)) (push k!2 k!1 k!0))
 -- Uninterpreted predicates
(declare-fun push (Int Int Int) Bool)
 -- LHS
 -- RHS
(push k!2 k!1 k!0)

 -- CHC
(=> (and (= k!5 74) (= k!4 0) (= k!3 0)) (push k!5 k!4 k!3))
 -- Uninterpreted predicates
(declare-fun push (Int Int Int) Bool)
 -- LHS
 -- RHS
(push k!5 k!4 k!3)

 -- CHC
(=> (and (= k!8 (- 1)) (= k!7 0) (= k!6 0)) (push k!8 k!7 k!6))
 -- Uninterpreted predicates
(declare-fun push (Int Int Int) Bool)
 -- LHS
 -- RHS
(push k!8 k!7 k!6)

 -- CHC
(=> (and (= k!11 0) (= k!10 0) (= k!9 1)) (push k!11 k!10 k!9))
 -- Uninterpreted predicates
(declare-fun push (Int Int Int) Bool)
 -- LHS
 -- RHS
(push k!11 k!10 k!9)

 -- CHC
(=> (and (= k!14 0) (= k!13 1) (= k!12 2)) (push k!14 k!13 k!12))
 -- Uninterpreted predicates
(declare-fun push (Int Int Int) Bool)
 -- LHS
 -- RHS
(push k!14 k!13 k!12)

 -- CHC
(=> (and (= k!17 123) (= k!16 0) (= k!15 0)) (push k!17 k!16 k!15))
 -- Uninterpreted predicates
(declare-fun push (Int Int Int) Bool)
 -- LHS
 -- RHS
(push k!17 k!16 k!15)

 -- CHC
(=> (and (= k!20 0) (= k!19 0)) (inv k!20 k!19 k!18))
 -- Uninterpreted predicates
(declare-fun inv (Int Int Int) Bool)
 -- LHS
 -- RHS
(inv k!20 k!19 k!18)

 -- CHC
(=> (and (inv k!26 k!24 k!25)
         (= k!25 0)
         (= k!26 0)
         (push k!25 k!24 k!22)
         (= k!23 1))
    (inv k!23 k!22 k!21))
 -- Uninterpreted predicates
(declare-fun push (Int Int Int) Bool)
(declare-fun inv (Int Int Int) Bool)
 -- LHS
(push k!25 k!24 k!22)
(inv k!26 k!24 k!25)
 -- RHS
(inv k!23 k!22 k!21)

 -- CHC
(let ((a!1 (and (inv k!29 k!30 k!31)
                (not (and (= k!31 0) (= k!29 0)))
                (= k!31 1)
                (push k!31 k!30 k!28))))
  (=> a!1 (inv k!29 k!28 k!27)))
 -- Uninterpreted predicates
(declare-fun push (Int Int Int) Bool)
(declare-fun inv (Int Int Int) Bool)
 -- LHS
(push k!31 k!30 k!28)
(inv k!29 k!30 k!31)
 -- RHS
(inv k!29 k!28 k!27)

 -- CHC
(let ((a!1 (and (inv k!34 k!33 k!35)
                (not (and (= k!35 0) (= k!34 0)))
                (not (= k!35 1)))))
  (=> a!1 (inv k!34 k!33 k!32)))
 -- Uninterpreted predicates
(declare-fun inv (Int Int Int) Bool)
 -- LHS
(inv k!34 k!33 k!35)
 -- RHS
(inv k!34 k!33 k!32)

 -- CHC
(let ((a!1 (and (inv k!37 k!36 k!38) (not (=> (= k!37 1) (= k!36 1))))))
  (=> a!1 (fail@ true)))
 -- Uninterpreted predicates
(declare-fun fail@ (Bool) Bool)
(declare-fun inv (Int Int Int) Bool)
 -- LHS
(inv k!37 k!36 k!38)
 -- RHS
(fail@ true)


Printing parse CHCs and relations
chc ::  -- CHC
(not (fail@ true))
 -- Uninterpreted predicates
(declare-fun fail@ (Bool) Bool)
 -- LHS
(fail@ true)
 -- RHS

chc ::  -- CHC
(=> (and (= k!2 1) (= k!1 0) (= k!0 0)) (push k!2 k!1 k!0))
 -- Uninterpreted predicates
(declare-fun push (Int Int Int) Bool)
 -- LHS
 -- RHS
(push k!2 k!1 k!0)

chc ::  -- CHC
(=> (and (= k!5 74) (= k!4 0) (= k!3 0)) (push k!5 k!4 k!3))
 -- Uninterpreted predicates
(declare-fun push (Int Int Int) Bool)
 -- LHS
 -- RHS
(push k!5 k!4 k!3)

chc ::  -- CHC
(=> (and (= k!8 (- 1)) (= k!7 0) (= k!6 0)) (push k!8 k!7 k!6))
 -- Uninterpreted predicates
(declare-fun push (Int Int Int) Bool)
 -- LHS
 -- RHS
(push k!8 k!7 k!6)

chc ::  -- CHC
(=> (and (= k!11 0) (= k!10 0) (= k!9 1)) (push k!11 k!10 k!9))
 -- Uninterpreted predicates
(declare-fun push (Int Int Int) Bool)
 -- LHS
 -- RHS
(push k!11 k!10 k!9)

chc ::  -- CHC
(=> (and (= k!14 0) (= k!13 1) (= k!12 2)) (push k!14 k!13 k!12))
 -- Uninterpreted predicates
(declare-fun push (Int Int Int) Bool)
 -- LHS
 -- RHS
(push k!14 k!13 k!12)

chc ::  -- CHC
(=> (and (= k!17 123) (= k!16 0) (= k!15 0)) (push k!17 k!16 k!15))
 -- Uninterpreted predicates
(declare-fun push (Int Int Int) Bool)
 -- LHS
 -- RHS
(push k!17 k!16 k!15)

chc ::  -- CHC
(=> (and (= k!20 0) (= k!19 0)) (inv k!20 k!19 k!18))
 -- Uninterpreted predicates
(declare-fun inv (Int Int Int) Bool)
 -- LHS
 -- RHS
(inv k!20 k!19 k!18)

chc ::  -- CHC
(=> (and (inv k!26 k!24 k!25)
         (= k!25 0)
         (= k!26 0)
         (push k!25 k!24 k!22)
         (= k!23 1))
    (inv k!23 k!22 k!21))
 -- Uninterpreted predicates
(declare-fun push (Int Int Int) Bool)
(declare-fun inv (Int Int Int) Bool)
 -- LHS
(push k!25 k!24 k!22)
(inv k!26 k!24 k!25)
 -- RHS
(inv k!23 k!22 k!21)

chc ::  -- CHC
(let ((a!1 (and (inv k!29 k!30 k!31)
                (not (and (= k!31 0) (= k!29 0)))
                (= k!31 1)
                (push k!31 k!30 k!28))))
  (=> a!1 (inv k!29 k!28 k!27)))
 -- Uninterpreted predicates
(declare-fun push (Int Int Int) Bool)
(declare-fun inv (Int Int Int) Bool)
 -- LHS
(push k!31 k!30 k!28)
(inv k!29 k!30 k!31)
 -- RHS
(inv k!29 k!28 k!27)

chc ::  -- CHC
(let ((a!1 (and (inv k!34 k!33 k!35)
                (not (and (= k!35 0) (= k!34 0)))
                (not (= k!35 1)))))
  (=> a!1 (inv k!34 k!33 k!32)))
 -- Uninterpreted predicates
(declare-fun inv (Int Int Int) Bool)
 -- LHS
(inv k!34 k!33 k!35)
 -- RHS
(inv k!34 k!33 k!32)

chc ::  -- CHC
(let ((a!1 (and (inv k!37 k!36 k!38) (not (=> (= k!37 1) (= k!36 1))))))
  (=> a!1 (fail@ true)))
 -- Uninterpreted predicates
(declare-fun fail@ (Bool) Bool)
(declare-fun inv (Int Int Int) Bool)
 -- LHS
(inv k!37 k!36 k!38)
 -- RHS
(fail@ true)

rel :: (declare-fun fail@ (Bool) Bool)
rel :: (declare-fun inv (Int Int Int) Bool)
rel :: (declare-fun push (Int Int Int) Bool)
In learn2
In learner_interface
In configure_learner
learner_interface:: relations in the CHCs : 
(declare-fun fail@ (Bool) Bool)
(declare-fun inv (Int Int Int) Bool)
(declare-fun push (Int Int Int) Bool)
learner_interface :: Relation : (declare-fun fail@ (Bool) Bool) is mapped to CatID :  0
learner_interfaceCatID : 0 is mapped to Relation : (declare-fun fail@ (Bool) Bool)
learner_interfaceRelation : (declare-fun fail@ (Bool) Bool) is mapped to baseval :  0
Attribute Identifier : 1 attribute : fail@#0Bool
add_integer_attribute::Integer Attribute::fail@#0
learner_interface :: Relation : (declare-fun inv (Int Int Int) Bool) is mapped to CatID :  1
learner_interfaceCatID : 1 is mapped to Relation : (declare-fun inv (Int Int Int) Bool)
learner_interfaceRelation : (declare-fun inv (Int Int Int) Bool) is mapped to baseval :  1
Attribute Identifier : 2 attribute : inv#0Int
add_integer_attribute::Integer Attribute::inv#0
Attribute Identifier : 3 attribute : inv#1Int
add_integer_attribute::Integer Attribute::inv#1
Attribute Identifier : 4 attribute : inv#2Int
add_integer_attribute::Integer Attribute::inv#2
add_integer_attribute::Integer Attribute::|inv#0|+|inv#1|+|inv#2|
learner_interfaceDerived Attribute Identifier : 5 Derived attribute : (+ |inv#0| |inv#1| |inv#2|)
add_integer_attribute::Integer Attribute::|inv#0|-|inv#1|-|inv#2|
learner_interfaceDerived Attribute Identifier : 6 Derived attribute : (- (- |inv#0| |inv#1|) |inv#2|)
add_integer_attribute::Integer Attribute::|inv#0|+|inv#1|-|inv#2|
learner_interfaceDerived Attribute Identifier : 7 Derived attribute : (- (+ |inv#0| |inv#1|) |inv#2|)
add_integer_attribute::Integer Attribute::|inv#0|-|inv#1|+|inv#2|
learner_interfaceDerived Attribute Identifier : 8 Derived attribute : (+ (- |inv#0| |inv#1|) |inv#2|)
add_integer_attribute::Integer Attribute::|inv#0|+|inv#2|+|inv#1|
learner_interfaceDerived Attribute Identifier : 9 Derived attribute : (+ |inv#0| |inv#2| |inv#1|)
add_integer_attribute::Integer Attribute::|inv#0|-|inv#2|-|inv#1|
learner_interfaceDerived Attribute Identifier : 10 Derived attribute : (- (- |inv#0| |inv#2|) |inv#1|)
add_integer_attribute::Integer Attribute::|inv#0|+|inv#2|-|inv#1|
learner_interfaceDerived Attribute Identifier : 11 Derived attribute : (- (+ |inv#0| |inv#2|) |inv#1|)
add_integer_attribute::Integer Attribute::|inv#0|-|inv#2|+|inv#1|
learner_interfaceDerived Attribute Identifier : 12 Derived attribute : (+ (- |inv#0| |inv#2|) |inv#1|)
add_integer_attribute::Integer Attribute::|inv#1|+|inv#0|+|inv#2|
learner_interfaceDerived Attribute Identifier : 13 Derived attribute : (+ |inv#1| |inv#0| |inv#2|)
add_integer_attribute::Integer Attribute::|inv#1|-|inv#0|-|inv#2|
learner_interfaceDerived Attribute Identifier : 14 Derived attribute : (- (- |inv#1| |inv#0|) |inv#2|)
add_integer_attribute::Integer Attribute::|inv#1|+|inv#0|-|inv#2|
learner_interfaceDerived Attribute Identifier : 15 Derived attribute : (- (+ |inv#1| |inv#0|) |inv#2|)
add_integer_attribute::Integer Attribute::|inv#1|-|inv#0|+|inv#2|
learner_interfaceDerived Attribute Identifier : 16 Derived attribute : (+ (- |inv#1| |inv#0|) |inv#2|)
add_integer_attribute::Integer Attribute::|inv#1|+|inv#2|+|inv#0|
learner_interfaceDerived Attribute Identifier : 17 Derived attribute : (+ |inv#1| |inv#2| |inv#0|)
add_integer_attribute::Integer Attribute::|inv#1|-|inv#2|-|inv#0|
learner_interfaceDerived Attribute Identifier : 18 Derived attribute : (- (- |inv#1| |inv#2|) |inv#0|)
add_integer_attribute::Integer Attribute::|inv#1|+|inv#2|-|inv#0|
learner_interfaceDerived Attribute Identifier : 19 Derived attribute : (- (+ |inv#1| |inv#2|) |inv#0|)
add_integer_attribute::Integer Attribute::|inv#1|-|inv#2|+|inv#0|
learner_interfaceDerived Attribute Identifier : 20 Derived attribute : (+ (- |inv#1| |inv#2|) |inv#0|)
add_integer_attribute::Integer Attribute::|inv#2|+|inv#0|+|inv#1|
learner_interfaceDerived Attribute Identifier : 21 Derived attribute : (+ |inv#2| |inv#0| |inv#1|)
add_integer_attribute::Integer Attribute::|inv#2|-|inv#0|-|inv#1|
learner_interfaceDerived Attribute Identifier : 22 Derived attribute : (- (- |inv#2| |inv#0|) |inv#1|)
add_integer_attribute::Integer Attribute::|inv#2|+|inv#0|-|inv#1|
learner_interfaceDerived Attribute Identifier : 23 Derived attribute : (- (+ |inv#2| |inv#0|) |inv#1|)
add_integer_attribute::Integer Attribute::|inv#2|-|inv#0|+|inv#1|
learner_interfaceDerived Attribute Identifier : 24 Derived attribute : (+ (- |inv#2| |inv#0|) |inv#1|)
add_integer_attribute::Integer Attribute::|inv#2|+|inv#1|+|inv#0|
learner_interfaceDerived Attribute Identifier : 25 Derived attribute : (+ |inv#2| |inv#1| |inv#0|)
add_integer_attribute::Integer Attribute::|inv#2|-|inv#1|-|inv#0|
learner_interfaceDerived Attribute Identifier : 26 Derived attribute : (- (- |inv#2| |inv#1|) |inv#0|)
add_integer_attribute::Integer Attribute::|inv#2|+|inv#1|-|inv#0|
learner_interfaceDerived Attribute Identifier : 27 Derived attribute : (- (+ |inv#2| |inv#1|) |inv#0|)
add_integer_attribute::Integer Attribute::|inv#2|-|inv#1|+|inv#0|
learner_interfaceDerived Attribute Identifier : 28 Derived attribute : (+ (- |inv#2| |inv#1|) |inv#0|)
add_integer_attribute::Integer Attribute::|inv#0|+|inv#2|+|inv#2|
learner_interfaceDerived Attribute Identifier : 29 Derived attribute : (+ |inv#0| |inv#2| |inv#2|)
add_integer_attribute::Integer Attribute::|inv#0|-|inv#2|-|inv#2|
learner_interfaceDerived Attribute Identifier : 30 Derived attribute : (- (- |inv#0| |inv#2|) |inv#2|)
add_integer_attribute::Integer Attribute::|inv#0|+|inv#2|-|inv#2|
learner_interfaceDerived Attribute Identifier : 31 Derived attribute : (- (+ |inv#0| |inv#2|) |inv#2|)
add_integer_attribute::Integer Attribute::|inv#0|-|inv#2|+|inv#2|
learner_interfaceDerived Attribute Identifier : 32 Derived attribute : (+ (- |inv#0| |inv#2|) |inv#2|)
add_integer_attribute::Integer Attribute::|inv#2|+|inv#0|+|inv#2|
learner_interfaceDerived Attribute Identifier : 33 Derived attribute : (+ |inv#2| |inv#0| |inv#2|)
add_integer_attribute::Integer Attribute::|inv#2|-|inv#0|-|inv#2|
learner_interfaceDerived Attribute Identifier : 34 Derived attribute : (- (- |inv#2| |inv#0|) |inv#2|)
add_integer_attribute::Integer Attribute::|inv#2|+|inv#0|-|inv#2|
learner_interfaceDerived Attribute Identifier : 35 Derived attribute : (- (+ |inv#2| |inv#0|) |inv#2|)
add_integer_attribute::Integer Attribute::|inv#2|-|inv#0|+|inv#2|
learner_interfaceDerived Attribute Identifier : 36 Derived attribute : (+ (- |inv#2| |inv#0|) |inv#2|)
add_integer_attribute::Integer Attribute::|inv#2|+|inv#2|+|inv#0|
learner_interfaceDerived Attribute Identifier : 37 Derived attribute : (+ |inv#2| |inv#2| |inv#0|)
add_integer_attribute::Integer Attribute::|inv#2|-|inv#2|-|inv#0|
learner_interfaceDerived Attribute Identifier : 38 Derived attribute : (- (- |inv#2| |inv#2|) |inv#0|)
add_integer_attribute::Integer Attribute::|inv#2|+|inv#2|-|inv#0|
learner_interfaceDerived Attribute Identifier : 39 Derived attribute : (- (+ |inv#2| |inv#2|) |inv#0|)
add_integer_attribute::Integer Attribute::|inv#2|-|inv#2|+|inv#0|
learner_interfaceDerived Attribute Identifier : 40 Derived attribute : (+ (- |inv#2| |inv#2|) |inv#0|)
add_integer_attribute::Integer Attribute::|inv#0|+|inv#1|
learner_interfaceDerived Attribute Identifier : 41 Derived attribute : (+ |inv#0| |inv#1|)
add_integer_attribute::Integer Attribute::|inv#0|-|inv#1|
learner_interfaceDerived Attribute Identifier : 42 Derived attribute : (- |inv#0| |inv#1|)
add_integer_attribute::Integer Attribute::|inv#0|+|inv#2|
learner_interfaceDerived Attribute Identifier : 43 Derived attribute : (+ |inv#0| |inv#2|)
add_integer_attribute::Integer Attribute::|inv#0|-|inv#2|
learner_interfaceDerived Attribute Identifier : 44 Derived attribute : (- |inv#0| |inv#2|)
add_integer_attribute::Integer Attribute::|inv#1|+|inv#2|
learner_interfaceDerived Attribute Identifier : 45 Derived attribute : (+ |inv#1| |inv#2|)
add_integer_attribute::Integer Attribute::|inv#1|-|inv#2|
learner_interfaceDerived Attribute Identifier : 46 Derived attribute : (- |inv#1| |inv#2|)
learner_interface :: Relation : (declare-fun push (Int Int Int) Bool) is mapped to CatID :  2
learner_interfaceCatID : 2 is mapped to Relation : (declare-fun push (Int Int Int) Bool)
learner_interfaceRelation : (declare-fun push (Int Int Int) Bool) is mapped to baseval :  46
Attribute Identifier : 47 attribute : push#0Int
add_integer_attribute::Integer Attribute::push#0
Attribute Identifier : 48 attribute : push#1Int
add_integer_attribute::Integer Attribute::push#1
Attribute Identifier : 49 attribute : push#2Int
add_integer_attribute::Integer Attribute::push#2
add_integer_attribute::Integer Attribute::|push#0|+|push#1|+|push#2|
learner_interfaceDerived Attribute Identifier : 50 Derived attribute : (+ |push#0| |push#1| |push#2|)
add_integer_attribute::Integer Attribute::|push#0|-|push#1|-|push#2|
learner_interfaceDerived Attribute Identifier : 51 Derived attribute : (- (- |push#0| |push#1|) |push#2|)
add_integer_attribute::Integer Attribute::|push#0|+|push#1|-|push#2|
learner_interfaceDerived Attribute Identifier : 52 Derived attribute : (- (+ |push#0| |push#1|) |push#2|)
add_integer_attribute::Integer Attribute::|push#0|-|push#1|+|push#2|
learner_interfaceDerived Attribute Identifier : 53 Derived attribute : (+ (- |push#0| |push#1|) |push#2|)
add_integer_attribute::Integer Attribute::|push#0|+|push#2|+|push#1|
learner_interfaceDerived Attribute Identifier : 54 Derived attribute : (+ |push#0| |push#2| |push#1|)
add_integer_attribute::Integer Attribute::|push#0|-|push#2|-|push#1|
learner_interfaceDerived Attribute Identifier : 55 Derived attribute : (- (- |push#0| |push#2|) |push#1|)
add_integer_attribute::Integer Attribute::|push#0|+|push#2|-|push#1|
learner_interfaceDerived Attribute Identifier : 56 Derived attribute : (- (+ |push#0| |push#2|) |push#1|)
add_integer_attribute::Integer Attribute::|push#0|-|push#2|+|push#1|
learner_interfaceDerived Attribute Identifier : 57 Derived attribute : (+ (- |push#0| |push#2|) |push#1|)
add_integer_attribute::Integer Attribute::|push#1|+|push#0|+|push#2|
learner_interfaceDerived Attribute Identifier : 58 Derived attribute : (+ |push#1| |push#0| |push#2|)
add_integer_attribute::Integer Attribute::|push#1|-|push#0|-|push#2|
learner_interfaceDerived Attribute Identifier : 59 Derived attribute : (- (- |push#1| |push#0|) |push#2|)
add_integer_attribute::Integer Attribute::|push#1|+|push#0|-|push#2|
learner_interfaceDerived Attribute Identifier : 60 Derived attribute : (- (+ |push#1| |push#0|) |push#2|)
add_integer_attribute::Integer Attribute::|push#1|-|push#0|+|push#2|
learner_interfaceDerived Attribute Identifier : 61 Derived attribute : (+ (- |push#1| |push#0|) |push#2|)
add_integer_attribute::Integer Attribute::|push#1|+|push#2|+|push#0|
learner_interfaceDerived Attribute Identifier : 62 Derived attribute : (+ |push#1| |push#2| |push#0|)
add_integer_attribute::Integer Attribute::|push#1|-|push#2|-|push#0|
learner_interfaceDerived Attribute Identifier : 63 Derived attribute : (- (- |push#1| |push#2|) |push#0|)
add_integer_attribute::Integer Attribute::|push#1|+|push#2|-|push#0|
learner_interfaceDerived Attribute Identifier : 64 Derived attribute : (- (+ |push#1| |push#2|) |push#0|)
add_integer_attribute::Integer Attribute::|push#1|-|push#2|+|push#0|
learner_interfaceDerived Attribute Identifier : 65 Derived attribute : (+ (- |push#1| |push#2|) |push#0|)
add_integer_attribute::Integer Attribute::|push#2|+|push#0|+|push#1|
learner_interfaceDerived Attribute Identifier : 66 Derived attribute : (+ |push#2| |push#0| |push#1|)
add_integer_attribute::Integer Attribute::|push#2|-|push#0|-|push#1|
learner_interfaceDerived Attribute Identifier : 67 Derived attribute : (- (- |push#2| |push#0|) |push#1|)
add_integer_attribute::Integer Attribute::|push#2|+|push#0|-|push#1|
learner_interfaceDerived Attribute Identifier : 68 Derived attribute : (- (+ |push#2| |push#0|) |push#1|)
add_integer_attribute::Integer Attribute::|push#2|-|push#0|+|push#1|
learner_interfaceDerived Attribute Identifier : 69 Derived attribute : (+ (- |push#2| |push#0|) |push#1|)
add_integer_attribute::Integer Attribute::|push#2|+|push#1|+|push#0|
learner_interfaceDerived Attribute Identifier : 70 Derived attribute : (+ |push#2| |push#1| |push#0|)
add_integer_attribute::Integer Attribute::|push#2|-|push#1|-|push#0|
learner_interfaceDerived Attribute Identifier : 71 Derived attribute : (- (- |push#2| |push#1|) |push#0|)
add_integer_attribute::Integer Attribute::|push#2|+|push#1|-|push#0|
learner_interfaceDerived Attribute Identifier : 72 Derived attribute : (- (+ |push#2| |push#1|) |push#0|)
add_integer_attribute::Integer Attribute::|push#2|-|push#1|+|push#0|
learner_interfaceDerived Attribute Identifier : 73 Derived attribute : (+ (- |push#2| |push#1|) |push#0|)
add_integer_attribute::Integer Attribute::|push#0|+|push#2|+|push#2|
learner_interfaceDerived Attribute Identifier : 74 Derived attribute : (+ |push#0| |push#2| |push#2|)
add_integer_attribute::Integer Attribute::|push#0|-|push#2|-|push#2|
learner_interfaceDerived Attribute Identifier : 75 Derived attribute : (- (- |push#0| |push#2|) |push#2|)
add_integer_attribute::Integer Attribute::|push#0|+|push#2|-|push#2|
learner_interfaceDerived Attribute Identifier : 76 Derived attribute : (- (+ |push#0| |push#2|) |push#2|)
add_integer_attribute::Integer Attribute::|push#0|-|push#2|+|push#2|
learner_interfaceDerived Attribute Identifier : 77 Derived attribute : (+ (- |push#0| |push#2|) |push#2|)
add_integer_attribute::Integer Attribute::|push#2|+|push#0|+|push#2|
learner_interfaceDerived Attribute Identifier : 78 Derived attribute : (+ |push#2| |push#0| |push#2|)
add_integer_attribute::Integer Attribute::|push#2|-|push#0|-|push#2|
learner_interfaceDerived Attribute Identifier : 79 Derived attribute : (- (- |push#2| |push#0|) |push#2|)
add_integer_attribute::Integer Attribute::|push#2|+|push#0|-|push#2|
learner_interfaceDerived Attribute Identifier : 80 Derived attribute : (- (+ |push#2| |push#0|) |push#2|)
add_integer_attribute::Integer Attribute::|push#2|-|push#0|+|push#2|
learner_interfaceDerived Attribute Identifier : 81 Derived attribute : (+ (- |push#2| |push#0|) |push#2|)
add_integer_attribute::Integer Attribute::|push#2|+|push#2|+|push#0|
learner_interfaceDerived Attribute Identifier : 82 Derived attribute : (+ |push#2| |push#2| |push#0|)
add_integer_attribute::Integer Attribute::|push#2|-|push#2|-|push#0|
learner_interfaceDerived Attribute Identifier : 83 Derived attribute : (- (- |push#2| |push#2|) |push#0|)
add_integer_attribute::Integer Attribute::|push#2|+|push#2|-|push#0|
learner_interfaceDerived Attribute Identifier : 84 Derived attribute : (- (+ |push#2| |push#2|) |push#0|)
add_integer_attribute::Integer Attribute::|push#2|-|push#2|+|push#0|
learner_interfaceDerived Attribute Identifier : 85 Derived attribute : (+ (- |push#2| |push#2|) |push#0|)
add_integer_attribute::Integer Attribute::|push#0|+|push#1|
learner_interfaceDerived Attribute Identifier : 86 Derived attribute : (+ |push#0| |push#1|)
add_integer_attribute::Integer Attribute::|push#0|-|push#1|
learner_interfaceDerived Attribute Identifier : 87 Derived attribute : (- |push#0| |push#1|)
add_integer_attribute::Integer Attribute::|push#0|+|push#2|
learner_interfaceDerived Attribute Identifier : 88 Derived attribute : (+ |push#0| |push#2|)
add_integer_attribute::Integer Attribute::|push#0|-|push#2|
learner_interfaceDerived Attribute Identifier : 89 Derived attribute : (- |push#0| |push#2|)
add_integer_attribute::Integer Attribute::|push#1|+|push#2|
learner_interfaceDerived Attribute Identifier : 90 Derived attribute : (+ |push#1| |push#2|)
add_integer_attribute::Integer Attribute::|push#1|-|push#2|
learner_interfaceDerived Attribute Identifier : 91 Derived attribute : (- |push#1| |push#2|)
===========================================
Learning Iteration: 0
===========================================
In :: get_conjectures
In :: learn_decision_tree
In :: horn_verification::learner<JobManager>::learner(const JobManager&) [with JobManager = horn_verification::complex_job_manager]
In:: learn
get_conjectures:: Printing the Decision Tree
true
Return from map_dt_z3
In::get_unordered_map

=========================
Printing the conjectures
Conjecture: (declare-fun fail@ (Bool) Bool)[|fail@#0|] -> true
Conjecture: (declare-fun inv (Int Int Int) Bool)[|inv#0|, |inv#1|, |inv#2|] -> true
Conjecture: (declare-fun push (Int Int Int) Bool)[|push#0|, |push#1|, |push#2|] -> true
=========================
In::add_counterexample
In::get_unique_learner_datapoint
=============
get_unique_learner_datapoint::Current Teacher Datapoint: fail@(true)
get_int_data::Printing integer attributes
get_unique_learner_datapoint:: Current Teacher Datapoint: fail@(true)
add_counterexample Current teacher datapoint(Negative) : fail@(true)
===========================================
Learning Iteration: 1
===========================================
In :: get_conjectures
In :: learn_decision_tree
In :: horn_verification::learner<JobManager>::learner(const JobManager&) [with JobManager = horn_verification::complex_job_manager]
In:: learn
In  chc run
run::New Categorical Node  attribute: 0
run::Categorical node child :0
run::Categorical node child :0
run::Categorical node child :0
run::Categorical Node Metadata 
Categorical attributes: $func (3)
Integer attributes: In chc run
get_conjectures:: Printing the Decision Tree
switch x[0]
 false
 NULL
 NULL
Return from map_dt_z3
In::get_unordered_map

=========================
Printing the conjectures
Conjecture: (declare-fun push (Int Int Int) Bool)[|push#0|, |push#1|, |push#2|] -> false
Conjecture: (declare-fun inv (Int Int Int) Bool)[|inv#0|, |inv#1|, |inv#2|] -> false
Conjecture: (declare-fun fail@ (Bool) Bool)[|fail@#0|] -> false
=========================
In::add_counterexample
add_counterexample Current counterexample : {} => {push(1, 0, 0)}
add_counterexample Current teacher datapoint : push(1, 0, 0)
In::get_unique_learner_datapoint
=============
get_unique_learner_datapoint::Current Teacher Datapoint: push(1, 0, 0)
get_int_data::Printing integer attributes
get_unique_learner_datapoint:: Current Teacher Datapoint: push(1, 0, 0)
add_counterexample Current teacher datapoint(Positive) : push(1, 0, 0)
In::add_counterexample
add_counterexample Current counterexample : {} => {push(74, 0, 0)}
add_counterexample Current teacher datapoint : push(74, 0, 0)
In::get_unique_learner_datapoint
=============
get_unique_learner_datapoint::Current Teacher Datapoint: push(74, 0, 0)
get_int_data::Printing integer attributes
get_unique_learner_datapoint:: Current Teacher Datapoint: push(74, 0, 0)
add_counterexample Current teacher datapoint(Positive) : push(74, 0, 0)
In::add_counterexample
add_counterexample Current counterexample : {} => {push((- 1), 0, 0)}
add_counterexample Current teacher datapoint : push((- 1), 0, 0)
In::get_unique_learner_datapoint
=============
get_unique_learner_datapoint::Current Teacher Datapoint: push((- 1), 0, 0)
get_int_data::Printing integer attributes
get_unique_learner_datapoint:: Current Teacher Datapoint: push((- 1), 0, 0)
add_counterexample Current teacher datapoint(Positive) : push((- 1), 0, 0)
In::add_counterexample
add_counterexample Current counterexample : {} => {push(0, 0, 1)}
add_counterexample Current teacher datapoint : push(0, 0, 1)
In::get_unique_learner_datapoint
=============
get_unique_learner_datapoint::Current Teacher Datapoint: push(0, 0, 1)
get_int_data::Printing integer attributes
get_unique_learner_datapoint:: Current Teacher Datapoint: push(0, 0, 1)
add_counterexample Current teacher datapoint(Positive) : push(0, 0, 1)
In::add_counterexample
add_counterexample Current counterexample : {} => {push(0, 1, 2)}
add_counterexample Current teacher datapoint : push(0, 1, 2)
In::get_unique_learner_datapoint
=============
get_unique_learner_datapoint::Current Teacher Datapoint: push(0, 1, 2)
get_int_data::Printing integer attributes
get_unique_learner_datapoint:: Current Teacher Datapoint: push(0, 1, 2)
add_counterexample Current teacher datapoint(Positive) : push(0, 1, 2)
In::add_counterexample
add_counterexample Current counterexample : {} => {push(123, 0, 0)}
add_counterexample Current teacher datapoint : push(123, 0, 0)
In::get_unique_learner_datapoint
=============
get_unique_learner_datapoint::Current Teacher Datapoint: push(123, 0, 0)
get_int_data::Printing integer attributes
get_unique_learner_datapoint:: Current Teacher Datapoint: push(123, 0, 0)
add_counterexample Current teacher datapoint(Positive) : push(123, 0, 0)
In::add_counterexample
add_counterexample Current counterexample : {} => {inv(0, 0, 0)}
add_counterexample Current teacher datapoint : inv(0, 0, 0)
In::get_unique_learner_datapoint
=============
get_unique_learner_datapoint::Current Teacher Datapoint: inv(0, 0, 0)
get_int_data::Printing integer attributes
get_unique_learner_datapoint:: Current Teacher Datapoint: inv(0, 0, 0)
add_counterexample Current teacher datapoint(Positive) : inv(0, 0, 0)
===========================================
Learning Iteration: 2
===========================================
In :: get_conjectures
In :: learn_decision_tree
In :: horn_verification::learner<JobManager>::learner(const JobManager&) [with JobManager = horn_verification::complex_job_manager]
In:: learn
In  chc run
run::New Categorical Node  attribute: 0
run::Categorical node child :0
run::Categorical node child :0
run::Categorical node child :0
run::Categorical Node Metadata 
Categorical attributes: $func (3)
Integer attributes: In chc run
In chc run
In chc run
get_conjectures:: Printing the Decision Tree
switch x[0]
 false
 true
 true
Return from map_dt_z3
In::get_unordered_map

=========================
Printing the conjectures
Conjecture: (declare-fun push (Int Int Int) Bool)[|push#0|, |push#1|, |push#2|] -> true
Conjecture: (declare-fun inv (Int Int Int) Bool)[|inv#0|, |inv#1|, |inv#2|] -> true
Conjecture: (declare-fun fail@ (Bool) Bool)[|fail@#0|] -> false
=========================
In::add_counterexample
In::get_unique_learner_datapoint
=============
get_unique_learner_datapoint::Current Teacher Datapoint: fail@(true)
In::get_unique_learner_datapoint
=============
get_unique_learner_datapoint::Current Teacher Datapoint: inv(1, 2, 0)
get_int_data::Printing integer attributes
get_unique_learner_datapoint:: Current Teacher Datapoint: inv(1, 2, 0)
add_counterexample Current teacher datapoint(horn) : {inv(1, 2, 0)} => {fail@(true)}
===========================================
Learning Iteration: 3
===========================================
In :: get_conjectures
In :: learn_decision_tree
In :: horn_verification::learner<JobManager>::learner(const JobManager&) [with JobManager = horn_verification::complex_job_manager]
In:: learn
In  chc run
run::New Categorical Node  attribute: 0
run::Categorical node child :0
run::Categorical node child :0
run::Categorical node child :0
run::Categorical Node Metadata 
Categorical attributes: $func (3)
Integer attributes: In chc run
In chc run
In chc run
In chc run
In chc run
get_conjectures:: Printing the Decision Tree
switch x[0]
 false
 if x[1] <= 0
  true
  false
 true
Return from map_dt_z3
In::get_unordered_map

=========================
Printing the conjectures
Conjecture: (declare-fun push (Int Int Int) Bool)[|push#0|, |push#1|, |push#2|] -> true
Conjecture: (declare-fun inv (Int Int Int) Bool)[|inv#0|, |inv#1|, |inv#2|] -> (<= |inv#0| 0)
Conjecture: (declare-fun fail@ (Bool) Bool)[|fail@#0|] -> false
=========================
In::add_counterexample
In::get_unique_learner_datapoint
=============
get_unique_learner_datapoint::Current Teacher Datapoint: inv(1, 0, 0)
get_int_data::Printing integer attributes
get_unique_learner_datapoint:: Current Teacher Datapoint: inv(1, 0, 0)
In::get_unique_learner_datapoint
=============
get_unique_learner_datapoint::Current Teacher Datapoint: push(0, 0, 0)
get_int_data::Printing integer attributes
get_unique_learner_datapoint:: Current Teacher Datapoint: push(0, 0, 0)
In::get_unique_learner_datapoint
=============
get_unique_learner_datapoint::Current Teacher Datapoint: inv(0, 0, 0)
get_int_data::Printing integer attributes
get_unique_learner_datapoint:: Current Teacher Datapoint: inv(0, 0, 0)
add_counterexample Current teacher datapoint(horn) : {push(0, 0, 0), inv(0, 0, 0)} => {inv(1, 0, 0)}
===========================================
Learning Iteration: 4
===========================================
In :: get_conjectures
In :: learn_decision_tree
In :: horn_verification::learner<JobManager>::learner(const JobManager&) [with JobManager = horn_verification::complex_job_manager]
In:: learn
In  chc run
run::New Categorical Node  attribute: 0
run::Categorical node child :0
run::Categorical node child :0
run::Categorical node child :0
run::Categorical Node Metadata 
Categorical attributes: $func (3)
Integer attributes: In chc run
In chc run
In chc run
In chc run
In chc run
In chc run
In chc run
get_conjectures:: Printing the Decision Tree
switch x[0]
 false
 if x[1] <= 0
  true
  if x[2] <= 0
   true
   false
 true
Return from map_dt_z3
In::get_unordered_map

=========================
Printing the conjectures
Conjecture: (declare-fun push (Int Int Int) Bool)[|push#0|, |push#1|, |push#2|] -> true
Conjecture: (declare-fun inv (Int Int Int) Bool)[|inv#0|, |inv#1|, |inv#2|] -> (or (<= |inv#0| 0) (and (<= |inv#1| 0) (> |inv#0| 0)))
Conjecture: (declare-fun fail@ (Bool) Bool)[|fail@#0|] -> false
=========================
In::add_counterexample
In::get_unique_learner_datapoint
=============
get_unique_learner_datapoint::Current Teacher Datapoint: inv(1, 1, 0)
get_int_data::Printing integer attributes
get_unique_learner_datapoint:: Current Teacher Datapoint: inv(1, 1, 0)
In::get_unique_learner_datapoint
=============
get_unique_learner_datapoint::Current Teacher Datapoint: push(0, 0, 1)
get_int_data::Printing integer attributes
get_unique_learner_datapoint:: Current Teacher Datapoint: push(0, 0, 1)
In::get_unique_learner_datapoint
=============
get_unique_learner_datapoint::Current Teacher Datapoint: inv(0, 0, 0)
get_int_data::Printing integer attributes
get_unique_learner_datapoint:: Current Teacher Datapoint: inv(0, 0, 0)
add_counterexample Current teacher datapoint(horn) : {push(0, 0, 1), inv(0, 0, 0)} => {inv(1, 1, 0)}
In::add_counterexample
In::get_unique_learner_datapoint
=============
get_unique_learner_datapoint::Current Teacher Datapoint: inv(1, 1, 0)
get_int_data::Printing integer attributes
get_unique_learner_datapoint:: Current Teacher Datapoint: inv(1, 1, 0)
In::get_unique_learner_datapoint
=============
get_unique_learner_datapoint::Current Teacher Datapoint: push(1, 0, 1)
get_int_data::Printing integer attributes
get_unique_learner_datapoint:: Current Teacher Datapoint: push(1, 0, 1)
In::get_unique_learner_datapoint
=============
get_unique_learner_datapoint::Current Teacher Datapoint: inv(1, 0, 1)
get_int_data::Printing integer attributes
get_unique_learner_datapoint:: Current Teacher Datapoint: inv(1, 0, 1)
add_counterexample Current teacher datapoint(horn) : {push(1, 0, 1), inv(1, 0, 1)} => {inv(1, 1, 0)}
In::add_counterexample
In::get_unique_learner_datapoint
=============
get_unique_learner_datapoint::Current Teacher Datapoint: fail@(true)
In::get_unique_learner_datapoint
=============
get_unique_learner_datapoint::Current Teacher Datapoint: inv(1, 0, 0)
get_int_data::Printing integer attributes
get_unique_learner_datapoint:: Current Teacher Datapoint: inv(1, 0, 0)
add_counterexample Current teacher datapoint(horn) : {inv(1, 0, 0)} => {fail@(true)}
===========================================
Learning Iteration: 5
===========================================
In :: get_conjectures
In :: learn_decision_tree
In :: horn_verification::learner<JobManager>::learner(const JobManager&) [with JobManager = horn_verification::complex_job_manager]
In:: learn
In  chc run
run::New Categorical Node  attribute: 0
run::Categorical node child :0
run::Categorical node child :0
run::Categorical node child :0
run::Categorical Node Metadata 
Categorical attributes: $func (3)
Integer attributes: In chc run
In chc run
In chc run
In chc run
In chc run
In chc run
In chc run
In chc run
In chc run
In chc run
In chc run
In chc run
In chc run
In chc run
In chc run
get_conjectures:: Printing the Decision Tree
switch x[0]
 false
 if x[1] <= 0
  true
  if x[2] <= 0
   false
   if x[13] <= 0
    true
    false
 if x[90] <= -1
  true
  if x[46] <= 0
   if x[58] <= 0
    false
    true
   true
Return from map_dt_z3
In::get_unordered_map

=========================
Printing the conjectures
Conjecture: (declare-fun push (Int Int Int) Bool)[|push#0|, |push#1|, |push#2|] -> (let ((a!1 (and (> (- (- |push#1| |push#0|) |push#2|) 0) (<= |push#0| 0)))) (or (<= (- |push#1| |push#2|) (- 1)) (and (or a!1 (> |push#0| 0)) (> (- |push#1| |push#2|) (- 1)))))
Conjecture: (declare-fun inv (Int Int Int) Bool)[|inv#0|, |inv#1|, |inv#2|] -> (let ((a!1 (and (<= (- (- |inv#1| |inv#0|) |inv#2|) 0) (> |inv#1| 0) (> |inv#0| 0)))) (or (<= |inv#0| 0) a!1))
Conjecture: (declare-fun fail@ (Bool) Bool)[|fail@#0|] -> false
=========================
In::add_counterexample
In::get_unique_learner_datapoint
=============
get_unique_learner_datapoint::Current Teacher Datapoint: inv(1, 1, (- 1))
get_int_data::Printing integer attributes
get_unique_learner_datapoint:: Current Teacher Datapoint: inv(1, 1, (- 1))
In::get_unique_learner_datapoint
=============
get_unique_learner_datapoint::Current Teacher Datapoint: push(0, 2, 1)
get_int_data::Printing integer attributes
get_unique_learner_datapoint:: Current Teacher Datapoint: push(0, 2, 1)
In::get_unique_learner_datapoint
=============
get_unique_learner_datapoint::Current Teacher Datapoint: inv(0, 2, 0)
get_int_data::Printing integer attributes
get_unique_learner_datapoint:: Current Teacher Datapoint: inv(0, 2, 0)
add_counterexample Current teacher datapoint(horn) : {push(0, 2, 1), inv(0, 2, 0)} => {inv(1, 1, (- 1))}
In::add_counterexample
In::get_unique_learner_datapoint
=============
get_unique_learner_datapoint::Current Teacher Datapoint: inv(1, 2, 0)
get_int_data::Printing integer attributes
get_unique_learner_datapoint:: Current Teacher Datapoint: inv(1, 2, 0)
In::get_unique_learner_datapoint
=============
get_unique_learner_datapoint::Current Teacher Datapoint: push(1, 1, 2)
get_int_data::Printing integer attributes
get_unique_learner_datapoint:: Current Teacher Datapoint: push(1, 1, 2)
In::get_unique_learner_datapoint
=============
get_unique_learner_datapoint::Current Teacher Datapoint: inv(1, 1, 1)
get_int_data::Printing integer attributes
get_unique_learner_datapoint:: Current Teacher Datapoint: inv(1, 1, 1)
add_counterexample Current teacher datapoint(horn) : {push(1, 1, 2), inv(1, 1, 1)} => {inv(1, 2, 0)}
In::add_counterexample
In::get_unique_learner_datapoint
=============
get_unique_learner_datapoint::Current Teacher Datapoint: fail@(true)
In::get_unique_learner_datapoint
=============
get_unique_learner_datapoint::Current Teacher Datapoint: inv(1, 2, 1)
get_int_data::Printing integer attributes
get_unique_learner_datapoint:: Current Teacher Datapoint: inv(1, 2, 1)
add_counterexample Current teacher datapoint(horn) : {inv(1, 2, 1)} => {fail@(true)}
In::add_counterexample
In::get_unique_learner_datapoint
=============
get_unique_learner_datapoint::Current Teacher Datapoint: inv(2, 1, (- 2))
get_int_data::Printing integer attributes
get_unique_learner_datapoint:: Current Teacher Datapoint: inv(2, 1, (- 2))
In::get_unique_learner_datapoint
=============
get_unique_learner_datapoint::Current Teacher Datapoint: inv(2, 1, (- 1))
get_int_data::Printing integer attributes
get_unique_learner_datapoint:: Current Teacher Datapoint: inv(2, 1, (- 1))
add_counterexample Current teacher datapoint(horn) : {inv(2, 1, (- 1))} => {inv(2, 1, (- 2))}
===========================================
Learning Iteration: 6
===========================================
In :: get_conjectures
In :: learn_decision_tree
In :: horn_verification::learner<JobManager>::learner(const JobManager&) [with JobManager = horn_verification::complex_job_manager]
In:: learn
In  chc run
run::New Categorical Node  attribute: 0
run::Categorical node child :0
run::Categorical node child :0
run::Categorical node child :0
run::Categorical Node Metadata 
Categorical attributes: $func (3)
Integer attributes: In chc run
In chc run
In chc run
In chc run
In chc run
In chc run
In chc run
In chc run
In chc run
In chc run
In chc run
In chc run
In chc run
get_conjectures:: Printing the Decision Tree
switch x[0]
 false
 if x[2] <= 1
  if x[41] <= 0
   if x[3] <= 0
    true
    false
   false
  false
 if x[52] <= 0
  if x[58] <= 0
   false
   true
  true
Return from map_dt_z3
In::get_unordered_map

=========================
Printing the conjectures
Conjecture: (declare-fun push (Int Int Int) Bool)[|push#0|, |push#1|, |push#2|] -> (let ((a!1 (and (> (- (- |push#1| |push#0|) |push#2|) 0) (<= (+ (- |push#0| |push#1|) |push#2|) 0)))) (or a!1 (> (+ (- |push#0| |push#1|) |push#2|) 0)))
Conjecture: (declare-fun inv (Int Int Int) Bool)[|inv#0|, |inv#1|, |inv#2|] -> (and (<= |inv#2| 0) (<= (- |inv#0| |inv#1|) 0) (<= |inv#1| 1))
Conjecture: (declare-fun fail@ (Bool) Bool)[|fail@#0|] -> false
=========================
In::add_counterexample
In::get_unique_learner_datapoint
=============
get_unique_learner_datapoint::Current Teacher Datapoint: inv(1, 2, 0)
get_int_data::Printing integer attributes
get_unique_learner_datapoint:: Current Teacher Datapoint: inv(1, 2, 0)
In::get_unique_learner_datapoint
=============
get_unique_learner_datapoint::Current Teacher Datapoint: push(0, 0, 2)
get_int_data::Printing integer attributes
get_unique_learner_datapoint:: Current Teacher Datapoint: push(0, 0, 2)
In::get_unique_learner_datapoint
=============
get_unique_learner_datapoint::Current Teacher Datapoint: inv(0, 0, 0)
get_int_data::Printing integer attributes
get_unique_learner_datapoint:: Current Teacher Datapoint: inv(0, 0, 0)
add_counterexample Current teacher datapoint(horn) : {push(0, 0, 2), inv(0, 0, 0)} => {inv(1, 2, 0)}
In::add_counterexample
In::get_unique_learner_datapoint
=============
get_unique_learner_datapoint::Current Teacher Datapoint: inv((- 1), 0, 1)
get_int_data::Printing integer attributes
get_unique_learner_datapoint:: Current Teacher Datapoint: inv((- 1), 0, 1)
In::get_unique_learner_datapoint
=============
get_unique_learner_datapoint::Current Teacher Datapoint: inv((- 1), 0, (- 1))
get_int_data::Printing integer attributes
get_unique_learner_datapoint:: Current Teacher Datapoint: inv((- 1), 0, (- 1))
add_counterexample Current teacher datapoint(horn) : {inv((- 1), 0, (- 1))} => {inv((- 1), 0, 1)}
In::add_counterexample
add_counterexample Current counterexample : {} => {inv(0, 0, 1)}
add_counterexample Current teacher datapoint : inv(0, 0, 1)
In::get_unique_learner_datapoint
=============
get_unique_learner_datapoint::Current Teacher Datapoint: inv(0, 0, 1)
get_int_data::Printing integer attributes
get_unique_learner_datapoint:: Current Teacher Datapoint: inv(0, 0, 1)
add_counterexample Current teacher datapoint(Positive) : inv(0, 0, 1)
===========================================
Learning Iteration: 7
===========================================
In :: get_conjectures
In :: learn_decision_tree
In :: horn_verification::learner<JobManager>::learner(const JobManager&) [with JobManager = horn_verification::complex_job_manager]
In:: learn
In  chc run
run::New Categorical Node  attribute: 0
run::Categorical node child :0
run::Categorical node child :0
run::Categorical node child :0
run::Categorical Node Metadata 
Categorical attributes: $func (3)
Integer attributes: In chc run
In chc run
In chc run
In chc run
In chc run
In chc run
In chc run
In chc run
In chc run
In chc run
In chc run
In chc run
In chc run
In chc run
In chc run
In chc run
In chc run
get_conjectures:: Printing the Decision Tree
switch x[0]
 false
 if x[2] <= 1
  if x[41] <= 0
   if x[42] <= 1
    true
    false
   false
  false
 if x[85] <= 0
  if x[78] <= 0
   if x[48] <= 0
    false
    if x[48] <= 1
     true
     false
   true
  true
Return from map_dt_z3
In::get_unordered_map

=========================
Printing the conjectures
Conjecture: (declare-fun push (Int Int Int) Bool)[|push#0|, |push#1|, |push#2|] -> (let ((a!1 (and (<= |push#2| 1) (> |push#2| 0) (<= (- (- |push#2| |push#0|) |push#2|) 0)))) (let ((a!2 (or a!1 (> (- (- |push#2| |push#0|) |push#2|) 0)))) (or (and a!2 (<= (+ |push#0| |push#1|) 0)) (> (+ |push#0| |push#1|) 0))))
Conjecture: (declare-fun inv (Int Int Int) Bool)[|inv#0|, |inv#1|, |inv#2|] -> (and (<= (+ |inv#0| |inv#2|) 1) (<= (- |inv#0| |inv#1|) 0) (<= |inv#1| 1))
Conjecture: (declare-fun fail@ (Bool) Bool)[|fail@#0|] -> false
=========================
In::add_counterexample
In::get_unique_learner_datapoint
=============
get_unique_learner_datapoint::Current Teacher Datapoint: inv(1, 0, 0)
get_int_data::Printing integer attributes
get_unique_learner_datapoint:: Current Teacher Datapoint: inv(1, 0, 0)
In::get_unique_learner_datapoint
=============
get_unique_learner_datapoint::Current Teacher Datapoint: push(0, 1, 0)
get_int_data::Printing integer attributes
get_unique_learner_datapoint:: Current Teacher Datapoint: push(0, 1, 0)
In::get_unique_learner_datapoint
=============
get_unique_learner_datapoint::Current Teacher Datapoint: inv(0, 1, 0)
get_int_data::Printing integer attributes
get_unique_learner_datapoint:: Current Teacher Datapoint: inv(0, 1, 0)
add_counterexample Current teacher datapoint(horn) : {push(0, 1, 0), inv(0, 1, 0)} => {inv(1, 0, 0)}
In::add_counterexample
In::get_unique_learner_datapoint
=============
get_unique_learner_datapoint::Current Teacher Datapoint: inv((- 1), 0, 3)
get_int_data::Printing integer attributes
get_unique_learner_datapoint:: Current Teacher Datapoint: inv((- 1), 0, 3)
In::get_unique_learner_datapoint
=============
get_unique_learner_datapoint::Current Teacher Datapoint: inv((- 1), 0, 2)
get_int_data::Printing integer attributes
get_unique_learner_datapoint:: Current Teacher Datapoint: inv((- 1), 0, 2)
add_counterexample Current teacher datapoint(horn) : {inv((- 1), 0, 2)} => {inv((- 1), 0, 3)}
In::add_counterexample
add_counterexample Current counterexample : {} => {inv(0, 0, 2)}
add_counterexample Current teacher datapoint : inv(0, 0, 2)
In::get_unique_learner_datapoint
=============
get_unique_learner_datapoint::Current Teacher Datapoint: inv(0, 0, 2)
get_int_data::Printing integer attributes
get_unique_learner_datapoint:: Current Teacher Datapoint: inv(0, 0, 2)
add_counterexample Current teacher datapoint(Positive) : inv(0, 0, 2)
In::add_counterexample
In::get_unique_learner_datapoint
=============
get_unique_learner_datapoint::Current Teacher Datapoint: inv(0, (- 1), 1)
get_int_data::Printing integer attributes
get_unique_learner_datapoint:: Current Teacher Datapoint: inv(0, (- 1), 1)
In::get_unique_learner_datapoint
=============
get_unique_learner_datapoint::Current Teacher Datapoint: push(1, 0, (- 1))
get_int_data::Printing integer attributes
get_unique_learner_datapoint:: Current Teacher Datapoint: push(1, 0, (- 1))
In::get_unique_learner_datapoint
=============
get_unique_learner_datapoint::Current Teacher Datapoint: inv(0, 0, 1)
get_int_data::Printing integer attributes
get_unique_learner_datapoint:: Current Teacher Datapoint: inv(0, 0, 1)
add_counterexample Current teacher datapoint(horn) : {push(1, 0, (- 1)), inv(0, 0, 1)} => {inv(0, (- 1), 1)}
===========================================
Learning Iteration: 8
===========================================
In :: get_conjectures
In :: learn_decision_tree
In :: horn_verification::learner<JobManager>::learner(const JobManager&) [with JobManager = horn_verification::complex_job_manager]
In:: learn
In  chc run
run::New Categorical Node  attribute: 0
run::Categorical node child :0
run::Categorical node child :0
run::Categorical node child :0
run::Categorical Node Metadata 
Categorical attributes: $func (3)
Integer attributes: In chc run
In chc run
In chc run
In chc run
In chc run
In chc run
In chc run
In chc run
In chc run
In chc run
In chc run
In chc run
In chc run
In chc run
In chc run
In chc run
In chc run
In chc run
In chc run
In chc run
In chc run
In chc run
In chc run
get_conjectures:: Printing the Decision Tree
switch x[0]
 false
 if x[2] <= 1
  if x[41] <= 0
   if x[41] <= -1
    false
    if x[1] <= 0
     true
     if x[3] <= 0
      true
      false
   if x[1] <= 0
    true
    false
  false
 if x[85] <= 0
  if x[78] <= 0
   if x[48] <= 0
    false
    if x[48] <= 1
     true
     false
   true
  true
Return from map_dt_z3
In::get_unordered_map

=========================
Printing the conjectures
Conjecture: (declare-fun push (Int Int Int) Bool)[|push#0|, |push#1|, |push#2|] -> (let ((a!1 (and (<= |push#2| 1) (> |push#2| 0) (<= (- (- |push#2| |push#0|) |push#2|) 0)))) (let ((a!2 (or a!1 (> (- (- |push#2| |push#0|) |push#2|) 0)))) (or (and a!2 (<= (+ |push#0| |push#1|) 0)) (> (+ |push#0| |push#1|) 0))))
Conjecture: (declare-fun inv (Int Int Int) Bool)[|inv#0|, |inv#1|, |inv#2|] -> (let ((a!1 (and (or (<= |inv#0| 0) (and (<= |inv#2| 0) (> |inv#0| 0))) (> (- |inv#0| |inv#1|) (- 1)) (<= (- |inv#0| |inv#1|) 0)))) (let ((a!2 (or a!1 (and (<= |inv#0| 0) (> (- |inv#0| |inv#1|) 0))))) (and a!2 (<= |inv#1| 1))))
Conjecture: (declare-fun fail@ (Bool) Bool)[|fail@#0|] -> false
=========================
In::add_counterexample
In::get_unique_learner_datapoint
=============
get_unique_learner_datapoint::Current Teacher Datapoint: inv(1, 1, 1)
get_int_data::Printing integer attributes
get_unique_learner_datapoint:: Current Teacher Datapoint: inv(1, 1, 1)
In::get_unique_learner_datapoint
=============
get_unique_learner_datapoint::Current Teacher Datapoint: push(0, 0, 1)
get_int_data::Printing integer attributes
get_unique_learner_datapoint:: Current Teacher Datapoint: push(0, 0, 1)
In::get_unique_learner_datapoint
=============
get_unique_learner_datapoint::Current Teacher Datapoint: inv(0, 0, 0)
get_int_data::Printing integer attributes
get_unique_learner_datapoint:: Current Teacher Datapoint: inv(0, 0, 0)
add_counterexample Current teacher datapoint(horn) : {push(0, 0, 1), inv(0, 0, 0)} => {inv(1, 1, 1)}
In::add_counterexample
In::get_unique_learner_datapoint
=============
get_unique_learner_datapoint::Current Teacher Datapoint: inv(1, 1, 1)
get_int_data::Printing integer attributes
get_unique_learner_datapoint:: Current Teacher Datapoint: inv(1, 1, 1)
In::get_unique_learner_datapoint
=============
get_unique_learner_datapoint::Current Teacher Datapoint: inv(1, 1, (- 1))
get_int_data::Printing integer attributes
get_unique_learner_datapoint:: Current Teacher Datapoint: inv(1, 1, (- 1))
add_counterexample Current teacher datapoint(horn) : {inv(1, 1, (- 1))} => {inv(1, 1, 1)}
In::add_counterexample
In::get_unique_learner_datapoint
=============
get_unique_learner_datapoint::Current Teacher Datapoint: inv(0, 1, 0)
get_int_data::Printing integer attributes
get_unique_learner_datapoint:: Current Teacher Datapoint: inv(0, 1, 0)
In::get_unique_learner_datapoint
=============
get_unique_learner_datapoint::Current Teacher Datapoint: push(1, (- 1), 1)
get_int_data::Printing integer attributes
get_unique_learner_datapoint:: Current Teacher Datapoint: push(1, (- 1), 1)
In::get_unique_learner_datapoint
=============
get_unique_learner_datapoint::Current Teacher Datapoint: inv(0, (- 1), 1)
get_int_data::Printing integer attributes
get_unique_learner_datapoint:: Current Teacher Datapoint: inv(0, (- 1), 1)
add_counterexample Current teacher datapoint(horn) : {push(1, (- 1), 1), inv(0, (- 1), 1)} => {inv(0, 1, 0)}
===========================================
Learning Iteration: 9
===========================================
In :: get_conjectures
In :: learn_decision_tree
In :: horn_verification::learner<JobManager>::learner(const JobManager&) [with JobManager = horn_verification::complex_job_manager]
In:: learn
In  chc run
run::New Categorical Node  attribute: 0
run::Categorical node child :0
run::Categorical node child :0
run::Categorical node child :0
run::Categorical Node Metadata 
Categorical attributes: $func (3)
Integer attributes: In chc run
In chc run
In chc run
In chc run
In chc run
In chc run
In chc run
In chc run
In chc run
In chc run
In chc run
In chc run
In chc run
In chc run
In chc run
get_conjectures:: Printing the Decision Tree
switch x[0]
 false
 if x[2] <= 1
  if x[41] <= 0
   true
   false
  false
 if x[46] <= 1
  if x[52] <= 1
   if x[52] <= 0
    if x[78] <= 0
     false
     true
    true
   false
  true
Return from map_dt_z3
In::get_unordered_map

=========================
Printing the conjectures
Conjecture: (declare-fun push (Int Int Int) Bool)[|push#0|, |push#1|, |push#2|] -> (let ((a!1 (and (> (- (- |push#2| |push#0|) |push#2|) 0) (<= (+ (- |push#0| |push#1|) |push#2|) 0)))) (let ((a!2 (or a!1 (> (+ (- |push#0| |push#1|) |push#2|) 0)))) (let ((a!3 (and a!2 (<= (+ (- |push#0| |push#1|) |push#2|) 1) (<= |push#0| 1)))) (or a!3 (> |push#0| 1)))))
Conjecture: (declare-fun inv (Int Int Int) Bool)[|inv#0|, |inv#1|, |inv#2|] -> (and (<= (- |inv#0| |inv#1|) 0) (<= |inv#1| 1))
Conjecture: (declare-fun fail@ (Bool) Bool)[|fail@#0|] -> false
=========================
In::add_counterexample
In::get_unique_learner_datapoint
=============
get_unique_learner_datapoint::Current Teacher Datapoint: inv(1, 2, 0)
get_int_data::Printing integer attributes
get_unique_learner_datapoint:: Current Teacher Datapoint: inv(1, 2, 0)
In::get_unique_learner_datapoint
=============
get_unique_learner_datapoint::Current Teacher Datapoint: push(0, 1, 2)
get_int_data::Printing integer attributes
get_unique_learner_datapoint:: Current Teacher Datapoint: push(0, 1, 2)
In::get_unique_learner_datapoint
=============
get_unique_learner_datapoint::Current Teacher Datapoint: inv(0, 1, 0)
get_int_data::Printing integer attributes
get_unique_learner_datapoint:: Current Teacher Datapoint: inv(0, 1, 0)
add_counterexample Current teacher datapoint(horn) : {push(0, 1, 2), inv(0, 1, 0)} => {inv(1, 2, 0)}
===========================================
Learning Iteration: 10
===========================================
In :: get_conjectures
In :: learn_decision_tree
In :: horn_verification::learner<JobManager>::learner(const JobManager&) [with JobManager = horn_verification::complex_job_manager]
In:: learn
In  chc run
run::New Categorical Node  attribute: 0
run::Categorical node child :0
run::Categorical node child :0
run::Categorical node child :0
run::Categorical Node Metadata 
Categorical attributes: $func (3)
Integer attributes: In chc run
In chc run
In chc run
In chc run
In chc run
In chc run
In chc run
In chc run
In chc run
In chc run
In chc run
In chc run
In chc run
In chc run
In chc run
get_conjectures:: Printing the Decision Tree
switch x[0]
 false
 if x[41] <= -1
  false
  if x[41] <= 0
   true
   false
 if x[46] <= 1
  if x[52] <= 1
   if x[52] <= 0
    if x[58] <= 0
     false
     true
    true
   false
  true
Return from map_dt_z3
In::get_unordered_map

=========================
Printing the conjectures
Conjecture: (declare-fun push (Int Int Int) Bool)[|push#0|, |push#1|, |push#2|] -> (let ((a!1 (and (> (- (- |push#1| |push#0|) |push#2|) 0) (<= (+ (- |push#0| |push#1|) |push#2|) 0)))) (let ((a!2 (or a!1 (> (+ (- |push#0| |push#1|) |push#2|) 0)))) (let ((a!3 (and a!2 (<= (+ (- |push#0| |push#1|) |push#2|) 1) (<= |push#0| 1)))) (or a!3 (> |push#0| 1)))))
Conjecture: (declare-fun inv (Int Int Int) Bool)[|inv#0|, |inv#1|, |inv#2|] -> (and (<= (- |inv#0| |inv#1|) 0) (> (- |inv#0| |inv#1|) (- 1)))
Conjecture: (declare-fun fail@ (Bool) Bool)[|fail@#0|] -> false
=========================
In::add_counterexample
In::get_unique_learner_datapoint
=============
get_unique_learner_datapoint::Current Teacher Datapoint: inv(1, (- 1), 0)
get_int_data::Printing integer attributes
get_unique_learner_datapoint:: Current Teacher Datapoint: inv(1, (- 1), 0)
In::get_unique_learner_datapoint
=============
get_unique_learner_datapoint::Current Teacher Datapoint: push(0, 0, (- 1))
get_int_data::Printing integer attributes
get_unique_learner_datapoint:: Current Teacher Datapoint: push(0, 0, (- 1))
In::get_unique_learner_datapoint
=============
get_unique_learner_datapoint::Current Teacher Datapoint: inv(0, 0, 0)
get_int_data::Printing integer attributes
get_unique_learner_datapoint:: Current Teacher Datapoint: inv(0, 0, 0)
add_counterexample Current teacher datapoint(horn) : {push(0, 0, (- 1)), inv(0, 0, 0)} => {inv(1, (- 1), 0)}
In::add_counterexample
In::get_unique_learner_datapoint
=============
get_unique_learner_datapoint::Current Teacher Datapoint: inv(2, 0, 0)
get_int_data::Printing integer attributes
get_unique_learner_datapoint:: Current Teacher Datapoint: inv(2, 0, 0)
In::get_unique_learner_datapoint
=============
get_unique_learner_datapoint::Current Teacher Datapoint: push(1, 2, 0)
get_int_data::Printing integer attributes
get_unique_learner_datapoint:: Current Teacher Datapoint: push(1, 2, 0)
In::get_unique_learner_datapoint
=============
get_unique_learner_datapoint::Current Teacher Datapoint: inv(2, 2, 1)
get_int_data::Printing integer attributes
get_unique_learner_datapoint:: Current Teacher Datapoint: inv(2, 2, 1)
add_counterexample Current teacher datapoint(horn) : {push(1, 2, 0), inv(2, 2, 1)} => {inv(2, 0, 0)}
===========================================
Learning Iteration: 11
===========================================
In :: get_conjectures
In :: learn_decision_tree
In :: horn_verification::learner<JobManager>::learner(const JobManager&) [with JobManager = horn_verification::complex_job_manager]
In:: learn
In  chc run
run::New Categorical Node  attribute: 0
run::Categorical node child :0
run::Categorical node child :0
run::Categorical node child :0
run::Categorical Node Metadata 
Categorical attributes: $func (3)
Integer attributes: In chc run
In chc run
In chc run
In chc run
In chc run
In chc run
In chc run
In chc run
In chc run
In chc run
In chc run
In chc run
In chc run
In chc run
In chc run
get_conjectures:: Printing the Decision Tree
switch x[0]
 false
 if x[41] <= -1
  false
  if x[41] <= 0
   true
   false
 if x[46] <= 1
  if x[52] <= 1
   if x[52] <= 0
    if x[78] <= 0
     false
     true
    true
   false
  true
Return from map_dt_z3
In::get_unordered_map

=========================
Printing the conjectures
Conjecture: (declare-fun push (Int Int Int) Bool)[|push#0|, |push#1|, |push#2|] -> (let ((a!1 (and (> (- (- |push#2| |push#0|) |push#2|) 0) (<= (+ (- |push#0| |push#1|) |push#2|) 0)))) (let ((a!2 (or a!1 (> (+ (- |push#0| |push#1|) |push#2|) 0)))) (let ((a!3 (and a!2 (<= (+ (- |push#0| |push#1|) |push#2|) 1) (<= |push#0| 1)))) (or a!3 (> |push#0| 1)))))
Conjecture: (declare-fun inv (Int Int Int) Bool)[|inv#0|, |inv#1|, |inv#2|] -> (and (<= (- |inv#0| |inv#1|) 0) (> (- |inv#0| |inv#1|) (- 1)))
Conjecture: (declare-fun fail@ (Bool) Bool)[|fail@#0|] -> false
=========================
Success (checked 113 CHCs, invoked learner 12 times)
(declare-fun push (Int Int Int) Bool) => [|push#0|, |push#1|, |push#2|] -> (let ((a!1 (and (> (- (- |push#2| |push#0|) |push#2|) 0) (<= (+ (- |push#0| |push#1|) |push#2|) 0)))) (let ((a!2 (or a!1 (> (+ (- |push#0| |push#1|) |push#2|) 0)))) (let ((a!3 (and a!2 (<= (+ (- |push#0| |push#1|) |push#2|) 1) (<= |push#0| 1)))) (or a!3 (> |push#0| 1)))))
Simplified Formual
(declare-fun inv (Int Int Int) Bool) => [|inv#0|, |inv#1|, |inv#2|] -> (and (<= (- |inv#0| |inv#1|) 0) (> (- |inv#0| |inv#1|) (- 1)))
Simplified Formual
(declare-fun fail@ (Bool) Bool) => [|fail@#0|] -> false
Simplified Formual
Final Relations read
Relation : 1(declare-fun fail@ (Bool) Bool)fail@
Relation : 3(declare-fun inv (Int Int Int) Bool)inv
Relation : 3(declare-fun push (Int Int Int) Bool)push
Final CHCs read
CHC : (fail@ true)
CHC : (push k!25 k!24 k!22)
CHC : (inv k!26 k!24 k!25)
CHC : (push k!31 k!30 k!28)
CHC : (inv k!29 k!30 k!31)
CHC : (inv k!34 k!33 k!35)
CHC : (inv k!37 k!36 k!38)
Total time: 1.26
