
========================================
         Starting Pipeline for: BinaryHeap2 (Mode: ClassicalHornICE)
========================================
Initializing pipeline for benchmark: 'BinaryHeap2'
   -> Loading and validating attributes from: /Dualis/scripts/../benchmarks/Classical/BinaryHeap2/Attributes.txt
      -> Validation successful. Attribute file is consistent.

==================== Iteration: 1 ====================
TIMEOUT : 20
   -> Parsing CHC file: /Dualis/scripts/../benchmarks/ClassicalHornICE_working_temp/BinaryHeap2/BinaryHeap2.smt2
   -> Starting HornICE with a 1000-second timeout...
      -> Logging HornICE output to iter_1.log
   -> HornICE completed successfully.
   -> Analyzing HornICE log file: iter_1.log
      -> Found 3 internal iterations.
   -> Writing new specs to harness: insert_fuzz.cpp...
      -> Successfully created working copy '/Dualis/scripts/../benchmarks/ClassicalHornICE_working_temp/BinaryHeap2/insert_fuzz.cpp'.
   -> Starting AFL++(insert_fuzz) with a 20-second timeout...
   -> Building AFL-instrumented binary: /Dualis/scripts/../benchmarks/ClassicalHornICE_working_temp/BinaryHeap2/insert_fuzz
   -> AFL++(insert_fuzz) finished its fuzzing session.
   -> Checking fuzzing outputs for counterexamples...
Checking crashes
   -> Found 9 crash reports. Testing reproducibility...
   -> CRASH REPRODUCED with id:000000,sig:06,src:000000,time:253,execs:107,op:havoc,rep:2
   -> CRASH REPRODUCED with id:000005,sig:06,src:000000,time:2212,execs:232,op:havoc,rep:2
   -> CRASH REPRODUCED with id:000001,sig:06,src:000000,time:481,execs:125,op:havoc,rep:2
   -> CRASH REPRODUCED with id:000007,sig:06,src:000000,time:8180,execs:547,op:havoc,rep:2
   -> CRASH REPRODUCED with id:000006,sig:06,src:000000,time:2861,execs:242,op:havoc,rep:1
   -> CRASH REPRODUCED with id:000002,sig:06,src:000000,time:906,execs:143,op:havoc,rep:2
   -> CRASH REPRODUCED with id:000008,sig:06,src:000000,time:10234,execs:641,op:havoc,rep:2
   -> CRASH REPRODUCED with id:000004,sig:06,src:000000,time:1358,execs:160,op:havoc,rep:1
   -> CRASH REPRODUCED with id:000003,sig:06,src:000000,time:1136,execs:153,op:havoc,rep:1
Checking queue
   -> Found 17 crash reports. Testing reproducibility...
   -> CRASH REPRODUCED with id:000014,time:0,execs:0,orig:insins
   -> CRASH REPRODUCED with id:000015,time:0,execs:0,orig:insser
   -> CRASH REPRODUCED with id:000016,time:0,execs:0,orig:serser
Checking hangs
   -> Converting counterexamples for 'insert'...
      -> Found and validated 7 new rules.
   -> Writing new specs to harness: deleteMin_fuzz.cpp...
      -> Successfully created working copy '/Dualis/scripts/../benchmarks/ClassicalHornICE_working_temp/BinaryHeap2/deleteMin_fuzz.cpp'.
   -> Starting AFL++(deleteMin_fuzz) with a 20-second timeout...
   -> Building AFL-instrumented binary: /Dualis/scripts/../benchmarks/ClassicalHornICE_working_temp/BinaryHeap2/deleteMin_fuzz
   -> AFL++(deleteMin_fuzz) finished its fuzzing session.
   -> Checking fuzzing outputs for counterexamples...
Checking crashes
   -> Found 12 crash reports. Testing reproducibility...
   -> CRASH REPRODUCED with id:000005,sig:06,src:000000,time:2289,execs:147,op:havoc,rep:1
   -> CRASH REPRODUCED with id:000004,sig:06,src:000000,time:1867,execs:144,op:havoc,rep:1
   -> CRASH REPRODUCED with id:000010,sig:06,src:000000,time:5006,execs:210,op:havoc,rep:4
   -> CRASH REPRODUCED with id:000009,sig:06,src:000000,time:4320,execs:189,op:havoc,rep:3
   -> CRASH REPRODUCED with id:000000,sig:06,src:000000,time:237,execs:106,op:havoc,rep:4
   -> CRASH REPRODUCED with id:000006,sig:06,src:000000,time:2726,execs:158,op:havoc,rep:2
   -> CRASH REPRODUCED with id:000003,sig:06,src:000000,time:1259,execs:133,op:havoc,rep:4
   -> CRASH REPRODUCED with id:000011,sig:06,src:000000,time:5231,execs:224,op:havoc,rep:3
   -> CRASH REPRODUCED with id:000007,sig:06,src:000000,time:3184,execs:171,op:havoc,rep:4
   -> CRASH REPRODUCED with id:000002,sig:06,src:000000,time:631,execs:118,op:havoc,rep:3
   -> CRASH REPRODUCED with id:000008,sig:06,src:000000,time:3646,execs:174,op:havoc,rep:4
   -> CRASH REPRODUCED with id:000001,sig:06,src:000000,time:402,execs:107,op:havoc,rep:2
Checking queue
   -> Found 17 crash reports. Testing reproducibility...
   -> CRASH REPRODUCED with id:000014,time:0,execs:0,orig:insins
   -> CRASH REPRODUCED with id:000015,time:0,execs:0,orig:insser
   -> CRASH REPRODUCED with id:000016,time:0,execs:0,orig:serser
Checking hangs
   -> Converting counterexamples for 'deleteMin'...
      -> Found and validated 8 new rules.
   -> Writing new specs to harness: downHeap_fuzz.cpp...
      -> Successfully created working copy '/Dualis/scripts/../benchmarks/ClassicalHornICE_working_temp/BinaryHeap2/downHeap_fuzz.cpp'.
   -> Starting AFL++(downHeap_fuzz) with a 20-second timeout...
   -> Building AFL-instrumented binary: /Dualis/scripts/../benchmarks/ClassicalHornICE_working_temp/BinaryHeap2/downHeap_fuzz
   -> AFL++(downHeap_fuzz) finished its fuzzing session.
   -> Checking fuzzing outputs for counterexamples...
Checking crashes
   -> Found 10 crash reports. Testing reproducibility...
   -> CRASH REPRODUCED with id:000000,sig:06,src:000000,time:200,execs:104,op:havoc,rep:8
   -> CRASH REPRODUCED with id:000006,sig:06,src:000000,time:1465,execs:132,op:havoc,rep:6
   -> CRASH REPRODUCED with id:000007,sig:06,src:000000,time:3564,execs:165,op:havoc,rep:8
   -> CRASH REPRODUCED with id:000005,sig:06,src:000000,time:1127,execs:124,op:havoc,rep:7
   -> CRASH REPRODUCED with id:000009,sig:06,src:000000,time:19114,execs:418,op:havoc,rep:6
   -> CRASH REPRODUCED with id:000008,sig:06,src:000000,time:3955,execs:171,op:havoc,rep:8
   -> CRASH REPRODUCED with id:000001,sig:06,src:000000,time:397,execs:105,op:havoc,rep:4
   -> CRASH REPRODUCED with id:000004,sig:06,src:000000,time:984,execs:123,op:havoc,rep:1
   -> CRASH REPRODUCED with id:000002,sig:06,src:000000,time:613,execs:114,op:havoc,rep:2
   -> CRASH REPRODUCED with id:000003,sig:06,src:000000,time:813,execs:116,op:havoc,rep:6
Checking queue
   -> Found 17 crash reports. Testing reproducibility...
   -> CRASH REPRODUCED with id:000014,time:0,execs:0,orig:insins
   -> CRASH REPRODUCED with id:000015,time:0,execs:0,orig:insser
   -> CRASH REPRODUCED with id:000016,time:0,execs:0,orig:serser
Checking hangs
   -> Converting counterexamples for 'downHeap'...
      -> Found and validated 1 new rules.
   -> Updating CHC file with new counterexamples...

=============== Artifacts This Iteration ===============

--- Generated Specs ---
  inv1: (true)
  insert: (false)
  deleteMin: (false)
  downHeap: (false)

--- New Test Cases Found ---

--- Updated CHCs (for next iteration) ---
(declare-var N Int)
(declare-var i Int)
(declare-var i1 Int)
(declare-var isHeap Int)
(declare-var isHeap1 Int)
(declare-var isHeap2 Int)
(declare-var isHeap3 Int)
(declare-var len Int)
(declare-var len1 Int)
(declare-var ret1 Int)
(declare-rel insert (Int Int Int Int Int))
(declare-rel deleteMin (Int Int Int Int Int))
(declare-rel downHeap (Int))
(declare-rel inv1 (Int Int Int Int ))
(declare-rel fail ())
(define-fun is_valid ((x Int)) Bool (or (= x 1) (= x 0)))

(rule (=> (and (= i 3) (= isHeap 1) (= len 0) (= isHeap1 1) (= len1 1)) (insert i isHeap len isHeap1 len1)))
(rule (=> (and (= i 50) (= isHeap 1) (= len 2) (= isHeap1 1) (= len1 3)) (insert i isHeap len isHeap1 len1)))
(rule (=> (and (= i 3) (= isHeap 1) (= len 10) (= isHeap1 1) (= len1 11)) (insert i isHeap len isHeap1 len1)))
(rule (=> (and (= i 3) (= isHeap 1) (= len 1) (= isHeap1 1) (= len1 2)) (insert i isHeap len isHeap1 len1)))
(rule (=> (and (= i 3) (= isHeap 1) (= len 3) (= isHeap1 1) (= len1 4)) (insert i isHeap len isHeap1 len1)))
(rule (=> (and (= i 10) (= isHeap 1) (= len 3) (= isHeap1 1) (= len1 4)) (insert i isHeap len isHeap1 len1)))
(rule (=> (and (= i 10) (= isHeap 1) (= len 1) (= isHeap1 1) (= len1 2)) (insert i isHeap len isHeap1 len1)))
(rule (=> (and (= len 3) (= isHeap 1) (= len1 2) (= ret1 32) (= isHeap1 1)) (deleteMin len isHeap len1 ret1 isHeap1)))
(rule (=> (and (= len 1) (= isHeap 1) (= len1 0) (= ret1 110) (= isHeap1 1)) (deleteMin len isHeap len1 ret1 isHeap1)))
(rule (=> (and (= len 3) (= isHeap 1) (= len1 2) (= ret1 10) (= isHeap1 1)) (deleteMin len isHeap len1 ret1 isHeap1)))
(rule (=> (and (= len 2) (= isHeap 1) (= len1 1) (= ret1 92) (= isHeap1 1)) (deleteMin len isHeap len1 ret1 isHeap1)))
(rule (=> (and (= len 0) (= isHeap 1) (= len1 0) (= ret1 128) (= isHeap1 1)) (deleteMin len isHeap len1 ret1 isHeap1)))
(rule (=> (and (= len 2) (= isHeap 1) (= len1 1) (= ret1 3) (= isHeap1 1)) (deleteMin len isHeap len1 ret1 isHeap1)))
(rule (=> (and (= len 12) (= isHeap 1) (= len1 11) (= ret1 -75) (= isHeap1 1)) (deleteMin len isHeap len1 ret1 isHeap1)))
(rule (=> (and (= len 7) (= isHeap 1) (= len1 6) (= ret1 10) (= isHeap1 1)) (deleteMin len isHeap len1 ret1 isHeap1)))
(rule (=> (and (= isHeap2 1)) (downHeap isHeap2)))

(rule (=> (and (> N 0) (= i1 0) (= isHeap1 1) (= len1 0)) (inv1 i1 N isHeap1 len1)))
(rule (=> (and (inv1 i N isHeap len ) (is_valid isHeap) (< i N) (insert i isHeap len  isHeap1 len1) (= i1 (+ i 1))) (inv1 i1 N isHeap1 len1 )))
(rule (=> (and (inv1 i N isHeap len) (is_valid isHeap) (not (< i N)) (deleteMin len isHeap len1 ret1 isHeap1) (is_valid isHeap1) (downHeap isHeap2) (is_valid isHeap2) (not (= isHeap2 1))) fail))

(query fail :print-certificate true)
==============================================================
   -> Checking if specs have changed...
      -> CHC files are different. Continuing iteration.

==================== Iteration: 2 ====================
TIMEOUT : 40
   -> Parsing CHC file: /Dualis/scripts/../benchmarks/ClassicalHornICE_working_temp/BinaryHeap2/BinaryHeap2.smt2
   -> Starting HornICE with a 1000-second timeout...
      -> Logging HornICE output to iter_2.log
   -> HornICE completed successfully.
   -> Analyzing HornICE log file: iter_2.log
      -> Found 22 internal iterations.
   -> Writing new specs to harness: insert_fuzz.cpp...
      -> Successfully created working copy '/Dualis/scripts/../benchmarks/ClassicalHornICE_working_temp/BinaryHeap2/insert_fuzz.cpp'.
   -> Starting AFL++(insert_fuzz) with a 40-second timeout...
   -> Building AFL-instrumented binary: /Dualis/scripts/../benchmarks/ClassicalHornICE_working_temp/BinaryHeap2/insert_fuzz
   -> AFL++(insert_fuzz) finished its fuzzing session.
   -> Checking fuzzing outputs for counterexamples...
Checking crashes
Checking queue
   -> Found 127 crash reports. Testing reproducibility...
Checking hangs
   -> Converting counterexamples for 'insert'...
   -> Writing new specs to harness: deleteMin_fuzz.cpp...
      -> Successfully created working copy '/Dualis/scripts/../benchmarks/ClassicalHornICE_working_temp/BinaryHeap2/deleteMin_fuzz.cpp'.
   -> Starting AFL++(deleteMin_fuzz) with a 40-second timeout...
   -> Building AFL-instrumented binary: /Dualis/scripts/../benchmarks/ClassicalHornICE_working_temp/BinaryHeap2/deleteMin_fuzz
   -> AFL++(deleteMin_fuzz) finished its fuzzing session.
   -> Checking fuzzing outputs for counterexamples...
Checking crashes
Checking queue
   -> Found 177 crash reports. Testing reproducibility...
Checking hangs
   -> Converting counterexamples for 'deleteMin'...
   -> Writing new specs to harness: downHeap_fuzz.cpp...
      -> Successfully created working copy '/Dualis/scripts/../benchmarks/ClassicalHornICE_working_temp/BinaryHeap2/downHeap_fuzz.cpp'.
   -> Starting AFL++(downHeap_fuzz) with a 40-second timeout...
   -> Building AFL-instrumented binary: /Dualis/scripts/../benchmarks/ClassicalHornICE_working_temp/BinaryHeap2/downHeap_fuzz
   -> AFL++(downHeap_fuzz) finished its fuzzing session.
   -> Checking fuzzing outputs for counterexamples...
Checking crashes
Checking queue
   -> Found 162 crash reports. Testing reproducibility...
Checking hangs
   -> Converting counterexamples for 'downHeap'...
   -> Updating CHC file with new counterexamples...

=============== Artifacts This Iteration ===============

--- Generated Specs ---
  insert: (true)
  deleteMin: (true)
  downHeap: (isHeap2 > 0)
  inv1: (true)

--- New Test Cases Found ---

--- Updated CHCs (for next iteration) ---
(declare-var N Int)
(declare-var i Int)
(declare-var i1 Int)
(declare-var isHeap Int)
(declare-var isHeap1 Int)
(declare-var isHeap2 Int)
(declare-var isHeap3 Int)
(declare-var len Int)
(declare-var len1 Int)
(declare-var ret1 Int)
(declare-rel insert (Int Int Int Int Int))
(declare-rel deleteMin (Int Int Int Int Int))
(declare-rel downHeap (Int))
(declare-rel inv1 (Int Int Int Int ))
(declare-rel fail ())
(define-fun is_valid ((x Int)) Bool (or (= x 1) (= x 0)))


(rule (=> (and (= i 3) (= isHeap 1) (= len 0) (= isHeap1 1) (= len1 1)) (insert i isHeap len isHeap1 len1)))
(rule (=> (and (= i 50) (= isHeap 1) (= len 2) (= isHeap1 1) (= len1 3)) (insert i isHeap len isHeap1 len1)))
(rule (=> (and (= i 3) (= isHeap 1) (= len 10) (= isHeap1 1) (= len1 11)) (insert i isHeap len isHeap1 len1)))
(rule (=> (and (= i 3) (= isHeap 1) (= len 1) (= isHeap1 1) (= len1 2)) (insert i isHeap len isHeap1 len1)))
(rule (=> (and (= i 3) (= isHeap 1) (= len 3) (= isHeap1 1) (= len1 4)) (insert i isHeap len isHeap1 len1)))
(rule (=> (and (= i 10) (= isHeap 1) (= len 3) (= isHeap1 1) (= len1 4)) (insert i isHeap len isHeap1 len1)))
(rule (=> (and (= i 10) (= isHeap 1) (= len 1) (= isHeap1 1) (= len1 2)) (insert i isHeap len isHeap1 len1)))
(rule (=> (and (= len 3) (= isHeap 1) (= len1 2) (= ret1 32) (= isHeap1 1)) (deleteMin len isHeap len1 ret1 isHeap1)))
(rule (=> (and (= len 1) (= isHeap 1) (= len1 0) (= ret1 110) (= isHeap1 1)) (deleteMin len isHeap len1 ret1 isHeap1)))
(rule (=> (and (= len 3) (= isHeap 1) (= len1 2) (= ret1 10) (= isHeap1 1)) (deleteMin len isHeap len1 ret1 isHeap1)))
(rule (=> (and (= len 2) (= isHeap 1) (= len1 1) (= ret1 92) (= isHeap1 1)) (deleteMin len isHeap len1 ret1 isHeap1)))
(rule (=> (and (= len 0) (= isHeap 1) (= len1 0) (= ret1 128) (= isHeap1 1)) (deleteMin len isHeap len1 ret1 isHeap1)))
(rule (=> (and (= len 2) (= isHeap 1) (= len1 1) (= ret1 3) (= isHeap1 1)) (deleteMin len isHeap len1 ret1 isHeap1)))
(rule (=> (and (= len 12) (= isHeap 1) (= len1 11) (= ret1 -75) (= isHeap1 1)) (deleteMin len isHeap len1 ret1 isHeap1)))
(rule (=> (and (= len 7) (= isHeap 1) (= len1 6) (= ret1 10) (= isHeap1 1)) (deleteMin len isHeap len1 ret1 isHeap1)))
(rule (=> (and (= isHeap2 1)) (downHeap isHeap2)))
(rule (=> (and (> N 0) (= i1 0) (= isHeap1 1) (= len1 0)) (inv1 i1 N isHeap1 len1)))
(rule (=> (and (inv1 i N isHeap len ) (is_valid isHeap) (< i N) (insert i isHeap len  isHeap1 len1) (= i1 (+ i 1))) (inv1 i1 N isHeap1 len1 )))
(rule (=> (and (inv1 i N isHeap len) (is_valid isHeap) (not (< i N)) (deleteMin len isHeap len1 ret1 isHeap1) (is_valid isHeap1) (downHeap isHeap2) (is_valid isHeap2) (not (= isHeap2 1))) fail))

(query fail :print-certificate true)
==============================================================
   -> Checking if specs have changed...
      -> CHC files are different. Continuing iteration.

==================== Iteration: 3 ====================
TIMEOUT : 60
   -> Parsing CHC file: /Dualis/scripts/../benchmarks/ClassicalHornICE_working_temp/BinaryHeap2/BinaryHeap2.smt2
   -> Starting HornICE with a 1000-second timeout...
      -> Logging HornICE output to iter_3.log
   -> HornICE completed successfully.
   -> Analyzing HornICE log file: iter_3.log
      -> Found 22 internal iterations.
   -> Writing new specs to harness: insert_fuzz.cpp...
      -> Successfully created working copy '/Dualis/scripts/../benchmarks/ClassicalHornICE_working_temp/BinaryHeap2/insert_fuzz.cpp'.
   -> Starting AFL++(insert_fuzz) with a 60-second timeout...
   -> Building AFL-instrumented binary: /Dualis/scripts/../benchmarks/ClassicalHornICE_working_temp/BinaryHeap2/insert_fuzz
   -> AFL++(insert_fuzz) finished its fuzzing session.
   -> Checking fuzzing outputs for counterexamples...
Checking crashes
Checking queue
   -> Found 165 crash reports. Testing reproducibility...
Checking hangs
   -> Converting counterexamples for 'insert'...
   -> Writing new specs to harness: deleteMin_fuzz.cpp...
      -> Successfully created working copy '/Dualis/scripts/../benchmarks/ClassicalHornICE_working_temp/BinaryHeap2/deleteMin_fuzz.cpp'.
   -> Starting AFL++(deleteMin_fuzz) with a 60-second timeout...
   -> Building AFL-instrumented binary: /Dualis/scripts/../benchmarks/ClassicalHornICE_working_temp/BinaryHeap2/deleteMin_fuzz
   -> AFL++(deleteMin_fuzz) finished its fuzzing session.
   -> Checking fuzzing outputs for counterexamples...
Checking crashes
Checking queue
   -> Found 175 crash reports. Testing reproducibility...
Checking hangs
   -> Converting counterexamples for 'deleteMin'...
   -> Writing new specs to harness: downHeap_fuzz.cpp...
      -> Successfully created working copy '/Dualis/scripts/../benchmarks/ClassicalHornICE_working_temp/BinaryHeap2/downHeap_fuzz.cpp'.
   -> Starting AFL++(downHeap_fuzz) with a 60-second timeout...
   -> Building AFL-instrumented binary: /Dualis/scripts/../benchmarks/ClassicalHornICE_working_temp/BinaryHeap2/downHeap_fuzz
   -> AFL++(downHeap_fuzz) finished its fuzzing session.
   -> Checking fuzzing outputs for counterexamples...
Checking crashes
Checking queue
   -> Found 162 crash reports. Testing reproducibility...
Checking hangs
   -> Converting counterexamples for 'downHeap'...
   -> Updating CHC file with new counterexamples...

=============== Artifacts This Iteration ===============

--- Generated Specs ---
  insert: (true)
  deleteMin: (true)
  downHeap: (isHeap2 > 0)
  inv1: (true)

--- New Test Cases Found ---

--- Updated CHCs (for next iteration) ---
(declare-var N Int)
(declare-var i Int)
(declare-var i1 Int)
(declare-var isHeap Int)
(declare-var isHeap1 Int)
(declare-var isHeap2 Int)
(declare-var isHeap3 Int)
(declare-var len Int)
(declare-var len1 Int)
(declare-var ret1 Int)
(declare-rel insert (Int Int Int Int Int))
(declare-rel deleteMin (Int Int Int Int Int))
(declare-rel downHeap (Int))
(declare-rel inv1 (Int Int Int Int ))
(declare-rel fail ())
(define-fun is_valid ((x Int)) Bool (or (= x 1) (= x 0)))


(rule (=> (and (= i 3) (= isHeap 1) (= len 0) (= isHeap1 1) (= len1 1)) (insert i isHeap len isHeap1 len1)))
(rule (=> (and (= i 50) (= isHeap 1) (= len 2) (= isHeap1 1) (= len1 3)) (insert i isHeap len isHeap1 len1)))
(rule (=> (and (= i 3) (= isHeap 1) (= len 10) (= isHeap1 1) (= len1 11)) (insert i isHeap len isHeap1 len1)))
(rule (=> (and (= i 3) (= isHeap 1) (= len 1) (= isHeap1 1) (= len1 2)) (insert i isHeap len isHeap1 len1)))
(rule (=> (and (= i 3) (= isHeap 1) (= len 3) (= isHeap1 1) (= len1 4)) (insert i isHeap len isHeap1 len1)))
(rule (=> (and (= i 10) (= isHeap 1) (= len 3) (= isHeap1 1) (= len1 4)) (insert i isHeap len isHeap1 len1)))
(rule (=> (and (= i 10) (= isHeap 1) (= len 1) (= isHeap1 1) (= len1 2)) (insert i isHeap len isHeap1 len1)))
(rule (=> (and (= len 3) (= isHeap 1) (= len1 2) (= ret1 32) (= isHeap1 1)) (deleteMin len isHeap len1 ret1 isHeap1)))
(rule (=> (and (= len 1) (= isHeap 1) (= len1 0) (= ret1 110) (= isHeap1 1)) (deleteMin len isHeap len1 ret1 isHeap1)))
(rule (=> (and (= len 3) (= isHeap 1) (= len1 2) (= ret1 10) (= isHeap1 1)) (deleteMin len isHeap len1 ret1 isHeap1)))
(rule (=> (and (= len 2) (= isHeap 1) (= len1 1) (= ret1 92) (= isHeap1 1)) (deleteMin len isHeap len1 ret1 isHeap1)))
(rule (=> (and (= len 0) (= isHeap 1) (= len1 0) (= ret1 128) (= isHeap1 1)) (deleteMin len isHeap len1 ret1 isHeap1)))
(rule (=> (and (= len 2) (= isHeap 1) (= len1 1) (= ret1 3) (= isHeap1 1)) (deleteMin len isHeap len1 ret1 isHeap1)))
(rule (=> (and (= len 12) (= isHeap 1) (= len1 11) (= ret1 -75) (= isHeap1 1)) (deleteMin len isHeap len1 ret1 isHeap1)))
(rule (=> (and (= len 7) (= isHeap 1) (= len1 6) (= ret1 10) (= isHeap1 1)) (deleteMin len isHeap len1 ret1 isHeap1)))
(rule (=> (and (= isHeap2 1)) (downHeap isHeap2)))
(rule (=> (and (> N 0) (= i1 0) (= isHeap1 1) (= len1 0)) (inv1 i1 N isHeap1 len1)))
(rule (=> (and (inv1 i N isHeap len ) (is_valid isHeap) (< i N) (insert i isHeap len  isHeap1 len1) (= i1 (+ i 1))) (inv1 i1 N isHeap1 len1 )))
(rule (=> (and (inv1 i N isHeap len) (is_valid isHeap) (not (< i N)) (deleteMin len isHeap len1 ret1 isHeap1) (is_valid isHeap1) (downHeap isHeap2) (is_valid isHeap2) (not (= isHeap2 1))) fail))

(query fail :print-certificate true)
==============================================================
   -> Checking if specs have changed...
      -> CHC files are identical. Pipeline has converged.
   -> 15-minute deep fuzzing converged. Pipeline complete.

==================== Finalizing Pipeline ====================

====================== Pipeline Finished =====================
Total External Iterations: 3
Total Unique Test Cases Found: 16
Total Internal Iterations: 47
  - Min: 3
  - Max: 22
  - Avg: 15.67
pipeline.run() took 0.3417 seconds.
Running command: /usr/bin/python3 chcverifynfuzz.py ClassicalHornICE BinaryHeap2
PID: 5989
========================================


Total Pipeline Duration: 394.69s
