
========================================
         Starting Pipeline for: Calender (Mode: ClassicalHornICE)
========================================
Initializing pipeline for benchmark: 'Calender'
   -> Loading and validating attributes from: /Dualis/scripts/../benchmarks/Classical/Calender/Attributes.txt
      -> Validation successful. Attribute file is consistent.

==================== Iteration: 1 ====================
TIMEOUT : 20
   -> Parsing CHC file: /Dualis/scripts/../benchmarks/ClassicalHornICE_working_temp/Calender/Calender.smt2
   -> Starting HornICE with a 1000-second timeout...
      -> Logging HornICE output to iter_1.log
   -> HornICE completed successfully.
   -> Analyzing HornICE log file: iter_1.log
      -> Found 4 internal iterations.
   -> Writing new specs to harness: insert_fuzz.cpp...
      -> Successfully created working copy '/Dualis/scripts/../benchmarks/ClassicalHornICE_working_temp/Calender/insert_fuzz.cpp'.
   -> Starting AFL++(insert_fuzz) with a 20-second timeout...
   -> Building AFL-instrumented binary: /Dualis/scripts/../benchmarks/ClassicalHornICE_working_temp/Calender/insert_fuzz
   -> AFL++(insert_fuzz) finished its fuzzing session.
   -> Checking fuzzing outputs for counterexamples...
Checking crashes
   -> Found 7 crash reports. Testing reproducibility...
   -> CRASH REPRODUCED with id:000000,sig:06,src:000000,time:150,execs:24,op:havoc,rep:3
   -> CRASH REPRODUCED with id:000002,sig:06,src:000000,time:586,execs:51,op:havoc,rep:3
   -> CRASH REPRODUCED with id:000004,sig:06,src:000000,time:590,execs:115,op:havoc,rep:10
   -> CRASH REPRODUCED with id:000006,sig:06,src:000000,time:594,execs:156,op:havoc,rep:5
   -> CRASH REPRODUCED with id:000005,sig:06,src:000000,time:591,execs:133,op:havoc,rep:16
   -> CRASH REPRODUCED with id:000001,sig:06,src:000000,time:347,execs:43,op:havoc,rep:3
   -> CRASH REPRODUCED with id:000003,sig:06,src:000000,time:590,execs:112,op:havoc,rep:3
Checking queue
   -> Found 1 crash reports. Testing reproducibility...
Checking hangs
   -> Converting counterexamples for 'insert'...
      -> Found and validated 6 new rules.
   -> Updating CHC file with new counterexamples...

=============== Artifacts This Iteration ===============

--- Generated Specs ---
  inv: (len <= 0)
  insert: (false)

--- New Test Cases Found ---

--- Updated CHCs (for next iteration) ---
(declare-var len Int)
(declare-var len1 Int)
(declare-var maxDiff Int)
(declare-var maxDiff1 Int)
(declare-var ev1 Int)
(declare-var ev2 Int)
(declare-rel insert (Int Int Int Int Int Int))
(declare-rel inv (Int Int))
(declare-rel fail ())
(define-fun MIN () Int -129)

(rule (=> (and (= len 11) (= len1 12) (= ev1 14) (= ev2 234) (= maxDiff 97) (= maxDiff1 220)) (insert len len1 ev1 ev2 maxDiff maxDiff1)))
(rule (=> (and (= len 2) (= len1 3) (= ev1 255) (= ev2 255) (= maxDiff 0) (= maxDiff1 0)) (insert len len1 ev1 ev2 maxDiff maxDiff1)))
(rule (=> (and (= len 3) (= len1 4) (= ev1 80) (= ev2 80) (= maxDiff 238) (= maxDiff1 238)) (insert len len1 ev1 ev2 maxDiff maxDiff1)))
(rule (=> (and (= len 0) (= len1 1) (= ev1 32) (= ev2 56) (= maxDiff 0) (= maxDiff1 24)) (insert len len1 ev1 ev2 maxDiff maxDiff1)))
(rule (=> (and (= len 3) (= len1 4) (= ev1 189) (= ev2 189) (= maxDiff 0) (= maxDiff1 0)) (insert len len1 ev1 ev2 maxDiff maxDiff1)))
(rule (=> (and (= len 1) (= len1 2) (= ev1 14) (= ev2 0) (= maxDiff 0) (= maxDiff1 14)) (insert len len1 ev1 ev2 maxDiff maxDiff1)))

(rule (=> (and (= len 0) (= maxDiff MIN)) (inv len maxDiff)))
(rule (=> (and (inv len maxDiff) (and (>= ev1 0) (<= ev1 3) (>= ev2 0) (<= ev2 3) (< (abs (- ev1 ev2)) 2)) (insert len len1 ev1 ev2 maxDiff maxDiff1)) (inv len1 maxDiff1)))
(rule (=> (and (inv len maxDiff) (not (and (>= ev1 0) (<= ev1 3) (>= ev2 0) (<= ev2 3) (< (- ev1 ev2) 2)))) (inv len maxDiff)))
(rule (=> (and (inv len maxDiff) (not (=> (> len 0) (< maxDiff 2)))) fail))

(query fail :print-certificate true)
==============================================================
   -> Checking if specs have changed...
      -> CHC files are different. Continuing iteration.

==================== Iteration: 2 ====================
TIMEOUT : 40
   -> Parsing CHC file: /Dualis/scripts/../benchmarks/ClassicalHornICE_working_temp/Calender/Calender.smt2
   -> Starting HornICE with a 1000-second timeout...
      -> Logging HornICE output to iter_2.log
   -> HornICE completed successfully.
   -> Analyzing HornICE log file: iter_2.log
      -> Found 29 internal iterations.
   -> Writing new specs to harness: insert_fuzz.cpp...
      -> Successfully created working copy '/Dualis/scripts/../benchmarks/ClassicalHornICE_working_temp/Calender/insert_fuzz.cpp'.
   -> Starting AFL++(insert_fuzz) with a 40-second timeout...
   -> Building AFL-instrumented binary: /Dualis/scripts/../benchmarks/ClassicalHornICE_working_temp/Calender/insert_fuzz
   -> AFL++(insert_fuzz) finished its fuzzing session.
   -> Checking fuzzing outputs for counterexamples...
Checking crashes
   -> Found 4 crash reports. Testing reproducibility...
   -> CRASH REPRODUCED with id:000000,sig:06,src:000000,time:2,execs:86,op:havoc,rep:4
   -> CRASH REPRODUCED with id:000001,sig:06,src:000000,time:3,execs:95,op:havoc,rep:2
   -> CRASH REPRODUCED with id:000003,sig:06,src:000000,time:267,execs:319,op:havoc,rep:3
   -> CRASH REPRODUCED with id:000002,sig:06,src:000000,time:3,execs:104,op:havoc,rep:4
Checking queue
   -> Found 28 crash reports. Testing reproducibility...
Checking hangs
   -> Converting counterexamples for 'insert'...
      -> Found and validated 4 new rules.
   -> Updating CHC file with new counterexamples...

=============== Artifacts This Iteration ===============

--- Generated Specs ---
  insert: (((((len - len1) + ev1) > 1) && ((ev1 - ev2) <= (-1))) || ((len > 0) && ((ev1 - ev2) > (-1))))
  inv: (len <= 0)

--- New Test Cases Found ---

--- Updated CHCs (for next iteration) ---
(declare-var len Int)
(declare-var len1 Int)
(declare-var maxDiff Int)
(declare-var maxDiff1 Int)
(declare-var ev1 Int)
(declare-var ev2 Int)
(declare-rel insert (Int Int Int Int Int Int))
(declare-rel inv (Int Int))
(declare-rel fail ())
(define-fun MIN () Int -129)

(rule (=> (and (= len 2) (= len1 3) (= ev1 1) (= ev2 13) (= maxDiff 25) (= maxDiff1 25)) (insert len len1 ev1 ev2 maxDiff maxDiff1)))
(rule (=> (and (= len 0) (= len1 1) (= ev1 255) (= ev2 255) (= maxDiff 0) (= maxDiff1 0)) (insert len len1 ev1 ev2 maxDiff maxDiff1)))
(rule (=> (and (= len 1) (= len1 2) (= ev1 0) (= ev2 255) (= maxDiff 0) (= maxDiff1 255)) (insert len len1 ev1 ev2 maxDiff maxDiff1)))
(rule (=> (and (= len 12) (= len1 13) (= ev1 1) (= ev2 14) (= maxDiff 255) (= maxDiff1 255)) (insert len len1 ev1 ev2 maxDiff maxDiff1)))

(rule (=> (and (= len 11) (= len1 12) (= ev1 14) (= ev2 234) (= maxDiff 97) (= maxDiff1 220)) (insert len len1 ev1 ev2 maxDiff maxDiff1)))
(rule (=> (and (= len 2) (= len1 3) (= ev1 255) (= ev2 255) (= maxDiff 0) (= maxDiff1 0)) (insert len len1 ev1 ev2 maxDiff maxDiff1)))
(rule (=> (and (= len 3) (= len1 4) (= ev1 80) (= ev2 80) (= maxDiff 238) (= maxDiff1 238)) (insert len len1 ev1 ev2 maxDiff maxDiff1)))
(rule (=> (and (= len 0) (= len1 1) (= ev1 32) (= ev2 56) (= maxDiff 0) (= maxDiff1 24)) (insert len len1 ev1 ev2 maxDiff maxDiff1)))
(rule (=> (and (= len 3) (= len1 4) (= ev1 189) (= ev2 189) (= maxDiff 0) (= maxDiff1 0)) (insert len len1 ev1 ev2 maxDiff maxDiff1)))
(rule (=> (and (= len 1) (= len1 2) (= ev1 14) (= ev2 0) (= maxDiff 0) (= maxDiff1 14)) (insert len len1 ev1 ev2 maxDiff maxDiff1)))
(rule (=> (and (= len 0) (= maxDiff MIN)) (inv len maxDiff)))
(rule (=> (and (inv len maxDiff) (and (>= ev1 0) (<= ev1 3) (>= ev2 0) (<= ev2 3) (< (abs (- ev1 ev2)) 2)) (insert len len1 ev1 ev2 maxDiff maxDiff1)) (inv len1 maxDiff1)))
(rule (=> (and (inv len maxDiff) (not (and (>= ev1 0) (<= ev1 3) (>= ev2 0) (<= ev2 3) (< (- ev1 ev2) 2)))) (inv len maxDiff)))
(rule (=> (and (inv len maxDiff) (not (=> (> len 0) (< maxDiff 2)))) fail))

(query fail :print-certificate true)
==============================================================
   -> Checking if specs have changed...
      -> CHC files are different. Continuing iteration.

==================== Iteration: 3 ====================
TIMEOUT : 60
   -> Parsing CHC file: /Dualis/scripts/../benchmarks/ClassicalHornICE_working_temp/Calender/Calender.smt2
   -> Starting HornICE with a 1000-second timeout...
      -> Logging HornICE output to iter_3.log
   -> HornICE completed successfully.
   -> Analyzing HornICE log file: iter_3.log
      -> Found 18 internal iterations.
   -> Writing new specs to harness: insert_fuzz.cpp...
      -> Successfully created working copy '/Dualis/scripts/../benchmarks/ClassicalHornICE_working_temp/Calender/insert_fuzz.cpp'.
   -> Starting AFL++(insert_fuzz) with a 60-second timeout...
   -> Building AFL-instrumented binary: /Dualis/scripts/../benchmarks/ClassicalHornICE_working_temp/Calender/insert_fuzz
   -> AFL++(insert_fuzz) finished its fuzzing session.
   -> Checking fuzzing outputs for counterexamples...
Checking crashes
Checking queue
   -> Found 40 crash reports. Testing reproducibility...
Checking hangs
   -> Converting counterexamples for 'insert'...
   -> Updating CHC file with new counterexamples...

=============== Artifacts This Iteration ===============

--- Generated Specs ---
  insert: (((maxDiff > (-1)) && ((maxDiff - maxDiff1) <= (-1))) || ((maxDiff - maxDiff1) > (-1)))
  inv: (maxDiff <= (-1))

--- New Test Cases Found ---

--- Updated CHCs (for next iteration) ---
(declare-var len Int)
(declare-var len1 Int)
(declare-var maxDiff Int)
(declare-var maxDiff1 Int)
(declare-var ev1 Int)
(declare-var ev2 Int)
(declare-rel insert (Int Int Int Int Int Int))
(declare-rel inv (Int Int))
(declare-rel fail ())
(define-fun MIN () Int -129)


(rule (=> (and (= len 2) (= len1 3) (= ev1 1) (= ev2 13) (= maxDiff 25) (= maxDiff1 25)) (insert len len1 ev1 ev2 maxDiff maxDiff1)))
(rule (=> (and (= len 0) (= len1 1) (= ev1 255) (= ev2 255) (= maxDiff 0) (= maxDiff1 0)) (insert len len1 ev1 ev2 maxDiff maxDiff1)))
(rule (=> (and (= len 1) (= len1 2) (= ev1 0) (= ev2 255) (= maxDiff 0) (= maxDiff1 255)) (insert len len1 ev1 ev2 maxDiff maxDiff1)))
(rule (=> (and (= len 12) (= len1 13) (= ev1 1) (= ev2 14) (= maxDiff 255) (= maxDiff1 255)) (insert len len1 ev1 ev2 maxDiff maxDiff1)))
(rule (=> (and (= len 11) (= len1 12) (= ev1 14) (= ev2 234) (= maxDiff 97) (= maxDiff1 220)) (insert len len1 ev1 ev2 maxDiff maxDiff1)))
(rule (=> (and (= len 2) (= len1 3) (= ev1 255) (= ev2 255) (= maxDiff 0) (= maxDiff1 0)) (insert len len1 ev1 ev2 maxDiff maxDiff1)))
(rule (=> (and (= len 3) (= len1 4) (= ev1 80) (= ev2 80) (= maxDiff 238) (= maxDiff1 238)) (insert len len1 ev1 ev2 maxDiff maxDiff1)))
(rule (=> (and (= len 0) (= len1 1) (= ev1 32) (= ev2 56) (= maxDiff 0) (= maxDiff1 24)) (insert len len1 ev1 ev2 maxDiff maxDiff1)))
(rule (=> (and (= len 3) (= len1 4) (= ev1 189) (= ev2 189) (= maxDiff 0) (= maxDiff1 0)) (insert len len1 ev1 ev2 maxDiff maxDiff1)))
(rule (=> (and (= len 1) (= len1 2) (= ev1 14) (= ev2 0) (= maxDiff 0) (= maxDiff1 14)) (insert len len1 ev1 ev2 maxDiff maxDiff1)))
(rule (=> (and (= len 0) (= maxDiff MIN)) (inv len maxDiff)))
(rule (=> (and (inv len maxDiff) (and (>= ev1 0) (<= ev1 3) (>= ev2 0) (<= ev2 3) (< (abs (- ev1 ev2)) 2)) (insert len len1 ev1 ev2 maxDiff maxDiff1)) (inv len1 maxDiff1)))
(rule (=> (and (inv len maxDiff) (not (and (>= ev1 0) (<= ev1 3) (>= ev2 0) (<= ev2 3) (< (- ev1 ev2) 2)))) (inv len maxDiff)))
(rule (=> (and (inv len maxDiff) (not (=> (> len 0) (< maxDiff 2)))) fail))

(query fail :print-certificate true)
==============================================================
   -> Checking if specs have changed...
      -> CHC files are different. Continuing iteration.

==================== Iteration: 4 ====================
TIMEOUT : 80
   -> Parsing CHC file: /Dualis/scripts/../benchmarks/ClassicalHornICE_working_temp/Calender/Calender.smt2
   -> Starting HornICE with a 1000-second timeout...
      -> Logging HornICE output to iter_4.log
   -> HornICE completed successfully.
   -> Analyzing HornICE log file: iter_4.log
      -> Found 18 internal iterations.
   -> Writing new specs to harness: insert_fuzz.cpp...
      -> Successfully created working copy '/Dualis/scripts/../benchmarks/ClassicalHornICE_working_temp/Calender/insert_fuzz.cpp'.
   -> Starting AFL++(insert_fuzz) with a 80-second timeout...
   -> Building AFL-instrumented binary: /Dualis/scripts/../benchmarks/ClassicalHornICE_working_temp/Calender/insert_fuzz
   -> AFL++(insert_fuzz) finished its fuzzing session.
   -> Checking fuzzing outputs for counterexamples...
Checking crashes
Checking queue
   -> Found 36 crash reports. Testing reproducibility...
Checking hangs
   -> Converting counterexamples for 'insert'...
   -> Updating CHC file with new counterexamples...

=============== Artifacts This Iteration ===============

--- Generated Specs ---
  insert: (((maxDiff > (-1)) && ((maxDiff - maxDiff1) <= (-1))) || ((maxDiff - maxDiff1) > (-1)))
  inv: (maxDiff <= (-1))

--- New Test Cases Found ---

--- Updated CHCs (for next iteration) ---
(declare-var len Int)
(declare-var len1 Int)
(declare-var maxDiff Int)
(declare-var maxDiff1 Int)
(declare-var ev1 Int)
(declare-var ev2 Int)
(declare-rel insert (Int Int Int Int Int Int))
(declare-rel inv (Int Int))
(declare-rel fail ())
(define-fun MIN () Int -129)


(rule (=> (and (= len 2) (= len1 3) (= ev1 1) (= ev2 13) (= maxDiff 25) (= maxDiff1 25)) (insert len len1 ev1 ev2 maxDiff maxDiff1)))
(rule (=> (and (= len 0) (= len1 1) (= ev1 255) (= ev2 255) (= maxDiff 0) (= maxDiff1 0)) (insert len len1 ev1 ev2 maxDiff maxDiff1)))
(rule (=> (and (= len 1) (= len1 2) (= ev1 0) (= ev2 255) (= maxDiff 0) (= maxDiff1 255)) (insert len len1 ev1 ev2 maxDiff maxDiff1)))
(rule (=> (and (= len 12) (= len1 13) (= ev1 1) (= ev2 14) (= maxDiff 255) (= maxDiff1 255)) (insert len len1 ev1 ev2 maxDiff maxDiff1)))
(rule (=> (and (= len 11) (= len1 12) (= ev1 14) (= ev2 234) (= maxDiff 97) (= maxDiff1 220)) (insert len len1 ev1 ev2 maxDiff maxDiff1)))
(rule (=> (and (= len 2) (= len1 3) (= ev1 255) (= ev2 255) (= maxDiff 0) (= maxDiff1 0)) (insert len len1 ev1 ev2 maxDiff maxDiff1)))
(rule (=> (and (= len 3) (= len1 4) (= ev1 80) (= ev2 80) (= maxDiff 238) (= maxDiff1 238)) (insert len len1 ev1 ev2 maxDiff maxDiff1)))
(rule (=> (and (= len 0) (= len1 1) (= ev1 32) (= ev2 56) (= maxDiff 0) (= maxDiff1 24)) (insert len len1 ev1 ev2 maxDiff maxDiff1)))
(rule (=> (and (= len 3) (= len1 4) (= ev1 189) (= ev2 189) (= maxDiff 0) (= maxDiff1 0)) (insert len len1 ev1 ev2 maxDiff maxDiff1)))
(rule (=> (and (= len 1) (= len1 2) (= ev1 14) (= ev2 0) (= maxDiff 0) (= maxDiff1 14)) (insert len len1 ev1 ev2 maxDiff maxDiff1)))
(rule (=> (and (= len 0) (= maxDiff MIN)) (inv len maxDiff)))
(rule (=> (and (inv len maxDiff) (and (>= ev1 0) (<= ev1 3) (>= ev2 0) (<= ev2 3) (< (abs (- ev1 ev2)) 2)) (insert len len1 ev1 ev2 maxDiff maxDiff1)) (inv len1 maxDiff1)))
(rule (=> (and (inv len maxDiff) (not (and (>= ev1 0) (<= ev1 3) (>= ev2 0) (<= ev2 3) (< (- ev1 ev2) 2)))) (inv len maxDiff)))
(rule (=> (and (inv len maxDiff) (not (=> (> len 0) (< maxDiff 2)))) fail))

(query fail :print-certificate true)
==============================================================
   -> Checking if specs have changed...
      -> CHC files are identical. Pipeline has converged.
   -> 15-minute deep fuzzing converged. Pipeline complete.

==================== Finalizing Pipeline ====================

====================== Pipeline Finished =====================
Total External Iterations: 4
Total Unique Test Cases Found: 10
Total Internal Iterations: 69
  - Min: 4
  - Max: 29
  - Avg: 17.25
pipeline.run() took 0.5598 seconds.
Running command: /usr/bin/python3 chcverifynfuzz.py ClassicalHornICE Calender
PID: 5990
========================================


Total Pipeline Duration: 213.71s
