
========================================
         Starting Pipeline for: DLL_Circular (Mode: ClassicalHornICE)
========================================
Initializing pipeline for benchmark: 'DLL_Circular'
   -> Loading and validating attributes from: /Dualis/scripts/../benchmarks/Classical/DLL_Circular/Attributes.txt
      -> Validation successful. Attribute file is consistent.

==================== Iteration: 1 ====================
TIMEOUT : 20
   -> Parsing CHC file: /Dualis/scripts/../benchmarks/ClassicalHornICE_working_temp/DLL_Circular/DLL_Circular.smt2
   -> Starting HornICE with a 1000-second timeout...
      -> Logging HornICE output to iter_1.log
   -> HornICE completed successfully.
   -> Analyzing HornICE log file: iter_1.log
      -> Found 6 internal iterations.
   -> Writing new specs to harness: push_fuzz.cpp...
      -> Successfully created working copy '/Dualis/scripts/../benchmarks/ClassicalHornICE_working_temp/DLL_Circular/push_fuzz.cpp'.
   -> Starting AFL++(push_fuzz) with a 20-second timeout...
   -> Building AFL-instrumented binary: /Dualis/scripts/../benchmarks/ClassicalHornICE_working_temp/DLL_Circular/push_fuzz
   -> AFL++(push_fuzz) finished its fuzzing session.
   -> Checking fuzzing outputs for counterexamples...
Checking crashes
   -> Found 4 crash reports. Testing reproducibility...
   -> CRASH REPRODUCED with id:000003,sig:06,src:000000,time:3336,execs:66,op:havoc,rep:8
   -> CRASH REPRODUCED with id:000000,sig:06,src:000000,time:233,execs:17,op:havoc,rep:8
   -> CRASH REPRODUCED with id:000002,sig:06,src:000000,time:716,execs:23,op:havoc,rep:2
   -> CRASH REPRODUCED with id:000001,sig:06,src:000000,time:465,execs:22,op:havoc,rep:7
Checking queue
   -> Found 1 crash reports. Testing reproducibility...
Checking hangs
   -> Converting counterexamples for 'push'...
      -> Found and validated 4 new rules.
   -> Updating CHC file with new counterexamples...

=============== Artifacts This Iteration ===============

--- Generated Specs ---
  inv: ((max <= 0) && ((val - max) <= 0) && (val > (-1)))
  push: (false)

--- New Test Cases Found ---

--- Updated CHCs (for next iteration) ---
(declare-var val Int)
(declare-var val1 Int)
(declare-var max Int)
(declare-var max1 Int)
(declare-rel push (Int Int Int))
(declare-rel inv (Int Int))
(declare-rel fail ())

(rule (=> (and (= val -14) (= max -129) (= max1 -14)) (push val max max1)))
(rule (=> (and (= val 12) (= max 40) (= max1 40)) (push val max max1)))
(rule (=> (and (= val 1) (= max 1) (= max1 1)) (push val max max1)))
(rule (=> (and (= val 1) (= max 0) (= max1 1)) (push val max max1)))

(rule (=> (and (= val 0) (= max 0)) (inv val max)))
(rule (=> (and (inv val max) (< val 3) (= val1 (+ val 1)) (push val1 max max1)) (inv val1 max1)))
(rule (=> (and (inv val max) (>= val 3) (push val max max1)) (inv val max1)))
(rule (=> (and (inv val max) (push val max max1)) (inv val max1)))
(rule (=> (and (inv val max) (not (and (>= max 0) (<= max 3)))) fail))

(query fail :print-certificate true)
==============================================================
   -> Checking if specs have changed...
      -> CHC files are different. Continuing iteration.

==================== Iteration: 2 ====================
TIMEOUT : 40
   -> Parsing CHC file: /Dualis/scripts/../benchmarks/ClassicalHornICE_working_temp/DLL_Circular/DLL_Circular.smt2
   -> Starting HornICE with a 1000-second timeout...
      -> Logging HornICE output to iter_2.log
   -> HornICE completed successfully.
   -> Analyzing HornICE log file: iter_2.log
      -> Found 17 internal iterations.
   -> Writing new specs to harness: push_fuzz.cpp...
      -> Successfully created working copy '/Dualis/scripts/../benchmarks/ClassicalHornICE_working_temp/DLL_Circular/push_fuzz.cpp'.
   -> Starting AFL++(push_fuzz) with a 40-second timeout...
   -> Building AFL-instrumented binary: /Dualis/scripts/../benchmarks/ClassicalHornICE_working_temp/DLL_Circular/push_fuzz
   -> AFL++(push_fuzz) finished its fuzzing session.
   -> Checking fuzzing outputs for counterexamples...
Checking crashes
   -> Found 4 crash reports. Testing reproducibility...
   -> CRASH REPRODUCED with id:000001,sig:06,src:000000,time:486,execs:42,op:havoc,rep:13
   -> CRASH REPRODUCED with id:000003,sig:06,src:000000,time:1119,execs:64,op:havoc,rep:4
   -> CRASH REPRODUCED with id:000000,sig:06,src:000000,time:211,execs:25,op:havoc,rep:7
   -> CRASH REPRODUCED with id:000002,sig:06,src:000000,time:729,execs:43,op:havoc,rep:14
Checking queue
   -> Found 23 crash reports. Testing reproducibility...
Checking hangs
   -> Converting counterexamples for 'push'...
      -> Found and validated 3 new rules.
   -> Updating CHC file with new counterexamples...

=============== Artifacts This Iteration ===============

--- Generated Specs ---
  push: (((((((max - val) + max1) <= 0) && ((max - max1) <= (-1))) || ((max - max1) > (-1))) && ((val - max1) <= 0) && (((max1 - val) - max1) <= (-1))) || (((val - max) > 0) && (((max1 - val) - max1) > (-1))))
  inv: ((val > (-1)) && (val <= 1) && ((val - max) > (-1)) && ((val - max) <= 0))

--- New Test Cases Found ---

--- Updated CHCs (for next iteration) ---
(declare-var val Int)
(declare-var val1 Int)
(declare-var max Int)
(declare-var max1 Int)
(declare-rel push (Int Int Int))
(declare-rel inv (Int Int))
(declare-rel fail ())

(rule (=> (and (= val 0) (= max 127) (= max1 127)) (push val max max1)))
(rule (=> (and (= val 25) (= max 2) (= max1 25)) (push val max max1)))
(rule (=> (and (= val 0) (= max 34) (= max1 34)) (push val max max1)))

(rule (=> (and (= val -14) (= max -129) (= max1 -14)) (push val max max1)))
(rule (=> (and (= val 12) (= max 40) (= max1 40)) (push val max max1)))
(rule (=> (and (= val 1) (= max 1) (= max1 1)) (push val max max1)))
(rule (=> (and (= val 1) (= max 0) (= max1 1)) (push val max max1)))
(rule (=> (and (= val 0) (= max 0)) (inv val max)))
(rule (=> (and (inv val max) (< val 3) (= val1 (+ val 1)) (push val1 max max1)) (inv val1 max1)))
(rule (=> (and (inv val max) (>= val 3) (push val max max1)) (inv val max1)))
(rule (=> (and (inv val max) (push val max max1)) (inv val max1)))
(rule (=> (and (inv val max) (not (and (>= max 0) (<= max 3)))) fail))

(query fail :print-certificate true)
==============================================================
   -> Checking if specs have changed...
      -> CHC files are different. Continuing iteration.

==================== Iteration: 3 ====================
TIMEOUT : 60
   -> Parsing CHC file: /Dualis/scripts/../benchmarks/ClassicalHornICE_working_temp/DLL_Circular/DLL_Circular.smt2
   -> Starting HornICE with a 1000-second timeout...
      -> Logging HornICE output to iter_3.log
   -> HornICE completed successfully.
   -> Analyzing HornICE log file: iter_3.log
      -> Found 13 internal iterations.
   -> Writing new specs to harness: push_fuzz.cpp...
      -> Successfully created working copy '/Dualis/scripts/../benchmarks/ClassicalHornICE_working_temp/DLL_Circular/push_fuzz.cpp'.
   -> Starting AFL++(push_fuzz) with a 60-second timeout...
   -> Building AFL-instrumented binary: /Dualis/scripts/../benchmarks/ClassicalHornICE_working_temp/DLL_Circular/push_fuzz
   -> AFL++(push_fuzz) finished its fuzzing session.
   -> Checking fuzzing outputs for counterexamples...
Checking crashes
   -> Found 4 crash reports. Testing reproducibility...
   -> CRASH REPRODUCED with id:000001,sig:06,src:000000,time:381,execs:66,op:havoc,rep:1
   -> CRASH REPRODUCED with id:000000,sig:06,src:000000,time:187,execs:37,op:havoc,rep:4
   -> CRASH REPRODUCED with id:000003,sig:06,src:000000,time:1297,execs:228,op:havoc,rep:4
   -> CRASH REPRODUCED with id:000002,sig:06,src:000000,time:1128,execs:212,op:havoc,rep:4
Checking queue
   -> Found 23 crash reports. Testing reproducibility...
Checking hangs
   -> Converting counterexamples for 'push'...
      -> Found and validated 4 new rules.
   -> Updating CHC file with new counterexamples...

=============== Artifacts This Iteration ===============

--- Generated Specs ---
  push: ((((val - max1) <= 0) && (((max1 - val) + max1) <= 1) && (max <= 1)) || (max > 1))
  inv: ((val <= 1) && (val > (-1)) && ((val - max) <= 0) && ((val - max) > (-1)))

--- New Test Cases Found ---

--- Updated CHCs (for next iteration) ---
(declare-var val Int)
(declare-var val1 Int)
(declare-var max Int)
(declare-var max1 Int)
(declare-rel push (Int Int Int))
(declare-rel inv (Int Int))
(declare-rel fail ())

(rule (=> (and (= val -33) (= max -1) (= max1 -1)) (push val max max1)))
(rule (=> (and (= val 33) (= max -1) (= max1 33)) (push val max max1)))
(rule (=> (and (= val 8) (= max 1) (= max1 8)) (push val max max1)))
(rule (=> (and (= val 2) (= max -129) (= max1 2)) (push val max max1)))

(rule (=> (and (= val 0) (= max 127) (= max1 127)) (push val max max1)))
(rule (=> (and (= val 25) (= max 2) (= max1 25)) (push val max max1)))
(rule (=> (and (= val 0) (= max 34) (= max1 34)) (push val max max1)))
(rule (=> (and (= val -14) (= max -129) (= max1 -14)) (push val max max1)))
(rule (=> (and (= val 12) (= max 40) (= max1 40)) (push val max max1)))
(rule (=> (and (= val 1) (= max 1) (= max1 1)) (push val max max1)))
(rule (=> (and (= val 1) (= max 0) (= max1 1)) (push val max max1)))
(rule (=> (and (= val 0) (= max 0)) (inv val max)))
(rule (=> (and (inv val max) (< val 3) (= val1 (+ val 1)) (push val1 max max1)) (inv val1 max1)))
(rule (=> (and (inv val max) (>= val 3) (push val max max1)) (inv val max1)))
(rule (=> (and (inv val max) (push val max max1)) (inv val max1)))
(rule (=> (and (inv val max) (not (and (>= max 0) (<= max 3)))) fail))

(query fail :print-certificate true)
==============================================================
   -> Checking if specs have changed...
      -> CHC files are different. Continuing iteration.

==================== Iteration: 4 ====================
TIMEOUT : 80
   -> Parsing CHC file: /Dualis/scripts/../benchmarks/ClassicalHornICE_working_temp/DLL_Circular/DLL_Circular.smt2
   -> Starting HornICE with a 1000-second timeout...
      -> Logging HornICE output to iter_4.log
   -> HornICE completed successfully.
   -> Analyzing HornICE log file: iter_4.log
      -> Found 18 internal iterations.
   -> Writing new specs to harness: push_fuzz.cpp...
      -> Successfully created working copy '/Dualis/scripts/../benchmarks/ClassicalHornICE_working_temp/DLL_Circular/push_fuzz.cpp'.
   -> Starting AFL++(push_fuzz) with a 80-second timeout...
   -> Building AFL-instrumented binary: /Dualis/scripts/../benchmarks/ClassicalHornICE_working_temp/DLL_Circular/push_fuzz
   -> AFL++(push_fuzz) finished its fuzzing session.
   -> Checking fuzzing outputs for counterexamples...
Checking crashes
   -> Found 6 crash reports. Testing reproducibility...
   -> CRASH REPRODUCED with id:000001,sig:06,src:000000,time:312,execs:98,op:havoc,rep:4
   -> CRASH REPRODUCED with id:000000,sig:06,src:000000,time:178,execs:22,op:havoc,rep:2
   -> CRASH REPRODUCED with id:000003,sig:06,src:000000,time:708,execs:110,op:havoc,rep:3
   -> CRASH REPRODUCED with id:000004,sig:06,src:000000,time:1103,execs:249,op:havoc,rep:4
   -> CRASH REPRODUCED with id:000002,sig:06,src:000000,time:502,execs:101,op:havoc,rep:3
   -> CRASH REPRODUCED with id:000005,sig:06,src:000000,time:7612,execs:1288,op:havoc,rep:3
Checking queue
   -> Found 29 crash reports. Testing reproducibility...
Checking hangs
   -> Converting counterexamples for 'push'...
      -> Found and validated 5 new rules.
   -> Updating CHC file with new counterexamples...

=============== Artifacts This Iteration ===============

--- Generated Specs ---
  push: (((((val - max) <= (-1)) || ((((max1 <= 1) && (max1 > 0) && (val > 0) && ((val - max) <= 0)) || (((max + max1) <= 1) && (max1 > 0) && ((val - max) > 0))) && ((val - max) > (-1)))) && ((val - max) <= 1)) || ((val - max) > 1))
  inv: (((val - max) > (-1)) && ((val - max) <= 0) && (max > (-1)) && (max <= 1))

--- New Test Cases Found ---

--- Updated CHCs (for next iteration) ---
(declare-var val Int)
(declare-var val1 Int)
(declare-var max Int)
(declare-var max1 Int)
(declare-rel push (Int Int Int))
(declare-rel inv (Int Int))
(declare-rel fail ())

(rule (=> (and (= val -1) (= max -1) (= max1 -1)) (push val max max1)))
(rule (=> (and (= val 78) (= max 78) (= max1 78)) (push val max max1)))
(rule (=> (and (= val -1) (= max -2) (= max1 -1)) (push val max max1)))
(rule (=> (and (= val 119) (= max 119) (= max1 119)) (push val max max1)))
(rule (=> (and (= val -128) (= max -129) (= max1 -128)) (push val max max1)))

(rule (=> (and (= val -33) (= max -1) (= max1 -1)) (push val max max1)))
(rule (=> (and (= val 33) (= max -1) (= max1 33)) (push val max max1)))
(rule (=> (and (= val 8) (= max 1) (= max1 8)) (push val max max1)))
(rule (=> (and (= val 2) (= max -129) (= max1 2)) (push val max max1)))
(rule (=> (and (= val 0) (= max 127) (= max1 127)) (push val max max1)))
(rule (=> (and (= val 25) (= max 2) (= max1 25)) (push val max max1)))
(rule (=> (and (= val 0) (= max 34) (= max1 34)) (push val max max1)))
(rule (=> (and (= val -14) (= max -129) (= max1 -14)) (push val max max1)))
(rule (=> (and (= val 12) (= max 40) (= max1 40)) (push val max max1)))
(rule (=> (and (= val 1) (= max 1) (= max1 1)) (push val max max1)))
(rule (=> (and (= val 1) (= max 0) (= max1 1)) (push val max max1)))
(rule (=> (and (= val 0) (= max 0)) (inv val max)))
(rule (=> (and (inv val max) (< val 3) (= val1 (+ val 1)) (push val1 max max1)) (inv val1 max1)))
(rule (=> (and (inv val max) (>= val 3) (push val max max1)) (inv val max1)))
(rule (=> (and (inv val max) (push val max max1)) (inv val max1)))
(rule (=> (and (inv val max) (not (and (>= max 0) (<= max 3)))) fail))

(query fail :print-certificate true)
==============================================================
   -> Checking if specs have changed...
      -> CHC files are different. Continuing iteration.

==================== Iteration: 5 ====================
TIMEOUT : 100
   -> Parsing CHC file: /Dualis/scripts/../benchmarks/ClassicalHornICE_working_temp/DLL_Circular/DLL_Circular.smt2
   -> Starting HornICE with a 1000-second timeout...
      -> Logging HornICE output to iter_5.log
   -> HornICE completed successfully.
   -> Analyzing HornICE log file: iter_5.log
      -> Found 12 internal iterations.
   -> Writing new specs to harness: push_fuzz.cpp...
      -> Successfully created working copy '/Dualis/scripts/../benchmarks/ClassicalHornICE_working_temp/DLL_Circular/push_fuzz.cpp'.
   -> Starting AFL++(push_fuzz) with a 100-second timeout...
   -> Building AFL-instrumented binary: /Dualis/scripts/../benchmarks/ClassicalHornICE_working_temp/DLL_Circular/push_fuzz
   -> AFL++(push_fuzz) finished its fuzzing session.
   -> Checking fuzzing outputs for counterexamples...
Checking crashes
   -> Found 4 crash reports. Testing reproducibility...
   -> CRASH REPRODUCED with id:000002,sig:06,src:000000,time:2811,execs:507,op:havoc,rep:7
   -> CRASH REPRODUCED with id:000000,sig:06,src:000000,time:420,execs:352,op:havoc,rep:7
   -> CRASH REPRODUCED with id:000003,sig:06,src:000000,time:7556,execs:717,op:havoc,rep:3
   -> CRASH REPRODUCED with id:000001,sig:06,src:000000,time:1608,execs:430,op:havoc,rep:7
Checking queue
   -> Found 22 crash reports. Testing reproducibility...
Checking hangs
   -> Converting counterexamples for 'push'...
      -> Found and validated 4 new rules.
   -> Updating CHC file with new counterexamples...

=============== Artifacts This Iteration ===============

--- Generated Specs ---
  push: ((((((((val <= 1) && (((val - max) - max1) <= 0)) || (((val - max) - max1) > 0)) && (max <= 0)) || (((val - max) > 1) && (max > 0))) && ((val - max1) > (-1)) && ((max - max1) <= (-1))) || ((max - max1) > (-1))) && ((val - max1) <= 0))
  inv: ((val > (-1)) && (max > (-1)) && (max <= 1) && (val <= 1))

--- New Test Cases Found ---

--- Updated CHCs (for next iteration) ---
(declare-var val Int)
(declare-var val1 Int)
(declare-var max Int)
(declare-var max1 Int)
(declare-rel push (Int Int Int))
(declare-rel inv (Int Int))
(declare-rel fail ())

(rule (=> (and (= val 2) (= max 1) (= max1 2)) (push val max max1)))
(rule (=> (and (= val 100) (= max 0) (= max1 100)) (push val max max1)))
(rule (=> (and (= val 127) (= max 0) (= max1 127)) (push val max max1)))
(rule (=> (and (= val 64) (= max 0) (= max1 64)) (push val max max1)))

(rule (=> (and (= val -1) (= max -1) (= max1 -1)) (push val max max1)))
(rule (=> (and (= val 78) (= max 78) (= max1 78)) (push val max max1)))
(rule (=> (and (= val -1) (= max -2) (= max1 -1)) (push val max max1)))
(rule (=> (and (= val 119) (= max 119) (= max1 119)) (push val max max1)))
(rule (=> (and (= val -128) (= max -129) (= max1 -128)) (push val max max1)))
(rule (=> (and (= val -33) (= max -1) (= max1 -1)) (push val max max1)))
(rule (=> (and (= val 33) (= max -1) (= max1 33)) (push val max max1)))
(rule (=> (and (= val 8) (= max 1) (= max1 8)) (push val max max1)))
(rule (=> (and (= val 2) (= max -129) (= max1 2)) (push val max max1)))
(rule (=> (and (= val 0) (= max 127) (= max1 127)) (push val max max1)))
(rule (=> (and (= val 25) (= max 2) (= max1 25)) (push val max max1)))
(rule (=> (and (= val 0) (= max 34) (= max1 34)) (push val max max1)))
(rule (=> (and (= val -14) (= max -129) (= max1 -14)) (push val max max1)))
(rule (=> (and (= val 12) (= max 40) (= max1 40)) (push val max max1)))
(rule (=> (and (= val 1) (= max 1) (= max1 1)) (push val max max1)))
(rule (=> (and (= val 1) (= max 0) (= max1 1)) (push val max max1)))
(rule (=> (and (= val 0) (= max 0)) (inv val max)))
(rule (=> (and (inv val max) (< val 3) (= val1 (+ val 1)) (push val1 max max1)) (inv val1 max1)))
(rule (=> (and (inv val max) (>= val 3) (push val max max1)) (inv val max1)))
(rule (=> (and (inv val max) (push val max max1)) (inv val max1)))
(rule (=> (and (inv val max) (not (and (>= max 0) (<= max 3)))) fail))

(query fail :print-certificate true)
==============================================================
   -> Checking if specs have changed...
      -> CHC files are different. Continuing iteration.

==================== Iteration: 6 ====================
TIMEOUT : 120
   -> Parsing CHC file: /Dualis/scripts/../benchmarks/ClassicalHornICE_working_temp/DLL_Circular/DLL_Circular.smt2
   -> Starting HornICE with a 1000-second timeout...
      -> Logging HornICE output to iter_6.log
   -> HornICE completed successfully.
   -> Analyzing HornICE log file: iter_6.log
      -> Found 18 internal iterations.
   -> Writing new specs to harness: push_fuzz.cpp...
      -> Successfully created working copy '/Dualis/scripts/../benchmarks/ClassicalHornICE_working_temp/DLL_Circular/push_fuzz.cpp'.
   -> Starting AFL++(push_fuzz) with a 120-second timeout...
   -> Building AFL-instrumented binary: /Dualis/scripts/../benchmarks/ClassicalHornICE_working_temp/DLL_Circular/push_fuzz
   -> AFL++(push_fuzz) finished its fuzzing session.
   -> Checking fuzzing outputs for counterexamples...
Checking crashes
   -> Found 3 crash reports. Testing reproducibility...
   -> CRASH REPRODUCED with id:000002,sig:06,src:000019,time:1675,execs:17922,op:havoc,rep:10
   -> CRASH REPRODUCED with id:000001,sig:06,src:000019,time:873,execs:16965,op:havoc,rep:16
   -> CRASH REPRODUCED with id:000000,sig:06,src:000019,time:656,execs:16778,op:havoc,rep:15
Checking queue
   -> Found 47 crash reports. Testing reproducibility...
Checking hangs
   -> Converting counterexamples for 'push'...
      -> Found and validated 3 new rules.
   -> Updating CHC file with new counterexamples...

=============== Artifacts This Iteration ===============

--- Generated Specs ---
  push: (((((max - val) + max1) <= 1) || (((((val - max) > 1) && ((max - max1) <= (-1))) || ((max - max1) > (-1))) && (((max - val) + max1) > 1))) && ((val - max1) <= 0))
  inv: (((val - max) <= 0) && (val > (-1)) && ((val - max) <= 1) && (max > (-1)) && (max <= 2))

--- New Test Cases Found ---

--- Updated CHCs (for next iteration) ---
(declare-var val Int)
(declare-var val1 Int)
(declare-var max Int)
(declare-var max1 Int)
(declare-rel push (Int Int Int))
(declare-rel inv (Int Int))
(declare-rel fail ())

(rule (=> (and (= val 64) (= max 63) (= max1 64)) (push val max max1)))
(rule (=> (and (= val 8) (= max 7) (= max1 8)) (push val max max1)))
(rule (=> (and (= val 63) (= max 62) (= max1 63)) (push val max max1)))

(rule (=> (and (= val 2) (= max 1) (= max1 2)) (push val max max1)))
(rule (=> (and (= val 100) (= max 0) (= max1 100)) (push val max max1)))
(rule (=> (and (= val 127) (= max 0) (= max1 127)) (push val max max1)))
(rule (=> (and (= val 64) (= max 0) (= max1 64)) (push val max max1)))
(rule (=> (and (= val -1) (= max -1) (= max1 -1)) (push val max max1)))
(rule (=> (and (= val 78) (= max 78) (= max1 78)) (push val max max1)))
(rule (=> (and (= val -1) (= max -2) (= max1 -1)) (push val max max1)))
(rule (=> (and (= val 119) (= max 119) (= max1 119)) (push val max max1)))
(rule (=> (and (= val -128) (= max -129) (= max1 -128)) (push val max max1)))
(rule (=> (and (= val -33) (= max -1) (= max1 -1)) (push val max max1)))
(rule (=> (and (= val 33) (= max -1) (= max1 33)) (push val max max1)))
(rule (=> (and (= val 8) (= max 1) (= max1 8)) (push val max max1)))
(rule (=> (and (= val 2) (= max -129) (= max1 2)) (push val max max1)))
(rule (=> (and (= val 0) (= max 127) (= max1 127)) (push val max max1)))
(rule (=> (and (= val 25) (= max 2) (= max1 25)) (push val max max1)))
(rule (=> (and (= val 0) (= max 34) (= max1 34)) (push val max max1)))
(rule (=> (and (= val -14) (= max -129) (= max1 -14)) (push val max max1)))
(rule (=> (and (= val 12) (= max 40) (= max1 40)) (push val max max1)))
(rule (=> (and (= val 1) (= max 1) (= max1 1)) (push val max max1)))
(rule (=> (and (= val 1) (= max 0) (= max1 1)) (push val max max1)))
(rule (=> (and (= val 0) (= max 0)) (inv val max)))
(rule (=> (and (inv val max) (< val 3) (= val1 (+ val 1)) (push val1 max max1)) (inv val1 max1)))
(rule (=> (and (inv val max) (>= val 3) (push val max max1)) (inv val max1)))
(rule (=> (and (inv val max) (push val max max1)) (inv val max1)))
(rule (=> (and (inv val max) (not (and (>= max 0) (<= max 3)))) fail))

(query fail :print-certificate true)
==============================================================
   -> Checking if specs have changed...
      -> CHC files are different. Continuing iteration.

==================== Iteration: 7 ====================
TIMEOUT : 140
   -> Parsing CHC file: /Dualis/scripts/../benchmarks/ClassicalHornICE_working_temp/DLL_Circular/DLL_Circular.smt2
   -> Starting HornICE with a 1000-second timeout...
      -> Logging HornICE output to iter_7.log
   -> HornICE completed successfully.
   -> Analyzing HornICE log file: iter_7.log
      -> Found 18 internal iterations.
   -> Writing new specs to harness: push_fuzz.cpp...
      -> Successfully created working copy '/Dualis/scripts/../benchmarks/ClassicalHornICE_working_temp/DLL_Circular/push_fuzz.cpp'.
   -> Starting AFL++(push_fuzz) with a 140-second timeout...
   -> Building AFL-instrumented binary: /Dualis/scripts/../benchmarks/ClassicalHornICE_working_temp/DLL_Circular/push_fuzz
   -> AFL++(push_fuzz) finished its fuzzing session.
   -> Checking fuzzing outputs for counterexamples...
Checking crashes
   -> Found 4 crash reports. Testing reproducibility...
   -> CRASH REPRODUCED with id:000000,sig:06,src:000000,time:232,execs:200,op:havoc,rep:2
   -> CRASH REPRODUCED with id:000003,sig:06,src:000000,time:2313,execs:2380,op:havoc,rep:2
   -> CRASH REPRODUCED with id:000001,sig:06,src:000000,time:508,execs:729,op:havoc,rep:4
   -> CRASH REPRODUCED with id:000002,sig:06,src:000000,time:779,execs:1202,op:havoc,rep:2
Checking queue
   -> Found 35 crash reports. Testing reproducibility...
Checking hangs
   -> Converting counterexamples for 'push'...
      -> Found and validated 2 new rules.
   -> Updating CHC file with new counterexamples...

=============== Artifacts This Iteration ===============

--- Generated Specs ---
  push: (((((max - max1) <= 0) && ((max - max1) > (-1)) && ((val - max1) <= (-1))) || (((((max <= 0) || ((((val - max) <= 1) || (((val - max) > 2) && ((val - max) > 1))) && (max > 0))) && ((max - max1) <= 0) && (max <= 1)) || (((((val - max) > 1) && (max <= 2)) || (max > 2)) && (max > 1))) && ((val - max1) > (-1)))) && ((val - max1) <= 0))
  inv: (((val - max) <= 1) && (max > (-1)) && (max <= 2))

--- New Test Cases Found ---

--- Updated CHCs (for next iteration) ---
(declare-var val Int)
(declare-var val1 Int)
(declare-var max Int)
(declare-var max1 Int)
(declare-rel push (Int Int Int))
(declare-rel inv (Int Int))
(declare-rel fail ())

(rule (=> (and (= val 2) (= max 2) (= max1 2)) (push val max max1)))
(rule (=> (and (= val 3) (= max 1) (= max1 3)) (push val max max1)))

(rule (=> (and (= val 64) (= max 63) (= max1 64)) (push val max max1)))
(rule (=> (and (= val 8) (= max 7) (= max1 8)) (push val max max1)))
(rule (=> (and (= val 63) (= max 62) (= max1 63)) (push val max max1)))
(rule (=> (and (= val 2) (= max 1) (= max1 2)) (push val max max1)))
(rule (=> (and (= val 100) (= max 0) (= max1 100)) (push val max max1)))
(rule (=> (and (= val 127) (= max 0) (= max1 127)) (push val max max1)))
(rule (=> (and (= val 64) (= max 0) (= max1 64)) (push val max max1)))
(rule (=> (and (= val -1) (= max -1) (= max1 -1)) (push val max max1)))
(rule (=> (and (= val 78) (= max 78) (= max1 78)) (push val max max1)))
(rule (=> (and (= val -1) (= max -2) (= max1 -1)) (push val max max1)))
(rule (=> (and (= val 119) (= max 119) (= max1 119)) (push val max max1)))
(rule (=> (and (= val -128) (= max -129) (= max1 -128)) (push val max max1)))
(rule (=> (and (= val -33) (= max -1) (= max1 -1)) (push val max max1)))
(rule (=> (and (= val 33) (= max -1) (= max1 33)) (push val max max1)))
(rule (=> (and (= val 8) (= max 1) (= max1 8)) (push val max max1)))
(rule (=> (and (= val 2) (= max -129) (= max1 2)) (push val max max1)))
(rule (=> (and (= val 0) (= max 127) (= max1 127)) (push val max max1)))
(rule (=> (and (= val 25) (= max 2) (= max1 25)) (push val max max1)))
(rule (=> (and (= val 0) (= max 34) (= max1 34)) (push val max max1)))
(rule (=> (and (= val -14) (= max -129) (= max1 -14)) (push val max max1)))
(rule (=> (and (= val 12) (= max 40) (= max1 40)) (push val max max1)))
(rule (=> (and (= val 1) (= max 1) (= max1 1)) (push val max max1)))
(rule (=> (and (= val 1) (= max 0) (= max1 1)) (push val max max1)))
(rule (=> (and (= val 0) (= max 0)) (inv val max)))
(rule (=> (and (inv val max) (< val 3) (= val1 (+ val 1)) (push val1 max max1)) (inv val1 max1)))
(rule (=> (and (inv val max) (>= val 3) (push val max max1)) (inv val max1)))
(rule (=> (and (inv val max) (push val max max1)) (inv val max1)))
(rule (=> (and (inv val max) (not (and (>= max 0) (<= max 3)))) fail))

(query fail :print-certificate true)
==============================================================
   -> Checking if specs have changed...
      -> CHC files are different. Continuing iteration.

==================== Iteration: 8 ====================
TIMEOUT : 160
   -> Parsing CHC file: /Dualis/scripts/../benchmarks/ClassicalHornICE_working_temp/DLL_Circular/DLL_Circular.smt2
   -> Starting HornICE with a 1000-second timeout...
      -> Logging HornICE output to iter_8.log
   -> HornICE completed successfully.
   -> Analyzing HornICE log file: iter_8.log
      -> Found 17 internal iterations.
   -> Writing new specs to harness: push_fuzz.cpp...
      -> Successfully created working copy '/Dualis/scripts/../benchmarks/ClassicalHornICE_working_temp/DLL_Circular/push_fuzz.cpp'.
   -> Starting AFL++(push_fuzz) with a 160-second timeout...
   -> Building AFL-instrumented binary: /Dualis/scripts/../benchmarks/ClassicalHornICE_working_temp/DLL_Circular/push_fuzz
   -> AFL++(push_fuzz) finished its fuzzing session.
   -> Checking fuzzing outputs for counterexamples...
Checking crashes
   -> Found 8 crash reports. Testing reproducibility...
   -> CRASH REPRODUCED with id:000000,sig:06,src:000000,time:210,execs:272,op:havoc,rep:14
   -> CRASH REPRODUCED with id:000004,sig:06,src:000000,time:1434,execs:541,op:havoc,rep:7
   -> CRASH REPRODUCED with id:000002,sig:06,src:000000,time:784,execs:442,op:havoc,rep:8
   -> CRASH REPRODUCED with id:000006,sig:06,src:000000,time:15329,execs:3072,op:havoc,rep:14
   -> CRASH REPRODUCED with id:000005,sig:06,src:000000,time:4435,execs:1193,op:havoc,rep:4
   -> CRASH REPRODUCED with id:000003,sig:06,src:000000,time:1229,execs:540,op:havoc,rep:8
   -> CRASH REPRODUCED with id:000007,sig:06,src:000000,time:49150,execs:10102,op:havoc,rep:6
   -> CRASH REPRODUCED with id:000001,sig:06,src:000000,time:392,execs:288,op:havoc,rep:5
Checking queue
   -> Found 27 crash reports. Testing reproducibility...
Checking hangs
   -> Converting counterexamples for 'push'...
      -> Found and validated 5 new rules.
   -> Updating CHC file with new counterexamples...

=============== Artifacts This Iteration ===============

--- Generated Specs ---
  push: ((((max - max1) > (-2)) && ((val - max1) <= (-2))) || (((max <= 1) || ((((val - max) <= 0) || ((((max > 2) && ((val - max) <= 1)) || ((val - max) > 1)) && ((val - max) > 0))) && (max > 1))) && ((val - max1) <= 0) && ((val - max1) > (-1)) && ((val - max1) > (-2))))
  inv: (((val - max) > (-1)) && ((val + max) > (-2)) && ((val - max) <= 0) && (max <= 2))

--- New Test Cases Found ---

--- Updated CHCs (for next iteration) ---
(declare-var val Int)
(declare-var val1 Int)
(declare-var max Int)
(declare-var max1 Int)
(declare-rel push (Int Int Int))
(declare-rel inv (Int Int))
(declare-rel fail ())

(rule (=> (and (= val -1) (= max 0) (= max1 0)) (push val max max1)))
(rule (=> (and (= val 0) (= max 1) (= max1 1)) (push val max max1)))
(rule (=> (and (= val 3) (= max 2) (= max1 3)) (push val max max1)))
(rule (=> (and (= val 5) (= max 6) (= max1 6)) (push val max max1)))
(rule (=> (and (= val -57) (= max -56) (= max1 -56)) (push val max max1)))

(rule (=> (and (= val 2) (= max 2) (= max1 2)) (push val max max1)))
(rule (=> (and (= val 3) (= max 1) (= max1 3)) (push val max max1)))
(rule (=> (and (= val 64) (= max 63) (= max1 64)) (push val max max1)))
(rule (=> (and (= val 8) (= max 7) (= max1 8)) (push val max max1)))
(rule (=> (and (= val 63) (= max 62) (= max1 63)) (push val max max1)))
(rule (=> (and (= val 2) (= max 1) (= max1 2)) (push val max max1)))
(rule (=> (and (= val 100) (= max 0) (= max1 100)) (push val max max1)))
(rule (=> (and (= val 127) (= max 0) (= max1 127)) (push val max max1)))
(rule (=> (and (= val 64) (= max 0) (= max1 64)) (push val max max1)))
(rule (=> (and (= val -1) (= max -1) (= max1 -1)) (push val max max1)))
(rule (=> (and (= val 78) (= max 78) (= max1 78)) (push val max max1)))
(rule (=> (and (= val -1) (= max -2) (= max1 -1)) (push val max max1)))
(rule (=> (and (= val 119) (= max 119) (= max1 119)) (push val max max1)))
(rule (=> (and (= val -128) (= max -129) (= max1 -128)) (push val max max1)))
(rule (=> (and (= val -33) (= max -1) (= max1 -1)) (push val max max1)))
(rule (=> (and (= val 33) (= max -1) (= max1 33)) (push val max max1)))
(rule (=> (and (= val 8) (= max 1) (= max1 8)) (push val max max1)))
(rule (=> (and (= val 2) (= max -129) (= max1 2)) (push val max max1)))
(rule (=> (and (= val 0) (= max 127) (= max1 127)) (push val max max1)))
(rule (=> (and (= val 25) (= max 2) (= max1 25)) (push val max max1)))
(rule (=> (and (= val 0) (= max 34) (= max1 34)) (push val max max1)))
(rule (=> (and (= val -14) (= max -129) (= max1 -14)) (push val max max1)))
(rule (=> (and (= val 12) (= max 40) (= max1 40)) (push val max max1)))
(rule (=> (and (= val 1) (= max 1) (= max1 1)) (push val max max1)))
(rule (=> (and (= val 1) (= max 0) (= max1 1)) (push val max max1)))
(rule (=> (and (= val 0) (= max 0)) (inv val max)))
(rule (=> (and (inv val max) (< val 3) (= val1 (+ val 1)) (push val1 max max1)) (inv val1 max1)))
(rule (=> (and (inv val max) (>= val 3) (push val max max1)) (inv val max1)))
(rule (=> (and (inv val max) (push val max max1)) (inv val max1)))
(rule (=> (and (inv val max) (not (and (>= max 0) (<= max 3)))) fail))

(query fail :print-certificate true)
==============================================================
   -> Checking if specs have changed...
      -> CHC files are different. Continuing iteration.

==================== Iteration: 9 ====================
TIMEOUT : 180
   -> Parsing CHC file: /Dualis/scripts/../benchmarks/ClassicalHornICE_working_temp/DLL_Circular/DLL_Circular.smt2
   -> Starting HornICE with a 1000-second timeout...
      -> Logging HornICE output to iter_9.log
   -> HornICE completed successfully.
   -> Analyzing HornICE log file: iter_9.log
      -> Found 23 internal iterations.
   -> Writing new specs to harness: push_fuzz.cpp...
      -> Successfully created working copy '/Dualis/scripts/../benchmarks/ClassicalHornICE_working_temp/DLL_Circular/push_fuzz.cpp'.
   -> Starting AFL++(push_fuzz) with a 180-second timeout...
   -> Building AFL-instrumented binary: /Dualis/scripts/../benchmarks/ClassicalHornICE_working_temp/DLL_Circular/push_fuzz
   -> AFL++(push_fuzz) finished its fuzzing session.
   -> Checking fuzzing outputs for counterexamples...
Checking crashes
   -> Found 5 crash reports. Testing reproducibility...
   -> CRASH REPRODUCED with id:000000,sig:06,src:000000,time:202,execs:208,op:havoc,rep:7
   -> CRASH REPRODUCED with id:000003,sig:06,src:000000,time:1357,execs:702,op:havoc,rep:6
   -> CRASH REPRODUCED with id:000001,sig:06,src:000000,time:420,execs:291,op:havoc,rep:11
   -> CRASH REPRODUCED with id:000002,sig:06,src:000000,time:625,execs:298,op:havoc,rep:2
   -> CRASH REPRODUCED with id:000004,sig:06,src:000000,time:1780,execs:1025,op:havoc,rep:4
Checking queue
   -> Found 28 crash reports. Testing reproducibility...
Checking hangs
   -> Converting counterexamples for 'push'...
      -> Found and validated 1 new rules.
   -> Updating CHC file with new counterexamples...

=============== Artifacts This Iteration ===============

--- Generated Specs ---
  push: ((((max - max1) > (-3)) && ((val - max1) <= (-3))) || (((((val - max) <= (-1)) && ((val - max1) <= (-1))) || ((val - max1) > (-1))) && ((val - max1) <= 0) && ((val - max1) > (-2)) && ((val - max1) > (-3))))
  inv: (((val - max) > (-1)) && (val <= 3) && (max > (-1)) && ((val - max) > (-2)))

--- New Test Cases Found ---

--- Updated CHCs (for next iteration) ---
(declare-var val Int)
(declare-var val1 Int)
(declare-var max Int)
(declare-var max1 Int)
(declare-rel push (Int Int Int))
(declare-rel inv (Int Int))
(declare-rel fail ())

(rule (=> (and (= val -1) (= max 1) (= max1 1)) (push val max max1)))

(rule (=> (and (= val -1) (= max 0) (= max1 0)) (push val max max1)))
(rule (=> (and (= val 0) (= max 1) (= max1 1)) (push val max max1)))
(rule (=> (and (= val 3) (= max 2) (= max1 3)) (push val max max1)))
(rule (=> (and (= val 5) (= max 6) (= max1 6)) (push val max max1)))
(rule (=> (and (= val -57) (= max -56) (= max1 -56)) (push val max max1)))
(rule (=> (and (= val 2) (= max 2) (= max1 2)) (push val max max1)))
(rule (=> (and (= val 3) (= max 1) (= max1 3)) (push val max max1)))
(rule (=> (and (= val 64) (= max 63) (= max1 64)) (push val max max1)))
(rule (=> (and (= val 8) (= max 7) (= max1 8)) (push val max max1)))
(rule (=> (and (= val 63) (= max 62) (= max1 63)) (push val max max1)))
(rule (=> (and (= val 2) (= max 1) (= max1 2)) (push val max max1)))
(rule (=> (and (= val 100) (= max 0) (= max1 100)) (push val max max1)))
(rule (=> (and (= val 127) (= max 0) (= max1 127)) (push val max max1)))
(rule (=> (and (= val 64) (= max 0) (= max1 64)) (push val max max1)))
(rule (=> (and (= val -1) (= max -1) (= max1 -1)) (push val max max1)))
(rule (=> (and (= val 78) (= max 78) (= max1 78)) (push val max max1)))
(rule (=> (and (= val -1) (= max -2) (= max1 -1)) (push val max max1)))
(rule (=> (and (= val 119) (= max 119) (= max1 119)) (push val max max1)))
(rule (=> (and (= val -128) (= max -129) (= max1 -128)) (push val max max1)))
(rule (=> (and (= val -33) (= max -1) (= max1 -1)) (push val max max1)))
(rule (=> (and (= val 33) (= max -1) (= max1 33)) (push val max max1)))
(rule (=> (and (= val 8) (= max 1) (= max1 8)) (push val max max1)))
(rule (=> (and (= val 2) (= max -129) (= max1 2)) (push val max max1)))
(rule (=> (and (= val 0) (= max 127) (= max1 127)) (push val max max1)))
(rule (=> (and (= val 25) (= max 2) (= max1 25)) (push val max max1)))
(rule (=> (and (= val 0) (= max 34) (= max1 34)) (push val max max1)))
(rule (=> (and (= val -14) (= max -129) (= max1 -14)) (push val max max1)))
(rule (=> (and (= val 12) (= max 40) (= max1 40)) (push val max max1)))
(rule (=> (and (= val 1) (= max 1) (= max1 1)) (push val max max1)))
(rule (=> (and (= val 1) (= max 0) (= max1 1)) (push val max max1)))
(rule (=> (and (= val 0) (= max 0)) (inv val max)))
(rule (=> (and (inv val max) (< val 3) (= val1 (+ val 1)) (push val1 max max1)) (inv val1 max1)))
(rule (=> (and (inv val max) (>= val 3) (push val max max1)) (inv val max1)))
(rule (=> (and (inv val max) (push val max max1)) (inv val max1)))
(rule (=> (and (inv val max) (not (and (>= max 0) (<= max 3)))) fail))

(query fail :print-certificate true)
==============================================================
   -> Checking if specs have changed...
      -> CHC files are different. Continuing iteration.

==================== Iteration: 10 ====================
TIMEOUT : 200
   -> Parsing CHC file: /Dualis/scripts/../benchmarks/ClassicalHornICE_working_temp/DLL_Circular/DLL_Circular.smt2
   -> Starting HornICE with a 1000-second timeout...
      -> Logging HornICE output to iter_10.log
   -> HornICE completed successfully.
   -> Analyzing HornICE log file: iter_10.log
      -> Found 21 internal iterations.
   -> Writing new specs to harness: push_fuzz.cpp...
      -> Successfully created working copy '/Dualis/scripts/../benchmarks/ClassicalHornICE_working_temp/DLL_Circular/push_fuzz.cpp'.
   -> Starting AFL++(push_fuzz) with a 200-second timeout...
   -> Building AFL-instrumented binary: /Dualis/scripts/../benchmarks/ClassicalHornICE_working_temp/DLL_Circular/push_fuzz
   -> AFL++(push_fuzz) finished its fuzzing session.
   -> Checking fuzzing outputs for counterexamples...
Checking crashes
Checking queue
   -> Found 51 crash reports. Testing reproducibility...
Checking hangs
   -> Converting counterexamples for 'push'...
   -> Updating CHC file with new counterexamples...

=============== Artifacts This Iteration ===============

--- Generated Specs ---
  push: ((((max - max1) > (-3)) && ((val - max1) <= (-3))) || (((((max - max1) > (-1)) && ((val - max1) <= (-1))) || ((val - max1) > (-1))) && ((val - max1) <= 0) && ((val - max1) > (-3))))
  inv: (((val - max) <= 0) && ((val - max) > (-1)) && (max <= 3) && (max > (-1)) && ((val - max) > (-3)))

--- New Test Cases Found ---

--- Updated CHCs (for next iteration) ---
(declare-var val Int)
(declare-var val1 Int)
(declare-var max Int)
(declare-var max1 Int)
(declare-rel push (Int Int Int))
(declare-rel inv (Int Int))
(declare-rel fail ())


(rule (=> (and (= val -1) (= max 1) (= max1 1)) (push val max max1)))
(rule (=> (and (= val -1) (= max 0) (= max1 0)) (push val max max1)))
(rule (=> (and (= val 0) (= max 1) (= max1 1)) (push val max max1)))
(rule (=> (and (= val 3) (= max 2) (= max1 3)) (push val max max1)))
(rule (=> (and (= val 5) (= max 6) (= max1 6)) (push val max max1)))
(rule (=> (and (= val -57) (= max -56) (= max1 -56)) (push val max max1)))
(rule (=> (and (= val 2) (= max 2) (= max1 2)) (push val max max1)))
(rule (=> (and (= val 3) (= max 1) (= max1 3)) (push val max max1)))
(rule (=> (and (= val 64) (= max 63) (= max1 64)) (push val max max1)))
(rule (=> (and (= val 8) (= max 7) (= max1 8)) (push val max max1)))
(rule (=> (and (= val 63) (= max 62) (= max1 63)) (push val max max1)))
(rule (=> (and (= val 2) (= max 1) (= max1 2)) (push val max max1)))
(rule (=> (and (= val 100) (= max 0) (= max1 100)) (push val max max1)))
(rule (=> (and (= val 127) (= max 0) (= max1 127)) (push val max max1)))
(rule (=> (and (= val 64) (= max 0) (= max1 64)) (push val max max1)))
(rule (=> (and (= val -1) (= max -1) (= max1 -1)) (push val max max1)))
(rule (=> (and (= val 78) (= max 78) (= max1 78)) (push val max max1)))
(rule (=> (and (= val -1) (= max -2) (= max1 -1)) (push val max max1)))
(rule (=> (and (= val 119) (= max 119) (= max1 119)) (push val max max1)))
(rule (=> (and (= val -128) (= max -129) (= max1 -128)) (push val max max1)))
(rule (=> (and (= val -33) (= max -1) (= max1 -1)) (push val max max1)))
(rule (=> (and (= val 33) (= max -1) (= max1 33)) (push val max max1)))
(rule (=> (and (= val 8) (= max 1) (= max1 8)) (push val max max1)))
(rule (=> (and (= val 2) (= max -129) (= max1 2)) (push val max max1)))
(rule (=> (and (= val 0) (= max 127) (= max1 127)) (push val max max1)))
(rule (=> (and (= val 25) (= max 2) (= max1 25)) (push val max max1)))
(rule (=> (and (= val 0) (= max 34) (= max1 34)) (push val max max1)))
(rule (=> (and (= val -14) (= max -129) (= max1 -14)) (push val max max1)))
(rule (=> (and (= val 12) (= max 40) (= max1 40)) (push val max max1)))
(rule (=> (and (= val 1) (= max 1) (= max1 1)) (push val max max1)))
(rule (=> (and (= val 1) (= max 0) (= max1 1)) (push val max max1)))
(rule (=> (and (= val 0) (= max 0)) (inv val max)))
(rule (=> (and (inv val max) (< val 3) (= val1 (+ val 1)) (push val1 max max1)) (inv val1 max1)))
(rule (=> (and (inv val max) (>= val 3) (push val max max1)) (inv val max1)))
(rule (=> (and (inv val max) (push val max max1)) (inv val max1)))
(rule (=> (and (inv val max) (not (and (>= max 0) (<= max 3)))) fail))

(query fail :print-certificate true)
==============================================================
   -> Checking if specs have changed...
      -> CHC files are different. Continuing iteration.

==================== Iteration: 11 ====================
TIMEOUT : 220
   -> Parsing CHC file: /Dualis/scripts/../benchmarks/ClassicalHornICE_working_temp/DLL_Circular/DLL_Circular.smt2
   -> Starting HornICE with a 1000-second timeout...
      -> Logging HornICE output to iter_11.log
   -> HornICE completed successfully.
   -> Analyzing HornICE log file: iter_11.log
      -> Found 21 internal iterations.
   -> Writing new specs to harness: push_fuzz.cpp...
      -> Successfully created working copy '/Dualis/scripts/../benchmarks/ClassicalHornICE_working_temp/DLL_Circular/push_fuzz.cpp'.
   -> Starting AFL++(push_fuzz) with a 220-second timeout...
   -> Building AFL-instrumented binary: /Dualis/scripts/../benchmarks/ClassicalHornICE_working_temp/DLL_Circular/push_fuzz
   -> AFL++(push_fuzz) finished its fuzzing session.
   -> Checking fuzzing outputs for counterexamples...
Checking crashes
Checking queue
   -> Found 44 crash reports. Testing reproducibility...
Checking hangs
   -> Converting counterexamples for 'push'...
   -> Updating CHC file with new counterexamples...

=============== Artifacts This Iteration ===============

--- Generated Specs ---
  push: ((((max - max1) > (-3)) && ((val - max1) <= (-3))) || (((((max - max1) > (-1)) && ((val - max1) <= (-1))) || ((val - max1) > (-1))) && ((val - max1) <= 0) && ((val - max1) > (-3))))
  inv: (((val - max) <= 0) && ((val - max) > (-1)) && (max <= 3) && (max > (-1)) && ((val - max) > (-3)))

--- New Test Cases Found ---

--- Updated CHCs (for next iteration) ---
(declare-var val Int)
(declare-var val1 Int)
(declare-var max Int)
(declare-var max1 Int)
(declare-rel push (Int Int Int))
(declare-rel inv (Int Int))
(declare-rel fail ())


(rule (=> (and (= val -1) (= max 1) (= max1 1)) (push val max max1)))
(rule (=> (and (= val -1) (= max 0) (= max1 0)) (push val max max1)))
(rule (=> (and (= val 0) (= max 1) (= max1 1)) (push val max max1)))
(rule (=> (and (= val 3) (= max 2) (= max1 3)) (push val max max1)))
(rule (=> (and (= val 5) (= max 6) (= max1 6)) (push val max max1)))
(rule (=> (and (= val -57) (= max -56) (= max1 -56)) (push val max max1)))
(rule (=> (and (= val 2) (= max 2) (= max1 2)) (push val max max1)))
(rule (=> (and (= val 3) (= max 1) (= max1 3)) (push val max max1)))
(rule (=> (and (= val 64) (= max 63) (= max1 64)) (push val max max1)))
(rule (=> (and (= val 8) (= max 7) (= max1 8)) (push val max max1)))
(rule (=> (and (= val 63) (= max 62) (= max1 63)) (push val max max1)))
(rule (=> (and (= val 2) (= max 1) (= max1 2)) (push val max max1)))
(rule (=> (and (= val 100) (= max 0) (= max1 100)) (push val max max1)))
(rule (=> (and (= val 127) (= max 0) (= max1 127)) (push val max max1)))
(rule (=> (and (= val 64) (= max 0) (= max1 64)) (push val max max1)))
(rule (=> (and (= val -1) (= max -1) (= max1 -1)) (push val max max1)))
(rule (=> (and (= val 78) (= max 78) (= max1 78)) (push val max max1)))
(rule (=> (and (= val -1) (= max -2) (= max1 -1)) (push val max max1)))
(rule (=> (and (= val 119) (= max 119) (= max1 119)) (push val max max1)))
(rule (=> (and (= val -128) (= max -129) (= max1 -128)) (push val max max1)))
(rule (=> (and (= val -33) (= max -1) (= max1 -1)) (push val max max1)))
(rule (=> (and (= val 33) (= max -1) (= max1 33)) (push val max max1)))
(rule (=> (and (= val 8) (= max 1) (= max1 8)) (push val max max1)))
(rule (=> (and (= val 2) (= max -129) (= max1 2)) (push val max max1)))
(rule (=> (and (= val 0) (= max 127) (= max1 127)) (push val max max1)))
(rule (=> (and (= val 25) (= max 2) (= max1 25)) (push val max max1)))
(rule (=> (and (= val 0) (= max 34) (= max1 34)) (push val max max1)))
(rule (=> (and (= val -14) (= max -129) (= max1 -14)) (push val max max1)))
(rule (=> (and (= val 12) (= max 40) (= max1 40)) (push val max max1)))
(rule (=> (and (= val 1) (= max 1) (= max1 1)) (push val max max1)))
(rule (=> (and (= val 1) (= max 0) (= max1 1)) (push val max max1)))
(rule (=> (and (= val 0) (= max 0)) (inv val max)))
(rule (=> (and (inv val max) (< val 3) (= val1 (+ val 1)) (push val1 max max1)) (inv val1 max1)))
(rule (=> (and (inv val max) (>= val 3) (push val max max1)) (inv val max1)))
(rule (=> (and (inv val max) (push val max max1)) (inv val max1)))
(rule (=> (and (inv val max) (not (and (>= max 0) (<= max 3)))) fail))

(query fail :print-certificate true)
==============================================================
   -> Checking if specs have changed...
      -> CHC files are identical. Pipeline has converged.
   -> 15-minute deep fuzzing converged. Pipeline complete.

==================== Finalizing Pipeline ====================

====================== Pipeline Finished =====================
Total External Iterations: 11
Total Unique Test Cases Found: 31
Total Internal Iterations: 184
  - Min: 6
  - Max: 23
  - Avg: 16.73
pipeline.run() took 0.4776 seconds.
Running command: /usr/bin/python3 chcverifynfuzz.py ClassicalHornICE DLL_Circular
PID: 5990
========================================


Total Pipeline Duration: 1407.16s
