
========================================
         Starting Pipeline for: Max (Mode: ClassicalHornICE)
========================================
Initializing pipeline for benchmark: 'Max'
   -> Loading and validating attributes from: /Dualis/scripts/../benchmarks/Classical/Max/Attributes.txt
      -> Validation successful. Attribute file is consistent.

==================== Iteration: 1 ====================
TIMEOUT : 20
   -> Parsing CHC file: /Dualis/scripts/../benchmarks/ClassicalHornICE_working_temp/Max/Max.smt2
   -> Starting HornICE with a 1000-second timeout...
      -> Logging HornICE output to iter_1.log
   -> HornICE completed successfully.
   -> Analyzing HornICE log file: iter_1.log
      -> Found 6 internal iterations.
   -> Writing new specs to harness: append_fuzz.cpp...
      -> Successfully created working copy '/Dualis/scripts/../benchmarks/ClassicalHornICE_working_temp/Max/append_fuzz.cpp'.
   -> Starting AFL++(append_fuzz) with a 20-second timeout...
   -> Building AFL-instrumented binary: /Dualis/scripts/../benchmarks/ClassicalHornICE_working_temp/Max/append_fuzz
   -> AFL++(append_fuzz) finished its fuzzing session.
   -> Checking fuzzing outputs for counterexamples...
Checking crashes
   -> Found 4 crash reports. Testing reproducibility...
   -> CRASH REPRODUCED with id:000003,sig:06,src:000000,time:2955,execs:44,op:havoc,rep:6
   -> CRASH REPRODUCED with id:000002,sig:06,src:000000,time:1181,execs:25,op:havoc,rep:5
   -> CRASH REPRODUCED with id:000001,sig:06,src:000000,time:379,execs:18,op:havoc,rep:16
   -> CRASH REPRODUCED with id:000000,sig:06,src:000000,time:178,execs:17,op:havoc,rep:10
Checking queue
   -> Found 1 crash reports. Testing reproducibility...
Checking hangs
   -> Converting counterexamples for 'append'...
      -> Found and validated 4 new rules.
   -> Updating CHC file with new counterexamples...

=============== Artifacts This Iteration ===============

--- Generated Specs ---
  inv: (((lmax - gmax) <= 0) && ((lmax - gmax) > (-1)))
  append: (false)

--- New Test Cases Found ---

--- Updated CHCs (for next iteration) ---
(declare-var lmax Int)
(declare-var lmax1 Int)
(declare-var gmax Int)
(declare-var v Int)
(declare-rel append (Int Int Int))
(declare-rel inv (Int Int))
(declare-rel fail ())
(define-fun MIN () Int -129)

(rule (=> (and (= v 31) (= lmax 47) (= lmax1 47)) (append v lmax lmax1)))
(rule (=> (and (= v 0) (= lmax -129) (= lmax1 0)) (append v lmax lmax1)))
(rule (=> (and (= v -6) (= lmax 0) (= lmax1 0)) (append v lmax lmax1)))
(rule (=> (and (= v 1) (= lmax 0) (= lmax1 1)) (append v lmax lmax1)))

(rule (=> (and (= lmax MIN) (= gmax MIN)) (inv lmax gmax)))
(rule (=> (and (inv lmax gmax) (append v lmax lmax1) (< gmax v)) (inv lmax1 v)))
(rule (=> (and (inv lmax gmax) (append v lmax lmax1) (not (< gmax v))) (inv lmax1 gmax)))
(rule (=> (and (inv lmax gmax) (not (= gmax lmax))) fail))

(query fail :print-certificate true)
==============================================================
   -> Checking if specs have changed...
      -> CHC files are different. Continuing iteration.

==================== Iteration: 2 ====================
TIMEOUT : 40
   -> Parsing CHC file: /Dualis/scripts/../benchmarks/ClassicalHornICE_working_temp/Max/Max.smt2
   -> Starting HornICE with a 1000-second timeout...
      -> Logging HornICE output to iter_2.log
   -> HornICE completed successfully.
   -> Analyzing HornICE log file: iter_2.log
      -> Found 15 internal iterations.
   -> Writing new specs to harness: append_fuzz.cpp...
      -> Successfully created working copy '/Dualis/scripts/../benchmarks/ClassicalHornICE_working_temp/Max/append_fuzz.cpp'.
   -> Starting AFL++(append_fuzz) with a 40-second timeout...
   -> Building AFL-instrumented binary: /Dualis/scripts/../benchmarks/ClassicalHornICE_working_temp/Max/append_fuzz
   -> AFL++(append_fuzz) finished its fuzzing session.
   -> Checking fuzzing outputs for counterexamples...
Checking crashes
   -> Found 4 crash reports. Testing reproducibility...
   -> CRASH REPRODUCED with id:000003,sig:06,src:000000,time:9782,execs:755,op:havoc,rep:10
   -> CRASH REPRODUCED with id:000002,sig:06,src:000000,time:1086,execs:187,op:havoc,rep:13
   -> CRASH REPRODUCED with id:000000,sig:06,src:000000,time:215,execs:25,op:havoc,rep:10
   -> CRASH REPRODUCED with id:000001,sig:06,src:000000,time:415,execs:50,op:havoc,rep:1
Checking queue
   -> Found 24 crash reports. Testing reproducibility...
Checking hangs
   -> Converting counterexamples for 'append'...
      -> Found and validated 4 new rules.
   -> Updating CHC file with new counterexamples...

=============== Artifacts This Iteration ===============

--- Generated Specs ---
  append: (((((lmax - lmax1) > (-1)) && ((lmax - lmax1) <= 0) && ((v - lmax) <= (-1))) || (((v - lmax1) <= 0) && ((v - lmax1) > (-1)) && ((v - lmax) > (-1)))) && (lmax1 > (-1)))
  inv: (((lmax - gmax) > (-1)) && ((lmax - gmax) <= 0))

--- New Test Cases Found ---

--- Updated CHCs (for next iteration) ---
(declare-var lmax Int)
(declare-var lmax1 Int)
(declare-var gmax Int)
(declare-var v Int)
(declare-rel append (Int Int Int))
(declare-rel inv (Int Int))
(declare-rel fail ())
(define-fun MIN () Int -129)

(rule (=> (and (= v -9) (= lmax -9) (= lmax1 -9)) (append v lmax lmax1)))
(rule (=> (and (= v -23) (= lmax -31) (= lmax1 -23)) (append v lmax lmax1)))
(rule (=> (and (= v -1) (= lmax -129) (= lmax1 -1)) (append v lmax lmax1)))
(rule (=> (and (= v -94) (= lmax -1) (= lmax1 -1)) (append v lmax lmax1)))

(rule (=> (and (= v 31) (= lmax 47) (= lmax1 47)) (append v lmax lmax1)))
(rule (=> (and (= v 0) (= lmax -129) (= lmax1 0)) (append v lmax lmax1)))
(rule (=> (and (= v -6) (= lmax 0) (= lmax1 0)) (append v lmax lmax1)))
(rule (=> (and (= v 1) (= lmax 0) (= lmax1 1)) (append v lmax lmax1)))
(rule (=> (and (= lmax MIN) (= gmax MIN)) (inv lmax gmax)))
(rule (=> (and (inv lmax gmax) (append v lmax lmax1) (< gmax v)) (inv lmax1 v)))
(rule (=> (and (inv lmax gmax) (append v lmax lmax1) (not (< gmax v))) (inv lmax1 gmax)))
(rule (=> (and (inv lmax gmax) (not (= gmax lmax))) fail))

(query fail :print-certificate true)
==============================================================
   -> Checking if specs have changed...
      -> CHC files are different. Continuing iteration.

==================== Iteration: 3 ====================
TIMEOUT : 60
   -> Parsing CHC file: /Dualis/scripts/../benchmarks/ClassicalHornICE_working_temp/Max/Max.smt2
   -> Starting HornICE with a 1000-second timeout...
      -> Logging HornICE output to iter_3.log
   -> HornICE completed successfully.
   -> Analyzing HornICE log file: iter_3.log
      -> Found 8 internal iterations.
   -> Writing new specs to harness: append_fuzz.cpp...
      -> Successfully created working copy '/Dualis/scripts/../benchmarks/ClassicalHornICE_working_temp/Max/append_fuzz.cpp'.
   -> Starting AFL++(append_fuzz) with a 60-second timeout...
   -> Building AFL-instrumented binary: /Dualis/scripts/../benchmarks/ClassicalHornICE_working_temp/Max/append_fuzz
   -> AFL++(append_fuzz) finished its fuzzing session.
   -> Checking fuzzing outputs for counterexamples...
Checking crashes
Checking queue
   -> Found 39 crash reports. Testing reproducibility...
Checking hangs
   -> Converting counterexamples for 'append'...
   -> Updating CHC file with new counterexamples...

=============== Artifacts This Iteration ===============

--- Generated Specs ---
  append: (((((lmax - lmax1) > (-1)) && ((v - lmax1) <= (-1))) || ((v - lmax1) > (-1))) && ((lmax - lmax1) <= 0) && ((v - lmax1) <= 0))
  inv: (((lmax - gmax) <= 0) && ((lmax - gmax) > (-1)))

--- New Test Cases Found ---

--- Updated CHCs (for next iteration) ---
(declare-var lmax Int)
(declare-var lmax1 Int)
(declare-var gmax Int)
(declare-var v Int)
(declare-rel append (Int Int Int))
(declare-rel inv (Int Int))
(declare-rel fail ())
(define-fun MIN () Int -129)


(rule (=> (and (= v -9) (= lmax -9) (= lmax1 -9)) (append v lmax lmax1)))
(rule (=> (and (= v -23) (= lmax -31) (= lmax1 -23)) (append v lmax lmax1)))
(rule (=> (and (= v -1) (= lmax -129) (= lmax1 -1)) (append v lmax lmax1)))
(rule (=> (and (= v -94) (= lmax -1) (= lmax1 -1)) (append v lmax lmax1)))
(rule (=> (and (= v 31) (= lmax 47) (= lmax1 47)) (append v lmax lmax1)))
(rule (=> (and (= v 0) (= lmax -129) (= lmax1 0)) (append v lmax lmax1)))
(rule (=> (and (= v -6) (= lmax 0) (= lmax1 0)) (append v lmax lmax1)))
(rule (=> (and (= v 1) (= lmax 0) (= lmax1 1)) (append v lmax lmax1)))
(rule (=> (and (= lmax MIN) (= gmax MIN)) (inv lmax gmax)))
(rule (=> (and (inv lmax gmax) (append v lmax lmax1) (< gmax v)) (inv lmax1 v)))
(rule (=> (and (inv lmax gmax) (append v lmax lmax1) (not (< gmax v))) (inv lmax1 gmax)))
(rule (=> (and (inv lmax gmax) (not (= gmax lmax))) fail))

(query fail :print-certificate true)
==============================================================
   -> Checking if specs have changed...
      -> CHC files are different. Continuing iteration.

==================== Iteration: 4 ====================
TIMEOUT : 80
   -> Parsing CHC file: /Dualis/scripts/../benchmarks/ClassicalHornICE_working_temp/Max/Max.smt2
   -> Starting HornICE with a 1000-second timeout...
      -> Logging HornICE output to iter_4.log
   -> HornICE completed successfully.
   -> Analyzing HornICE log file: iter_4.log
      -> Found 8 internal iterations.
   -> Writing new specs to harness: append_fuzz.cpp...
      -> Successfully created working copy '/Dualis/scripts/../benchmarks/ClassicalHornICE_working_temp/Max/append_fuzz.cpp'.
   -> Starting AFL++(append_fuzz) with a 80-second timeout...
   -> Building AFL-instrumented binary: /Dualis/scripts/../benchmarks/ClassicalHornICE_working_temp/Max/append_fuzz
   -> AFL++(append_fuzz) finished its fuzzing session.
   -> Checking fuzzing outputs for counterexamples...
Checking crashes
Checking queue
   -> Found 44 crash reports. Testing reproducibility...
Checking hangs
   -> Converting counterexamples for 'append'...
   -> Updating CHC file with new counterexamples...

=============== Artifacts This Iteration ===============

--- Generated Specs ---
  append: (((((lmax - lmax1) > (-1)) && ((v - lmax1) <= (-1))) || ((v - lmax1) > (-1))) && ((lmax - lmax1) <= 0) && ((v - lmax1) <= 0))
  inv: (((lmax - gmax) <= 0) && ((lmax - gmax) > (-1)))

--- New Test Cases Found ---

--- Updated CHCs (for next iteration) ---
(declare-var lmax Int)
(declare-var lmax1 Int)
(declare-var gmax Int)
(declare-var v Int)
(declare-rel append (Int Int Int))
(declare-rel inv (Int Int))
(declare-rel fail ())
(define-fun MIN () Int -129)


(rule (=> (and (= v -9) (= lmax -9) (= lmax1 -9)) (append v lmax lmax1)))
(rule (=> (and (= v -23) (= lmax -31) (= lmax1 -23)) (append v lmax lmax1)))
(rule (=> (and (= v -1) (= lmax -129) (= lmax1 -1)) (append v lmax lmax1)))
(rule (=> (and (= v -94) (= lmax -1) (= lmax1 -1)) (append v lmax lmax1)))
(rule (=> (and (= v 31) (= lmax 47) (= lmax1 47)) (append v lmax lmax1)))
(rule (=> (and (= v 0) (= lmax -129) (= lmax1 0)) (append v lmax lmax1)))
(rule (=> (and (= v -6) (= lmax 0) (= lmax1 0)) (append v lmax lmax1)))
(rule (=> (and (= v 1) (= lmax 0) (= lmax1 1)) (append v lmax lmax1)))
(rule (=> (and (= lmax MIN) (= gmax MIN)) (inv lmax gmax)))
(rule (=> (and (inv lmax gmax) (append v lmax lmax1) (< gmax v)) (inv lmax1 v)))
(rule (=> (and (inv lmax gmax) (append v lmax lmax1) (not (< gmax v))) (inv lmax1 gmax)))
(rule (=> (and (inv lmax gmax) (not (= gmax lmax))) fail))

(query fail :print-certificate true)
==============================================================
   -> Checking if specs have changed...
      -> CHC files are identical. Pipeline has converged.
   -> 15-minute deep fuzzing converged. Pipeline complete.

==================== Finalizing Pipeline ====================

====================== Pipeline Finished =====================
Total External Iterations: 4
Total Unique Test Cases Found: 8
Total Internal Iterations: 37
  - Min: 6
  - Max: 15
  - Avg: 9.25
pipeline.run() took 0.0767 seconds.
Running command: /usr/bin/python3 chcverifynfuzz.py ClassicalHornICE Max
PID: 5991
========================================


Total Pipeline Duration: 213.97s
