
========================================
         Starting Pipeline for: Min (Mode: ClassicalHornICE)
========================================
Initializing pipeline for benchmark: 'Min'
   -> Loading and validating attributes from: /Dualis/scripts/../benchmarks/Classical/Min/Attributes.txt
      -> Validation successful. Attribute file is consistent.

==================== Iteration: 1 ====================
TIMEOUT : 20
   -> Parsing CHC file: /Dualis/scripts/../benchmarks/ClassicalHornICE_working_temp/Min/Min.smt2
   -> Starting HornICE with a 1000-second timeout...
      -> Logging HornICE output to iter_1.log
   -> HornICE completed successfully.
   -> Analyzing HornICE log file: iter_1.log
      -> Found 10 internal iterations.
   -> Writing new specs to harness: append_fuzz.cpp...
      -> Successfully created working copy '/Dualis/scripts/../benchmarks/ClassicalHornICE_working_temp/Min/append_fuzz.cpp'.
   -> Starting AFL++(append_fuzz) with a 20-second timeout...
   -> Building AFL-instrumented binary: /Dualis/scripts/../benchmarks/ClassicalHornICE_working_temp/Min/append_fuzz
   -> AFL++(append_fuzz) finished its fuzzing session.
   -> Checking fuzzing outputs for counterexamples...
Checking crashes
   -> Found 4 crash reports. Testing reproducibility...
   -> CRASH REPRODUCED with id:000003,sig:06,src:000000,time:4,execs:77,op:havoc,rep:2
   -> CRASH REPRODUCED with id:000001,sig:06,src:000000,time:1,execs:24,op:havoc,rep:2
   -> CRASH REPRODUCED with id:000002,sig:06,src:000000,time:2,execs:33,op:havoc,rep:1
   -> CRASH REPRODUCED with id:000000,sig:06,src:000000,time:0,execs:19,op:havoc,rep:1
Checking queue
   -> Found 1 crash reports. Testing reproducibility...
Checking hangs
   -> Converting counterexamples for 'append'...
      -> Found and validated 3 new rules.
   -> Updating CHC file with new counterexamples...

=============== Artifacts This Iteration ===============

--- Generated Specs ---
  inv: (((lmin - gmin) > (-1)) && ((lmin - gmin) <= 0))
  append: (false)

--- New Test Cases Found ---

--- Updated CHCs (for next iteration) ---
(declare-var lmin Int)
(declare-var lmin1 Int)
(declare-var gmin Int)
(declare-var v Int)
(declare-rel append (Int Int Int))
(declare-rel inv (Int Int))
(declare-rel fail ())
(define-fun MAX () Int 128)

(rule (=> (and (= v 60) (= lmin 128) (= lmin1 60)) (append v lmin lmin1)))
(rule (=> (and (= v -1) (= lmin -1) (= lmin1 -1)) (append v lmin lmin1)))
(rule (=> (and (= v -1) (= lmin -73) (= lmin1 -73)) (append v lmin lmin1)))

(rule (=> (and (= lmin MAX) (= gmin MAX)) (inv lmin gmin)))
(rule (=> (and (inv lmin gmin) (append v lmin lmin1) (> gmin v)) (inv lmin1 v)))
(rule (=> (and (inv lmin gmin) (append v lmin lmin1) (not (> gmin v))) (inv lmin1 gmin)))
(rule (=> (and (inv lmin gmin) (not (= gmin lmin))) fail))

(query fail :print-certificate true)
==============================================================
   -> Checking if specs have changed...
      -> CHC files are different. Continuing iteration.

==================== Iteration: 2 ====================
TIMEOUT : 40
   -> Parsing CHC file: /Dualis/scripts/../benchmarks/ClassicalHornICE_working_temp/Min/Min.smt2
   -> Starting HornICE with a 1000-second timeout...
      -> Logging HornICE output to iter_2.log
   -> HornICE completed successfully.
   -> Analyzing HornICE log file: iter_2.log
      -> Found 20 internal iterations.
   -> Writing new specs to harness: append_fuzz.cpp...
      -> Successfully created working copy '/Dualis/scripts/../benchmarks/ClassicalHornICE_working_temp/Min/append_fuzz.cpp'.
   -> Starting AFL++(append_fuzz) with a 40-second timeout...
   -> Building AFL-instrumented binary: /Dualis/scripts/../benchmarks/ClassicalHornICE_working_temp/Min/append_fuzz
   -> AFL++(append_fuzz) finished its fuzzing session.
   -> Checking fuzzing outputs for counterexamples...
Checking crashes
   -> Found 6 crash reports. Testing reproducibility...
   -> CRASH REPRODUCED with id:000000,sig:06,src:000000,time:272,execs:25,op:havoc,rep:1
   -> CRASH REPRODUCED with id:000002,sig:06,src:000000,time:817,execs:116,op:havoc,rep:2
   -> CRASH REPRODUCED with id:000001,sig:06,src:000000,time:543,execs:72,op:havoc,rep:1
   -> CRASH REPRODUCED with id:000005,sig:06,src:000000,time:822,execs:221,op:havoc,rep:2
   -> CRASH REPRODUCED with id:000004,sig:06,src:000000,time:820,execs:166,op:havoc,rep:2
   -> CRASH REPRODUCED with id:000003,sig:06,src:000000,time:818,execs:118,op:havoc,rep:2
Checking queue
   -> Found 33 crash reports. Testing reproducibility...
Checking hangs
   -> Converting counterexamples for 'append'...
      -> Found and validated 4 new rules.
   -> Updating CHC file with new counterexamples...

=============== Artifacts This Iteration ===============

--- Generated Specs ---
  append: (((lmin <= (-1)) && (v <= (-1))) || ((v > 1) && ((v - lmin1) > (-1)) && ((v - lmin1) <= 0) && (((lmin - v) - lmin1) > 1) && (v > (-1))))
  inv: (((lmin - gmin) <= 0) && ((lmin - gmin) > (-1)) && (gmin > 1))

--- New Test Cases Found ---

--- Updated CHCs (for next iteration) ---
(declare-var lmin Int)
(declare-var lmin1 Int)
(declare-var gmin Int)
(declare-var v Int)
(declare-rel append (Int Int Int))
(declare-rel inv (Int Int))
(declare-rel fail ())
(define-fun MAX () Int 128)

(rule (=> (and (= v 35) (= lmin 35) (= lmin1 35)) (append v lmin lmin1)))
(rule (=> (and (= v 1) (= lmin 1) (= lmin1 1)) (append v lmin lmin1)))
(rule (=> (and (= v 0) (= lmin 128) (= lmin1 0)) (append v lmin lmin1)))
(rule (=> (and (= v 1) (= lmin -1) (= lmin1 -1)) (append v lmin lmin1)))

(rule (=> (and (= v 60) (= lmin 128) (= lmin1 60)) (append v lmin lmin1)))
(rule (=> (and (= v -1) (= lmin -1) (= lmin1 -1)) (append v lmin lmin1)))
(rule (=> (and (= v -1) (= lmin -73) (= lmin1 -73)) (append v lmin lmin1)))
(rule (=> (and (= lmin MAX) (= gmin MAX)) (inv lmin gmin)))
(rule (=> (and (inv lmin gmin) (append v lmin lmin1) (> gmin v)) (inv lmin1 v)))
(rule (=> (and (inv lmin gmin) (append v lmin lmin1) (not (> gmin v))) (inv lmin1 gmin)))
(rule (=> (and (inv lmin gmin) (not (= gmin lmin))) fail))

(query fail :print-certificate true)
==============================================================
   -> Checking if specs have changed...
      -> CHC files are different. Continuing iteration.

==================== Iteration: 3 ====================
TIMEOUT : 60
   -> Parsing CHC file: /Dualis/scripts/../benchmarks/ClassicalHornICE_working_temp/Min/Min.smt2
   -> Starting HornICE with a 1000-second timeout...
      -> Logging HornICE output to iter_3.log
   -> HornICE completed successfully.
   -> Analyzing HornICE log file: iter_3.log
      -> Found 16 internal iterations.
   -> Writing new specs to harness: append_fuzz.cpp...
      -> Successfully created working copy '/Dualis/scripts/../benchmarks/ClassicalHornICE_working_temp/Min/append_fuzz.cpp'.
   -> Starting AFL++(append_fuzz) with a 60-second timeout...
   -> Building AFL-instrumented binary: /Dualis/scripts/../benchmarks/ClassicalHornICE_working_temp/Min/append_fuzz
   -> AFL++(append_fuzz) finished its fuzzing session.
   -> Checking fuzzing outputs for counterexamples...
Checking crashes
Checking queue
   -> Found 48 crash reports. Testing reproducibility...
Checking hangs
   -> Converting counterexamples for 'append'...
   -> Updating CHC file with new counterexamples...

=============== Artifacts This Iteration ===============

--- Generated Specs ---
  append: ((((v - lmin1) <= 0) || (((lmin - lmin1) <= 0) && ((v - lmin1) > 0))) && ((lmin - lmin1) > (-1)) && ((v - lmin1) > (-1)))
  inv: (((lmin - gmin) > (-1)) && ((lmin - gmin) <= 0))

--- New Test Cases Found ---

--- Updated CHCs (for next iteration) ---
(declare-var lmin Int)
(declare-var lmin1 Int)
(declare-var gmin Int)
(declare-var v Int)
(declare-rel append (Int Int Int))
(declare-rel inv (Int Int))
(declare-rel fail ())
(define-fun MAX () Int 128)


(rule (=> (and (= v 35) (= lmin 35) (= lmin1 35)) (append v lmin lmin1)))
(rule (=> (and (= v 1) (= lmin 1) (= lmin1 1)) (append v lmin lmin1)))
(rule (=> (and (= v 0) (= lmin 128) (= lmin1 0)) (append v lmin lmin1)))
(rule (=> (and (= v 1) (= lmin -1) (= lmin1 -1)) (append v lmin lmin1)))
(rule (=> (and (= v 60) (= lmin 128) (= lmin1 60)) (append v lmin lmin1)))
(rule (=> (and (= v -1) (= lmin -1) (= lmin1 -1)) (append v lmin lmin1)))
(rule (=> (and (= v -1) (= lmin -73) (= lmin1 -73)) (append v lmin lmin1)))
(rule (=> (and (= lmin MAX) (= gmin MAX)) (inv lmin gmin)))
(rule (=> (and (inv lmin gmin) (append v lmin lmin1) (> gmin v)) (inv lmin1 v)))
(rule (=> (and (inv lmin gmin) (append v lmin lmin1) (not (> gmin v))) (inv lmin1 gmin)))
(rule (=> (and (inv lmin gmin) (not (= gmin lmin))) fail))

(query fail :print-certificate true)
==============================================================
   -> Checking if specs have changed...
      -> CHC files are different. Continuing iteration.

==================== Iteration: 4 ====================
TIMEOUT : 80
   -> Parsing CHC file: /Dualis/scripts/../benchmarks/ClassicalHornICE_working_temp/Min/Min.smt2
   -> Starting HornICE with a 1000-second timeout...
      -> Logging HornICE output to iter_4.log
   -> HornICE completed successfully.
   -> Analyzing HornICE log file: iter_4.log
      -> Found 16 internal iterations.
   -> Writing new specs to harness: append_fuzz.cpp...
      -> Successfully created working copy '/Dualis/scripts/../benchmarks/ClassicalHornICE_working_temp/Min/append_fuzz.cpp'.
   -> Starting AFL++(append_fuzz) with a 80-second timeout...
   -> Building AFL-instrumented binary: /Dualis/scripts/../benchmarks/ClassicalHornICE_working_temp/Min/append_fuzz
   -> AFL++(append_fuzz) finished its fuzzing session.
   -> Checking fuzzing outputs for counterexamples...
Checking crashes
Checking queue
   -> Found 50 crash reports. Testing reproducibility...
Checking hangs
   -> Converting counterexamples for 'append'...
   -> Updating CHC file with new counterexamples...

=============== Artifacts This Iteration ===============

--- Generated Specs ---
  append: ((((v - lmin1) <= 0) || (((lmin - lmin1) <= 0) && ((v - lmin1) > 0))) && ((lmin - lmin1) > (-1)) && ((v - lmin1) > (-1)))
  inv: (((lmin - gmin) > (-1)) && ((lmin - gmin) <= 0))

--- New Test Cases Found ---

--- Updated CHCs (for next iteration) ---
(declare-var lmin Int)
(declare-var lmin1 Int)
(declare-var gmin Int)
(declare-var v Int)
(declare-rel append (Int Int Int))
(declare-rel inv (Int Int))
(declare-rel fail ())
(define-fun MAX () Int 128)


(rule (=> (and (= v 35) (= lmin 35) (= lmin1 35)) (append v lmin lmin1)))
(rule (=> (and (= v 1) (= lmin 1) (= lmin1 1)) (append v lmin lmin1)))
(rule (=> (and (= v 0) (= lmin 128) (= lmin1 0)) (append v lmin lmin1)))
(rule (=> (and (= v 1) (= lmin -1) (= lmin1 -1)) (append v lmin lmin1)))
(rule (=> (and (= v 60) (= lmin 128) (= lmin1 60)) (append v lmin lmin1)))
(rule (=> (and (= v -1) (= lmin -1) (= lmin1 -1)) (append v lmin lmin1)))
(rule (=> (and (= v -1) (= lmin -73) (= lmin1 -73)) (append v lmin lmin1)))
(rule (=> (and (= lmin MAX) (= gmin MAX)) (inv lmin gmin)))
(rule (=> (and (inv lmin gmin) (append v lmin lmin1) (> gmin v)) (inv lmin1 v)))
(rule (=> (and (inv lmin gmin) (append v lmin lmin1) (not (> gmin v))) (inv lmin1 gmin)))
(rule (=> (and (inv lmin gmin) (not (= gmin lmin))) fail))

(query fail :print-certificate true)
==============================================================
   -> Checking if specs have changed...
      -> CHC files are identical. Pipeline has converged.
   -> 15-minute deep fuzzing converged. Pipeline complete.

==================== Finalizing Pipeline ====================

====================== Pipeline Finished =====================
Total External Iterations: 4
Total Unique Test Cases Found: 7
Total Internal Iterations: 62
  - Min: 10
  - Max: 20
  - Avg: 15.50
pipeline.run() took 0.5284 seconds.
Running command: /usr/bin/python3 chcverifynfuzz.py ClassicalHornICE Min
PID: 5993
========================================


Total Pipeline Duration: 213.71s
