
========================================
         Starting Pipeline for: PriorityFilterQueue (Mode: ClassicalHornICE)
========================================
Initializing pipeline for benchmark: 'PriorityFilterQueue'
   -> Loading and validating attributes from: /Dualis/scripts/../benchmarks/Classical/PriorityFilterQueue/Attributes.txt
      -> Validation successful. Attribute file is consistent.

==================== Iteration: 1 ====================
TIMEOUT : 20
   -> Parsing CHC file: /Dualis/scripts/../benchmarks/ClassicalHornICE_working_temp/PriorityFilterQueue/PriorityFilterQueue.smt2
   -> Starting HornICE with a 1000-second timeout...
      -> Logging HornICE output to iter_1.log
   -> HornICE completed successfully.
   -> Analyzing HornICE log file: iter_1.log
      -> Found 3 internal iterations.
   -> Writing new specs to harness: processQueue_fuzz.cpp...
      -> Successfully created working copy '/Dualis/scripts/../benchmarks/ClassicalHornICE_working_temp/PriorityFilterQueue/processQueue_fuzz.cpp'.
   -> Starting AFL++(processQueue_fuzz) with a 20-second timeout...
   -> Building AFL-instrumented binary: /Dualis/scripts/../benchmarks/ClassicalHornICE_working_temp/PriorityFilterQueue/processQueue_fuzz
   -> ERROR: AFL++(processQueue_fuzz) failed with exit code 1.
      AFL++ Error Output:
[1;92m[+] [0mEnabled environment variable AFL_I_DONT_CARE_ABOUT_MISSING_CRASHES with value 1[0m
[1;92m[+] [0mEnabled environment variable AFL_NO_UI with value 1[0m
[1;92m[+] [0mEnabled environment variable AFL_CMPLOG_ONLY_NEW with value 1[0m
[1;92m[+] [0mEnabled environment variable AFL_DEBUG_CHILD with value 1[0m
[1;92m[+] [0mEnabled environment variable AFL_IGNORE_PROBLEMS with value 1[0m
[1;92m[+] [0mEnabled environment variable AFL_SKIP_CPUFREQ with value 1[0m
[1;94m[*] [0mSpinning up the fork server...[0m
[1;92m[+] [0mAll right - new fork server model v1 is up.[0m
[1;94m[*] [0mTarget map size: 372[0m
processQueue_fuzz: /Dualis/scripts/../benchmarks/ClassicalHornICE_working_temp/PriorityFilterQueue/processQueue_fuzz.cpp:26: int main(int, char **): Assertion `expr' failed.
processQueue_fuzz: /Dualis/scripts/../benchmarks/ClassicalHornICE_working_temp/PriorityFilterQueue/processQueue_fuzz.cpp:26: int main(int, char **): Assertion `expr' failed.
queue is empty!
queue is empty!
queue is empty!
queue is empty!
processQueue_fuzz: /Dualis/scripts/../benchmarks/ClassicalHornICE_working_temp/PriorityFilterQueue/processQueue_fuzz.cpp:26: int main(int, char **): Assertion `expr' failed.

   -> Checking fuzzing outputs for counterexamples...
Checking crashes
Checking queue
   -> Found 3 crash reports. Testing reproducibility...
   -> CRASH REPRODUCED with id:000001,time:0,execs:0,orig:apppq
   -> CRASH REPRODUCED with id:000002,time:0,execs:0,orig:pqpq
   -> CRASH REPRODUCED with id:000000,time:0,execs:0,orig:appapp
Checking hangs
   -> Converting counterexamples for 'processQueue'...
      -> Found and validated 2 new rules.
   -> Writing new specs to harness: append_fuzz.cpp...
      -> Successfully created working copy '/Dualis/scripts/../benchmarks/ClassicalHornICE_working_temp/PriorityFilterQueue/append_fuzz.cpp'.
   -> Starting AFL++(append_fuzz) with a 20-second timeout...
   -> Building AFL-instrumented binary: /Dualis/scripts/../benchmarks/ClassicalHornICE_working_temp/PriorityFilterQueue/append_fuzz
   -> ERROR: AFL++(append_fuzz) failed with exit code 1.
      AFL++ Error Output:
[1;92m[+] [0mEnabled environment variable AFL_I_DONT_CARE_ABOUT_MISSING_CRASHES with value 1[0m
[1;92m[+] [0mEnabled environment variable AFL_NO_UI with value 1[0m
[1;92m[+] [0mEnabled environment variable AFL_CMPLOG_ONLY_NEW with value 1[0m
[1;92m[+] [0mEnabled environment variable AFL_DEBUG_CHILD with value 1[0m
[1;92m[+] [0mEnabled environment variable AFL_IGNORE_PROBLEMS with value 1[0m
[1;92m[+] [0mEnabled environment variable AFL_SKIP_CPUFREQ with value 1[0m
[1;94m[*] [0mSpinning up the fork server...[0m
[1;92m[+] [0mAll right - new fork server model v1 is up.[0m
[1;94m[*] [0mTarget map size: 377[0m
append_fuzz: /Dualis/scripts/../benchmarks/ClassicalHornICE_working_temp/PriorityFilterQueue/append_fuzz.cpp:29: int main(int, char **): Assertion `expr' failed.
append_fuzz: /Dualis/scripts/../benchmarks/ClassicalHornICE_working_temp/PriorityFilterQueue/append_fuzz.cpp:29: int main(int, char **): Assertion `expr' failed.
queue is empty!
queue is empty!
append_fuzz: /Dualis/scripts/../benchmarks/ClassicalHornICE_working_temp/PriorityFilterQueue/append_fuzz.cpp:29: int main(int, char **): Assertion `expr' failed.

   -> Checking fuzzing outputs for counterexamples...
Checking crashes
Checking queue
   -> Found 3 crash reports. Testing reproducibility...
   -> CRASH REPRODUCED with id:000001,time:0,execs:0,orig:apppq
   -> CRASH REPRODUCED with id:000002,time:0,execs:0,orig:pqpq
   -> CRASH REPRODUCED with id:000000,time:0,execs:0,orig:appapp
Checking hangs
   -> Converting counterexamples for 'append'...
      -> Found and validated 3 new rules.
   -> Updating CHC file with new counterexamples...

=============== Artifacts This Iteration ===============

--- Generated Specs ---
  inv: (true)
  processQueue: (false)
  append: (false)

--- New Test Cases Found ---

--- Updated CHCs (for next iteration) ---
(declare-var len Int)
(declare-var len1 Int)
(declare-var minPrio Int)
(declare-var minPrio1 Int)
(declare-var maxPacketSize Int)
(declare-var maxPacketSize1 Int)
(declare-var packetSize Int)
(declare-var prio Int)
(declare-rel append (Int Int Int Int Int Int Int Int))
(declare-rel processQueue (Int Int Int Int Int Int))
(declare-rel inv (Int Int Int))
(declare-rel fail ())

(rule (=> (and (= len 1) (= minPrio 92) (= maxPacketSize 120) (= len1 1) (= minPrio1 92) (= maxPacketSize1 120)) (processQueue len minPrio maxPacketSize len1 minPrio1 maxPacketSize1)))
(rule (=> (and (= len 0) (= minPrio -1) (= maxPacketSize -1) (= len1 0) (= minPrio1 -1) (= maxPacketSize1 -1)) (processQueue len minPrio maxPacketSize len1 minPrio1 maxPacketSize1)))
(rule (=> (and (= prio 50) (= packetSize 10) (= len 1) (= minPrio 92) (= maxPacketSize 120) (= len1 2) (= minPrio1 50) (= maxPacketSize1 120)) (append prio packetSize len minPrio maxPacketSize len1 minPrio1 maxPacketSize1)))
(rule (=> (and (= prio 50) (= packetSize 10) (= len 0) (= minPrio -1) (= maxPacketSize -1) (= len1 1) (= minPrio1 50) (= maxPacketSize1 10)) (append prio packetSize len minPrio maxPacketSize len1 minPrio1 maxPacketSize1)))
(rule (=> (and (= prio 49) (= packetSize 10) (= len 1) (= minPrio 92) (= maxPacketSize 120) (= len1 2) (= minPrio1 49) (= maxPacketSize1 120)) (append prio packetSize len minPrio maxPacketSize len1 minPrio1 maxPacketSize1)))

(rule (=> (and (= len 0) (= minPrio -1) (= maxPacketSize -1)) (inv len minPrio maxPacketSize)))
(rule (=> (and (inv len minPrio maxPacketSize) (and (= prio 1) (> packetSize 0) (< packetSize 500)) (append prio packetSize len minPrio maxPacketSize len1 minPrio1 maxPacketSize1)) (inv len1 minPrio1 maxPacketSize1)))
(rule (=> (and (inv len minPrio maxPacketSize) (not (and (= prio 1) (> packetSize 0) (< packetSize 500)))) (inv len minPrio maxPacketSize)))
(rule (=> (and (inv len minPrio maxPacketSize) (processQueue len minPrio maxPacketSize len1 minPrio1 maxPacketSize1) (not (=> (= len1 0) (and (= minPrio1 -1) (= maxPacketSize1 -1))))) fail))

(query fail :print-certificate true)
==============================================================
   -> Checking if specs have changed...
      -> CHC files are different. Continuing iteration.

==================== Iteration: 2 ====================
TIMEOUT : 40
   -> Parsing CHC file: /Dualis/scripts/../benchmarks/ClassicalHornICE_working_temp/PriorityFilterQueue/PriorityFilterQueue.smt2
   -> Starting HornICE with a 1000-second timeout...
      -> Logging HornICE output to iter_2.log
   -> HornICE completed successfully.
   -> Analyzing HornICE log file: iter_2.log
      -> Found 32 internal iterations.
   -> Writing new specs to harness: processQueue_fuzz.cpp...
      -> Successfully created working copy '/Dualis/scripts/../benchmarks/ClassicalHornICE_working_temp/PriorityFilterQueue/processQueue_fuzz.cpp'.
   -> Starting AFL++(processQueue_fuzz) with a 40-second timeout...
   -> Building AFL-instrumented binary: /Dualis/scripts/../benchmarks/ClassicalHornICE_working_temp/PriorityFilterQueue/processQueue_fuzz
   -> AFL++(processQueue_fuzz) finished its fuzzing session.
   -> Checking fuzzing outputs for counterexamples...
Checking crashes
Checking queue
   -> Found 115 crash reports. Testing reproducibility...
   -> CRASH REPRODUCED with id:000003,src:000002,time:0,execs:26,op:(null),pos:0,+cov
Checking hangs
   -> Converting counterexamples for 'processQueue'...
   -> Writing new specs to harness: append_fuzz.cpp...
      -> Successfully created working copy '/Dualis/scripts/../benchmarks/ClassicalHornICE_working_temp/PriorityFilterQueue/append_fuzz.cpp'.
   -> Starting AFL++(append_fuzz) with a 40-second timeout...
   -> Building AFL-instrumented binary: /Dualis/scripts/../benchmarks/ClassicalHornICE_working_temp/PriorityFilterQueue/append_fuzz
   -> AFL++(append_fuzz) finished its fuzzing session.
   -> Checking fuzzing outputs for counterexamples...
Checking crashes
Checking queue
   -> Found 131 crash reports. Testing reproducibility...
   -> CRASH REPRODUCED with id:000003,src:000002,time:0,execs:26,op:(null),pos:0,+cov
Checking hangs
   -> Converting counterexamples for 'append'...
   -> Updating CHC file with new counterexamples...

=============== Artifacts This Iteration ===============

--- Generated Specs ---
  processQueue: (((((len1 - minPrio1) + maxPacketSize1) <= 0) && (((len1 + minPrio1) - maxPacketSize1) <= 0) && ((len1 - minPrio1) <= 1) && ((len1 - minPrio1) > 0) && (len1 <= 0)) || (len1 > 0))
  inv: (true)
  append: (true)

--- New Test Cases Found ---

--- Updated CHCs (for next iteration) ---
(declare-var len Int)
(declare-var len1 Int)
(declare-var minPrio Int)
(declare-var minPrio1 Int)
(declare-var maxPacketSize Int)
(declare-var maxPacketSize1 Int)
(declare-var packetSize Int)
(declare-var prio Int)
(declare-rel append (Int Int Int Int Int Int Int Int))
(declare-rel processQueue (Int Int Int Int Int Int))
(declare-rel inv (Int Int Int))
(declare-rel fail ())


(rule (=> (and (= len 1) (= minPrio 92) (= maxPacketSize 120) (= len1 1) (= minPrio1 92) (= maxPacketSize1 120)) (processQueue len minPrio maxPacketSize len1 minPrio1 maxPacketSize1)))
(rule (=> (and (= len 0) (= minPrio -1) (= maxPacketSize -1) (= len1 0) (= minPrio1 -1) (= maxPacketSize1 -1)) (processQueue len minPrio maxPacketSize len1 minPrio1 maxPacketSize1)))
(rule (=> (and (= prio 50) (= packetSize 10) (= len 1) (= minPrio 92) (= maxPacketSize 120) (= len1 2) (= minPrio1 50) (= maxPacketSize1 120)) (append prio packetSize len minPrio maxPacketSize len1 minPrio1 maxPacketSize1)))
(rule (=> (and (= prio 50) (= packetSize 10) (= len 0) (= minPrio -1) (= maxPacketSize -1) (= len1 1) (= minPrio1 50) (= maxPacketSize1 10)) (append prio packetSize len minPrio maxPacketSize len1 minPrio1 maxPacketSize1)))
(rule (=> (and (= prio 49) (= packetSize 10) (= len 1) (= minPrio 92) (= maxPacketSize 120) (= len1 2) (= minPrio1 49) (= maxPacketSize1 120)) (append prio packetSize len minPrio maxPacketSize len1 minPrio1 maxPacketSize1)))
(rule (=> (and (= len 0) (= minPrio -1) (= maxPacketSize -1)) (inv len minPrio maxPacketSize)))
(rule (=> (and (inv len minPrio maxPacketSize) (and (= prio 1) (> packetSize 0) (< packetSize 500)) (append prio packetSize len minPrio maxPacketSize len1 minPrio1 maxPacketSize1)) (inv len1 minPrio1 maxPacketSize1)))
(rule (=> (and (inv len minPrio maxPacketSize) (not (and (= prio 1) (> packetSize 0) (< packetSize 500)))) (inv len minPrio maxPacketSize)))
(rule (=> (and (inv len minPrio maxPacketSize) (processQueue len minPrio maxPacketSize len1 minPrio1 maxPacketSize1) (not (=> (= len1 0) (and (= minPrio1 -1) (= maxPacketSize1 -1))))) fail))

(query fail :print-certificate true)
==============================================================
   -> Checking if specs have changed...
      -> CHC files are different. Continuing iteration.

==================== Iteration: 3 ====================
TIMEOUT : 60
   -> Parsing CHC file: /Dualis/scripts/../benchmarks/ClassicalHornICE_working_temp/PriorityFilterQueue/PriorityFilterQueue.smt2
   -> Starting HornICE with a 1000-second timeout...
      -> Logging HornICE output to iter_3.log
   -> HornICE completed successfully.
   -> Analyzing HornICE log file: iter_3.log
      -> Found 32 internal iterations.
   -> Writing new specs to harness: processQueue_fuzz.cpp...
      -> Successfully created working copy '/Dualis/scripts/../benchmarks/ClassicalHornICE_working_temp/PriorityFilterQueue/processQueue_fuzz.cpp'.
   -> Starting AFL++(processQueue_fuzz) with a 60-second timeout...
   -> Building AFL-instrumented binary: /Dualis/scripts/../benchmarks/ClassicalHornICE_working_temp/PriorityFilterQueue/processQueue_fuzz
   -> AFL++(processQueue_fuzz) finished its fuzzing session.
   -> Checking fuzzing outputs for counterexamples...
Checking crashes
Checking queue
   -> Found 130 crash reports. Testing reproducibility...
   -> CRASH REPRODUCED with id:000003,src:000002,time:0,execs:26,op:(null),pos:0,+cov
Checking hangs
   -> Converting counterexamples for 'processQueue'...
   -> Writing new specs to harness: append_fuzz.cpp...
      -> Successfully created working copy '/Dualis/scripts/../benchmarks/ClassicalHornICE_working_temp/PriorityFilterQueue/append_fuzz.cpp'.
   -> Starting AFL++(append_fuzz) with a 60-second timeout...
   -> Building AFL-instrumented binary: /Dualis/scripts/../benchmarks/ClassicalHornICE_working_temp/PriorityFilterQueue/append_fuzz
   -> AFL++(append_fuzz) finished its fuzzing session.
   -> Checking fuzzing outputs for counterexamples...
Checking crashes
Checking queue
   -> Found 119 crash reports. Testing reproducibility...
   -> CRASH REPRODUCED with id:000003,src:000002,time:1,execs:26,op:(null),pos:0,+cov
Checking hangs
   -> Converting counterexamples for 'append'...
   -> Updating CHC file with new counterexamples...

=============== Artifacts This Iteration ===============

--- Generated Specs ---
  processQueue: (((((len1 - minPrio1) + maxPacketSize1) <= 0) && (((len1 + minPrio1) - maxPacketSize1) <= 0) && ((len1 - minPrio1) <= 1) && ((len1 - minPrio1) > 0) && (len1 <= 0)) || (len1 > 0))
  inv: (true)
  append: (true)

--- New Test Cases Found ---

--- Updated CHCs (for next iteration) ---
(declare-var len Int)
(declare-var len1 Int)
(declare-var minPrio Int)
(declare-var minPrio1 Int)
(declare-var maxPacketSize Int)
(declare-var maxPacketSize1 Int)
(declare-var packetSize Int)
(declare-var prio Int)
(declare-rel append (Int Int Int Int Int Int Int Int))
(declare-rel processQueue (Int Int Int Int Int Int))
(declare-rel inv (Int Int Int))
(declare-rel fail ())


(rule (=> (and (= len 1) (= minPrio 92) (= maxPacketSize 120) (= len1 1) (= minPrio1 92) (= maxPacketSize1 120)) (processQueue len minPrio maxPacketSize len1 minPrio1 maxPacketSize1)))
(rule (=> (and (= len 0) (= minPrio -1) (= maxPacketSize -1) (= len1 0) (= minPrio1 -1) (= maxPacketSize1 -1)) (processQueue len minPrio maxPacketSize len1 minPrio1 maxPacketSize1)))
(rule (=> (and (= prio 50) (= packetSize 10) (= len 1) (= minPrio 92) (= maxPacketSize 120) (= len1 2) (= minPrio1 50) (= maxPacketSize1 120)) (append prio packetSize len minPrio maxPacketSize len1 minPrio1 maxPacketSize1)))
(rule (=> (and (= prio 50) (= packetSize 10) (= len 0) (= minPrio -1) (= maxPacketSize -1) (= len1 1) (= minPrio1 50) (= maxPacketSize1 10)) (append prio packetSize len minPrio maxPacketSize len1 minPrio1 maxPacketSize1)))
(rule (=> (and (= prio 49) (= packetSize 10) (= len 1) (= minPrio 92) (= maxPacketSize 120) (= len1 2) (= minPrio1 49) (= maxPacketSize1 120)) (append prio packetSize len minPrio maxPacketSize len1 minPrio1 maxPacketSize1)))
(rule (=> (and (= len 0) (= minPrio -1) (= maxPacketSize -1)) (inv len minPrio maxPacketSize)))
(rule (=> (and (inv len minPrio maxPacketSize) (and (= prio 1) (> packetSize 0) (< packetSize 500)) (append prio packetSize len minPrio maxPacketSize len1 minPrio1 maxPacketSize1)) (inv len1 minPrio1 maxPacketSize1)))
(rule (=> (and (inv len minPrio maxPacketSize) (not (and (= prio 1) (> packetSize 0) (< packetSize 500)))) (inv len minPrio maxPacketSize)))
(rule (=> (and (inv len minPrio maxPacketSize) (processQueue len minPrio maxPacketSize len1 minPrio1 maxPacketSize1) (not (=> (= len1 0) (and (= minPrio1 -1) (= maxPacketSize1 -1))))) fail))

(query fail :print-certificate true)
==============================================================
   -> Checking if specs have changed...
      -> CHC files are identical. Pipeline has converged.
   -> 15-minute deep fuzzing converged. Pipeline complete.

==================== Finalizing Pipeline ====================

====================== Pipeline Finished =====================
Total External Iterations: 3
Total Unique Test Cases Found: 5
Total Internal Iterations: 67
  - Min: 3
  - Max: 32
  - Avg: 22.33
pipeline.run() took 7.1699 seconds.
Running command: /usr/bin/python3 chcverifynfuzz.py ClassicalHornICE PriorityFilterQueue
PID: 5994
========================================


Total Pipeline Duration: 221.22s
