
========================================
         Starting Pipeline for: SkipList7 (Mode: ClassicalHornICE)
========================================
Initializing pipeline for benchmark: 'SkipList7'
   -> Loading and validating attributes from: /Dualis/scripts/../benchmarks/Classical/SkipList7/Attributes.txt
      -> Validation successful. Attribute file is consistent.

==================== Iteration: 1 ====================
TIMEOUT : 20
   -> Parsing CHC file: /Dualis/scripts/../benchmarks/ClassicalHornICE_working_temp/SkipList7/SkipList7.smt2
   -> Starting HornICE with a 1000-second timeout...
      -> Logging HornICE output to iter_1.log
   -> HornICE completed successfully.
   -> Analyzing HornICE log file: iter_1.log
      -> Found 3 internal iterations.
   -> Writing new specs to harness: insert_fuzz.cpp...
      -> Successfully created working copy '/Dualis/scripts/../benchmarks/ClassicalHornICE_working_temp/SkipList7/insert_fuzz.cpp'.
   -> Starting AFL++(insert_fuzz) with a 20-second timeout...
   -> Building AFL-instrumented binary: /Dualis/scripts/../benchmarks/ClassicalHornICE_working_temp/SkipList7/insert_fuzz
   -> AFL++(insert_fuzz) finished its fuzzing session.
   -> Checking fuzzing outputs for counterexamples...
Checking crashes
   -> Found 8 crash reports. Testing reproducibility...
   -> CRASH REPRODUCED with id:000006,sig:06,src:000003,time:267,execs:175,op:havoc,rep:7
   -> CRASH REPRODUCED with id:000002,sig:06,src:000003,time:263,execs:113,op:havoc,rep:8
   -> CRASH REPRODUCED with id:000003,sig:06,src:000003,time:263,execs:116,op:havoc,rep:6
   -> CRASH REPRODUCED with id:000005,sig:06,src:000003,time:265,execs:128,op:havoc,rep:6
   -> CRASH REPRODUCED with id:000001,sig:06,src:000003,time:262,execs:102,op:havoc,rep:6
   -> CRASH REPRODUCED with id:000000,sig:06,src:000003,time:261,execs:90,op:havoc,rep:8
   -> CRASH REPRODUCED with id:000004,sig:06,src:000003,time:264,execs:125,op:havoc,rep:3
   -> CRASH REPRODUCED with id:000007,sig:06,src:000003,time:269,execs:192,op:havoc,rep:7
Checking queue
   -> Found 12 crash reports. Testing reproducibility...
Checking hangs
   -> Converting counterexamples for 'insert'...
      -> Found and validated 7 new rules.
   -> Writing new specs to harness: lower_bound_fuzz.cpp...
      -> Successfully created working copy '/Dualis/scripts/../benchmarks/ClassicalHornICE_working_temp/SkipList7/lower_bound_fuzz.cpp'.
   -> Starting AFL++(lower_bound_fuzz) with a 20-second timeout...
   -> Building AFL-instrumented binary: /Dualis/scripts/../benchmarks/ClassicalHornICE_working_temp/SkipList7/lower_bound_fuzz
   -> AFL++(lower_bound_fuzz) finished its fuzzing session.
   -> Checking fuzzing outputs for counterexamples...
Checking crashes
   -> Found 11 crash reports. Testing reproducibility...
   -> CRASH REPRODUCED with id:000007,sig:06,src:000003,time:1672,execs:427,op:havoc,rep:2
   -> CRASH REPRODUCED with id:000000,sig:06,src:000003,time:167,execs:95,op:havoc,rep:2
   -> CRASH REPRODUCED with id:000004,sig:06,src:000003,time:1101,execs:168,op:havoc,rep:2
   -> CRASH REPRODUCED with id:000002,sig:06,src:000003,time:620,execs:157,op:havoc,rep:1
   -> CRASH REPRODUCED with id:000008,sig:06,src:000003,time:1678,execs:553,op:havoc,rep:2
   -> CRASH REPRODUCED with id:000003,sig:06,src:000003,time:865,execs:166,op:havoc,rep:2
   -> CRASH REPRODUCED with id:000010,sig:06,src:000003,time:1708,execs:1276,op:havoc,rep:2
   -> CRASH REPRODUCED with id:000006,sig:06,src:000003,time:1667,execs:331,op:havoc,rep:1
   -> CRASH REPRODUCED with id:000005,sig:06,src:000003,time:1391,execs:194,op:havoc,rep:2
   -> CRASH REPRODUCED with id:000001,sig:06,src:000003,time:373,execs:122,op:havoc,rep:1
   -> CRASH REPRODUCED with id:000009,sig:06,src:000003,time:1686,execs:723,op:havoc,rep:2
Checking queue
   -> Found 12 crash reports. Testing reproducibility...
Checking hangs
   -> Converting counterexamples for 'lower_bound'...
      -> Found and validated 10 new rules.
   -> Updating CHC file with new counterexamples...

=============== Artifacts This Iteration ===============

--- Generated Specs ---
  inv1: (true)
  insert: (false)
  lower_bound: (false)

--- New Test Cases Found ---

--- Updated CHCs (for next iteration) ---
(declare-var N Int)
(declare-var i Int)
(declare-var i1 Int)
(declare-var min Int)
(declare-var min1 Int)
(declare-var max Int)
(declare-var max1 Int)
(declare-var isPresent Int)
(declare-var isPresent1 Int)
(declare-var len Int)
(declare-var len1 Int)
(declare-var v Int)
(declare-var k Int)
(declare-var lb_ret1 Int)
(declare-rel insert (Int Int Int Int Int Int Int Int Int))
(declare-rel lower_bound (Int Int Int Int))
(declare-rel inv1 (Int Int Int Int Int Int))
(declare-rel fail ())
(define-fun is_valid ((x Int)) Bool (or (= x 1) (= x 0)))
(define-fun MAX () Int 128)
(define-fun MIN () Int -129)

(rule (=> (and (= v 0) (= isPresent 0) (= min -95) (= max 2) (= len 4) (= isPresent1 1) (= min1 -95) (= max1 2) (= len1 5)) (insert v isPresent min max len isPresent1 min1 max1 len1)))
(rule (=> (and (= v 0) (= isPresent 1) (= min -1) (= max 0) (= len 2) (= isPresent1 1) (= min1 -1) (= max1 0) (= len1 2)) (insert v isPresent min max len isPresent1 min1 max1 len1)))
(rule (=> (and (= v 2) (= isPresent 1) (= min 2) (= max 2) (= len 1) (= isPresent1 1) (= min1 2) (= max1 2) (= len1 1)) (insert v isPresent min max len isPresent1 min1 max1 len1)))
(rule (=> (and (= v 9) (= isPresent 1) (= min 9) (= max 9) (= len 1) (= isPresent1 1) (= min1 9) (= max1 9) (= len1 1)) (insert v isPresent min max len isPresent1 min1 max1 len1)))
(rule (=> (and (= v 1) (= isPresent 0) (= min 128) (= max -129) (= len 0) (= isPresent1 1) (= min1 1) (= max1 1) (= len1 1)) (insert v isPresent min max len isPresent1 min1 max1 len1)))
(rule (=> (and (= v 1) (= isPresent 1) (= min -1) (= max 1) (= len 2) (= isPresent1 1) (= min1 -1) (= max1 1) (= len1 2)) (insert v isPresent min max len isPresent1 min1 max1 len1)))
(rule (=> (and (= v 2) (= isPresent 0) (= min 128) (= max -129) (= len 0) (= isPresent1 1) (= min1 2) (= max1 2) (= len1 1)) (insert v isPresent min max len isPresent1 min1 max1 len1)))
(rule (=> (and (= k 1) (= min -48) (= max -47) (= lb_ret1 128)) (lower_bound k min max lb_ret1)))
(rule (=> (and (= k 1) (= min 1) (= max 1) (= lb_ret1 1)) (lower_bound k min max lb_ret1)))
(rule (=> (and (= k 26) (= min 128) (= max -129) (= lb_ret1 128)) (lower_bound k min max lb_ret1)))
(rule (=> (and (= k 1) (= min 128) (= max -129) (= lb_ret1 128)) (lower_bound k min max lb_ret1)))
(rule (=> (and (= k -123) (= min -123) (= max 123) (= lb_ret1 -123)) (lower_bound k min max lb_ret1)))
(rule (=> (and (= k 1) (= min -1) (= max -1) (= lb_ret1 128)) (lower_bound k min max lb_ret1)))
(rule (=> (and (= k 2) (= min 1) (= max 1) (= lb_ret1 128)) (lower_bound k min max lb_ret1)))
(rule (=> (and (= k -36) (= min -36) (= max -36) (= lb_ret1 -36)) (lower_bound k min max lb_ret1)))
(rule (=> (and (= k 58) (= min 1) (= max 1) (= lb_ret1 128)) (lower_bound k min max lb_ret1)))
(rule (=> (and (= k 1) (= min 1) (= max 86) (= lb_ret1 1)) (lower_bound k min max lb_ret1)))

(rule (=> (and (> N 0) (= i 0) (= min MAX) (= max MIN)) (inv1 i N isPresent min max len)))
(rule (=> (and (inv1 i N isPresent min max len) (is_valid isPresent) (< i N) (insert v isPresent min max len isPresent1 min1 max1 len1) (= i1 (+ i 1))) (inv1 i1 N isPresent1 min1 max1 len1)))
(rule (=> (and (inv1 i N isPresent min max len) (is_valid isPresent) (not (< i N))(= k max) (lower_bound k min max lb_ret1) (not (= lb_ret1 max))) fail))

(query fail :print-certificate true)
==============================================================
   -> Checking if specs have changed...
      -> CHC files are different. Continuing iteration.

==================== Iteration: 2 ====================
TIMEOUT : 40
   -> Parsing CHC file: /Dualis/scripts/../benchmarks/ClassicalHornICE_working_temp/SkipList7/SkipList7.smt2
   -> Starting HornICE with a 1000-second timeout...
      -> Logging HornICE output to iter_2.log
   -> HornICE completed successfully.
   -> Analyzing HornICE log file: iter_2.log
      -> Found 11 internal iterations.
   -> Writing new specs to harness: insert_fuzz.cpp...
      -> Successfully created working copy '/Dualis/scripts/../benchmarks/ClassicalHornICE_working_temp/SkipList7/insert_fuzz.cpp'.
   -> Starting AFL++(insert_fuzz) with a 40-second timeout...
   -> Building AFL-instrumented binary: /Dualis/scripts/../benchmarks/ClassicalHornICE_working_temp/SkipList7/insert_fuzz
   -> AFL++(insert_fuzz) finished its fuzzing session.
   -> Checking fuzzing outputs for counterexamples...
Checking crashes
Checking queue
   -> Found 164 crash reports. Testing reproducibility...
Checking hangs
   -> Converting counterexamples for 'insert'...
   -> Writing new specs to harness: lower_bound_fuzz.cpp...
      -> Successfully created working copy '/Dualis/scripts/../benchmarks/ClassicalHornICE_working_temp/SkipList7/lower_bound_fuzz.cpp'.
   -> Starting AFL++(lower_bound_fuzz) with a 40-second timeout...
   -> Building AFL-instrumented binary: /Dualis/scripts/../benchmarks/ClassicalHornICE_working_temp/SkipList7/lower_bound_fuzz
   -> AFL++(lower_bound_fuzz) finished its fuzzing session.
   -> Checking fuzzing outputs for counterexamples...
Checking crashes
   -> Found 7 crash reports. Testing reproducibility...
   -> CRASH REPRODUCED with id:000005,sig:06,src:000003,time:2855,execs:1732,op:havoc,rep:2
   -> CRASH REPRODUCED with id:000006,sig:06,src:000003,time:3723,execs:2515,op:havoc,rep:2
   -> CRASH REPRODUCED with id:000001,sig:06,src:000003,time:675,execs:501,op:havoc,rep:2
   -> CRASH REPRODUCED with id:000004,sig:06,src:000003,time:1350,execs:777,op:havoc,rep:2
   -> CRASH REPRODUCED with id:000000,sig:06,src:000003,time:249,execs:112,op:havoc,rep:2
   -> CRASH REPRODUCED with id:000003,sig:06,src:000003,time:1123,execs:690,op:havoc,rep:1
   -> CRASH REPRODUCED with id:000002,sig:06,src:000003,time:894,execs:535,op:havoc,rep:2
Checking queue
   -> Found 82 crash reports. Testing reproducibility...
Checking hangs
   -> Converting counterexamples for 'lower_bound'...
      -> Found and validated 6 new rules.
   -> Updating CHC file with new counterexamples...

=============== Artifacts This Iteration ===============

--- Generated Specs ---
  insert: (true)
  lower_bound: ((((k - lb_ret1) <= 0) && ((k - lb_ret1) > (-1)) && ((k - max) <= 0)) || ((k - max) > 0))
  inv1: (true)

--- New Test Cases Found ---

--- Updated CHCs (for next iteration) ---
(declare-var N Int)
(declare-var i Int)
(declare-var i1 Int)
(declare-var min Int)
(declare-var min1 Int)
(declare-var max Int)
(declare-var max1 Int)
(declare-var isPresent Int)
(declare-var isPresent1 Int)
(declare-var len Int)
(declare-var len1 Int)
(declare-var v Int)
(declare-var k Int)
(declare-var lb_ret1 Int)
(declare-rel insert (Int Int Int Int Int Int Int Int Int))
(declare-rel lower_bound (Int Int Int Int))
(declare-rel inv1 (Int Int Int Int Int Int))
(declare-rel fail ())
(define-fun is_valid ((x Int)) Bool (or (= x 1) (= x 0)))
(define-fun MAX () Int 128)
(define-fun MIN () Int -129)

(rule (=> (and (= k -109) (= min 19) (= max 19) (= lb_ret1 19)) (lower_bound k min max lb_ret1)))
(rule (=> (and (= k 37) (= min 1) (= max 94) (= lb_ret1 94)) (lower_bound k min max lb_ret1)))
(rule (=> (and (= k 1) (= min 80) (= max 80) (= lb_ret1 80)) (lower_bound k min max lb_ret1)))
(rule (=> (and (= k 1) (= min -128) (= max 65) (= lb_ret1 30)) (lower_bound k min max lb_ret1)))
(rule (=> (and (= k -82) (= min 1) (= max 1) (= lb_ret1 1)) (lower_bound k min max lb_ret1)))
(rule (=> (and (= k -109) (= min 1) (= max 1) (= lb_ret1 1)) (lower_bound k min max lb_ret1)))

(rule (=> (and (= v 0) (= isPresent 0) (= min -95) (= max 2) (= len 4) (= isPresent1 1) (= min1 -95) (= max1 2) (= len1 5)) (insert v isPresent min max len isPresent1 min1 max1 len1)))
(rule (=> (and (= v 0) (= isPresent 1) (= min -1) (= max 0) (= len 2) (= isPresent1 1) (= min1 -1) (= max1 0) (= len1 2)) (insert v isPresent min max len isPresent1 min1 max1 len1)))
(rule (=> (and (= v 2) (= isPresent 1) (= min 2) (= max 2) (= len 1) (= isPresent1 1) (= min1 2) (= max1 2) (= len1 1)) (insert v isPresent min max len isPresent1 min1 max1 len1)))
(rule (=> (and (= v 9) (= isPresent 1) (= min 9) (= max 9) (= len 1) (= isPresent1 1) (= min1 9) (= max1 9) (= len1 1)) (insert v isPresent min max len isPresent1 min1 max1 len1)))
(rule (=> (and (= v 1) (= isPresent 0) (= min 128) (= max -129) (= len 0) (= isPresent1 1) (= min1 1) (= max1 1) (= len1 1)) (insert v isPresent min max len isPresent1 min1 max1 len1)))
(rule (=> (and (= v 1) (= isPresent 1) (= min -1) (= max 1) (= len 2) (= isPresent1 1) (= min1 -1) (= max1 1) (= len1 2)) (insert v isPresent min max len isPresent1 min1 max1 len1)))
(rule (=> (and (= v 2) (= isPresent 0) (= min 128) (= max -129) (= len 0) (= isPresent1 1) (= min1 2) (= max1 2) (= len1 1)) (insert v isPresent min max len isPresent1 min1 max1 len1)))
(rule (=> (and (= k 1) (= min -48) (= max -47) (= lb_ret1 128)) (lower_bound k min max lb_ret1)))
(rule (=> (and (= k 1) (= min 1) (= max 1) (= lb_ret1 1)) (lower_bound k min max lb_ret1)))
(rule (=> (and (= k 26) (= min 128) (= max -129) (= lb_ret1 128)) (lower_bound k min max lb_ret1)))
(rule (=> (and (= k 1) (= min 128) (= max -129) (= lb_ret1 128)) (lower_bound k min max lb_ret1)))
(rule (=> (and (= k -123) (= min -123) (= max 123) (= lb_ret1 -123)) (lower_bound k min max lb_ret1)))
(rule (=> (and (= k 1) (= min -1) (= max -1) (= lb_ret1 128)) (lower_bound k min max lb_ret1)))
(rule (=> (and (= k 2) (= min 1) (= max 1) (= lb_ret1 128)) (lower_bound k min max lb_ret1)))
(rule (=> (and (= k -36) (= min -36) (= max -36) (= lb_ret1 -36)) (lower_bound k min max lb_ret1)))
(rule (=> (and (= k 58) (= min 1) (= max 1) (= lb_ret1 128)) (lower_bound k min max lb_ret1)))
(rule (=> (and (= k 1) (= min 1) (= max 86) (= lb_ret1 1)) (lower_bound k min max lb_ret1)))
(rule (=> (and (> N 0) (= i 0) (= min MAX) (= max MIN)) (inv1 i N isPresent min max len)))
(rule (=> (and (inv1 i N isPresent min max len) (is_valid isPresent) (< i N) (insert v isPresent min max len isPresent1 min1 max1 len1) (= i1 (+ i 1))) (inv1 i1 N isPresent1 min1 max1 len1)))
(rule (=> (and (inv1 i N isPresent min max len) (is_valid isPresent) (not (< i N))(= k max) (lower_bound k min max lb_ret1) (not (= lb_ret1 max))) fail))

(query fail :print-certificate true)
==============================================================
   -> Checking if specs have changed...
      -> CHC files are different. Continuing iteration.

==================== Iteration: 3 ====================
TIMEOUT : 60
   -> Parsing CHC file: /Dualis/scripts/../benchmarks/ClassicalHornICE_working_temp/SkipList7/SkipList7.smt2
   -> Starting HornICE with a 1000-second timeout...
      -> Logging HornICE output to iter_3.log
   -> HornICE completed successfully.
   -> Analyzing HornICE log file: iter_3.log
      -> Found 12 internal iterations.
   -> Writing new specs to harness: lower_bound_fuzz.cpp...
      -> Successfully created working copy '/Dualis/scripts/../benchmarks/ClassicalHornICE_working_temp/SkipList7/lower_bound_fuzz.cpp'.
   -> Starting AFL++(lower_bound_fuzz) with a 60-second timeout...
   -> Building AFL-instrumented binary: /Dualis/scripts/../benchmarks/ClassicalHornICE_working_temp/SkipList7/lower_bound_fuzz
   -> AFL++(lower_bound_fuzz) finished its fuzzing session.
   -> Checking fuzzing outputs for counterexamples...
Checking crashes
Checking queue
   -> Found 124 crash reports. Testing reproducibility...
Checking hangs
   -> Converting counterexamples for 'lower_bound'...
   -> Writing new specs to harness: insert_fuzz.cpp...
      -> Successfully created working copy '/Dualis/scripts/../benchmarks/ClassicalHornICE_working_temp/SkipList7/insert_fuzz.cpp'.
   -> Starting AFL++(insert_fuzz) with a 60-second timeout...
   -> Building AFL-instrumented binary: /Dualis/scripts/../benchmarks/ClassicalHornICE_working_temp/SkipList7/insert_fuzz
   -> AFL++(insert_fuzz) finished its fuzzing session.
   -> Checking fuzzing outputs for counterexamples...
Checking crashes
Checking queue
   -> Found 139 crash reports. Testing reproducibility...
Checking hangs
   -> Converting counterexamples for 'insert'...
   -> Updating CHC file with new counterexamples...

=============== Artifacts This Iteration ===============

--- Generated Specs ---
  lower_bound: (((((k - max) > 0) && ((max - lb_ret1) <= (-1))) || ((max - lb_ret1) > (-1))) && ((k - lb_ret1) <= 0))
  insert: (true)
  inv1: (true)

--- New Test Cases Found ---

--- Updated CHCs (for next iteration) ---
(declare-var N Int)
(declare-var i Int)
(declare-var i1 Int)
(declare-var min Int)
(declare-var min1 Int)
(declare-var max Int)
(declare-var max1 Int)
(declare-var isPresent Int)
(declare-var isPresent1 Int)
(declare-var len Int)
(declare-var len1 Int)
(declare-var v Int)
(declare-var k Int)
(declare-var lb_ret1 Int)
(declare-rel insert (Int Int Int Int Int Int Int Int Int))
(declare-rel lower_bound (Int Int Int Int))
(declare-rel inv1 (Int Int Int Int Int Int))
(declare-rel fail ())
(define-fun is_valid ((x Int)) Bool (or (= x 1) (= x 0)))
(define-fun MAX () Int 128)
(define-fun MIN () Int -129)


(rule (=> (and (= k -109) (= min 19) (= max 19) (= lb_ret1 19)) (lower_bound k min max lb_ret1)))
(rule (=> (and (= k 37) (= min 1) (= max 94) (= lb_ret1 94)) (lower_bound k min max lb_ret1)))
(rule (=> (and (= k 1) (= min 80) (= max 80) (= lb_ret1 80)) (lower_bound k min max lb_ret1)))
(rule (=> (and (= k 1) (= min -128) (= max 65) (= lb_ret1 30)) (lower_bound k min max lb_ret1)))
(rule (=> (and (= k -82) (= min 1) (= max 1) (= lb_ret1 1)) (lower_bound k min max lb_ret1)))
(rule (=> (and (= k -109) (= min 1) (= max 1) (= lb_ret1 1)) (lower_bound k min max lb_ret1)))
(rule (=> (and (= v 0) (= isPresent 0) (= min -95) (= max 2) (= len 4) (= isPresent1 1) (= min1 -95) (= max1 2) (= len1 5)) (insert v isPresent min max len isPresent1 min1 max1 len1)))
(rule (=> (and (= v 0) (= isPresent 1) (= min -1) (= max 0) (= len 2) (= isPresent1 1) (= min1 -1) (= max1 0) (= len1 2)) (insert v isPresent min max len isPresent1 min1 max1 len1)))
(rule (=> (and (= v 2) (= isPresent 1) (= min 2) (= max 2) (= len 1) (= isPresent1 1) (= min1 2) (= max1 2) (= len1 1)) (insert v isPresent min max len isPresent1 min1 max1 len1)))
(rule (=> (and (= v 9) (= isPresent 1) (= min 9) (= max 9) (= len 1) (= isPresent1 1) (= min1 9) (= max1 9) (= len1 1)) (insert v isPresent min max len isPresent1 min1 max1 len1)))
(rule (=> (and (= v 1) (= isPresent 0) (= min 128) (= max -129) (= len 0) (= isPresent1 1) (= min1 1) (= max1 1) (= len1 1)) (insert v isPresent min max len isPresent1 min1 max1 len1)))
(rule (=> (and (= v 1) (= isPresent 1) (= min -1) (= max 1) (= len 2) (= isPresent1 1) (= min1 -1) (= max1 1) (= len1 2)) (insert v isPresent min max len isPresent1 min1 max1 len1)))
(rule (=> (and (= v 2) (= isPresent 0) (= min 128) (= max -129) (= len 0) (= isPresent1 1) (= min1 2) (= max1 2) (= len1 1)) (insert v isPresent min max len isPresent1 min1 max1 len1)))
(rule (=> (and (= k 1) (= min -48) (= max -47) (= lb_ret1 128)) (lower_bound k min max lb_ret1)))
(rule (=> (and (= k 1) (= min 1) (= max 1) (= lb_ret1 1)) (lower_bound k min max lb_ret1)))
(rule (=> (and (= k 26) (= min 128) (= max -129) (= lb_ret1 128)) (lower_bound k min max lb_ret1)))
(rule (=> (and (= k 1) (= min 128) (= max -129) (= lb_ret1 128)) (lower_bound k min max lb_ret1)))
(rule (=> (and (= k -123) (= min -123) (= max 123) (= lb_ret1 -123)) (lower_bound k min max lb_ret1)))
(rule (=> (and (= k 1) (= min -1) (= max -1) (= lb_ret1 128)) (lower_bound k min max lb_ret1)))
(rule (=> (and (= k 2) (= min 1) (= max 1) (= lb_ret1 128)) (lower_bound k min max lb_ret1)))
(rule (=> (and (= k -36) (= min -36) (= max -36) (= lb_ret1 -36)) (lower_bound k min max lb_ret1)))
(rule (=> (and (= k 58) (= min 1) (= max 1) (= lb_ret1 128)) (lower_bound k min max lb_ret1)))
(rule (=> (and (= k 1) (= min 1) (= max 86) (= lb_ret1 1)) (lower_bound k min max lb_ret1)))
(rule (=> (and (> N 0) (= i 0) (= min MAX) (= max MIN)) (inv1 i N isPresent min max len)))
(rule (=> (and (inv1 i N isPresent min max len) (is_valid isPresent) (< i N) (insert v isPresent min max len isPresent1 min1 max1 len1) (= i1 (+ i 1))) (inv1 i1 N isPresent1 min1 max1 len1)))
(rule (=> (and (inv1 i N isPresent min max len) (is_valid isPresent) (not (< i N))(= k max) (lower_bound k min max lb_ret1) (not (= lb_ret1 max))) fail))

(query fail :print-certificate true)
==============================================================
   -> Checking if specs have changed...
      -> CHC files are different. Continuing iteration.

==================== Iteration: 4 ====================
TIMEOUT : 80
   -> Parsing CHC file: /Dualis/scripts/../benchmarks/ClassicalHornICE_working_temp/SkipList7/SkipList7.smt2
   -> Starting HornICE with a 1000-second timeout...
      -> Logging HornICE output to iter_4.log
   -> HornICE completed successfully.
   -> Analyzing HornICE log file: iter_4.log
      -> Found 12 internal iterations.
   -> Writing new specs to harness: lower_bound_fuzz.cpp...
      -> Successfully created working copy '/Dualis/scripts/../benchmarks/ClassicalHornICE_working_temp/SkipList7/lower_bound_fuzz.cpp'.
   -> Starting AFL++(lower_bound_fuzz) with a 80-second timeout...
   -> Building AFL-instrumented binary: /Dualis/scripts/../benchmarks/ClassicalHornICE_working_temp/SkipList7/lower_bound_fuzz
   -> AFL++(lower_bound_fuzz) finished its fuzzing session.
   -> Checking fuzzing outputs for counterexamples...
Checking crashes
Checking queue
   -> Found 143 crash reports. Testing reproducibility...
Checking hangs
   -> Converting counterexamples for 'lower_bound'...
   -> Writing new specs to harness: insert_fuzz.cpp...
      -> Successfully created working copy '/Dualis/scripts/../benchmarks/ClassicalHornICE_working_temp/SkipList7/insert_fuzz.cpp'.
   -> Starting AFL++(insert_fuzz) with a 80-second timeout...
   -> Building AFL-instrumented binary: /Dualis/scripts/../benchmarks/ClassicalHornICE_working_temp/SkipList7/insert_fuzz
   -> AFL++(insert_fuzz) finished its fuzzing session.
   -> Checking fuzzing outputs for counterexamples...
Checking crashes
Checking queue
   -> Found 168 crash reports. Testing reproducibility...
Checking hangs
   -> Converting counterexamples for 'insert'...
   -> Updating CHC file with new counterexamples...

=============== Artifacts This Iteration ===============

--- Generated Specs ---
  lower_bound: (((((k - max) > 0) && ((max - lb_ret1) <= (-1))) || ((max - lb_ret1) > (-1))) && ((k - lb_ret1) <= 0))
  insert: (true)
  inv1: (true)

--- New Test Cases Found ---

--- Updated CHCs (for next iteration) ---
(declare-var N Int)
(declare-var i Int)
(declare-var i1 Int)
(declare-var min Int)
(declare-var min1 Int)
(declare-var max Int)
(declare-var max1 Int)
(declare-var isPresent Int)
(declare-var isPresent1 Int)
(declare-var len Int)
(declare-var len1 Int)
(declare-var v Int)
(declare-var k Int)
(declare-var lb_ret1 Int)
(declare-rel insert (Int Int Int Int Int Int Int Int Int))
(declare-rel lower_bound (Int Int Int Int))
(declare-rel inv1 (Int Int Int Int Int Int))
(declare-rel fail ())
(define-fun is_valid ((x Int)) Bool (or (= x 1) (= x 0)))
(define-fun MAX () Int 128)
(define-fun MIN () Int -129)


(rule (=> (and (= k -109) (= min 19) (= max 19) (= lb_ret1 19)) (lower_bound k min max lb_ret1)))
(rule (=> (and (= k 37) (= min 1) (= max 94) (= lb_ret1 94)) (lower_bound k min max lb_ret1)))
(rule (=> (and (= k 1) (= min 80) (= max 80) (= lb_ret1 80)) (lower_bound k min max lb_ret1)))
(rule (=> (and (= k 1) (= min -128) (= max 65) (= lb_ret1 30)) (lower_bound k min max lb_ret1)))
(rule (=> (and (= k -82) (= min 1) (= max 1) (= lb_ret1 1)) (lower_bound k min max lb_ret1)))
(rule (=> (and (= k -109) (= min 1) (= max 1) (= lb_ret1 1)) (lower_bound k min max lb_ret1)))
(rule (=> (and (= v 0) (= isPresent 0) (= min -95) (= max 2) (= len 4) (= isPresent1 1) (= min1 -95) (= max1 2) (= len1 5)) (insert v isPresent min max len isPresent1 min1 max1 len1)))
(rule (=> (and (= v 0) (= isPresent 1) (= min -1) (= max 0) (= len 2) (= isPresent1 1) (= min1 -1) (= max1 0) (= len1 2)) (insert v isPresent min max len isPresent1 min1 max1 len1)))
(rule (=> (and (= v 2) (= isPresent 1) (= min 2) (= max 2) (= len 1) (= isPresent1 1) (= min1 2) (= max1 2) (= len1 1)) (insert v isPresent min max len isPresent1 min1 max1 len1)))
(rule (=> (and (= v 9) (= isPresent 1) (= min 9) (= max 9) (= len 1) (= isPresent1 1) (= min1 9) (= max1 9) (= len1 1)) (insert v isPresent min max len isPresent1 min1 max1 len1)))
(rule (=> (and (= v 1) (= isPresent 0) (= min 128) (= max -129) (= len 0) (= isPresent1 1) (= min1 1) (= max1 1) (= len1 1)) (insert v isPresent min max len isPresent1 min1 max1 len1)))
(rule (=> (and (= v 1) (= isPresent 1) (= min -1) (= max 1) (= len 2) (= isPresent1 1) (= min1 -1) (= max1 1) (= len1 2)) (insert v isPresent min max len isPresent1 min1 max1 len1)))
(rule (=> (and (= v 2) (= isPresent 0) (= min 128) (= max -129) (= len 0) (= isPresent1 1) (= min1 2) (= max1 2) (= len1 1)) (insert v isPresent min max len isPresent1 min1 max1 len1)))
(rule (=> (and (= k 1) (= min -48) (= max -47) (= lb_ret1 128)) (lower_bound k min max lb_ret1)))
(rule (=> (and (= k 1) (= min 1) (= max 1) (= lb_ret1 1)) (lower_bound k min max lb_ret1)))
(rule (=> (and (= k 26) (= min 128) (= max -129) (= lb_ret1 128)) (lower_bound k min max lb_ret1)))
(rule (=> (and (= k 1) (= min 128) (= max -129) (= lb_ret1 128)) (lower_bound k min max lb_ret1)))
(rule (=> (and (= k -123) (= min -123) (= max 123) (= lb_ret1 -123)) (lower_bound k min max lb_ret1)))
(rule (=> (and (= k 1) (= min -1) (= max -1) (= lb_ret1 128)) (lower_bound k min max lb_ret1)))
(rule (=> (and (= k 2) (= min 1) (= max 1) (= lb_ret1 128)) (lower_bound k min max lb_ret1)))
(rule (=> (and (= k -36) (= min -36) (= max -36) (= lb_ret1 -36)) (lower_bound k min max lb_ret1)))
(rule (=> (and (= k 58) (= min 1) (= max 1) (= lb_ret1 128)) (lower_bound k min max lb_ret1)))
(rule (=> (and (= k 1) (= min 1) (= max 86) (= lb_ret1 1)) (lower_bound k min max lb_ret1)))
(rule (=> (and (> N 0) (= i 0) (= min MAX) (= max MIN)) (inv1 i N isPresent min max len)))
(rule (=> (and (inv1 i N isPresent min max len) (is_valid isPresent) (< i N) (insert v isPresent min max len isPresent1 min1 max1 len1) (= i1 (+ i 1))) (inv1 i1 N isPresent1 min1 max1 len1)))
(rule (=> (and (inv1 i N isPresent min max len) (is_valid isPresent) (not (< i N))(= k max) (lower_bound k min max lb_ret1) (not (= lb_ret1 max))) fail))

(query fail :print-certificate true)
==============================================================
   -> Checking if specs have changed...
      -> CHC files are identical. Pipeline has converged.
   -> 15-minute deep fuzzing converged. Pipeline complete.

==================== Finalizing Pipeline ====================

====================== Pipeline Finished =====================
Total External Iterations: 4
Total Unique Test Cases Found: 23
Total Internal Iterations: 38
  - Min: 3
  - Max: 12
  - Avg: 9.50
pipeline.run() took 0.6617 seconds.
Running command: /usr/bin/python3 chcverifynfuzz.py ClassicalHornICE SkipList7
PID: 5996
========================================


Total Pipeline Duration: 425.92s
