
========================================
         Starting Pipeline for: SkipList5 (Mode: ClassicalHornICE)
========================================
Initializing pipeline for benchmark: 'SkipList5'
   -> Loading and validating attributes from: /Dualis/scripts/../benchmarks/Classical/SkipList5/Attributes.txt
      -> Validation successful. Attribute file is consistent.

==================== Iteration: 1 ====================
TIMEOUT : 20
   -> Parsing CHC file: /Dualis/scripts/../benchmarks/ClassicalHornICE_working_temp/SkipList5/SkipList5.smt2
   -> Starting HornICE with a 1000-second timeout...
      -> Logging HornICE output to iter_1.log
   -> HornICE completed successfully.
   -> Analyzing HornICE log file: iter_1.log
      -> Found 3 internal iterations.
   -> Writing new specs to harness: insert_fuzz.cpp...
      -> Successfully created working copy '/Dualis/scripts/../benchmarks/ClassicalHornICE_working_temp/SkipList5/insert_fuzz.cpp'.
   -> Starting AFL++(insert_fuzz) with a 20-second timeout...
   -> Building AFL-instrumented binary: /Dualis/scripts/../benchmarks/ClassicalHornICE_working_temp/SkipList5/insert_fuzz
   -> AFL++(insert_fuzz) finished its fuzzing session.
   -> Checking fuzzing outputs for counterexamples...
Checking crashes
   -> Found 12 crash reports. Testing reproducibility...
   -> CRASH REPRODUCED with id:000010,sig:06,src:000003,time:6652,execs:580,op:havoc,rep:3
   -> CRASH REPRODUCED with id:000005,sig:06,src:000003,time:1501,execs:232,op:havoc,rep:4
   -> CRASH REPRODUCED with id:000002,sig:06,src:000003,time:646,execs:121,op:havoc,rep:4
   -> CRASH REPRODUCED with id:000004,sig:06,src:000003,time:1114,execs:159,op:havoc,rep:4
   -> CRASH REPRODUCED with id:000000,sig:06,src:000003,time:202,execs:108,op:havoc,rep:4
   -> CRASH REPRODUCED with id:000007,sig:06,src:000003,time:2805,execs:339,op:havoc,rep:2
   -> CRASH REPRODUCED with id:000011,sig:06,src:000003,time:10331,execs:818,op:havoc,rep:4
   -> CRASH REPRODUCED with id:000009,sig:06,src:000003,time:3477,execs:406,op:havoc,rep:4
   -> CRASH REPRODUCED with id:000006,sig:06,src:000003,time:2604,execs:318,op:havoc,rep:4
   -> CRASH REPRODUCED with id:000008,sig:06,src:000003,time:3011,execs:392,op:havoc,rep:3
   -> CRASH REPRODUCED with id:000003,sig:06,src:000003,time:877,execs:128,op:havoc,rep:2
   -> CRASH REPRODUCED with id:000001,sig:06,src:000003,time:423,execs:114,op:havoc,rep:3
Checking queue
   -> Found 12 crash reports. Testing reproducibility...
Checking hangs
   -> Converting counterexamples for 'insert'...
      -> Found and validated 12 new rules.
   -> Writing new specs to harness: lower_bound_fuzz.cpp...
      -> Successfully created working copy '/Dualis/scripts/../benchmarks/ClassicalHornICE_working_temp/SkipList5/lower_bound_fuzz.cpp'.
   -> Starting AFL++(lower_bound_fuzz) with a 20-second timeout...
   -> Building AFL-instrumented binary: /Dualis/scripts/../benchmarks/ClassicalHornICE_working_temp/SkipList5/lower_bound_fuzz
   -> AFL++(lower_bound_fuzz) finished its fuzzing session.
   -> Checking fuzzing outputs for counterexamples...
Checking crashes
   -> Found 12 crash reports. Testing reproducibility...
   -> CRASH REPRODUCED with id:000008,sig:06,src:000003,time:2350,execs:235,op:havoc,rep:4
   -> CRASH REPRODUCED with id:000011,sig:06,src:000003,time:5757,execs:549,op:havoc,rep:4
   -> CRASH REPRODUCED with id:000003,sig:06,src:000003,time:1036,execs:137,op:havoc,rep:4
   -> CRASH REPRODUCED with id:000001,sig:06,src:000003,time:295,execs:95,op:havoc,rep:3
   -> CRASH REPRODUCED with id:000002,sig:06,src:000003,time:460,execs:105,op:havoc,rep:4
   -> CRASH REPRODUCED with id:000000,sig:06,src:000003,time:148,execs:92,op:havoc,rep:3
   -> CRASH REPRODUCED with id:000005,sig:06,src:000003,time:1338,execs:142,op:havoc,rep:4
   -> CRASH REPRODUCED with id:000004,sig:06,src:000003,time:1192,execs:139,op:havoc,rep:4
   -> CRASH REPRODUCED with id:000010,sig:06,src:000003,time:4779,execs:495,op:havoc,rep:4
   -> CRASH REPRODUCED with id:000007,sig:06,src:000003,time:2134,execs:199,op:havoc,rep:4
   -> CRASH REPRODUCED with id:000009,sig:06,src:000003,time:3002,execs:313,op:havoc,rep:3
   -> CRASH REPRODUCED with id:000006,sig:06,src:000003,time:1810,execs:184,op:havoc,rep:2
Checking queue
   -> Found 12 crash reports. Testing reproducibility...
Checking hangs
   -> Converting counterexamples for 'lower_bound'...
      -> Found and validated 11 new rules.
   -> Updating CHC file with new counterexamples...

=============== Artifacts This Iteration ===============

--- Generated Specs ---
  inv1: (true)
  insert: (false)
  lower_bound: (false)

--- New Test Cases Found ---

--- Updated CHCs (for next iteration) ---
(declare-var N Int)
(declare-var i Int)
(declare-var i1 Int)
(declare-var min Int)
(declare-var min1 Int)
(declare-var max Int)
(declare-var max1 Int)
(declare-var isPresent Int)
(declare-var isPresent1 Int)
(declare-var len Int)
(declare-var len1 Int)
(declare-var v Int)
(declare-var k Int)
(declare-var lb_ret1 Int)
(declare-rel insert (Int Int Int Int Int Int Int Int Int))
(declare-rel lower_bound (Int Int Int Int))
(declare-rel inv1 (Int Int Int Int Int Int))
(declare-rel fail ())
(define-fun is_valid ((x Int)) Bool (or (= x 1) (= x 0)))
(define-fun MAX () Int 128)
(define-fun MIN () Int -129)

(rule (=> (and (= v 1) (= isPresent 1) (= min -1) (= max 1) (= len 2) (= isPresent1 1) (= min1 -1) (= max1 1) (= len1 2)) (insert v isPresent min max len isPresent1 min1 max1 len1)))
(rule (=> (and (= v -1) (= isPresent 1) (= min -1) (= max 2) (= len 3) (= isPresent1 1) (= min1 -1) (= max1 2) (= len1 3)) (insert v isPresent min max len isPresent1 min1 max1 len1)))
(rule (=> (and (= v 19) (= isPresent 0) (= min 128) (= max -129) (= len 0) (= isPresent1 0) (= min1 19) (= max1 19) (= len1 1)) (insert v isPresent min max len isPresent1 min1 max1 len1)))
(rule (=> (and (= v 1) (= isPresent 0) (= min 128) (= max -129) (= len 0) (= isPresent1 1) (= min1 1) (= max1 1) (= len1 1)) (insert v isPresent min max len isPresent1 min1 max1 len1)))
(rule (=> (and (= v 1) (= isPresent 1) (= min 1) (= max 36) (= len 2) (= isPresent1 1) (= min1 1) (= max1 36) (= len1 2)) (insert v isPresent min max len isPresent1 min1 max1 len1)))
(rule (=> (and (= v 1) (= isPresent 1) (= min -6) (= max 1) (= len 2) (= isPresent1 1) (= min1 -6) (= max1 1) (= len1 2)) (insert v isPresent min max len isPresent1 min1 max1 len1)))
(rule (=> (and (= v 93) (= isPresent 1) (= min 1) (= max 65) (= len 2) (= isPresent1 1) (= min1 1) (= max1 93) (= len1 3)) (insert v isPresent min max len isPresent1 min1 max1 len1)))
(rule (=> (and (= v 26) (= isPresent 0) (= min 128) (= max -129) (= len 0) (= isPresent1 0) (= min1 26) (= max1 26) (= len1 1)) (insert v isPresent min max len isPresent1 min1 max1 len1)))
(rule (=> (and (= v -1) (= isPresent 0) (= min 128) (= max -129) (= len 0) (= isPresent1 0) (= min1 -1) (= max1 -1) (= len1 1)) (insert v isPresent min max len isPresent1 min1 max1 len1)))
(rule (=> (and (= v 53) (= isPresent 0) (= min 53) (= max 53) (= len 1) (= isPresent1 0) (= min1 53) (= max1 53) (= len1 1)) (insert v isPresent min max len isPresent1 min1 max1 len1)))
(rule (=> (and (= v 98) (= isPresent 0) (= min 128) (= max -129) (= len 0) (= isPresent1 0) (= min1 98) (= max1 98) (= len1 1)) (insert v isPresent min max len isPresent1 min1 max1 len1)))
(rule (=> (and (= v 16) (= isPresent 0) (= min 128) (= max -129) (= len 0) (= isPresent1 0) (= min1 16) (= max1 16) (= len1 1)) (insert v isPresent min max len isPresent1 min1 max1 len1)))
(rule (=> (and (= k 2) (= min 128) (= max -129) (= lb_ret1 128)) (lower_bound k min max lb_ret1)))
(rule (=> (and (= k 2) (= min 1) (= max 1) (= lb_ret1 128)) (lower_bound k min max lb_ret1)))
(rule (=> (and (= k 4) (= min -7) (= max -7) (= lb_ret1 128)) (lower_bound k min max lb_ret1)))
(rule (=> (and (= k 9) (= min 128) (= max -129) (= lb_ret1 128)) (lower_bound k min max lb_ret1)))
(rule (=> (and (= k 8) (= min 8) (= max 8) (= lb_ret1 8)) (lower_bound k min max lb_ret1)))
(rule (=> (and (= k 1) (= min 128) (= max -129) (= lb_ret1 128)) (lower_bound k min max lb_ret1)))
(rule (=> (and (= k 1) (= min -1) (= max 1) (= lb_ret1 1)) (lower_bound k min max lb_ret1)))
(rule (=> (and (= k 1) (= min -19) (= max 1) (= lb_ret1 1)) (lower_bound k min max lb_ret1)))
(rule (=> (and (= k 1) (= min 1) (= max 2) (= lb_ret1 1)) (lower_bound k min max lb_ret1)))
(rule (=> (and (= k -77) (= min -77) (= max 0) (= lb_ret1 -77)) (lower_bound k min max lb_ret1)))
(rule (=> (and (= k -114) (= min 128) (= max -129) (= lb_ret1 128)) (lower_bound k min max lb_ret1)))

(rule (=> (and (> N 0) (= min MAX) (= max MIN) (= len 0) (= isPresent 0) (= i 0)) (inv1 i N isPresent min max len)))
(rule (=> (and (inv1 i N isPresent min max len) (is_valid isPresent) (< i N) (= v 1) (insert v isPresent min max len isPresent1 min1 max1 len1) (= i1 (+ i 1))) (inv1 i1 N isPresent1 min1 max1 len1)))
(rule (=> (and (inv1 i N isPresent min max len) (is_valid isPresent) (not (< i N)) (= k min)(lower_bound k min max lb_ret1) (not (= lb_ret1 min))) fail))

(query fail :print-certificate true)
==============================================================
   -> Checking if specs have changed...
      -> CHC files are different. Continuing iteration.

==================== Iteration: 2 ====================
TIMEOUT : 40
   -> Parsing CHC file: /Dualis/scripts/../benchmarks/ClassicalHornICE_working_temp/SkipList5/SkipList5.smt2
   -> Starting HornICE with a 1000-second timeout...
      -> Logging HornICE output to iter_2.log
   -> HornICE completed successfully.
   -> Analyzing HornICE log file: iter_2.log
      -> Found 9 internal iterations.
   -> Writing new specs to harness: insert_fuzz.cpp...
      -> Successfully created working copy '/Dualis/scripts/../benchmarks/ClassicalHornICE_working_temp/SkipList5/insert_fuzz.cpp'.
   -> Starting AFL++(insert_fuzz) with a 40-second timeout...
   -> Building AFL-instrumented binary: /Dualis/scripts/../benchmarks/ClassicalHornICE_working_temp/SkipList5/insert_fuzz
   -> AFL++(insert_fuzz) finished its fuzzing session.
   -> Checking fuzzing outputs for counterexamples...
Checking crashes
Checking queue
   -> Found 140 crash reports. Testing reproducibility...
Checking hangs
   -> Converting counterexamples for 'insert'...
   -> Writing new specs to harness: lower_bound_fuzz.cpp...
      -> Successfully created working copy '/Dualis/scripts/../benchmarks/ClassicalHornICE_working_temp/SkipList5/lower_bound_fuzz.cpp'.
   -> Starting AFL++(lower_bound_fuzz) with a 40-second timeout...
   -> Building AFL-instrumented binary: /Dualis/scripts/../benchmarks/ClassicalHornICE_working_temp/SkipList5/lower_bound_fuzz
   -> AFL++(lower_bound_fuzz) finished its fuzzing session.
   -> Checking fuzzing outputs for counterexamples...
Checking crashes
Checking queue
   -> Found 126 crash reports. Testing reproducibility...
Checking hangs
   -> Converting counterexamples for 'lower_bound'...
   -> Updating CHC file with new counterexamples...

=============== Artifacts This Iteration ===============

--- Generated Specs ---
  insert: (true)
  lower_bound: (((((k - min) > 0) && ((min - lb_ret1) <= (-1))) || ((min - lb_ret1) > (-1))) && ((min - lb_ret1) <= 0))
  inv1: (true)

--- New Test Cases Found ---

--- Updated CHCs (for next iteration) ---
(declare-var N Int)
(declare-var i Int)
(declare-var i1 Int)
(declare-var min Int)
(declare-var min1 Int)
(declare-var max Int)
(declare-var max1 Int)
(declare-var isPresent Int)
(declare-var isPresent1 Int)
(declare-var len Int)
(declare-var len1 Int)
(declare-var v Int)
(declare-var k Int)
(declare-var lb_ret1 Int)
(declare-rel insert (Int Int Int Int Int Int Int Int Int))
(declare-rel lower_bound (Int Int Int Int))
(declare-rel inv1 (Int Int Int Int Int Int))
(declare-rel fail ())
(define-fun is_valid ((x Int)) Bool (or (= x 1) (= x 0)))
(define-fun MAX () Int 128)
(define-fun MIN () Int -129)


(rule (=> (and (= v 1) (= isPresent 1) (= min -1) (= max 1) (= len 2) (= isPresent1 1) (= min1 -1) (= max1 1) (= len1 2)) (insert v isPresent min max len isPresent1 min1 max1 len1)))
(rule (=> (and (= v -1) (= isPresent 1) (= min -1) (= max 2) (= len 3) (= isPresent1 1) (= min1 -1) (= max1 2) (= len1 3)) (insert v isPresent min max len isPresent1 min1 max1 len1)))
(rule (=> (and (= v 19) (= isPresent 0) (= min 128) (= max -129) (= len 0) (= isPresent1 0) (= min1 19) (= max1 19) (= len1 1)) (insert v isPresent min max len isPresent1 min1 max1 len1)))
(rule (=> (and (= v 1) (= isPresent 0) (= min 128) (= max -129) (= len 0) (= isPresent1 1) (= min1 1) (= max1 1) (= len1 1)) (insert v isPresent min max len isPresent1 min1 max1 len1)))
(rule (=> (and (= v 1) (= isPresent 1) (= min 1) (= max 36) (= len 2) (= isPresent1 1) (= min1 1) (= max1 36) (= len1 2)) (insert v isPresent min max len isPresent1 min1 max1 len1)))
(rule (=> (and (= v 1) (= isPresent 1) (= min -6) (= max 1) (= len 2) (= isPresent1 1) (= min1 -6) (= max1 1) (= len1 2)) (insert v isPresent min max len isPresent1 min1 max1 len1)))
(rule (=> (and (= v 93) (= isPresent 1) (= min 1) (= max 65) (= len 2) (= isPresent1 1) (= min1 1) (= max1 93) (= len1 3)) (insert v isPresent min max len isPresent1 min1 max1 len1)))
(rule (=> (and (= v 26) (= isPresent 0) (= min 128) (= max -129) (= len 0) (= isPresent1 0) (= min1 26) (= max1 26) (= len1 1)) (insert v isPresent min max len isPresent1 min1 max1 len1)))
(rule (=> (and (= v -1) (= isPresent 0) (= min 128) (= max -129) (= len 0) (= isPresent1 0) (= min1 -1) (= max1 -1) (= len1 1)) (insert v isPresent min max len isPresent1 min1 max1 len1)))
(rule (=> (and (= v 53) (= isPresent 0) (= min 53) (= max 53) (= len 1) (= isPresent1 0) (= min1 53) (= max1 53) (= len1 1)) (insert v isPresent min max len isPresent1 min1 max1 len1)))
(rule (=> (and (= v 98) (= isPresent 0) (= min 128) (= max -129) (= len 0) (= isPresent1 0) (= min1 98) (= max1 98) (= len1 1)) (insert v isPresent min max len isPresent1 min1 max1 len1)))
(rule (=> (and (= v 16) (= isPresent 0) (= min 128) (= max -129) (= len 0) (= isPresent1 0) (= min1 16) (= max1 16) (= len1 1)) (insert v isPresent min max len isPresent1 min1 max1 len1)))
(rule (=> (and (= k 2) (= min 128) (= max -129) (= lb_ret1 128)) (lower_bound k min max lb_ret1)))
(rule (=> (and (= k 2) (= min 1) (= max 1) (= lb_ret1 128)) (lower_bound k min max lb_ret1)))
(rule (=> (and (= k 4) (= min -7) (= max -7) (= lb_ret1 128)) (lower_bound k min max lb_ret1)))
(rule (=> (and (= k 9) (= min 128) (= max -129) (= lb_ret1 128)) (lower_bound k min max lb_ret1)))
(rule (=> (and (= k 8) (= min 8) (= max 8) (= lb_ret1 8)) (lower_bound k min max lb_ret1)))
(rule (=> (and (= k 1) (= min 128) (= max -129) (= lb_ret1 128)) (lower_bound k min max lb_ret1)))
(rule (=> (and (= k 1) (= min -1) (= max 1) (= lb_ret1 1)) (lower_bound k min max lb_ret1)))
(rule (=> (and (= k 1) (= min -19) (= max 1) (= lb_ret1 1)) (lower_bound k min max lb_ret1)))
(rule (=> (and (= k 1) (= min 1) (= max 2) (= lb_ret1 1)) (lower_bound k min max lb_ret1)))
(rule (=> (and (= k -77) (= min -77) (= max 0) (= lb_ret1 -77)) (lower_bound k min max lb_ret1)))
(rule (=> (and (= k -114) (= min 128) (= max -129) (= lb_ret1 128)) (lower_bound k min max lb_ret1)))
(rule (=> (and (> N 0) (= min MAX) (= max MIN) (= len 0) (= isPresent 0) (= i 0)) (inv1 i N isPresent min max len)))
(rule (=> (and (inv1 i N isPresent min max len) (is_valid isPresent) (< i N) (= v 1) (insert v isPresent min max len isPresent1 min1 max1 len1) (= i1 (+ i 1))) (inv1 i1 N isPresent1 min1 max1 len1)))
(rule (=> (and (inv1 i N isPresent min max len) (is_valid isPresent) (not (< i N)) (= k min)(lower_bound k min max lb_ret1) (not (= lb_ret1 min))) fail))

(query fail :print-certificate true)
==============================================================
   -> Checking if specs have changed...
      -> CHC files are different. Continuing iteration.

==================== Iteration: 3 ====================
TIMEOUT : 60
   -> Parsing CHC file: /Dualis/scripts/../benchmarks/ClassicalHornICE_working_temp/SkipList5/SkipList5.smt2
   -> Starting HornICE with a 1000-second timeout...
      -> Logging HornICE output to iter_3.log
   -> HornICE completed successfully.
   -> Analyzing HornICE log file: iter_3.log
      -> Found 9 internal iterations.
   -> Writing new specs to harness: insert_fuzz.cpp...
      -> Successfully created working copy '/Dualis/scripts/../benchmarks/ClassicalHornICE_working_temp/SkipList5/insert_fuzz.cpp'.
   -> Starting AFL++(insert_fuzz) with a 60-second timeout...
   -> Building AFL-instrumented binary: /Dualis/scripts/../benchmarks/ClassicalHornICE_working_temp/SkipList5/insert_fuzz
   -> AFL++(insert_fuzz) finished its fuzzing session.
   -> Checking fuzzing outputs for counterexamples...
Checking crashes
Checking queue
   -> Found 151 crash reports. Testing reproducibility...
Checking hangs
   -> Converting counterexamples for 'insert'...
   -> Writing new specs to harness: lower_bound_fuzz.cpp...
      -> Successfully created working copy '/Dualis/scripts/../benchmarks/ClassicalHornICE_working_temp/SkipList5/lower_bound_fuzz.cpp'.
   -> Starting AFL++(lower_bound_fuzz) with a 60-second timeout...
   -> Building AFL-instrumented binary: /Dualis/scripts/../benchmarks/ClassicalHornICE_working_temp/SkipList5/lower_bound_fuzz
   -> AFL++(lower_bound_fuzz) finished its fuzzing session.
   -> Checking fuzzing outputs for counterexamples...
Checking crashes
Checking queue
   -> Found 151 crash reports. Testing reproducibility...
Checking hangs
   -> Converting counterexamples for 'lower_bound'...
   -> Updating CHC file with new counterexamples...

=============== Artifacts This Iteration ===============

--- Generated Specs ---
  insert: (true)
  lower_bound: (((((k - min) > 0) && ((min - lb_ret1) <= (-1))) || ((min - lb_ret1) > (-1))) && ((min - lb_ret1) <= 0))
  inv1: (true)

--- New Test Cases Found ---

--- Updated CHCs (for next iteration) ---
(declare-var N Int)
(declare-var i Int)
(declare-var i1 Int)
(declare-var min Int)
(declare-var min1 Int)
(declare-var max Int)
(declare-var max1 Int)
(declare-var isPresent Int)
(declare-var isPresent1 Int)
(declare-var len Int)
(declare-var len1 Int)
(declare-var v Int)
(declare-var k Int)
(declare-var lb_ret1 Int)
(declare-rel insert (Int Int Int Int Int Int Int Int Int))
(declare-rel lower_bound (Int Int Int Int))
(declare-rel inv1 (Int Int Int Int Int Int))
(declare-rel fail ())
(define-fun is_valid ((x Int)) Bool (or (= x 1) (= x 0)))
(define-fun MAX () Int 128)
(define-fun MIN () Int -129)


(rule (=> (and (= v 1) (= isPresent 1) (= min -1) (= max 1) (= len 2) (= isPresent1 1) (= min1 -1) (= max1 1) (= len1 2)) (insert v isPresent min max len isPresent1 min1 max1 len1)))
(rule (=> (and (= v -1) (= isPresent 1) (= min -1) (= max 2) (= len 3) (= isPresent1 1) (= min1 -1) (= max1 2) (= len1 3)) (insert v isPresent min max len isPresent1 min1 max1 len1)))
(rule (=> (and (= v 19) (= isPresent 0) (= min 128) (= max -129) (= len 0) (= isPresent1 0) (= min1 19) (= max1 19) (= len1 1)) (insert v isPresent min max len isPresent1 min1 max1 len1)))
(rule (=> (and (= v 1) (= isPresent 0) (= min 128) (= max -129) (= len 0) (= isPresent1 1) (= min1 1) (= max1 1) (= len1 1)) (insert v isPresent min max len isPresent1 min1 max1 len1)))
(rule (=> (and (= v 1) (= isPresent 1) (= min 1) (= max 36) (= len 2) (= isPresent1 1) (= min1 1) (= max1 36) (= len1 2)) (insert v isPresent min max len isPresent1 min1 max1 len1)))
(rule (=> (and (= v 1) (= isPresent 1) (= min -6) (= max 1) (= len 2) (= isPresent1 1) (= min1 -6) (= max1 1) (= len1 2)) (insert v isPresent min max len isPresent1 min1 max1 len1)))
(rule (=> (and (= v 93) (= isPresent 1) (= min 1) (= max 65) (= len 2) (= isPresent1 1) (= min1 1) (= max1 93) (= len1 3)) (insert v isPresent min max len isPresent1 min1 max1 len1)))
(rule (=> (and (= v 26) (= isPresent 0) (= min 128) (= max -129) (= len 0) (= isPresent1 0) (= min1 26) (= max1 26) (= len1 1)) (insert v isPresent min max len isPresent1 min1 max1 len1)))
(rule (=> (and (= v -1) (= isPresent 0) (= min 128) (= max -129) (= len 0) (= isPresent1 0) (= min1 -1) (= max1 -1) (= len1 1)) (insert v isPresent min max len isPresent1 min1 max1 len1)))
(rule (=> (and (= v 53) (= isPresent 0) (= min 53) (= max 53) (= len 1) (= isPresent1 0) (= min1 53) (= max1 53) (= len1 1)) (insert v isPresent min max len isPresent1 min1 max1 len1)))
(rule (=> (and (= v 98) (= isPresent 0) (= min 128) (= max -129) (= len 0) (= isPresent1 0) (= min1 98) (= max1 98) (= len1 1)) (insert v isPresent min max len isPresent1 min1 max1 len1)))
(rule (=> (and (= v 16) (= isPresent 0) (= min 128) (= max -129) (= len 0) (= isPresent1 0) (= min1 16) (= max1 16) (= len1 1)) (insert v isPresent min max len isPresent1 min1 max1 len1)))
(rule (=> (and (= k 2) (= min 128) (= max -129) (= lb_ret1 128)) (lower_bound k min max lb_ret1)))
(rule (=> (and (= k 2) (= min 1) (= max 1) (= lb_ret1 128)) (lower_bound k min max lb_ret1)))
(rule (=> (and (= k 4) (= min -7) (= max -7) (= lb_ret1 128)) (lower_bound k min max lb_ret1)))
(rule (=> (and (= k 9) (= min 128) (= max -129) (= lb_ret1 128)) (lower_bound k min max lb_ret1)))
(rule (=> (and (= k 8) (= min 8) (= max 8) (= lb_ret1 8)) (lower_bound k min max lb_ret1)))
(rule (=> (and (= k 1) (= min 128) (= max -129) (= lb_ret1 128)) (lower_bound k min max lb_ret1)))
(rule (=> (and (= k 1) (= min -1) (= max 1) (= lb_ret1 1)) (lower_bound k min max lb_ret1)))
(rule (=> (and (= k 1) (= min -19) (= max 1) (= lb_ret1 1)) (lower_bound k min max lb_ret1)))
(rule (=> (and (= k 1) (= min 1) (= max 2) (= lb_ret1 1)) (lower_bound k min max lb_ret1)))
(rule (=> (and (= k -77) (= min -77) (= max 0) (= lb_ret1 -77)) (lower_bound k min max lb_ret1)))
(rule (=> (and (= k -114) (= min 128) (= max -129) (= lb_ret1 128)) (lower_bound k min max lb_ret1)))
(rule (=> (and (> N 0) (= min MAX) (= max MIN) (= len 0) (= isPresent 0) (= i 0)) (inv1 i N isPresent min max len)))
(rule (=> (and (inv1 i N isPresent min max len) (is_valid isPresent) (< i N) (= v 1) (insert v isPresent min max len isPresent1 min1 max1 len1) (= i1 (+ i 1))) (inv1 i1 N isPresent1 min1 max1 len1)))
(rule (=> (and (inv1 i N isPresent min max len) (is_valid isPresent) (not (< i N)) (= k min)(lower_bound k min max lb_ret1) (not (= lb_ret1 min))) fail))

(query fail :print-certificate true)
==============================================================
   -> Checking if specs have changed...
      -> CHC files are identical. Pipeline has converged.
   -> 15-minute deep fuzzing converged. Pipeline complete.

==================== Finalizing Pipeline ====================

====================== Pipeline Finished =====================
Total External Iterations: 3
Total Unique Test Cases Found: 23
Total Internal Iterations: 21
  - Min: 3
  - Max: 9
  - Avg: 7.00
pipeline.run() took 0.2134 seconds.
Running command: /usr/bin/python3 chcverifynfuzz.py ClassicalHornICE SkipList5
PID: 5995
========================================


Total Pipeline Duration: 259.94s
