
========================================
         Starting Pipeline for: SkipList2 (Mode: ClassicalHornICE)
========================================
Initializing pipeline for benchmark: 'SkipList2'
   -> Loading and validating attributes from: /Dualis/scripts/../benchmarks/Classical/SkipList2/Attributes.txt
      -> Validation successful. Attribute file is consistent.

==================== Iteration: 1 ====================
TIMEOUT : 20
   -> Parsing CHC file: /Dualis/scripts/../benchmarks/ClassicalHornICE_working_temp/SkipList2/SkipList2.smt2
   -> Starting HornICE with a 1000-second timeout...
      -> Logging HornICE output to iter_1.log
   -> HornICE completed successfully.
   -> Analyzing HornICE log file: iter_1.log
      -> Found 3 internal iterations.
   -> Writing new specs to harness: insert_fuzz.cpp...
      -> Successfully created working copy '/Dualis/scripts/../benchmarks/ClassicalHornICE_working_temp/SkipList2/insert_fuzz.cpp'.
   -> Starting AFL++(insert_fuzz) with a 20-second timeout...
   -> Building AFL-instrumented binary: /Dualis/scripts/../benchmarks/ClassicalHornICE_working_temp/SkipList2/insert_fuzz
   -> AFL++(insert_fuzz) finished its fuzzing session.
   -> Checking fuzzing outputs for counterexamples...
Checking crashes
   -> Found 9 crash reports. Testing reproducibility...
   -> CRASH REPRODUCED with id:000005,sig:06,src:000003,time:2751,execs:468,op:havoc,rep:2
   -> CRASH REPRODUCED with id:000000,sig:06,src:000003,time:195,execs:93,op:havoc,rep:2
   -> CRASH REPRODUCED with id:000003,sig:06,src:000003,time:1190,execs:248,op:havoc,rep:2
   -> CRASH REPRODUCED with id:000008,sig:06,src:000003,time:11714,execs:1377,op:havoc,rep:2
   -> CRASH REPRODUCED with id:000006,sig:06,src:000003,time:3274,execs:503,op:havoc,rep:2
   -> CRASH REPRODUCED with id:000007,sig:06,src:000003,time:7426,execs:859,op:havoc,rep:2
   -> CRASH REPRODUCED with id:000004,sig:06,src:000003,time:1461,execs:270,op:havoc,rep:2
   -> CRASH REPRODUCED with id:000002,sig:06,src:000003,time:661,execs:162,op:havoc,rep:4
   -> CRASH REPRODUCED with id:000001,sig:06,src:000003,time:420,execs:161,op:havoc,rep:3
Checking queue
   -> Found 12 crash reports. Testing reproducibility...
Checking hangs
   -> Converting counterexamples for 'insert'...
      -> Found and validated 8 new rules.
   -> Writing new specs to harness: lower_bound_fuzz.cpp...
      -> Successfully created working copy '/Dualis/scripts/../benchmarks/ClassicalHornICE_working_temp/SkipList2/lower_bound_fuzz.cpp'.
   -> Starting AFL++(lower_bound_fuzz) with a 20-second timeout...
   -> Building AFL-instrumented binary: /Dualis/scripts/../benchmarks/ClassicalHornICE_working_temp/SkipList2/lower_bound_fuzz
   -> AFL++(lower_bound_fuzz) finished its fuzzing session.
   -> Checking fuzzing outputs for counterexamples...
Checking crashes
   -> Found 8 crash reports. Testing reproducibility...
   -> CRASH REPRODUCED with id:000005,sig:06,src:000003,time:1954,execs:130,op:havoc,rep:7
   -> CRASH REPRODUCED with id:000001,sig:06,src:000003,time:361,execs:95,op:havoc,rep:8
   -> CRASH REPRODUCED with id:000006,sig:06,src:000003,time:3184,execs:153,op:havoc,rep:7
   -> CRASH REPRODUCED with id:000003,sig:06,src:000003,time:1367,execs:121,op:havoc,rep:8
   -> CRASH REPRODUCED with id:000004,sig:06,src:000003,time:1557,execs:122,op:havoc,rep:7
   -> CRASH REPRODUCED with id:000002,sig:06,src:000003,time:1168,execs:114,op:havoc,rep:7
   -> CRASH REPRODUCED with id:000000,sig:06,src:000003,time:157,execs:90,op:havoc,rep:2
   -> CRASH REPRODUCED with id:000007,sig:06,src:000003,time:3388,execs:157,op:havoc,rep:8
Checking queue
   -> Found 12 crash reports. Testing reproducibility...
Checking hangs
   -> Converting counterexamples for 'lower_bound'...
      -> Found and validated 8 new rules.
   -> Updating CHC file with new counterexamples...

=============== Artifacts This Iteration ===============

--- Generated Specs ---
  inv1: (true)
  insert: (false)
  lower_bound: (false)

--- New Test Cases Found ---

--- Updated CHCs (for next iteration) ---
(declare-var N Int)
(declare-var i Int)
(declare-var i1 Int)
(declare-var min Int)
(declare-var min1 Int)
(declare-var max Int)
(declare-var max1 Int)
(declare-var isPresent Int)
(declare-var isPresent1 Int)
(declare-var len Int)
(declare-var len1 Int)
(declare-var k Int)
(declare-var v Int)
(declare-var lb_ret1 Int)
(declare-rel insert (Int Int Int Int Int Int Int Int Int))
(declare-rel lower_bound (Int Int Int Int))
(declare-rel inv1 (Int Int Int Int Int))
(declare-rel fail ())
(define-fun is_valid ((x Int)) Bool (or (= x 1) (= x 0)))
(define-fun MAX () Int 128)
(define-fun MIN () Int -129)

(rule (=> (and (= v -121) (= isPresent 1) (= min -121) (= max -121) (= len 1) (= isPresent1 1) (= min1 -121) (= max1 -121) (= len1 1)) (insert v isPresent min max len isPresent1 min1 max1 len1)))
(rule (=> (and (= v 1) (= isPresent 1) (= min 1) (= max 1) (= len 1) (= isPresent1 1) (= min1 1) (= max1 1) (= len1 1)) (insert v isPresent min max len isPresent1 min1 max1 len1)))
(rule (=> (and (= v 1) (= isPresent 1) (= min -1) (= max 1) (= len 2) (= isPresent1 1) (= min1 -1) (= max1 1) (= len1 2)) (insert v isPresent min max len isPresent1 min1 max1 len1)))
(rule (=> (and (= v 46) (= isPresent 0) (= min 128) (= max -129) (= len 0) (= isPresent1 1) (= min1 46) (= max1 46) (= len1 1)) (insert v isPresent min max len isPresent1 min1 max1 len1)))
(rule (=> (and (= v 1) (= isPresent 1) (= min 1) (= max 29) (= len 2) (= isPresent1 1) (= min1 1) (= max1 29) (= len1 2)) (insert v isPresent min max len isPresent1 min1 max1 len1)))
(rule (=> (and (= v 1) (= isPresent 0) (= min -1) (= max -1) (= len 1) (= isPresent1 1) (= min1 -1) (= max1 1) (= len1 2)) (insert v isPresent min max len isPresent1 min1 max1 len1)))
(rule (=> (and (= v -1) (= isPresent 0) (= min 1) (= max 1) (= len 1) (= isPresent1 1) (= min1 -1) (= max1 1) (= len1 2)) (insert v isPresent min max len isPresent1 min1 max1 len1)))
(rule (=> (and (= v 0) (= isPresent 0) (= min 128) (= max -129) (= len 0) (= isPresent1 1) (= min1 0) (= max1 0) (= len1 1)) (insert v isPresent min max len isPresent1 min1 max1 len1)))
(rule (=> (and (= k 6) (= min -116) (= max 6) (= lb_ret1 6)) (lower_bound k min max lb_ret1)))
(rule (=> (and (= k 1) (= min -4) (= max 1) (= lb_ret1 1)) (lower_bound k min max lb_ret1)))
(rule (=> (and (= k 1) (= min -7) (= max 1) (= lb_ret1 1)) (lower_bound k min max lb_ret1)))
(rule (=> (and (= k 1) (= min -1) (= max 61) (= lb_ret1 60)) (lower_bound k min max lb_ret1)))
(rule (=> (and (= k -60) (= min 128) (= max -129) (= lb_ret1 128)) (lower_bound k min max lb_ret1)))
(rule (=> (and (= k -1) (= min 128) (= max -129) (= lb_ret1 128)) (lower_bound k min max lb_ret1)))
(rule (=> (and (= k 0) (= min 128) (= max -129) (= lb_ret1 128)) (lower_bound k min max lb_ret1)))
(rule (=> (and (= k -37) (= min -1) (= max -1) (= lb_ret1 -1)) (lower_bound k min max lb_ret1)))

(rule (=> (and (> N 0) (= min MAX) (= max MIN) (= len 0) (= i 0)) (inv1 i N min max len)))
(rule (=> (and (inv1 i N min max len) (is_valid isPresent) (< i N) (= v i) (insert v isPresent min max len isPresent1 min1 max1 len1) (= i1 (+ i 1))) (inv1 i1 N min1 max1 len1)))
(rule (=> (and (inv1 i N min max len) (not (< i N)) (>= k 0) (< k N) (lower_bound k min max lb_ret1) (not (>= lb_ret1 k))) fail))

(query fail :print-certificate true)
==============================================================
   -> Checking if specs have changed...
      -> CHC files are different. Continuing iteration.

==================== Iteration: 2 ====================
TIMEOUT : 40
   -> Parsing CHC file: /Dualis/scripts/../benchmarks/ClassicalHornICE_working_temp/SkipList2/SkipList2.smt2
   -> Starting HornICE with a 1000-second timeout...
      -> Logging HornICE output to iter_2.log
   -> HornICE completed successfully.
   -> Analyzing HornICE log file: iter_2.log
      -> Found 5 internal iterations.
   -> Writing new specs to harness: insert_fuzz.cpp...
      -> Successfully created working copy '/Dualis/scripts/../benchmarks/ClassicalHornICE_working_temp/SkipList2/insert_fuzz.cpp'.
   -> Starting AFL++(insert_fuzz) with a 40-second timeout...
   -> Building AFL-instrumented binary: /Dualis/scripts/../benchmarks/ClassicalHornICE_working_temp/SkipList2/insert_fuzz
   -> AFL++(insert_fuzz) finished its fuzzing session.
   -> Checking fuzzing outputs for counterexamples...
Checking crashes
Checking queue
   -> Found 166 crash reports. Testing reproducibility...
Checking hangs
   -> Converting counterexamples for 'insert'...
   -> Writing new specs to harness: lower_bound_fuzz.cpp...
      -> Successfully created working copy '/Dualis/scripts/../benchmarks/ClassicalHornICE_working_temp/SkipList2/lower_bound_fuzz.cpp'.
   -> Starting AFL++(lower_bound_fuzz) with a 40-second timeout...
   -> Building AFL-instrumented binary: /Dualis/scripts/../benchmarks/ClassicalHornICE_working_temp/SkipList2/lower_bound_fuzz
   -> AFL++(lower_bound_fuzz) finished its fuzzing session.
   -> Checking fuzzing outputs for counterexamples...
Checking crashes
Checking queue
   -> Found 155 crash reports. Testing reproducibility...
Checking hangs
   -> Converting counterexamples for 'lower_bound'...
   -> Updating CHC file with new counterexamples...

=============== Artifacts This Iteration ===============

--- Generated Specs ---
  insert: (true)
  lower_bound: ((k - lb_ret1) <= 0)
  inv1: (true)

--- New Test Cases Found ---

--- Updated CHCs (for next iteration) ---
(declare-var N Int)
(declare-var i Int)
(declare-var i1 Int)
(declare-var min Int)
(declare-var min1 Int)
(declare-var max Int)
(declare-var max1 Int)
(declare-var isPresent Int)
(declare-var isPresent1 Int)
(declare-var len Int)
(declare-var len1 Int)
(declare-var k Int)
(declare-var v Int)
(declare-var lb_ret1 Int)
(declare-rel insert (Int Int Int Int Int Int Int Int Int))
(declare-rel lower_bound (Int Int Int Int))
(declare-rel inv1 (Int Int Int Int Int))
(declare-rel fail ())
(define-fun is_valid ((x Int)) Bool (or (= x 1) (= x 0)))
(define-fun MAX () Int 128)
(define-fun MIN () Int -129)


(rule (=> (and (= v -121) (= isPresent 1) (= min -121) (= max -121) (= len 1) (= isPresent1 1) (= min1 -121) (= max1 -121) (= len1 1)) (insert v isPresent min max len isPresent1 min1 max1 len1)))
(rule (=> (and (= v 1) (= isPresent 1) (= min 1) (= max 1) (= len 1) (= isPresent1 1) (= min1 1) (= max1 1) (= len1 1)) (insert v isPresent min max len isPresent1 min1 max1 len1)))
(rule (=> (and (= v 1) (= isPresent 1) (= min -1) (= max 1) (= len 2) (= isPresent1 1) (= min1 -1) (= max1 1) (= len1 2)) (insert v isPresent min max len isPresent1 min1 max1 len1)))
(rule (=> (and (= v 46) (= isPresent 0) (= min 128) (= max -129) (= len 0) (= isPresent1 1) (= min1 46) (= max1 46) (= len1 1)) (insert v isPresent min max len isPresent1 min1 max1 len1)))
(rule (=> (and (= v 1) (= isPresent 1) (= min 1) (= max 29) (= len 2) (= isPresent1 1) (= min1 1) (= max1 29) (= len1 2)) (insert v isPresent min max len isPresent1 min1 max1 len1)))
(rule (=> (and (= v 1) (= isPresent 0) (= min -1) (= max -1) (= len 1) (= isPresent1 1) (= min1 -1) (= max1 1) (= len1 2)) (insert v isPresent min max len isPresent1 min1 max1 len1)))
(rule (=> (and (= v -1) (= isPresent 0) (= min 1) (= max 1) (= len 1) (= isPresent1 1) (= min1 -1) (= max1 1) (= len1 2)) (insert v isPresent min max len isPresent1 min1 max1 len1)))
(rule (=> (and (= v 0) (= isPresent 0) (= min 128) (= max -129) (= len 0) (= isPresent1 1) (= min1 0) (= max1 0) (= len1 1)) (insert v isPresent min max len isPresent1 min1 max1 len1)))
(rule (=> (and (= k 6) (= min -116) (= max 6) (= lb_ret1 6)) (lower_bound k min max lb_ret1)))
(rule (=> (and (= k 1) (= min -4) (= max 1) (= lb_ret1 1)) (lower_bound k min max lb_ret1)))
(rule (=> (and (= k 1) (= min -7) (= max 1) (= lb_ret1 1)) (lower_bound k min max lb_ret1)))
(rule (=> (and (= k 1) (= min -1) (= max 61) (= lb_ret1 60)) (lower_bound k min max lb_ret1)))
(rule (=> (and (= k -60) (= min 128) (= max -129) (= lb_ret1 128)) (lower_bound k min max lb_ret1)))
(rule (=> (and (= k -1) (= min 128) (= max -129) (= lb_ret1 128)) (lower_bound k min max lb_ret1)))
(rule (=> (and (= k 0) (= min 128) (= max -129) (= lb_ret1 128)) (lower_bound k min max lb_ret1)))
(rule (=> (and (= k -37) (= min -1) (= max -1) (= lb_ret1 -1)) (lower_bound k min max lb_ret1)))
(rule (=> (and (> N 0) (= min MAX) (= max MIN) (= len 0) (= i 0)) (inv1 i N min max len)))
(rule (=> (and (inv1 i N min max len) (is_valid isPresent) (< i N) (= v i) (insert v isPresent min max len isPresent1 min1 max1 len1) (= i1 (+ i 1))) (inv1 i1 N min1 max1 len1)))
(rule (=> (and (inv1 i N min max len) (not (< i N)) (>= k 0) (< k N) (lower_bound k min max lb_ret1) (not (>= lb_ret1 k))) fail))

(query fail :print-certificate true)
==============================================================
   -> Checking if specs have changed...
      -> CHC files are different. Continuing iteration.

==================== Iteration: 3 ====================
TIMEOUT : 60
   -> Parsing CHC file: /Dualis/scripts/../benchmarks/ClassicalHornICE_working_temp/SkipList2/SkipList2.smt2
   -> Starting HornICE with a 1000-second timeout...
      -> Logging HornICE output to iter_3.log
   -> HornICE completed successfully.
   -> Analyzing HornICE log file: iter_3.log
      -> Found 5 internal iterations.
   -> Writing new specs to harness: insert_fuzz.cpp...
      -> Successfully created working copy '/Dualis/scripts/../benchmarks/ClassicalHornICE_working_temp/SkipList2/insert_fuzz.cpp'.
   -> Starting AFL++(insert_fuzz) with a 60-second timeout...
   -> Building AFL-instrumented binary: /Dualis/scripts/../benchmarks/ClassicalHornICE_working_temp/SkipList2/insert_fuzz
   -> AFL++(insert_fuzz) finished its fuzzing session.
   -> Checking fuzzing outputs for counterexamples...
Checking crashes
Checking queue
   -> Found 152 crash reports. Testing reproducibility...
Checking hangs
   -> Converting counterexamples for 'insert'...
   -> Writing new specs to harness: lower_bound_fuzz.cpp...
      -> Successfully created working copy '/Dualis/scripts/../benchmarks/ClassicalHornICE_working_temp/SkipList2/lower_bound_fuzz.cpp'.
   -> Starting AFL++(lower_bound_fuzz) with a 60-second timeout...
   -> Building AFL-instrumented binary: /Dualis/scripts/../benchmarks/ClassicalHornICE_working_temp/SkipList2/lower_bound_fuzz
   -> AFL++(lower_bound_fuzz) finished its fuzzing session.
   -> Checking fuzzing outputs for counterexamples...
Checking crashes
Checking queue
   -> Found 133 crash reports. Testing reproducibility...
Checking hangs
   -> Converting counterexamples for 'lower_bound'...
   -> Updating CHC file with new counterexamples...

=============== Artifacts This Iteration ===============

--- Generated Specs ---
  insert: (true)
  lower_bound: ((k - lb_ret1) <= 0)
  inv1: (true)

--- New Test Cases Found ---

--- Updated CHCs (for next iteration) ---
(declare-var N Int)
(declare-var i Int)
(declare-var i1 Int)
(declare-var min Int)
(declare-var min1 Int)
(declare-var max Int)
(declare-var max1 Int)
(declare-var isPresent Int)
(declare-var isPresent1 Int)
(declare-var len Int)
(declare-var len1 Int)
(declare-var k Int)
(declare-var v Int)
(declare-var lb_ret1 Int)
(declare-rel insert (Int Int Int Int Int Int Int Int Int))
(declare-rel lower_bound (Int Int Int Int))
(declare-rel inv1 (Int Int Int Int Int))
(declare-rel fail ())
(define-fun is_valid ((x Int)) Bool (or (= x 1) (= x 0)))
(define-fun MAX () Int 128)
(define-fun MIN () Int -129)


(rule (=> (and (= v -121) (= isPresent 1) (= min -121) (= max -121) (= len 1) (= isPresent1 1) (= min1 -121) (= max1 -121) (= len1 1)) (insert v isPresent min max len isPresent1 min1 max1 len1)))
(rule (=> (and (= v 1) (= isPresent 1) (= min 1) (= max 1) (= len 1) (= isPresent1 1) (= min1 1) (= max1 1) (= len1 1)) (insert v isPresent min max len isPresent1 min1 max1 len1)))
(rule (=> (and (= v 1) (= isPresent 1) (= min -1) (= max 1) (= len 2) (= isPresent1 1) (= min1 -1) (= max1 1) (= len1 2)) (insert v isPresent min max len isPresent1 min1 max1 len1)))
(rule (=> (and (= v 46) (= isPresent 0) (= min 128) (= max -129) (= len 0) (= isPresent1 1) (= min1 46) (= max1 46) (= len1 1)) (insert v isPresent min max len isPresent1 min1 max1 len1)))
(rule (=> (and (= v 1) (= isPresent 1) (= min 1) (= max 29) (= len 2) (= isPresent1 1) (= min1 1) (= max1 29) (= len1 2)) (insert v isPresent min max len isPresent1 min1 max1 len1)))
(rule (=> (and (= v 1) (= isPresent 0) (= min -1) (= max -1) (= len 1) (= isPresent1 1) (= min1 -1) (= max1 1) (= len1 2)) (insert v isPresent min max len isPresent1 min1 max1 len1)))
(rule (=> (and (= v -1) (= isPresent 0) (= min 1) (= max 1) (= len 1) (= isPresent1 1) (= min1 -1) (= max1 1) (= len1 2)) (insert v isPresent min max len isPresent1 min1 max1 len1)))
(rule (=> (and (= v 0) (= isPresent 0) (= min 128) (= max -129) (= len 0) (= isPresent1 1) (= min1 0) (= max1 0) (= len1 1)) (insert v isPresent min max len isPresent1 min1 max1 len1)))
(rule (=> (and (= k 6) (= min -116) (= max 6) (= lb_ret1 6)) (lower_bound k min max lb_ret1)))
(rule (=> (and (= k 1) (= min -4) (= max 1) (= lb_ret1 1)) (lower_bound k min max lb_ret1)))
(rule (=> (and (= k 1) (= min -7) (= max 1) (= lb_ret1 1)) (lower_bound k min max lb_ret1)))
(rule (=> (and (= k 1) (= min -1) (= max 61) (= lb_ret1 60)) (lower_bound k min max lb_ret1)))
(rule (=> (and (= k -60) (= min 128) (= max -129) (= lb_ret1 128)) (lower_bound k min max lb_ret1)))
(rule (=> (and (= k -1) (= min 128) (= max -129) (= lb_ret1 128)) (lower_bound k min max lb_ret1)))
(rule (=> (and (= k 0) (= min 128) (= max -129) (= lb_ret1 128)) (lower_bound k min max lb_ret1)))
(rule (=> (and (= k -37) (= min -1) (= max -1) (= lb_ret1 -1)) (lower_bound k min max lb_ret1)))
(rule (=> (and (> N 0) (= min MAX) (= max MIN) (= len 0) (= i 0)) (inv1 i N min max len)))
(rule (=> (and (inv1 i N min max len) (is_valid isPresent) (< i N) (= v i) (insert v isPresent min max len isPresent1 min1 max1 len1) (= i1 (+ i 1))) (inv1 i1 N min1 max1 len1)))
(rule (=> (and (inv1 i N min max len) (not (< i N)) (>= k 0) (< k N) (lower_bound k min max lb_ret1) (not (>= lb_ret1 k))) fail))

(query fail :print-certificate true)
==============================================================
   -> Checking if specs have changed...
      -> CHC files are identical. Pipeline has converged.
   -> 15-minute deep fuzzing converged. Pipeline complete.

==================== Finalizing Pipeline ====================

====================== Pipeline Finished =====================
Total External Iterations: 3
Total Unique Test Cases Found: 16
Total Internal Iterations: 13
  - Min: 3
  - Max: 5
  - Avg: 4.33
pipeline.run() took 0.2084 seconds.
Running command: /usr/bin/python3 chcverifynfuzz.py ClassicalHornICE SkipList2
PID: 5994
========================================


Total Pipeline Duration: 257.07s
