
========================================
         Starting Pipeline for: SkipList3 (Mode: ClassicalHornICE)
========================================
Initializing pipeline for benchmark: 'SkipList3'
   -> Loading and validating attributes from: /Dualis/scripts/../benchmarks/Classical/SkipList3/Attributes.txt
      -> Validation successful. Attribute file is consistent.

==================== Iteration: 1 ====================
TIMEOUT : 20
   -> Parsing CHC file: /Dualis/scripts/../benchmarks/ClassicalHornICE_working_temp/SkipList3/SkipList3.smt2
   -> Starting HornICE with a 1000-second timeout...
      -> Logging HornICE output to iter_1.log
   -> HornICE completed successfully.
   -> Analyzing HornICE log file: iter_1.log
      -> Found 3 internal iterations.
   -> Writing new specs to harness: insert_fuzz.cpp...
      -> Successfully created working copy '/Dualis/scripts/../benchmarks/ClassicalHornICE_working_temp/SkipList3/insert_fuzz.cpp'.
   -> Starting AFL++(insert_fuzz) with a 20-second timeout...
   -> Building AFL-instrumented binary: /Dualis/scripts/../benchmarks/ClassicalHornICE_working_temp/SkipList3/insert_fuzz
   -> AFL++(insert_fuzz) finished its fuzzing session.
   -> Checking fuzzing outputs for counterexamples...
Checking crashes
   -> Found 12 crash reports. Testing reproducibility...
   -> CRASH REPRODUCED with id:000006,sig:06,src:000003,time:5,execs:202,op:havoc,rep:3
   -> CRASH REPRODUCED with id:000001,sig:06,src:000003,time:1,execs:97,op:havoc,rep:3
   -> CRASH REPRODUCED with id:000000,sig:06,src:000003,time:0,execs:95,op:havoc,rep:1
   -> CRASH REPRODUCED with id:000008,sig:06,src:000003,time:8,execs:286,op:havoc,rep:3
   -> CRASH REPRODUCED with id:000009,sig:06,src:000003,time:8,execs:302,op:havoc,rep:3
   -> CRASH REPRODUCED with id:000002,sig:06,src:000003,time:2,execs:133,op:havoc,rep:2
   -> CRASH REPRODUCED with id:000005,sig:06,src:000003,time:4,execs:178,op:havoc,rep:3
   -> CRASH REPRODUCED with id:000003,sig:06,src:000003,time:3,execs:149,op:havoc,rep:4
   -> CRASH REPRODUCED with id:000010,sig:06,src:000003,time:13,execs:408,op:havoc,rep:2
   -> CRASH REPRODUCED with id:000004,sig:06,src:000003,time:3,execs:171,op:havoc,rep:4
   -> CRASH REPRODUCED with id:000007,sig:06,src:000003,time:7,execs:250,op:havoc,rep:4
   -> CRASH REPRODUCED with id:000011,sig:06,src:000003,time:22,execs:597,op:havoc,rep:4
Checking queue
   -> Found 12 crash reports. Testing reproducibility...
Checking hangs
   -> Converting counterexamples for 'insert'...
      -> Found and validated 9 new rules.
   -> Writing new specs to harness: lower_bound_fuzz.cpp...
      -> Successfully created working copy '/Dualis/scripts/../benchmarks/ClassicalHornICE_working_temp/SkipList3/lower_bound_fuzz.cpp'.
   -> Starting AFL++(lower_bound_fuzz) with a 20-second timeout...
   -> Building AFL-instrumented binary: /Dualis/scripts/../benchmarks/ClassicalHornICE_working_temp/SkipList3/lower_bound_fuzz
   -> AFL++(lower_bound_fuzz) finished its fuzzing session.
   -> Checking fuzzing outputs for counterexamples...
Checking crashes
   -> Found 9 crash reports. Testing reproducibility...
   -> CRASH REPRODUCED with id:000005,sig:06,src:000003,time:1049,execs:326,op:havoc,rep:2
   -> CRASH REPRODUCED with id:000006,sig:06,src:000003,time:1050,execs:357,op:havoc,rep:2
   -> CRASH REPRODUCED with id:000002,sig:06,src:000003,time:783,execs:195,op:havoc,rep:2
   -> CRASH REPRODUCED with id:000007,sig:06,src:000003,time:1066,execs:886,op:havoc,rep:2
   -> CRASH REPRODUCED with id:000004,sig:06,src:000003,time:1047,execs:283,op:havoc,rep:2
   -> CRASH REPRODUCED with id:000001,sig:06,src:000003,time:507,execs:128,op:havoc,rep:1
   -> CRASH REPRODUCED with id:000003,sig:06,src:000003,time:1045,execs:231,op:havoc,rep:2
   -> CRASH REPRODUCED with id:000008,sig:06,src:000003,time:1948,execs:3406,op:havoc,rep:8
   -> CRASH REPRODUCED with id:000000,sig:06,src:000003,time:224,execs:107,op:havoc,rep:2
Checking queue
   -> Found 12 crash reports. Testing reproducibility...
Checking hangs
   -> Converting counterexamples for 'lower_bound'...
      -> Found and validated 7 new rules.
   -> Updating CHC file with new counterexamples...

=============== Artifacts This Iteration ===============

--- Generated Specs ---
  inv1: (true)
  insert: (false)
  lower_bound: (false)

--- New Test Cases Found ---

--- Updated CHCs (for next iteration) ---
(declare-var N Int)
(declare-var i Int)
(declare-var i1 Int)
(declare-var min Int)
(declare-var min1 Int)
(declare-var max Int)
(declare-var max1 Int)
(declare-var isPresent Int)
(declare-var isPresent1 Int)
(declare-var len Int)
(declare-var len1 Int)
(declare-var v Int)
(declare-var k Int)
(declare-var lb_ret1 Int)
(declare-rel insert (Int Int Int Int Int Int Int Int Int))
(declare-rel lower_bound (Int Int Int Int))
(declare-rel inv1 (Int Int Int Int Int Int))
(declare-rel fail ())
(define-fun is_valid ((x Int)) Bool (or (= x 1) (= x 0)))
(define-fun MAX () Int 128)
(define-fun MIN () Int -129)

(rule (=> (and (= v 1) (= isPresent 0) (= min 128) (= max -129) (= len 0) (= isPresent1 1) (= min1 1) (= max1 1) (= len1 1)) (insert v isPresent min max len isPresent1 min1 max1 len1)))
(rule (=> (and (= v -39) (= isPresent 1) (= min -39) (= max -39) (= len 1) (= isPresent1 1) (= min1 -39) (= max1 -39) (= len1 1)) (insert v isPresent min max len isPresent1 min1 max1 len1)))
(rule (=> (and (= v 1) (= isPresent 1) (= min 1) (= max 1) (= len 1) (= isPresent1 1) (= min1 1) (= max1 1) (= len1 1)) (insert v isPresent min max len isPresent1 min1 max1 len1)))
(rule (=> (and (= v -113) (= isPresent 1) (= min -113) (= max -113) (= len 1) (= isPresent1 1) (= min1 -113) (= max1 -113) (= len1 1)) (insert v isPresent min max len isPresent1 min1 max1 len1)))
(rule (=> (and (= v 1) (= isPresent 1) (= min -1) (= max 1) (= len 2) (= isPresent1 1) (= min1 -1) (= max1 1) (= len1 2)) (insert v isPresent min max len isPresent1 min1 max1 len1)))
(rule (=> (and (= v -106) (= isPresent 0) (= min -1) (= max -1) (= len 1) (= isPresent1 1) (= min1 -106) (= max1 -1) (= len1 2)) (insert v isPresent min max len isPresent1 min1 max1 len1)))
(rule (=> (and (= v 2) (= isPresent 0) (= min -1) (= max 1) (= len 2) (= isPresent1 1) (= min1 -1) (= max1 2) (= len1 3)) (insert v isPresent min max len isPresent1 min1 max1 len1)))
(rule (=> (and (= v -13) (= isPresent 0) (= min 1) (= max 2) (= len 2) (= isPresent1 1) (= min1 -13) (= max1 2) (= len1 3)) (insert v isPresent min max len isPresent1 min1 max1 len1)))
(rule (=> (and (= v 1) (= isPresent 1) (= min 0) (= max 1) (= len 2) (= isPresent1 1) (= min1 0) (= max1 1) (= len1 2)) (insert v isPresent min max len isPresent1 min1 max1 len1)))
(rule (=> (and (= k 1) (= min 128) (= max -129) (= lb_ret1 128)) (lower_bound k min max lb_ret1)))
(rule (=> (and (= k -112) (= min 128) (= max -129) (= lb_ret1 128)) (lower_bound k min max lb_ret1)))
(rule (=> (and (= k -1) (= min -1) (= max -1) (= lb_ret1 -1)) (lower_bound k min max lb_ret1)))
(rule (=> (and (= k 2) (= min 1) (= max 1) (= lb_ret1 128)) (lower_bound k min max lb_ret1)))
(rule (=> (and (= k 1) (= min 1) (= max 3) (= lb_ret1 1)) (lower_bound k min max lb_ret1)))
(rule (=> (and (= k 1) (= min 45) (= max 45) (= lb_ret1 45)) (lower_bound k min max lb_ret1)))
(rule (=> (and (= k 1) (= min 1) (= max 29) (= lb_ret1 1)) (lower_bound k min max lb_ret1)))

(rule (=> (and (> N 0) (= min MAX) (= max MIN) (= len 0) (= isPresent 0) (= i 0)) (inv1 i N isPresent min max len)))
(rule (=> (and (inv1 i N isPresent min max len) (is_valid isPresent) (< i N) (= v i) (insert v isPresent min max len isPresent1 min1 max1 len1) (= i1 (+ i 1))) (inv1 i1 N isPresent1 min1 max1 len1)))
(rule (=> (and (inv1 i N isPresent min max len) (is_valid isPresent) (not (< i N)) (= k min) (lower_bound k min max lb_ret1) (not (>= lb_ret1 k))) fail))

(query fail :print-certificate true)
==============================================================
   -> Checking if specs have changed...
      -> CHC files are different. Continuing iteration.

==================== Iteration: 2 ====================
TIMEOUT : 40
   -> Parsing CHC file: /Dualis/scripts/../benchmarks/ClassicalHornICE_working_temp/SkipList3/SkipList3.smt2
   -> Starting HornICE with a 1000-second timeout...
      -> Logging HornICE output to iter_2.log
   -> HornICE completed successfully.
   -> Analyzing HornICE log file: iter_2.log
      -> Found 4 internal iterations.
   -> Writing new specs to harness: insert_fuzz.cpp...
      -> Successfully created working copy '/Dualis/scripts/../benchmarks/ClassicalHornICE_working_temp/SkipList3/insert_fuzz.cpp'.
   -> Starting AFL++(insert_fuzz) with a 40-second timeout...
   -> Building AFL-instrumented binary: /Dualis/scripts/../benchmarks/ClassicalHornICE_working_temp/SkipList3/insert_fuzz
   -> AFL++(insert_fuzz) finished its fuzzing session.
   -> Checking fuzzing outputs for counterexamples...
Checking crashes
Checking queue
   -> Found 139 crash reports. Testing reproducibility...
Checking hangs
   -> Converting counterexamples for 'insert'...
   -> Writing new specs to harness: lower_bound_fuzz.cpp...
      -> Successfully created working copy '/Dualis/scripts/../benchmarks/ClassicalHornICE_working_temp/SkipList3/lower_bound_fuzz.cpp'.
   -> Starting AFL++(lower_bound_fuzz) with a 40-second timeout...
   -> Building AFL-instrumented binary: /Dualis/scripts/../benchmarks/ClassicalHornICE_working_temp/SkipList3/lower_bound_fuzz
   -> AFL++(lower_bound_fuzz) finished its fuzzing session.
   -> Checking fuzzing outputs for counterexamples...
Checking crashes
Checking queue
   -> Found 118 crash reports. Testing reproducibility...
Checking hangs
   -> Converting counterexamples for 'lower_bound'...
   -> Updating CHC file with new counterexamples...

=============== Artifacts This Iteration ===============

--- Generated Specs ---
  insert: (true)
  lower_bound: ((min - lb_ret1) <= 0)
  inv1: (true)

--- New Test Cases Found ---

--- Updated CHCs (for next iteration) ---
(declare-var N Int)
(declare-var i Int)
(declare-var i1 Int)
(declare-var min Int)
(declare-var min1 Int)
(declare-var max Int)
(declare-var max1 Int)
(declare-var isPresent Int)
(declare-var isPresent1 Int)
(declare-var len Int)
(declare-var len1 Int)
(declare-var v Int)
(declare-var k Int)
(declare-var lb_ret1 Int)
(declare-rel insert (Int Int Int Int Int Int Int Int Int))
(declare-rel lower_bound (Int Int Int Int))
(declare-rel inv1 (Int Int Int Int Int Int))
(declare-rel fail ())
(define-fun is_valid ((x Int)) Bool (or (= x 1) (= x 0)))
(define-fun MAX () Int 128)
(define-fun MIN () Int -129)


(rule (=> (and (= v 1) (= isPresent 0) (= min 128) (= max -129) (= len 0) (= isPresent1 1) (= min1 1) (= max1 1) (= len1 1)) (insert v isPresent min max len isPresent1 min1 max1 len1)))
(rule (=> (and (= v -39) (= isPresent 1) (= min -39) (= max -39) (= len 1) (= isPresent1 1) (= min1 -39) (= max1 -39) (= len1 1)) (insert v isPresent min max len isPresent1 min1 max1 len1)))
(rule (=> (and (= v 1) (= isPresent 1) (= min 1) (= max 1) (= len 1) (= isPresent1 1) (= min1 1) (= max1 1) (= len1 1)) (insert v isPresent min max len isPresent1 min1 max1 len1)))
(rule (=> (and (= v -113) (= isPresent 1) (= min -113) (= max -113) (= len 1) (= isPresent1 1) (= min1 -113) (= max1 -113) (= len1 1)) (insert v isPresent min max len isPresent1 min1 max1 len1)))
(rule (=> (and (= v 1) (= isPresent 1) (= min -1) (= max 1) (= len 2) (= isPresent1 1) (= min1 -1) (= max1 1) (= len1 2)) (insert v isPresent min max len isPresent1 min1 max1 len1)))
(rule (=> (and (= v -106) (= isPresent 0) (= min -1) (= max -1) (= len 1) (= isPresent1 1) (= min1 -106) (= max1 -1) (= len1 2)) (insert v isPresent min max len isPresent1 min1 max1 len1)))
(rule (=> (and (= v 2) (= isPresent 0) (= min -1) (= max 1) (= len 2) (= isPresent1 1) (= min1 -1) (= max1 2) (= len1 3)) (insert v isPresent min max len isPresent1 min1 max1 len1)))
(rule (=> (and (= v -13) (= isPresent 0) (= min 1) (= max 2) (= len 2) (= isPresent1 1) (= min1 -13) (= max1 2) (= len1 3)) (insert v isPresent min max len isPresent1 min1 max1 len1)))
(rule (=> (and (= v 1) (= isPresent 1) (= min 0) (= max 1) (= len 2) (= isPresent1 1) (= min1 0) (= max1 1) (= len1 2)) (insert v isPresent min max len isPresent1 min1 max1 len1)))
(rule (=> (and (= k 1) (= min 128) (= max -129) (= lb_ret1 128)) (lower_bound k min max lb_ret1)))
(rule (=> (and (= k -112) (= min 128) (= max -129) (= lb_ret1 128)) (lower_bound k min max lb_ret1)))
(rule (=> (and (= k -1) (= min -1) (= max -1) (= lb_ret1 -1)) (lower_bound k min max lb_ret1)))
(rule (=> (and (= k 2) (= min 1) (= max 1) (= lb_ret1 128)) (lower_bound k min max lb_ret1)))
(rule (=> (and (= k 1) (= min 1) (= max 3) (= lb_ret1 1)) (lower_bound k min max lb_ret1)))
(rule (=> (and (= k 1) (= min 45) (= max 45) (= lb_ret1 45)) (lower_bound k min max lb_ret1)))
(rule (=> (and (= k 1) (= min 1) (= max 29) (= lb_ret1 1)) (lower_bound k min max lb_ret1)))
(rule (=> (and (> N 0) (= min MAX) (= max MIN) (= len 0) (= isPresent 0) (= i 0)) (inv1 i N isPresent min max len)))
(rule (=> (and (inv1 i N isPresent min max len) (is_valid isPresent) (< i N) (= v i) (insert v isPresent min max len isPresent1 min1 max1 len1) (= i1 (+ i 1))) (inv1 i1 N isPresent1 min1 max1 len1)))
(rule (=> (and (inv1 i N isPresent min max len) (is_valid isPresent) (not (< i N)) (= k min) (lower_bound k min max lb_ret1) (not (>= lb_ret1 k))) fail))

(query fail :print-certificate true)
==============================================================
   -> Checking if specs have changed...
      -> CHC files are different. Continuing iteration.

==================== Iteration: 3 ====================
TIMEOUT : 60
   -> Parsing CHC file: /Dualis/scripts/../benchmarks/ClassicalHornICE_working_temp/SkipList3/SkipList3.smt2
   -> Starting HornICE with a 1000-second timeout...
      -> Logging HornICE output to iter_3.log
   -> HornICE completed successfully.
   -> Analyzing HornICE log file: iter_3.log
      -> Found 4 internal iterations.
   -> Writing new specs to harness: insert_fuzz.cpp...
      -> Successfully created working copy '/Dualis/scripts/../benchmarks/ClassicalHornICE_working_temp/SkipList3/insert_fuzz.cpp'.
   -> Starting AFL++(insert_fuzz) with a 60-second timeout...
   -> Building AFL-instrumented binary: /Dualis/scripts/../benchmarks/ClassicalHornICE_working_temp/SkipList3/insert_fuzz
   -> AFL++(insert_fuzz) finished its fuzzing session.
   -> Checking fuzzing outputs for counterexamples...
Checking crashes
Checking queue
   -> Found 151 crash reports. Testing reproducibility...
Checking hangs
   -> Converting counterexamples for 'insert'...
   -> Writing new specs to harness: lower_bound_fuzz.cpp...
      -> Successfully created working copy '/Dualis/scripts/../benchmarks/ClassicalHornICE_working_temp/SkipList3/lower_bound_fuzz.cpp'.
   -> Starting AFL++(lower_bound_fuzz) with a 60-second timeout...
   -> Building AFL-instrumented binary: /Dualis/scripts/../benchmarks/ClassicalHornICE_working_temp/SkipList3/lower_bound_fuzz
   -> AFL++(lower_bound_fuzz) finished its fuzzing session.
   -> Checking fuzzing outputs for counterexamples...
Checking crashes
Checking queue
   -> Found 127 crash reports. Testing reproducibility...
Checking hangs
   -> Converting counterexamples for 'lower_bound'...
   -> Updating CHC file with new counterexamples...

=============== Artifacts This Iteration ===============

--- Generated Specs ---
  insert: (true)
  lower_bound: ((min - lb_ret1) <= 0)
  inv1: (true)

--- New Test Cases Found ---

--- Updated CHCs (for next iteration) ---
(declare-var N Int)
(declare-var i Int)
(declare-var i1 Int)
(declare-var min Int)
(declare-var min1 Int)
(declare-var max Int)
(declare-var max1 Int)
(declare-var isPresent Int)
(declare-var isPresent1 Int)
(declare-var len Int)
(declare-var len1 Int)
(declare-var v Int)
(declare-var k Int)
(declare-var lb_ret1 Int)
(declare-rel insert (Int Int Int Int Int Int Int Int Int))
(declare-rel lower_bound (Int Int Int Int))
(declare-rel inv1 (Int Int Int Int Int Int))
(declare-rel fail ())
(define-fun is_valid ((x Int)) Bool (or (= x 1) (= x 0)))
(define-fun MAX () Int 128)
(define-fun MIN () Int -129)


(rule (=> (and (= v 1) (= isPresent 0) (= min 128) (= max -129) (= len 0) (= isPresent1 1) (= min1 1) (= max1 1) (= len1 1)) (insert v isPresent min max len isPresent1 min1 max1 len1)))
(rule (=> (and (= v -39) (= isPresent 1) (= min -39) (= max -39) (= len 1) (= isPresent1 1) (= min1 -39) (= max1 -39) (= len1 1)) (insert v isPresent min max len isPresent1 min1 max1 len1)))
(rule (=> (and (= v 1) (= isPresent 1) (= min 1) (= max 1) (= len 1) (= isPresent1 1) (= min1 1) (= max1 1) (= len1 1)) (insert v isPresent min max len isPresent1 min1 max1 len1)))
(rule (=> (and (= v -113) (= isPresent 1) (= min -113) (= max -113) (= len 1) (= isPresent1 1) (= min1 -113) (= max1 -113) (= len1 1)) (insert v isPresent min max len isPresent1 min1 max1 len1)))
(rule (=> (and (= v 1) (= isPresent 1) (= min -1) (= max 1) (= len 2) (= isPresent1 1) (= min1 -1) (= max1 1) (= len1 2)) (insert v isPresent min max len isPresent1 min1 max1 len1)))
(rule (=> (and (= v -106) (= isPresent 0) (= min -1) (= max -1) (= len 1) (= isPresent1 1) (= min1 -106) (= max1 -1) (= len1 2)) (insert v isPresent min max len isPresent1 min1 max1 len1)))
(rule (=> (and (= v 2) (= isPresent 0) (= min -1) (= max 1) (= len 2) (= isPresent1 1) (= min1 -1) (= max1 2) (= len1 3)) (insert v isPresent min max len isPresent1 min1 max1 len1)))
(rule (=> (and (= v -13) (= isPresent 0) (= min 1) (= max 2) (= len 2) (= isPresent1 1) (= min1 -13) (= max1 2) (= len1 3)) (insert v isPresent min max len isPresent1 min1 max1 len1)))
(rule (=> (and (= v 1) (= isPresent 1) (= min 0) (= max 1) (= len 2) (= isPresent1 1) (= min1 0) (= max1 1) (= len1 2)) (insert v isPresent min max len isPresent1 min1 max1 len1)))
(rule (=> (and (= k 1) (= min 128) (= max -129) (= lb_ret1 128)) (lower_bound k min max lb_ret1)))
(rule (=> (and (= k -112) (= min 128) (= max -129) (= lb_ret1 128)) (lower_bound k min max lb_ret1)))
(rule (=> (and (= k -1) (= min -1) (= max -1) (= lb_ret1 -1)) (lower_bound k min max lb_ret1)))
(rule (=> (and (= k 2) (= min 1) (= max 1) (= lb_ret1 128)) (lower_bound k min max lb_ret1)))
(rule (=> (and (= k 1) (= min 1) (= max 3) (= lb_ret1 1)) (lower_bound k min max lb_ret1)))
(rule (=> (and (= k 1) (= min 45) (= max 45) (= lb_ret1 45)) (lower_bound k min max lb_ret1)))
(rule (=> (and (= k 1) (= min 1) (= max 29) (= lb_ret1 1)) (lower_bound k min max lb_ret1)))
(rule (=> (and (> N 0) (= min MAX) (= max MIN) (= len 0) (= isPresent 0) (= i 0)) (inv1 i N isPresent min max len)))
(rule (=> (and (inv1 i N isPresent min max len) (is_valid isPresent) (< i N) (= v i) (insert v isPresent min max len isPresent1 min1 max1 len1) (= i1 (+ i 1))) (inv1 i1 N isPresent1 min1 max1 len1)))
(rule (=> (and (inv1 i N isPresent min max len) (is_valid isPresent) (not (< i N)) (= k min) (lower_bound k min max lb_ret1) (not (>= lb_ret1 k))) fail))

(query fail :print-certificate true)
==============================================================
   -> Checking if specs have changed...
      -> CHC files are identical. Pipeline has converged.
   -> 15-minute deep fuzzing converged. Pipeline complete.

==================== Finalizing Pipeline ====================

====================== Pipeline Finished =====================
Total External Iterations: 3
Total Unique Test Cases Found: 16
Total Internal Iterations: 11
  - Min: 3
  - Max: 4
  - Avg: 3.67
pipeline.run() took 0.6370 seconds.
Running command: /usr/bin/python3 chcverifynfuzz.py ClassicalHornICE SkipList3
PID: 5995
========================================


Total Pipeline Duration: 255.05s
