
========================================
         Starting Pipeline for: StockOrder (Mode: ClassicalHornICE)
========================================
Initializing pipeline for benchmark: 'StockOrder'
   -> Loading and validating attributes from: /Dualis/scripts/../benchmarks/Classical/StockOrder/Attributes.txt
      -> Validation successful. Attribute file is consistent.

==================== Iteration: 1 ====================
TIMEOUT : 20
   -> Parsing CHC file: /Dualis/scripts/../benchmarks/ClassicalHornICE_working_temp/StockOrder/StockOrder.smt2
   -> Starting HornICE with a 1000-second timeout...
      -> Logging HornICE output to iter_1.log
   -> HornICE completed successfully.
   -> Analyzing HornICE log file: iter_1.log
      -> Found 4 internal iterations.
   -> Writing new specs to harness: addStockOrder_fuzz.cpp...
      -> Successfully created working copy '/Dualis/scripts/../benchmarks/ClassicalHornICE_working_temp/StockOrder/addStockOrder_fuzz.cpp'.
   -> Starting AFL++(addStockOrder_fuzz) with a 20-second timeout...
   -> Building AFL-instrumented binary: /Dualis/scripts/../benchmarks/ClassicalHornICE_working_temp/StockOrder/addStockOrder_fuzz
   -> AFL++(addStockOrder_fuzz) finished its fuzzing session.
   -> Checking fuzzing outputs for counterexamples...
Checking crashes
   -> Found 5 crash reports. Testing reproducibility...
   -> CRASH REPRODUCED with id:000001,sig:06,src:000000,time:222,execs:37,op:havoc,rep:8
   -> CRASH REPRODUCED with id:000004,sig:06,src:000000,time:576,execs:1601,op:havoc,rep:2
   -> CRASH REPRODUCED with id:000000,sig:06,src:000000,time:221,execs:27,op:havoc,rep:7
   -> CRASH REPRODUCED with id:000002,sig:06,src:000000,time:225,execs:87,op:havoc,rep:4
   -> CRASH REPRODUCED with id:000003,sig:06,src:000000,time:226,execs:113,op:havoc,rep:6
Checking queue
   -> Found 1 crash reports. Testing reproducibility...
Checking hangs
   -> Converting counterexamples for 'addStockOrder'...
      -> Found and validated 5 new rules.
   -> Updating CHC file with new counterexamples...

=============== Artifacts This Iteration ===============

--- Generated Specs ---
  inv: (minDiff > (-1))
  addStockOrder: (false)

--- New Test Cases Found ---

--- Updated CHCs (for next iteration) ---
(declare-var len Int)
(declare-var len1 Int)
(declare-var minDiff Int)
(declare-var minDiff1 Int)
(declare-var stock Int)
(declare-var order Int)
(declare-rel addStockOrder (Int Int Int Int Int Int))
(declare-rel inv (Int Int))
(declare-rel fail ())
(define-fun MAX () Int 128)
(define-fun MIN () Int -129)

(rule (=> (and (= stock 145) (= order 255) (= len 3) (= len1 4) (= minDiff 0) (= minDiff1 0)) (addStockOrder stock order len len1 minDiff minDiff1)))
(rule (=> (and (= stock 222) (= order 0) (= len 1) (= len1 2) (= minDiff 214) (= minDiff1 214)) (addStockOrder stock order len len1 minDiff minDiff1)))
(rule (=> (and (= stock 0) (= order 253) (= len 9) (= len1 10) (= minDiff 0) (= minDiff1 0)) (addStockOrder stock order len len1 minDiff minDiff1)))
(rule (=> (and (= stock 255) (= order 246) (= len 1) (= len1 2) (= minDiff 0) (= minDiff1 0)) (addStockOrder stock order len len1 minDiff minDiff1)))
(rule (=> (and (= stock 2) (= order 127) (= len 0) (= len1 1) (= minDiff 128) (= minDiff1 125)) (addStockOrder stock order len len1 minDiff minDiff1)))

(rule (=> (and (= len 0) (= minDiff MAX)) (inv len minDiff)))
(rule (=> (and (inv len minDiff) (and (>= stock 0) (>= order 0) (<= order stock)) (addStockOrder stock order len minDiff len1 minDiff1)) (inv len1 minDiff1)))
(rule (=> (and (inv len minDiff) (not (and (>= stock 0) (>= order 0) (<= order stock)))) (inv len minDiff)))
(rule (=> (and (inv len minDiff) (not (=> (>= len 0) (>= minDiff 0)))) fail))

(query fail :print-certificate true)
==============================================================
   -> Checking if specs have changed...
      -> CHC files are different. Continuing iteration.

==================== Iteration: 2 ====================
TIMEOUT : 40
   -> Parsing CHC file: /Dualis/scripts/../benchmarks/ClassicalHornICE_working_temp/StockOrder/StockOrder.smt2
   -> Starting HornICE with a 1000-second timeout...
      -> Logging HornICE output to iter_2.log
   -> HornICE completed successfully.
   -> Analyzing HornICE log file: iter_2.log
      -> Found 45 internal iterations.
   -> Writing new specs to harness: addStockOrder_fuzz.cpp...
      -> Successfully created working copy '/Dualis/scripts/../benchmarks/ClassicalHornICE_working_temp/StockOrder/addStockOrder_fuzz.cpp'.
   -> Starting AFL++(addStockOrder_fuzz) with a 40-second timeout...
   -> Building AFL-instrumented binary: /Dualis/scripts/../benchmarks/ClassicalHornICE_working_temp/StockOrder/addStockOrder_fuzz
   -> AFL++(addStockOrder_fuzz) finished its fuzzing session.
   -> Checking fuzzing outputs for counterexamples...
Checking crashes
Checking queue
   -> Found 47 crash reports. Testing reproducibility...
Checking hangs
   -> Converting counterexamples for 'addStockOrder'...
   -> Updating CHC file with new counterexamples...

=============== Artifacts This Iteration ===============

--- Generated Specs ---
  addStockOrder: (((minDiff1 > (-1)) && (((len - len1) + minDiff) <= (-1))) || ((minDiff1 > (-1)) && (((len - len1) + minDiff) > (-1))))
  inv: (minDiff > (-1))

--- New Test Cases Found ---

--- Updated CHCs (for next iteration) ---
(declare-var len Int)
(declare-var len1 Int)
(declare-var minDiff Int)
(declare-var minDiff1 Int)
(declare-var stock Int)
(declare-var order Int)
(declare-rel addStockOrder (Int Int Int Int Int Int))
(declare-rel inv (Int Int))
(declare-rel fail ())
(define-fun MAX () Int 128)
(define-fun MIN () Int -129)


(rule (=> (and (= stock 145) (= order 255) (= len 3) (= len1 4) (= minDiff 0) (= minDiff1 0)) (addStockOrder stock order len len1 minDiff minDiff1)))
(rule (=> (and (= stock 222) (= order 0) (= len 1) (= len1 2) (= minDiff 214) (= minDiff1 214)) (addStockOrder stock order len len1 minDiff minDiff1)))
(rule (=> (and (= stock 0) (= order 253) (= len 9) (= len1 10) (= minDiff 0) (= minDiff1 0)) (addStockOrder stock order len len1 minDiff minDiff1)))
(rule (=> (and (= stock 255) (= order 246) (= len 1) (= len1 2) (= minDiff 0) (= minDiff1 0)) (addStockOrder stock order len len1 minDiff minDiff1)))
(rule (=> (and (= stock 2) (= order 127) (= len 0) (= len1 1) (= minDiff 128) (= minDiff1 125)) (addStockOrder stock order len len1 minDiff minDiff1)))
(rule (=> (and (= len 0) (= minDiff MAX)) (inv len minDiff)))
(rule (=> (and (inv len minDiff) (and (>= stock 0) (>= order 0) (<= order stock)) (addStockOrder stock order len minDiff len1 minDiff1)) (inv len1 minDiff1)))
(rule (=> (and (inv len minDiff) (not (and (>= stock 0) (>= order 0) (<= order stock)))) (inv len minDiff)))
(rule (=> (and (inv len minDiff) (not (=> (>= len 0) (>= minDiff 0)))) fail))

(query fail :print-certificate true)
==============================================================
   -> Checking if specs have changed...
      -> CHC files are different. Continuing iteration.

==================== Iteration: 3 ====================
TIMEOUT : 60
   -> Parsing CHC file: /Dualis/scripts/../benchmarks/ClassicalHornICE_working_temp/StockOrder/StockOrder.smt2
   -> Starting HornICE with a 1000-second timeout...
      -> Logging HornICE output to iter_3.log
   -> HornICE completed successfully.
   -> Analyzing HornICE log file: iter_3.log
      -> Found 45 internal iterations.
   -> Writing new specs to harness: addStockOrder_fuzz.cpp...
      -> Successfully created working copy '/Dualis/scripts/../benchmarks/ClassicalHornICE_working_temp/StockOrder/addStockOrder_fuzz.cpp'.
   -> Starting AFL++(addStockOrder_fuzz) with a 60-second timeout...
   -> Building AFL-instrumented binary: /Dualis/scripts/../benchmarks/ClassicalHornICE_working_temp/StockOrder/addStockOrder_fuzz
   -> AFL++(addStockOrder_fuzz) finished its fuzzing session.
   -> Checking fuzzing outputs for counterexamples...
Checking crashes
Checking queue
   -> Found 41 crash reports. Testing reproducibility...
Checking hangs
   -> Converting counterexamples for 'addStockOrder'...
   -> Updating CHC file with new counterexamples...

=============== Artifacts This Iteration ===============

--- Generated Specs ---
  addStockOrder: (((minDiff1 > (-1)) && (((len - len1) + minDiff) <= (-1))) || ((minDiff1 > (-1)) && (((len - len1) + minDiff) > (-1))))
  inv: (minDiff > (-1))

--- New Test Cases Found ---

--- Updated CHCs (for next iteration) ---
(declare-var len Int)
(declare-var len1 Int)
(declare-var minDiff Int)
(declare-var minDiff1 Int)
(declare-var stock Int)
(declare-var order Int)
(declare-rel addStockOrder (Int Int Int Int Int Int))
(declare-rel inv (Int Int))
(declare-rel fail ())
(define-fun MAX () Int 128)
(define-fun MIN () Int -129)


(rule (=> (and (= stock 145) (= order 255) (= len 3) (= len1 4) (= minDiff 0) (= minDiff1 0)) (addStockOrder stock order len len1 minDiff minDiff1)))
(rule (=> (and (= stock 222) (= order 0) (= len 1) (= len1 2) (= minDiff 214) (= minDiff1 214)) (addStockOrder stock order len len1 minDiff minDiff1)))
(rule (=> (and (= stock 0) (= order 253) (= len 9) (= len1 10) (= minDiff 0) (= minDiff1 0)) (addStockOrder stock order len len1 minDiff minDiff1)))
(rule (=> (and (= stock 255) (= order 246) (= len 1) (= len1 2) (= minDiff 0) (= minDiff1 0)) (addStockOrder stock order len len1 minDiff minDiff1)))
(rule (=> (and (= stock 2) (= order 127) (= len 0) (= len1 1) (= minDiff 128) (= minDiff1 125)) (addStockOrder stock order len len1 minDiff minDiff1)))
(rule (=> (and (= len 0) (= minDiff MAX)) (inv len minDiff)))
(rule (=> (and (inv len minDiff) (and (>= stock 0) (>= order 0) (<= order stock)) (addStockOrder stock order len minDiff len1 minDiff1)) (inv len1 minDiff1)))
(rule (=> (and (inv len minDiff) (not (and (>= stock 0) (>= order 0) (<= order stock)))) (inv len minDiff)))
(rule (=> (and (inv len minDiff) (not (=> (>= len 0) (>= minDiff 0)))) fail))

(query fail :print-certificate true)
==============================================================
   -> Checking if specs have changed...
      -> CHC files are identical. Pipeline has converged.
   -> 15-minute deep fuzzing converged. Pipeline complete.

==================== Finalizing Pipeline ====================

====================== Pipeline Finished =====================
Total External Iterations: 3
Total Unique Test Cases Found: 5
Total Internal Iterations: 94
  - Min: 4
  - Max: 45
  - Avg: 31.33
pipeline.run() took 0.3263 seconds.
Running command: /usr/bin/python3 chcverifynfuzz.py ClassicalHornICE StockOrder
PID: 5997
========================================


Total Pipeline Duration: 150.58s
