
========================================
         Starting Pipeline for: TokenBucket1 (Mode: ClassicalHornICE)
========================================
Initializing pipeline for benchmark: 'TokenBucket1'
   -> Loading and validating attributes from: /Dualis/scripts/../benchmarks/Classical/TokenBucket1/Attributes.txt
      -> Validation successful. Attribute file is consistent.

==================== Iteration: 1 ====================
TIMEOUT : 20
   -> Parsing CHC file: /Dualis/scripts/../benchmarks/ClassicalHornICE_working_temp/TokenBucket1/TokenBucket1.smt2
   -> Starting HornICE with a 1000-second timeout...
      -> Logging HornICE output to iter_1.log
   -> HornICE completed successfully.
   -> Analyzing HornICE log file: iter_1.log
      -> Found 2 internal iterations.
   -> Writing new specs to harness: generateTokens_fuzz.cpp...
      -> Successfully created working copy '/Dualis/scripts/../benchmarks/ClassicalHornICE_working_temp/TokenBucket1/generateTokens_fuzz.cpp'.
   -> Starting AFL++(generateTokens_fuzz) with a 20-second timeout...
   -> Building AFL-instrumented binary: /Dualis/scripts/../benchmarks/ClassicalHornICE_working_temp/TokenBucket1/generateTokens_fuzz
   -> AFL++(generateTokens_fuzz) finished its fuzzing session.
   -> Checking fuzzing outputs for counterexamples...
Checking crashes
   -> Found 6 crash reports. Testing reproducibility...
   -> CRASH REPRODUCED with id:000005,sig:06,src:000000,time:5072,execs:134,op:havoc,rep:6
   -> CRASH REPRODUCED with id:000001,sig:06,src:000000,time:351,execs:39,op:havoc,rep:6
   -> CRASH REPRODUCED with id:000003,sig:06,src:000000,time:1105,execs:50,op:havoc,rep:7
   -> CRASH REPRODUCED with id:000002,sig:06,src:000000,time:509,execs:42,op:havoc,rep:8
   -> CRASH REPRODUCED with id:000004,sig:06,src:000000,time:1671,execs:66,op:havoc,rep:8
   -> CRASH REPRODUCED with id:000000,sig:06,src:000000,time:188,execs:33,op:havoc,rep:2
Checking queue
   -> Found 4 crash reports. Testing reproducibility...
Checking hangs
   -> Converting counterexamples for 'generateTokens'...
      -> Found and validated 4 new rules.
   -> Writing new specs to harness: consume_fuzz.cpp...
      -> Successfully created working copy '/Dualis/scripts/../benchmarks/ClassicalHornICE_working_temp/TokenBucket1/consume_fuzz.cpp'.
   -> Starting AFL++(consume_fuzz) with a 20-second timeout...
   -> Building AFL-instrumented binary: /Dualis/scripts/../benchmarks/ClassicalHornICE_working_temp/TokenBucket1/consume_fuzz
   -> AFL++(consume_fuzz) finished its fuzzing session.
   -> Checking fuzzing outputs for counterexamples...
Checking crashes
   -> Found 7 crash reports. Testing reproducibility...
   -> CRASH REPRODUCED with id:000002,sig:06,src:000000,time:1151,execs:48,op:havoc,rep:11
   -> CRASH REPRODUCED with id:000004,sig:06,src:000000,time:2573,execs:76,op:havoc,rep:6
   -> CRASH REPRODUCED with id:000006,sig:06,src:000000,time:8029,execs:167,op:havoc,rep:15
   -> CRASH REPRODUCED with id:000001,sig:06,src:000000,time:377,execs:38,op:havoc,rep:13
   -> CRASH REPRODUCED with id:000005,sig:06,src:000000,time:3748,execs:92,op:havoc,rep:7
   -> CRASH REPRODUCED with id:000000,sig:06,src:000000,time:147,execs:33,op:havoc,rep:6
   -> CRASH REPRODUCED with id:000003,sig:06,src:000000,time:2399,execs:72,op:havoc,rep:12
Checking queue
   -> Found 4 crash reports. Testing reproducibility...
Checking hangs
   -> Converting counterexamples for 'consume'...
      -> Found and validated 7 new rules.
   -> Updating CHC file with new counterexamples...

=============== Artifacts This Iteration ===============

--- Generated Specs ---
  generateTokens: (false)
  inv1: (false)
  consume: (false)

--- New Test Cases Found ---

--- Updated CHCs (for next iteration) ---
(declare-var b_size Int)
(declare-var c_rate Int)
(declare-var avai_tokens Int)
(declare-var avai_tokens1 Int)
(declare-var consumed_tokens Int)
(declare-var consumed_tokens1 Int)
(declare-var token_counter Int)
(declare-rel generateTokens (Int Int))
(declare-rel consume (Int Int Int))
(declare-rel inv1 (Int Int Int Int))
(declare-rel fail ())

(rule (=> (and (= b_size 0) (= avai_tokens1 0)) (generateTokens b_size avai_tokens1)))
(rule (=> (and (= b_size 2) (= avai_tokens1 2)) (generateTokens b_size avai_tokens1)))
(rule (=> (and (= b_size 85) (= avai_tokens1 85)) (generateTokens b_size avai_tokens1)))
(rule (=> (and (= b_size 3) (= avai_tokens1 3)) (generateTokens b_size avai_tokens1)))
(rule (=> (and (= c_rate 1) (= avai_tokens 233) (= avai_tokens1 232)) (consume c_rate avai_tokens avai_tokens1)))
(rule (=> (and (= c_rate 1) (= avai_tokens 0) (= avai_tokens1 0)) (consume c_rate avai_tokens avai_tokens1)))
(rule (=> (and (= c_rate 34) (= avai_tokens 247) (= avai_tokens1 213)) (consume c_rate avai_tokens avai_tokens1)))
(rule (=> (and (= c_rate 255) (= avai_tokens 1) (= avai_tokens1 1)) (consume c_rate avai_tokens avai_tokens1)))
(rule (=> (and (= c_rate 255) (= avai_tokens 2) (= avai_tokens1 2)) (consume c_rate avai_tokens avai_tokens1)))
(rule (=> (and (= c_rate 62) (= avai_tokens 255) (= avai_tokens1 193)) (consume c_rate avai_tokens avai_tokens1)))
(rule (=> (and (= c_rate 0) (= avai_tokens 0) (= avai_tokens1 0)) (consume c_rate avai_tokens avai_tokens1)))

(rule (=> (and (> b_size 0) (> c_rate 0) (>= b_size c_rate) (= consumed_tokens1 0) (generateTokens b_size avai_tokens1)) (inv1 avai_tokens1 b_size c_rate consumed_tokens1)))
(rule (=> (and (inv1 avai_tokens b_size c_rate consumed_tokens)   (>= avai_tokens c_rate) (consume c_rate avai_tokens avai_tokens1) (= consumed_tokens1 (+ consumed_tokens c_rate))) (inv1 avai_tokens1 b_size c_rate consumed_tokens1)))
(rule (=> (and (inv1 avai_tokens b_size c_rate consumed_tokens) (not (>= avai_tokens c_rate)) (not (>= avai_tokens 0))) fail))

(query fail :print-certificate true)
==============================================================
   -> Checking if specs have changed...
      -> CHC files are different. Continuing iteration.

==================== Iteration: 2 ====================
TIMEOUT : 40
   -> Parsing CHC file: /Dualis/scripts/../benchmarks/ClassicalHornICE_working_temp/TokenBucket1/TokenBucket1.smt2
   -> Starting HornICE with a 1000-second timeout...
      -> Logging HornICE output to iter_2.log
   -> ERROR: HornICE timed out. Terminating.

==================== Finalizing Pipeline ====================

====================== Pipeline Finished =====================
Total External Iterations: 2
Total Unique Test Cases Found: 11
Total Internal Iterations: 2
  - Min: 2
  - Max: 2
  - Avg: 2.00
pipeline.run() took 0.8019 seconds.
Running command: /usr/bin/python3 chcverifynfuzz.py ClassicalHornICE TokenBucket1
PID: 5997
========================================


Total Pipeline Duration: 1045.93s
