
========================================
         Starting Pipeline for: AtomicHashMap4 (Mode: ContextualCVC5)
========================================
Initializing pipeline for benchmark: 'AtomicHashMap4'
   -> Loading and validating attributes from: /Dualis/scripts/../benchmarks/Contextual/AtomicHashMap4/Attributes.txt
      -> Validation successful. Attribute file is consistent.
Total External Iterations: 0
Total Unique Test Cases Found: 0

==================== Iteration: 1 ====================
TIMEOUT : 20
   -> Parsing SYGUS file: /Dualis/scripts/../benchmarks/ContextualCVC5_working_temp/AtomicHashMap4/AtomicHashMap4.sy
   -> Starting CVC5 with a 1000-second timeout...
      -> Logging CVC5 output to iter_1.log
   -> CVC5 completed successfully.
   -> Writing new specs to harness: AtomicHashMap4_fuzz.cpp...
      -> Successfully created working copy '/Dualis/scripts/../benchmarks/ContextualCVC5_working_temp/AtomicHashMap4/AtomicHashMap4_fuzz.cpp'.
   -> Starting AFL++(AtomicHashMap4_fuzz) with a 20-second timeout...
   -> Building AFL-instrumented binary: /Dualis/scripts/../benchmarks/ContextualCVC5_working_temp/AtomicHashMap4/AtomicHashMap4_fuzz
   -> ERROR: AFL++(AtomicHashMap4_fuzz) failed with exit code 1.
      AFL++ Error Output:
[1;92m[+] [0mEnabled environment variable AFL_I_DONT_CARE_ABOUT_MISSING_CRASHES with value 1[0m
[1;92m[+] [0mEnabled environment variable AFL_NO_UI with value 1[0m
[1;92m[+] [0mEnabled environment variable AFL_CMPLOG_ONLY_NEW with value 1[0m
[1;92m[+] [0mEnabled environment variable AFL_DEBUG_CHILD with value 1[0m
[1;92m[+] [0mEnabled environment variable AFL_IGNORE_PROBLEMS with value 1[0m
[1;92m[+] [0mEnabled environment variable AFL_SKIP_CPUFREQ with value 1[0m
[1;94m[*] [0mSpinning up the fork server...[0m
[1;92m[+] [0mAll right - new fork server model v1 is up.[0m
[1;94m[*] [0mTarget map size: 385[0m
AtomicHashMap4_fuzz: /Dualis/scripts/../benchmarks/ContextualCVC5_working_temp/AtomicHashMap4/AtomicHashMap4_fuzz.cpp:72: int main(int, char **): Assertion `expr_find' failed.
AtomicHashMap4_fuzz: /Dualis/scripts/../benchmarks/ContextualCVC5_working_temp/AtomicHashMap4/AtomicHashMap4_fuzz.cpp:72: int main(int, char **): Assertion `expr_find' failed.
AtomicHashMap4_fuzz: /Dualis/scripts/../benchmarks/ContextualCVC5_working_temp/AtomicHashMap4/AtomicHashMap4_fuzz.cpp:72: int main(int, char **): Assertion `expr_find' failed.
AtomicHashMap4_fuzz: /Dualis/scripts/../benchmarks/ContextualCVC5_working_temp/AtomicHashMap4/AtomicHashMap4_fuzz.cpp:72: int main(int, char **): Assertion `expr_find' failed.

   -> Checking fuzzing outputs for counterexamples...
Checking crashes
Checking queue
   -> Found 4 crash reports. Testing reproducibility...
   -> CRASH REPRODUCED with id:000001,time:0,execs:0,orig:2ins
   -> CRASH REPRODUCED with id:000000,time:0,execs:0,orig:2fin
   -> CRASH REPRODUCED with id:000003,time:0,execs:0,orig:insfin
   -> CRASH REPRODUCED with id:000002,time:0,execs:0,orig:finins
Checking hangs
   -> Converting counterexamples for 'AtomicHashMap4'...
       -> Found and validated 1 new constraints.
   -> Updating CHC file with new counterexamples...

=============== Artifacts This Iteration ===============

--- Generated Specs ---
  insert: (max <= v)
  insert1: (v <= k)
  find: (ret1 == kveq)
  inv1: (i <= i)
  inv2: (i == i)

--- New Test Cases Found ---

--- Updated SYGUS (for next iteration) ---
(set-logic LIA)

(synth-fun insert ((k Int) (v Int) (len Int) (min Int) (max Int) (kveq Int) (len1 Int) (min1 Int) (max1 Int) (kveq1 Int)) Bool ((Start Bool) (Expr Int)) ((Start Bool ((<= Expr Expr) (>= Expr Expr) (= Expr Expr) (and Start Start) (or Start Start) (not Start))) (Expr Int (k v len min max kveq len1 min1 max1 kveq1 (+ Expr Expr) (- Expr Expr)))))
(synth-fun insert1 ((k Int) (v Int) (len Int) (min Int) (max Int) (kveq Int) (len1 Int) (min1 Int) (max1 Int) (kveq1 Int)) Bool ((Start Bool) (Expr Int)) ((Start Bool ((<= Expr Expr) (>= Expr Expr) (= Expr Expr) (and Start Start) (or Start Start) (not Start))) (Expr Int (k v len min max kveq len1 min1 max1 kveq1 (+ Expr Expr) (- Expr Expr)))))
(synth-fun find ((k Int) (len Int) (min Int) (max Int) (kveq Int) (ret1 Int)) Bool ((Start Bool) (Expr Int)) ((Start Bool ((<= Expr Expr) (>= Expr Expr) (= Expr Expr) (and Start Start) (or Start Start) (not Start))) (Expr Int (k len min max kveq ret1 (+ Expr Expr) (- Expr Expr)))))
(synth-fun inv1 ((i Int) (N Int) (len Int) (min Int) (max Int) (kveq Int)) Bool ((Start Bool) (Expr Int)) ((Start Bool ((<= Expr Expr) (>= Expr Expr) (= Expr Expr) (and Start Start) (or Start Start) (not Start))) (Expr Int (i N len min max kveq  (+ Expr Expr) (- Expr Expr)))))
(synth-fun inv2 ((i Int) (N Int) (len Int) (min Int) (max Int) (kveq Int)) Bool ((Start Bool) (Expr Int)) ((Start Bool ((<= Expr Expr) (>= Expr Expr) (= Expr Expr) (and Start Start) (or Start Start) (not Start))) (Expr Int (i N len min max kveq  (+ Expr Expr) (- Expr Expr)))))

(declare-var N Int)
(declare-var len Int)
(declare-var len1 Int)
(declare-var i Int)
(declare-var i1 Int)
(declare-var i_old Int)
(declare-var min Int)
(declare-var min1 Int)
(declare-var max Int)
(declare-var max1 Int)
(declare-var kveq Int)
(declare-var kveq1 Int)
(declare-var k Int)
(declare-var v Int)
(declare-var ret1 Int)

(define-fun MAX () Int 128)
(define-fun MIN () Int -129)
(define-fun is_valid ((x Int)) Bool (or (= x 1) (= x 0)))

(constraint (find 0 128 0 127 1 0))

(constraint (=> (and (> N 0) (= len 0) (= i 0) (= min MAX) (= max MIN) (= kveq 1)) (inv1 i N len min max kveq)))
(constraint (=> (and (inv1 i N len min max kveq) (is_valid kveq) (< i N) (= k i) (= v i) (insert k v len min max kveq len1 min1 max1 kveq1) (= i1 (+ i 1))) (inv1 i1 N len1 min1 max1 kveq1)))
(constraint (=> (and (inv1 i_old N len min max kveq) (is_valid kveq) (not (< i_old N)) (= i 0)) (inv2 i N len min max kveq)))
(constraint (=> (and (inv2 i N len min max kveq) (is_valid kveq) (< i N) (= k i) (= v i) (insert1 k v len min max kveq len1 min1 max1 kveq1) (= i1 (+ i 1))) (inv2 i1 N len1 min1 max1 kveq1)))
(constraint (=> (and (inv2 i N len min max kveq) (is_valid kveq) (not (< i N)) (>= k 0) (< k N) (= k max) (find k len min max kveq ret1)) (not (= ret1 MAX))))

(check-synth)
==============================================================
   -> Checking if specs have changed...
      -> SYGUS files are different. Continuing iteration.

==================== Iteration: 2 ====================
TIMEOUT : 40
   -> Parsing SYGUS file: /Dualis/scripts/../benchmarks/ContextualCVC5_working_temp/AtomicHashMap4/AtomicHashMap4.sy
   -> Starting CVC5 with a 1000-second timeout...
      -> Logging CVC5 output to iter_2.log
   -> CVC5 completed successfully.
   -> Writing new specs to harness: AtomicHashMap4_fuzz.cpp...
      -> Successfully created working copy '/Dualis/scripts/../benchmarks/ContextualCVC5_working_temp/AtomicHashMap4/AtomicHashMap4_fuzz.cpp'.
   -> Starting AFL++(AtomicHashMap4_fuzz) with a 40-second timeout...
   -> Building AFL-instrumented binary: /Dualis/scripts/../benchmarks/ContextualCVC5_working_temp/AtomicHashMap4/AtomicHashMap4_fuzz
   -> ERROR: AFL++(AtomicHashMap4_fuzz) failed with exit code 1.
      AFL++ Error Output:
[1;92m[+] [0mEnabled environment variable AFL_I_DONT_CARE_ABOUT_MISSING_CRASHES with value 1[0m
[1;92m[+] [0mEnabled environment variable AFL_NO_UI with value 1[0m
[1;92m[+] [0mEnabled environment variable AFL_CMPLOG_ONLY_NEW with value 1[0m
[1;92m[+] [0mEnabled environment variable AFL_DEBUG_CHILD with value 1[0m
[1;92m[+] [0mEnabled environment variable AFL_IGNORE_PROBLEMS with value 1[0m
[1;92m[+] [0mEnabled environment variable AFL_SKIP_CPUFREQ with value 1[0m
[1;94m[*] [0mSpinning up the fork server...[0m
[1;92m[+] [0mAll right - new fork server model v1 is up.[0m
[1;94m[*] [0mTarget map size: 414[0m
AtomicHashMap4_fuzz: /Dualis/scripts/../benchmarks/ContextualCVC5_working_temp/AtomicHashMap4/AtomicHashMap4_fuzz.cpp:62: int main(int, char **): Assertion `expr_insert1' failed.
AtomicHashMap4_fuzz: /Dualis/scripts/../benchmarks/ContextualCVC5_working_temp/AtomicHashMap4/AtomicHashMap4_fuzz.cpp:62: int main(int, char **): Assertion `expr_insert1' failed.
AtomicHashMap4_fuzz: /Dualis/scripts/../benchmarks/ContextualCVC5_working_temp/AtomicHashMap4/AtomicHashMap4_fuzz.cpp:62: int main(int, char **): Assertion `expr_insert1' failed.
AtomicHashMap4_fuzz: /Dualis/scripts/../benchmarks/ContextualCVC5_working_temp/AtomicHashMap4/AtomicHashMap4_fuzz.cpp:62: int main(int, char **): Assertion `expr_insert1' failed.

   -> Checking fuzzing outputs for counterexamples...
Checking crashes
Checking queue
   -> Found 4 crash reports. Testing reproducibility...
   -> CRASH REPRODUCED with id:000001,time:0,execs:0,orig:2ins
   -> CRASH REPRODUCED with id:000000,time:0,execs:0,orig:2fin
   -> CRASH REPRODUCED with id:000003,time:0,execs:0,orig:insfin
   -> CRASH REPRODUCED with id:000002,time:0,execs:0,orig:finins
Checking hangs
   -> Converting counterexamples for 'AtomicHashMap4'...
       -> Found and validated 2 new constraints.
   -> Updating CHC file with new counterexamples...

=============== Artifacts This Iteration ===============

--- Generated Specs ---
  insert: (kveq == kveq1)
  insert1: (kveq1 <= k)
  find: (ret1 <= kveq)
  inv1: (kveq <= N)
  inv2: (i == i)

--- New Test Cases Found ---

--- Updated SYGUS (for next iteration) ---
(set-logic LIA)

(synth-fun insert ((k Int) (v Int) (len Int) (min Int) (max Int) (kveq Int) (len1 Int) (min1 Int) (max1 Int) (kveq1 Int)) Bool ((Start Bool) (Expr Int)) ((Start Bool ((<= Expr Expr) (>= Expr Expr) (= Expr Expr) (and Start Start) (or Start Start) (not Start))) (Expr Int (k v len min max kveq len1 min1 max1 kveq1 (+ Expr Expr) (- Expr Expr)))))
(synth-fun insert1 ((k Int) (v Int) (len Int) (min Int) (max Int) (kveq Int) (len1 Int) (min1 Int) (max1 Int) (kveq1 Int)) Bool ((Start Bool) (Expr Int)) ((Start Bool ((<= Expr Expr) (>= Expr Expr) (= Expr Expr) (and Start Start) (or Start Start) (not Start))) (Expr Int (k v len min max kveq len1 min1 max1 kveq1 (+ Expr Expr) (- Expr Expr)))))
(synth-fun find ((k Int) (len Int) (min Int) (max Int) (kveq Int) (ret1 Int)) Bool ((Start Bool) (Expr Int)) ((Start Bool ((<= Expr Expr) (>= Expr Expr) (= Expr Expr) (and Start Start) (or Start Start) (not Start))) (Expr Int (k len min max kveq ret1 (+ Expr Expr) (- Expr Expr)))))
(synth-fun inv1 ((i Int) (N Int) (len Int) (min Int) (max Int) (kveq Int)) Bool ((Start Bool) (Expr Int)) ((Start Bool ((<= Expr Expr) (>= Expr Expr) (= Expr Expr) (and Start Start) (or Start Start) (not Start))) (Expr Int (i N len min max kveq  (+ Expr Expr) (- Expr Expr)))))
(synth-fun inv2 ((i Int) (N Int) (len Int) (min Int) (max Int) (kveq Int)) Bool ((Start Bool) (Expr Int)) ((Start Bool ((<= Expr Expr) (>= Expr Expr) (= Expr Expr) (and Start Start) (or Start Start) (not Start))) (Expr Int (i N len min max kveq  (+ Expr Expr) (- Expr Expr)))))

(declare-var N Int)
(declare-var len Int)
(declare-var len1 Int)
(declare-var i Int)
(declare-var i1 Int)
(declare-var i_old Int)
(declare-var min Int)
(declare-var min1 Int)
(declare-var max Int)
(declare-var max1 Int)
(declare-var kveq Int)
(declare-var kveq1 Int)
(declare-var k Int)
(declare-var v Int)
(declare-var ret1 Int)

(define-fun MAX () Int 128)
(define-fun MIN () Int -129)
(define-fun is_valid ((x Int)) Bool (or (= x 1) (= x 0)))

(constraint (insert1 0 0 128 0 127 1 128 0 127 1))

(constraint (find 0 128 0 127 1 0))
(constraint (=> (and (> N 0) (= len 0) (= i 0) (= min MAX) (= max MIN) (= kveq 1)) (inv1 i N len min max kveq)))
(constraint (=> (and (inv1 i N len min max kveq) (is_valid kveq) (< i N) (= k i) (= v i) (insert k v len min max kveq len1 min1 max1 kveq1) (= i1 (+ i 1))) (inv1 i1 N len1 min1 max1 kveq1)))
(constraint (=> (and (inv1 i_old N len min max kveq) (is_valid kveq) (not (< i_old N)) (= i 0)) (inv2 i N len min max kveq)))
(constraint (=> (and (inv2 i N len min max kveq) (is_valid kveq) (< i N) (= k i) (= v i) (insert1 k v len min max kveq len1 min1 max1 kveq1) (= i1 (+ i 1))) (inv2 i1 N len1 min1 max1 kveq1)))
(constraint (=> (and (inv2 i N len min max kveq) (is_valid kveq) (not (< i N)) (>= k 0) (< k N) (= k max) (find k len min max kveq ret1)) (not (= ret1 MAX))))

(check-synth)
==============================================================
   -> Checking if specs have changed...
      -> SYGUS files are different. Continuing iteration.

==================== Iteration: 3 ====================
TIMEOUT : 60
   -> Parsing SYGUS file: /Dualis/scripts/../benchmarks/ContextualCVC5_working_temp/AtomicHashMap4/AtomicHashMap4.sy
   -> Starting CVC5 with a 1000-second timeout...
      -> Logging CVC5 output to iter_3.log
   -> CVC5 completed successfully.
   -> Writing new specs to harness: AtomicHashMap4_fuzz.cpp...
      -> Successfully created working copy '/Dualis/scripts/../benchmarks/ContextualCVC5_working_temp/AtomicHashMap4/AtomicHashMap4_fuzz.cpp'.
   -> Starting AFL++(AtomicHashMap4_fuzz) with a 60-second timeout...
   -> Building AFL-instrumented binary: /Dualis/scripts/../benchmarks/ContextualCVC5_working_temp/AtomicHashMap4/AtomicHashMap4_fuzz
   -> ERROR: AFL++(AtomicHashMap4_fuzz) failed with exit code 1.
      AFL++ Error Output:
[1;92m[+] [0mEnabled environment variable AFL_I_DONT_CARE_ABOUT_MISSING_CRASHES with value 1[0m
[1;92m[+] [0mEnabled environment variable AFL_NO_UI with value 1[0m
[1;92m[+] [0mEnabled environment variable AFL_CMPLOG_ONLY_NEW with value 1[0m
[1;92m[+] [0mEnabled environment variable AFL_DEBUG_CHILD with value 1[0m
[1;92m[+] [0mEnabled environment variable AFL_IGNORE_PROBLEMS with value 1[0m
[1;92m[+] [0mEnabled environment variable AFL_SKIP_CPUFREQ with value 1[0m
[1;94m[*] [0mSpinning up the fork server...[0m
[1;92m[+] [0mAll right - new fork server model v1 is up.[0m
[1;94m[*] [0mTarget map size: 414[0m
AtomicHashMap4_fuzz: /Dualis/scripts/../benchmarks/ContextualCVC5_working_temp/AtomicHashMap4/AtomicHashMap4_fuzz.cpp:50: int main(int, char **): Assertion `expr_insert' failed.
AtomicHashMap4_fuzz: /Dualis/scripts/../benchmarks/ContextualCVC5_working_temp/AtomicHashMap4/AtomicHashMap4_fuzz.cpp:50: int main(int, char **): Assertion `expr_insert' failed.
AtomicHashMap4_fuzz: /Dualis/scripts/../benchmarks/ContextualCVC5_working_temp/AtomicHashMap4/AtomicHashMap4_fuzz.cpp:50: int main(int, char **): Assertion `expr_insert' failed.
AtomicHashMap4_fuzz: /Dualis/scripts/../benchmarks/ContextualCVC5_working_temp/AtomicHashMap4/AtomicHashMap4_fuzz.cpp:50: int main(int, char **): Assertion `expr_insert' failed.

   -> Checking fuzzing outputs for counterexamples...
Checking crashes
Checking queue
   -> Found 4 crash reports. Testing reproducibility...
   -> CRASH REPRODUCED with id:000001,time:0,execs:0,orig:2ins
   -> CRASH REPRODUCED with id:000000,time:0,execs:0,orig:2fin
   -> CRASH REPRODUCED with id:000003,time:0,execs:0,orig:insfin
   -> CRASH REPRODUCED with id:000002,time:0,execs:0,orig:finins
Checking hangs
   -> Converting counterexamples for 'AtomicHashMap4'...
       -> Found and validated 3 new constraints.
   -> Updating CHC file with new counterexamples...

=============== Artifacts This Iteration ===============

--- Generated Specs ---
  insert: (kveq1 <= k)
  insert1: (kveq <= max)
  find: (ret1 <= kveq)
  inv1: (kveq <= N)
  inv2: (i <= N)

--- New Test Cases Found ---

--- Updated SYGUS (for next iteration) ---
(set-logic LIA)

(synth-fun insert ((k Int) (v Int) (len Int) (min Int) (max Int) (kveq Int) (len1 Int) (min1 Int) (max1 Int) (kveq1 Int)) Bool ((Start Bool) (Expr Int)) ((Start Bool ((<= Expr Expr) (>= Expr Expr) (= Expr Expr) (and Start Start) (or Start Start) (not Start))) (Expr Int (k v len min max kveq len1 min1 max1 kveq1 (+ Expr Expr) (- Expr Expr)))))
(synth-fun insert1 ((k Int) (v Int) (len Int) (min Int) (max Int) (kveq Int) (len1 Int) (min1 Int) (max1 Int) (kveq1 Int)) Bool ((Start Bool) (Expr Int)) ((Start Bool ((<= Expr Expr) (>= Expr Expr) (= Expr Expr) (and Start Start) (or Start Start) (not Start))) (Expr Int (k v len min max kveq len1 min1 max1 kveq1 (+ Expr Expr) (- Expr Expr)))))
(synth-fun find ((k Int) (len Int) (min Int) (max Int) (kveq Int) (ret1 Int)) Bool ((Start Bool) (Expr Int)) ((Start Bool ((<= Expr Expr) (>= Expr Expr) (= Expr Expr) (and Start Start) (or Start Start) (not Start))) (Expr Int (k len min max kveq ret1 (+ Expr Expr) (- Expr Expr)))))
(synth-fun inv1 ((i Int) (N Int) (len Int) (min Int) (max Int) (kveq Int)) Bool ((Start Bool) (Expr Int)) ((Start Bool ((<= Expr Expr) (>= Expr Expr) (= Expr Expr) (and Start Start) (or Start Start) (not Start))) (Expr Int (i N len min max kveq  (+ Expr Expr) (- Expr Expr)))))
(synth-fun inv2 ((i Int) (N Int) (len Int) (min Int) (max Int) (kveq Int)) Bool ((Start Bool) (Expr Int)) ((Start Bool ((<= Expr Expr) (>= Expr Expr) (= Expr Expr) (and Start Start) (or Start Start) (not Start))) (Expr Int (i N len min max kveq  (+ Expr Expr) (- Expr Expr)))))

(declare-var N Int)
(declare-var len Int)
(declare-var len1 Int)
(declare-var i Int)
(declare-var i1 Int)
(declare-var i_old Int)
(declare-var min Int)
(declare-var min1 Int)
(declare-var max Int)
(declare-var max1 Int)
(declare-var kveq Int)
(declare-var kveq1 Int)
(declare-var k Int)
(declare-var v Int)
(declare-var ret1 Int)

(define-fun MAX () Int 128)
(define-fun MIN () Int -129)
(define-fun is_valid ((x Int)) Bool (or (= x 1) (= x 0)))

(constraint (insert 0 0 0 128 (- 129) 1 1 0 0 1))

(constraint (insert1 0 0 128 0 127 1 128 0 127 1))
(constraint (find 0 128 0 127 1 0))
(constraint (=> (and (> N 0) (= len 0) (= i 0) (= min MAX) (= max MIN) (= kveq 1)) (inv1 i N len min max kveq)))
(constraint (=> (and (inv1 i N len min max kveq) (is_valid kveq) (< i N) (= k i) (= v i) (insert k v len min max kveq len1 min1 max1 kveq1) (= i1 (+ i 1))) (inv1 i1 N len1 min1 max1 kveq1)))
(constraint (=> (and (inv1 i_old N len min max kveq) (is_valid kveq) (not (< i_old N)) (= i 0)) (inv2 i N len min max kveq)))
(constraint (=> (and (inv2 i N len min max kveq) (is_valid kveq) (< i N) (= k i) (= v i) (insert1 k v len min max kveq len1 min1 max1 kveq1) (= i1 (+ i 1))) (inv2 i1 N len1 min1 max1 kveq1)))
(constraint (=> (and (inv2 i N len min max kveq) (is_valid kveq) (not (< i N)) (>= k 0) (< k N) (= k max) (find k len min max kveq ret1)) (not (= ret1 MAX))))

(check-synth)
==============================================================
   -> Checking if specs have changed...
      -> SYGUS files are different. Continuing iteration.

==================== Iteration: 4 ====================
TIMEOUT : 80
   -> Parsing SYGUS file: /Dualis/scripts/../benchmarks/ContextualCVC5_working_temp/AtomicHashMap4/AtomicHashMap4.sy
   -> Starting CVC5 with a 1000-second timeout...
      -> Logging CVC5 output to iter_4.log
   -> CVC5 completed successfully.
   -> Writing new specs to harness: AtomicHashMap4_fuzz.cpp...
      -> Successfully created working copy '/Dualis/scripts/../benchmarks/ContextualCVC5_working_temp/AtomicHashMap4/AtomicHashMap4_fuzz.cpp'.
   -> Starting AFL++(AtomicHashMap4_fuzz) with a 80-second timeout...
   -> Building AFL-instrumented binary: /Dualis/scripts/../benchmarks/ContextualCVC5_working_temp/AtomicHashMap4/AtomicHashMap4_fuzz
   -> AFL++(AtomicHashMap4_fuzz) finished its fuzzing session.
   -> Checking fuzzing outputs for counterexamples...
Checking crashes
Checking queue
   -> Found 45 crash reports. Testing reproducibility...
   -> CRASH REPRODUCED with id:000004,src:000000,time:1,execs:30,op:(null),pos:0,+cov
Checking hangs
   -> Converting counterexamples for 'AtomicHashMap4'...
       -> Found and validated 3 new constraints.
   -> Updating CHC file with new counterexamples...

=============== Artifacts This Iteration ===============

--- Generated Specs ---
  insert: (kveq1 == kveq)
  insert1: (k <= v)
  find: (ret1 <= kveq)
  inv1: (kveq <= N)
  inv2: (i == i)

--- New Test Cases Found ---

--- Updated SYGUS (for next iteration) ---
(set-logic LIA)

(synth-fun insert ((k Int) (v Int) (len Int) (min Int) (max Int) (kveq Int) (len1 Int) (min1 Int) (max1 Int) (kveq1 Int)) Bool ((Start Bool) (Expr Int)) ((Start Bool ((<= Expr Expr) (>= Expr Expr) (= Expr Expr) (and Start Start) (or Start Start) (not Start))) (Expr Int (k v len min max kveq len1 min1 max1 kveq1 (+ Expr Expr) (- Expr Expr)))))
(synth-fun insert1 ((k Int) (v Int) (len Int) (min Int) (max Int) (kveq Int) (len1 Int) (min1 Int) (max1 Int) (kveq1 Int)) Bool ((Start Bool) (Expr Int)) ((Start Bool ((<= Expr Expr) (>= Expr Expr) (= Expr Expr) (and Start Start) (or Start Start) (not Start))) (Expr Int (k v len min max kveq len1 min1 max1 kveq1 (+ Expr Expr) (- Expr Expr)))))
(synth-fun find ((k Int) (len Int) (min Int) (max Int) (kveq Int) (ret1 Int)) Bool ((Start Bool) (Expr Int)) ((Start Bool ((<= Expr Expr) (>= Expr Expr) (= Expr Expr) (and Start Start) (or Start Start) (not Start))) (Expr Int (k len min max kveq ret1 (+ Expr Expr) (- Expr Expr)))))
(synth-fun inv1 ((i Int) (N Int) (len Int) (min Int) (max Int) (kveq Int)) Bool ((Start Bool) (Expr Int)) ((Start Bool ((<= Expr Expr) (>= Expr Expr) (= Expr Expr) (and Start Start) (or Start Start) (not Start))) (Expr Int (i N len min max kveq  (+ Expr Expr) (- Expr Expr)))))
(synth-fun inv2 ((i Int) (N Int) (len Int) (min Int) (max Int) (kveq Int)) Bool ((Start Bool) (Expr Int)) ((Start Bool ((<= Expr Expr) (>= Expr Expr) (= Expr Expr) (and Start Start) (or Start Start) (not Start))) (Expr Int (i N len min max kveq  (+ Expr Expr) (- Expr Expr)))))

(declare-var N Int)
(declare-var len Int)
(declare-var len1 Int)
(declare-var i Int)
(declare-var i1 Int)
(declare-var i_old Int)
(declare-var min Int)
(declare-var min1 Int)
(declare-var max Int)
(declare-var max1 Int)
(declare-var kveq Int)
(declare-var kveq1 Int)
(declare-var k Int)
(declare-var v Int)
(declare-var ret1 Int)

(define-fun MAX () Int 128)
(define-fun MIN () Int -129)
(define-fun is_valid ((x Int)) Bool (or (= x 1) (= x 0)))


(constraint (insert 0 0 0 128 (- 129) 1 1 0 0 1))
(constraint (insert1 0 0 128 0 127 1 128 0 127 1))
(constraint (find 0 128 0 127 1 0))
(constraint (=> (and (> N 0) (= len 0) (= i 0) (= min MAX) (= max MIN) (= kveq 1)) (inv1 i N len min max kveq)))
(constraint (=> (and (inv1 i N len min max kveq) (is_valid kveq) (< i N) (= k i) (= v i) (insert k v len min max kveq len1 min1 max1 kveq1) (= i1 (+ i 1))) (inv1 i1 N len1 min1 max1 kveq1)))
(constraint (=> (and (inv1 i_old N len min max kveq) (is_valid kveq) (not (< i_old N)) (= i 0)) (inv2 i N len min max kveq)))
(constraint (=> (and (inv2 i N len min max kveq) (is_valid kveq) (< i N) (= k i) (= v i) (insert1 k v len min max kveq len1 min1 max1 kveq1) (= i1 (+ i 1))) (inv2 i1 N len1 min1 max1 kveq1)))
(constraint (=> (and (inv2 i N len min max kveq) (is_valid kveq) (not (< i N)) (>= k 0) (< k N) (= k max) (find k len min max kveq ret1)) (not (= ret1 MAX))))

(check-synth)
==============================================================
   -> Checking if specs have changed...
      -> SYGUS files are different. Continuing iteration.

==================== Iteration: 5 ====================
TIMEOUT : 100
   -> Parsing SYGUS file: /Dualis/scripts/../benchmarks/ContextualCVC5_working_temp/AtomicHashMap4/AtomicHashMap4.sy
   -> Starting CVC5 with a 1000-second timeout...
      -> Logging CVC5 output to iter_5.log
   -> CVC5 completed successfully.
   -> Writing new specs to harness: AtomicHashMap4_fuzz.cpp...
      -> Successfully created working copy '/Dualis/scripts/../benchmarks/ContextualCVC5_working_temp/AtomicHashMap4/AtomicHashMap4_fuzz.cpp'.
   -> Starting AFL++(AtomicHashMap4_fuzz) with a 100-second timeout...
   -> Building AFL-instrumented binary: /Dualis/scripts/../benchmarks/ContextualCVC5_working_temp/AtomicHashMap4/AtomicHashMap4_fuzz
   -> AFL++(AtomicHashMap4_fuzz) finished its fuzzing session.
   -> Checking fuzzing outputs for counterexamples...
Checking crashes
Checking queue
   -> Found 45 crash reports. Testing reproducibility...
   -> CRASH REPRODUCED with id:000004,src:000000,time:1,execs:30,op:(null),pos:0,+cov
Checking hangs
   -> Converting counterexamples for 'AtomicHashMap4'...
       -> Found and validated 3 new constraints.
   -> Updating CHC file with new counterexamples...

=============== Artifacts This Iteration ===============

--- Generated Specs ---
  insert: (kveq1 == kveq)
  insert1: (k <= v)
  find: (ret1 <= kveq)
  inv1: (kveq <= N)
  inv2: (i == i)

--- New Test Cases Found ---

--- Updated SYGUS (for next iteration) ---
(set-logic LIA)

(synth-fun insert ((k Int) (v Int) (len Int) (min Int) (max Int) (kveq Int) (len1 Int) (min1 Int) (max1 Int) (kveq1 Int)) Bool ((Start Bool) (Expr Int)) ((Start Bool ((<= Expr Expr) (>= Expr Expr) (= Expr Expr) (and Start Start) (or Start Start) (not Start))) (Expr Int (k v len min max kveq len1 min1 max1 kveq1 (+ Expr Expr) (- Expr Expr)))))
(synth-fun insert1 ((k Int) (v Int) (len Int) (min Int) (max Int) (kveq Int) (len1 Int) (min1 Int) (max1 Int) (kveq1 Int)) Bool ((Start Bool) (Expr Int)) ((Start Bool ((<= Expr Expr) (>= Expr Expr) (= Expr Expr) (and Start Start) (or Start Start) (not Start))) (Expr Int (k v len min max kveq len1 min1 max1 kveq1 (+ Expr Expr) (- Expr Expr)))))
(synth-fun find ((k Int) (len Int) (min Int) (max Int) (kveq Int) (ret1 Int)) Bool ((Start Bool) (Expr Int)) ((Start Bool ((<= Expr Expr) (>= Expr Expr) (= Expr Expr) (and Start Start) (or Start Start) (not Start))) (Expr Int (k len min max kveq ret1 (+ Expr Expr) (- Expr Expr)))))
(synth-fun inv1 ((i Int) (N Int) (len Int) (min Int) (max Int) (kveq Int)) Bool ((Start Bool) (Expr Int)) ((Start Bool ((<= Expr Expr) (>= Expr Expr) (= Expr Expr) (and Start Start) (or Start Start) (not Start))) (Expr Int (i N len min max kveq  (+ Expr Expr) (- Expr Expr)))))
(synth-fun inv2 ((i Int) (N Int) (len Int) (min Int) (max Int) (kveq Int)) Bool ((Start Bool) (Expr Int)) ((Start Bool ((<= Expr Expr) (>= Expr Expr) (= Expr Expr) (and Start Start) (or Start Start) (not Start))) (Expr Int (i N len min max kveq  (+ Expr Expr) (- Expr Expr)))))

(declare-var N Int)
(declare-var len Int)
(declare-var len1 Int)
(declare-var i Int)
(declare-var i1 Int)
(declare-var i_old Int)
(declare-var min Int)
(declare-var min1 Int)
(declare-var max Int)
(declare-var max1 Int)
(declare-var kveq Int)
(declare-var kveq1 Int)
(declare-var k Int)
(declare-var v Int)
(declare-var ret1 Int)

(define-fun MAX () Int 128)
(define-fun MIN () Int -129)
(define-fun is_valid ((x Int)) Bool (or (= x 1) (= x 0)))


(constraint (insert 0 0 0 128 (- 129) 1 1 0 0 1))
(constraint (insert1 0 0 128 0 127 1 128 0 127 1))
(constraint (find 0 128 0 127 1 0))
(constraint (=> (and (> N 0) (= len 0) (= i 0) (= min MAX) (= max MIN) (= kveq 1)) (inv1 i N len min max kveq)))
(constraint (=> (and (inv1 i N len min max kveq) (is_valid kveq) (< i N) (= k i) (= v i) (insert k v len min max kveq len1 min1 max1 kveq1) (= i1 (+ i 1))) (inv1 i1 N len1 min1 max1 kveq1)))
(constraint (=> (and (inv1 i_old N len min max kveq) (is_valid kveq) (not (< i_old N)) (= i 0)) (inv2 i N len min max kveq)))
(constraint (=> (and (inv2 i N len min max kveq) (is_valid kveq) (< i N) (= k i) (= v i) (insert1 k v len min max kveq len1 min1 max1 kveq1) (= i1 (+ i 1))) (inv2 i1 N len1 min1 max1 kveq1)))
(constraint (=> (and (inv2 i N len min max kveq) (is_valid kveq) (not (< i N)) (>= k 0) (< k N) (= k max) (find k len min max kveq ret1)) (not (= ret1 MAX))))

(check-synth)
==============================================================
   -> Checking if specs have changed...
      -> SYGUS files are identical. Pipeline has converged.
   -> 15-minute deep fuzzing converged. Pipeline complete.

==================== Finalizing Pipeline ====================

====================== Pipeline Finished =====================
Total External Iterations: 5
Total Unique Test Cases Found: 12
pipeline.run() took 0.0596 seconds.
Running command: /usr/bin/python3 chcverifynfuzz.py ContextualCVC5 AtomicHashMap4
PID: 25
========================================


Total Pipeline Duration: 205.08s
