
========================================
         Starting Pipeline for: AtomicHashMap5 (Mode: ContextualCVC5)
========================================
Initializing pipeline for benchmark: 'AtomicHashMap5'
   -> Loading and validating attributes from: /Dualis/scripts/../benchmarks/Contextual/AtomicHashMap5/Attributes.txt
      -> Validation successful. Attribute file is consistent.
Total External Iterations: 0
Total Unique Test Cases Found: 0

==================== Iteration: 1 ====================
TIMEOUT : 20
   -> Parsing SYGUS file: /Dualis/scripts/../benchmarks/ContextualCVC5_working_temp/AtomicHashMap5/AtomicHashMap5.sy
   -> Starting CVC5 with a 1000-second timeout...
      -> Logging CVC5 output to iter_1.log
   -> CVC5 completed successfully.
   -> Writing new specs to harness: AtomicHashMap5_fuzz.cpp...
      -> Successfully created working copy '/Dualis/scripts/../benchmarks/ContextualCVC5_working_temp/AtomicHashMap5/AtomicHashMap5_fuzz.cpp'.
   -> Starting AFL++(AtomicHashMap5_fuzz) with a 20-second timeout...
   -> Building AFL-instrumented binary: /Dualis/scripts/../benchmarks/ContextualCVC5_working_temp/AtomicHashMap5/AtomicHashMap5_fuzz
   -> AFL++(AtomicHashMap5_fuzz) finished its fuzzing session.
   -> Checking fuzzing outputs for counterexamples...
Checking crashes
   -> Found 2 crash reports. Testing reproducibility...
   -> CRASH REPRODUCED with id:000000,sig:06,src:000001,time:202,execs:70,op:arith8,pos:5,val:+2
   -> CRASH REPRODUCED with id:000001,sig:06,src:000001,time:1089,execs:171,op:havoc,rep:7
Checking queue
   -> Found 6 crash reports. Testing reproducibility...
Checking hangs
   -> Converting counterexamples for 'AtomicHashMap5'...
       -> Found and validated 2 new constraints.
   -> Updating CHC file with new counterexamples...

=============== Artifacts This Iteration ===============

--- Generated Specs ---
  insert: (max <= v)
  insert1: (v <= k)
  find: (ret1 == kveq)
  inv1: (i <= i)
  inv2: (i == i)

--- New Test Cases Found ---

--- Updated SYGUS (for next iteration) ---
(set-logic LIA)

(synth-fun insert ((k Int) (v Int) (len Int) (min Int) (max Int) (kveq Int) (len1 Int) (min1 Int) (max1 Int) (kveq1 Int)) Bool ((Start Bool) (Expr Int)) ((Start Bool ((<= Expr Expr) (>= Expr Expr) (= Expr Expr) (and Start Start) (or Start Start) (not Start))) (Expr Int (k v len min max kveq len1 min1 max1 kveq1  (+ Expr Expr) (- Expr Expr)))))
(synth-fun insert1 ((k Int) (v Int) (len Int) (min Int) (max Int) (kveq Int) (len1 Int) (min1 Int) (max1 Int) (kveq1 Int)) Bool ((Start Bool) (Expr Int)) ((Start Bool ((<= Expr Expr) (>= Expr Expr) (= Expr Expr) (and Start Start) (or Start Start) (not Start))) (Expr Int (k v len min max kveq len1 min1 max1 kveq1 (+ Expr Expr) (- Expr Expr)))))
(synth-fun find ((k Int) (len Int) (min Int) (max Int) (kveq Int) (ret1 Int)) Bool ((Start Bool) (Expr Int)) ((Start Bool ((<= Expr Expr) (>= Expr Expr) (= Expr Expr) (and Start Start) (or Start Start) (not Start))) (Expr Int (k len min max kveq ret1 (+ Expr Expr) (- Expr Expr)))))
(synth-fun inv1 ((i Int) (N Int) (len Int) (min Int) (max Int) (kveq Int)) Bool ((Start Bool) (Expr Int)) ((Start Bool ((<= Expr Expr) (>= Expr Expr) (= Expr Expr) (and Start Start) (or Start Start) (not Start))) (Expr Int (i N len min max kveq  (+ Expr Expr) (- Expr Expr)))))
(synth-fun inv2 ((i Int) (N Int) (len Int) (min Int) (max Int) (kveq Int)) Bool ((Start Bool) (Expr Int)) ((Start Bool ((<= Expr Expr) (>= Expr Expr) (= Expr Expr) (and Start Start) (or Start Start) (not Start))) (Expr Int (i N len min max kveq (+ Expr Expr) (- Expr Expr)))))

(declare-var N Int)
(declare-var len Int)
(declare-var len1 Int)
(declare-var i Int)
(declare-var i1 Int)
(declare-var i_old Int)
(declare-var min Int)
(declare-var min1 Int)
(declare-var max Int)
(declare-var max1 Int)
(declare-var kveq Int)
(declare-var kveq1 Int)
(declare-var k Int)
(declare-var v Int)
(declare-var ret1 Int)

(define-fun MAX () Int 128)
(define-fun MIN () Int -129)
(define-fun is_valid ((x Int)) Bool (or (= x 1) (= x 0)))

(constraint (find 0 1 0 0 1 0))
(constraint (find 2 3 0 2 1 2))

(constraint (=> (and (> N 0) (= len 0) (= i 0) (= min MAX) (= max MIN) (= kveq 1)) (inv1 i N len min max kveq)))
(constraint (=> (and (inv1 i N len min max kveq) (is_valid kveq) (< i N) (= k i) (= v i) (insert k v len min max kveq len1 min1 max1 kveq1) (= i1 (+ i 1))) (inv1 i1 N len1 min1 max1 kveq1)))
(constraint (=> (and (inv1 i_old N len min max kveq) (is_valid kveq) (not (< i_old N)) (= i 0)) (inv2 i N len min max kveq)))
(constraint (=> (and (inv2 i N len min max kveq) (is_valid kveq) (< i N) (= k i) (= v i) (insert1 k v len min max kveq len1 min1 max1 kveq1) (= i1 (+ i 1))) (inv2 i1 N len1 min1 max1 kveq1)))
(constraint (=> (and (inv2 i N len min max kveq) (is_valid kveq) (not (< i N)) (>= k 0) (< k N) (= k max) (find k len min max kveq ret1)) (not (= ret1 MAX))))

(check-synth)
==============================================================
   -> Checking if specs have changed...
      -> SYGUS files are different. Continuing iteration.

==================== Iteration: 2 ====================
TIMEOUT : 40
   -> Parsing SYGUS file: /Dualis/scripts/../benchmarks/ContextualCVC5_working_temp/AtomicHashMap5/AtomicHashMap5.sy
   -> Starting CVC5 with a 1000-second timeout...
      -> Logging CVC5 output to iter_2.log
   -> CVC5 completed successfully.
   -> Writing new specs to harness: AtomicHashMap5_fuzz.cpp...
      -> Successfully created working copy '/Dualis/scripts/../benchmarks/ContextualCVC5_working_temp/AtomicHashMap5/AtomicHashMap5_fuzz.cpp'.
   -> Starting AFL++(AtomicHashMap5_fuzz) with a 40-second timeout...
   -> Building AFL-instrumented binary: /Dualis/scripts/../benchmarks/ContextualCVC5_working_temp/AtomicHashMap5/AtomicHashMap5_fuzz
   -> AFL++(AtomicHashMap5_fuzz) finished its fuzzing session.
   -> Checking fuzzing outputs for counterexamples...
Checking crashes
   -> Found 1 crash reports. Testing reproducibility...
   -> CRASH REPRODUCED with id:000000,sig:06,src:000004,time:185,execs:487,op:havoc,rep:3
Checking queue
   -> Found 6 crash reports. Testing reproducibility...
Checking hangs
   -> Converting counterexamples for 'AtomicHashMap5'...
       -> Found and validated 3 new constraints.
   -> Updating CHC file with new counterexamples...

=============== Artifacts This Iteration ===============

--- Generated Specs ---
  insert: (kveq1 == len1)
  insert1: (len1 == kveq1)
  find: (ret1 <= len)
  inv1: (len <= kveq)
  inv2: (len <= kveq)

--- New Test Cases Found ---

--- Updated SYGUS (for next iteration) ---
(set-logic LIA)

(synth-fun insert ((k Int) (v Int) (len Int) (min Int) (max Int) (kveq Int) (len1 Int) (min1 Int) (max1 Int) (kveq1 Int)) Bool ((Start Bool) (Expr Int)) ((Start Bool ((<= Expr Expr) (>= Expr Expr) (= Expr Expr) (and Start Start) (or Start Start) (not Start))) (Expr Int (k v len min max kveq len1 min1 max1 kveq1  (+ Expr Expr) (- Expr Expr)))))
(synth-fun insert1 ((k Int) (v Int) (len Int) (min Int) (max Int) (kveq Int) (len1 Int) (min1 Int) (max1 Int) (kveq1 Int)) Bool ((Start Bool) (Expr Int)) ((Start Bool ((<= Expr Expr) (>= Expr Expr) (= Expr Expr) (and Start Start) (or Start Start) (not Start))) (Expr Int (k v len min max kveq len1 min1 max1 kveq1 (+ Expr Expr) (- Expr Expr)))))
(synth-fun find ((k Int) (len Int) (min Int) (max Int) (kveq Int) (ret1 Int)) Bool ((Start Bool) (Expr Int)) ((Start Bool ((<= Expr Expr) (>= Expr Expr) (= Expr Expr) (and Start Start) (or Start Start) (not Start))) (Expr Int (k len min max kveq ret1 (+ Expr Expr) (- Expr Expr)))))
(synth-fun inv1 ((i Int) (N Int) (len Int) (min Int) (max Int) (kveq Int)) Bool ((Start Bool) (Expr Int)) ((Start Bool ((<= Expr Expr) (>= Expr Expr) (= Expr Expr) (and Start Start) (or Start Start) (not Start))) (Expr Int (i N len min max kveq  (+ Expr Expr) (- Expr Expr)))))
(synth-fun inv2 ((i Int) (N Int) (len Int) (min Int) (max Int) (kveq Int)) Bool ((Start Bool) (Expr Int)) ((Start Bool ((<= Expr Expr) (>= Expr Expr) (= Expr Expr) (and Start Start) (or Start Start) (not Start))) (Expr Int (i N len min max kveq (+ Expr Expr) (- Expr Expr)))))

(declare-var N Int)
(declare-var len Int)
(declare-var len1 Int)
(declare-var i Int)
(declare-var i1 Int)
(declare-var i_old Int)
(declare-var min Int)
(declare-var min1 Int)
(declare-var max Int)
(declare-var max1 Int)
(declare-var kveq Int)
(declare-var kveq1 Int)
(declare-var k Int)
(declare-var v Int)
(declare-var ret1 Int)

(define-fun MAX () Int 128)
(define-fun MIN () Int -129)
(define-fun is_valid ((x Int)) Bool (or (= x 1) (= x 0)))

(constraint (insert 1 1 1 0 0 1 2 0 1 1))

(constraint (find 0 1 0 0 1 0))
(constraint (find 2 3 0 2 1 2))
(constraint (=> (and (> N 0) (= len 0) (= i 0) (= min MAX) (= max MIN) (= kveq 1)) (inv1 i N len min max kveq)))
(constraint (=> (and (inv1 i N len min max kveq) (is_valid kveq) (< i N) (= k i) (= v i) (insert k v len min max kveq len1 min1 max1 kveq1) (= i1 (+ i 1))) (inv1 i1 N len1 min1 max1 kveq1)))
(constraint (=> (and (inv1 i_old N len min max kveq) (is_valid kveq) (not (< i_old N)) (= i 0)) (inv2 i N len min max kveq)))
(constraint (=> (and (inv2 i N len min max kveq) (is_valid kveq) (< i N) (= k i) (= v i) (insert1 k v len min max kveq len1 min1 max1 kveq1) (= i1 (+ i 1))) (inv2 i1 N len1 min1 max1 kveq1)))
(constraint (=> (and (inv2 i N len min max kveq) (is_valid kveq) (not (< i N)) (>= k 0) (< k N) (= k max) (find k len min max kveq ret1)) (not (= ret1 MAX))))

(check-synth)
==============================================================
   -> Checking if specs have changed...
      -> SYGUS files are different. Continuing iteration.

==================== Iteration: 3 ====================
TIMEOUT : 60
   -> Parsing SYGUS file: /Dualis/scripts/../benchmarks/ContextualCVC5_working_temp/AtomicHashMap5/AtomicHashMap5.sy
   -> Starting CVC5 with a 1000-second timeout...
      -> Logging CVC5 output to iter_3.log
   -> CVC5 completed successfully.
   -> Writing new specs to harness: AtomicHashMap5_fuzz.cpp...
      -> Successfully created working copy '/Dualis/scripts/../benchmarks/ContextualCVC5_working_temp/AtomicHashMap5/AtomicHashMap5_fuzz.cpp'.
   -> Starting AFL++(AtomicHashMap5_fuzz) with a 60-second timeout...
   -> Building AFL-instrumented binary: /Dualis/scripts/../benchmarks/ContextualCVC5_working_temp/AtomicHashMap5/AtomicHashMap5_fuzz
   -> AFL++(AtomicHashMap5_fuzz) finished its fuzzing session.
   -> Checking fuzzing outputs for counterexamples...
Checking crashes
   -> Found 1 crash reports. Testing reproducibility...
   -> CRASH REPRODUCED with id:000000,sig:06,src:000001,time:159,execs:70,op:arith8,pos:5,val:+2
Checking queue
   -> Found 5 crash reports. Testing reproducibility...
Checking hangs
   -> Converting counterexamples for 'AtomicHashMap5'...
       -> Found and validated 4 new constraints.
   -> Updating CHC file with new counterexamples...

=============== Artifacts This Iteration ===============

--- Generated Specs ---
  insert: (max1 == kveq1)
  insert1: (max1 == kveq1)
  find: (ret1 <= max)
  inv1: (max <= kveq)
  inv2: (max <= kveq)

--- New Test Cases Found ---

--- Updated SYGUS (for next iteration) ---
(set-logic LIA)

(synth-fun insert ((k Int) (v Int) (len Int) (min Int) (max Int) (kveq Int) (len1 Int) (min1 Int) (max1 Int) (kveq1 Int)) Bool ((Start Bool) (Expr Int)) ((Start Bool ((<= Expr Expr) (>= Expr Expr) (= Expr Expr) (and Start Start) (or Start Start) (not Start))) (Expr Int (k v len min max kveq len1 min1 max1 kveq1  (+ Expr Expr) (- Expr Expr)))))
(synth-fun insert1 ((k Int) (v Int) (len Int) (min Int) (max Int) (kveq Int) (len1 Int) (min1 Int) (max1 Int) (kveq1 Int)) Bool ((Start Bool) (Expr Int)) ((Start Bool ((<= Expr Expr) (>= Expr Expr) (= Expr Expr) (and Start Start) (or Start Start) (not Start))) (Expr Int (k v len min max kveq len1 min1 max1 kveq1 (+ Expr Expr) (- Expr Expr)))))
(synth-fun find ((k Int) (len Int) (min Int) (max Int) (kveq Int) (ret1 Int)) Bool ((Start Bool) (Expr Int)) ((Start Bool ((<= Expr Expr) (>= Expr Expr) (= Expr Expr) (and Start Start) (or Start Start) (not Start))) (Expr Int (k len min max kveq ret1 (+ Expr Expr) (- Expr Expr)))))
(synth-fun inv1 ((i Int) (N Int) (len Int) (min Int) (max Int) (kveq Int)) Bool ((Start Bool) (Expr Int)) ((Start Bool ((<= Expr Expr) (>= Expr Expr) (= Expr Expr) (and Start Start) (or Start Start) (not Start))) (Expr Int (i N len min max kveq  (+ Expr Expr) (- Expr Expr)))))
(synth-fun inv2 ((i Int) (N Int) (len Int) (min Int) (max Int) (kveq Int)) Bool ((Start Bool) (Expr Int)) ((Start Bool ((<= Expr Expr) (>= Expr Expr) (= Expr Expr) (and Start Start) (or Start Start) (not Start))) (Expr Int (i N len min max kveq (+ Expr Expr) (- Expr Expr)))))

(declare-var N Int)
(declare-var len Int)
(declare-var len1 Int)
(declare-var i Int)
(declare-var i1 Int)
(declare-var i_old Int)
(declare-var min Int)
(declare-var min1 Int)
(declare-var max Int)
(declare-var max1 Int)
(declare-var kveq Int)
(declare-var kveq1 Int)
(declare-var k Int)
(declare-var v Int)
(declare-var ret1 Int)

(define-fun MAX () Int 128)
(define-fun MIN () Int -129)
(define-fun is_valid ((x Int)) Bool (or (= x 1) (= x 0)))

(constraint (insert 0 0 0 128 (- 129) 1 1 0 0 1))

(constraint (insert 1 1 1 0 0 1 2 0 1 1))
(constraint (find 0 1 0 0 1 0))
(constraint (find 2 3 0 2 1 2))
(constraint (=> (and (> N 0) (= len 0) (= i 0) (= min MAX) (= max MIN) (= kveq 1)) (inv1 i N len min max kveq)))
(constraint (=> (and (inv1 i N len min max kveq) (is_valid kveq) (< i N) (= k i) (= v i) (insert k v len min max kveq len1 min1 max1 kveq1) (= i1 (+ i 1))) (inv1 i1 N len1 min1 max1 kveq1)))
(constraint (=> (and (inv1 i_old N len min max kveq) (is_valid kveq) (not (< i_old N)) (= i 0)) (inv2 i N len min max kveq)))
(constraint (=> (and (inv2 i N len min max kveq) (is_valid kveq) (< i N) (= k i) (= v i) (insert1 k v len min max kveq len1 min1 max1 kveq1) (= i1 (+ i 1))) (inv2 i1 N len1 min1 max1 kveq1)))
(constraint (=> (and (inv2 i N len min max kveq) (is_valid kveq) (not (< i N)) (>= k 0) (< k N) (= k max) (find k len min max kveq ret1)) (not (= ret1 MAX))))

(check-synth)
==============================================================
   -> Checking if specs have changed...
      -> SYGUS files are different. Continuing iteration.

==================== Iteration: 4 ====================
TIMEOUT : 80
   -> Parsing SYGUS file: /Dualis/scripts/../benchmarks/ContextualCVC5_working_temp/AtomicHashMap5/AtomicHashMap5.sy
   -> Starting CVC5 with a 1000-second timeout...
      -> Logging CVC5 output to iter_4.log
   -> CVC5 completed successfully.
   -> Writing new specs to harness: AtomicHashMap5_fuzz.cpp...
      -> Successfully created working copy '/Dualis/scripts/../benchmarks/ContextualCVC5_working_temp/AtomicHashMap5/AtomicHashMap5_fuzz.cpp'.
   -> Starting AFL++(AtomicHashMap5_fuzz) with a 80-second timeout...
   -> Building AFL-instrumented binary: /Dualis/scripts/../benchmarks/ContextualCVC5_working_temp/AtomicHashMap5/AtomicHashMap5_fuzz
   -> AFL++(AtomicHashMap5_fuzz) finished its fuzzing session.
   -> Checking fuzzing outputs for counterexamples...
Checking crashes
   -> Found 2 crash reports. Testing reproducibility...
   -> CRASH REPRODUCED with id:000001,sig:06,src:000001,time:953,execs:84,op:havoc,rep:4
   -> CRASH REPRODUCED with id:000000,sig:06,src:000001,time:198,execs:52,op:havoc,rep:4
Checking queue
   -> Found 6 crash reports. Testing reproducibility...
Checking hangs
   -> Converting counterexamples for 'AtomicHashMap5'...
       -> Found and validated 6 new constraints.
   -> Updating CHC file with new counterexamples...

=============== Artifacts This Iteration ===============

--- Generated Specs ---
  insert: (max1 <= kveq1)
  insert1: (max1 == kveq1)
  find: (ret1 <= k)
  inv1: (max <= kveq)
  inv2: (max <= kveq)

--- New Test Cases Found ---

--- Updated SYGUS (for next iteration) ---
(set-logic LIA)

(synth-fun insert ((k Int) (v Int) (len Int) (min Int) (max Int) (kveq Int) (len1 Int) (min1 Int) (max1 Int) (kveq1 Int)) Bool ((Start Bool) (Expr Int)) ((Start Bool ((<= Expr Expr) (>= Expr Expr) (= Expr Expr) (and Start Start) (or Start Start) (not Start))) (Expr Int (k v len min max kveq len1 min1 max1 kveq1  (+ Expr Expr) (- Expr Expr)))))
(synth-fun insert1 ((k Int) (v Int) (len Int) (min Int) (max Int) (kveq Int) (len1 Int) (min1 Int) (max1 Int) (kveq1 Int)) Bool ((Start Bool) (Expr Int)) ((Start Bool ((<= Expr Expr) (>= Expr Expr) (= Expr Expr) (and Start Start) (or Start Start) (not Start))) (Expr Int (k v len min max kveq len1 min1 max1 kveq1 (+ Expr Expr) (- Expr Expr)))))
(synth-fun find ((k Int) (len Int) (min Int) (max Int) (kveq Int) (ret1 Int)) Bool ((Start Bool) (Expr Int)) ((Start Bool ((<= Expr Expr) (>= Expr Expr) (= Expr Expr) (and Start Start) (or Start Start) (not Start))) (Expr Int (k len min max kveq ret1 (+ Expr Expr) (- Expr Expr)))))
(synth-fun inv1 ((i Int) (N Int) (len Int) (min Int) (max Int) (kveq Int)) Bool ((Start Bool) (Expr Int)) ((Start Bool ((<= Expr Expr) (>= Expr Expr) (= Expr Expr) (and Start Start) (or Start Start) (not Start))) (Expr Int (i N len min max kveq  (+ Expr Expr) (- Expr Expr)))))
(synth-fun inv2 ((i Int) (N Int) (len Int) (min Int) (max Int) (kveq Int)) Bool ((Start Bool) (Expr Int)) ((Start Bool ((<= Expr Expr) (>= Expr Expr) (= Expr Expr) (and Start Start) (or Start Start) (not Start))) (Expr Int (i N len min max kveq (+ Expr Expr) (- Expr Expr)))))

(declare-var N Int)
(declare-var len Int)
(declare-var len1 Int)
(declare-var i Int)
(declare-var i1 Int)
(declare-var i_old Int)
(declare-var min Int)
(declare-var min1 Int)
(declare-var max Int)
(declare-var max1 Int)
(declare-var kveq Int)
(declare-var kveq1 Int)
(declare-var k Int)
(declare-var v Int)
(declare-var ret1 Int)

(define-fun MAX () Int 128)
(define-fun MIN () Int -129)
(define-fun is_valid ((x Int)) Bool (or (= x 1) (= x 0)))

(constraint (insert 2 2 2 0 1 1 3 0 2 1))
(constraint (insert1 0 0 1 0 0 1 1 0 0 1))

(constraint (insert 0 0 0 128 (- 129) 1 1 0 0 1))
(constraint (insert 1 1 1 0 0 1 2 0 1 1))
(constraint (find 0 1 0 0 1 0))
(constraint (find 2 3 0 2 1 2))
(constraint (=> (and (> N 0) (= len 0) (= i 0) (= min MAX) (= max MIN) (= kveq 1)) (inv1 i N len min max kveq)))
(constraint (=> (and (inv1 i N len min max kveq) (is_valid kveq) (< i N) (= k i) (= v i) (insert k v len min max kveq len1 min1 max1 kveq1) (= i1 (+ i 1))) (inv1 i1 N len1 min1 max1 kveq1)))
(constraint (=> (and (inv1 i_old N len min max kveq) (is_valid kveq) (not (< i_old N)) (= i 0)) (inv2 i N len min max kveq)))
(constraint (=> (and (inv2 i N len min max kveq) (is_valid kveq) (< i N) (= k i) (= v i) (insert1 k v len min max kveq len1 min1 max1 kveq1) (= i1 (+ i 1))) (inv2 i1 N len1 min1 max1 kveq1)))
(constraint (=> (and (inv2 i N len min max kveq) (is_valid kveq) (not (< i N)) (>= k 0) (< k N) (= k max) (find k len min max kveq ret1)) (not (= ret1 MAX))))

(check-synth)
==============================================================
   -> Checking if specs have changed...
      -> SYGUS files are different. Continuing iteration.

==================== Iteration: 5 ====================
TIMEOUT : 100
   -> Parsing SYGUS file: /Dualis/scripts/../benchmarks/ContextualCVC5_working_temp/AtomicHashMap5/AtomicHashMap5.sy
   -> Starting CVC5 with a 1000-second timeout...
      -> Logging CVC5 output to iter_5.log
   -> CVC5 completed successfully.
   -> Writing new specs to harness: AtomicHashMap5_fuzz.cpp...
      -> Successfully created working copy '/Dualis/scripts/../benchmarks/ContextualCVC5_working_temp/AtomicHashMap5/AtomicHashMap5_fuzz.cpp'.
   -> Starting AFL++(AtomicHashMap5_fuzz) with a 100-second timeout...
   -> Building AFL-instrumented binary: /Dualis/scripts/../benchmarks/ContextualCVC5_working_temp/AtomicHashMap5/AtomicHashMap5_fuzz
   -> AFL++(AtomicHashMap5_fuzz) finished its fuzzing session.
   -> Checking fuzzing outputs for counterexamples...
Checking crashes
   -> Found 1 crash reports. Testing reproducibility...
   -> CRASH REPRODUCED with id:000000,sig:06,src:000001,time:145,execs:463,op:havoc,rep:7
Checking queue
   -> Found 8 crash reports. Testing reproducibility...
Checking hangs
   -> Converting counterexamples for 'AtomicHashMap5'...
       -> Found and validated 7 new constraints.
   -> Updating CHC file with new counterexamples...

=============== Artifacts This Iteration ===============

--- Generated Specs ---
  insert: (!(len1 == max))
  insert1: (!(max1 == len1))
  find: (ret1 <= (kveq + kveq))
  inv1: (i <= i)
  inv2: (min <= (i + min))

--- New Test Cases Found ---

--- Updated SYGUS (for next iteration) ---
(set-logic LIA)

(synth-fun insert ((k Int) (v Int) (len Int) (min Int) (max Int) (kveq Int) (len1 Int) (min1 Int) (max1 Int) (kveq1 Int)) Bool ((Start Bool) (Expr Int)) ((Start Bool ((<= Expr Expr) (>= Expr Expr) (= Expr Expr) (and Start Start) (or Start Start) (not Start))) (Expr Int (k v len min max kveq len1 min1 max1 kveq1  (+ Expr Expr) (- Expr Expr)))))
(synth-fun insert1 ((k Int) (v Int) (len Int) (min Int) (max Int) (kveq Int) (len1 Int) (min1 Int) (max1 Int) (kveq1 Int)) Bool ((Start Bool) (Expr Int)) ((Start Bool ((<= Expr Expr) (>= Expr Expr) (= Expr Expr) (and Start Start) (or Start Start) (not Start))) (Expr Int (k v len min max kveq len1 min1 max1 kveq1 (+ Expr Expr) (- Expr Expr)))))
(synth-fun find ((k Int) (len Int) (min Int) (max Int) (kveq Int) (ret1 Int)) Bool ((Start Bool) (Expr Int)) ((Start Bool ((<= Expr Expr) (>= Expr Expr) (= Expr Expr) (and Start Start) (or Start Start) (not Start))) (Expr Int (k len min max kveq ret1 (+ Expr Expr) (- Expr Expr)))))
(synth-fun inv1 ((i Int) (N Int) (len Int) (min Int) (max Int) (kveq Int)) Bool ((Start Bool) (Expr Int)) ((Start Bool ((<= Expr Expr) (>= Expr Expr) (= Expr Expr) (and Start Start) (or Start Start) (not Start))) (Expr Int (i N len min max kveq  (+ Expr Expr) (- Expr Expr)))))
(synth-fun inv2 ((i Int) (N Int) (len Int) (min Int) (max Int) (kveq Int)) Bool ((Start Bool) (Expr Int)) ((Start Bool ((<= Expr Expr) (>= Expr Expr) (= Expr Expr) (and Start Start) (or Start Start) (not Start))) (Expr Int (i N len min max kveq (+ Expr Expr) (- Expr Expr)))))

(declare-var N Int)
(declare-var len Int)
(declare-var len1 Int)
(declare-var i Int)
(declare-var i1 Int)
(declare-var i_old Int)
(declare-var min Int)
(declare-var min1 Int)
(declare-var max Int)
(declare-var max1 Int)
(declare-var kveq Int)
(declare-var kveq1 Int)
(declare-var k Int)
(declare-var v Int)
(declare-var ret1 Int)

(define-fun MAX () Int 128)
(define-fun MIN () Int -129)
(define-fun is_valid ((x Int)) Bool (or (= x 1) (= x 0)))

(constraint (find 9 10 0 9 1 9))

(constraint (insert 2 2 2 0 1 1 3 0 2 1))
(constraint (insert1 0 0 1 0 0 1 1 0 0 1))
(constraint (insert 0 0 0 128 (- 129) 1 1 0 0 1))
(constraint (insert 1 1 1 0 0 1 2 0 1 1))
(constraint (find 0 1 0 0 1 0))
(constraint (find 2 3 0 2 1 2))
(constraint (=> (and (> N 0) (= len 0) (= i 0) (= min MAX) (= max MIN) (= kveq 1)) (inv1 i N len min max kveq)))
(constraint (=> (and (inv1 i N len min max kveq) (is_valid kveq) (< i N) (= k i) (= v i) (insert k v len min max kveq len1 min1 max1 kveq1) (= i1 (+ i 1))) (inv1 i1 N len1 min1 max1 kveq1)))
(constraint (=> (and (inv1 i_old N len min max kveq) (is_valid kveq) (not (< i_old N)) (= i 0)) (inv2 i N len min max kveq)))
(constraint (=> (and (inv2 i N len min max kveq) (is_valid kveq) (< i N) (= k i) (= v i) (insert1 k v len min max kveq len1 min1 max1 kveq1) (= i1 (+ i 1))) (inv2 i1 N len1 min1 max1 kveq1)))
(constraint (=> (and (inv2 i N len min max kveq) (is_valid kveq) (not (< i N)) (>= k 0) (< k N) (= k max) (find k len min max kveq ret1)) (not (= ret1 MAX))))

(check-synth)
==============================================================
   -> Checking if specs have changed...
      -> SYGUS files are different. Continuing iteration.

==================== Iteration: 6 ====================
TIMEOUT : 120
   -> Parsing SYGUS file: /Dualis/scripts/../benchmarks/ContextualCVC5_working_temp/AtomicHashMap5/AtomicHashMap5.sy
   -> Starting CVC5 with a 1000-second timeout...
      -> Logging CVC5 output to iter_6.log
   -> CVC5 completed successfully.
   -> Writing new specs to harness: AtomicHashMap5_fuzz.cpp...
      -> Successfully created working copy '/Dualis/scripts/../benchmarks/ContextualCVC5_working_temp/AtomicHashMap5/AtomicHashMap5_fuzz.cpp'.
   -> Starting AFL++(AtomicHashMap5_fuzz) with a 120-second timeout...
   -> Building AFL-instrumented binary: /Dualis/scripts/../benchmarks/ContextualCVC5_working_temp/AtomicHashMap5/AtomicHashMap5_fuzz
   -> AFL++(AtomicHashMap5_fuzz) finished its fuzzing session.
   -> Checking fuzzing outputs for counterexamples...
Checking crashes
   -> Found 1 crash reports. Testing reproducibility...
   -> CRASH REPRODUCED with id:000000,sig:06,src:000001,time:132,execs:155,op:havoc,rep:15
Checking queue
   -> Found 6 crash reports. Testing reproducibility...
Checking hangs
   -> Converting counterexamples for 'AtomicHashMap5'...
       -> Found and validated 8 new constraints.
   -> Updating CHC file with new counterexamples...

=============== Artifacts This Iteration ===============

--- Generated Specs ---
  insert: (!(v == len1))
  insert1: (!(kveq1 <= k))
  find: (ret1 <= (max + k))
  inv1: (i <= i)
  inv2: (i <= kveq)

--- New Test Cases Found ---

--- Updated SYGUS (for next iteration) ---
(set-logic LIA)

(synth-fun insert ((k Int) (v Int) (len Int) (min Int) (max Int) (kveq Int) (len1 Int) (min1 Int) (max1 Int) (kveq1 Int)) Bool ((Start Bool) (Expr Int)) ((Start Bool ((<= Expr Expr) (>= Expr Expr) (= Expr Expr) (and Start Start) (or Start Start) (not Start))) (Expr Int (k v len min max kveq len1 min1 max1 kveq1  (+ Expr Expr) (- Expr Expr)))))
(synth-fun insert1 ((k Int) (v Int) (len Int) (min Int) (max Int) (kveq Int) (len1 Int) (min1 Int) (max1 Int) (kveq1 Int)) Bool ((Start Bool) (Expr Int)) ((Start Bool ((<= Expr Expr) (>= Expr Expr) (= Expr Expr) (and Start Start) (or Start Start) (not Start))) (Expr Int (k v len min max kveq len1 min1 max1 kveq1 (+ Expr Expr) (- Expr Expr)))))
(synth-fun find ((k Int) (len Int) (min Int) (max Int) (kveq Int) (ret1 Int)) Bool ((Start Bool) (Expr Int)) ((Start Bool ((<= Expr Expr) (>= Expr Expr) (= Expr Expr) (and Start Start) (or Start Start) (not Start))) (Expr Int (k len min max kveq ret1 (+ Expr Expr) (- Expr Expr)))))
(synth-fun inv1 ((i Int) (N Int) (len Int) (min Int) (max Int) (kveq Int)) Bool ((Start Bool) (Expr Int)) ((Start Bool ((<= Expr Expr) (>= Expr Expr) (= Expr Expr) (and Start Start) (or Start Start) (not Start))) (Expr Int (i N len min max kveq  (+ Expr Expr) (- Expr Expr)))))
(synth-fun inv2 ((i Int) (N Int) (len Int) (min Int) (max Int) (kveq Int)) Bool ((Start Bool) (Expr Int)) ((Start Bool ((<= Expr Expr) (>= Expr Expr) (= Expr Expr) (and Start Start) (or Start Start) (not Start))) (Expr Int (i N len min max kveq (+ Expr Expr) (- Expr Expr)))))

(declare-var N Int)
(declare-var len Int)
(declare-var len1 Int)
(declare-var i Int)
(declare-var i1 Int)
(declare-var i_old Int)
(declare-var min Int)
(declare-var min1 Int)
(declare-var max Int)
(declare-var max1 Int)
(declare-var kveq Int)
(declare-var kveq1 Int)
(declare-var k Int)
(declare-var v Int)
(declare-var ret1 Int)

(define-fun MAX () Int 128)
(define-fun MIN () Int -129)
(define-fun is_valid ((x Int)) Bool (or (= x 1) (= x 0)))

(constraint (insert1 1 1 6 0 5 1 6 0 5 1))

(constraint (find 9 10 0 9 1 9))
(constraint (insert 2 2 2 0 1 1 3 0 2 1))
(constraint (insert1 0 0 1 0 0 1 1 0 0 1))
(constraint (insert 0 0 0 128 (- 129) 1 1 0 0 1))
(constraint (insert 1 1 1 0 0 1 2 0 1 1))
(constraint (find 0 1 0 0 1 0))
(constraint (find 2 3 0 2 1 2))
(constraint (=> (and (> N 0) (= len 0) (= i 0) (= min MAX) (= max MIN) (= kveq 1)) (inv1 i N len min max kveq)))
(constraint (=> (and (inv1 i N len min max kveq) (is_valid kveq) (< i N) (= k i) (= v i) (insert k v len min max kveq len1 min1 max1 kveq1) (= i1 (+ i 1))) (inv1 i1 N len1 min1 max1 kveq1)))
(constraint (=> (and (inv1 i_old N len min max kveq) (is_valid kveq) (not (< i_old N)) (= i 0)) (inv2 i N len min max kveq)))
(constraint (=> (and (inv2 i N len min max kveq) (is_valid kveq) (< i N) (= k i) (= v i) (insert1 k v len min max kveq len1 min1 max1 kveq1) (= i1 (+ i 1))) (inv2 i1 N len1 min1 max1 kveq1)))
(constraint (=> (and (inv2 i N len min max kveq) (is_valid kveq) (not (< i N)) (>= k 0) (< k N) (= k max) (find k len min max kveq ret1)) (not (= ret1 MAX))))

(check-synth)
==============================================================
   -> Checking if specs have changed...
      -> SYGUS files are different. Continuing iteration.

==================== Iteration: 7 ====================
TIMEOUT : 140
   -> Parsing SYGUS file: /Dualis/scripts/../benchmarks/ContextualCVC5_working_temp/AtomicHashMap5/AtomicHashMap5.sy
   -> Starting CVC5 with a 1000-second timeout...
      -> Logging CVC5 output to iter_7.log
   -> ERROR: CVC5 timed out. Terminating.

==================== Finalizing Pipeline ====================

====================== Pipeline Finished =====================
Total External Iterations: 7
Total Unique Test Cases Found: 30
pipeline.run() took 0.3627 seconds.
Running command: /usr/bin/python3 chcverifynfuzz.py ContextualCVC5 AtomicHashMap5
PID: 26
========================================


Total Pipeline Duration: 1882.38s
