
========================================
         Starting Pipeline for: SkipList2 (Mode: ContextualCVC5)
========================================
Initializing pipeline for benchmark: 'SkipList2'
   -> Loading and validating attributes from: /Dualis/scripts/../benchmarks/Classical/SkipList2/Attributes.txt
      -> Validation successful. Attribute file is consistent.
Total External Iterations: 0
Total Unique Test Cases Found: 0

==================== Iteration: 1 ====================
TIMEOUT : 20
   -> Parsing SYGUS file: /Dualis/scripts/../benchmarks/ContextualCVC5_working_temp/SkipList2/SkipList2.sy
   -> Starting CVC5 with a 1000-second timeout...
      -> Logging CVC5 output to iter_1.log
   -> CVC5 completed successfully.
   -> Writing new specs to harness: SkipList2_fuzz.cpp...
      -> Successfully created working copy '/Dualis/scripts/../benchmarks/ContextualCVC5_working_temp/SkipList2/SkipList2_fuzz.cpp'.
   -> Starting AFL++(SkipList2_fuzz) with a 20-second timeout...
   -> Building AFL-instrumented binary: /Dualis/scripts/../benchmarks/ContextualCVC5_working_temp/SkipList2/SkipList2_fuzz
   -> AFL++(SkipList2_fuzz) finished its fuzzing session.
   -> Checking fuzzing outputs for counterexamples...
Checking crashes
   -> Found 1 crash reports. Testing reproducibility...
   -> CRASH REPRODUCED with id:000000,sig:06,src:000003,time:0,execs:36,op:havoc,rep:3
Checking queue
   -> Found 13 crash reports. Testing reproducibility...
   -> CRASH REPRODUCED with id:000007,time:0,execs:0,orig:insremlwb
   -> CRASH REPRODUCED with id:000010,time:0,execs:0,orig:remlwb
   -> CRASH REPRODUCED with id:000006,time:0,execs:0,orig:insrem
   -> CRASH REPRODUCED with id:000008,time:0,execs:0,orig:lwbrem
   -> CRASH REPRODUCED with id:000002,time:0,execs:0,orig:2rem
   -> CRASH REPRODUCED with id:000004,time:0,execs:0,orig:inslwb
   -> CRASH REPRODUCED with id:000009,time:0,execs:0,orig:remins
   -> CRASH REPRODUCED with id:000005,time:0,execs:0,orig:inslwbrem
   -> CRASH REPRODUCED with id:000000,time:0,execs:0,orig:2ins
   -> CRASH REPRODUCED with id:000001,time:0,execs:0,orig:2lwb
Checking hangs
   -> Converting counterexamples for 'SkipList2'...
       -> Found and validated 7 new constraints.
   -> Updating CHC file with new counterexamples...

=============== Artifacts This Iteration ===============

--- Generated Specs ---
  insert: (max == len)
  lower_bound: (k <= lb_ret1)
  inv1: (i == i)

--- New Test Cases Found ---

--- Updated SYGUS (for next iteration) ---
(set-logic LIA)

(synth-fun insert ((v Int) (isPresent Int) (min Int) (max Int) (len Int) (isPresent1 Int) (min1 Int) (max1 Int) (len1 Int)) Bool ((Start Bool) (Expr Int)) ((Start Bool ((<= Expr Expr) (>= Expr Expr) (= Expr Expr) (and Start Start) (or Start Start) (not Start))) (Expr Int ((+ Expr Expr) (- Expr Expr) v isPresent min max len isPresent1 min1 max1 len1))))
(synth-fun lower_bound ((k Int) (min Int) (max Int) (lb_ret1 Int)) Bool ((Start Bool) (Expr Int)) ((Start Bool ((<= Expr Expr) (>= Expr Expr) (= Expr Expr) (and Start Start) (or Start Start) (not Start))) (Expr Int ((+ Expr Expr) (- Expr Expr) k min max lb_ret1))))
(synth-fun inv1 ((i Int) (N Int) (min Int) (max Int) (len Int)) Bool ((Start Bool) (Expr Int)) ((Start Bool ((<= Expr Expr) (>= Expr Expr) (= Expr Expr) (and Start Start) (or Start Start) (not Start))) (Expr Int ((+ Expr Expr) (- Expr Expr) i N min max len))))

(declare-var N Int)
(declare-var i Int)
(declare-var i1 Int)
(declare-var min Int)
(declare-var min1 Int)
(declare-var max Int)
(declare-var max1 Int)
(declare-var isPresent Int)
(declare-var isPresent1 Int)
(declare-var len Int)
(declare-var len1 Int)
(declare-var k Int)
(declare-var v Int)
(declare-var lb_ret1 Int)

(define-fun is_valid ((x Int)) Bool (or (= x 1) (= x 0)))
(define-fun MAX () Int 128)
(define-fun MIN () Int -129)

(constraint (lower_bound 1 0 65 1))
(constraint (lower_bound 0 0 118 0))
(constraint (lower_bound 0 0 0 0))
(constraint (lower_bound 3 0 126 3))
(constraint (insert 2 0 0 1 2 1 0 2 3))
(constraint (insert 3 0 0 2 3 1 0 3 4))
(constraint (insert 0 0 128 (- 129) 0 1 0 0 1))

(constraint (=> (and (> N 0) (= min MAX) (= max MIN) (= len 0) (= i 0)) (inv1 i N min max len)))
(constraint (=> (and (inv1 i N min max len) (is_valid isPresent) (< i N) (= v i) (insert v isPresent min max len isPresent1 min1 max1 len1) (= i1 (+ i 1))) (inv1 i1 N min1 max1 len1)))
(constraint (=> (and (inv1 i N min max len) (not (< i N)) (>= k 0) (< k N) (lower_bound k min max lb_ret1)) (>= lb_ret1 k)))

(check-synth)
==============================================================
   -> Checking if specs have changed...
      -> SYGUS files are different. Continuing iteration.

==================== Iteration: 2 ====================
TIMEOUT : 40
   -> Parsing SYGUS file: /Dualis/scripts/../benchmarks/ContextualCVC5_working_temp/SkipList2/SkipList2.sy
   -> Starting CVC5 with a 1000-second timeout...
      -> Logging CVC5 output to iter_2.log
   -> CVC5 completed successfully.
   -> Writing new specs to harness: SkipList2_fuzz.cpp...
      -> Successfully created working copy '/Dualis/scripts/../benchmarks/ContextualCVC5_working_temp/SkipList2/SkipList2_fuzz.cpp'.
   -> Starting AFL++(SkipList2_fuzz) with a 40-second timeout...
   -> Building AFL-instrumented binary: /Dualis/scripts/../benchmarks/ContextualCVC5_working_temp/SkipList2/SkipList2_fuzz
   -> AFL++(SkipList2_fuzz) finished its fuzzing session.
   -> Checking fuzzing outputs for counterexamples...
Checking crashes
Checking queue
   -> Found 62 crash reports. Testing reproducibility...
Checking hangs
   -> Converting counterexamples for 'SkipList2'...
       -> Found and validated 7 new constraints.
   -> Updating CHC file with new counterexamples...

=============== Artifacts This Iteration ===============

--- Generated Specs ---
  insert: (max1 == v)
  lower_bound: (k <= lb_ret1)
  inv1: (i == i)

--- New Test Cases Found ---

--- Updated SYGUS (for next iteration) ---
(set-logic LIA)

(synth-fun insert ((v Int) (isPresent Int) (min Int) (max Int) (len Int) (isPresent1 Int) (min1 Int) (max1 Int) (len1 Int)) Bool ((Start Bool) (Expr Int)) ((Start Bool ((<= Expr Expr) (>= Expr Expr) (= Expr Expr) (and Start Start) (or Start Start) (not Start))) (Expr Int ((+ Expr Expr) (- Expr Expr) v isPresent min max len isPresent1 min1 max1 len1))))
(synth-fun lower_bound ((k Int) (min Int) (max Int) (lb_ret1 Int)) Bool ((Start Bool) (Expr Int)) ((Start Bool ((<= Expr Expr) (>= Expr Expr) (= Expr Expr) (and Start Start) (or Start Start) (not Start))) (Expr Int ((+ Expr Expr) (- Expr Expr) k min max lb_ret1))))
(synth-fun inv1 ((i Int) (N Int) (min Int) (max Int) (len Int)) Bool ((Start Bool) (Expr Int)) ((Start Bool ((<= Expr Expr) (>= Expr Expr) (= Expr Expr) (and Start Start) (or Start Start) (not Start))) (Expr Int ((+ Expr Expr) (- Expr Expr) i N min max len))))

(declare-var N Int)
(declare-var i Int)
(declare-var i1 Int)
(declare-var min Int)
(declare-var min1 Int)
(declare-var max Int)
(declare-var max1 Int)
(declare-var isPresent Int)
(declare-var isPresent1 Int)
(declare-var len Int)
(declare-var len1 Int)
(declare-var k Int)
(declare-var v Int)
(declare-var lb_ret1 Int)

(define-fun is_valid ((x Int)) Bool (or (= x 1) (= x 0)))
(define-fun MAX () Int 128)
(define-fun MIN () Int -129)


(constraint (lower_bound 1 0 65 1))
(constraint (lower_bound 0 0 118 0))
(constraint (lower_bound 0 0 0 0))
(constraint (lower_bound 3 0 126 3))
(constraint (insert 2 0 0 1 2 1 0 2 3))
(constraint (insert 3 0 0 2 3 1 0 3 4))
(constraint (insert 0 0 128 (- 129) 0 1 0 0 1))
(constraint (=> (and (> N 0) (= min MAX) (= max MIN) (= len 0) (= i 0)) (inv1 i N min max len)))
(constraint (=> (and (inv1 i N min max len) (is_valid isPresent) (< i N) (= v i) (insert v isPresent min max len isPresent1 min1 max1 len1) (= i1 (+ i 1))) (inv1 i1 N min1 max1 len1)))
(constraint (=> (and (inv1 i N min max len) (not (< i N)) (>= k 0) (< k N) (lower_bound k min max lb_ret1)) (>= lb_ret1 k)))

(check-synth)
==============================================================
   -> Checking if specs have changed...
      -> SYGUS files are different. Continuing iteration.

==================== Iteration: 3 ====================
TIMEOUT : 60
   -> Parsing SYGUS file: /Dualis/scripts/../benchmarks/ContextualCVC5_working_temp/SkipList2/SkipList2.sy
   -> Starting CVC5 with a 1000-second timeout...
      -> Logging CVC5 output to iter_3.log
   -> CVC5 completed successfully.
   -> Writing new specs to harness: SkipList2_fuzz.cpp...
      -> Successfully created working copy '/Dualis/scripts/../benchmarks/ContextualCVC5_working_temp/SkipList2/SkipList2_fuzz.cpp'.
   -> Starting AFL++(SkipList2_fuzz) with a 60-second timeout...
   -> Building AFL-instrumented binary: /Dualis/scripts/../benchmarks/ContextualCVC5_working_temp/SkipList2/SkipList2_fuzz
   -> AFL++(SkipList2_fuzz) finished its fuzzing session.
   -> Checking fuzzing outputs for counterexamples...
Checking crashes
Checking queue
   -> Found 60 crash reports. Testing reproducibility...
Checking hangs
   -> Converting counterexamples for 'SkipList2'...
       -> Found and validated 7 new constraints.
   -> Updating CHC file with new counterexamples...

=============== Artifacts This Iteration ===============

--- Generated Specs ---
  insert: (max1 == v)
  lower_bound: (k <= lb_ret1)
  inv1: (i == i)

--- New Test Cases Found ---

--- Updated SYGUS (for next iteration) ---
(set-logic LIA)

(synth-fun insert ((v Int) (isPresent Int) (min Int) (max Int) (len Int) (isPresent1 Int) (min1 Int) (max1 Int) (len1 Int)) Bool ((Start Bool) (Expr Int)) ((Start Bool ((<= Expr Expr) (>= Expr Expr) (= Expr Expr) (and Start Start) (or Start Start) (not Start))) (Expr Int ((+ Expr Expr) (- Expr Expr) v isPresent min max len isPresent1 min1 max1 len1))))
(synth-fun lower_bound ((k Int) (min Int) (max Int) (lb_ret1 Int)) Bool ((Start Bool) (Expr Int)) ((Start Bool ((<= Expr Expr) (>= Expr Expr) (= Expr Expr) (and Start Start) (or Start Start) (not Start))) (Expr Int ((+ Expr Expr) (- Expr Expr) k min max lb_ret1))))
(synth-fun inv1 ((i Int) (N Int) (min Int) (max Int) (len Int)) Bool ((Start Bool) (Expr Int)) ((Start Bool ((<= Expr Expr) (>= Expr Expr) (= Expr Expr) (and Start Start) (or Start Start) (not Start))) (Expr Int ((+ Expr Expr) (- Expr Expr) i N min max len))))

(declare-var N Int)
(declare-var i Int)
(declare-var i1 Int)
(declare-var min Int)
(declare-var min1 Int)
(declare-var max Int)
(declare-var max1 Int)
(declare-var isPresent Int)
(declare-var isPresent1 Int)
(declare-var len Int)
(declare-var len1 Int)
(declare-var k Int)
(declare-var v Int)
(declare-var lb_ret1 Int)

(define-fun is_valid ((x Int)) Bool (or (= x 1) (= x 0)))
(define-fun MAX () Int 128)
(define-fun MIN () Int -129)


(constraint (lower_bound 1 0 65 1))
(constraint (lower_bound 0 0 118 0))
(constraint (lower_bound 0 0 0 0))
(constraint (lower_bound 3 0 126 3))
(constraint (insert 2 0 0 1 2 1 0 2 3))
(constraint (insert 3 0 0 2 3 1 0 3 4))
(constraint (insert 0 0 128 (- 129) 0 1 0 0 1))
(constraint (=> (and (> N 0) (= min MAX) (= max MIN) (= len 0) (= i 0)) (inv1 i N min max len)))
(constraint (=> (and (inv1 i N min max len) (is_valid isPresent) (< i N) (= v i) (insert v isPresent min max len isPresent1 min1 max1 len1) (= i1 (+ i 1))) (inv1 i1 N min1 max1 len1)))
(constraint (=> (and (inv1 i N min max len) (not (< i N)) (>= k 0) (< k N) (lower_bound k min max lb_ret1)) (>= lb_ret1 k)))

(check-synth)
==============================================================
   -> Checking if specs have changed...
      -> SYGUS files are identical. Pipeline has converged.
   -> 15-minute deep fuzzing converged. Pipeline complete.

==================== Finalizing Pipeline ====================

====================== Pipeline Finished =====================
Total External Iterations: 3
Total Unique Test Cases Found: 21
pipeline.run() took 0.1643 seconds.
Running command: /usr/bin/python3 chcverifynfuzz.py ContextualCVC5 SkipList2
PID: 32
========================================


Total Pipeline Duration: 125.17s
