
========================================
         Starting Pipeline for: SkipList5 (Mode: ContextualCVC5)
========================================
Initializing pipeline for benchmark: 'SkipList5'
   -> Loading and validating attributes from: /Dualis/scripts/../benchmarks/Classical/SkipList5/Attributes.txt
      -> Validation successful. Attribute file is consistent.
Total External Iterations: 0
Total Unique Test Cases Found: 0

==================== Iteration: 1 ====================
TIMEOUT : 20
   -> Parsing SYGUS file: /Dualis/scripts/../benchmarks/ContextualCVC5_working_temp/SkipList5/SkipList5.sy
   -> Starting CVC5 with a 1000-second timeout...
      -> Logging CVC5 output to iter_1.log
   -> CVC5 completed successfully.
   -> Writing new specs to harness: SkipList5_fuzz.cpp...
      -> Successfully created working copy '/Dualis/scripts/../benchmarks/ContextualCVC5_working_temp/SkipList5/SkipList5_fuzz.cpp'.
   -> Starting AFL++(SkipList5_fuzz) with a 20-second timeout...
   -> Building AFL-instrumented binary: /Dualis/scripts/../benchmarks/ContextualCVC5_working_temp/SkipList5/SkipList5_fuzz
   -> AFL++(SkipList5_fuzz) finished its fuzzing session.
   -> Checking fuzzing outputs for counterexamples...
Checking crashes
   -> Found 1 crash reports. Testing reproducibility...
   -> CRASH REPRODUCED with id:000000,sig:06,src:000003,time:0,execs:29,op:havoc,rep:12
Checking queue
   -> Found 13 crash reports. Testing reproducibility...
   -> CRASH REPRODUCED with id:000007,time:0,execs:0,orig:insremlwb
   -> CRASH REPRODUCED with id:000010,time:0,execs:0,orig:remlwb
   -> CRASH REPRODUCED with id:000006,time:0,execs:0,orig:insrem
   -> CRASH REPRODUCED with id:000008,time:0,execs:0,orig:lwbrem
   -> CRASH REPRODUCED with id:000002,time:0,execs:0,orig:2rem
   -> CRASH REPRODUCED with id:000004,time:0,execs:0,orig:inslwb
   -> CRASH REPRODUCED with id:000009,time:0,execs:0,orig:remins
   -> CRASH REPRODUCED with id:000005,time:0,execs:0,orig:inslwbrem
   -> CRASH REPRODUCED with id:000000,time:0,execs:0,orig:2ins
   -> CRASH REPRODUCED with id:000001,time:0,execs:0,orig:2lwb
Checking hangs
   -> Converting counterexamples for 'SkipList5'...
       -> Found and validated 1 new constraints.
   -> Updating CHC file with new counterexamples...

=============== Artifacts This Iteration ===============

--- Generated Specs ---
  insert: (!(isPresent == isPresent))
  inv1: (!(N <= i))

--- New Test Cases Found ---

--- Updated SYGUS (for next iteration) ---
(set-logic LIA)

(synth-fun insert ((v Int) (isPresent Int) (min Int) (max Int) (len Int) (isPresent1 Int) (min1 Int) (max1 Int) (len1 Int)) Bool ((Start Bool) (Expr Int))((Start Bool ((<= Expr Expr) (>= Expr Expr) (= Expr Expr) (and Start Start) (or Start Start) (not Start)))(Expr Int (v isPresent min max len isPresent1 min1 max1 len1 (+ Expr Expr) (- Expr Expr)))))
(synth-fun inv1 ((i Int) (N Int) (isPresent Int) (min Int) (max Int) (len Int)) Bool((Start Bool) (Expr Int))((Start Bool ((<= Expr Expr) (>= Expr Expr) (= Expr Expr) (and Start Start) (or Start Start) (not Start)))(Expr Int (i N isPresent min max len (+ Expr Expr) (- Expr Expr)))))

(declare-var N Int)
(declare-var i Int)
(declare-var i1 Int)
(declare-var min Int)
(declare-var min1 Int)
(declare-var max Int)
(declare-var max1 Int)
(declare-var isPresent Int)
(declare-var isPresent1 Int)
(declare-var len Int)
(declare-var len1 Int)
(declare-var v Int)

(define-fun MAX () Int 128)
(define-fun MIN () Int -129)
(define-fun is_valid ((x Int)) Bool (or (= x 1) (= x 0)))

(constraint (insert 1 0 128 (- 129) 0 1 1 1 1))

(constraint (=> (and (> N 0) (= i 0) (= min MAX) (= max MIN) (= len 0)) (inv1 i N isPresent min max len)))
(constraint (=> (and (inv1 i N isPresent min max len) (is_valid isPresent) (< i N) (= v 1) (insert v isPresent min max len isPresent1 min1 max1 len1) (= i1 (+ i 1))) (inv1 i1 N isPresent1 min1 max1 len1)))
(constraint (=> (and (inv1 i N isPresent min max len) (is_valid isPresent) (not (< i N))) (= len 1)))

(check-synth)
==============================================================
   -> Checking if specs have changed...
      -> SYGUS files are different. Continuing iteration.

==================== Iteration: 2 ====================
TIMEOUT : 40
   -> Parsing SYGUS file: /Dualis/scripts/../benchmarks/ContextualCVC5_working_temp/SkipList5/SkipList5.sy
   -> Starting CVC5 with a 1000-second timeout...
      -> Logging CVC5 output to iter_2.log
   -> ERROR: CVC5 timed out. Terminating.

==================== Finalizing Pipeline ====================

====================== Pipeline Finished =====================
Total External Iterations: 2
Total Unique Test Cases Found: 1
pipeline.run() took 0.1458 seconds.
Running command: /usr/bin/python3 chcverifynfuzz.py ContextualCVC5 SkipList5
PID: 34
========================================


Total Pipeline Duration: 1024.32s
