
========================================
         Starting Pipeline for: TokenBucket3 (Mode: ContextualCVC5)
========================================
Initializing pipeline for benchmark: 'TokenBucket3'
   -> Loading and validating attributes from: /Dualis/scripts/../benchmarks/Classical/TokenBucket3/Attributes.txt
      -> Validation successful. Attribute file is consistent.
Total External Iterations: 0
Total Unique Test Cases Found: 0

==================== Iteration: 1 ====================
TIMEOUT : 20
   -> Parsing SYGUS file: /Dualis/scripts/../benchmarks/ContextualCVC5_working_temp/TokenBucket3/TokenBucket3.sy
   -> Starting CVC5 with a 1000-second timeout...
      -> Logging CVC5 output to iter_1.log
   -> CVC5 completed successfully.
   -> Writing new specs to harness: TokenBucket3_fuzz.cpp...
      -> Successfully created working copy '/Dualis/scripts/../benchmarks/ContextualCVC5_working_temp/TokenBucket3/TokenBucket3_fuzz.cpp'.
   -> Starting AFL++(TokenBucket3_fuzz) with a 20-second timeout...
   -> Building AFL-instrumented binary: /Dualis/scripts/../benchmarks/ContextualCVC5_working_temp/TokenBucket3/TokenBucket3_fuzz
   -> ERROR: AFL++(TokenBucket3_fuzz) failed with exit code 1.
      AFL++ Error Output:
[1;92m[+] [0mEnabled environment variable AFL_I_DONT_CARE_ABOUT_MISSING_CRASHES with value 1[0m
[1;92m[+] [0mEnabled environment variable AFL_NO_UI with value 1[0m
[1;92m[+] [0mEnabled environment variable AFL_CMPLOG_ONLY_NEW with value 1[0m
[1;92m[+] [0mEnabled environment variable AFL_DEBUG_CHILD with value 1[0m
[1;92m[+] [0mEnabled environment variable AFL_IGNORE_PROBLEMS with value 1[0m
[1;92m[+] [0mEnabled environment variable AFL_SKIP_CPUFREQ with value 1[0m
[1;94m[*] [0mSpinning up the fork server...[0m
[1;92m[+] [0mAll right - new fork server model v1 is up.[0m
[1;94m[*] [0mTarget map size: 223[0m
TokenBucket3_fuzz: /Dualis/scripts/../benchmarks/ContextualCVC5_working_temp/TokenBucket3/TokenBucket3_fuzz.cpp:66: int main(int, char **): Assertion `expr_consume' failed.
TokenBucket3_fuzz: /Dualis/scripts/../benchmarks/ContextualCVC5_working_temp/TokenBucket3/TokenBucket3_fuzz.cpp:66: int main(int, char **): Assertion `expr_consume' failed.
TokenBucket3_fuzz: /Dualis/scripts/../benchmarks/ContextualCVC5_working_temp/TokenBucket3/TokenBucket3_fuzz.cpp:66: int main(int, char **): Assertion `expr_consume' failed.
TokenBucket3_fuzz: /Dualis/scripts/../benchmarks/ContextualCVC5_working_temp/TokenBucket3/TokenBucket3_fuzz.cpp:66: int main(int, char **): Assertion `expr_consume' failed.

   -> Checking fuzzing outputs for counterexamples...
Checking crashes
Checking queue
   -> Found 4 crash reports. Testing reproducibility...
   -> CRASH REPRODUCED with id:000001,time:0,execs:0,orig:2ins
   -> CRASH REPRODUCED with id:000000,time:0,execs:0,orig:2fin
   -> CRASH REPRODUCED with id:000003,time:0,execs:0,orig:insfin
   -> CRASH REPRODUCED with id:000002,time:0,execs:0,orig:finins
Checking hangs
   -> Converting counterexamples for 'TokenBucket3'...
       -> Found and validated 5 new constraints.
   -> Updating CHC file with new counterexamples...

=============== Artifacts This Iteration ===============

--- Generated Specs ---
  generateTokens: (b_size <= avai_tokens1)
  consume: (avai_tokens <= avai_tokens1)
  inv1: (c_rate <= avai_tokens)

--- New Test Cases Found ---

--- Updated SYGUS (for next iteration) ---
(set-logic LIA)

(synth-fun generateTokens ((b_size Int) (avai_tokens1 Int)) Bool ((Start Bool) (Expr Int)) ((Start Bool ((<= Expr Expr)(>= Expr Expr)(= Expr Expr)(and Start Start)(or Start Start)(not Start)))(Expr Int ((+ Expr Expr)(- Expr Expr) b_size avai_tokens1))))
(synth-fun consume ((c_rate Int) (avai_tokens Int) (avai_tokens1 Int)) Bool ((Start Bool) (Expr Int)) ((Start Bool ((<= Expr Expr)(>= Expr Expr)(= Expr Expr)(and Start Start)(or Start Start)(not Start)))(Expr Int ((+ Expr Expr)(- Expr Expr) c_rate avai_tokens avai_tokens1))))
(synth-fun inv1 ((avai_tokens Int) (b_size Int) (c_rate Int) (consumed_tokens Int)) Bool ((Start Bool) (Expr Int)) ((Start Bool ((<= Expr Expr)(>= Expr Expr)(= Expr Expr)(and Start Start)(or Start Start)(not Start)))(Expr Int ((+ Expr Expr)(- Expr Expr) avai_tokens b_size c_rate consumed_tokens))))

(declare-var b_size Int)
(declare-var c_rate Int)
(declare-var avai_tokens Int)
(declare-var avai_tokens1 Int)
(declare-var consumed_tokens Int)
(declare-var consumed_tokens1 Int)
(declare-var token_counter Int)

(constraint (consume 1 255 254))
(constraint (consume 2 255 253))
(constraint (consume 1 1 0))
(constraint (consume 2 3 1))
(constraint (generateTokens 255 255))

(constraint (=> (and (> b_size 0) (> c_rate 0) (>= b_size c_rate) (= consumed_tokens1 0) (generateTokens b_size avai_tokens1)) (inv1 avai_tokens1 b_size c_rate consumed_tokens1)))
(constraint (=> (and (inv1 avai_tokens b_size c_rate consumed_tokens) (>= avai_tokens c_rate) (consume c_rate avai_tokens avai_tokens1) (= consumed_tokens1 (+ consumed_tokens c_rate))) (inv1 avai_tokens1 b_size c_rate consumed_tokens1)))
(constraint (=> (and (inv1 avai_tokens b_size c_rate consumed_tokens) (not (>= avai_tokens c_rate))) (<= consumed_tokens b_size)))

(check-synth)
==============================================================
   -> Checking if specs have changed...
      -> SYGUS files are different. Continuing iteration.

==================== Iteration: 2 ====================
TIMEOUT : 40
   -> Parsing SYGUS file: /Dualis/scripts/../benchmarks/ContextualCVC5_working_temp/TokenBucket3/TokenBucket3.sy
   -> Starting CVC5 with a 1000-second timeout...
      -> Logging CVC5 output to iter_2.log
   -> CVC5 completed successfully.
   -> Writing new specs to harness: TokenBucket3_fuzz.cpp...
      -> Successfully created working copy '/Dualis/scripts/../benchmarks/ContextualCVC5_working_temp/TokenBucket3/TokenBucket3_fuzz.cpp'.
   -> Starting AFL++(TokenBucket3_fuzz) with a 40-second timeout...
   -> Building AFL-instrumented binary: /Dualis/scripts/../benchmarks/ContextualCVC5_working_temp/TokenBucket3/TokenBucket3_fuzz
   -> AFL++(TokenBucket3_fuzz) finished its fuzzing session.
   -> Checking fuzzing outputs for counterexamples...
Checking crashes
Checking queue
   -> Found 14 crash reports. Testing reproducibility...
   -> CRASH REPRODUCED with id:000004,src:000000,time:0,execs:30,op:(null),pos:0,+cov
   -> CRASH REPRODUCED with id:000005,src:000000,time:1,execs:39,op:(null),pos:0
Checking hangs
   -> Found 1 crash reports. Testing reproducibility...
   -> Converting counterexamples for 'TokenBucket3'...
       -> Found and validated 5 new constraints.
   -> Updating CHC file with new counterexamples...

=============== Artifacts This Iteration ===============

--- Generated Specs ---
  generateTokens: ((!(b_size <= avai_tokens1)) || (b_size == avai_tokens1))
  consume: ((avai_tokens1 + c_rate) == avai_tokens)
  inv1: (((avai_tokens + consumed_tokens) <= b_size) && (consumed_tokens <= b_size))

--- New Test Cases Found ---

--- Updated SYGUS (for next iteration) ---
(set-logic LIA)

(synth-fun generateTokens ((b_size Int) (avai_tokens1 Int)) Bool ((Start Bool) (Expr Int)) ((Start Bool ((<= Expr Expr)(>= Expr Expr)(= Expr Expr)(and Start Start)(or Start Start)(not Start)))(Expr Int ((+ Expr Expr)(- Expr Expr) b_size avai_tokens1))))
(synth-fun consume ((c_rate Int) (avai_tokens Int) (avai_tokens1 Int)) Bool ((Start Bool) (Expr Int)) ((Start Bool ((<= Expr Expr)(>= Expr Expr)(= Expr Expr)(and Start Start)(or Start Start)(not Start)))(Expr Int ((+ Expr Expr)(- Expr Expr) c_rate avai_tokens avai_tokens1))))
(synth-fun inv1 ((avai_tokens Int) (b_size Int) (c_rate Int) (consumed_tokens Int)) Bool ((Start Bool) (Expr Int)) ((Start Bool ((<= Expr Expr)(>= Expr Expr)(= Expr Expr)(and Start Start)(or Start Start)(not Start)))(Expr Int ((+ Expr Expr)(- Expr Expr) avai_tokens b_size c_rate consumed_tokens))))

(declare-var b_size Int)
(declare-var c_rate Int)
(declare-var avai_tokens Int)
(declare-var avai_tokens1 Int)
(declare-var consumed_tokens Int)
(declare-var consumed_tokens1 Int)
(declare-var token_counter Int)


(constraint (consume 1 255 254))
(constraint (consume 2 255 253))
(constraint (consume 1 1 0))
(constraint (consume 2 3 1))
(constraint (generateTokens 255 255))
(constraint (=> (and (> b_size 0) (> c_rate 0) (>= b_size c_rate) (= consumed_tokens1 0) (generateTokens b_size avai_tokens1)) (inv1 avai_tokens1 b_size c_rate consumed_tokens1)))
(constraint (=> (and (inv1 avai_tokens b_size c_rate consumed_tokens) (>= avai_tokens c_rate) (consume c_rate avai_tokens avai_tokens1) (= consumed_tokens1 (+ consumed_tokens c_rate))) (inv1 avai_tokens1 b_size c_rate consumed_tokens1)))
(constraint (=> (and (inv1 avai_tokens b_size c_rate consumed_tokens) (not (>= avai_tokens c_rate))) (<= consumed_tokens b_size)))

(check-synth)
==============================================================
   -> Checking if specs have changed...
      -> SYGUS files are different. Continuing iteration.

==================== Iteration: 3 ====================
TIMEOUT : 60
   -> Parsing SYGUS file: /Dualis/scripts/../benchmarks/ContextualCVC5_working_temp/TokenBucket3/TokenBucket3.sy
   -> Starting CVC5 with a 1000-second timeout...
      -> Logging CVC5 output to iter_3.log
   -> CVC5 completed successfully.
   -> Writing new specs to harness: TokenBucket3_fuzz.cpp...
      -> Successfully created working copy '/Dualis/scripts/../benchmarks/ContextualCVC5_working_temp/TokenBucket3/TokenBucket3_fuzz.cpp'.
   -> Starting AFL++(TokenBucket3_fuzz) with a 60-second timeout...
   -> Building AFL-instrumented binary: /Dualis/scripts/../benchmarks/ContextualCVC5_working_temp/TokenBucket3/TokenBucket3_fuzz
   -> AFL++(TokenBucket3_fuzz) finished its fuzzing session.
   -> Checking fuzzing outputs for counterexamples...
Checking crashes
Checking queue
   -> Found 14 crash reports. Testing reproducibility...
   -> CRASH REPRODUCED with id:000005,src:000001,time:3,execs:39,op:(null),pos:0
   -> CRASH REPRODUCED with id:000004,src:000001,time:2,execs:30,op:(null),pos:0,+cov
Checking hangs
   -> Found 1 crash reports. Testing reproducibility...
   -> Converting counterexamples for 'TokenBucket3'...
       -> Found and validated 5 new constraints.
   -> Updating CHC file with new counterexamples...

=============== Artifacts This Iteration ===============

--- Generated Specs ---
  generateTokens: ((!(b_size <= avai_tokens1)) || (b_size == avai_tokens1))
  consume: ((avai_tokens1 + c_rate) == avai_tokens)
  inv1: (((avai_tokens + consumed_tokens) <= b_size) && (consumed_tokens <= b_size))

--- New Test Cases Found ---

--- Updated SYGUS (for next iteration) ---
(set-logic LIA)

(synth-fun generateTokens ((b_size Int) (avai_tokens1 Int)) Bool ((Start Bool) (Expr Int)) ((Start Bool ((<= Expr Expr)(>= Expr Expr)(= Expr Expr)(and Start Start)(or Start Start)(not Start)))(Expr Int ((+ Expr Expr)(- Expr Expr) b_size avai_tokens1))))
(synth-fun consume ((c_rate Int) (avai_tokens Int) (avai_tokens1 Int)) Bool ((Start Bool) (Expr Int)) ((Start Bool ((<= Expr Expr)(>= Expr Expr)(= Expr Expr)(and Start Start)(or Start Start)(not Start)))(Expr Int ((+ Expr Expr)(- Expr Expr) c_rate avai_tokens avai_tokens1))))
(synth-fun inv1 ((avai_tokens Int) (b_size Int) (c_rate Int) (consumed_tokens Int)) Bool ((Start Bool) (Expr Int)) ((Start Bool ((<= Expr Expr)(>= Expr Expr)(= Expr Expr)(and Start Start)(or Start Start)(not Start)))(Expr Int ((+ Expr Expr)(- Expr Expr) avai_tokens b_size c_rate consumed_tokens))))

(declare-var b_size Int)
(declare-var c_rate Int)
(declare-var avai_tokens Int)
(declare-var avai_tokens1 Int)
(declare-var consumed_tokens Int)
(declare-var consumed_tokens1 Int)
(declare-var token_counter Int)


(constraint (consume 1 255 254))
(constraint (consume 2 255 253))
(constraint (consume 1 1 0))
(constraint (consume 2 3 1))
(constraint (generateTokens 255 255))
(constraint (=> (and (> b_size 0) (> c_rate 0) (>= b_size c_rate) (= consumed_tokens1 0) (generateTokens b_size avai_tokens1)) (inv1 avai_tokens1 b_size c_rate consumed_tokens1)))
(constraint (=> (and (inv1 avai_tokens b_size c_rate consumed_tokens) (>= avai_tokens c_rate) (consume c_rate avai_tokens avai_tokens1) (= consumed_tokens1 (+ consumed_tokens c_rate))) (inv1 avai_tokens1 b_size c_rate consumed_tokens1)))
(constraint (=> (and (inv1 avai_tokens b_size c_rate consumed_tokens) (not (>= avai_tokens c_rate))) (<= consumed_tokens b_size)))

(check-synth)
==============================================================
   -> Checking if specs have changed...
      -> SYGUS files are identical. Pipeline has converged.
   -> 15-minute deep fuzzing converged. Pipeline complete.

==================== Finalizing Pipeline ====================

====================== Pipeline Finished =====================
Total External Iterations: 3
Total Unique Test Cases Found: 15
pipeline.run() took 0.0279 seconds.
Running command: /usr/bin/python3 chcverifynfuzz.py ContextualCVC5 TokenBucket3
PID: 18
========================================


Total Pipeline Duration: 157.35s
