
========================================
         Starting Pipeline for: AtomicHashMap5 (Mode: ContextualHornICE)
========================================
Initializing pipeline for benchmark: 'AtomicHashMap5'
   -> Loading and validating attributes from: /Dualis/scripts/../benchmarks/Contextual/AtomicHashMap5/Attributes.txt
      -> Validation successful. Attribute file is consistent.

==================== Iteration: 1 ====================
TIMEOUT : 20
   -> Parsing CHC file: /Dualis/scripts/../benchmarks/ContextualHornICE_working_temp/AtomicHashMap5/AtomicHashMap5.smt2
   -> Starting HornICE with a 1000-second timeout...
      -> Logging HornICE output to iter_1.log
   -> HornICE completed successfully.
   -> Analyzing HornICE log file: iter_1.log
      -> Found 4 internal iterations.
   -> Writing new specs to harness: AtomicHashMap5_fuzz.cpp...
      -> Successfully created working copy '/Dualis/scripts/../benchmarks/ContextualHornICE_working_temp/AtomicHashMap5/AtomicHashMap5_fuzz.cpp'.
   -> Starting AFL++(AtomicHashMap5_fuzz) with a 20-second timeout...
   -> Building AFL-instrumented binary: /Dualis/scripts/../benchmarks/ContextualHornICE_working_temp/AtomicHashMap5/AtomicHashMap5_fuzz
   -> AFL++(AtomicHashMap5_fuzz) finished its fuzzing session.
   -> Checking fuzzing outputs for counterexamples...
Checking crashes
   -> Found 2 crash reports. Testing reproducibility...
   -> CRASH REPRODUCED with id:000000,sig:06,src:000001,time:2,execs:70,op:arith8,pos:5,val:+2
   -> CRASH REPRODUCED with id:000001,sig:06,src:000001,time:8,execs:224,op:havoc,rep:8
Checking queue
   -> Found 5 crash reports. Testing reproducibility...
Checking hangs
   -> Converting counterexamples for 'AtomicHashMap5'...
      -> Found and validated 2 new rules.
   -> Updating CHC file with new counterexamples...

=============== Artifacts This Iteration ===============

--- Generated Specs ---
  inv1: (true)
  insert: (true)
  inv2: (true)
  insert1: (false)
  find: (false)

--- New Test Cases Found ---
  (None)

--- Updated CHCs (for next iteration) ---
(declare-var N Int)
(declare-var len Int)
(declare-var len1 Int)
(declare-var i Int)
(declare-var i1 Int)
(declare-var min Int)
(declare-var min1 Int)
(declare-var max Int)
(declare-var max1 Int)
(declare-var kveq Int)
(declare-var kveq1 Int)
(declare-var k Int)
(declare-var v Int)
(declare-var ret1 Int)
(declare-rel insert (Int Int Int Int Int Int Int Int Int Int))
(declare-rel insert1 (Int Int Int Int Int Int Int Int Int Int))
(declare-rel find (Int Int Int Int Int Int))
(declare-rel inv1 (Int Int Int Int Int Int))
(declare-rel inv2 (Int Int Int Int Int Int))
(declare-rel fail ())
(define-fun MAX () Int 128)
(define-fun MIN () Int -129)
(define-fun is_valid ((x Int)) Bool (or (= x 1) (= x 0)))

(rule (=> (and (= k 0) (= len 1) (= min 0) (= max 0) (= kveq 1) (= ret1 0)) (find k len min max kveq ret1)))
(rule (=> (and (= k 1) (= len 2) (= min 0) (= max 1) (= kveq 1) (= ret1 1)) (find k len min max kveq ret1)))

(rule (=> (and (> N 0) (= len 0) (= i 0) (= min MAX) (= max MIN) (= kveq 1)) (inv1 i N len min max kveq)))
(rule (=> (and (inv1 i N len min max kveq) (is_valid kveq) (< i N) (= k i) (= v i) (insert k v len min max kveq len1 min1 max1 kveq1) (= i1 (+ i 1))) (inv1 i1 N len1 min1 max1 kveq1)))
(rule (=> (and (inv1 i N len min max kveq) (is_valid kveq) (not (< i N)) (= i1 0)) (inv2 i1 N len min max kveq)))
(rule (=> (and (inv2 i N len min max kveq) (is_valid kveq) (< i N) (= k i) (= v i) (insert1 k v len min max kveq len1 min1 max1 kveq1) (= i1 (+ i 1))) (inv2 i1 N len1 min1 max1 kveq1)))
(rule (=> (and (inv2 i N len min max kveq) (is_valid kveq) (not (< i N)) (and (>= k 0) (< k N ) (= k max)) (find k len min max kveq ret1) (= ret1 MAX)) fail))

(query fail :print-certificate true)
==============================================================
   -> Checking if specs have changed...
      -> CHC files are different. Continuing iteration.

==================== Iteration: 2 ====================
TIMEOUT : 40
   -> Parsing CHC file: /Dualis/scripts/../benchmarks/ContextualHornICE_working_temp/AtomicHashMap5/AtomicHashMap5.smt2
   -> Starting HornICE with a 1000-second timeout...
      -> Logging HornICE output to iter_2.log
   -> HornICE completed successfully.
   -> Analyzing HornICE log file: iter_2.log
      -> Found 10 internal iterations.
   -> Writing new specs to harness: AtomicHashMap5_fuzz.cpp...
      -> Successfully created working copy '/Dualis/scripts/../benchmarks/ContextualHornICE_working_temp/AtomicHashMap5/AtomicHashMap5_fuzz.cpp'.
   -> Starting AFL++(AtomicHashMap5_fuzz) with a 40-second timeout...
   -> Building AFL-instrumented binary: /Dualis/scripts/../benchmarks/ContextualHornICE_working_temp/AtomicHashMap5/AtomicHashMap5_fuzz
   -> AFL++(AtomicHashMap5_fuzz) finished its fuzzing session.
   -> Checking fuzzing outputs for counterexamples...
Checking crashes
   -> Found 1 crash reports. Testing reproducibility...
   -> CRASH REPRODUCED with id:000000,sig:06,src:000001,time:6,execs:214,op:havoc,rep:12
Checking queue
   -> Found 7 crash reports. Testing reproducibility...
Checking hangs
   -> Converting counterexamples for 'AtomicHashMap5'...
      -> Found and validated 1 new rules.
   -> Updating CHC file with new counterexamples...

=============== Artifacts This Iteration ===============

--- Generated Specs ---
  find: (ret1 <= 1)
  inv1: (true)
  insert: (true)
  inv2: (true)
  insert1: (false)

--- New Test Cases Found ---
  (None)

--- Updated CHCs (for next iteration) ---
(declare-var N Int)
(declare-var len Int)
(declare-var len1 Int)
(declare-var i Int)
(declare-var i1 Int)
(declare-var min Int)
(declare-var min1 Int)
(declare-var max Int)
(declare-var max1 Int)
(declare-var kveq Int)
(declare-var kveq1 Int)
(declare-var k Int)
(declare-var v Int)
(declare-var ret1 Int)
(declare-rel insert (Int Int Int Int Int Int Int Int Int Int))
(declare-rel insert1 (Int Int Int Int Int Int Int Int Int Int))
(declare-rel find (Int Int Int Int Int Int))
(declare-rel inv1 (Int Int Int Int Int Int))
(declare-rel inv2 (Int Int Int Int Int Int))
(declare-rel fail ())
(define-fun MAX () Int 128)
(define-fun MIN () Int -129)
(define-fun is_valid ((x Int)) Bool (or (= x 1) (= x 0)))

(rule (=> (and (= k 5) (= len 6) (= min 0) (= max 5) (= kveq 1) (= ret1 5)) (find k len min max kveq ret1)))

(rule (=> (and (= k 0) (= len 1) (= min 0) (= max 0) (= kveq 1) (= ret1 0)) (find k len min max kveq ret1)))
(rule (=> (and (= k 1) (= len 2) (= min 0) (= max 1) (= kveq 1) (= ret1 1)) (find k len min max kveq ret1)))
(rule (=> (and (> N 0) (= len 0) (= i 0) (= min MAX) (= max MIN) (= kveq 1)) (inv1 i N len min max kveq)))
(rule (=> (and (inv1 i N len min max kveq) (is_valid kveq) (< i N) (= k i) (= v i) (insert k v len min max kveq len1 min1 max1 kveq1) (= i1 (+ i 1))) (inv1 i1 N len1 min1 max1 kveq1)))
(rule (=> (and (inv1 i N len min max kveq) (is_valid kveq) (not (< i N)) (= i1 0)) (inv2 i1 N len min max kveq)))
(rule (=> (and (inv2 i N len min max kveq) (is_valid kveq) (< i N) (= k i) (= v i) (insert1 k v len min max kveq len1 min1 max1 kveq1) (= i1 (+ i 1))) (inv2 i1 N len1 min1 max1 kveq1)))
(rule (=> (and (inv2 i N len min max kveq) (is_valid kveq) (not (< i N)) (and (>= k 0) (< k N ) (= k max)) (find k len min max kveq ret1) (= ret1 MAX)) fail))

(query fail :print-certificate true)
==============================================================
   -> Checking if specs have changed...
      -> CHC files are different. Continuing iteration.

==================== Iteration: 3 ====================
TIMEOUT : 60
   -> Parsing CHC file: /Dualis/scripts/../benchmarks/ContextualHornICE_working_temp/AtomicHashMap5/AtomicHashMap5.smt2
   -> Starting HornICE with a 1000-second timeout...
      -> Logging HornICE output to iter_3.log
   -> HornICE completed successfully.
   -> Analyzing HornICE log file: iter_3.log
      -> Found 27 internal iterations.
   -> Writing new specs to harness: AtomicHashMap5_fuzz.cpp...
      -> Successfully created working copy '/Dualis/scripts/../benchmarks/ContextualHornICE_working_temp/AtomicHashMap5/AtomicHashMap5_fuzz.cpp'.
   -> Starting AFL++(AtomicHashMap5_fuzz) with a 60-second timeout...
   -> Building AFL-instrumented binary: /Dualis/scripts/../benchmarks/ContextualHornICE_working_temp/AtomicHashMap5/AtomicHashMap5_fuzz
   -> AFL++(AtomicHashMap5_fuzz) finished its fuzzing session.
   -> Checking fuzzing outputs for counterexamples...
Checking crashes
   -> Found 1 crash reports. Testing reproducibility...
   -> CRASH REPRODUCED with id:000000,sig:06,src:000001,time:164,execs:70,op:arith8,pos:5,val:+2
Checking queue
   -> Found 5 crash reports. Testing reproducibility...
Checking hangs
   -> Converting counterexamples for 'AtomicHashMap5'...
      -> Found and validated 1 new rules.
   -> Updating CHC file with new counterexamples...

=============== Artifacts This Iteration ===============

--- Generated Specs ---
  find: (true)
  inv1: ((i - N) <= (-1))
  insert: (false)
  inv2: (false)
  insert1: (false)

--- New Test Cases Found ---
  (None)

--- Updated CHCs (for next iteration) ---
(declare-var N Int)
(declare-var len Int)
(declare-var len1 Int)
(declare-var i Int)
(declare-var i1 Int)
(declare-var min Int)
(declare-var min1 Int)
(declare-var max Int)
(declare-var max1 Int)
(declare-var kveq Int)
(declare-var kveq1 Int)
(declare-var k Int)
(declare-var v Int)
(declare-var ret1 Int)
(declare-rel insert (Int Int Int Int Int Int Int Int Int Int))
(declare-rel insert1 (Int Int Int Int Int Int Int Int Int Int))
(declare-rel find (Int Int Int Int Int Int))
(declare-rel inv1 (Int Int Int Int Int Int))
(declare-rel inv2 (Int Int Int Int Int Int))
(declare-rel fail ())
(define-fun MAX () Int 128)
(define-fun MIN () Int -129)
(define-fun is_valid ((x Int)) Bool (or (= x 1) (= x 0)))

(rule (=> (and (= k 0) (= v 0) (= len 0) (= min 128) (= max -129) (= kveq 1) (= len1 1) (= min1 0) (= max1 0) (= kveq1 1)) (insert k v len min max kveq len1 min1 max1 kveq1)))

(rule (=> (and (= k 5) (= len 6) (= min 0) (= max 5) (= kveq 1) (= ret1 5)) (find k len min max kveq ret1)))
(rule (=> (and (= k 0) (= len 1) (= min 0) (= max 0) (= kveq 1) (= ret1 0)) (find k len min max kveq ret1)))
(rule (=> (and (= k 1) (= len 2) (= min 0) (= max 1) (= kveq 1) (= ret1 1)) (find k len min max kveq ret1)))
(rule (=> (and (> N 0) (= len 0) (= i 0) (= min MAX) (= max MIN) (= kveq 1)) (inv1 i N len min max kveq)))
(rule (=> (and (inv1 i N len min max kveq) (is_valid kveq) (< i N) (= k i) (= v i) (insert k v len min max kveq len1 min1 max1 kveq1) (= i1 (+ i 1))) (inv1 i1 N len1 min1 max1 kveq1)))
(rule (=> (and (inv1 i N len min max kveq) (is_valid kveq) (not (< i N)) (= i1 0)) (inv2 i1 N len min max kveq)))
(rule (=> (and (inv2 i N len min max kveq) (is_valid kveq) (< i N) (= k i) (= v i) (insert1 k v len min max kveq len1 min1 max1 kveq1) (= i1 (+ i 1))) (inv2 i1 N len1 min1 max1 kveq1)))
(rule (=> (and (inv2 i N len min max kveq) (is_valid kveq) (not (< i N)) (and (>= k 0) (< k N ) (= k max)) (find k len min max kveq ret1) (= ret1 MAX)) fail))

(query fail :print-certificate true)
==============================================================
   -> Checking if specs have changed...
      -> CHC files are different. Continuing iteration.

==================== Iteration: 4 ====================
TIMEOUT : 80
   -> Parsing CHC file: /Dualis/scripts/../benchmarks/ContextualHornICE_working_temp/AtomicHashMap5/AtomicHashMap5.smt2
   -> Starting HornICE with a 1000-second timeout...
      -> Logging HornICE output to iter_4.log
   -> HornICE completed successfully.
   -> Analyzing HornICE log file: iter_4.log
      -> Found 5 internal iterations.
   -> Writing new specs to harness: AtomicHashMap5_fuzz.cpp...
      -> Successfully created working copy '/Dualis/scripts/../benchmarks/ContextualHornICE_working_temp/AtomicHashMap5/AtomicHashMap5_fuzz.cpp'.
   -> Starting AFL++(AtomicHashMap5_fuzz) with a 80-second timeout...
   -> Building AFL-instrumented binary: /Dualis/scripts/../benchmarks/ContextualHornICE_working_temp/AtomicHashMap5/AtomicHashMap5_fuzz
   -> AFL++(AtomicHashMap5_fuzz) finished its fuzzing session.
   -> Checking fuzzing outputs for counterexamples...
Checking crashes
Checking queue
   -> Found 42 crash reports. Testing reproducibility...
Checking hangs
   -> Converting counterexamples for 'AtomicHashMap5'...
   -> Updating CHC file with new counterexamples...

=============== Artifacts This Iteration ===============

--- Generated Specs ---
  insert: (true)
  inv2: (i <= 0)
  find: (true)
  inv1: (true)
  insert1: (false)

--- New Test Cases Found ---
  (None)

--- Updated CHCs (for next iteration) ---
(declare-var N Int)
(declare-var len Int)
(declare-var len1 Int)
(declare-var i Int)
(declare-var i1 Int)
(declare-var min Int)
(declare-var min1 Int)
(declare-var max Int)
(declare-var max1 Int)
(declare-var kveq Int)
(declare-var kveq1 Int)
(declare-var k Int)
(declare-var v Int)
(declare-var ret1 Int)
(declare-rel insert (Int Int Int Int Int Int Int Int Int Int))
(declare-rel insert1 (Int Int Int Int Int Int Int Int Int Int))
(declare-rel find (Int Int Int Int Int Int))
(declare-rel inv1 (Int Int Int Int Int Int))
(declare-rel inv2 (Int Int Int Int Int Int))
(declare-rel fail ())
(define-fun MAX () Int 128)
(define-fun MIN () Int -129)
(define-fun is_valid ((x Int)) Bool (or (= x 1) (= x 0)))


(rule (=> (and (= k 0) (= v 0) (= len 0) (= min 128) (= max -129) (= kveq 1) (= len1 1) (= min1 0) (= max1 0) (= kveq1 1)) (insert k v len min max kveq len1 min1 max1 kveq1)))
(rule (=> (and (= k 5) (= len 6) (= min 0) (= max 5) (= kveq 1) (= ret1 5)) (find k len min max kveq ret1)))
(rule (=> (and (= k 0) (= len 1) (= min 0) (= max 0) (= kveq 1) (= ret1 0)) (find k len min max kveq ret1)))
(rule (=> (and (= k 1) (= len 2) (= min 0) (= max 1) (= kveq 1) (= ret1 1)) (find k len min max kveq ret1)))
(rule (=> (and (> N 0) (= len 0) (= i 0) (= min MAX) (= max MIN) (= kveq 1)) (inv1 i N len min max kveq)))
(rule (=> (and (inv1 i N len min max kveq) (is_valid kveq) (< i N) (= k i) (= v i) (insert k v len min max kveq len1 min1 max1 kveq1) (= i1 (+ i 1))) (inv1 i1 N len1 min1 max1 kveq1)))
(rule (=> (and (inv1 i N len min max kveq) (is_valid kveq) (not (< i N)) (= i1 0)) (inv2 i1 N len min max kveq)))
(rule (=> (and (inv2 i N len min max kveq) (is_valid kveq) (< i N) (= k i) (= v i) (insert1 k v len min max kveq len1 min1 max1 kveq1) (= i1 (+ i 1))) (inv2 i1 N len1 min1 max1 kveq1)))
(rule (=> (and (inv2 i N len min max kveq) (is_valid kveq) (not (< i N)) (and (>= k 0) (< k N ) (= k max)) (find k len min max kveq ret1) (= ret1 MAX)) fail))

(query fail :print-certificate true)
==============================================================
   -> Checking if specs have changed...
      -> CHC files are different. Continuing iteration.

==================== Iteration: 5 ====================
TIMEOUT : 100
   -> Parsing CHC file: /Dualis/scripts/../benchmarks/ContextualHornICE_working_temp/AtomicHashMap5/AtomicHashMap5.smt2
   -> Starting HornICE with a 1000-second timeout...
      -> Logging HornICE output to iter_5.log
   -> HornICE completed successfully.
   -> Analyzing HornICE log file: iter_5.log
      -> Found 5 internal iterations.
   -> Writing new specs to harness: AtomicHashMap5_fuzz.cpp...
      -> Successfully created working copy '/Dualis/scripts/../benchmarks/ContextualHornICE_working_temp/AtomicHashMap5/AtomicHashMap5_fuzz.cpp'.
   -> Starting AFL++(AtomicHashMap5_fuzz) with a 100-second timeout...
   -> Building AFL-instrumented binary: /Dualis/scripts/../benchmarks/ContextualHornICE_working_temp/AtomicHashMap5/AtomicHashMap5_fuzz
   -> AFL++(AtomicHashMap5_fuzz) finished its fuzzing session.
   -> Checking fuzzing outputs for counterexamples...
Checking crashes
Checking queue
   -> Found 44 crash reports. Testing reproducibility...
Checking hangs
   -> Converting counterexamples for 'AtomicHashMap5'...
   -> Updating CHC file with new counterexamples...

=============== Artifacts This Iteration ===============

--- Generated Specs ---
  insert: (true)
  inv2: (i <= 0)
  find: (true)
  inv1: (true)
  insert1: (false)

--- New Test Cases Found ---
  (None)

--- Updated CHCs (for next iteration) ---
(declare-var N Int)
(declare-var len Int)
(declare-var len1 Int)
(declare-var i Int)
(declare-var i1 Int)
(declare-var min Int)
(declare-var min1 Int)
(declare-var max Int)
(declare-var max1 Int)
(declare-var kveq Int)
(declare-var kveq1 Int)
(declare-var k Int)
(declare-var v Int)
(declare-var ret1 Int)
(declare-rel insert (Int Int Int Int Int Int Int Int Int Int))
(declare-rel insert1 (Int Int Int Int Int Int Int Int Int Int))
(declare-rel find (Int Int Int Int Int Int))
(declare-rel inv1 (Int Int Int Int Int Int))
(declare-rel inv2 (Int Int Int Int Int Int))
(declare-rel fail ())
(define-fun MAX () Int 128)
(define-fun MIN () Int -129)
(define-fun is_valid ((x Int)) Bool (or (= x 1) (= x 0)))


(rule (=> (and (= k 0) (= v 0) (= len 0) (= min 128) (= max -129) (= kveq 1) (= len1 1) (= min1 0) (= max1 0) (= kveq1 1)) (insert k v len min max kveq len1 min1 max1 kveq1)))
(rule (=> (and (= k 5) (= len 6) (= min 0) (= max 5) (= kveq 1) (= ret1 5)) (find k len min max kveq ret1)))
(rule (=> (and (= k 0) (= len 1) (= min 0) (= max 0) (= kveq 1) (= ret1 0)) (find k len min max kveq ret1)))
(rule (=> (and (= k 1) (= len 2) (= min 0) (= max 1) (= kveq 1) (= ret1 1)) (find k len min max kveq ret1)))
(rule (=> (and (> N 0) (= len 0) (= i 0) (= min MAX) (= max MIN) (= kveq 1)) (inv1 i N len min max kveq)))
(rule (=> (and (inv1 i N len min max kveq) (is_valid kveq) (< i N) (= k i) (= v i) (insert k v len min max kveq len1 min1 max1 kveq1) (= i1 (+ i 1))) (inv1 i1 N len1 min1 max1 kveq1)))
(rule (=> (and (inv1 i N len min max kveq) (is_valid kveq) (not (< i N)) (= i1 0)) (inv2 i1 N len min max kveq)))
(rule (=> (and (inv2 i N len min max kveq) (is_valid kveq) (< i N) (= k i) (= v i) (insert1 k v len min max kveq len1 min1 max1 kveq1) (= i1 (+ i 1))) (inv2 i1 N len1 min1 max1 kveq1)))
(rule (=> (and (inv2 i N len min max kveq) (is_valid kveq) (not (< i N)) (and (>= k 0) (< k N ) (= k max)) (find k len min max kveq ret1) (= ret1 MAX)) fail))

(query fail :print-certificate true)
==============================================================
   -> Checking if specs have changed...
      -> CHC files are identical. Pipeline has converged.
   -> 15-minute deep fuzzing converged. Pipeline complete.

==================== Finalizing Pipeline ====================

====================== Pipeline Finished =====================
Total External Iterations: 5
Total Unique Test Cases Found: 4
Total Internal Iterations: 51
  - Min: 4
  - Max: 27
  - Avg: 10.20
pipeline.run() took 0.5438 seconds.
Running command: /usr/bin/python3 chcverifynfuzz.py ContextualHornICE AtomicHashMap5
PID: 607036
========================================

