
========================================
         Starting Pipeline for: AtomicHashMap1 (Mode: ContextualHornICE)
========================================
Initializing pipeline for benchmark: 'AtomicHashMap1'
   -> Loading and validating attributes from: /Dualis/scripts/../benchmarks/Contextual/AtomicHashMap1/Attributes.txt
      -> Validation successful. Attribute file is consistent.

==================== Iteration: 1 ====================
TIMEOUT : 20
   -> Parsing CHC file: /Dualis/scripts/../benchmarks/ContextualHornICE_working_temp/AtomicHashMap1/AtomicHashMap1.smt2
   -> Starting HornICE with a 1000-second timeout...
      -> Logging HornICE output to iter_1.log
   -> HornICE completed successfully.
   -> Analyzing HornICE log file: iter_1.log
      -> Found 3 internal iterations.
   -> Writing new specs to harness: AtomicHashMap1_fuzz.cpp...
      -> Successfully created working copy '/Dualis/scripts/../benchmarks/ContextualHornICE_working_temp/AtomicHashMap1/AtomicHashMap1_fuzz.cpp'.
   -> Starting AFL++(AtomicHashMap1_fuzz) with a 20-second timeout...
   -> Building AFL-instrumented binary: /Dualis/scripts/../benchmarks/ContextualHornICE_working_temp/AtomicHashMap1/AtomicHashMap1_fuzz
   -> AFL++(AtomicHashMap1_fuzz) finished its fuzzing session.
   -> Checking fuzzing outputs for counterexamples...
Checking crashes
   -> Found 1 crash reports. Testing reproducibility...
   -> CRASH REPRODUCED with id:000000,sig:06,src:000001,time:1052,execs:738,op:havoc,rep:13
Checking queue
   -> Found 5 crash reports. Testing reproducibility...
Checking hangs
   -> Converting counterexamples for 'AtomicHashMap1'...
      -> Found and validated 1 new rules.
   -> Updating CHC file with new counterexamples...

=============== Artifacts This Iteration ===============

--- Generated Specs ---
  inv1: (true)
  insert: (false)
  insert1: (false)
  find: (false)

--- New Test Cases Found ---
  (None)

--- Updated CHCs (for next iteration) ---
(declare-var N Int)
(declare-var i Int)
(declare-var i1 Int)
(declare-var len Int)
(declare-var len1 Int)
(declare-var len2 Int)
(declare-var min Int)
(declare-var min1 Int)
(declare-var min2 Int)
(declare-var max Int)
(declare-var max1 Int)
(declare-var max2 Int)
(declare-var kveq Int)
(declare-var kveq1 Int)
(declare-var kveq2 Int)
(declare-var k Int)
(declare-var v Int)
(declare-var v1 Int)
(declare-var ret1 Int)
(declare-rel insert (Int Int Int Int Int Int Int Int Int Int))
(declare-rel insert1 (Int Int Int Int Int Int Int Int Int Int))
(declare-rel find (Int Int Int Int Int Int))
(declare-rel inv1 (Int Int Int Int Int Int))
(declare-rel fail ())
(define-fun MAX () Int 128)
(define-fun MIN () Int -129)
(define-fun is_valid ((x Int)) Bool (or (= x 1) (= x 0)))

(rule (=> (and (= k 0) (= v 0) (= len 0) (= min 128) (= max -129) (= kveq 1) (= len1 1) (= min1 0) (= max1 0) (= kveq1 1)) (insert k v len min max kveq len1 min1 max1 kveq1)))

(rule (=> (and (> N 0) (= len 0) (= i 0) (= min MAX) (= max MIN) (= kveq 1) ) (inv1 i N len min max kveq)))
(rule (=> (and (inv1 i N len min max kveq) (is_valid kveq) (< i N) (= k i) (= v i) (insert k v len min max kveq  len1 min1 max1 kveq1) (is_valid kveq1) (= v1 (+ i 1)) (insert1 k v1 len1 min1 max1 kveq1 len2 min2 max2 kveq2) (= i1 (+ i 1))) (inv1 i1 N len2 min2 max2 kveq2)))
(rule (=> (and (inv1 i N len min max kveq) (is_valid kveq) (not (< i N)) (<= 0 k) (< k N) (find k len min max kveq ret1) (or (= ret1 MAX) (= ret1 MIN))) fail))

(query fail :print-certificate true)
==============================================================
   -> Checking if specs have changed...
      -> CHC files are different. Continuing iteration.

==================== Iteration: 2 ====================
TIMEOUT : 40
   -> Parsing CHC file: /Dualis/scripts/../benchmarks/ContextualHornICE_working_temp/AtomicHashMap1/AtomicHashMap1.smt2
   -> Starting HornICE with a 1000-second timeout...
      -> Logging HornICE output to iter_2.log
   -> HornICE completed successfully.
   -> Analyzing HornICE log file: iter_2.log
      -> Found 3 internal iterations.
   -> Writing new specs to harness: AtomicHashMap1_fuzz.cpp...
      -> Successfully created working copy '/Dualis/scripts/../benchmarks/ContextualHornICE_working_temp/AtomicHashMap1/AtomicHashMap1_fuzz.cpp'.
   -> Starting AFL++(AtomicHashMap1_fuzz) with a 40-second timeout...
   -> Building AFL-instrumented binary: /Dualis/scripts/../benchmarks/ContextualHornICE_working_temp/AtomicHashMap1/AtomicHashMap1_fuzz
   -> AFL++(AtomicHashMap1_fuzz) finished its fuzzing session.
   -> Checking fuzzing outputs for counterexamples...
Checking crashes
   -> Found 1 crash reports. Testing reproducibility...
   -> CRASH REPRODUCED with id:000000,sig:06,src:000000,time:690,execs:1877,op:havoc,rep:3
Checking queue
   -> Found 5 crash reports. Testing reproducibility...
Checking hangs
   -> Converting counterexamples for 'AtomicHashMap1'...
      -> Found and validated 1 new rules.
   -> Updating CHC file with new counterexamples...

=============== Artifacts This Iteration ===============

--- Generated Specs ---
  insert: (true)
  inv1: (true)
  insert1: (false)
  find: (false)

--- New Test Cases Found ---
  (None)

--- Updated CHCs (for next iteration) ---
(declare-var N Int)
(declare-var i Int)
(declare-var i1 Int)
(declare-var len Int)
(declare-var len1 Int)
(declare-var len2 Int)
(declare-var min Int)
(declare-var min1 Int)
(declare-var min2 Int)
(declare-var max Int)
(declare-var max1 Int)
(declare-var max2 Int)
(declare-var kveq Int)
(declare-var kveq1 Int)
(declare-var kveq2 Int)
(declare-var k Int)
(declare-var v Int)
(declare-var v1 Int)
(declare-var ret1 Int)
(declare-rel insert (Int Int Int Int Int Int Int Int Int Int))
(declare-rel insert1 (Int Int Int Int Int Int Int Int Int Int))
(declare-rel find (Int Int Int Int Int Int))
(declare-rel inv1 (Int Int Int Int Int Int))
(declare-rel fail ())
(define-fun MAX () Int 128)
(define-fun MIN () Int -129)
(define-fun is_valid ((x Int)) Bool (or (= x 1) (= x 0)))

(rule (=> (and (= k 0) (= v 1) (= len 1) (= min 0) (= max 0) (= kveq 1) (= len1 1) (= min1 0) (= max1 0) (= kveq1 1)) (insert1 k v len min max kveq len1 min1 max1 kveq1)))

(rule (=> (and (= k 0) (= v 0) (= len 0) (= min 128) (= max -129) (= kveq 1) (= len1 1) (= min1 0) (= max1 0) (= kveq1 1)) (insert k v len min max kveq len1 min1 max1 kveq1)))
(rule (=> (and (> N 0) (= len 0) (= i 0) (= min MAX) (= max MIN) (= kveq 1) ) (inv1 i N len min max kveq)))
(rule (=> (and (inv1 i N len min max kveq) (is_valid kveq) (< i N) (= k i) (= v i) (insert k v len min max kveq  len1 min1 max1 kveq1) (is_valid kveq1) (= v1 (+ i 1)) (insert1 k v1 len1 min1 max1 kveq1 len2 min2 max2 kveq2) (= i1 (+ i 1))) (inv1 i1 N len2 min2 max2 kveq2)))
(rule (=> (and (inv1 i N len min max kveq) (is_valid kveq) (not (< i N)) (<= 0 k) (< k N) (find k len min max kveq ret1) (or (= ret1 MAX) (= ret1 MIN))) fail))

(query fail :print-certificate true)
==============================================================
   -> Checking if specs have changed...
      -> CHC files are different. Continuing iteration.

==================== Iteration: 3 ====================
TIMEOUT : 60
   -> Parsing CHC file: /Dualis/scripts/../benchmarks/ContextualHornICE_working_temp/AtomicHashMap1/AtomicHashMap1.smt2
   -> Starting HornICE with a 1000-second timeout...
      -> Logging HornICE output to iter_3.log
   -> HornICE completed successfully.
   -> Analyzing HornICE log file: iter_3.log
      -> Found 3 internal iterations.
   -> Writing new specs to harness: AtomicHashMap1_fuzz.cpp...
      -> Successfully created working copy '/Dualis/scripts/../benchmarks/ContextualHornICE_working_temp/AtomicHashMap1/AtomicHashMap1_fuzz.cpp'.
   -> Starting AFL++(AtomicHashMap1_fuzz) with a 60-second timeout...
   -> Building AFL-instrumented binary: /Dualis/scripts/../benchmarks/ContextualHornICE_working_temp/AtomicHashMap1/AtomicHashMap1_fuzz
   -> AFL++(AtomicHashMap1_fuzz) finished its fuzzing session.
   -> Checking fuzzing outputs for counterexamples...
Checking crashes
   -> Found 3 crash reports. Testing reproducibility...
   -> CRASH REPRODUCED with id:000002,sig:06,src:000004,time:4649,execs:26666,op:havoc,rep:7
   -> CRASH REPRODUCED with id:000000,sig:06,src:000001,time:387,execs:7175,op:havoc,rep:6
   -> CRASH REPRODUCED with id:000001,sig:06,src:000001,time:1157,execs:8143,op:havoc,rep:2
Checking queue
   -> Found 5 crash reports. Testing reproducibility...
Checking hangs
   -> Converting counterexamples for 'AtomicHashMap1'...
      -> Found and validated 3 new rules.
   -> Updating CHC file with new counterexamples...

=============== Artifacts This Iteration ===============

--- Generated Specs ---
  insert1: (true)
  insert: (true)
  inv1: (true)
  find: (false)

--- New Test Cases Found ---
  (None)

--- Updated CHCs (for next iteration) ---
(declare-var N Int)
(declare-var i Int)
(declare-var i1 Int)
(declare-var len Int)
(declare-var len1 Int)
(declare-var len2 Int)
(declare-var min Int)
(declare-var min1 Int)
(declare-var min2 Int)
(declare-var max Int)
(declare-var max1 Int)
(declare-var max2 Int)
(declare-var kveq Int)
(declare-var kveq1 Int)
(declare-var kveq2 Int)
(declare-var k Int)
(declare-var v Int)
(declare-var v1 Int)
(declare-var ret1 Int)
(declare-rel insert (Int Int Int Int Int Int Int Int Int Int))
(declare-rel insert1 (Int Int Int Int Int Int Int Int Int Int))
(declare-rel find (Int Int Int Int Int Int))
(declare-rel inv1 (Int Int Int Int Int Int))
(declare-rel fail ())
(define-fun MAX () Int 128)
(define-fun MIN () Int -129)
(define-fun is_valid ((x Int)) Bool (or (= x 1) (= x 0)))

(rule (=> (and (= k 0) (= len 9) (= min 0) (= max 8) (= kveq 1) (= ret1 0)) (find k len min max kveq ret1)))
(rule (=> (and (= k 127) (= len 4) (= min 0) (= max 3) (= kveq 1) (= ret1 128)) (find k len min max kveq ret1)))
(rule (=> (and (= k 1) (= len 8) (= min 0) (= max 7) (= kveq 1) (= ret1 1)) (find k len min max kveq ret1)))

(rule (=> (and (= k 0) (= v 1) (= len 1) (= min 0) (= max 0) (= kveq 1) (= len1 1) (= min1 0) (= max1 0) (= kveq1 1)) (insert1 k v len min max kveq len1 min1 max1 kveq1)))
(rule (=> (and (= k 0) (= v 0) (= len 0) (= min 128) (= max -129) (= kveq 1) (= len1 1) (= min1 0) (= max1 0) (= kveq1 1)) (insert k v len min max kveq len1 min1 max1 kveq1)))
(rule (=> (and (> N 0) (= len 0) (= i 0) (= min MAX) (= max MIN) (= kveq 1) ) (inv1 i N len min max kveq)))
(rule (=> (and (inv1 i N len min max kveq) (is_valid kveq) (< i N) (= k i) (= v i) (insert k v len min max kveq  len1 min1 max1 kveq1) (is_valid kveq1) (= v1 (+ i 1)) (insert1 k v1 len1 min1 max1 kveq1 len2 min2 max2 kveq2) (= i1 (+ i 1))) (inv1 i1 N len2 min2 max2 kveq2)))
(rule (=> (and (inv1 i N len min max kveq) (is_valid kveq) (not (< i N)) (<= 0 k) (< k N) (find k len min max kveq ret1) (or (= ret1 MAX) (= ret1 MIN))) fail))

(query fail :print-certificate true)
==============================================================
   -> Checking if specs have changed...
      -> CHC files are different. Continuing iteration.

==================== Iteration: 4 ====================
TIMEOUT : 80
   -> Parsing CHC file: /Dualis/scripts/../benchmarks/ContextualHornICE_working_temp/AtomicHashMap1/AtomicHashMap1.smt2
   -> Starting HornICE with a 1000-second timeout...
      -> Logging HornICE output to iter_4.log
   -> ERROR: HornICE timed out. Terminating.

==================== Finalizing Pipeline ====================

====================== Pipeline Finished =====================
Total External Iterations: 4
Total Unique Test Cases Found: 5
Total Internal Iterations: 9
  - Min: 3
  - Max: 3
  - Avg: 3.00
pipeline.run() took 0.6000 seconds.
Running command: /usr/bin/python3 chcverifynfuzz.py ContextualHornICE AtomicHashMap1
PID: 607034
========================================

