
========================================
         Starting Pipeline for: AtomicLinkedList2 (Mode: ContextualHornICE)
========================================
Initializing pipeline for benchmark: 'AtomicLinkedList2'
   -> Loading and validating attributes from: /Dualis/scripts/../benchmarks/Classical/AtomicLinkedList2/Attributes.txt
      -> Validation successful. Attribute file is consistent.

==================== Iteration: 1 ====================
TIMEOUT : 20
   -> Parsing CHC file: /Dualis/scripts/../benchmarks/ContextualHornICE_working_temp/AtomicLinkedList2/AtomicLinkedList2.smt2
   -> Starting HornICE with a 1000-second timeout...
      -> Logging HornICE output to iter_1.log
   -> HornICE completed successfully.
   -> Analyzing HornICE log file: iter_1.log
      -> Found 12 internal iterations.
   -> Writing new specs to harness: AtomicLinkedList2_fuzz.cpp...
      -> Successfully created working copy '/Dualis/scripts/../benchmarks/ContextualHornICE_working_temp/AtomicLinkedList2/AtomicLinkedList2_fuzz.cpp'.
   -> Starting AFL++(AtomicLinkedList2_fuzz) with a 20-second timeout...
   -> Building AFL-instrumented binary: /Dualis/scripts/../benchmarks/ContextualHornICE_working_temp/AtomicLinkedList2/AtomicLinkedList2_fuzz
   -> AFL++(AtomicLinkedList2_fuzz) finished its fuzzing session.
   -> Checking fuzzing outputs for counterexamples...
Checking crashes
   -> Found 2 crash reports. Testing reproducibility...
   -> CRASH REPRODUCED with id:000001,sig:06,src:000000,time:1551,execs:420,op:havoc,rep:7
   -> CRASH REPRODUCED with id:000000,sig:06,src:000000,time:198,execs:202,op:havoc,rep:8
Checking queue
   -> Found 16 crash reports. Testing reproducibility...
Checking hangs
   -> Converting counterexamples for 'AtomicLinkedList2'...
      -> Found and validated 2 new rules.
   -> Updating CHC file with new counterexamples...

=============== Artifacts This Iteration ===============

--- Generated Specs ---
  inv1: ((k - N) <= (-1))
  popHead: (false)
  insertHead: (false)
  inv2: (false)

--- New Test Cases Found ---
  (None)

--- Updated CHCs (for next iteration) ---
(declare-var N Int)
(declare-var k Int)
(declare-var k1 Int)
(declare-var len Int)
(declare-var len1 Int)
(declare-var items_processed Int)
(declare-var items_processed1 Int)
(declare-var ret Int)
(declare-var ret1 Int)
(declare-var min Int)
(declare-var min1 Int)
(declare-var max Int)
(declare-var max1 Int)
(declare-rel insertHead (Int Int Int Int Int Int Int))
(declare-rel popHead (Int Int Int Int Int Int Int))
(declare-rel inv1 (Int Int Int Int Int))
(declare-rel inv2 (Int Int Int Int Int))
(declare-rel fail ())
(define-fun MAX () Int 128)
(define-fun MIN () Int -129)

(rule (=> (and (= k 0) (= min 128) (= max -129) (= len 0) (= min1 0) (= max1 0) (= len1 1)) (insertHead k min max len min1 max1 len1)))
(rule (=> (and (= k 2) (= min 128) (= max -129) (= len 0) (= min1 2) (= max1 2) (= len1 1)) (insertHead k min max len min1 max1 len1)))

(rule (=> (and (> N 0) (= k 0) (= len 0) (= min MAX) (= max MIN)) (inv1 k N min max len1)))
(rule (=> (and (inv1 k N min max len) (< k N) (insertHead k min max len min1 max1 len1) (= k1 (+ k 1))) (inv1 k1 N min1 max1 len1)))
(rule (=> (and (inv1 k N min max len) (not (< k N)) (= items_processed 0) (= ret1 MAX)) (inv2 min max len items_processed ret1)))
(rule (=> (and (inv2 min max len items_processed ret) (not (= len 0)) (popHead min max len min1 max1 len1 ret1) (= items_processed1 (+ items_processed 1))) (inv2 min1 max1 len1 items_processed1 ret1)))
(rule (=> (and (inv2 min max len items_processed ret) (= len 0) (not (= ret 0))) fail))

(query fail :print-certificate true)
==============================================================
   -> Checking if specs have changed...
      -> CHC files are different. Continuing iteration.

==================== Iteration: 2 ====================
TIMEOUT : 40
   -> Parsing CHC file: /Dualis/scripts/../benchmarks/ContextualHornICE_working_temp/AtomicLinkedList2/AtomicLinkedList2.smt2
   -> Starting HornICE with a 1000-second timeout...
      -> Logging HornICE output to iter_2.log
   -> ERROR: HornICE timed out. Terminating.

==================== Finalizing Pipeline ====================

====================== Pipeline Finished =====================
Total External Iterations: 2
Total Unique Test Cases Found: 2
Total Internal Iterations: 12
  - Min: 12
  - Max: 12
  - Avg: 12.00
pipeline.run() took 0.5170 seconds.
Running command: /usr/bin/python3 chcverifynfuzz.py ContextualHornICE AtomicLinkedList2
PID: 607036
========================================

