
========================================
         Starting Pipeline for: AtomicLinkedList1 (Mode: ContextualHornICE)
========================================
Initializing pipeline for benchmark: 'AtomicLinkedList1'
   -> Loading and validating attributes from: /Dualis/scripts/../benchmarks/Classical/AtomicLinkedList1/Attributes.txt
      -> Validation successful. Attribute file is consistent.

==================== Iteration: 1 ====================
TIMEOUT : 20
   -> Parsing CHC file: /Dualis/scripts/../benchmarks/ContextualHornICE_working_temp/AtomicLinkedList1/AtomicLinkedList1.smt2
   -> Starting HornICE with a 1000-second timeout...
      -> Logging HornICE output to iter_1.log
   -> HornICE completed successfully.
   -> Analyzing HornICE log file: iter_1.log
      -> Found 7 internal iterations.
   -> Writing new specs to harness: AtomicLinkedList1_fuzz.cpp...
      -> Successfully created working copy '/Dualis/scripts/../benchmarks/ContextualHornICE_working_temp/AtomicLinkedList1/AtomicLinkedList1_fuzz.cpp'.
   -> Starting AFL++(AtomicLinkedList1_fuzz) with a 20-second timeout...
   -> Building AFL-instrumented binary: /Dualis/scripts/../benchmarks/ContextualHornICE_working_temp/AtomicLinkedList1/AtomicLinkedList1_fuzz
   -> AFL++(AtomicLinkedList1_fuzz) finished its fuzzing session.
   -> Checking fuzzing outputs for counterexamples...
Checking crashes
   -> Found 1 crash reports. Testing reproducibility...
   -> CRASH REPRODUCED with id:000000,sig:06,src:000000,time:170,execs:52,op:havoc,rep:2
Checking queue
   -> Found 5 crash reports. Testing reproducibility...
Checking hangs
   -> Converting counterexamples for 'AtomicLinkedList1'...
      -> Found and validated 1 new rules.
   -> Updating CHC file with new counterexamples...

=============== Artifacts This Iteration ===============

--- Generated Specs ---
  inv1: ((k - N) <= (-1))
  insertHead: (false)
  inv2: (false)
  popHead: (false)

--- New Test Cases Found ---
  (None)

--- Updated CHCs (for next iteration) ---
(declare-var N Int)
(declare-var k Int)
(declare-var k1 Int)
(declare-var len Int)
(declare-var len1 Int)
(declare-var items_processed Int)
(declare-var items_processed1 Int)
(declare-var ret1 Int)
(declare-rel insertHead (Int Int Int))
(declare-rel popHead (Int Int Int))
(declare-rel inv1 (Int Int Int))
(declare-rel inv2 (Int Int Int))
(declare-rel fail ())

(rule (=> (and (= k 0) (= len 0) (= len1 1)) (insertHead k len len1)))

(rule (=> (and (> N 0) (= k1 0) (= len1 0)) (inv1 k1 N len1)))
(rule (=> (and (inv1 k N len) (< k N) (insertHead k len len1) (= k1 (+ k 1))) (inv1 k1 N len1)))
(rule (=> (and (inv1 k N len) (not (< k N)) (= items_processed 0)) (inv2 len items_processed N)))
(rule (=> (and (inv2 len items_processed N) (not (= len 0)) (popHead len ret1 len1) (= items_processed1 (+ items_processed 1))) (inv2 len1 items_processed1 N)))
(rule (=> (and (inv2 len items_processed N) (= len 0) (not (= items_processed N))) fail))

(query fail :print-certificate true)
==============================================================
   -> Checking if specs have changed...
      -> CHC files are different. Continuing iteration.

==================== Iteration: 2 ====================
TIMEOUT : 40
   -> Parsing CHC file: /Dualis/scripts/../benchmarks/ContextualHornICE_working_temp/AtomicLinkedList1/AtomicLinkedList1.smt2
   -> Starting HornICE with a 1000-second timeout...
      -> Logging HornICE output to iter_2.log
   -> HornICE completed successfully.
   -> Analyzing HornICE log file: iter_2.log
      -> Found 15 internal iterations.
   -> Writing new specs to harness: AtomicLinkedList1_fuzz.cpp...
      -> Successfully created working copy '/Dualis/scripts/../benchmarks/ContextualHornICE_working_temp/AtomicLinkedList1/AtomicLinkedList1_fuzz.cpp'.
   -> Starting AFL++(AtomicLinkedList1_fuzz) with a 40-second timeout...
   -> Building AFL-instrumented binary: /Dualis/scripts/../benchmarks/ContextualHornICE_working_temp/AtomicLinkedList1/AtomicLinkedList1_fuzz
   -> AFL++(AtomicLinkedList1_fuzz) finished its fuzzing session.
   -> Checking fuzzing outputs for counterexamples...
Checking crashes
   -> Found 3 crash reports. Testing reproducibility...
   -> CRASH REPRODUCED with id:000000,sig:06,src:000000,time:226,execs:33,op:havoc,rep:2
   -> CRASH REPRODUCED with id:000002,sig:06,src:000000,time:12554,execs:1359,op:havoc,rep:2
   -> CRASH REPRODUCED with id:000001,sig:06,src:000000,time:1136,execs:217,op:havoc,rep:2
Checking queue
   -> Found 5 crash reports. Testing reproducibility...
Checking hangs
   -> Converting counterexamples for 'AtomicLinkedList1'...
      -> Found and validated 3 new rules.
   -> Updating CHC file with new counterexamples...

=============== Artifacts This Iteration ===============

--- Generated Specs ---
  insertHead: (len1 > 0)
  inv1: (((N - k) + len) > 0)
  inv2: (len > 0)
  popHead: (false)

--- New Test Cases Found ---
  (None)

--- Updated CHCs (for next iteration) ---
(declare-var N Int)
(declare-var k Int)
(declare-var k1 Int)
(declare-var len Int)
(declare-var len1 Int)
(declare-var items_processed Int)
(declare-var items_processed1 Int)
(declare-var ret1 Int)
(declare-rel insertHead (Int Int Int))
(declare-rel popHead (Int Int Int))
(declare-rel inv1 (Int Int Int))
(declare-rel inv2 (Int Int Int))
(declare-rel fail ())

(rule (=> (and (= len 2) (= ret1 1) (= len1 1)) (popHead len ret1 len1)))
(rule (=> (and (= len 1) (= ret1 0) (= len1 0)) (popHead len ret1 len1)))
(rule (=> (and (= len 34) (= ret1 33) (= len1 33)) (popHead len ret1 len1)))

(rule (=> (and (= k 0) (= len 0) (= len1 1)) (insertHead k len len1)))
(rule (=> (and (> N 0) (= k1 0) (= len1 0)) (inv1 k1 N len1)))
(rule (=> (and (inv1 k N len) (< k N) (insertHead k len len1) (= k1 (+ k 1))) (inv1 k1 N len1)))
(rule (=> (and (inv1 k N len) (not (< k N)) (= items_processed 0)) (inv2 len items_processed N)))
(rule (=> (and (inv2 len items_processed N) (not (= len 0)) (popHead len ret1 len1) (= items_processed1 (+ items_processed 1))) (inv2 len1 items_processed1 N)))
(rule (=> (and (inv2 len items_processed N) (= len 0) (not (= items_processed N))) fail))

(query fail :print-certificate true)
==============================================================
   -> Checking if specs have changed...
      -> CHC files are different. Continuing iteration.

==================== Iteration: 3 ====================
TIMEOUT : 60
   -> Parsing CHC file: /Dualis/scripts/../benchmarks/ContextualHornICE_working_temp/AtomicLinkedList1/AtomicLinkedList1.smt2
   -> Starting HornICE with a 1000-second timeout...
      -> Logging HornICE output to iter_3.log
   -> HornICE completed successfully.
   -> Analyzing HornICE log file: iter_3.log
      -> Found 42 internal iterations.
   -> Writing new specs to harness: AtomicLinkedList1_fuzz.cpp...
      -> Successfully created working copy '/Dualis/scripts/../benchmarks/ContextualHornICE_working_temp/AtomicLinkedList1/AtomicLinkedList1_fuzz.cpp'.
   -> Starting AFL++(AtomicLinkedList1_fuzz) with a 60-second timeout...
   -> Building AFL-instrumented binary: /Dualis/scripts/../benchmarks/ContextualHornICE_working_temp/AtomicLinkedList1/AtomicLinkedList1_fuzz
   -> AFL++(AtomicLinkedList1_fuzz) finished its fuzzing session.
   -> Checking fuzzing outputs for counterexamples...
Checking crashes
   -> Found 1 crash reports. Testing reproducibility...
   -> CRASH REPRODUCED with id:000000,sig:06,src:000000,time:150,execs:36,op:havoc,rep:4
Checking queue
   -> Found 6 crash reports. Testing reproducibility...
Checking hangs
   -> Converting counterexamples for 'AtomicLinkedList1'...
      -> Found and validated 1 new rules.
   -> Updating CHC file with new counterexamples...

=============== Artifacts This Iteration ===============

--- Generated Specs ---
  popHead: ((len - len1) > 0)
  insertHead: ((len1 <= 1) && (k <= 0) && (len1 > 0))
  inv1: ((((k - N) <= (-1)) || ((((k + N) - len) > 0) && (len > 0) && ((k - N) > (-1)))) && (k <= 1) && (N > 0))
  inv2: ((((((len - items_processed) - N) <= 0) && (((N - len) - items_processed) <= 0) && (((len + items_processed) - N) <= 0) && (((N - len) - N) <= 0)) || (((N - len) - N) > 0)) && (N > 0) && (N <= 1))

--- New Test Cases Found ---
  (None)

--- Updated CHCs (for next iteration) ---
(declare-var N Int)
(declare-var k Int)
(declare-var k1 Int)
(declare-var len Int)
(declare-var len1 Int)
(declare-var items_processed Int)
(declare-var items_processed1 Int)
(declare-var ret1 Int)
(declare-rel insertHead (Int Int Int))
(declare-rel popHead (Int Int Int))
(declare-rel inv1 (Int Int Int))
(declare-rel inv2 (Int Int Int))
(declare-rel fail ())

(rule (=> (and (= k 1) (= len 1) (= len1 2)) (insertHead k len len1)))

(rule (=> (and (= len 2) (= ret1 1) (= len1 1)) (popHead len ret1 len1)))
(rule (=> (and (= len 1) (= ret1 0) (= len1 0)) (popHead len ret1 len1)))
(rule (=> (and (= len 34) (= ret1 33) (= len1 33)) (popHead len ret1 len1)))
(rule (=> (and (= k 0) (= len 0) (= len1 1)) (insertHead k len len1)))
(rule (=> (and (> N 0) (= k1 0) (= len1 0)) (inv1 k1 N len1)))
(rule (=> (and (inv1 k N len) (< k N) (insertHead k len len1) (= k1 (+ k 1))) (inv1 k1 N len1)))
(rule (=> (and (inv1 k N len) (not (< k N)) (= items_processed 0)) (inv2 len items_processed N)))
(rule (=> (and (inv2 len items_processed N) (not (= len 0)) (popHead len ret1 len1) (= items_processed1 (+ items_processed 1))) (inv2 len1 items_processed1 N)))
(rule (=> (and (inv2 len items_processed N) (= len 0) (not (= items_processed N))) fail))

(query fail :print-certificate true)
==============================================================
   -> Checking if specs have changed...
      -> CHC files are different. Continuing iteration.

==================== Iteration: 4 ====================
TIMEOUT : 80
   -> Parsing CHC file: /Dualis/scripts/../benchmarks/ContextualHornICE_working_temp/AtomicLinkedList1/AtomicLinkedList1.smt2
   -> Starting HornICE with a 1000-second timeout...
      -> Logging HornICE output to iter_4.log
   -> HornICE completed successfully.
   -> Analyzing HornICE log file: iter_4.log
      -> Found 99 internal iterations.
   -> Writing new specs to harness: AtomicLinkedList1_fuzz.cpp...
      -> Successfully created working copy '/Dualis/scripts/../benchmarks/ContextualHornICE_working_temp/AtomicLinkedList1/AtomicLinkedList1_fuzz.cpp'.
   -> Starting AFL++(AtomicLinkedList1_fuzz) with a 80-second timeout...
   -> Building AFL-instrumented binary: /Dualis/scripts/../benchmarks/ContextualHornICE_working_temp/AtomicLinkedList1/AtomicLinkedList1_fuzz
   -> AFL++(AtomicLinkedList1_fuzz) finished its fuzzing session.
   -> Checking fuzzing outputs for counterexamples...
Checking crashes
   -> Found 1 crash reports. Testing reproducibility...
   -> CRASH REPRODUCED with id:000000,sig:06,src:000000,time:217,execs:83,op:havoc,rep:7
Checking queue
   -> Found 7 crash reports. Testing reproducibility...
Checking hangs
   -> Converting counterexamples for 'AtomicLinkedList1'...
      -> Found and validated 1 new rules.
   -> Updating CHC file with new counterexamples...

=============== Artifacts This Iteration ===============

--- Generated Specs ---
  insertHead: (((((k + len) + len1) > 0) && (len1 <= 1) && (len1 > 0) && (k <= 0)) || ((len <= 1) && (((k + len) - len1) <= 0) && (((len1 - k) - len) <= 0) && (k <= 1) && (k > 0)))
  popHead: (((len - len1) > 0) && ((len - len1) <= 1))
  inv1: (((((k - len) <= 0) && ((N - len) > (-1))) && (N <= 1)) || ((((k - len) <= 0) && ((N - len) > (-1))) && (N > 1)))
  inv2: ((((N - len) - items_processed) <= 0) && (((len + items_processed) - N) <= 0))

--- New Test Cases Found ---
  (None)

--- Updated CHCs (for next iteration) ---
(declare-var N Int)
(declare-var k Int)
(declare-var k1 Int)
(declare-var len Int)
(declare-var len1 Int)
(declare-var items_processed Int)
(declare-var items_processed1 Int)
(declare-var ret1 Int)
(declare-rel insertHead (Int Int Int))
(declare-rel popHead (Int Int Int))
(declare-rel inv1 (Int Int Int))
(declare-rel inv2 (Int Int Int))
(declare-rel fail ())

(rule (=> (and (= k 2) (= len 2) (= len1 3)) (insertHead k len len1)))

(rule (=> (and (= k 1) (= len 1) (= len1 2)) (insertHead k len len1)))
(rule (=> (and (= len 2) (= ret1 1) (= len1 1)) (popHead len ret1 len1)))
(rule (=> (and (= len 1) (= ret1 0) (= len1 0)) (popHead len ret1 len1)))
(rule (=> (and (= len 34) (= ret1 33) (= len1 33)) (popHead len ret1 len1)))
(rule (=> (and (= k 0) (= len 0) (= len1 1)) (insertHead k len len1)))
(rule (=> (and (> N 0) (= k1 0) (= len1 0)) (inv1 k1 N len1)))
(rule (=> (and (inv1 k N len) (< k N) (insertHead k len len1) (= k1 (+ k 1))) (inv1 k1 N len1)))
(rule (=> (and (inv1 k N len) (not (< k N)) (= items_processed 0)) (inv2 len items_processed N)))
(rule (=> (and (inv2 len items_processed N) (not (= len 0)) (popHead len ret1 len1) (= items_processed1 (+ items_processed 1))) (inv2 len1 items_processed1 N)))
(rule (=> (and (inv2 len items_processed N) (= len 0) (not (= items_processed N))) fail))

(query fail :print-certificate true)
==============================================================
   -> Checking if specs have changed...
      -> CHC files are different. Continuing iteration.

==================== Iteration: 5 ====================
TIMEOUT : 100
   -> Parsing CHC file: /Dualis/scripts/../benchmarks/ContextualHornICE_working_temp/AtomicLinkedList1/AtomicLinkedList1.smt2
   -> Starting HornICE with a 1000-second timeout...
      -> Logging HornICE output to iter_5.log
   -> HornICE completed successfully.
   -> Analyzing HornICE log file: iter_5.log
      -> Found 239 internal iterations.
   -> Writing new specs to harness: AtomicLinkedList1_fuzz.cpp...
      -> Successfully created working copy '/Dualis/scripts/../benchmarks/ContextualHornICE_working_temp/AtomicLinkedList1/AtomicLinkedList1_fuzz.cpp'.
   -> Starting AFL++(AtomicLinkedList1_fuzz) with a 100-second timeout...
   -> Building AFL-instrumented binary: /Dualis/scripts/../benchmarks/ContextualHornICE_working_temp/AtomicLinkedList1/AtomicLinkedList1_fuzz
   -> AFL++(AtomicLinkedList1_fuzz) finished its fuzzing session.
   -> Checking fuzzing outputs for counterexamples...
Checking crashes
   -> Found 2 crash reports. Testing reproducibility...
   -> CRASH REPRODUCED with id:000000,sig:06,src:000000,time:192,execs:176,op:havoc,rep:4
   -> CRASH REPRODUCED with id:000001,sig:06,src:000000,time:9385,execs:1839,op:havoc,rep:4
Checking queue
   -> Found 7 crash reports. Testing reproducibility...
Checking hangs
   -> Converting counterexamples for 'AtomicLinkedList1'...
      -> Found and validated 1 new rules.
   -> Updating CHC file with new counterexamples...

=============== Artifacts This Iteration ===============

--- Generated Specs ---
  insertHead: (((len - len1) <= (-1)) && ((len - len1) > (-2)))
  popHead: ((((((len1 - len) + len1) <= 0) && (((len1 - len) + len1) <= 1)) || (((len1 - len) + len1) > 1)) && ((len - len1) <= 1) && ((len - len1) > 0))
  inv1: (((((k - N) <= 0) && (((k + N) - len) > 0) && (N > 0) && (N <= 1)) || (N > 1)) && ((k - len) <= 0))
  inv2: ((((((((N - len) - items_processed) <= 0) && (((len + items_processed) - N) <= 0) && (N <= 1)) || ((((((len + items_processed) - N) <= 0) && (((N - len) - items_processed) <= 0) && ((items_processed - N) <= 0) && ((len - N) <= 0)) || ((len - N) > 0)) && (N > 1))) && (N <= 2)) || ((len > 2) && (N > 2))) && (N > 0))

--- New Test Cases Found ---
  (None)

--- Updated CHCs (for next iteration) ---
(declare-var N Int)
(declare-var k Int)
(declare-var k1 Int)
(declare-var len Int)
(declare-var len1 Int)
(declare-var items_processed Int)
(declare-var items_processed1 Int)
(declare-var ret1 Int)
(declare-rel insertHead (Int Int Int))
(declare-rel popHead (Int Int Int))
(declare-rel inv1 (Int Int Int))
(declare-rel inv2 (Int Int Int))
(declare-rel fail ())

(rule (=> (and (= len 3) (= ret1 2) (= len1 2)) (popHead len ret1 len1)))

(rule (=> (and (= k 2) (= len 2) (= len1 3)) (insertHead k len len1)))
(rule (=> (and (= k 1) (= len 1) (= len1 2)) (insertHead k len len1)))
(rule (=> (and (= len 2) (= ret1 1) (= len1 1)) (popHead len ret1 len1)))
(rule (=> (and (= len 1) (= ret1 0) (= len1 0)) (popHead len ret1 len1)))
(rule (=> (and (= len 34) (= ret1 33) (= len1 33)) (popHead len ret1 len1)))
(rule (=> (and (= k 0) (= len 0) (= len1 1)) (insertHead k len len1)))
(rule (=> (and (> N 0) (= k1 0) (= len1 0)) (inv1 k1 N len1)))
(rule (=> (and (inv1 k N len) (< k N) (insertHead k len len1) (= k1 (+ k 1))) (inv1 k1 N len1)))
(rule (=> (and (inv1 k N len) (not (< k N)) (= items_processed 0)) (inv2 len items_processed N)))
(rule (=> (and (inv2 len items_processed N) (not (= len 0)) (popHead len ret1 len1) (= items_processed1 (+ items_processed 1))) (inv2 len1 items_processed1 N)))
(rule (=> (and (inv2 len items_processed N) (= len 0) (not (= items_processed N))) fail))

(query fail :print-certificate true)
==============================================================
   -> Checking if specs have changed...
      -> CHC files are different. Continuing iteration.

==================== Iteration: 6 ====================
TIMEOUT : 120
   -> Parsing CHC file: /Dualis/scripts/../benchmarks/ContextualHornICE_working_temp/AtomicLinkedList1/AtomicLinkedList1.smt2
   -> Starting HornICE with a 1000-second timeout...
      -> Logging HornICE output to iter_6.log
   -> HornICE completed successfully.
   -> Analyzing HornICE log file: iter_6.log
      -> Found 261 internal iterations.
   -> Writing new specs to harness: AtomicLinkedList1_fuzz.cpp...
      -> Successfully created working copy '/Dualis/scripts/../benchmarks/ContextualHornICE_working_temp/AtomicLinkedList1/AtomicLinkedList1_fuzz.cpp'.
   -> Starting AFL++(AtomicLinkedList1_fuzz) with a 120-second timeout...
   -> Building AFL-instrumented binary: /Dualis/scripts/../benchmarks/ContextualHornICE_working_temp/AtomicLinkedList1/AtomicLinkedList1_fuzz
   -> AFL++(AtomicLinkedList1_fuzz) finished its fuzzing session.
   -> Checking fuzzing outputs for counterexamples...
Checking crashes
Checking queue
   -> Found 51 crash reports. Testing reproducibility...
Checking hangs
   -> Converting counterexamples for 'AtomicLinkedList1'...
   -> Updating CHC file with new counterexamples...

=============== Artifacts This Iteration ===============

--- Generated Specs ---
  popHead: (((len - len1) <= 1) && ((len - len1) > 0))
  insertHead: (((k - len1) <= (-1)) && ((k - len1) > (-2)))
  inv1: ((N > 0) && ((N - len) > (-1)) && ((k - len) <= 0))
  inv2: (((((((N - len) - items_processed) <= 0) && (((len + items_processed) - N) <= 0)) && (N <= 1)) || (((((((N - len) - items_processed) <= 0) && (((len + items_processed) - N) <= 0)) && (N <= 2)) || (((((N - len) - items_processed) <= 0) && (((len + items_processed) - N) <= 0)) && (N > 2))) && (N > 1))) && (N > 0))

--- New Test Cases Found ---
  (None)

--- Updated CHCs (for next iteration) ---
(declare-var N Int)
(declare-var k Int)
(declare-var k1 Int)
(declare-var len Int)
(declare-var len1 Int)
(declare-var items_processed Int)
(declare-var items_processed1 Int)
(declare-var ret1 Int)
(declare-rel insertHead (Int Int Int))
(declare-rel popHead (Int Int Int))
(declare-rel inv1 (Int Int Int))
(declare-rel inv2 (Int Int Int))
(declare-rel fail ())


(rule (=> (and (= len 3) (= ret1 2) (= len1 2)) (popHead len ret1 len1)))
(rule (=> (and (= k 2) (= len 2) (= len1 3)) (insertHead k len len1)))
(rule (=> (and (= k 1) (= len 1) (= len1 2)) (insertHead k len len1)))
(rule (=> (and (= len 2) (= ret1 1) (= len1 1)) (popHead len ret1 len1)))
(rule (=> (and (= len 1) (= ret1 0) (= len1 0)) (popHead len ret1 len1)))
(rule (=> (and (= len 34) (= ret1 33) (= len1 33)) (popHead len ret1 len1)))
(rule (=> (and (= k 0) (= len 0) (= len1 1)) (insertHead k len len1)))
(rule (=> (and (> N 0) (= k1 0) (= len1 0)) (inv1 k1 N len1)))
(rule (=> (and (inv1 k N len) (< k N) (insertHead k len len1) (= k1 (+ k 1))) (inv1 k1 N len1)))
(rule (=> (and (inv1 k N len) (not (< k N)) (= items_processed 0)) (inv2 len items_processed N)))
(rule (=> (and (inv2 len items_processed N) (not (= len 0)) (popHead len ret1 len1) (= items_processed1 (+ items_processed 1))) (inv2 len1 items_processed1 N)))
(rule (=> (and (inv2 len items_processed N) (= len 0) (not (= items_processed N))) fail))

(query fail :print-certificate true)
==============================================================
   -> Checking if specs have changed...
      -> CHC files are different. Continuing iteration.

==================== Iteration: 7 ====================
TIMEOUT : 140
   -> Parsing CHC file: /Dualis/scripts/../benchmarks/ContextualHornICE_working_temp/AtomicLinkedList1/AtomicLinkedList1.smt2
   -> Starting HornICE with a 1000-second timeout...
      -> Logging HornICE output to iter_7.log
   -> HornICE completed successfully.
   -> Analyzing HornICE log file: iter_7.log
      -> Found 261 internal iterations.
   -> Writing new specs to harness: AtomicLinkedList1_fuzz.cpp...
      -> Successfully created working copy '/Dualis/scripts/../benchmarks/ContextualHornICE_working_temp/AtomicLinkedList1/AtomicLinkedList1_fuzz.cpp'.
   -> Starting AFL++(AtomicLinkedList1_fuzz) with a 140-second timeout...
   -> Building AFL-instrumented binary: /Dualis/scripts/../benchmarks/ContextualHornICE_working_temp/AtomicLinkedList1/AtomicLinkedList1_fuzz
   -> AFL++(AtomicLinkedList1_fuzz) finished its fuzzing session.
   -> Checking fuzzing outputs for counterexamples...
Checking crashes
Checking queue
   -> Found 49 crash reports. Testing reproducibility...
Checking hangs
   -> Converting counterexamples for 'AtomicLinkedList1'...
   -> Updating CHC file with new counterexamples...

=============== Artifacts This Iteration ===============

--- Generated Specs ---
  popHead: (((len - len1) <= 1) && ((len - len1) > 0))
  insertHead: (((k - len1) <= (-1)) && ((k - len1) > (-2)))
  inv1: ((N > 0) && ((N - len) > (-1)) && ((k - len) <= 0))
  inv2: (((((((N - len) - items_processed) <= 0) && (((len + items_processed) - N) <= 0)) && (N <= 1)) || (((((((N - len) - items_processed) <= 0) && (((len + items_processed) - N) <= 0)) && (N <= 2)) || (((((N - len) - items_processed) <= 0) && (((len + items_processed) - N) <= 0)) && (N > 2))) && (N > 1))) && (N > 0))

--- New Test Cases Found ---
  (None)

--- Updated CHCs (for next iteration) ---
(declare-var N Int)
(declare-var k Int)
(declare-var k1 Int)
(declare-var len Int)
(declare-var len1 Int)
(declare-var items_processed Int)
(declare-var items_processed1 Int)
(declare-var ret1 Int)
(declare-rel insertHead (Int Int Int))
(declare-rel popHead (Int Int Int))
(declare-rel inv1 (Int Int Int))
(declare-rel inv2 (Int Int Int))
(declare-rel fail ())


(rule (=> (and (= len 3) (= ret1 2) (= len1 2)) (popHead len ret1 len1)))
(rule (=> (and (= k 2) (= len 2) (= len1 3)) (insertHead k len len1)))
(rule (=> (and (= k 1) (= len 1) (= len1 2)) (insertHead k len len1)))
(rule (=> (and (= len 2) (= ret1 1) (= len1 1)) (popHead len ret1 len1)))
(rule (=> (and (= len 1) (= ret1 0) (= len1 0)) (popHead len ret1 len1)))
(rule (=> (and (= len 34) (= ret1 33) (= len1 33)) (popHead len ret1 len1)))
(rule (=> (and (= k 0) (= len 0) (= len1 1)) (insertHead k len len1)))
(rule (=> (and (> N 0) (= k1 0) (= len1 0)) (inv1 k1 N len1)))
(rule (=> (and (inv1 k N len) (< k N) (insertHead k len len1) (= k1 (+ k 1))) (inv1 k1 N len1)))
(rule (=> (and (inv1 k N len) (not (< k N)) (= items_processed 0)) (inv2 len items_processed N)))
(rule (=> (and (inv2 len items_processed N) (not (= len 0)) (popHead len ret1 len1) (= items_processed1 (+ items_processed 1))) (inv2 len1 items_processed1 N)))
(rule (=> (and (inv2 len items_processed N) (= len 0) (not (= items_processed N))) fail))

(query fail :print-certificate true)
==============================================================
   -> Checking if specs have changed...
      -> CHC files are identical. Pipeline has converged.
   -> 15-minute deep fuzzing converged. Pipeline complete.

==================== Finalizing Pipeline ====================

====================== Pipeline Finished =====================
Total External Iterations: 7
Total Unique Test Cases Found: 7
Total Internal Iterations: 924
  - Min: 7
  - Max: 261
  - Avg: 132.00
pipeline.run() took 1.1103 seconds.
Running command: /usr/bin/python3 chcverifynfuzz.py ContextualHornICE AtomicLinkedList1
PID: 607036
========================================

