
========================================
         Starting Pipeline for: BinaryHeap1 (Mode: ContextualHornICE)
========================================
Initializing pipeline for benchmark: 'BinaryHeap1'
   -> Loading and validating attributes from: /Dualis/scripts/../benchmarks/Classical/BinaryHeap1/Attributes.txt
      -> Validation successful. Attribute file is consistent.

==================== Iteration: 1 ====================
TIMEOUT : 20
   -> Parsing CHC file: /Dualis/scripts/../benchmarks/ContextualHornICE_working_temp/BinaryHeap1/BinaryHeap1.smt2
   -> Starting HornICE with a 1000-second timeout...
      -> Logging HornICE output to iter_1.log
   -> HornICE completed successfully.
   -> Analyzing HornICE log file: iter_1.log
      -> Found 15 internal iterations.
   -> Writing new specs to harness: BinaryHeap1_fuzz.cpp...
      -> Successfully created working copy '/Dualis/scripts/../benchmarks/ContextualHornICE_working_temp/BinaryHeap1/BinaryHeap1_fuzz.cpp'.
   -> Starting AFL++(BinaryHeap1_fuzz) with a 20-second timeout...
   -> Building AFL-instrumented binary: /Dualis/scripts/../benchmarks/ContextualHornICE_working_temp/BinaryHeap1/BinaryHeap1_fuzz
   -> AFL++(BinaryHeap1_fuzz) finished its fuzzing session.
   -> Checking fuzzing outputs for counterexamples...
Checking crashes
   -> Found 1 crash reports. Testing reproducibility...
   -> CRASH REPRODUCED with id:000000,sig:06,src:000000,time:1,execs:64,op:havoc,rep:3
Checking queue
   -> Found 9 crash reports. Testing reproducibility...
Checking hangs
   -> Converting counterexamples for 'BinaryHeap1'...
      -> Found and validated 1 new rules.
   -> Updating CHC file with new counterexamples...

=============== Artifacts This Iteration ===============

--- Generated Specs ---
  inv1: ((i - N) <= (-1))
  insert: (false)
  inv2: (false)
  deleteMin: (false)
  downHeap: (false)

--- New Test Cases Found ---
  (None)

--- Updated CHCs (for next iteration) ---
(declare-var N Int)
(declare-var i Int)
(declare-var i1 Int)
(declare-var isHeap Int)
(declare-var isHeap1 Int)
(declare-var isHeap2 Int)
(declare-var isHeap3 Int)
(declare-var min Int)
(declare-var min1 Int)
(declare-var max Int)
(declare-var max1 Int)
(declare-var len Int)
(declare-var len1 Int)
(declare-var d Int)
(declare-var d1 Int)
(declare-var ret Int)
(declare-var ret1 Int)
(declare-rel insert (Int Int Int Int Int Int Int Int Int))
(declare-rel deleteMin (Int Int Int Int Int Int Int Int Int))
(declare-rel downHeap (Int))
(declare-rel inv1 (Int Int Int Int Int Int))
(declare-rel inv2 (Int Int Int Int Int Int Int))
(declare-rel fail ())
(define-fun is_valid ((x Int)) Bool (or (= x 1) (= x 0)))
(define-fun MAX () Int 128)
(define-fun MIN () Int -129)

(rule (=> (and (= i 0) (= isHeap 1) (= min 128) (= max 128) (= len 0) (= isHeap1 1) (= min1 0) (= max1 0) (= len1 1)) (insert i isHeap min max len isHeap1 min1 max1 len1)))

(rule (=> (and (> N 0) (= i1 0) (= isHeap1 1) (= len1 0) (= min MAX) (= max MIN)) (inv1 i1 N isHeap1 min max len1)))
(rule (=> (and (inv1 i N isHeap min max len) (is_valid isHeap) (< i N) (insert i isHeap min max len isHeap1 min1 max1 len1) (= i1 (+ i 1))) (inv1 i1 N isHeap1 min1 max1 len1)))
(rule (=> (and (inv1 i N isHeap min max len) (is_valid isHeap) (not (< i N)) (= d 0) (= ret MAX)) (inv2 d N min max len isHeap ret)))
(rule (=> (and (inv2 d N min max len isHeap ret) (is_valid isHeap)  (is_valid isHeap2) (not (= len 0)) (deleteMin min max len isHeap min1 max1 len1 ret1 isHeap1) (downHeap isHeap2) (= d1 (+ d 1))) (inv2 d1 N min1 max1 len1 isHeap2 ret1)))
(rule (=> (and (inv2 d N min max len isHeap ret) (is_valid isHeap) (= len 0) (not (and (= ret (- N 1)) (= isHeap 1)))) fail))

(query fail :print-certificate true)
==============================================================
   -> Checking if specs have changed...
      -> CHC files are different. Continuing iteration.

==================== Iteration: 2 ====================
TIMEOUT : 40
   -> Parsing CHC file: /Dualis/scripts/../benchmarks/ContextualHornICE_working_temp/BinaryHeap1/BinaryHeap1.smt2
   -> Starting HornICE with a 1000-second timeout...
      -> Logging HornICE output to iter_2.log
   -> ERROR: HornICE timed out. Terminating.

==================== Finalizing Pipeline ====================

====================== Pipeline Finished =====================
Total External Iterations: 2
Total Unique Test Cases Found: 1
Total Internal Iterations: 15
  - Min: 15
  - Max: 15
  - Avg: 15.00
pipeline.run() took 0.9205 seconds.
Running command: /usr/bin/python3 chcverifynfuzz.py ContextualHornICE BinaryHeap1
PID: 607037
========================================

