
========================================
         Starting Pipeline for: Calender (Mode: ContextualHornICE)
========================================
Initializing pipeline for benchmark: 'Calender'
   -> Loading and validating attributes from: /Dualis/scripts/../benchmarks/Classical/Calender/Attributes.txt
      -> Validation successful. Attribute file is consistent.

==================== Iteration: 1 ====================
TIMEOUT : 20
   -> Parsing CHC file: /Dualis/scripts/../benchmarks/ContextualHornICE_working_temp/Calender/Calender.smt2
   -> Starting HornICE with a 1000-second timeout...
      -> Logging HornICE output to iter_1.log
   -> HornICE completed successfully.
   -> Analyzing HornICE log file: iter_1.log
      -> Found 4 internal iterations.
   -> Writing new specs to harness: Calender_fuzz.cpp...
      -> Successfully created working copy '/Dualis/scripts/../benchmarks/ContextualHornICE_working_temp/Calender/Calender_fuzz.cpp'.
   -> Starting AFL++(Calender_fuzz) with a 20-second timeout...
   -> Building AFL-instrumented binary: /Dualis/scripts/../benchmarks/ContextualHornICE_working_temp/Calender/Calender_fuzz
   -> AFL++(Calender_fuzz) finished its fuzzing session.
   -> Checking fuzzing outputs for counterexamples...
Checking crashes
   -> Found 2 crash reports. Testing reproducibility...
   -> CRASH REPRODUCED with id:000001,sig:06,src:000000,time:7094,execs:2104,op:havoc,rep:2
   -> CRASH REPRODUCED with id:000000,sig:06,src:000000,time:195,execs:136,op:havoc,rep:1
Checking queue
   -> Found 13 crash reports. Testing reproducibility...
Checking hangs
   -> Converting counterexamples for 'Calender'...
      -> Found and validated 2 new rules.
   -> Updating CHC file with new counterexamples...

=============== Artifacts This Iteration ===============

--- Generated Specs ---
  inv: (len <= 0)
  insert: (false)

--- New Test Cases Found ---
  (None)

--- Updated CHCs (for next iteration) ---
(declare-var len Int)
(declare-var len1 Int)
(declare-var maxDiff Int)
(declare-var maxDiff1 Int)
(declare-var ev1 Int)
(declare-var ev2 Int)
(declare-rel insert (Int Int Int Int Int Int))
(declare-rel inv (Int Int))
(declare-rel fail ())
(define-fun MIN () Int -129)

(rule (=> (and (= len 0) (= len1 1) (= ev1 0) (= ev2 0) (= maxDiff 0) (= maxDiff1 0)) (insert len len1 ev1 ev2 maxDiff maxDiff1)))
(rule (=> (and (= len 0) (= len1 1) (= ev1 1) (= ev2 1) (= maxDiff 0) (= maxDiff1 0)) (insert len len1 ev1 ev2 maxDiff maxDiff1)))

(rule (=> (and (= len 0) (= maxDiff MIN)) (inv len maxDiff)))
(rule (=> (and (inv len maxDiff) (and (>= ev1 0) (<= ev1 3) (>= ev2 0) (<= ev2 3) (< (abs (- ev1 ev2)) 2)) (insert len len1 ev1 ev2 maxDiff maxDiff1)) (inv len1 maxDiff1)))
(rule (=> (and (inv len maxDiff) (not (and (>= ev1 0) (<= ev1 3) (>= ev2 0) (<= ev2 3) (< (- ev1 ev2) 2)))) (inv len maxDiff)))
(rule (=> (and (inv len maxDiff) (not (=> (> len 0) (< maxDiff 2)))) fail))

(query fail :print-certificate true)
==============================================================
   -> Checking if specs have changed...
      -> CHC files are different. Continuing iteration.

==================== Iteration: 2 ====================
TIMEOUT : 40
   -> Parsing CHC file: /Dualis/scripts/../benchmarks/ContextualHornICE_working_temp/Calender/Calender.smt2
   -> Starting HornICE with a 1000-second timeout...
      -> Logging HornICE output to iter_2.log
   -> HornICE completed successfully.
   -> Analyzing HornICE log file: iter_2.log
      -> Found 40 internal iterations.
   -> Writing new specs to harness: Calender_fuzz.cpp...
      -> Successfully created working copy '/Dualis/scripts/../benchmarks/ContextualHornICE_working_temp/Calender/Calender_fuzz.cpp'.
   -> Starting AFL++(Calender_fuzz) with a 40-second timeout...
   -> Building AFL-instrumented binary: /Dualis/scripts/../benchmarks/ContextualHornICE_working_temp/Calender/Calender_fuzz
   -> AFL++(Calender_fuzz) finished its fuzzing session.
   -> Checking fuzzing outputs for counterexamples...
Checking crashes
   -> Found 5 crash reports. Testing reproducibility...
   -> CRASH REPRODUCED with id:000001,sig:06,src:000000,time:353,execs:365,op:havoc,rep:9
   -> CRASH REPRODUCED with id:000000,sig:06,src:000000,time:180,execs:41,op:havoc,rep:16
   -> CRASH REPRODUCED with id:000003,sig:06,src:000000,time:1495,execs:1653,op:havoc,rep:16
   -> CRASH REPRODUCED with id:000004,sig:06,src:000000,time:1782,execs:1883,op:havoc,rep:16
   -> CRASH REPRODUCED with id:000002,sig:06,src:000000,time:751,execs:1063,op:havoc,rep:12
Checking queue
   -> Found 32 crash reports. Testing reproducibility...
Checking hangs
   -> Converting counterexamples for 'Calender'...
      -> Found and validated 5 new rules.
   -> Updating CHC file with new counterexamples...

=============== Artifacts This Iteration ===============

--- Generated Specs ---
  insert: (((maxDiff1 <= 0) && (ev1 <= 0)) || ((maxDiff1 <= 0) && (ev1 > 0)))
  inv: ((len <= 0) || ((maxDiff <= 1) && (len > 0)))

--- New Test Cases Found ---
  (None)

--- Updated CHCs (for next iteration) ---
(declare-var len Int)
(declare-var len1 Int)
(declare-var maxDiff Int)
(declare-var maxDiff1 Int)
(declare-var ev1 Int)
(declare-var ev2 Int)
(declare-rel insert (Int Int Int Int Int Int))
(declare-rel inv (Int Int))
(declare-rel fail ())
(define-fun MIN () Int -129)

(rule (=> (and (= len 2) (= len1 3) (= ev1 0) (= ev2 1) (= maxDiff 0) (= maxDiff1 1)) (insert len len1 ev1 ev2 maxDiff maxDiff1)))
(rule (=> (and (= len 0) (= len1 1) (= ev1 2) (= ev2 3) (= maxDiff 0) (= maxDiff1 1)) (insert len len1 ev1 ev2 maxDiff maxDiff1)))
(rule (=> (and (= len 0) (= len1 1) (= ev1 1) (= ev2 0) (= maxDiff 0) (= maxDiff1 1)) (insert len len1 ev1 ev2 maxDiff maxDiff1)))
(rule (=> (and (= len 4) (= len1 5) (= ev1 1) (= ev2 0) (= maxDiff 0) (= maxDiff1 1)) (insert len len1 ev1 ev2 maxDiff maxDiff1)))
(rule (=> (and (= len 0) (= len1 1) (= ev1 0) (= ev2 1) (= maxDiff 0) (= maxDiff1 1)) (insert len len1 ev1 ev2 maxDiff maxDiff1)))

(rule (=> (and (= len 0) (= len1 1) (= ev1 0) (= ev2 0) (= maxDiff 0) (= maxDiff1 0)) (insert len len1 ev1 ev2 maxDiff maxDiff1)))
(rule (=> (and (= len 0) (= len1 1) (= ev1 1) (= ev2 1) (= maxDiff 0) (= maxDiff1 0)) (insert len len1 ev1 ev2 maxDiff maxDiff1)))
(rule (=> (and (= len 0) (= maxDiff MIN)) (inv len maxDiff)))
(rule (=> (and (inv len maxDiff) (and (>= ev1 0) (<= ev1 3) (>= ev2 0) (<= ev2 3) (< (abs (- ev1 ev2)) 2)) (insert len len1 ev1 ev2 maxDiff maxDiff1)) (inv len1 maxDiff1)))
(rule (=> (and (inv len maxDiff) (not (and (>= ev1 0) (<= ev1 3) (>= ev2 0) (<= ev2 3) (< (- ev1 ev2) 2)))) (inv len maxDiff)))
(rule (=> (and (inv len maxDiff) (not (=> (> len 0) (< maxDiff 2)))) fail))

(query fail :print-certificate true)
==============================================================
   -> Checking if specs have changed...
      -> CHC files are different. Continuing iteration.

==================== Iteration: 3 ====================
TIMEOUT : 60
   -> Parsing CHC file: /Dualis/scripts/../benchmarks/ContextualHornICE_working_temp/Calender/Calender.smt2
   -> Starting HornICE with a 1000-second timeout...
      -> Logging HornICE output to iter_3.log
   -> HornICE completed successfully.
   -> Analyzing HornICE log file: iter_3.log
      -> Found 26 internal iterations.
   -> Writing new specs to harness: Calender_fuzz.cpp...
      -> Successfully created working copy '/Dualis/scripts/../benchmarks/ContextualHornICE_working_temp/Calender/Calender_fuzz.cpp'.
   -> Starting AFL++(Calender_fuzz) with a 60-second timeout...
   -> Building AFL-instrumented binary: /Dualis/scripts/../benchmarks/ContextualHornICE_working_temp/Calender/Calender_fuzz
   -> AFL++(Calender_fuzz) finished its fuzzing session.
   -> Checking fuzzing outputs for counterexamples...
Checking crashes
   -> Found 8 crash reports. Testing reproducibility...
   -> CRASH REPRODUCED with id:000003,sig:06,src:000008,time:2137,execs:13592,op:havoc,rep:9
   -> CRASH REPRODUCED with id:000005,sig:06,src:000008,time:4185,execs:14663,op:havoc,rep:6
   -> CRASH REPRODUCED with id:000002,sig:06,src:000000,time:1534,execs:12941,op:havoc,rep:4
   -> CRASH REPRODUCED with id:000006,sig:06,src:000008,time:5804,execs:15693,op:havoc,rep:16
   -> CRASH REPRODUCED with id:000007,sig:06,src:000008,time:7846,execs:16761,op:havoc,rep:4
   -> CRASH REPRODUCED with id:000000,sig:06,src:000000,time:175,execs:220,op:havoc,rep:4
   -> CRASH REPRODUCED with id:000004,sig:06,src:000008,time:3094,execs:13998,op:havoc,rep:9
   -> CRASH REPRODUCED with id:000001,sig:06,src:000000,time:1108,execs:11201,op:havoc,rep:4
Checking queue
   -> Found 38 crash reports. Testing reproducibility...
Checking hangs
   -> Converting counterexamples for 'Calender'...
      -> Found and validated 7 new rules.
   -> Updating CHC file with new counterexamples...

=============== Artifacts This Iteration ===============

--- Generated Specs ---
  insert: (((((ev1 - ev2) + maxDiff1) <= 0) && (((len - ev2) - ev2) <= 0) && (ev1 <= 0)) || ((maxDiff1 <= 1) && (ev1 > 0)))
  inv: ((maxDiff <= 0) || ((maxDiff <= 1) && (maxDiff > 0)))

--- New Test Cases Found ---
  (None)

--- Updated CHCs (for next iteration) ---
(declare-var len Int)
(declare-var len1 Int)
(declare-var maxDiff Int)
(declare-var maxDiff1 Int)
(declare-var ev1 Int)
(declare-var ev2 Int)
(declare-rel insert (Int Int Int Int Int Int))
(declare-rel inv (Int Int))
(declare-rel fail ())
(define-fun MIN () Int -129)

(rule (=> (and (= len 1) (= len1 2) (= ev1 0) (= ev2 0) (= maxDiff 0) (= maxDiff1 0)) (insert len len1 ev1 ev2 maxDiff maxDiff1)))
(rule (=> (and (= len 1) (= len1 2) (= ev1 0) (= ev2 0) (= maxDiff 1) (= maxDiff1 1)) (insert len len1 ev1 ev2 maxDiff maxDiff1)))
(rule (=> (and (= len 2) (= len1 3) (= ev1 0) (= ev2 0) (= maxDiff 0) (= maxDiff1 0)) (insert len len1 ev1 ev2 maxDiff maxDiff1)))
(rule (=> (and (= len 3) (= len1 4) (= ev1 0) (= ev2 0) (= maxDiff 0) (= maxDiff1 0)) (insert len len1 ev1 ev2 maxDiff maxDiff1)))
(rule (=> (and (= len 0) (= len1 1) (= ev1 1) (= ev2 3) (= maxDiff 0) (= maxDiff1 2)) (insert len len1 ev1 ev2 maxDiff maxDiff1)))
(rule (=> (and (= len 1) (= len1 2) (= ev1 1) (= ev2 1) (= maxDiff 2) (= maxDiff1 2)) (insert len len1 ev1 ev2 maxDiff maxDiff1)))
(rule (=> (and (= len 1) (= len1 2) (= ev1 1) (= ev2 3) (= maxDiff 1) (= maxDiff1 2)) (insert len len1 ev1 ev2 maxDiff maxDiff1)))

(rule (=> (and (= len 2) (= len1 3) (= ev1 0) (= ev2 1) (= maxDiff 0) (= maxDiff1 1)) (insert len len1 ev1 ev2 maxDiff maxDiff1)))
(rule (=> (and (= len 0) (= len1 1) (= ev1 2) (= ev2 3) (= maxDiff 0) (= maxDiff1 1)) (insert len len1 ev1 ev2 maxDiff maxDiff1)))
(rule (=> (and (= len 0) (= len1 1) (= ev1 1) (= ev2 0) (= maxDiff 0) (= maxDiff1 1)) (insert len len1 ev1 ev2 maxDiff maxDiff1)))
(rule (=> (and (= len 4) (= len1 5) (= ev1 1) (= ev2 0) (= maxDiff 0) (= maxDiff1 1)) (insert len len1 ev1 ev2 maxDiff maxDiff1)))
(rule (=> (and (= len 0) (= len1 1) (= ev1 0) (= ev2 1) (= maxDiff 0) (= maxDiff1 1)) (insert len len1 ev1 ev2 maxDiff maxDiff1)))
(rule (=> (and (= len 0) (= len1 1) (= ev1 0) (= ev2 0) (= maxDiff 0) (= maxDiff1 0)) (insert len len1 ev1 ev2 maxDiff maxDiff1)))
(rule (=> (and (= len 0) (= len1 1) (= ev1 1) (= ev2 1) (= maxDiff 0) (= maxDiff1 0)) (insert len len1 ev1 ev2 maxDiff maxDiff1)))
(rule (=> (and (= len 0) (= maxDiff MIN)) (inv len maxDiff)))
(rule (=> (and (inv len maxDiff) (and (>= ev1 0) (<= ev1 3) (>= ev2 0) (<= ev2 3) (< (abs (- ev1 ev2)) 2)) (insert len len1 ev1 ev2 maxDiff maxDiff1)) (inv len1 maxDiff1)))
(rule (=> (and (inv len maxDiff) (not (and (>= ev1 0) (<= ev1 3) (>= ev2 0) (<= ev2 3) (< (- ev1 ev2) 2)))) (inv len maxDiff)))
(rule (=> (and (inv len maxDiff) (not (=> (> len 0) (< maxDiff 2)))) fail))

(query fail :print-certificate true)
==============================================================
   -> Checking if specs have changed...
      -> CHC files are different. Continuing iteration.

==================== Iteration: 4 ====================
TIMEOUT : 80
   -> Parsing CHC file: /Dualis/scripts/../benchmarks/ContextualHornICE_working_temp/Calender/Calender.smt2
   -> Starting HornICE with a 1000-second timeout...
      -> Logging HornICE output to iter_4.log
   -> HornICE completed successfully.
   -> Analyzing HornICE log file: iter_4.log
      -> Found 36 internal iterations.
   -> Writing new specs to harness: Calender_fuzz.cpp...
      -> Successfully created working copy '/Dualis/scripts/../benchmarks/ContextualHornICE_working_temp/Calender/Calender_fuzz.cpp'.
   -> Starting AFL++(Calender_fuzz) with a 80-second timeout...
   -> Building AFL-instrumented binary: /Dualis/scripts/../benchmarks/ContextualHornICE_working_temp/Calender/Calender_fuzz
   -> AFL++(Calender_fuzz) finished its fuzzing session.
   -> Checking fuzzing outputs for counterexamples...
Checking crashes
Checking queue
   -> Found 52 crash reports. Testing reproducibility...
Checking hangs
   -> Converting counterexamples for 'Calender'...
   -> Updating CHC file with new counterexamples...

=============== Artifacts This Iteration ===============

--- Generated Specs ---
  insert: (((maxDiff1 <= 1) || (((((ev1 - ev2) + maxDiff1) <= 0) || ((maxDiff > 1) && (((ev1 - ev2) + maxDiff1) > 0))) && (maxDiff1 > 1))) && (((maxDiff1 - ev2) - maxDiff) <= 1))
  inv: ((maxDiff <= 0) || ((maxDiff <= 1) && (maxDiff > 0)))

--- New Test Cases Found ---
  (None)

--- Updated CHCs (for next iteration) ---
(declare-var len Int)
(declare-var len1 Int)
(declare-var maxDiff Int)
(declare-var maxDiff1 Int)
(declare-var ev1 Int)
(declare-var ev2 Int)
(declare-rel insert (Int Int Int Int Int Int))
(declare-rel inv (Int Int))
(declare-rel fail ())
(define-fun MIN () Int -129)


(rule (=> (and (= len 1) (= len1 2) (= ev1 0) (= ev2 0) (= maxDiff 0) (= maxDiff1 0)) (insert len len1 ev1 ev2 maxDiff maxDiff1)))
(rule (=> (and (= len 1) (= len1 2) (= ev1 0) (= ev2 0) (= maxDiff 1) (= maxDiff1 1)) (insert len len1 ev1 ev2 maxDiff maxDiff1)))
(rule (=> (and (= len 2) (= len1 3) (= ev1 0) (= ev2 0) (= maxDiff 0) (= maxDiff1 0)) (insert len len1 ev1 ev2 maxDiff maxDiff1)))
(rule (=> (and (= len 3) (= len1 4) (= ev1 0) (= ev2 0) (= maxDiff 0) (= maxDiff1 0)) (insert len len1 ev1 ev2 maxDiff maxDiff1)))
(rule (=> (and (= len 0) (= len1 1) (= ev1 1) (= ev2 3) (= maxDiff 0) (= maxDiff1 2)) (insert len len1 ev1 ev2 maxDiff maxDiff1)))
(rule (=> (and (= len 1) (= len1 2) (= ev1 1) (= ev2 1) (= maxDiff 2) (= maxDiff1 2)) (insert len len1 ev1 ev2 maxDiff maxDiff1)))
(rule (=> (and (= len 1) (= len1 2) (= ev1 1) (= ev2 3) (= maxDiff 1) (= maxDiff1 2)) (insert len len1 ev1 ev2 maxDiff maxDiff1)))
(rule (=> (and (= len 2) (= len1 3) (= ev1 0) (= ev2 1) (= maxDiff 0) (= maxDiff1 1)) (insert len len1 ev1 ev2 maxDiff maxDiff1)))
(rule (=> (and (= len 0) (= len1 1) (= ev1 2) (= ev2 3) (= maxDiff 0) (= maxDiff1 1)) (insert len len1 ev1 ev2 maxDiff maxDiff1)))
(rule (=> (and (= len 0) (= len1 1) (= ev1 1) (= ev2 0) (= maxDiff 0) (= maxDiff1 1)) (insert len len1 ev1 ev2 maxDiff maxDiff1)))
(rule (=> (and (= len 4) (= len1 5) (= ev1 1) (= ev2 0) (= maxDiff 0) (= maxDiff1 1)) (insert len len1 ev1 ev2 maxDiff maxDiff1)))
(rule (=> (and (= len 0) (= len1 1) (= ev1 0) (= ev2 1) (= maxDiff 0) (= maxDiff1 1)) (insert len len1 ev1 ev2 maxDiff maxDiff1)))
(rule (=> (and (= len 0) (= len1 1) (= ev1 0) (= ev2 0) (= maxDiff 0) (= maxDiff1 0)) (insert len len1 ev1 ev2 maxDiff maxDiff1)))
(rule (=> (and (= len 0) (= len1 1) (= ev1 1) (= ev2 1) (= maxDiff 0) (= maxDiff1 0)) (insert len len1 ev1 ev2 maxDiff maxDiff1)))
(rule (=> (and (= len 0) (= maxDiff MIN)) (inv len maxDiff)))
(rule (=> (and (inv len maxDiff) (and (>= ev1 0) (<= ev1 3) (>= ev2 0) (<= ev2 3) (< (abs (- ev1 ev2)) 2)) (insert len len1 ev1 ev2 maxDiff maxDiff1)) (inv len1 maxDiff1)))
(rule (=> (and (inv len maxDiff) (not (and (>= ev1 0) (<= ev1 3) (>= ev2 0) (<= ev2 3) (< (- ev1 ev2) 2)))) (inv len maxDiff)))
(rule (=> (and (inv len maxDiff) (not (=> (> len 0) (< maxDiff 2)))) fail))

(query fail :print-certificate true)
==============================================================
   -> Checking if specs have changed...
      -> CHC files are different. Continuing iteration.

==================== Iteration: 5 ====================
TIMEOUT : 100
   -> Parsing CHC file: /Dualis/scripts/../benchmarks/ContextualHornICE_working_temp/Calender/Calender.smt2
   -> Starting HornICE with a 1000-second timeout...
      -> Logging HornICE output to iter_5.log
   -> HornICE completed successfully.
   -> Analyzing HornICE log file: iter_5.log
      -> Found 36 internal iterations.
   -> Writing new specs to harness: Calender_fuzz.cpp...
      -> Successfully created working copy '/Dualis/scripts/../benchmarks/ContextualHornICE_working_temp/Calender/Calender_fuzz.cpp'.
   -> Starting AFL++(Calender_fuzz) with a 100-second timeout...
   -> Building AFL-instrumented binary: /Dualis/scripts/../benchmarks/ContextualHornICE_working_temp/Calender/Calender_fuzz
   -> AFL++(Calender_fuzz) finished its fuzzing session.
   -> Checking fuzzing outputs for counterexamples...
Checking crashes
Checking queue
   -> Found 63 crash reports. Testing reproducibility...
Checking hangs
   -> Converting counterexamples for 'Calender'...
   -> Updating CHC file with new counterexamples...

=============== Artifacts This Iteration ===============

--- Generated Specs ---
  insert: (((maxDiff1 <= 1) || (((((ev1 - ev2) + maxDiff1) <= 0) || ((maxDiff > 1) && (((ev1 - ev2) + maxDiff1) > 0))) && (maxDiff1 > 1))) && (((maxDiff1 - ev2) - maxDiff) <= 1))
  inv: ((maxDiff <= 0) || ((maxDiff <= 1) && (maxDiff > 0)))

--- New Test Cases Found ---
  (None)

--- Updated CHCs (for next iteration) ---
(declare-var len Int)
(declare-var len1 Int)
(declare-var maxDiff Int)
(declare-var maxDiff1 Int)
(declare-var ev1 Int)
(declare-var ev2 Int)
(declare-rel insert (Int Int Int Int Int Int))
(declare-rel inv (Int Int))
(declare-rel fail ())
(define-fun MIN () Int -129)


(rule (=> (and (= len 1) (= len1 2) (= ev1 0) (= ev2 0) (= maxDiff 0) (= maxDiff1 0)) (insert len len1 ev1 ev2 maxDiff maxDiff1)))
(rule (=> (and (= len 1) (= len1 2) (= ev1 0) (= ev2 0) (= maxDiff 1) (= maxDiff1 1)) (insert len len1 ev1 ev2 maxDiff maxDiff1)))
(rule (=> (and (= len 2) (= len1 3) (= ev1 0) (= ev2 0) (= maxDiff 0) (= maxDiff1 0)) (insert len len1 ev1 ev2 maxDiff maxDiff1)))
(rule (=> (and (= len 3) (= len1 4) (= ev1 0) (= ev2 0) (= maxDiff 0) (= maxDiff1 0)) (insert len len1 ev1 ev2 maxDiff maxDiff1)))
(rule (=> (and (= len 0) (= len1 1) (= ev1 1) (= ev2 3) (= maxDiff 0) (= maxDiff1 2)) (insert len len1 ev1 ev2 maxDiff maxDiff1)))
(rule (=> (and (= len 1) (= len1 2) (= ev1 1) (= ev2 1) (= maxDiff 2) (= maxDiff1 2)) (insert len len1 ev1 ev2 maxDiff maxDiff1)))
(rule (=> (and (= len 1) (= len1 2) (= ev1 1) (= ev2 3) (= maxDiff 1) (= maxDiff1 2)) (insert len len1 ev1 ev2 maxDiff maxDiff1)))
(rule (=> (and (= len 2) (= len1 3) (= ev1 0) (= ev2 1) (= maxDiff 0) (= maxDiff1 1)) (insert len len1 ev1 ev2 maxDiff maxDiff1)))
(rule (=> (and (= len 0) (= len1 1) (= ev1 2) (= ev2 3) (= maxDiff 0) (= maxDiff1 1)) (insert len len1 ev1 ev2 maxDiff maxDiff1)))
(rule (=> (and (= len 0) (= len1 1) (= ev1 1) (= ev2 0) (= maxDiff 0) (= maxDiff1 1)) (insert len len1 ev1 ev2 maxDiff maxDiff1)))
(rule (=> (and (= len 4) (= len1 5) (= ev1 1) (= ev2 0) (= maxDiff 0) (= maxDiff1 1)) (insert len len1 ev1 ev2 maxDiff maxDiff1)))
(rule (=> (and (= len 0) (= len1 1) (= ev1 0) (= ev2 1) (= maxDiff 0) (= maxDiff1 1)) (insert len len1 ev1 ev2 maxDiff maxDiff1)))
(rule (=> (and (= len 0) (= len1 1) (= ev1 0) (= ev2 0) (= maxDiff 0) (= maxDiff1 0)) (insert len len1 ev1 ev2 maxDiff maxDiff1)))
(rule (=> (and (= len 0) (= len1 1) (= ev1 1) (= ev2 1) (= maxDiff 0) (= maxDiff1 0)) (insert len len1 ev1 ev2 maxDiff maxDiff1)))
(rule (=> (and (= len 0) (= maxDiff MIN)) (inv len maxDiff)))
(rule (=> (and (inv len maxDiff) (and (>= ev1 0) (<= ev1 3) (>= ev2 0) (<= ev2 3) (< (abs (- ev1 ev2)) 2)) (insert len len1 ev1 ev2 maxDiff maxDiff1)) (inv len1 maxDiff1)))
(rule (=> (and (inv len maxDiff) (not (and (>= ev1 0) (<= ev1 3) (>= ev2 0) (<= ev2 3) (< (- ev1 ev2) 2)))) (inv len maxDiff)))
(rule (=> (and (inv len maxDiff) (not (=> (> len 0) (< maxDiff 2)))) fail))

(query fail :print-certificate true)
==============================================================
   -> Checking if specs have changed...
      -> CHC files are identical. Pipeline has converged.
   -> 15-minute deep fuzzing converged. Pipeline complete.

==================== Finalizing Pipeline ====================

====================== Pipeline Finished =====================
Total External Iterations: 5
Total Unique Test Cases Found: 14
Total Internal Iterations: 142
  - Min: 4
  - Max: 40
  - Avg: 28.40
pipeline.run() took 0.1522 seconds.
Running command: /usr/bin/python3 chcverifynfuzz.py ContextualHornICE Calender
PID: 607038
========================================

