
========================================
         Starting Pipeline for: FlatHashSet (Mode: ContextualHornICE)
========================================
Initializing pipeline for benchmark: 'FlatHashSet'
   -> Loading and validating attributes from: /Dualis/scripts/../benchmarks/Contextual/FlatHashSet/Attributes.txt
      -> Validation successful. Attribute file is consistent.

==================== Iteration: 1 ====================
TIMEOUT : 20
   -> Parsing CHC file: /Dualis/scripts/../benchmarks/ContextualHornICE_working_temp/FlatHashSet/FlatHashSet.smt2
   -> Starting HornICE with a 1000-second timeout...
      -> Logging HornICE output to iter_1.log
   -> HornICE completed successfully.
   -> Analyzing HornICE log file: iter_1.log
      -> Found 5 internal iterations.
   -> Writing new specs to harness: FlatHashSet_fuzz.cpp...
      -> Successfully created working copy '/Dualis/scripts/../benchmarks/ContextualHornICE_working_temp/FlatHashSet/FlatHashSet_fuzz.cpp'.
   -> Starting AFL++(FlatHashSet_fuzz) with a 20-second timeout...
   -> Building AFL-instrumented binary: /Dualis/scripts/../benchmarks/ContextualHornICE_working_temp/FlatHashSet/FlatHashSet_fuzz
   -> AFL++(FlatHashSet_fuzz) finished its fuzzing session.
   -> Checking fuzzing outputs for counterexamples...
Checking crashes
   -> Found 1 crash reports. Testing reproducibility...
   -> CRASH REPRODUCED with id:000000,sig:06,src:000000,time:143,execs:48,op:havoc,rep:3
Checking queue
   -> Found 6 crash reports. Testing reproducibility...
   -> CRASH REPRODUCED with id:000005,src:000000,time:1,execs:38,op:(null),pos:0,+cov
Checking hangs
   -> Converting counterexamples for 'FlatHashSet'...
      -> Found and validated 1 new rules.
   -> Updating CHC file with new counterexamples...

=============== Artifacts This Iteration ===============

--- Generated Specs ---
  inv1: (true)
  insert: (false)
  reserve: (false)
  inv3: (false)
  inv2: (true)
  erase: (false)
  insert1: (false)

--- New Test Cases Found ---
  (None)

--- Updated CHCs (for next iteration) ---
(declare-var N Int)
(declare-var size Int)
(declare-var len Int)
(declare-var len1 Int)
(declare-var i Int)
(declare-var i1 Int)
(declare-var min Int)
(declare-var min1 Int)
(declare-var max Int)
(declare-var max1 Int)
(declare-var containsv Int)
(declare-var containsv1 Int)
(declare-var v Int)
(declare-rel insert (Int Int Int Int Int Int Int Int Int))
(declare-rel insert1 (Int Int Int Int Int Int Int Int Int))
(declare-rel erase (Int Int Int Int Int Int Int Int Int))
(declare-rel reserve (Int Int Int))
(declare-rel inv1 (Int Int Int Int Int Int))
(declare-rel inv2 (Int Int Int Int Int Int))
(declare-rel inv3 (Int Int Int Int Int Int))
(declare-rel fail ())
(define-fun MAX () Int 128)
(define-fun MIN () Int -129)
(define-fun is_valid ((x Int)) Bool (or (= x 1) (= x 0)))

(rule (=> (and (= v 0) (= len 0) (= containsv 0) (= min 128) (= max -129) (= len1 1) (= containsv1 1) (= min1 0) (= max1 0)) (insert v len containsv min max len1 containsv1 min1 max1)))

(rule (=> (and (> N 0) (= len 0) (= i 0) (= min MAX) (= max MIN) (= containsv 0)) (inv1 i N len containsv min max)))
(rule (=> (and (inv1 i N len containsv min max) (is_valid containsv) (< i N) (= v i) (insert v len containsv min max len1 containsv1 min1 max1) (= i1 (+ i 1))) (inv1 i1 N len1 containsv1 min1 max1)))
(rule (=> (and (inv1 i N len containsv min max) (is_valid containsv) (not (< i N)) (= i1 0)) (inv2 i1 N len containsv min max)))
(rule (=> (and (inv2 i N len containsv min max) (is_valid containsv) (< i N) (= v i) (erase v len containsv min max len1 containsv1 min1 max1) (= i1 (+ i 1))) (inv2 i1 N len1 containsv1 min1 max1)))
(rule (=> (and (inv2 i N len containsv min max) (is_valid containsv) (not (< i N)) (reserve len N len1) (= i1 0)) (inv3 i1 N len containsv min max)))
(rule (=> (and (inv3 i N len containsv min max) (is_valid containsv) (< i N) (= v (+ i N)) (insert1 v len containsv min max len1 containsv1 min1 max1) (= i1 (+ i 1))) (inv3 i1 N len1 containsv1 min1 max1)))
(rule (=> (and (inv3 i N len containsv min max) (is_valid containsv) (not (< i N)) (not (= len N))) fail))

(query fail :print-certificate true)
==============================================================
   -> Checking if specs have changed...
      -> CHC files are different. Continuing iteration.

==================== Iteration: 2 ====================
TIMEOUT : 40
   -> Parsing CHC file: /Dualis/scripts/../benchmarks/ContextualHornICE_working_temp/FlatHashSet/FlatHashSet.smt2
   -> Starting HornICE with a 1000-second timeout...
      -> Logging HornICE output to iter_2.log
   -> HornICE completed successfully.
   -> Analyzing HornICE log file: iter_2.log
      -> Found 4 internal iterations.
   -> Writing new specs to harness: FlatHashSet_fuzz.cpp...
      -> Successfully created working copy '/Dualis/scripts/../benchmarks/ContextualHornICE_working_temp/FlatHashSet/FlatHashSet_fuzz.cpp'.
   -> Starting AFL++(FlatHashSet_fuzz) with a 40-second timeout...
   -> Building AFL-instrumented binary: /Dualis/scripts/../benchmarks/ContextualHornICE_working_temp/FlatHashSet/FlatHashSet_fuzz
   -> AFL++(FlatHashSet_fuzz) finished its fuzzing session.
   -> Checking fuzzing outputs for counterexamples...
Checking crashes
   -> Found 2 crash reports. Testing reproducibility...
   -> CRASH REPRODUCED with id:000001,sig:06,src:000000,time:334,execs:66,op:havoc,rep:2
   -> CRASH REPRODUCED with id:000000,sig:06,src:000000,time:171,execs:53,op:havoc,rep:2
Checking queue
   -> Found 6 crash reports. Testing reproducibility...
   -> CRASH REPRODUCED with id:000005,src:000000,time:0,execs:38,op:(null),pos:0,+cov
Checking hangs
   -> Converting counterexamples for 'FlatHashSet'...
      -> Found and validated 2 new rules.
   -> Updating CHC file with new counterexamples...

=============== Artifacts This Iteration ===============

--- Generated Specs ---
  insert: (true)
  reserve: (false)
  inv3: (false)
  inv1: (true)
  inv2: (true)
  erase: (false)
  insert1: (false)

--- New Test Cases Found ---
  (None)

--- Updated CHCs (for next iteration) ---
(declare-var N Int)
(declare-var size Int)
(declare-var len Int)
(declare-var len1 Int)
(declare-var i Int)
(declare-var i1 Int)
(declare-var min Int)
(declare-var min1 Int)
(declare-var max Int)
(declare-var max1 Int)
(declare-var containsv Int)
(declare-var containsv1 Int)
(declare-var v Int)
(declare-rel insert (Int Int Int Int Int Int Int Int Int))
(declare-rel insert1 (Int Int Int Int Int Int Int Int Int))
(declare-rel erase (Int Int Int Int Int Int Int Int Int))
(declare-rel reserve (Int Int Int))
(declare-rel inv1 (Int Int Int Int Int Int))
(declare-rel inv2 (Int Int Int Int Int Int))
(declare-rel inv3 (Int Int Int Int Int Int))
(declare-rel fail ())
(define-fun MAX () Int 128)
(define-fun MIN () Int -129)
(define-fun is_valid ((x Int)) Bool (or (= x 1) (= x 0)))

(rule (=> (and (= v 0) (= len 54) (= containsv 1) (= min 0) (= max 53) (= len1 53) (= containsv1 0) (= min1 1) (= max1 53)) (erase v len containsv min max len1 containsv1 min1 max1)))
(rule (=> (and (= v 0) (= len 1) (= containsv 1) (= min 0) (= max 0) (= len1 0) (= containsv1 0) (= min1 128) (= max1 -129)) (erase v len containsv min max len1 containsv1 min1 max1)))

(rule (=> (and (= v 0) (= len 0) (= containsv 0) (= min 128) (= max -129) (= len1 1) (= containsv1 1) (= min1 0) (= max1 0)) (insert v len containsv min max len1 containsv1 min1 max1)))
(rule (=> (and (> N 0) (= len 0) (= i 0) (= min MAX) (= max MIN) (= containsv 0)) (inv1 i N len containsv min max)))
(rule (=> (and (inv1 i N len containsv min max) (is_valid containsv) (< i N) (= v i) (insert v len containsv min max len1 containsv1 min1 max1) (= i1 (+ i 1))) (inv1 i1 N len1 containsv1 min1 max1)))
(rule (=> (and (inv1 i N len containsv min max) (is_valid containsv) (not (< i N)) (= i1 0)) (inv2 i1 N len containsv min max)))
(rule (=> (and (inv2 i N len containsv min max) (is_valid containsv) (< i N) (= v i) (erase v len containsv min max len1 containsv1 min1 max1) (= i1 (+ i 1))) (inv2 i1 N len1 containsv1 min1 max1)))
(rule (=> (and (inv2 i N len containsv min max) (is_valid containsv) (not (< i N)) (reserve len N len1) (= i1 0)) (inv3 i1 N len containsv min max)))
(rule (=> (and (inv3 i N len containsv min max) (is_valid containsv) (< i N) (= v (+ i N)) (insert1 v len containsv min max len1 containsv1 min1 max1) (= i1 (+ i 1))) (inv3 i1 N len1 containsv1 min1 max1)))
(rule (=> (and (inv3 i N len containsv min max) (is_valid containsv) (not (< i N)) (not (= len N))) fail))

(query fail :print-certificate true)
==============================================================
   -> Checking if specs have changed...
      -> CHC files are different. Continuing iteration.

==================== Iteration: 3 ====================
TIMEOUT : 60
   -> Parsing CHC file: /Dualis/scripts/../benchmarks/ContextualHornICE_working_temp/FlatHashSet/FlatHashSet.smt2
   -> Starting HornICE with a 1000-second timeout...
      -> Logging HornICE output to iter_3.log
   -> HornICE completed successfully.
   -> Analyzing HornICE log file: iter_3.log
      -> Found 4 internal iterations.
   -> Writing new specs to harness: FlatHashSet_fuzz.cpp...
      -> Successfully created working copy '/Dualis/scripts/../benchmarks/ContextualHornICE_working_temp/FlatHashSet/FlatHashSet_fuzz.cpp'.
   -> Starting AFL++(FlatHashSet_fuzz) with a 60-second timeout...
   -> Building AFL-instrumented binary: /Dualis/scripts/../benchmarks/ContextualHornICE_working_temp/FlatHashSet/FlatHashSet_fuzz
   -> AFL++(FlatHashSet_fuzz) finished its fuzzing session.
   -> Checking fuzzing outputs for counterexamples...
Checking crashes
   -> Found 4 crash reports. Testing reproducibility...
   -> CRASH REPRODUCED with id:000003,sig:06,src:000000,time:3916,execs:110,op:havoc,rep:15
   -> CRASH REPRODUCED with id:000001,sig:06,src:000000,time:555,execs:51,op:havoc,rep:2
   -> CRASH REPRODUCED with id:000000,sig:06,src:000000,time:162,execs:49,op:havoc,rep:16
   -> CRASH REPRODUCED with id:000002,sig:06,src:000000,time:960,execs:61,op:havoc,rep:15
Checking queue
   -> Found 6 crash reports. Testing reproducibility...
   -> CRASH REPRODUCED with id:000005,src:000000,time:1,execs:38,op:(null),pos:0,+cov
Checking hangs
   -> Converting counterexamples for 'FlatHashSet'...
      -> Found and validated 4 new rules.
   -> Updating CHC file with new counterexamples...

=============== Artifacts This Iteration ===============

--- Generated Specs ---
  erase: (true)
  insert: (true)
  reserve: (false)
  inv3: (false)
  inv1: (true)
  inv2: (true)
  insert1: (false)

--- New Test Cases Found ---
  (None)

--- Updated CHCs (for next iteration) ---
(declare-var N Int)
(declare-var size Int)
(declare-var len Int)
(declare-var len1 Int)
(declare-var i Int)
(declare-var i1 Int)
(declare-var min Int)
(declare-var min1 Int)
(declare-var max Int)
(declare-var max1 Int)
(declare-var containsv Int)
(declare-var containsv1 Int)
(declare-var v Int)
(declare-rel insert (Int Int Int Int Int Int Int Int Int))
(declare-rel insert1 (Int Int Int Int Int Int Int Int Int))
(declare-rel erase (Int Int Int Int Int Int Int Int Int))
(declare-rel reserve (Int Int Int))
(declare-rel inv1 (Int Int Int Int Int Int))
(declare-rel inv2 (Int Int Int Int Int Int))
(declare-rel inv3 (Int Int Int Int Int Int))
(declare-rel fail ())
(define-fun MAX () Int 128)
(define-fun MIN () Int -129)
(define-fun is_valid ((x Int)) Bool (or (= x 1) (= x 0)))

(rule (=> (and (= len 0) (= N 7) (= len1 0)) (reserve len N len1)))
(rule (=> (and (= len 0) (= N 5) (= len1 0)) (reserve len N len1)))
(rule (=> (and (= len 0) (= N 15) (= len1 0)) (reserve len N len1)))
(rule (=> (and (= len 0) (= N 1) (= len1 0)) (reserve len N len1)))

(rule (=> (and (= v 0) (= len 54) (= containsv 1) (= min 0) (= max 53) (= len1 53) (= containsv1 0) (= min1 1) (= max1 53)) (erase v len containsv min max len1 containsv1 min1 max1)))
(rule (=> (and (= v 0) (= len 1) (= containsv 1) (= min 0) (= max 0) (= len1 0) (= containsv1 0) (= min1 128) (= max1 -129)) (erase v len containsv min max len1 containsv1 min1 max1)))
(rule (=> (and (= v 0) (= len 0) (= containsv 0) (= min 128) (= max -129) (= len1 1) (= containsv1 1) (= min1 0) (= max1 0)) (insert v len containsv min max len1 containsv1 min1 max1)))
(rule (=> (and (> N 0) (= len 0) (= i 0) (= min MAX) (= max MIN) (= containsv 0)) (inv1 i N len containsv min max)))
(rule (=> (and (inv1 i N len containsv min max) (is_valid containsv) (< i N) (= v i) (insert v len containsv min max len1 containsv1 min1 max1) (= i1 (+ i 1))) (inv1 i1 N len1 containsv1 min1 max1)))
(rule (=> (and (inv1 i N len containsv min max) (is_valid containsv) (not (< i N)) (= i1 0)) (inv2 i1 N len containsv min max)))
(rule (=> (and (inv2 i N len containsv min max) (is_valid containsv) (< i N) (= v i) (erase v len containsv min max len1 containsv1 min1 max1) (= i1 (+ i 1))) (inv2 i1 N len1 containsv1 min1 max1)))
(rule (=> (and (inv2 i N len containsv min max) (is_valid containsv) (not (< i N)) (reserve len N len1) (= i1 0)) (inv3 i1 N len containsv min max)))
(rule (=> (and (inv3 i N len containsv min max) (is_valid containsv) (< i N) (= v (+ i N)) (insert1 v len containsv min max len1 containsv1 min1 max1) (= i1 (+ i 1))) (inv3 i1 N len1 containsv1 min1 max1)))
(rule (=> (and (inv3 i N len containsv min max) (is_valid containsv) (not (< i N)) (not (= len N))) fail))

(query fail :print-certificate true)
==============================================================
   -> Checking if specs have changed...
      -> CHC files are different. Continuing iteration.

==================== Iteration: 4 ====================
TIMEOUT : 80
   -> Parsing CHC file: /Dualis/scripts/../benchmarks/ContextualHornICE_working_temp/FlatHashSet/FlatHashSet.smt2
   -> Starting HornICE with a 1000-second timeout...
      -> Logging HornICE output to iter_4.log
   -> HornICE completed successfully.
   -> Analyzing HornICE log file: iter_4.log
      -> Found 10 internal iterations.
   -> Writing new specs to harness: FlatHashSet_fuzz.cpp...
      -> Successfully created working copy '/Dualis/scripts/../benchmarks/ContextualHornICE_working_temp/FlatHashSet/FlatHashSet_fuzz.cpp'.
   -> Starting AFL++(FlatHashSet_fuzz) with a 80-second timeout...
   -> Building AFL-instrumented binary: /Dualis/scripts/../benchmarks/ContextualHornICE_working_temp/FlatHashSet/FlatHashSet_fuzz
   -> AFL++(FlatHashSet_fuzz) finished its fuzzing session.
   -> Checking fuzzing outputs for counterexamples...
Checking crashes
   -> Found 3 crash reports. Testing reproducibility...
   -> CRASH REPRODUCED with id:000002,sig:06,src:000000,time:45928,execs:255,op:havoc,rep:1
   -> CRASH REPRODUCED with id:000001,sig:06,src:000000,time:4273,execs:72,op:havoc,rep:2
   -> CRASH REPRODUCED with id:000000,sig:06,src:000000,time:726,execs:55,op:havoc,rep:2
Checking queue
   -> Found 6 crash reports. Testing reproducibility...
   -> CRASH REPRODUCED with id:000005,src:000000,time:0,execs:38,op:(null),pos:0,+cov
Checking hangs
   -> Converting counterexamples for 'FlatHashSet'...
      -> Found and validated 3 new rules.
   -> Updating CHC file with new counterexamples...

=============== Artifacts This Iteration ===============

--- Generated Specs ---
  reserve: ((N > 0) && (len <= 0))
  insert: (true)
  inv3: ((i - N) <= (-1))
  erase: (true)
  inv1: (true)
  inv2: (true)
  insert1: (false)

--- New Test Cases Found ---
  (None)

--- Updated CHCs (for next iteration) ---
(declare-var N Int)
(declare-var size Int)
(declare-var len Int)
(declare-var len1 Int)
(declare-var i Int)
(declare-var i1 Int)
(declare-var min Int)
(declare-var min1 Int)
(declare-var max Int)
(declare-var max1 Int)
(declare-var containsv Int)
(declare-var containsv1 Int)
(declare-var v Int)
(declare-rel insert (Int Int Int Int Int Int Int Int Int))
(declare-rel insert1 (Int Int Int Int Int Int Int Int Int))
(declare-rel erase (Int Int Int Int Int Int Int Int Int))
(declare-rel reserve (Int Int Int))
(declare-rel inv1 (Int Int Int Int Int Int))
(declare-rel inv2 (Int Int Int Int Int Int))
(declare-rel inv3 (Int Int Int Int Int Int))
(declare-rel fail ())
(define-fun MAX () Int 128)
(define-fun MIN () Int -129)
(define-fun is_valid ((x Int)) Bool (or (= x 1) (= x 0)))

(rule (=> (and (= v 12) (= len 0) (= containsv 0) (= min 128) (= max -129) (= len1 1) (= containsv1 1) (= min1 12) (= max1 12)) (insert1 v len containsv min max len1 containsv1 min1 max1)))
(rule (=> (and (= v 1) (= len 0) (= containsv 0) (= min 128) (= max -129) (= len1 1) (= containsv1 1) (= min1 1) (= max1 1)) (insert1 v len containsv min max len1 containsv1 min1 max1)))
(rule (=> (and (= v 64) (= len 0) (= containsv 0) (= min 128) (= max -129) (= len1 1) (= containsv1 1) (= min1 64) (= max1 64)) (insert1 v len containsv min max len1 containsv1 min1 max1)))

(rule (=> (and (= len 0) (= N 7) (= len1 0)) (reserve len N len1)))
(rule (=> (and (= len 0) (= N 5) (= len1 0)) (reserve len N len1)))
(rule (=> (and (= len 0) (= N 15) (= len1 0)) (reserve len N len1)))
(rule (=> (and (= len 0) (= N 1) (= len1 0)) (reserve len N len1)))
(rule (=> (and (= v 0) (= len 54) (= containsv 1) (= min 0) (= max 53) (= len1 53) (= containsv1 0) (= min1 1) (= max1 53)) (erase v len containsv min max len1 containsv1 min1 max1)))
(rule (=> (and (= v 0) (= len 1) (= containsv 1) (= min 0) (= max 0) (= len1 0) (= containsv1 0) (= min1 128) (= max1 -129)) (erase v len containsv min max len1 containsv1 min1 max1)))
(rule (=> (and (= v 0) (= len 0) (= containsv 0) (= min 128) (= max -129) (= len1 1) (= containsv1 1) (= min1 0) (= max1 0)) (insert v len containsv min max len1 containsv1 min1 max1)))
(rule (=> (and (> N 0) (= len 0) (= i 0) (= min MAX) (= max MIN) (= containsv 0)) (inv1 i N len containsv min max)))
(rule (=> (and (inv1 i N len containsv min max) (is_valid containsv) (< i N) (= v i) (insert v len containsv min max len1 containsv1 min1 max1) (= i1 (+ i 1))) (inv1 i1 N len1 containsv1 min1 max1)))
(rule (=> (and (inv1 i N len containsv min max) (is_valid containsv) (not (< i N)) (= i1 0)) (inv2 i1 N len containsv min max)))
(rule (=> (and (inv2 i N len containsv min max) (is_valid containsv) (< i N) (= v i) (erase v len containsv min max len1 containsv1 min1 max1) (= i1 (+ i 1))) (inv2 i1 N len1 containsv1 min1 max1)))
(rule (=> (and (inv2 i N len containsv min max) (is_valid containsv) (not (< i N)) (reserve len N len1) (= i1 0)) (inv3 i1 N len containsv min max)))
(rule (=> (and (inv3 i N len containsv min max) (is_valid containsv) (< i N) (= v (+ i N)) (insert1 v len containsv min max len1 containsv1 min1 max1) (= i1 (+ i 1))) (inv3 i1 N len1 containsv1 min1 max1)))
(rule (=> (and (inv3 i N len containsv min max) (is_valid containsv) (not (< i N)) (not (= len N))) fail))

(query fail :print-certificate true)
==============================================================
   -> Checking if specs have changed...
      -> CHC files are different. Continuing iteration.

==================== Iteration: 5 ====================
TIMEOUT : 100
   -> Parsing CHC file: /Dualis/scripts/../benchmarks/ContextualHornICE_working_temp/FlatHashSet/FlatHashSet.smt2
   -> Starting HornICE with a 1000-second timeout...
      -> Logging HornICE output to iter_5.log
   -> ERROR: HornICE timed out. Terminating.

==================== Finalizing Pipeline ====================

====================== Pipeline Finished =====================
Total External Iterations: 5
Total Unique Test Cases Found: 10
Total Internal Iterations: 23
  - Min: 4
  - Max: 10
  - Avg: 5.75
pipeline.run() took 0.6076 seconds.
Running command: /usr/bin/python3 chcverifynfuzz.py ContextualHornICE FlatHashSet
PID: 607039
========================================

