
========================================
         Starting Pipeline for: FlatHashMap2 (Mode: ContextualHornICE)
========================================
Initializing pipeline for benchmark: 'FlatHashMap2'
   -> Loading and validating attributes from: /Dualis/scripts/../benchmarks/Classical/FlatHashMap2/Attributes.txt
      -> Validation successful. Attribute file is consistent.

==================== Iteration: 1 ====================
TIMEOUT : 20
   -> Parsing CHC file: /Dualis/scripts/../benchmarks/ContextualHornICE_working_temp/FlatHashMap2/FlatHashMap2.smt2
   -> Starting HornICE with a 1000-second timeout...
      -> Logging HornICE output to iter_1.log
   -> HornICE completed successfully.
   -> Analyzing HornICE log file: iter_1.log
      -> Found 3 internal iterations.
   -> Writing new specs to harness: FlatHashMap2_fuzz.cpp...
      -> Successfully created working copy '/Dualis/scripts/../benchmarks/ContextualHornICE_working_temp/FlatHashMap2/FlatHashMap2_fuzz.cpp'.
   -> Starting AFL++(FlatHashMap2_fuzz) with a 20-second timeout...
   -> Building AFL-instrumented binary: /Dualis/scripts/../benchmarks/ContextualHornICE_working_temp/FlatHashMap2/FlatHashMap2_fuzz
   -> AFL++(FlatHashMap2_fuzz) finished its fuzzing session.
   -> Checking fuzzing outputs for counterexamples...
Checking crashes
   -> Found 2 crash reports. Testing reproducibility...
   -> CRASH REPRODUCED with id:000001,sig:06,src:000000,time:2444,execs:89,op:havoc,rep:8
   -> CRASH REPRODUCED with id:000000,sig:06,src:000000,time:1205,execs:75,op:havoc,rep:2
Checking queue
   -> Found 11 crash reports. Testing reproducibility...
   -> CRASH REPRODUCED with id:000007,time:0,execs:0,orig:insersremaremn
Checking hangs
   -> Converting counterexamples for 'FlatHashMap2'...
      -> Found and validated 2 new rules.
   -> Updating CHC file with new counterexamples...

=============== Artifacts This Iteration ===============

--- Generated Specs ---
  inv1: (true)
  insert: (false)
  remove_none: (false)

--- New Test Cases Found ---
  (None)

--- Updated CHCs (for next iteration) ---
(declare-var N Int)
(declare-var i Int)
(declare-var i1 Int)
(declare-var containsk Int)
(declare-var containsk1 Int)
(declare-var len Int)
(declare-var len1 Int)
(declare-var remove_count Int)
(declare-var remove_count1 Int)
(declare-var k Int)
(declare-var v Int)
(declare-rel insert (Int Int Int Int Int Int))
(declare-rel remove_none (Int Int Int Int))
(declare-rel inv1 (Int Int Int))
(declare-rel fail ())
(define-fun is_valid ((x Int)) Bool (or (= x 1) (= x 0)))

(rule (=> (and (= len 0) (= remove_count 0) (= len1 0) (= remove_count1 0)) (remove_none len remove_count len1 remove_count1)))
(rule (=> (and (= k 0) (= v 0) (= len 0) (= containsk 0) (= len1 1) (= containsk1 1)) (insert k v len containsk len1 containsk1)))

(rule (=> (and (> N 0) (= i 0)  (= len 0)) (inv1 i N len)))
(rule (=> (and (inv1 i N len ) (is_valid containsk1) (< i N) (= k i) (= v i) (insert k v len 0 len1 containsk1) (= i1 (+ i 1))) (inv1 i1 N len1 )))
(rule (=> (and (inv1 i N len ) (is_valid containsk) (not (< i N)) (= remove_count 0) (remove_none len remove_count len1 remove_count1) (not (and (= remove_count1 0) (= len N)))) fail))

(query fail :print-certificate true)
==============================================================
   -> Checking if specs have changed...
      -> CHC files are different. Continuing iteration.

==================== Iteration: 2 ====================
TIMEOUT : 40
   -> Parsing CHC file: /Dualis/scripts/../benchmarks/ContextualHornICE_working_temp/FlatHashMap2/FlatHashMap2.smt2
   -> Starting HornICE with a 1000-second timeout...
      -> Logging HornICE output to iter_2.log
   -> HornICE completed successfully.
   -> Analyzing HornICE log file: iter_2.log
      -> Found 18 internal iterations.
   -> Writing new specs to harness: FlatHashMap2_fuzz.cpp...
      -> Successfully created working copy '/Dualis/scripts/../benchmarks/ContextualHornICE_working_temp/FlatHashMap2/FlatHashMap2_fuzz.cpp'.
   -> Starting AFL++(FlatHashMap2_fuzz) with a 40-second timeout...
   -> Building AFL-instrumented binary: /Dualis/scripts/../benchmarks/ContextualHornICE_working_temp/FlatHashMap2/FlatHashMap2_fuzz
   -> AFL++(FlatHashMap2_fuzz) finished its fuzzing session.
   -> Checking fuzzing outputs for counterexamples...
Checking crashes
   -> Found 3 crash reports. Testing reproducibility...
   -> CRASH REPRODUCED with id:000000,sig:06,src:000007,time:638,execs:339,op:havoc,rep:3
   -> CRASH REPRODUCED with id:000002,sig:06,src:000016,time:22043,execs:3755,op:havoc,rep:12
   -> CRASH REPRODUCED with id:000001,sig:06,src:000016,time:3611,execs:913,op:havoc,rep:13
Checking queue
   -> Found 22 crash reports. Testing reproducibility...
Checking hangs
   -> Converting counterexamples for 'FlatHashMap2'...
      -> Found and validated 2 new rules.
   -> Updating CHC file with new counterexamples...

=============== Artifacts This Iteration ===============

--- Generated Specs ---
  remove_none: ((len <= 0) && (remove_count1 <= 0))
  insert: ((((containsk - k) - v) <= 0) && (((len1 - k) - v) > 0))
  inv1: (((N - i) + len) > 0)

--- New Test Cases Found ---
  (None)

--- Updated CHCs (for next iteration) ---
(declare-var N Int)
(declare-var i Int)
(declare-var i1 Int)
(declare-var containsk Int)
(declare-var containsk1 Int)
(declare-var len Int)
(declare-var len1 Int)
(declare-var remove_count Int)
(declare-var remove_count1 Int)
(declare-var k Int)
(declare-var v Int)
(declare-rel insert (Int Int Int Int Int Int))
(declare-rel remove_none (Int Int Int Int))
(declare-rel inv1 (Int Int Int))
(declare-rel fail ())
(define-fun is_valid ((x Int)) Bool (or (= x 1) (= x 0)))

(rule (=> (and (= len 1) (= remove_count 0) (= len1 1) (= remove_count1 0)) (remove_none len remove_count len1 remove_count1)))
(rule (=> (and (= k 51) (= v 51) (= len 0) (= containsk 0) (= len1 1) (= containsk1 1)) (insert k v len containsk len1 containsk1)))

(rule (=> (and (= len 0) (= remove_count 0) (= len1 0) (= remove_count1 0)) (remove_none len remove_count len1 remove_count1)))
(rule (=> (and (= k 0) (= v 0) (= len 0) (= containsk 0) (= len1 1) (= containsk1 1)) (insert k v len containsk len1 containsk1)))
(rule (=> (and (> N 0) (= i 0)  (= len 0)) (inv1 i N len)))
(rule (=> (and (inv1 i N len ) (is_valid containsk1) (< i N) (= k i) (= v i) (insert k v len 0 len1 containsk1) (= i1 (+ i 1))) (inv1 i1 N len1 )))
(rule (=> (and (inv1 i N len ) (is_valid containsk) (not (< i N)) (= remove_count 0) (remove_none len remove_count len1 remove_count1) (not (and (= remove_count1 0) (= len N)))) fail))

(query fail :print-certificate true)
==============================================================
   -> Checking if specs have changed...
      -> CHC files are different. Continuing iteration.

==================== Iteration: 3 ====================
TIMEOUT : 60
   -> Parsing CHC file: /Dualis/scripts/../benchmarks/ContextualHornICE_working_temp/FlatHashMap2/FlatHashMap2.smt2
   -> Starting HornICE with a 1000-second timeout...
      -> Logging HornICE output to iter_3.log
   -> HornICE completed successfully.
   -> Analyzing HornICE log file: iter_3.log
      -> Found 43 internal iterations.
   -> Writing new specs to harness: FlatHashMap2_fuzz.cpp...
      -> Successfully created working copy '/Dualis/scripts/../benchmarks/ContextualHornICE_working_temp/FlatHashMap2/FlatHashMap2_fuzz.cpp'.
   -> Starting AFL++(FlatHashMap2_fuzz) with a 60-second timeout...
   -> Building AFL-instrumented binary: /Dualis/scripts/../benchmarks/ContextualHornICE_working_temp/FlatHashMap2/FlatHashMap2_fuzz
   -> AFL++(FlatHashMap2_fuzz) finished its fuzzing session.
   -> Checking fuzzing outputs for counterexamples...
Checking crashes
Checking queue
   -> Found 24 crash reports. Testing reproducibility...
Checking hangs
   -> Converting counterexamples for 'FlatHashMap2'...
   -> Updating CHC file with new counterexamples...

=============== Artifacts This Iteration ===============

--- Generated Specs ---
  remove_none: ((((len - remove_count) - remove_count1) <= 1) && ((remove_count + remove_count1 + remove_count1) <= 0))
  insert: (((containsk - len) + len1) > 0)
  inv1: ((((N > 0) && ((i - len) <= (-1))) || ((N > 0) && ((i - len) > (-1)))) && ((i - len) <= 0))

--- New Test Cases Found ---
  (None)

--- Updated CHCs (for next iteration) ---
(declare-var N Int)
(declare-var i Int)
(declare-var i1 Int)
(declare-var containsk Int)
(declare-var containsk1 Int)
(declare-var len Int)
(declare-var len1 Int)
(declare-var remove_count Int)
(declare-var remove_count1 Int)
(declare-var k Int)
(declare-var v Int)
(declare-rel insert (Int Int Int Int Int Int))
(declare-rel remove_none (Int Int Int Int))
(declare-rel inv1 (Int Int Int))
(declare-rel fail ())
(define-fun is_valid ((x Int)) Bool (or (= x 1) (= x 0)))


(rule (=> (and (= len 1) (= remove_count 0) (= len1 1) (= remove_count1 0)) (remove_none len remove_count len1 remove_count1)))
(rule (=> (and (= k 51) (= v 51) (= len 0) (= containsk 0) (= len1 1) (= containsk1 1)) (insert k v len containsk len1 containsk1)))
(rule (=> (and (= len 0) (= remove_count 0) (= len1 0) (= remove_count1 0)) (remove_none len remove_count len1 remove_count1)))
(rule (=> (and (= k 0) (= v 0) (= len 0) (= containsk 0) (= len1 1) (= containsk1 1)) (insert k v len containsk len1 containsk1)))
(rule (=> (and (> N 0) (= i 0)  (= len 0)) (inv1 i N len)))
(rule (=> (and (inv1 i N len ) (is_valid containsk1) (< i N) (= k i) (= v i) (insert k v len 0 len1 containsk1) (= i1 (+ i 1))) (inv1 i1 N len1 )))
(rule (=> (and (inv1 i N len ) (is_valid containsk) (not (< i N)) (= remove_count 0) (remove_none len remove_count len1 remove_count1) (not (and (= remove_count1 0) (= len N)))) fail))

(query fail :print-certificate true)
==============================================================
   -> Checking if specs have changed...
      -> CHC files are different. Continuing iteration.

==================== Iteration: 4 ====================
TIMEOUT : 80
   -> Parsing CHC file: /Dualis/scripts/../benchmarks/ContextualHornICE_working_temp/FlatHashMap2/FlatHashMap2.smt2
   -> Starting HornICE with a 1000-second timeout...
      -> Logging HornICE output to iter_4.log
   -> HornICE completed successfully.
   -> Analyzing HornICE log file: iter_4.log
      -> Found 43 internal iterations.
   -> Writing new specs to harness: FlatHashMap2_fuzz.cpp...
      -> Successfully created working copy '/Dualis/scripts/../benchmarks/ContextualHornICE_working_temp/FlatHashMap2/FlatHashMap2_fuzz.cpp'.
   -> Starting AFL++(FlatHashMap2_fuzz) with a 80-second timeout...
   -> Building AFL-instrumented binary: /Dualis/scripts/../benchmarks/ContextualHornICE_working_temp/FlatHashMap2/FlatHashMap2_fuzz
   -> AFL++(FlatHashMap2_fuzz) finished its fuzzing session.
   -> Checking fuzzing outputs for counterexamples...
Checking crashes
Checking queue
   -> Found 23 crash reports. Testing reproducibility...
Checking hangs
   -> Converting counterexamples for 'FlatHashMap2'...
   -> Updating CHC file with new counterexamples...

=============== Artifacts This Iteration ===============

--- Generated Specs ---
  remove_none: ((((len - remove_count) - remove_count1) <= 1) && ((remove_count + remove_count1 + remove_count1) <= 0))
  insert: (((containsk - len) + len1) > 0)
  inv1: ((((N > 0) && ((i - len) <= (-1))) || ((N > 0) && ((i - len) > (-1)))) && ((i - len) <= 0))

--- New Test Cases Found ---
  (None)

--- Updated CHCs (for next iteration) ---
(declare-var N Int)
(declare-var i Int)
(declare-var i1 Int)
(declare-var containsk Int)
(declare-var containsk1 Int)
(declare-var len Int)
(declare-var len1 Int)
(declare-var remove_count Int)
(declare-var remove_count1 Int)
(declare-var k Int)
(declare-var v Int)
(declare-rel insert (Int Int Int Int Int Int))
(declare-rel remove_none (Int Int Int Int))
(declare-rel inv1 (Int Int Int))
(declare-rel fail ())
(define-fun is_valid ((x Int)) Bool (or (= x 1) (= x 0)))


(rule (=> (and (= len 1) (= remove_count 0) (= len1 1) (= remove_count1 0)) (remove_none len remove_count len1 remove_count1)))
(rule (=> (and (= k 51) (= v 51) (= len 0) (= containsk 0) (= len1 1) (= containsk1 1)) (insert k v len containsk len1 containsk1)))
(rule (=> (and (= len 0) (= remove_count 0) (= len1 0) (= remove_count1 0)) (remove_none len remove_count len1 remove_count1)))
(rule (=> (and (= k 0) (= v 0) (= len 0) (= containsk 0) (= len1 1) (= containsk1 1)) (insert k v len containsk len1 containsk1)))
(rule (=> (and (> N 0) (= i 0)  (= len 0)) (inv1 i N len)))
(rule (=> (and (inv1 i N len ) (is_valid containsk1) (< i N) (= k i) (= v i) (insert k v len 0 len1 containsk1) (= i1 (+ i 1))) (inv1 i1 N len1 )))
(rule (=> (and (inv1 i N len ) (is_valid containsk) (not (< i N)) (= remove_count 0) (remove_none len remove_count len1 remove_count1) (not (and (= remove_count1 0) (= len N)))) fail))

(query fail :print-certificate true)
==============================================================
   -> Checking if specs have changed...
      -> CHC files are identical. Pipeline has converged.
   -> 15-minute deep fuzzing converged. Pipeline complete.

==================== Finalizing Pipeline ====================

====================== Pipeline Finished =====================
Total External Iterations: 4
Total Unique Test Cases Found: 4
Total Internal Iterations: 107
  - Min: 3
  - Max: 43
  - Avg: 26.75
pipeline.run() took 0.0697 seconds.
Running command: /usr/bin/python3 chcverifynfuzz.py ContextualHornICE FlatHashMap2
PID: 607039
========================================

