
========================================
         Starting Pipeline for: FlatHashMap4 (Mode: ContextualHornICE)
========================================
Initializing pipeline for benchmark: 'FlatHashMap4'
   -> Loading and validating attributes from: /Dualis/scripts/../benchmarks/Classical/FlatHashMap4/Attributes.txt
      -> Validation successful. Attribute file is consistent.

==================== Iteration: 1 ====================
TIMEOUT : 20
   -> Parsing CHC file: /Dualis/scripts/../benchmarks/ContextualHornICE_working_temp/FlatHashMap4/FlatHashMap4.smt2
   -> Starting HornICE with a 1000-second timeout...
      -> Logging HornICE output to iter_1.log
   -> HornICE completed successfully.
   -> Analyzing HornICE log file: iter_1.log
      -> Found 7 internal iterations.
   -> Writing new specs to harness: FlatHashMap4_fuzz.cpp...
      -> Successfully created working copy '/Dualis/scripts/../benchmarks/ContextualHornICE_working_temp/FlatHashMap4/FlatHashMap4_fuzz.cpp'.
   -> Starting AFL++(FlatHashMap4_fuzz) with a 20-second timeout...
   -> Building AFL-instrumented binary: /Dualis/scripts/../benchmarks/ContextualHornICE_working_temp/FlatHashMap4/FlatHashMap4_fuzz
   -> AFL++(FlatHashMap4_fuzz) finished its fuzzing session.
   -> Checking fuzzing outputs for counterexamples...
Checking crashes
   -> Found 5 crash reports. Testing reproducibility...
   -> CRASH REPRODUCED with id:000000,sig:06,src:000000,time:186,execs:153,op:havoc,rep:7
   -> CRASH REPRODUCED with id:000004,sig:06,src:000013,time:11537,execs:13758,op:havoc,rep:2
   -> CRASH REPRODUCED with id:000001,sig:06,src:000000,time:1552,execs:4891,op:havoc,rep:8
   -> CRASH REPRODUCED with id:000003,sig:06,src:000007,time:8265,execs:13460,op:havoc,rep:3
   -> CRASH REPRODUCED with id:000002,sig:06,src:000000,time:4374,execs:9823,op:havoc,rep:8
Checking queue
   -> Found 22 crash reports. Testing reproducibility...
Checking hangs
   -> Converting counterexamples for 'FlatHashMap4'...
      -> Found and validated 4 new rules.
   -> Updating CHC file with new counterexamples...

=============== Artifacts This Iteration ===============

--- Generated Specs ---
  inv1: ((i - N) <= (-1))
  insert: (false)
  inv2: (false)
  erase: (false)

--- New Test Cases Found ---
  (None)

--- Updated CHCs (for next iteration) ---
(declare-var N Int)
(declare-var i Int)
(declare-var i1 Int)
(declare-var i_old Int)
(declare-var containsk Int)
(declare-var containsk1 Int)
(declare-var len Int)
(declare-var len1 Int)
(declare-var flag Int)
(declare-var flag1 Int)
(declare-var ret Int)
(declare-var ret1 Int)
(declare-var k Int)
(declare-var v Int)
(declare-rel insert (Int Int Int Int Int Int))
(declare-rel erase (Int Int Int Int Int))
(declare-rel inv1 (Int Int Int))
(declare-rel inv2 (Int Int Int Int Int))
(declare-rel fail ())
(define-fun is_valid ((x Int)) Bool (or (= x 1) (= x 0)))
(define-fun MAX () Int 128)

(rule (=> (and (= k 0) (= v 0) (= len 0) (= containsk 0) (= len1 1) (= containsk1 1)) (insert k v len containsk len1 containsk1)))
(rule (=> (and (= k 3) (= len 0) (= flag 1) (= len1 0) (= ret1 -129)) (erase k len flag len1 ret1)))
(rule (=> (and (= k 0) (= len 0) (= flag 0) (= len1 0) (= ret1 -129)) (erase k len flag len1 ret1)))
(rule (=> (and (= k 4) (= len 0) (= flag 0) (= len1 0) (= ret1 -129)) (erase k len flag len1 ret1)))

(rule (=> (and (> N 0) (= i 0)  (= len 0)) (inv1 i N len )))
(rule (=> (and (inv1 i N len ) (is_valid containsk1) (< i N) (= k i) (= v i) (insert k v len 0 len1 containsk1) (= i1 (+ i 1))) (inv1 i1 N len1 )))
(rule (=> (and (inv1 i N len ) (is_valid flag) (not (< i N)) (= i1 0) (= flag 0) (= ret1 MAX)) (inv2 i1 N len  flag ret1)))
(rule (=> (and (inv2 i N len flag ret) (< i N) (is_valid flag) (= flag 1) (= k i) (erase k len flag len1 ret1) (= i1 (+ i 1)) (= flag1 (- 1 flag))) (inv2 i1 N len1 flag1 ret1)))
(rule (=> (and (inv2 i N len flag ret) (< i N) (is_valid flag) (= flag 0) (= i1 (+ i 1)) (= flag1 (- 1 flag))) (inv2 i1 N len flag1 ret)))
(rule (=> (and (inv2 i N len flag ret) (is_valid flag) (not (< i N)) (not (=> (= flag 0) (= ret (- N 1))))) fail))

(query fail :print-certificate true)
==============================================================
   -> Checking if specs have changed...
      -> CHC files are different. Continuing iteration.

==================== Iteration: 2 ====================
TIMEOUT : 40
   -> Parsing CHC file: /Dualis/scripts/../benchmarks/ContextualHornICE_working_temp/FlatHashMap4/FlatHashMap4.smt2
   -> Starting HornICE with a 1000-second timeout...
      -> Logging HornICE output to iter_2.log
   -> HornICE completed successfully.
   -> Analyzing HornICE log file: iter_2.log
      -> Found 59 internal iterations.
   -> Writing new specs to harness: FlatHashMap4_fuzz.cpp...
      -> Successfully created working copy '/Dualis/scripts/../benchmarks/ContextualHornICE_working_temp/FlatHashMap4/FlatHashMap4_fuzz.cpp'.
   -> Starting AFL++(FlatHashMap4_fuzz) with a 40-second timeout...
   -> Building AFL-instrumented binary: /Dualis/scripts/../benchmarks/ContextualHornICE_working_temp/FlatHashMap4/FlatHashMap4_fuzz
   -> AFL++(FlatHashMap4_fuzz) finished its fuzzing session.
   -> Checking fuzzing outputs for counterexamples...
Checking crashes
   -> Found 1 crash reports. Testing reproducibility...
   -> CRASH REPRODUCED with id:000000,sig:06,src:000003,time:222,execs:942,op:havoc,rep:5
Checking queue
   -> Found 30 crash reports. Testing reproducibility...
Checking hangs
   -> Converting counterexamples for 'FlatHashMap4'...
      -> Found and validated 1 new rules.
   -> Updating CHC file with new counterexamples...

=============== Artifacts This Iteration ===============

--- Generated Specs ---
  insert: ((((containsk - k) - v) <= 0) && (k <= 0) && (((len1 - k) - v) > 0) && (containsk1 > 0))
  inv1: ((N > 0) && (i <= 1) && (((N - i) + len) > 0))
  erase: (true)
  inv2: ((((i + N) - flag) > 0) && (((N - i) + flag) > 0) && (((flag - i) + ret) > 1) && (N > 0) && (N <= 1))

--- New Test Cases Found ---
  (None)

--- Updated CHCs (for next iteration) ---
(declare-var N Int)
(declare-var i Int)
(declare-var i1 Int)
(declare-var i_old Int)
(declare-var containsk Int)
(declare-var containsk1 Int)
(declare-var len Int)
(declare-var len1 Int)
(declare-var flag Int)
(declare-var flag1 Int)
(declare-var ret Int)
(declare-var ret1 Int)
(declare-var k Int)
(declare-var v Int)
(declare-rel insert (Int Int Int Int Int Int))
(declare-rel erase (Int Int Int Int Int))
(declare-rel inv1 (Int Int Int))
(declare-rel inv2 (Int Int Int Int Int))
(declare-rel fail ())
(define-fun is_valid ((x Int)) Bool (or (= x 1) (= x 0)))
(define-fun MAX () Int 128)

(rule (=> (and (= k 1) (= v 1) (= len 0) (= containsk 0) (= len1 1) (= containsk1 1)) (insert k v len containsk len1 containsk1)))

(rule (=> (and (= k 0) (= v 0) (= len 0) (= containsk 0) (= len1 1) (= containsk1 1)) (insert k v len containsk len1 containsk1)))
(rule (=> (and (= k 3) (= len 0) (= flag 1) (= len1 0) (= ret1 -129)) (erase k len flag len1 ret1)))
(rule (=> (and (= k 0) (= len 0) (= flag 0) (= len1 0) (= ret1 -129)) (erase k len flag len1 ret1)))
(rule (=> (and (= k 4) (= len 0) (= flag 0) (= len1 0) (= ret1 -129)) (erase k len flag len1 ret1)))
(rule (=> (and (> N 0) (= i 0)  (= len 0)) (inv1 i N len )))
(rule (=> (and (inv1 i N len ) (is_valid containsk1) (< i N) (= k i) (= v i) (insert k v len 0 len1 containsk1) (= i1 (+ i 1))) (inv1 i1 N len1 )))
(rule (=> (and (inv1 i N len ) (is_valid flag) (not (< i N)) (= i1 0) (= flag 0) (= ret1 MAX)) (inv2 i1 N len  flag ret1)))
(rule (=> (and (inv2 i N len flag ret) (< i N) (is_valid flag) (= flag 1) (= k i) (erase k len flag len1 ret1) (= i1 (+ i 1)) (= flag1 (- 1 flag))) (inv2 i1 N len1 flag1 ret1)))
(rule (=> (and (inv2 i N len flag ret) (< i N) (is_valid flag) (= flag 0) (= i1 (+ i 1)) (= flag1 (- 1 flag))) (inv2 i1 N len flag1 ret)))
(rule (=> (and (inv2 i N len flag ret) (is_valid flag) (not (< i N)) (not (=> (= flag 0) (= ret (- N 1))))) fail))

(query fail :print-certificate true)
==============================================================
   -> Checking if specs have changed...
      -> CHC files are different. Continuing iteration.

==================== Iteration: 3 ====================
TIMEOUT : 60
   -> Parsing CHC file: /Dualis/scripts/../benchmarks/ContextualHornICE_working_temp/FlatHashMap4/FlatHashMap4.smt2
   -> Starting HornICE with a 1000-second timeout...
      -> Logging HornICE output to iter_3.log
   -> HornICE completed successfully.
   -> Analyzing HornICE log file: iter_3.log
      -> Found 51 internal iterations.
   -> Writing new specs to harness: FlatHashMap4_fuzz.cpp...
      -> Successfully created working copy '/Dualis/scripts/../benchmarks/ContextualHornICE_working_temp/FlatHashMap4/FlatHashMap4_fuzz.cpp'.
   -> Starting AFL++(FlatHashMap4_fuzz) with a 60-second timeout...
   -> Building AFL-instrumented binary: /Dualis/scripts/../benchmarks/ContextualHornICE_working_temp/FlatHashMap4/FlatHashMap4_fuzz
   -> AFL++(FlatHashMap4_fuzz) finished its fuzzing session.
   -> Checking fuzzing outputs for counterexamples...
Checking crashes
Checking queue
   -> Found 39 crash reports. Testing reproducibility...
Checking hangs
   -> Converting counterexamples for 'FlatHashMap4'...
   -> Updating CHC file with new counterexamples...

=============== Artifacts This Iteration ===============

--- Generated Specs ---
  insert: ((((len - k) - containsk) <= (-1)) || ((len <= 0) && (((containsk - k) + len1) > 0) && (((len - k) - containsk) > (-1))))
  inv1: (((N <= 1) || (((i - N) <= (-1)) && ((i - len) <= 0) && ((i - N) <= 0) && (N > 1))) && (N > 0) && (((N - i) + len) > 0))
  erase: (true)
  inv2: ((((i + N) - flag) > 0) && (((i + N) - flag) <= 1) && (N <= 1) && (N > 0))

--- New Test Cases Found ---
  (None)

--- Updated CHCs (for next iteration) ---
(declare-var N Int)
(declare-var i Int)
(declare-var i1 Int)
(declare-var i_old Int)
(declare-var containsk Int)
(declare-var containsk1 Int)
(declare-var len Int)
(declare-var len1 Int)
(declare-var flag Int)
(declare-var flag1 Int)
(declare-var ret Int)
(declare-var ret1 Int)
(declare-var k Int)
(declare-var v Int)
(declare-rel insert (Int Int Int Int Int Int))
(declare-rel erase (Int Int Int Int Int))
(declare-rel inv1 (Int Int Int))
(declare-rel inv2 (Int Int Int Int Int))
(declare-rel fail ())
(define-fun is_valid ((x Int)) Bool (or (= x 1) (= x 0)))
(define-fun MAX () Int 128)


(rule (=> (and (= k 1) (= v 1) (= len 0) (= containsk 0) (= len1 1) (= containsk1 1)) (insert k v len containsk len1 containsk1)))
(rule (=> (and (= k 0) (= v 0) (= len 0) (= containsk 0) (= len1 1) (= containsk1 1)) (insert k v len containsk len1 containsk1)))
(rule (=> (and (= k 3) (= len 0) (= flag 1) (= len1 0) (= ret1 -129)) (erase k len flag len1 ret1)))
(rule (=> (and (= k 0) (= len 0) (= flag 0) (= len1 0) (= ret1 -129)) (erase k len flag len1 ret1)))
(rule (=> (and (= k 4) (= len 0) (= flag 0) (= len1 0) (= ret1 -129)) (erase k len flag len1 ret1)))
(rule (=> (and (> N 0) (= i 0)  (= len 0)) (inv1 i N len )))
(rule (=> (and (inv1 i N len ) (is_valid containsk1) (< i N) (= k i) (= v i) (insert k v len 0 len1 containsk1) (= i1 (+ i 1))) (inv1 i1 N len1 )))
(rule (=> (and (inv1 i N len ) (is_valid flag) (not (< i N)) (= i1 0) (= flag 0) (= ret1 MAX)) (inv2 i1 N len  flag ret1)))
(rule (=> (and (inv2 i N len flag ret) (< i N) (is_valid flag) (= flag 1) (= k i) (erase k len flag len1 ret1) (= i1 (+ i 1)) (= flag1 (- 1 flag))) (inv2 i1 N len1 flag1 ret1)))
(rule (=> (and (inv2 i N len flag ret) (< i N) (is_valid flag) (= flag 0) (= i1 (+ i 1)) (= flag1 (- 1 flag))) (inv2 i1 N len flag1 ret)))
(rule (=> (and (inv2 i N len flag ret) (is_valid flag) (not (< i N)) (not (=> (= flag 0) (= ret (- N 1))))) fail))

(query fail :print-certificate true)
==============================================================
   -> Checking if specs have changed...
      -> CHC files are different. Continuing iteration.

==================== Iteration: 4 ====================
TIMEOUT : 80
   -> Parsing CHC file: /Dualis/scripts/../benchmarks/ContextualHornICE_working_temp/FlatHashMap4/FlatHashMap4.smt2
   -> Starting HornICE with a 1000-second timeout...
      -> Logging HornICE output to iter_4.log
   -> HornICE completed successfully.
   -> Analyzing HornICE log file: iter_4.log
      -> Found 51 internal iterations.
   -> Writing new specs to harness: FlatHashMap4_fuzz.cpp...
      -> Successfully created working copy '/Dualis/scripts/../benchmarks/ContextualHornICE_working_temp/FlatHashMap4/FlatHashMap4_fuzz.cpp'.
   -> Starting AFL++(FlatHashMap4_fuzz) with a 80-second timeout...
   -> Building AFL-instrumented binary: /Dualis/scripts/../benchmarks/ContextualHornICE_working_temp/FlatHashMap4/FlatHashMap4_fuzz
   -> AFL++(FlatHashMap4_fuzz) finished its fuzzing session.
   -> Checking fuzzing outputs for counterexamples...
Checking crashes
Checking queue
   -> Found 33 crash reports. Testing reproducibility...
Checking hangs
   -> Converting counterexamples for 'FlatHashMap4'...
   -> Updating CHC file with new counterexamples...

=============== Artifacts This Iteration ===============

--- Generated Specs ---
  insert: ((((len - k) - containsk) <= (-1)) || ((len <= 0) && (((containsk - k) + len1) > 0) && (((len - k) - containsk) > (-1))))
  inv1: (((N <= 1) || (((i - N) <= (-1)) && ((i - len) <= 0) && ((i - N) <= 0) && (N > 1))) && (N > 0) && (((N - i) + len) > 0))
  erase: (true)
  inv2: ((((i + N) - flag) > 0) && (((i + N) - flag) <= 1) && (N <= 1) && (N > 0))

--- New Test Cases Found ---
  (None)

--- Updated CHCs (for next iteration) ---
(declare-var N Int)
(declare-var i Int)
(declare-var i1 Int)
(declare-var i_old Int)
(declare-var containsk Int)
(declare-var containsk1 Int)
(declare-var len Int)
(declare-var len1 Int)
(declare-var flag Int)
(declare-var flag1 Int)
(declare-var ret Int)
(declare-var ret1 Int)
(declare-var k Int)
(declare-var v Int)
(declare-rel insert (Int Int Int Int Int Int))
(declare-rel erase (Int Int Int Int Int))
(declare-rel inv1 (Int Int Int))
(declare-rel inv2 (Int Int Int Int Int))
(declare-rel fail ())
(define-fun is_valid ((x Int)) Bool (or (= x 1) (= x 0)))
(define-fun MAX () Int 128)


(rule (=> (and (= k 1) (= v 1) (= len 0) (= containsk 0) (= len1 1) (= containsk1 1)) (insert k v len containsk len1 containsk1)))
(rule (=> (and (= k 0) (= v 0) (= len 0) (= containsk 0) (= len1 1) (= containsk1 1)) (insert k v len containsk len1 containsk1)))
(rule (=> (and (= k 3) (= len 0) (= flag 1) (= len1 0) (= ret1 -129)) (erase k len flag len1 ret1)))
(rule (=> (and (= k 0) (= len 0) (= flag 0) (= len1 0) (= ret1 -129)) (erase k len flag len1 ret1)))
(rule (=> (and (= k 4) (= len 0) (= flag 0) (= len1 0) (= ret1 -129)) (erase k len flag len1 ret1)))
(rule (=> (and (> N 0) (= i 0)  (= len 0)) (inv1 i N len )))
(rule (=> (and (inv1 i N len ) (is_valid containsk1) (< i N) (= k i) (= v i) (insert k v len 0 len1 containsk1) (= i1 (+ i 1))) (inv1 i1 N len1 )))
(rule (=> (and (inv1 i N len ) (is_valid flag) (not (< i N)) (= i1 0) (= flag 0) (= ret1 MAX)) (inv2 i1 N len  flag ret1)))
(rule (=> (and (inv2 i N len flag ret) (< i N) (is_valid flag) (= flag 1) (= k i) (erase k len flag len1 ret1) (= i1 (+ i 1)) (= flag1 (- 1 flag))) (inv2 i1 N len1 flag1 ret1)))
(rule (=> (and (inv2 i N len flag ret) (< i N) (is_valid flag) (= flag 0) (= i1 (+ i 1)) (= flag1 (- 1 flag))) (inv2 i1 N len flag1 ret)))
(rule (=> (and (inv2 i N len flag ret) (is_valid flag) (not (< i N)) (not (=> (= flag 0) (= ret (- N 1))))) fail))

(query fail :print-certificate true)
==============================================================
   -> Checking if specs have changed...
      -> CHC files are identical. Pipeline has converged.
   -> 15-minute deep fuzzing converged. Pipeline complete.

==================== Finalizing Pipeline ====================

====================== Pipeline Finished =====================
Total External Iterations: 4
Total Unique Test Cases Found: 5
Total Internal Iterations: 168
  - Min: 7
  - Max: 59
  - Avg: 42.00
pipeline.run() took 0.1564 seconds.
Running command: /usr/bin/python3 chcverifynfuzz.py ContextualHornICE FlatHashMap4
PID: 607039
========================================

