
========================================
         Starting Pipeline for: Multiset1 (Mode: ContextualHornICE)
========================================
Initializing pipeline for benchmark: 'Multiset1'
   -> Loading and validating attributes from: /Dualis/scripts/../benchmarks/Classical/Multiset1/Attributes.txt
      -> Validation successful. Attribute file is consistent.

==================== Iteration: 1 ====================
TIMEOUT : 20
   -> Parsing CHC file: /Dualis/scripts/../benchmarks/ContextualHornICE_working_temp/Multiset1/Multiset1.smt2
   -> Starting HornICE with a 1000-second timeout...
      -> Logging HornICE output to iter_1.log
   -> HornICE completed successfully.
   -> Analyzing HornICE log file: iter_1.log
      -> Found 8 internal iterations.
   -> Writing new specs to harness: Multiset1_fuzz.cpp...
      -> Successfully created working copy '/Dualis/scripts/../benchmarks/ContextualHornICE_working_temp/Multiset1/Multiset1_fuzz.cpp'.
   -> Starting AFL++(Multiset1_fuzz) with a 20-second timeout...
   -> Building AFL-instrumented binary: /Dualis/scripts/../benchmarks/ContextualHornICE_working_temp/Multiset1/Multiset1_fuzz
   -> AFL++(Multiset1_fuzz) finished its fuzzing session.
   -> Checking fuzzing outputs for counterexamples...
Checking crashes
   -> Found 1 crash reports. Testing reproducibility...
   -> CRASH REPRODUCED with id:000000,sig:06,src:000000,time:193,execs:19,op:havoc,rep:11
Checking queue
   -> Found 2 crash reports. Testing reproducibility...
Checking hangs
   -> Converting counterexamples for 'Multiset1'...
      -> Found and validated 1 new rules.
   -> Updating CHC file with new counterexamples...

=============== Artifacts This Iteration ===============

--- Generated Specs ---
  inv1: ((i - N) <= (-1))
  emplace: (false)

--- New Test Cases Found ---
  (None)

--- Updated CHCs (for next iteration) ---
(declare-var N Int)
(declare-var v Int)
(declare-var i Int)
(declare-var i1 Int)
(declare-var countv Int)
(declare-var countv1 Int)
(declare-var len Int)
(declare-var len1 Int)
(declare-rel emplace (Int Int Int Int Int))
(declare-rel inv1 (Int Int Int Int Int))
(declare-rel fail ())

(rule (=> (and (= v -1) (= countv 0) (= len 0) (= countv1 1) (= len1 1)) (emplace v countv len countv1 len1)))

(rule (=> (and (> N 0) (= i 0) (= countv 0) (= len 0)) (inv1 i N v countv len)))
(rule (=> (and (inv1 i N v countv len) (< i N) (emplace v countv len countv1 len1) (= i1 (+ i 1))) (inv1 i1 N v countv1 len1)))
(rule (=> (and (inv1 i N v countv len) (not (< i N)) (not (and (= len N) (= countv N)))) fail))

(query fail :print-certificate true)
==============================================================
   -> Checking if specs have changed...
      -> CHC files are different. Continuing iteration.

==================== Iteration: 2 ====================
TIMEOUT : 40
   -> Parsing CHC file: /Dualis/scripts/../benchmarks/ContextualHornICE_working_temp/Multiset1/Multiset1.smt2
   -> Starting HornICE with a 1000-second timeout...
      -> Logging HornICE output to iter_2.log
   -> ERROR: HornICE timed out. Terminating.

==================== Finalizing Pipeline ====================

====================== Pipeline Finished =====================
Total External Iterations: 2
Total Unique Test Cases Found: 1
Total Internal Iterations: 8
  - Min: 8
  - Max: 8
  - Avg: 8.00
pipeline.run() took 0.5499 seconds.
Running command: /usr/bin/python3 chcverifynfuzz.py ContextualHornICE Multiset1
PID: 607038
========================================

