
========================================
         Starting Pipeline for: ProcessQueue (Mode: ContextualHornICE)
========================================
Initializing pipeline for benchmark: 'ProcessQueue'
   -> Loading and validating attributes from: /Dualis/scripts/../benchmarks/Classical/ProcessQueue/Attributes.txt
      -> Validation successful. Attribute file is consistent.

==================== Iteration: 1 ====================
TIMEOUT : 20
   -> Parsing CHC file: /Dualis/scripts/../benchmarks/ContextualHornICE_working_temp/ProcessQueue/ProcessQueue.smt2
   -> Starting HornICE with a 1000-second timeout...
      -> Logging HornICE output to iter_1.log
   -> HornICE completed successfully.
   -> Analyzing HornICE log file: iter_1.log
      -> Found 5 internal iterations.
   -> Writing new specs to harness: ProcessQueue_fuzz.cpp...
      -> Successfully created working copy '/Dualis/scripts/../benchmarks/ContextualHornICE_working_temp/ProcessQueue/ProcessQueue_fuzz.cpp'.
   -> Starting AFL++(ProcessQueue_fuzz) with a 20-second timeout...
   -> Building AFL-instrumented binary: /Dualis/scripts/../benchmarks/ContextualHornICE_working_temp/ProcessQueue/ProcessQueue_fuzz
   -> ERROR: AFL++(ProcessQueue_fuzz) failed with exit code 1.
      AFL++ Error Output:
[1;92m[+] [0mEnabled environment variable AFL_I_DONT_CARE_ABOUT_MISSING_CRASHES with value 1[0m
[1;92m[+] [0mEnabled environment variable AFL_NO_UI with value 1[0m
[1;92m[+] [0mEnabled environment variable AFL_CMPLOG_ONLY_NEW with value 1[0m
[1;92m[+] [0mEnabled environment variable AFL_DEBUG_CHILD with value 1[0m
[1;92m[+] [0mEnabled environment variable AFL_IGNORE_PROBLEMS with value 1[0m
[1;92m[+] [0mEnabled environment variable AFL_SKIP_CPUFREQ with value 1[0m
[1;94m[*] [0mSpinning up the fork server...[0m
[1;92m[+] [0mAll right - new fork server model v1 is up.[0m
[1;94m[*] [0mTarget map size: 320[0m
ProcessQueue_fuzz: /Dualis/scripts/../benchmarks/ContextualHornICE_working_temp/ProcessQueue/ProcessQueue_fuzz.cpp:41: int main(int, char **): Assertion `expr_insert' failed.

   -> Checking fuzzing outputs for counterexamples...
Checking crashes
Checking queue
   -> Found 1 crash reports. Testing reproducibility...
   -> CRASH REPRODUCED with id:000000,time:0,execs:0,orig:cont_gen
Checking hangs
   -> Converting counterexamples for 'ProcessQueue'...
      -> Found and validated 1 new rules.
   -> Updating CHC file with new counterexamples...

=============== Artifacts This Iteration ===============

--- Generated Specs ---
  inv: (len <= 0)
  insert: (false)
  choosenext: (false)

--- New Test Cases Found ---
  (None)

--- Updated CHCs (for next iteration) ---
(declare-rel inv (Int Int Int))
(declare-rel insert (Int Int Int Int Int))
(declare-rel choosenext (Int Int Int Int))
(declare-rel fail ())
(declare-var nexttime Int)
(declare-var len Int)
(declare-var min_ttw Int)
(declare-var nexttime1 Int)
(declare-var len1 Int)
(declare-var min_ttw1 Int)
(define-fun MAX () Int 128)
(define-fun MIN () Int -129)

(rule (=> (and (= nexttime 1) (= len 0) (= len1 1) (= min_ttw 128) (= min_ttw1 1)) (insert nexttime len len1 min_ttw min_ttw1)))

(rule (=> (and (= len1 0) (= nexttime1 1) (= min_ttw1 MAX)) (inv nexttime1 len1 min_ttw1)))
(rule (=> (and (inv nexttime len min_ttw) (insert nexttime len len1 min_ttw min_ttw1) (= nexttime1 (+ nexttime 1))) (inv nexttime1 len1 min_ttw1)))
(rule (=> (and (inv nexttime len min_ttw) (and (> nexttime 1) (choosenext len len1 min_ttw min_ttw1) (= nexttime1 (- nexttime 1)))) (inv nexttime1 len1 min_ttw1)))
(rule (=> (and (inv nexttime len min_ttw) (<= nexttime 1)) (inv nexttime len min_ttw)))
(rule (=> (and (inv nexttime len min_ttw) (not(=> (> len 0) (>= min_ttw 1)))) fail))

(query fail :print-certificate true)
==============================================================
   -> Checking if specs have changed...
      -> CHC files are different. Continuing iteration.

==================== Iteration: 2 ====================
TIMEOUT : 40
   -> Parsing CHC file: /Dualis/scripts/../benchmarks/ContextualHornICE_working_temp/ProcessQueue/ProcessQueue.smt2
   -> Starting HornICE with a 1000-second timeout...
      -> Logging HornICE output to iter_2.log
   -> HornICE completed successfully.
   -> Analyzing HornICE log file: iter_2.log
      -> Found 38 internal iterations.
   -> Writing new specs to harness: ProcessQueue_fuzz.cpp...
      -> Successfully created working copy '/Dualis/scripts/../benchmarks/ContextualHornICE_working_temp/ProcessQueue/ProcessQueue_fuzz.cpp'.
   -> Starting AFL++(ProcessQueue_fuzz) with a 40-second timeout...
   -> Building AFL-instrumented binary: /Dualis/scripts/../benchmarks/ContextualHornICE_working_temp/ProcessQueue/ProcessQueue_fuzz
   -> ERROR: AFL++(ProcessQueue_fuzz) failed with exit code 1.
      AFL++ Error Output:
[1;92m[+] [0mEnabled environment variable AFL_I_DONT_CARE_ABOUT_MISSING_CRASHES with value 1[0m
[1;92m[+] [0mEnabled environment variable AFL_NO_UI with value 1[0m
[1;92m[+] [0mEnabled environment variable AFL_CMPLOG_ONLY_NEW with value 1[0m
[1;92m[+] [0mEnabled environment variable AFL_DEBUG_CHILD with value 1[0m
[1;92m[+] [0mEnabled environment variable AFL_IGNORE_PROBLEMS with value 1[0m
[1;92m[+] [0mEnabled environment variable AFL_SKIP_CPUFREQ with value 1[0m
[1;94m[*] [0mSpinning up the fork server...[0m
[1;92m[+] [0mAll right - new fork server model v1 is up.[0m
[1;94m[*] [0mTarget map size: 342[0m
ProcessQueue_fuzz: /Dualis/scripts/../benchmarks/ContextualHornICE_working_temp/ProcessQueue/ProcessQueue_fuzz.cpp:53: int main(int, char **): Assertion `expr_choosenext' failed.

   -> Checking fuzzing outputs for counterexamples...
Checking crashes
Checking queue
   -> Found 1 crash reports. Testing reproducibility...
   -> CRASH REPRODUCED with id:000000,time:0,execs:0,orig:cont_gen
Checking hangs
   -> Converting counterexamples for 'ProcessQueue'...
      -> Found and validated 1 new rules.
   -> Updating CHC file with new counterexamples...

=============== Artifacts This Iteration ===============

--- Generated Specs ---
  insert: (min_ttw1 > 0)
  inv: (min_ttw > 0)
  choosenext: (false)

--- New Test Cases Found ---
  (None)

--- Updated CHCs (for next iteration) ---
(declare-rel inv (Int Int Int))
(declare-rel insert (Int Int Int Int Int))
(declare-rel choosenext (Int Int Int Int))
(declare-rel fail ())
(declare-var nexttime Int)
(declare-var len Int)
(declare-var min_ttw Int)
(declare-var nexttime1 Int)
(declare-var len1 Int)
(declare-var min_ttw1 Int)
(define-fun MAX () Int 128)
(define-fun MIN () Int -129)

(rule (=> (and (= len 3) (= len1 2) (= min_ttw 1) (= min_ttw1 1)) (choosenext len len1 min_ttw min_ttw1)))

(rule (=> (and (= nexttime 1) (= len 0) (= len1 1) (= min_ttw 128) (= min_ttw1 1)) (insert nexttime len len1 min_ttw min_ttw1)))
(rule (=> (and (= len1 0) (= nexttime1 1) (= min_ttw1 MAX)) (inv nexttime1 len1 min_ttw1)))
(rule (=> (and (inv nexttime len min_ttw) (insert nexttime len len1 min_ttw min_ttw1) (= nexttime1 (+ nexttime 1))) (inv nexttime1 len1 min_ttw1)))
(rule (=> (and (inv nexttime len min_ttw) (and (> nexttime 1) (choosenext len len1 min_ttw min_ttw1) (= nexttime1 (- nexttime 1)))) (inv nexttime1 len1 min_ttw1)))
(rule (=> (and (inv nexttime len min_ttw) (<= nexttime 1)) (inv nexttime len min_ttw)))
(rule (=> (and (inv nexttime len min_ttw) (not(=> (> len 0) (>= min_ttw 1)))) fail))

(query fail :print-certificate true)
==============================================================
   -> Checking if specs have changed...
      -> CHC files are different. Continuing iteration.

==================== Iteration: 3 ====================
TIMEOUT : 60
   -> Parsing CHC file: /Dualis/scripts/../benchmarks/ContextualHornICE_working_temp/ProcessQueue/ProcessQueue.smt2
   -> Starting HornICE with a 1000-second timeout...
      -> Logging HornICE output to iter_3.log
   -> HornICE completed successfully.
   -> Analyzing HornICE log file: iter_3.log
      -> Found 50 internal iterations.
   -> Writing new specs to harness: ProcessQueue_fuzz.cpp...
      -> Successfully created working copy '/Dualis/scripts/../benchmarks/ContextualHornICE_working_temp/ProcessQueue/ProcessQueue_fuzz.cpp'.
   -> Starting AFL++(ProcessQueue_fuzz) with a 60-second timeout...
   -> Building AFL-instrumented binary: /Dualis/scripts/../benchmarks/ContextualHornICE_working_temp/ProcessQueue/ProcessQueue_fuzz
   -> ERROR: AFL++(ProcessQueue_fuzz) failed with exit code 1.
      AFL++ Error Output:
[1;92m[+] [0mEnabled environment variable AFL_I_DONT_CARE_ABOUT_MISSING_CRASHES with value 1[0m
[1;92m[+] [0mEnabled environment variable AFL_NO_UI with value 1[0m
[1;92m[+] [0mEnabled environment variable AFL_CMPLOG_ONLY_NEW with value 1[0m
[1;92m[+] [0mEnabled environment variable AFL_DEBUG_CHILD with value 1[0m
[1;92m[+] [0mEnabled environment variable AFL_IGNORE_PROBLEMS with value 1[0m
[1;92m[+] [0mEnabled environment variable AFL_SKIP_CPUFREQ with value 1[0m
[1;94m[*] [0mSpinning up the fork server...[0m
[1;92m[+] [0mAll right - new fork server model v1 is up.[0m
[1;94m[*] [0mTarget map size: 347[0m
ProcessQueue_fuzz: /Dualis/scripts/../benchmarks/ContextualHornICE_working_temp/ProcessQueue/ProcessQueue_fuzz.cpp:41: int main(int, char **): Assertion `expr_insert' failed.

   -> Checking fuzzing outputs for counterexamples...
Checking crashes
Checking queue
   -> Found 1 crash reports. Testing reproducibility...
   -> CRASH REPRODUCED with id:000000,time:0,execs:0,orig:cont_gen
Checking hangs
   -> Converting counterexamples for 'ProcessQueue'...
      -> Found and validated 1 new rules.
   -> Updating CHC file with new counterexamples...

=============== Artifacts This Iteration ===============

--- Generated Specs ---
  choosenext: (((len - min_ttw) > 0) && ((len - min_ttw1) > 1))
  insert: (((len1 - min_ttw1) <= 0) && (min_ttw1 > 0))
  inv: ((len - min_ttw) <= 0)

--- New Test Cases Found ---
  (None)

--- Updated CHCs (for next iteration) ---
(declare-rel inv (Int Int Int))
(declare-rel insert (Int Int Int Int Int))
(declare-rel choosenext (Int Int Int Int))
(declare-rel fail ())
(declare-var nexttime Int)
(declare-var len Int)
(declare-var min_ttw Int)
(declare-var nexttime1 Int)
(declare-var len1 Int)
(declare-var min_ttw1 Int)
(define-fun MAX () Int 128)
(define-fun MIN () Int -129)

(rule (=> (and (= nexttime 2) (= len 1) (= len1 2) (= min_ttw 1) (= min_ttw1 1)) (insert nexttime len len1 min_ttw min_ttw1)))

(rule (=> (and (= len 3) (= len1 2) (= min_ttw 1) (= min_ttw1 1)) (choosenext len len1 min_ttw min_ttw1)))
(rule (=> (and (= nexttime 1) (= len 0) (= len1 1) (= min_ttw 128) (= min_ttw1 1)) (insert nexttime len len1 min_ttw min_ttw1)))
(rule (=> (and (= len1 0) (= nexttime1 1) (= min_ttw1 MAX)) (inv nexttime1 len1 min_ttw1)))
(rule (=> (and (inv nexttime len min_ttw) (insert nexttime len len1 min_ttw min_ttw1) (= nexttime1 (+ nexttime 1))) (inv nexttime1 len1 min_ttw1)))
(rule (=> (and (inv nexttime len min_ttw) (and (> nexttime 1) (choosenext len len1 min_ttw min_ttw1) (= nexttime1 (- nexttime 1)))) (inv nexttime1 len1 min_ttw1)))
(rule (=> (and (inv nexttime len min_ttw) (<= nexttime 1)) (inv nexttime len min_ttw)))
(rule (=> (and (inv nexttime len min_ttw) (not(=> (> len 0) (>= min_ttw 1)))) fail))

(query fail :print-certificate true)
==============================================================
   -> Checking if specs have changed...
      -> CHC files are different. Continuing iteration.

==================== Iteration: 4 ====================
TIMEOUT : 80
   -> Parsing CHC file: /Dualis/scripts/../benchmarks/ContextualHornICE_working_temp/ProcessQueue/ProcessQueue.smt2
   -> Starting HornICE with a 1000-second timeout...
      -> Logging HornICE output to iter_4.log
   -> HornICE completed successfully.
   -> Analyzing HornICE log file: iter_4.log
      -> Found 59 internal iterations.
   -> Writing new specs to harness: ProcessQueue_fuzz.cpp...
      -> Successfully created working copy '/Dualis/scripts/../benchmarks/ContextualHornICE_working_temp/ProcessQueue/ProcessQueue_fuzz.cpp'.
   -> Starting AFL++(ProcessQueue_fuzz) with a 80-second timeout...
   -> Building AFL-instrumented binary: /Dualis/scripts/../benchmarks/ContextualHornICE_working_temp/ProcessQueue/ProcessQueue_fuzz
   -> AFL++(ProcessQueue_fuzz) finished its fuzzing session.
   -> Checking fuzzing outputs for counterexamples...
Checking crashes
Checking queue
   -> Found 83 crash reports. Testing reproducibility...
   -> CRASH REPRODUCED with id:000001,src:000000,time:2,execs:10,op:(null),pos:0,+cov
Checking hangs
   -> Converting counterexamples for 'ProcessQueue'...
   -> Updating CHC file with new counterexamples...

=============== Artifacts This Iteration ===============

--- Generated Specs ---
  insert: (min_ttw1 > 0)
  choosenext: (min_ttw1 > 0)
  inv: (min_ttw > 0)

--- New Test Cases Found ---
  (None)

--- Updated CHCs (for next iteration) ---
(declare-rel inv (Int Int Int))
(declare-rel insert (Int Int Int Int Int))
(declare-rel choosenext (Int Int Int Int))
(declare-rel fail ())
(declare-var nexttime Int)
(declare-var len Int)
(declare-var min_ttw Int)
(declare-var nexttime1 Int)
(declare-var len1 Int)
(declare-var min_ttw1 Int)
(define-fun MAX () Int 128)
(define-fun MIN () Int -129)


(rule (=> (and (= nexttime 2) (= len 1) (= len1 2) (= min_ttw 1) (= min_ttw1 1)) (insert nexttime len len1 min_ttw min_ttw1)))
(rule (=> (and (= len 3) (= len1 2) (= min_ttw 1) (= min_ttw1 1)) (choosenext len len1 min_ttw min_ttw1)))
(rule (=> (and (= nexttime 1) (= len 0) (= len1 1) (= min_ttw 128) (= min_ttw1 1)) (insert nexttime len len1 min_ttw min_ttw1)))
(rule (=> (and (= len1 0) (= nexttime1 1) (= min_ttw1 MAX)) (inv nexttime1 len1 min_ttw1)))
(rule (=> (and (inv nexttime len min_ttw) (insert nexttime len len1 min_ttw min_ttw1) (= nexttime1 (+ nexttime 1))) (inv nexttime1 len1 min_ttw1)))
(rule (=> (and (inv nexttime len min_ttw) (and (> nexttime 1) (choosenext len len1 min_ttw min_ttw1) (= nexttime1 (- nexttime 1)))) (inv nexttime1 len1 min_ttw1)))
(rule (=> (and (inv nexttime len min_ttw) (<= nexttime 1)) (inv nexttime len min_ttw)))
(rule (=> (and (inv nexttime len min_ttw) (not(=> (> len 0) (>= min_ttw 1)))) fail))

(query fail :print-certificate true)
==============================================================
   -> Checking if specs have changed...
      -> CHC files are different. Continuing iteration.

==================== Iteration: 5 ====================
TIMEOUT : 100
   -> Parsing CHC file: /Dualis/scripts/../benchmarks/ContextualHornICE_working_temp/ProcessQueue/ProcessQueue.smt2
   -> Starting HornICE with a 1000-second timeout...
      -> Logging HornICE output to iter_5.log
   -> HornICE completed successfully.
   -> Analyzing HornICE log file: iter_5.log
      -> Found 59 internal iterations.
   -> Writing new specs to harness: ProcessQueue_fuzz.cpp...
      -> Successfully created working copy '/Dualis/scripts/../benchmarks/ContextualHornICE_working_temp/ProcessQueue/ProcessQueue_fuzz.cpp'.
   -> Starting AFL++(ProcessQueue_fuzz) with a 100-second timeout...
   -> Building AFL-instrumented binary: /Dualis/scripts/../benchmarks/ContextualHornICE_working_temp/ProcessQueue/ProcessQueue_fuzz
   -> AFL++(ProcessQueue_fuzz) finished its fuzzing session.
   -> Checking fuzzing outputs for counterexamples...
Checking crashes
Checking queue
   -> Found 83 crash reports. Testing reproducibility...
   -> CRASH REPRODUCED with id:000001,src:000000,time:1,execs:10,op:(null),pos:0,+cov
Checking hangs
   -> Converting counterexamples for 'ProcessQueue'...
   -> Updating CHC file with new counterexamples...

=============== Artifacts This Iteration ===============

--- Generated Specs ---
  insert: (min_ttw1 > 0)
  choosenext: (min_ttw1 > 0)
  inv: (min_ttw > 0)

--- New Test Cases Found ---
  (None)

--- Updated CHCs (for next iteration) ---
(declare-rel inv (Int Int Int))
(declare-rel insert (Int Int Int Int Int))
(declare-rel choosenext (Int Int Int Int))
(declare-rel fail ())
(declare-var nexttime Int)
(declare-var len Int)
(declare-var min_ttw Int)
(declare-var nexttime1 Int)
(declare-var len1 Int)
(declare-var min_ttw1 Int)
(define-fun MAX () Int 128)
(define-fun MIN () Int -129)


(rule (=> (and (= nexttime 2) (= len 1) (= len1 2) (= min_ttw 1) (= min_ttw1 1)) (insert nexttime len len1 min_ttw min_ttw1)))
(rule (=> (and (= len 3) (= len1 2) (= min_ttw 1) (= min_ttw1 1)) (choosenext len len1 min_ttw min_ttw1)))
(rule (=> (and (= nexttime 1) (= len 0) (= len1 1) (= min_ttw 128) (= min_ttw1 1)) (insert nexttime len len1 min_ttw min_ttw1)))
(rule (=> (and (= len1 0) (= nexttime1 1) (= min_ttw1 MAX)) (inv nexttime1 len1 min_ttw1)))
(rule (=> (and (inv nexttime len min_ttw) (insert nexttime len len1 min_ttw min_ttw1) (= nexttime1 (+ nexttime 1))) (inv nexttime1 len1 min_ttw1)))
(rule (=> (and (inv nexttime len min_ttw) (and (> nexttime 1) (choosenext len len1 min_ttw min_ttw1) (= nexttime1 (- nexttime 1)))) (inv nexttime1 len1 min_ttw1)))
(rule (=> (and (inv nexttime len min_ttw) (<= nexttime 1)) (inv nexttime len min_ttw)))
(rule (=> (and (inv nexttime len min_ttw) (not(=> (> len 0) (>= min_ttw 1)))) fail))

(query fail :print-certificate true)
==============================================================
   -> Checking if specs have changed...
      -> CHC files are identical. Pipeline has converged.
   -> 15-minute deep fuzzing converged. Pipeline complete.

==================== Finalizing Pipeline ====================

====================== Pipeline Finished =====================
Total External Iterations: 5
Total Unique Test Cases Found: 3
Total Internal Iterations: 211
  - Min: 5
  - Max: 59
  - Avg: 42.20
pipeline.run() took 0.1020 seconds.
Running command: /usr/bin/python3 chcverifynfuzz.py ContextualHornICE ProcessQueue
PID: 607037
========================================

