
========================================
         Starting Pipeline for: SkipList4 (Mode: ContextualHornICE)
========================================
Initializing pipeline for benchmark: 'SkipList4'
   -> Loading and validating attributes from: /Dualis/scripts/../benchmarks/Classical/SkipList4/Attributes.txt
      -> Validation successful. Attribute file is consistent.

==================== Iteration: 1 ====================
TIMEOUT : 20
   -> Parsing CHC file: /Dualis/scripts/../benchmarks/ContextualHornICE_working_temp/SkipList4/SkipList4.smt2
   -> Starting HornICE with a 1000-second timeout...
      -> Logging HornICE output to iter_1.log
   -> HornICE completed successfully.
   -> Analyzing HornICE log file: iter_1.log
      -> Found 15 internal iterations.
   -> Writing new specs to harness: SkipList4_fuzz.cpp...
      -> Successfully created working copy '/Dualis/scripts/../benchmarks/ContextualHornICE_working_temp/SkipList4/SkipList4_fuzz.cpp'.
   -> Starting AFL++(SkipList4_fuzz) with a 20-second timeout...
   -> Building AFL-instrumented binary: /Dualis/scripts/../benchmarks/ContextualHornICE_working_temp/SkipList4/SkipList4_fuzz
   -> AFL++(SkipList4_fuzz) finished its fuzzing session.
   -> Checking fuzzing outputs for counterexamples...
Checking crashes
   -> Found 1 crash reports. Testing reproducibility...
   -> CRASH REPRODUCED with id:000000,sig:06,src:000003,time:1178,execs:28,op:havoc,rep:16
Checking queue
   -> Found 12 crash reports. Testing reproducibility...
   -> CRASH REPRODUCED with id:000007,time:0,execs:0,orig:insremlwb
   -> CRASH REPRODUCED with id:000010,time:0,execs:0,orig:remlwb
   -> CRASH REPRODUCED with id:000006,time:0,execs:0,orig:insrem
   -> CRASH REPRODUCED with id:000008,time:0,execs:0,orig:lwbrem
   -> CRASH REPRODUCED with id:000002,time:0,execs:0,orig:2rem
   -> CRASH REPRODUCED with id:000004,time:0,execs:0,orig:inslwb
   -> CRASH REPRODUCED with id:000009,time:0,execs:0,orig:remins
   -> CRASH REPRODUCED with id:000005,time:0,execs:0,orig:inslwbrem
   -> CRASH REPRODUCED with id:000000,time:0,execs:0,orig:2ins
   -> CRASH REPRODUCED with id:000001,time:0,execs:0,orig:2lwb
Checking hangs
   -> Converting counterexamples for 'SkipList4'...
      -> Found and validated 1 new rules.
   -> Updating CHC file with new counterexamples...

=============== Artifacts This Iteration ===============

--- Generated Specs ---
  inv1: ((i - N) <= (-1))
  insert: (false)

--- New Test Cases Found ---
  (None)

--- Updated CHCs (for next iteration) ---
(declare-var N Int)
(declare-var i Int)
(declare-var i1 Int)
(declare-var min Int)
(declare-var min1 Int)
(declare-var max Int)
(declare-var max1 Int)
(declare-var isPresent Int)
(declare-var isPresent1 Int)
(declare-var len Int)
(declare-var len1 Int)
(declare-var v Int)
(declare-var ret1 Int)
(declare-rel insert (Int Int Int Int Int Int Int Int Int))
(declare-rel inv1 (Int Int Int Int Int Int))
(declare-rel fail ())
(define-fun MAX () Int 128)
(define-fun MIN () Int -129)
(define-fun is_valid ((x Int)) Bool (or (= x 1) (= x 0)))

(rule (=> (and (= v 1) (= isPresent 0) (= min 128) (= max -129) (= len 0) (= isPresent1 1) (= min1 1) (= max1 1) (= len1 1)) (insert v isPresent min max len isPresent1 min1 max1 len1)))

(rule (=> (and (> N 0) (= i 0) (= min MAX) (= max MIN) (= len 0)) (inv1 i N isPresent min max  len)))
(rule (=> (and (inv1 i N isPresent min max  len) (is_valid isPresent) (< i N) (= v 1) (insert v isPresent min max  len isPresent1 min1 max1  len1) (= i1 (+ i 1))) (inv1 i1 N isPresent1 min1 max1  len1)))
(rule (=> (and (inv1 i N isPresent min max  len) (is_valid isPresent) (not (< i N)) (not (= len 1))) fail))

(query fail :print-certificate true)
==============================================================
   -> Checking if specs have changed...
      -> CHC files are different. Continuing iteration.

==================== Iteration: 2 ====================
TIMEOUT : 40
   -> Parsing CHC file: /Dualis/scripts/../benchmarks/ContextualHornICE_working_temp/SkipList4/SkipList4.smt2
   -> Starting HornICE with a 1000-second timeout...
      -> Logging HornICE output to iter_2.log
   -> HornICE completed successfully.
   -> Analyzing HornICE log file: iter_2.log
      -> Found 69 internal iterations.
   -> Writing new specs to harness: SkipList4_fuzz.cpp...
      -> Successfully created working copy '/Dualis/scripts/../benchmarks/ContextualHornICE_working_temp/SkipList4/SkipList4_fuzz.cpp'.
   -> Starting AFL++(SkipList4_fuzz) with a 40-second timeout...
   -> Building AFL-instrumented binary: /Dualis/scripts/../benchmarks/ContextualHornICE_working_temp/SkipList4/SkipList4_fuzz
   -> AFL++(SkipList4_fuzz) finished its fuzzing session.
   -> Checking fuzzing outputs for counterexamples...
Checking crashes
   -> Found 1 crash reports. Testing reproducibility...
   -> CRASH REPRODUCED with id:000000,sig:06,src:000003,time:159,execs:46,op:havoc,rep:3
Checking queue
   -> Found 14 crash reports. Testing reproducibility...
   -> CRASH REPRODUCED with id:000007,time:0,execs:0,orig:insremlwb
   -> CRASH REPRODUCED with id:000010,time:0,execs:0,orig:remlwb
   -> CRASH REPRODUCED with id:000006,time:0,execs:0,orig:insrem
   -> CRASH REPRODUCED with id:000008,time:0,execs:0,orig:lwbrem
   -> CRASH REPRODUCED with id:000002,time:0,execs:0,orig:2rem
   -> CRASH REPRODUCED with id:000004,time:0,execs:0,orig:inslwb
   -> CRASH REPRODUCED with id:000009,time:0,execs:0,orig:remins
   -> CRASH REPRODUCED with id:000005,time:0,execs:0,orig:inslwbrem
   -> CRASH REPRODUCED with id:000000,time:0,execs:0,orig:2ins
   -> CRASH REPRODUCED with id:000001,time:0,execs:0,orig:2lwb
Checking hangs
   -> Converting counterexamples for 'SkipList4'...
      -> Found and validated 1 new rules.
   -> Updating CHC file with new counterexamples...

=============== Artifacts This Iteration ===============

--- Generated Specs ---
  insert: ((len <= 0) && (((len1 - v) - len) <= 0) && (((v + len) - len1) <= 0))
  inv1: ((((N - i) + len) > 0) && (len <= 1))

--- New Test Cases Found ---
  (None)

--- Updated CHCs (for next iteration) ---
(declare-var N Int)
(declare-var i Int)
(declare-var i1 Int)
(declare-var min Int)
(declare-var min1 Int)
(declare-var max Int)
(declare-var max1 Int)
(declare-var isPresent Int)
(declare-var isPresent1 Int)
(declare-var len Int)
(declare-var len1 Int)
(declare-var v Int)
(declare-var ret1 Int)
(declare-rel insert (Int Int Int Int Int Int Int Int Int))
(declare-rel inv1 (Int Int Int Int Int Int))
(declare-rel fail ())
(define-fun MAX () Int 128)
(define-fun MIN () Int -129)
(define-fun is_valid ((x Int)) Bool (or (= x 1) (= x 0)))

(rule (=> (and (= v 1) (= isPresent 1) (= min 1) (= max 1) (= len 1) (= isPresent1 1) (= min1 1) (= max1 1) (= len1 1)) (insert v isPresent min max len isPresent1 min1 max1 len1)))

(rule (=> (and (= v 1) (= isPresent 0) (= min 128) (= max -129) (= len 0) (= isPresent1 1) (= min1 1) (= max1 1) (= len1 1)) (insert v isPresent min max len isPresent1 min1 max1 len1)))
(rule (=> (and (> N 0) (= i 0) (= min MAX) (= max MIN) (= len 0)) (inv1 i N isPresent min max  len)))
(rule (=> (and (inv1 i N isPresent min max  len) (is_valid isPresent) (< i N) (= v 1) (insert v isPresent min max  len isPresent1 min1 max1  len1) (= i1 (+ i 1))) (inv1 i1 N isPresent1 min1 max1  len1)))
(rule (=> (and (inv1 i N isPresent min max  len) (is_valid isPresent) (not (< i N)) (not (= len 1))) fail))

(query fail :print-certificate true)
==============================================================
   -> Checking if specs have changed...
      -> CHC files are different. Continuing iteration.

==================== Iteration: 3 ====================
TIMEOUT : 60
   -> Parsing CHC file: /Dualis/scripts/../benchmarks/ContextualHornICE_working_temp/SkipList4/SkipList4.smt2
   -> Starting HornICE with a 1000-second timeout...
      -> Logging HornICE output to iter_3.log
   -> ERROR: HornICE timed out. Terminating.

==================== Finalizing Pipeline ====================

====================== Pipeline Finished =====================
Total External Iterations: 3
Total Unique Test Cases Found: 2
Total Internal Iterations: 84
  - Min: 15
  - Max: 69
  - Avg: 42.00
pipeline.run() took 0.7002 seconds.
Running command: /usr/bin/python3 chcverifynfuzz.py ContextualHornICE SkipList4
PID: 607032
========================================

