
========================================
         Starting Pipeline for: TokenBucket1 (Mode: ContextualHornICE)
========================================
Initializing pipeline for benchmark: 'TokenBucket1'
   -> Loading and validating attributes from: /Dualis/scripts/../benchmarks/Classical/TokenBucket1/Attributes.txt
      -> Validation successful. Attribute file is consistent.

==================== Iteration: 1 ====================
TIMEOUT : 20
   -> Parsing CHC file: /Dualis/scripts/../benchmarks/ContextualHornICE_working_temp/TokenBucket1/TokenBucket1.smt2
   -> Starting HornICE with a 1000-second timeout...
      -> Logging HornICE output to iter_1.log
   -> HornICE completed successfully.
   -> Analyzing HornICE log file: iter_1.log
      -> Found 2 internal iterations.
   -> Writing new specs to harness: TokenBucket1_fuzz.cpp...
      -> Successfully created working copy '/Dualis/scripts/../benchmarks/ContextualHornICE_working_temp/TokenBucket1/TokenBucket1_fuzz.cpp'.
   -> Starting AFL++(TokenBucket1_fuzz) with a 20-second timeout...
   -> Building AFL-instrumented binary: /Dualis/scripts/../benchmarks/ContextualHornICE_working_temp/TokenBucket1/TokenBucket1_fuzz
   -> ERROR: AFL++(TokenBucket1_fuzz) failed with exit code 1.
      AFL++ Error Output:
[1;92m[+] [0mEnabled environment variable AFL_I_DONT_CARE_ABOUT_MISSING_CRASHES with value 1[0m
[1;92m[+] [0mEnabled environment variable AFL_NO_UI with value 1[0m
[1;92m[+] [0mEnabled environment variable AFL_CMPLOG_ONLY_NEW with value 1[0m
[1;92m[+] [0mEnabled environment variable AFL_DEBUG_CHILD with value 1[0m
[1;92m[+] [0mEnabled environment variable AFL_IGNORE_PROBLEMS with value 1[0m
[1;92m[+] [0mEnabled environment variable AFL_SKIP_CPUFREQ with value 1[0m
[1;94m[*] [0mSpinning up the fork server...[0m
[1;92m[+] [0mAll right - new fork server model v1 is up.[0m
[1;94m[*] [0mTarget map size: 207[0m
TokenBucket1_fuzz: /Dualis/scripts/../benchmarks/ContextualHornICE_working_temp/TokenBucket1/TokenBucket1_fuzz.cpp:51: int main(int, char **): Assertion `expr_generateTokens' failed.
TokenBucket1_fuzz: /Dualis/scripts/../benchmarks/ContextualHornICE_working_temp/TokenBucket1/TokenBucket1_fuzz.cpp:51: int main(int, char **): Assertion `expr_generateTokens' failed.
TokenBucket1_fuzz: /Dualis/scripts/../benchmarks/ContextualHornICE_working_temp/TokenBucket1/TokenBucket1_fuzz.cpp:51: int main(int, char **): Assertion `expr_generateTokens' failed.
TokenBucket1_fuzz: /Dualis/scripts/../benchmarks/ContextualHornICE_working_temp/TokenBucket1/TokenBucket1_fuzz.cpp:51: int main(int, char **): Assertion `expr_generateTokens' failed.

   -> Checking fuzzing outputs for counterexamples...
Checking crashes
Checking queue
   -> Found 4 crash reports. Testing reproducibility...
   -> CRASH REPRODUCED with id:000001,time:0,execs:0,orig:2ins
   -> CRASH REPRODUCED with id:000000,time:0,execs:0,orig:2fin
   -> CRASH REPRODUCED with id:000003,time:0,execs:0,orig:insfin
   -> CRASH REPRODUCED with id:000002,time:0,execs:0,orig:finins
Checking hangs
   -> Converting counterexamples for 'TokenBucket1'...
      -> Found and validated 1 new rules.
   -> Updating CHC file with new counterexamples...

=============== Artifacts This Iteration ===============

--- Generated Specs ---
  generateTokens: (false)
  inv1: (false)
  consume: (false)

--- New Test Cases Found ---
  (None)

--- Updated CHCs (for next iteration) ---
(declare-var b_size Int)
(declare-var c_rate Int)
(declare-var avai_tokens Int)
(declare-var avai_tokens1 Int)
(declare-var consumed_tokens Int)
(declare-var consumed_tokens1 Int)
(declare-var token_counter Int)
(declare-rel generateTokens (Int Int))
(declare-rel consume (Int Int Int))
(declare-rel inv1 (Int Int Int Int))
(declare-rel fail ())

(rule (=> (and (= b_size 127) (= avai_tokens1 127)) (generateTokens b_size avai_tokens1)))

(rule (=> (and (> b_size 0) (> c_rate 0) (>= b_size c_rate) (= consumed_tokens1 0) (generateTokens b_size avai_tokens1)) (inv1 avai_tokens1 b_size c_rate consumed_tokens1)))
(rule (=> (and (inv1 avai_tokens b_size c_rate consumed_tokens)   (>= avai_tokens c_rate) (consume c_rate avai_tokens avai_tokens1) (= consumed_tokens1 (+ consumed_tokens c_rate))) (inv1 avai_tokens1 b_size c_rate consumed_tokens1)))
(rule (=> (and (inv1 avai_tokens b_size c_rate consumed_tokens) (not (>= avai_tokens c_rate)) (not (>= avai_tokens 0))) fail))

(query fail :print-certificate true)
==============================================================
   -> Checking if specs have changed...
      -> CHC files are different. Continuing iteration.

==================== Iteration: 2 ====================
TIMEOUT : 40
   -> Parsing CHC file: /Dualis/scripts/../benchmarks/ContextualHornICE_working_temp/TokenBucket1/TokenBucket1.smt2
   -> Starting HornICE with a 1000-second timeout...
      -> Logging HornICE output to iter_2.log
   -> HornICE completed successfully.
   -> Analyzing HornICE log file: iter_2.log
      -> Found 17 internal iterations.
   -> Writing new specs to harness: TokenBucket1_fuzz.cpp...
      -> Successfully created working copy '/Dualis/scripts/../benchmarks/ContextualHornICE_working_temp/TokenBucket1/TokenBucket1_fuzz.cpp'.
   -> Starting AFL++(TokenBucket1_fuzz) with a 40-second timeout...
   -> Building AFL-instrumented binary: /Dualis/scripts/../benchmarks/ContextualHornICE_working_temp/TokenBucket1/TokenBucket1_fuzz
   -> ERROR: AFL++(TokenBucket1_fuzz) failed with exit code 1.
      AFL++ Error Output:
[1;92m[+] [0mEnabled environment variable AFL_I_DONT_CARE_ABOUT_MISSING_CRASHES with value 1[0m
[1;92m[+] [0mEnabled environment variable AFL_NO_UI with value 1[0m
[1;92m[+] [0mEnabled environment variable AFL_CMPLOG_ONLY_NEW with value 1[0m
[1;92m[+] [0mEnabled environment variable AFL_DEBUG_CHILD with value 1[0m
[1;92m[+] [0mEnabled environment variable AFL_IGNORE_PROBLEMS with value 1[0m
[1;92m[+] [0mEnabled environment variable AFL_SKIP_CPUFREQ with value 1[0m
[1;94m[*] [0mSpinning up the fork server...[0m
[1;92m[+] [0mAll right - new fork server model v1 is up.[0m
[1;94m[*] [0mTarget map size: 223[0m
TokenBucket1_fuzz: /Dualis/scripts/../benchmarks/ContextualHornICE_working_temp/TokenBucket1/TokenBucket1_fuzz.cpp:64: int main(int, char **): Assertion `expr_consume' failed.
TokenBucket1_fuzz: /Dualis/scripts/../benchmarks/ContextualHornICE_working_temp/TokenBucket1/TokenBucket1_fuzz.cpp:64: int main(int, char **): Assertion `expr_consume' failed.
TokenBucket1_fuzz: /Dualis/scripts/../benchmarks/ContextualHornICE_working_temp/TokenBucket1/TokenBucket1_fuzz.cpp:64: int main(int, char **): Assertion `expr_consume' failed.
TokenBucket1_fuzz: /Dualis/scripts/../benchmarks/ContextualHornICE_working_temp/TokenBucket1/TokenBucket1_fuzz.cpp:64: int main(int, char **): Assertion `expr_consume' failed.

   -> Checking fuzzing outputs for counterexamples...
Checking crashes
Checking queue
   -> Found 4 crash reports. Testing reproducibility...
   -> CRASH REPRODUCED with id:000001,time:0,execs:0,orig:2ins
   -> CRASH REPRODUCED with id:000000,time:0,execs:0,orig:2fin
   -> CRASH REPRODUCED with id:000003,time:0,execs:0,orig:insfin
   -> CRASH REPRODUCED with id:000002,time:0,execs:0,orig:finins
Checking hangs
   -> Converting counterexamples for 'TokenBucket1'...
      -> Found and validated 2 new rules.
   -> Updating CHC file with new counterexamples...

=============== Artifacts This Iteration ===============

--- Generated Specs ---
  generateTokens: (((b_size - avai_tokens1) <= 0) && (b_size > 1))
  inv1: (avai_tokens > (-1))
  consume: (false)

--- New Test Cases Found ---
  (None)

--- Updated CHCs (for next iteration) ---
(declare-var b_size Int)
(declare-var c_rate Int)
(declare-var avai_tokens Int)
(declare-var avai_tokens1 Int)
(declare-var consumed_tokens Int)
(declare-var consumed_tokens1 Int)
(declare-var token_counter Int)
(declare-rel generateTokens (Int Int))
(declare-rel consume (Int Int Int))
(declare-rel inv1 (Int Int Int Int))
(declare-rel fail ())

(rule (=> (and (= c_rate 1) (= avai_tokens 127) (= avai_tokens1 126)) (consume c_rate avai_tokens avai_tokens1)))
(rule (=> (and (= c_rate 2) (= avai_tokens 127) (= avai_tokens1 125)) (consume c_rate avai_tokens avai_tokens1)))

(rule (=> (and (= b_size 127) (= avai_tokens1 127)) (generateTokens b_size avai_tokens1)))
(rule (=> (and (> b_size 0) (> c_rate 0) (>= b_size c_rate) (= consumed_tokens1 0) (generateTokens b_size avai_tokens1)) (inv1 avai_tokens1 b_size c_rate consumed_tokens1)))
(rule (=> (and (inv1 avai_tokens b_size c_rate consumed_tokens)   (>= avai_tokens c_rate) (consume c_rate avai_tokens avai_tokens1) (= consumed_tokens1 (+ consumed_tokens c_rate))) (inv1 avai_tokens1 b_size c_rate consumed_tokens1)))
(rule (=> (and (inv1 avai_tokens b_size c_rate consumed_tokens) (not (>= avai_tokens c_rate)) (not (>= avai_tokens 0))) fail))

(query fail :print-certificate true)
==============================================================
   -> Checking if specs have changed...
      -> CHC files are different. Continuing iteration.

==================== Iteration: 3 ====================
TIMEOUT : 60
   -> Parsing CHC file: /Dualis/scripts/../benchmarks/ContextualHornICE_working_temp/TokenBucket1/TokenBucket1.smt2
   -> Starting HornICE with a 1000-second timeout...
      -> Logging HornICE output to iter_3.log
   -> HornICE completed successfully.
   -> Analyzing HornICE log file: iter_3.log
      -> Found 60 internal iterations.
   -> Writing new specs to harness: TokenBucket1_fuzz.cpp...
      -> Successfully created working copy '/Dualis/scripts/../benchmarks/ContextualHornICE_working_temp/TokenBucket1/TokenBucket1_fuzz.cpp'.
   -> Starting AFL++(TokenBucket1_fuzz) with a 60-second timeout...
   -> Building AFL-instrumented binary: /Dualis/scripts/../benchmarks/ContextualHornICE_working_temp/TokenBucket1/TokenBucket1_fuzz
   -> ERROR: AFL++(TokenBucket1_fuzz) failed with exit code 1.
      AFL++ Error Output:
[1;92m[+] [0mEnabled environment variable AFL_I_DONT_CARE_ABOUT_MISSING_CRASHES with value 1[0m
[1;92m[+] [0mEnabled environment variable AFL_NO_UI with value 1[0m
[1;92m[+] [0mEnabled environment variable AFL_CMPLOG_ONLY_NEW with value 1[0m
[1;92m[+] [0mEnabled environment variable AFL_DEBUG_CHILD with value 1[0m
[1;92m[+] [0mEnabled environment variable AFL_IGNORE_PROBLEMS with value 1[0m
[1;92m[+] [0mEnabled environment variable AFL_SKIP_CPUFREQ with value 1[0m
[1;94m[*] [0mSpinning up the fork server...[0m
[1;92m[+] [0mAll right - new fork server model v1 is up.[0m
[1;94m[*] [0mTarget map size: 226[0m
TokenBucket1_fuzz: /Dualis/scripts/../benchmarks/ContextualHornICE_working_temp/TokenBucket1/TokenBucket1_fuzz.cpp:64: int main(int, char **): Assertion `expr_consume' failed.
TokenBucket1_fuzz: /Dualis/scripts/../benchmarks/ContextualHornICE_working_temp/TokenBucket1/TokenBucket1_fuzz.cpp:64: int main(int, char **): Assertion `expr_consume' failed.
TokenBucket1_fuzz: /Dualis/scripts/../benchmarks/ContextualHornICE_working_temp/TokenBucket1/TokenBucket1_fuzz.cpp:64: int main(int, char **): Assertion `expr_consume' failed.
TokenBucket1_fuzz: /Dualis/scripts/../benchmarks/ContextualHornICE_working_temp/TokenBucket1/TokenBucket1_fuzz.cpp:64: int main(int, char **): Assertion `expr_consume' failed.

   -> Checking fuzzing outputs for counterexamples...
Checking crashes
Checking queue
   -> Found 4 crash reports. Testing reproducibility...
   -> CRASH REPRODUCED with id:000001,time:0,execs:0,orig:2ins
   -> CRASH REPRODUCED with id:000000,time:0,execs:0,orig:2fin
   -> CRASH REPRODUCED with id:000003,time:0,execs:0,orig:insfin
   -> CRASH REPRODUCED with id:000002,time:0,execs:0,orig:finins
Checking hangs
   -> Converting counterexamples for 'TokenBucket1'...
      -> Found and validated 2 new rules.
   -> Updating CHC file with new counterexamples...

=============== Artifacts This Iteration ===============

--- Generated Specs ---
  consume: ((c_rate <= (-1)) || (((c_rate - avai_tokens1) <= (-1)) && (((avai_tokens - c_rate) - avai_tokens1) <= 0) && ((c_rate - avai_tokens) <= (-1)) && (c_rate > (-1))))
  generateTokens: ((b_size - avai_tokens1) <= 0)
  inv1: ((((((avai_tokens + b_size) - c_rate) > 0) && ((b_size - c_rate) <= 0) && ((avai_tokens - c_rate) <= 0)) || ((avai_tokens - c_rate) > 0)) && (c_rate > 0))

--- New Test Cases Found ---
  (None)

--- Updated CHCs (for next iteration) ---
(declare-var b_size Int)
(declare-var c_rate Int)
(declare-var avai_tokens Int)
(declare-var avai_tokens1 Int)
(declare-var consumed_tokens Int)
(declare-var consumed_tokens1 Int)
(declare-var token_counter Int)
(declare-rel generateTokens (Int Int))
(declare-rel consume (Int Int Int))
(declare-rel inv1 (Int Int Int Int))
(declare-rel fail ())

(rule (=> (and (= c_rate 1) (= avai_tokens 2) (= avai_tokens1 1)) (consume c_rate avai_tokens avai_tokens1)))
(rule (=> (and (= c_rate 2) (= avai_tokens 3) (= avai_tokens1 1)) (consume c_rate avai_tokens avai_tokens1)))

(rule (=> (and (= c_rate 1) (= avai_tokens 127) (= avai_tokens1 126)) (consume c_rate avai_tokens avai_tokens1)))
(rule (=> (and (= c_rate 2) (= avai_tokens 127) (= avai_tokens1 125)) (consume c_rate avai_tokens avai_tokens1)))
(rule (=> (and (= b_size 127) (= avai_tokens1 127)) (generateTokens b_size avai_tokens1)))
(rule (=> (and (> b_size 0) (> c_rate 0) (>= b_size c_rate) (= consumed_tokens1 0) (generateTokens b_size avai_tokens1)) (inv1 avai_tokens1 b_size c_rate consumed_tokens1)))
(rule (=> (and (inv1 avai_tokens b_size c_rate consumed_tokens)   (>= avai_tokens c_rate) (consume c_rate avai_tokens avai_tokens1) (= consumed_tokens1 (+ consumed_tokens c_rate))) (inv1 avai_tokens1 b_size c_rate consumed_tokens1)))
(rule (=> (and (inv1 avai_tokens b_size c_rate consumed_tokens) (not (>= avai_tokens c_rate)) (not (>= avai_tokens 0))) fail))

(query fail :print-certificate true)
==============================================================
   -> Checking if specs have changed...
      -> CHC files are different. Continuing iteration.

==================== Iteration: 4 ====================
TIMEOUT : 80
   -> Parsing CHC file: /Dualis/scripts/../benchmarks/ContextualHornICE_working_temp/TokenBucket1/TokenBucket1.smt2
   -> Starting HornICE with a 1000-second timeout...
      -> Logging HornICE output to iter_4.log
   -> HornICE completed successfully.
   -> Analyzing HornICE log file: iter_4.log
      -> Found 50 internal iterations.
   -> Writing new specs to harness: TokenBucket1_fuzz.cpp...
      -> Successfully created working copy '/Dualis/scripts/../benchmarks/ContextualHornICE_working_temp/TokenBucket1/TokenBucket1_fuzz.cpp'.
   -> Starting AFL++(TokenBucket1_fuzz) with a 80-second timeout...
   -> Building AFL-instrumented binary: /Dualis/scripts/../benchmarks/ContextualHornICE_working_temp/TokenBucket1/TokenBucket1_fuzz
   -> AFL++(TokenBucket1_fuzz) finished its fuzzing session.
   -> Checking fuzzing outputs for counterexamples...
Checking crashes
   -> Found 3 crash reports. Testing reproducibility...
   -> CRASH REPRODUCED with id:000001,sig:06,src:000000,time:2729,execs:102,op:havoc,rep:2
   -> CRASH REPRODUCED with id:000000,sig:06,src:000000,time:216,execs:75,op:havoc,rep:3
   -> CRASH REPRODUCED with id:000002,sig:06,src:000000,time:11902,execs:253,op:havoc,rep:4
Checking queue
   -> Found 13 crash reports. Testing reproducibility...
   -> CRASH REPRODUCED with id:000001,time:0,execs:0,orig:2ins
   -> CRASH REPRODUCED with id:000005,src:000000,time:1,execs:27,op:(null),pos:0
   -> CRASH REPRODUCED with id:000002,time:0,execs:0,orig:finins
   -> CRASH REPRODUCED with id:000004,src:000000,time:0,execs:18,op:(null),pos:0,+cov
Checking hangs
   -> Found 1 crash reports. Testing reproducibility...
   -> Converting counterexamples for 'TokenBucket1'...
      -> Found and validated 2 new rules.
   -> Updating CHC file with new counterexamples...

=============== Artifacts This Iteration ===============

--- Generated Specs ---
  consume: ((((avai_tokens - c_rate) - avai_tokens1) <= 0) && (avai_tokens > 1))
  generateTokens: ((b_size - avai_tokens1) <= 0)
  inv1: (avai_tokens > (-1))

--- New Test Cases Found ---
  (None)

--- Updated CHCs (for next iteration) ---
(declare-var b_size Int)
(declare-var c_rate Int)
(declare-var avai_tokens Int)
(declare-var avai_tokens1 Int)
(declare-var consumed_tokens Int)
(declare-var consumed_tokens1 Int)
(declare-var token_counter Int)
(declare-rel generateTokens (Int Int))
(declare-rel consume (Int Int Int))
(declare-rel inv1 (Int Int Int Int))
(declare-rel fail ())

(rule (=> (and (= c_rate 1) (= avai_tokens 1) (= avai_tokens1 0)) (consume c_rate avai_tokens avai_tokens1)))
(rule (=> (and (= c_rate 0) (= avai_tokens 0) (= avai_tokens1 0)) (consume c_rate avai_tokens avai_tokens1)))

(rule (=> (and (= c_rate 1) (= avai_tokens 2) (= avai_tokens1 1)) (consume c_rate avai_tokens avai_tokens1)))
(rule (=> (and (= c_rate 2) (= avai_tokens 3) (= avai_tokens1 1)) (consume c_rate avai_tokens avai_tokens1)))
(rule (=> (and (= c_rate 1) (= avai_tokens 127) (= avai_tokens1 126)) (consume c_rate avai_tokens avai_tokens1)))
(rule (=> (and (= c_rate 2) (= avai_tokens 127) (= avai_tokens1 125)) (consume c_rate avai_tokens avai_tokens1)))
(rule (=> (and (= b_size 127) (= avai_tokens1 127)) (generateTokens b_size avai_tokens1)))
(rule (=> (and (> b_size 0) (> c_rate 0) (>= b_size c_rate) (= consumed_tokens1 0) (generateTokens b_size avai_tokens1)) (inv1 avai_tokens1 b_size c_rate consumed_tokens1)))
(rule (=> (and (inv1 avai_tokens b_size c_rate consumed_tokens)   (>= avai_tokens c_rate) (consume c_rate avai_tokens avai_tokens1) (= consumed_tokens1 (+ consumed_tokens c_rate))) (inv1 avai_tokens1 b_size c_rate consumed_tokens1)))
(rule (=> (and (inv1 avai_tokens b_size c_rate consumed_tokens) (not (>= avai_tokens c_rate)) (not (>= avai_tokens 0))) fail))

(query fail :print-certificate true)
==============================================================
   -> Checking if specs have changed...
      -> CHC files are different. Continuing iteration.

==================== Iteration: 5 ====================
TIMEOUT : 100
   -> Parsing CHC file: /Dualis/scripts/../benchmarks/ContextualHornICE_working_temp/TokenBucket1/TokenBucket1.smt2
   -> Starting HornICE with a 1000-second timeout...
      -> Logging HornICE output to iter_5.log
   -> HornICE completed successfully.
   -> Analyzing HornICE log file: iter_5.log
      -> Found 50 internal iterations.
   -> Writing new specs to harness: TokenBucket1_fuzz.cpp...
      -> Successfully created working copy '/Dualis/scripts/../benchmarks/ContextualHornICE_working_temp/TokenBucket1/TokenBucket1_fuzz.cpp'.
   -> Starting AFL++(TokenBucket1_fuzz) with a 100-second timeout...
   -> Building AFL-instrumented binary: /Dualis/scripts/../benchmarks/ContextualHornICE_working_temp/TokenBucket1/TokenBucket1_fuzz
   -> AFL++(TokenBucket1_fuzz) finished its fuzzing session.
   -> Checking fuzzing outputs for counterexamples...
Checking crashes
Checking queue
   -> Found 13 crash reports. Testing reproducibility...
   -> CRASH REPRODUCED with id:000005,src:000000,time:0,execs:39,op:(null),pos:0
   -> CRASH REPRODUCED with id:000004,src:000000,time:0,execs:30,op:(null),pos:0,+cov
Checking hangs
   -> Found 1 crash reports. Testing reproducibility...
   -> Converting counterexamples for 'TokenBucket1'...
   -> Updating CHC file with new counterexamples...

=============== Artifacts This Iteration ===============

--- Generated Specs ---
  consume: (((avai_tokens - c_rate) - avai_tokens1) <= 0)
  generateTokens: ((b_size - avai_tokens1) <= 0)
  inv1: (avai_tokens > (-1))

--- New Test Cases Found ---
  (None)

--- Updated CHCs (for next iteration) ---
(declare-var b_size Int)
(declare-var c_rate Int)
(declare-var avai_tokens Int)
(declare-var avai_tokens1 Int)
(declare-var consumed_tokens Int)
(declare-var consumed_tokens1 Int)
(declare-var token_counter Int)
(declare-rel generateTokens (Int Int))
(declare-rel consume (Int Int Int))
(declare-rel inv1 (Int Int Int Int))
(declare-rel fail ())


(rule (=> (and (= c_rate 1) (= avai_tokens 1) (= avai_tokens1 0)) (consume c_rate avai_tokens avai_tokens1)))
(rule (=> (and (= c_rate 0) (= avai_tokens 0) (= avai_tokens1 0)) (consume c_rate avai_tokens avai_tokens1)))
(rule (=> (and (= c_rate 1) (= avai_tokens 2) (= avai_tokens1 1)) (consume c_rate avai_tokens avai_tokens1)))
(rule (=> (and (= c_rate 2) (= avai_tokens 3) (= avai_tokens1 1)) (consume c_rate avai_tokens avai_tokens1)))
(rule (=> (and (= c_rate 1) (= avai_tokens 127) (= avai_tokens1 126)) (consume c_rate avai_tokens avai_tokens1)))
(rule (=> (and (= c_rate 2) (= avai_tokens 127) (= avai_tokens1 125)) (consume c_rate avai_tokens avai_tokens1)))
(rule (=> (and (= b_size 127) (= avai_tokens1 127)) (generateTokens b_size avai_tokens1)))
(rule (=> (and (> b_size 0) (> c_rate 0) (>= b_size c_rate) (= consumed_tokens1 0) (generateTokens b_size avai_tokens1)) (inv1 avai_tokens1 b_size c_rate consumed_tokens1)))
(rule (=> (and (inv1 avai_tokens b_size c_rate consumed_tokens)   (>= avai_tokens c_rate) (consume c_rate avai_tokens avai_tokens1) (= consumed_tokens1 (+ consumed_tokens c_rate))) (inv1 avai_tokens1 b_size c_rate consumed_tokens1)))
(rule (=> (and (inv1 avai_tokens b_size c_rate consumed_tokens) (not (>= avai_tokens c_rate)) (not (>= avai_tokens 0))) fail))

(query fail :print-certificate true)
==============================================================
   -> Checking if specs have changed...
      -> CHC files are different. Continuing iteration.

==================== Iteration: 6 ====================
TIMEOUT : 120
   -> Parsing CHC file: /Dualis/scripts/../benchmarks/ContextualHornICE_working_temp/TokenBucket1/TokenBucket1.smt2
   -> Starting HornICE with a 1000-second timeout...
      -> Logging HornICE output to iter_6.log
   -> HornICE completed successfully.
   -> Analyzing HornICE log file: iter_6.log
      -> Found 50 internal iterations.
   -> Writing new specs to harness: TokenBucket1_fuzz.cpp...
      -> Successfully created working copy '/Dualis/scripts/../benchmarks/ContextualHornICE_working_temp/TokenBucket1/TokenBucket1_fuzz.cpp'.
   -> Starting AFL++(TokenBucket1_fuzz) with a 120-second timeout...
   -> Building AFL-instrumented binary: /Dualis/scripts/../benchmarks/ContextualHornICE_working_temp/TokenBucket1/TokenBucket1_fuzz
   -> AFL++(TokenBucket1_fuzz) finished its fuzzing session.
   -> Checking fuzzing outputs for counterexamples...
Checking crashes
Checking queue
   -> Found 12 crash reports. Testing reproducibility...
   -> CRASH REPRODUCED with id:000004,src:000000,time:1,execs:30,op:(null),pos:0,+cov
   -> CRASH REPRODUCED with id:000005,src:000000,time:1,execs:39,op:(null),pos:0
Checking hangs
   -> Found 1 crash reports. Testing reproducibility...
   -> Converting counterexamples for 'TokenBucket1'...
   -> Updating CHC file with new counterexamples...

=============== Artifacts This Iteration ===============

--- Generated Specs ---
  consume: (((avai_tokens - c_rate) - avai_tokens1) <= 0)
  generateTokens: ((b_size - avai_tokens1) <= 0)
  inv1: (avai_tokens > (-1))

--- New Test Cases Found ---
  (None)

--- Updated CHCs (for next iteration) ---
(declare-var b_size Int)
(declare-var c_rate Int)
(declare-var avai_tokens Int)
(declare-var avai_tokens1 Int)
(declare-var consumed_tokens Int)
(declare-var consumed_tokens1 Int)
(declare-var token_counter Int)
(declare-rel generateTokens (Int Int))
(declare-rel consume (Int Int Int))
(declare-rel inv1 (Int Int Int Int))
(declare-rel fail ())


(rule (=> (and (= c_rate 1) (= avai_tokens 1) (= avai_tokens1 0)) (consume c_rate avai_tokens avai_tokens1)))
(rule (=> (and (= c_rate 0) (= avai_tokens 0) (= avai_tokens1 0)) (consume c_rate avai_tokens avai_tokens1)))
(rule (=> (and (= c_rate 1) (= avai_tokens 2) (= avai_tokens1 1)) (consume c_rate avai_tokens avai_tokens1)))
(rule (=> (and (= c_rate 2) (= avai_tokens 3) (= avai_tokens1 1)) (consume c_rate avai_tokens avai_tokens1)))
(rule (=> (and (= c_rate 1) (= avai_tokens 127) (= avai_tokens1 126)) (consume c_rate avai_tokens avai_tokens1)))
(rule (=> (and (= c_rate 2) (= avai_tokens 127) (= avai_tokens1 125)) (consume c_rate avai_tokens avai_tokens1)))
(rule (=> (and (= b_size 127) (= avai_tokens1 127)) (generateTokens b_size avai_tokens1)))
(rule (=> (and (> b_size 0) (> c_rate 0) (>= b_size c_rate) (= consumed_tokens1 0) (generateTokens b_size avai_tokens1)) (inv1 avai_tokens1 b_size c_rate consumed_tokens1)))
(rule (=> (and (inv1 avai_tokens b_size c_rate consumed_tokens)   (>= avai_tokens c_rate) (consume c_rate avai_tokens avai_tokens1) (= consumed_tokens1 (+ consumed_tokens c_rate))) (inv1 avai_tokens1 b_size c_rate consumed_tokens1)))
(rule (=> (and (inv1 avai_tokens b_size c_rate consumed_tokens) (not (>= avai_tokens c_rate)) (not (>= avai_tokens 0))) fail))

(query fail :print-certificate true)
==============================================================
   -> Checking if specs have changed...
      -> CHC files are identical. Pipeline has converged.
   -> 15-minute deep fuzzing converged. Pipeline complete.

==================== Finalizing Pipeline ====================

====================== Pipeline Finished =====================
Total External Iterations: 6
Total Unique Test Cases Found: 7
Total Internal Iterations: 229
  - Min: 2
  - Max: 60
  - Avg: 38.17
pipeline.run() took 0.0904 seconds.
Running command: /usr/bin/python3 chcverifynfuzz.py ContextualHornICE TokenBucket1
PID: 607030
========================================

