(declare-rel insertHead (Int Int Int))
(declare-rel inv1 (Int Int Int))
(declare-rel inv2 (Int Int Int))
(declare-rel fail ())
(declare-rel popHead (Int Int Int))
(declare-var A Int)
(declare-var B Int)
(declare-var C Int)
(declare-var D Int)
(declare-var E Int)
(declare-var F Int)
(rule (=> (and (= C 1) (= B 5) (= A 6)) (insertHead C B A)))
(rule (=> (and (= C 64) (= B 13) (= A 14)) (insertHead C B A)))
(rule (=> (and (= C 2) (= B 13) (= A 14)) (insertHead C B A)))
(rule (=> (and (= C 2) (= B 0) (= A 1)) (insertHead C B A)))
(rule (=> (and (= C 2) (= B 1) (= A 2)) (insertHead C B A)))
(rule (=> (and (= C 2) (= B 12) (= A 13)) (insertHead C B A)))
(rule (=> (and (= C 5) (= B 112) (= A 4)) (popHead C B A)))
(rule (=> (and (= C 0) (= B 128) (= A 0)) (popHead C B A)))
(rule (=> (and (= C 2) (= B (- 12)) (= A 1)) (popHead C B A)))
(rule (=> (and (= C 11) (= B (- 105)) (= A 10)) (popHead C B A)))
(rule (=> (and (= C 1) (= B 2) (= A 0)) (popHead C B A)))
(rule (=> (and (= C 7) (= B (- 126)) (= A 6)) (popHead C B A)))
(rule (=> (and (> B 0) (= C 0) (= A 0)) (inv1 C B A)))
(rule (=> (and (inv1 D B E) (< D B) (insertHead D E A) (= C (+ D 1))) (inv1 C B A)))
(rule (=> (and (inv1 D A C) (not (< D A)) (= B 0)) (inv2 C B A)))
(rule (=> (and (inv2 F D A) (not (= F 0)) (popHead F E C) (= B (+ D 1))) (inv2 C B A)))
(rule (=> (and (inv2 C B A) (= C 0) (not (= B A))) fail))


Read 17 rules and 1 queries (1)

---------- Query 0 ----------
(fail@ true)
SMTlIB :: expr : (fail@ true)
SMTlIB :: expr_decl : (declare-fun fail@ (Bool) Bool)
chc_declarations: (declare-fun fail@ (Bool) Bool)

---------- Rule 0 ----------
(forall ((k Int) (len Int) (len1 Int))
  (=> (and (= k 1) (= len 5) (= len1 6)) (insertHead k len len1)))
SMTlIB :: expr : (insertHead k!2 k!1 k!0)
SMTlIB :: expr_decl : (declare-fun insertHead (Int Int Int) Bool)

---------- Rule 1 ----------
(forall ((k Int) (len Int) (len1 Int))
  (=> (and (= k 64) (= len 13) (= len1 14)) (insertHead k len len1)))
SMTlIB :: expr : (insertHead k!5 k!4 k!3)
SMTlIB :: expr_decl : (declare-fun insertHead (Int Int Int) Bool)

---------- Rule 2 ----------
(forall ((k Int) (len Int) (len1 Int))
  (=> (and (= k 2) (= len 13) (= len1 14)) (insertHead k len len1)))
SMTlIB :: expr : (insertHead k!8 k!7 k!6)
SMTlIB :: expr_decl : (declare-fun insertHead (Int Int Int) Bool)

---------- Rule 3 ----------
(forall ((k Int) (len Int) (len1 Int))
  (=> (and (= k 2) (= len 0) (= len1 1)) (insertHead k len len1)))
SMTlIB :: expr : (insertHead k!11 k!10 k!9)
SMTlIB :: expr_decl : (declare-fun insertHead (Int Int Int) Bool)

---------- Rule 4 ----------
(forall ((k Int) (len Int) (len1 Int))
  (=> (and (= k 2) (= len 1) (= len1 2)) (insertHead k len len1)))
SMTlIB :: expr : (insertHead k!14 k!13 k!12)
SMTlIB :: expr_decl : (declare-fun insertHead (Int Int Int) Bool)

---------- Rule 5 ----------
(forall ((k Int) (len Int) (len1 Int))
  (=> (and (= k 2) (= len 12) (= len1 13)) (insertHead k len len1)))
SMTlIB :: expr : (insertHead k!17 k!16 k!15)
SMTlIB :: expr_decl : (declare-fun insertHead (Int Int Int) Bool)

---------- Rule 6 ----------
(forall ((len Int) (ret1 Int) (len1 Int))
  (=> (and (= len 5) (= ret1 112) (= len1 4)) (popHead len ret1 len1)))
SMTlIB :: expr : (popHead k!20 k!19 k!18)
SMTlIB :: expr_decl : (declare-fun popHead (Int Int Int) Bool)

---------- Rule 7 ----------
(forall ((len Int) (ret1 Int) (len1 Int))
  (=> (and (= len 0) (= ret1 128) (= len1 0)) (popHead len ret1 len1)))
SMTlIB :: expr : (popHead k!23 k!22 k!21)
SMTlIB :: expr_decl : (declare-fun popHead (Int Int Int) Bool)

---------- Rule 8 ----------
(forall ((len Int) (ret1 Int) (len1 Int))
  (=> (and (= len 2) (= ret1 (- 12)) (= len1 1)) (popHead len ret1 len1)))
SMTlIB :: expr : (popHead k!26 k!25 k!24)
SMTlIB :: expr_decl : (declare-fun popHead (Int Int Int) Bool)

---------- Rule 9 ----------
(forall ((len Int) (ret1 Int) (len1 Int))
  (=> (and (= len 11) (= ret1 (- 105)) (= len1 10)) (popHead len ret1 len1)))
SMTlIB :: expr : (popHead k!29 k!28 k!27)
SMTlIB :: expr_decl : (declare-fun popHead (Int Int Int) Bool)

---------- Rule 10 ----------
(forall ((len Int) (ret1 Int) (len1 Int))
  (=> (and (= len 1) (= ret1 2) (= len1 0)) (popHead len ret1 len1)))
SMTlIB :: expr : (popHead k!32 k!31 k!30)
SMTlIB :: expr_decl : (declare-fun popHead (Int Int Int) Bool)

---------- Rule 11 ----------
(forall ((len Int) (ret1 Int) (len1 Int))
  (=> (and (= len 7) (= ret1 (- 126)) (= len1 6)) (popHead len ret1 len1)))
SMTlIB :: expr : (popHead k!35 k!34 k!33)
SMTlIB :: expr_decl : (declare-fun popHead (Int Int Int) Bool)

---------- Rule 12 ----------
(forall ((k1 Int) (N Int) (len1 Int))
  (=> (and (> N 0) (= k1 0) (= len1 0)) (inv1 k1 N len1)))
SMTlIB :: expr : (inv1 k!38 k!37 k!36)
SMTlIB :: expr_decl : (declare-fun inv1 (Int Int Int) Bool)

---------- Rule 13 ----------
(forall ((len Int) (k Int) (k1 Int) (N Int) (len1 Int))
  (=> (and (inv1 k N len) (< k N) (insertHead k len len1) (= k1 (+ k 1)))
      (inv1 k1 N len1)))
SMTlIB :: expr : (inv1 k!42 k!40 k!43)
SMTlIB :: expr_decl : (declare-fun inv1 (Int Int Int) Bool)
SMTlIB :: expr : (insertHead k!42 k!43 k!39)
SMTlIB :: expr_decl : (declare-fun insertHead (Int Int Int) Bool)
SMTlIB :: expr : (inv1 k!41 k!40 k!39)
SMTlIB :: expr_decl : (declare-fun inv1 (Int Int Int) Bool)

---------- Rule 14 ----------
(forall ((k Int) (len Int) (items_processed Int) (N Int))
  (=> (and (inv1 k N len) (not (< k N)) (= items_processed 0))
      (inv2 len items_processed N)))
SMTlIB :: expr : (inv1 k!47 k!44 k!46)
SMTlIB :: expr_decl : (declare-fun inv1 (Int Int Int) Bool)
SMTlIB :: expr : (inv2 k!46 k!45 k!44)
SMTlIB :: expr_decl : (declare-fun inv2 (Int Int Int) Bool)

---------- Rule 15 ----------
(forall ((len Int)
         (ret1 Int)
         (items_processed Int)
         (len1 Int)
         (items_processed1 Int)
         (N Int))
  (=> (and (inv2 len items_processed N)
           (not (= len 0))
           (popHead len ret1 len1)
           (= items_processed1 (+ items_processed 1)))
      (inv2 len1 items_processed1 N)))
SMTlIB :: expr : (inv2 k!53 k!51 k!48)
SMTlIB :: expr_decl : (declare-fun inv2 (Int Int Int) Bool)
SMTlIB :: expr : (popHead k!53 k!52 k!50)
SMTlIB :: expr_decl : (declare-fun popHead (Int Int Int) Bool)
SMTlIB :: expr : (inv2 k!50 k!49 k!48)
SMTlIB :: expr_decl : (declare-fun inv2 (Int Int Int) Bool)

---------- Rule 16 ----------
(forall ((len Int) (items_processed Int) (N Int))
  (=> (and (inv2 len items_processed N) (= len 0) (not (= items_processed N)))
      (fail@ true)))
SMTlIB :: expr : (inv2 k!56 k!55 k!54)
SMTlIB :: expr_decl : (declare-fun inv2 (Int Int Int) Bool)
SMTlIB :: expr : (fail@ true)
SMTlIB :: expr_decl : (declare-fun fail@ (Bool) Bool)

 Printing processed queries 
main::parsed 
---------- Relations to synthesize ----------
(declare-fun inv2 (Int Int Int) Bool)
(declare-fun inv1 (Int Int Int) Bool)
(declare-fun popHead (Int Int Int) Bool)
(declare-fun fail@ (Bool) Bool)
(declare-fun insertHead (Int Int Int) Bool)
---------- CHCs ----------
 -- CHC
(not (fail@ true))
 -- Uninterpreted predicates
(declare-fun fail@ (Bool) Bool)
 -- LHS
(fail@ true)
 -- RHS

 -- CHC
(=> (and (= k!2 1) (= k!1 5) (= k!0 6)) (insertHead k!2 k!1 k!0))
 -- Uninterpreted predicates
(declare-fun insertHead (Int Int Int) Bool)
 -- LHS
 -- RHS
(insertHead k!2 k!1 k!0)

 -- CHC
(=> (and (= k!5 64) (= k!4 13) (= k!3 14)) (insertHead k!5 k!4 k!3))
 -- Uninterpreted predicates
(declare-fun insertHead (Int Int Int) Bool)
 -- LHS
 -- RHS
(insertHead k!5 k!4 k!3)

 -- CHC
(=> (and (= k!8 2) (= k!7 13) (= k!6 14)) (insertHead k!8 k!7 k!6))
 -- Uninterpreted predicates
(declare-fun insertHead (Int Int Int) Bool)
 -- LHS
 -- RHS
(insertHead k!8 k!7 k!6)

 -- CHC
(=> (and (= k!11 2) (= k!10 0) (= k!9 1)) (insertHead k!11 k!10 k!9))
 -- Uninterpreted predicates
(declare-fun insertHead (Int Int Int) Bool)
 -- LHS
 -- RHS
(insertHead k!11 k!10 k!9)

 -- CHC
(=> (and (= k!14 2) (= k!13 1) (= k!12 2)) (insertHead k!14 k!13 k!12))
 -- Uninterpreted predicates
(declare-fun insertHead (Int Int Int) Bool)
 -- LHS
 -- RHS
(insertHead k!14 k!13 k!12)

 -- CHC
(=> (and (= k!17 2) (= k!16 12) (= k!15 13)) (insertHead k!17 k!16 k!15))
 -- Uninterpreted predicates
(declare-fun insertHead (Int Int Int) Bool)
 -- LHS
 -- RHS
(insertHead k!17 k!16 k!15)

 -- CHC
(=> (and (= k!20 5) (= k!19 112) (= k!18 4)) (popHead k!20 k!19 k!18))
 -- Uninterpreted predicates
(declare-fun popHead (Int Int Int) Bool)
 -- LHS
 -- RHS
(popHead k!20 k!19 k!18)

 -- CHC
(=> (and (= k!23 0) (= k!22 128) (= k!21 0)) (popHead k!23 k!22 k!21))
 -- Uninterpreted predicates
(declare-fun popHead (Int Int Int) Bool)
 -- LHS
 -- RHS
(popHead k!23 k!22 k!21)

 -- CHC
(=> (and (= k!26 2) (= k!25 (- 12)) (= k!24 1)) (popHead k!26 k!25 k!24))
 -- Uninterpreted predicates
(declare-fun popHead (Int Int Int) Bool)
 -- LHS
 -- RHS
(popHead k!26 k!25 k!24)

 -- CHC
(=> (and (= k!29 11) (= k!28 (- 105)) (= k!27 10)) (popHead k!29 k!28 k!27))
 -- Uninterpreted predicates
(declare-fun popHead (Int Int Int) Bool)
 -- LHS
 -- RHS
(popHead k!29 k!28 k!27)

 -- CHC
(=> (and (= k!32 1) (= k!31 2) (= k!30 0)) (popHead k!32 k!31 k!30))
 -- Uninterpreted predicates
(declare-fun popHead (Int Int Int) Bool)
 -- LHS
 -- RHS
(popHead k!32 k!31 k!30)

 -- CHC
(=> (and (= k!35 7) (= k!34 (- 126)) (= k!33 6)) (popHead k!35 k!34 k!33))
 -- Uninterpreted predicates
(declare-fun popHead (Int Int Int) Bool)
 -- LHS
 -- RHS
(popHead k!35 k!34 k!33)

 -- CHC
(=> (and (> k!37 0) (= k!38 0) (= k!36 0)) (inv1 k!38 k!37 k!36))
 -- Uninterpreted predicates
(declare-fun inv1 (Int Int Int) Bool)
 -- LHS
 -- RHS
(inv1 k!38 k!37 k!36)

 -- CHC
(=> (and (inv1 k!42 k!40 k!43)
         (< k!42 k!40)
         (insertHead k!42 k!43 k!39)
         (= k!41 (+ k!42 1)))
    (inv1 k!41 k!40 k!39))
 -- Uninterpreted predicates
(declare-fun insertHead (Int Int Int) Bool)
(declare-fun inv1 (Int Int Int) Bool)
 -- LHS
(insertHead k!42 k!43 k!39)
(inv1 k!42 k!40 k!43)
 -- RHS
(inv1 k!41 k!40 k!39)

 -- CHC
(=> (and (inv1 k!47 k!44 k!46) (not (< k!47 k!44)) (= k!45 0))
    (inv2 k!46 k!45 k!44))
 -- Uninterpreted predicates
(declare-fun inv2 (Int Int Int) Bool)
(declare-fun inv1 (Int Int Int) Bool)
 -- LHS
(inv1 k!47 k!44 k!46)
 -- RHS
(inv2 k!46 k!45 k!44)

 -- CHC
(=> (and (inv2 k!53 k!51 k!48)
         (not (= k!53 0))
         (popHead k!53 k!52 k!50)
         (= k!49 (+ k!51 1)))
    (inv2 k!50 k!49 k!48))
 -- Uninterpreted predicates
(declare-fun popHead (Int Int Int) Bool)
(declare-fun inv2 (Int Int Int) Bool)
 -- LHS
(popHead k!53 k!52 k!50)
(inv2 k!53 k!51 k!48)
 -- RHS
(inv2 k!50 k!49 k!48)

 -- CHC
(=> (and (inv2 k!56 k!55 k!54) (= k!56 0) (not (= k!55 k!54))) (fail@ true))
 -- Uninterpreted predicates
(declare-fun fail@ (Bool) Bool)
(declare-fun inv2 (Int Int Int) Bool)
 -- LHS
(inv2 k!56 k!55 k!54)
 -- RHS
(fail@ true)


Printing parse CHCs and relations
chc ::  -- CHC
(not (fail@ true))
 -- Uninterpreted predicates
(declare-fun fail@ (Bool) Bool)
 -- LHS
(fail@ true)
 -- RHS

chc ::  -- CHC
(=> (and (= k!2 1) (= k!1 5) (= k!0 6)) (insertHead k!2 k!1 k!0))
 -- Uninterpreted predicates
(declare-fun insertHead (Int Int Int) Bool)
 -- LHS
 -- RHS
(insertHead k!2 k!1 k!0)

chc ::  -- CHC
(=> (and (= k!5 64) (= k!4 13) (= k!3 14)) (insertHead k!5 k!4 k!3))
 -- Uninterpreted predicates
(declare-fun insertHead (Int Int Int) Bool)
 -- LHS
 -- RHS
(insertHead k!5 k!4 k!3)

chc ::  -- CHC
(=> (and (= k!8 2) (= k!7 13) (= k!6 14)) (insertHead k!8 k!7 k!6))
 -- Uninterpreted predicates
(declare-fun insertHead (Int Int Int) Bool)
 -- LHS
 -- RHS
(insertHead k!8 k!7 k!6)

chc ::  -- CHC
(=> (and (= k!11 2) (= k!10 0) (= k!9 1)) (insertHead k!11 k!10 k!9))
 -- Uninterpreted predicates
(declare-fun insertHead (Int Int Int) Bool)
 -- LHS
 -- RHS
(insertHead k!11 k!10 k!9)

chc ::  -- CHC
(=> (and (= k!14 2) (= k!13 1) (= k!12 2)) (insertHead k!14 k!13 k!12))
 -- Uninterpreted predicates
(declare-fun insertHead (Int Int Int) Bool)
 -- LHS
 -- RHS
(insertHead k!14 k!13 k!12)

chc ::  -- CHC
(=> (and (= k!17 2) (= k!16 12) (= k!15 13)) (insertHead k!17 k!16 k!15))
 -- Uninterpreted predicates
(declare-fun insertHead (Int Int Int) Bool)
 -- LHS
 -- RHS
(insertHead k!17 k!16 k!15)

chc ::  -- CHC
(=> (and (= k!20 5) (= k!19 112) (= k!18 4)) (popHead k!20 k!19 k!18))
 -- Uninterpreted predicates
(declare-fun popHead (Int Int Int) Bool)
 -- LHS
 -- RHS
(popHead k!20 k!19 k!18)

chc ::  -- CHC
(=> (and (= k!23 0) (= k!22 128) (= k!21 0)) (popHead k!23 k!22 k!21))
 -- Uninterpreted predicates
(declare-fun popHead (Int Int Int) Bool)
 -- LHS
 -- RHS
(popHead k!23 k!22 k!21)

chc ::  -- CHC
(=> (and (= k!26 2) (= k!25 (- 12)) (= k!24 1)) (popHead k!26 k!25 k!24))
 -- Uninterpreted predicates
(declare-fun popHead (Int Int Int) Bool)
 -- LHS
 -- RHS
(popHead k!26 k!25 k!24)

chc ::  -- CHC
(=> (and (= k!29 11) (= k!28 (- 105)) (= k!27 10)) (popHead k!29 k!28 k!27))
 -- Uninterpreted predicates
(declare-fun popHead (Int Int Int) Bool)
 -- LHS
 -- RHS
(popHead k!29 k!28 k!27)

chc ::  -- CHC
(=> (and (= k!32 1) (= k!31 2) (= k!30 0)) (popHead k!32 k!31 k!30))
 -- Uninterpreted predicates
(declare-fun popHead (Int Int Int) Bool)
 -- LHS
 -- RHS
(popHead k!32 k!31 k!30)

chc ::  -- CHC
(=> (and (= k!35 7) (= k!34 (- 126)) (= k!33 6)) (popHead k!35 k!34 k!33))
 -- Uninterpreted predicates
(declare-fun popHead (Int Int Int) Bool)
 -- LHS
 -- RHS
(popHead k!35 k!34 k!33)

chc ::  -- CHC
(=> (and (> k!37 0) (= k!38 0) (= k!36 0)) (inv1 k!38 k!37 k!36))
 -- Uninterpreted predicates
(declare-fun inv1 (Int Int Int) Bool)
 -- LHS
 -- RHS
(inv1 k!38 k!37 k!36)

chc ::  -- CHC
(=> (and (inv1 k!42 k!40 k!43)
         (< k!42 k!40)
         (insertHead k!42 k!43 k!39)
         (= k!41 (+ k!42 1)))
    (inv1 k!41 k!40 k!39))
 -- Uninterpreted predicates
(declare-fun insertHead (Int Int Int) Bool)
(declare-fun inv1 (Int Int Int) Bool)
 -- LHS
(insertHead k!42 k!43 k!39)
(inv1 k!42 k!40 k!43)
 -- RHS
(inv1 k!41 k!40 k!39)

chc ::  -- CHC
(=> (and (inv1 k!47 k!44 k!46) (not (< k!47 k!44)) (= k!45 0))
    (inv2 k!46 k!45 k!44))
 -- Uninterpreted predicates
(declare-fun inv2 (Int Int Int) Bool)
(declare-fun inv1 (Int Int Int) Bool)
 -- LHS
(inv1 k!47 k!44 k!46)
 -- RHS
(inv2 k!46 k!45 k!44)

chc ::  -- CHC
(=> (and (inv2 k!53 k!51 k!48)
         (not (= k!53 0))
         (popHead k!53 k!52 k!50)
         (= k!49 (+ k!51 1)))
    (inv2 k!50 k!49 k!48))
 -- Uninterpreted predicates
(declare-fun popHead (Int Int Int) Bool)
(declare-fun inv2 (Int Int Int) Bool)
 -- LHS
(popHead k!53 k!52 k!50)
(inv2 k!53 k!51 k!48)
 -- RHS
(inv2 k!50 k!49 k!48)

chc ::  -- CHC
(=> (and (inv2 k!56 k!55 k!54) (= k!56 0) (not (= k!55 k!54))) (fail@ true))
 -- Uninterpreted predicates
(declare-fun fail@ (Bool) Bool)
(declare-fun inv2 (Int Int Int) Bool)
 -- LHS
(inv2 k!56 k!55 k!54)
 -- RHS
(fail@ true)

rel :: (declare-fun inv2 (Int Int Int) Bool)
rel :: (declare-fun inv1 (Int Int Int) Bool)
rel :: (declare-fun popHead (Int Int Int) Bool)
rel :: (declare-fun fail@ (Bool) Bool)
rel :: (declare-fun insertHead (Int Int Int) Bool)
In learn2
In learner_interface
In configure_learner
learner_interface:: relations in the CHCs : 
(declare-fun inv2 (Int Int Int) Bool)
(declare-fun inv1 (Int Int Int) Bool)
(declare-fun popHead (Int Int Int) Bool)
(declare-fun fail@ (Bool) Bool)
(declare-fun insertHead (Int Int Int) Bool)
learner_interface :: Relation : (declare-fun inv2 (Int Int Int) Bool) is mapped to CatID :  0
learner_interfaceCatID : 0 is mapped to Relation : (declare-fun inv2 (Int Int Int) Bool)
learner_interfaceRelation : (declare-fun inv2 (Int Int Int) Bool) is mapped to baseval :  0
Attribute Identifier : 1 attribute : inv2#0Int
add_integer_attribute::Integer Attribute::inv2#0
Attribute Identifier : 2 attribute : inv2#1Int
add_integer_attribute::Integer Attribute::inv2#1
Attribute Identifier : 3 attribute : inv2#2Int
add_integer_attribute::Integer Attribute::inv2#2
add_integer_attribute::Integer Attribute::|inv2#0|+|inv2#1|+|inv2#2|
learner_interfaceDerived Attribute Identifier : 4 Derived attribute : (+ |inv2#0| |inv2#1| |inv2#2|)
add_integer_attribute::Integer Attribute::|inv2#0|-|inv2#1|-|inv2#2|
learner_interfaceDerived Attribute Identifier : 5 Derived attribute : (- (- |inv2#0| |inv2#1|) |inv2#2|)
add_integer_attribute::Integer Attribute::|inv2#0|+|inv2#1|-|inv2#2|
learner_interfaceDerived Attribute Identifier : 6 Derived attribute : (- (+ |inv2#0| |inv2#1|) |inv2#2|)
add_integer_attribute::Integer Attribute::|inv2#0|-|inv2#1|+|inv2#2|
learner_interfaceDerived Attribute Identifier : 7 Derived attribute : (+ (- |inv2#0| |inv2#1|) |inv2#2|)
add_integer_attribute::Integer Attribute::|inv2#0|+|inv2#2|+|inv2#1|
learner_interfaceDerived Attribute Identifier : 8 Derived attribute : (+ |inv2#0| |inv2#2| |inv2#1|)
add_integer_attribute::Integer Attribute::|inv2#0|-|inv2#2|-|inv2#1|
learner_interfaceDerived Attribute Identifier : 9 Derived attribute : (- (- |inv2#0| |inv2#2|) |inv2#1|)
add_integer_attribute::Integer Attribute::|inv2#0|+|inv2#2|-|inv2#1|
learner_interfaceDerived Attribute Identifier : 10 Derived attribute : (- (+ |inv2#0| |inv2#2|) |inv2#1|)
add_integer_attribute::Integer Attribute::|inv2#0|-|inv2#2|+|inv2#1|
learner_interfaceDerived Attribute Identifier : 11 Derived attribute : (+ (- |inv2#0| |inv2#2|) |inv2#1|)
add_integer_attribute::Integer Attribute::|inv2#1|+|inv2#0|+|inv2#2|
learner_interfaceDerived Attribute Identifier : 12 Derived attribute : (+ |inv2#1| |inv2#0| |inv2#2|)
add_integer_attribute::Integer Attribute::|inv2#1|-|inv2#0|-|inv2#2|
learner_interfaceDerived Attribute Identifier : 13 Derived attribute : (- (- |inv2#1| |inv2#0|) |inv2#2|)
add_integer_attribute::Integer Attribute::|inv2#1|+|inv2#0|-|inv2#2|
learner_interfaceDerived Attribute Identifier : 14 Derived attribute : (- (+ |inv2#1| |inv2#0|) |inv2#2|)
add_integer_attribute::Integer Attribute::|inv2#1|-|inv2#0|+|inv2#2|
learner_interfaceDerived Attribute Identifier : 15 Derived attribute : (+ (- |inv2#1| |inv2#0|) |inv2#2|)
add_integer_attribute::Integer Attribute::|inv2#1|+|inv2#2|+|inv2#0|
learner_interfaceDerived Attribute Identifier : 16 Derived attribute : (+ |inv2#1| |inv2#2| |inv2#0|)
add_integer_attribute::Integer Attribute::|inv2#1|-|inv2#2|-|inv2#0|
learner_interfaceDerived Attribute Identifier : 17 Derived attribute : (- (- |inv2#1| |inv2#2|) |inv2#0|)
add_integer_attribute::Integer Attribute::|inv2#1|+|inv2#2|-|inv2#0|
learner_interfaceDerived Attribute Identifier : 18 Derived attribute : (- (+ |inv2#1| |inv2#2|) |inv2#0|)
add_integer_attribute::Integer Attribute::|inv2#1|-|inv2#2|+|inv2#0|
learner_interfaceDerived Attribute Identifier : 19 Derived attribute : (+ (- |inv2#1| |inv2#2|) |inv2#0|)
add_integer_attribute::Integer Attribute::|inv2#2|+|inv2#0|+|inv2#1|
learner_interfaceDerived Attribute Identifier : 20 Derived attribute : (+ |inv2#2| |inv2#0| |inv2#1|)
add_integer_attribute::Integer Attribute::|inv2#2|-|inv2#0|-|inv2#1|
learner_interfaceDerived Attribute Identifier : 21 Derived attribute : (- (- |inv2#2| |inv2#0|) |inv2#1|)
add_integer_attribute::Integer Attribute::|inv2#2|+|inv2#0|-|inv2#1|
learner_interfaceDerived Attribute Identifier : 22 Derived attribute : (- (+ |inv2#2| |inv2#0|) |inv2#1|)
add_integer_attribute::Integer Attribute::|inv2#2|-|inv2#0|+|inv2#1|
learner_interfaceDerived Attribute Identifier : 23 Derived attribute : (+ (- |inv2#2| |inv2#0|) |inv2#1|)
add_integer_attribute::Integer Attribute::|inv2#2|+|inv2#1|+|inv2#0|
learner_interfaceDerived Attribute Identifier : 24 Derived attribute : (+ |inv2#2| |inv2#1| |inv2#0|)
add_integer_attribute::Integer Attribute::|inv2#2|-|inv2#1|-|inv2#0|
learner_interfaceDerived Attribute Identifier : 25 Derived attribute : (- (- |inv2#2| |inv2#1|) |inv2#0|)
add_integer_attribute::Integer Attribute::|inv2#2|+|inv2#1|-|inv2#0|
learner_interfaceDerived Attribute Identifier : 26 Derived attribute : (- (+ |inv2#2| |inv2#1|) |inv2#0|)
add_integer_attribute::Integer Attribute::|inv2#2|-|inv2#1|+|inv2#0|
learner_interfaceDerived Attribute Identifier : 27 Derived attribute : (+ (- |inv2#2| |inv2#1|) |inv2#0|)
add_integer_attribute::Integer Attribute::|inv2#0|+|inv2#2|+|inv2#2|
learner_interfaceDerived Attribute Identifier : 28 Derived attribute : (+ |inv2#0| |inv2#2| |inv2#2|)
add_integer_attribute::Integer Attribute::|inv2#0|-|inv2#2|-|inv2#2|
learner_interfaceDerived Attribute Identifier : 29 Derived attribute : (- (- |inv2#0| |inv2#2|) |inv2#2|)
add_integer_attribute::Integer Attribute::|inv2#0|+|inv2#2|-|inv2#2|
learner_interfaceDerived Attribute Identifier : 30 Derived attribute : (- (+ |inv2#0| |inv2#2|) |inv2#2|)
add_integer_attribute::Integer Attribute::|inv2#0|-|inv2#2|+|inv2#2|
learner_interfaceDerived Attribute Identifier : 31 Derived attribute : (+ (- |inv2#0| |inv2#2|) |inv2#2|)
add_integer_attribute::Integer Attribute::|inv2#2|+|inv2#0|+|inv2#2|
learner_interfaceDerived Attribute Identifier : 32 Derived attribute : (+ |inv2#2| |inv2#0| |inv2#2|)
add_integer_attribute::Integer Attribute::|inv2#2|-|inv2#0|-|inv2#2|
learner_interfaceDerived Attribute Identifier : 33 Derived attribute : (- (- |inv2#2| |inv2#0|) |inv2#2|)
add_integer_attribute::Integer Attribute::|inv2#2|+|inv2#0|-|inv2#2|
learner_interfaceDerived Attribute Identifier : 34 Derived attribute : (- (+ |inv2#2| |inv2#0|) |inv2#2|)
add_integer_attribute::Integer Attribute::|inv2#2|-|inv2#0|+|inv2#2|
learner_interfaceDerived Attribute Identifier : 35 Derived attribute : (+ (- |inv2#2| |inv2#0|) |inv2#2|)
add_integer_attribute::Integer Attribute::|inv2#2|+|inv2#2|+|inv2#0|
learner_interfaceDerived Attribute Identifier : 36 Derived attribute : (+ |inv2#2| |inv2#2| |inv2#0|)
add_integer_attribute::Integer Attribute::|inv2#2|-|inv2#2|-|inv2#0|
learner_interfaceDerived Attribute Identifier : 37 Derived attribute : (- (- |inv2#2| |inv2#2|) |inv2#0|)
add_integer_attribute::Integer Attribute::|inv2#2|+|inv2#2|-|inv2#0|
learner_interfaceDerived Attribute Identifier : 38 Derived attribute : (- (+ |inv2#2| |inv2#2|) |inv2#0|)
add_integer_attribute::Integer Attribute::|inv2#2|-|inv2#2|+|inv2#0|
learner_interfaceDerived Attribute Identifier : 39 Derived attribute : (+ (- |inv2#2| |inv2#2|) |inv2#0|)
add_integer_attribute::Integer Attribute::|inv2#0|+|inv2#1|
learner_interfaceDerived Attribute Identifier : 40 Derived attribute : (+ |inv2#0| |inv2#1|)
add_integer_attribute::Integer Attribute::|inv2#0|-|inv2#1|
learner_interfaceDerived Attribute Identifier : 41 Derived attribute : (- |inv2#0| |inv2#1|)
add_integer_attribute::Integer Attribute::|inv2#0|+|inv2#2|
learner_interfaceDerived Attribute Identifier : 42 Derived attribute : (+ |inv2#0| |inv2#2|)
add_integer_attribute::Integer Attribute::|inv2#0|-|inv2#2|
learner_interfaceDerived Attribute Identifier : 43 Derived attribute : (- |inv2#0| |inv2#2|)
add_integer_attribute::Integer Attribute::|inv2#1|+|inv2#2|
learner_interfaceDerived Attribute Identifier : 44 Derived attribute : (+ |inv2#1| |inv2#2|)
add_integer_attribute::Integer Attribute::|inv2#1|-|inv2#2|
learner_interfaceDerived Attribute Identifier : 45 Derived attribute : (- |inv2#1| |inv2#2|)
learner_interface :: Relation : (declare-fun inv1 (Int Int Int) Bool) is mapped to CatID :  1
learner_interfaceCatID : 1 is mapped to Relation : (declare-fun inv1 (Int Int Int) Bool)
learner_interfaceRelation : (declare-fun inv1 (Int Int Int) Bool) is mapped to baseval :  45
Attribute Identifier : 46 attribute : inv1#0Int
add_integer_attribute::Integer Attribute::inv1#0
Attribute Identifier : 47 attribute : inv1#1Int
add_integer_attribute::Integer Attribute::inv1#1
Attribute Identifier : 48 attribute : inv1#2Int
add_integer_attribute::Integer Attribute::inv1#2
add_integer_attribute::Integer Attribute::|inv1#0|+|inv1#1|+|inv1#2|
learner_interfaceDerived Attribute Identifier : 49 Derived attribute : (+ |inv1#0| |inv1#1| |inv1#2|)
add_integer_attribute::Integer Attribute::|inv1#0|-|inv1#1|-|inv1#2|
learner_interfaceDerived Attribute Identifier : 50 Derived attribute : (- (- |inv1#0| |inv1#1|) |inv1#2|)
add_integer_attribute::Integer Attribute::|inv1#0|+|inv1#1|-|inv1#2|
learner_interfaceDerived Attribute Identifier : 51 Derived attribute : (- (+ |inv1#0| |inv1#1|) |inv1#2|)
add_integer_attribute::Integer Attribute::|inv1#0|-|inv1#1|+|inv1#2|
learner_interfaceDerived Attribute Identifier : 52 Derived attribute : (+ (- |inv1#0| |inv1#1|) |inv1#2|)
add_integer_attribute::Integer Attribute::|inv1#0|+|inv1#2|+|inv1#1|
learner_interfaceDerived Attribute Identifier : 53 Derived attribute : (+ |inv1#0| |inv1#2| |inv1#1|)
add_integer_attribute::Integer Attribute::|inv1#0|-|inv1#2|-|inv1#1|
learner_interfaceDerived Attribute Identifier : 54 Derived attribute : (- (- |inv1#0| |inv1#2|) |inv1#1|)
add_integer_attribute::Integer Attribute::|inv1#0|+|inv1#2|-|inv1#1|
learner_interfaceDerived Attribute Identifier : 55 Derived attribute : (- (+ |inv1#0| |inv1#2|) |inv1#1|)
add_integer_attribute::Integer Attribute::|inv1#0|-|inv1#2|+|inv1#1|
learner_interfaceDerived Attribute Identifier : 56 Derived attribute : (+ (- |inv1#0| |inv1#2|) |inv1#1|)
add_integer_attribute::Integer Attribute::|inv1#1|+|inv1#0|+|inv1#2|
learner_interfaceDerived Attribute Identifier : 57 Derived attribute : (+ |inv1#1| |inv1#0| |inv1#2|)
add_integer_attribute::Integer Attribute::|inv1#1|-|inv1#0|-|inv1#2|
learner_interfaceDerived Attribute Identifier : 58 Derived attribute : (- (- |inv1#1| |inv1#0|) |inv1#2|)
add_integer_attribute::Integer Attribute::|inv1#1|+|inv1#0|-|inv1#2|
learner_interfaceDerived Attribute Identifier : 59 Derived attribute : (- (+ |inv1#1| |inv1#0|) |inv1#2|)
add_integer_attribute::Integer Attribute::|inv1#1|-|inv1#0|+|inv1#2|
learner_interfaceDerived Attribute Identifier : 60 Derived attribute : (+ (- |inv1#1| |inv1#0|) |inv1#2|)
add_integer_attribute::Integer Attribute::|inv1#1|+|inv1#2|+|inv1#0|
learner_interfaceDerived Attribute Identifier : 61 Derived attribute : (+ |inv1#1| |inv1#2| |inv1#0|)
add_integer_attribute::Integer Attribute::|inv1#1|-|inv1#2|-|inv1#0|
learner_interfaceDerived Attribute Identifier : 62 Derived attribute : (- (- |inv1#1| |inv1#2|) |inv1#0|)
add_integer_attribute::Integer Attribute::|inv1#1|+|inv1#2|-|inv1#0|
learner_interfaceDerived Attribute Identifier : 63 Derived attribute : (- (+ |inv1#1| |inv1#2|) |inv1#0|)
add_integer_attribute::Integer Attribute::|inv1#1|-|inv1#2|+|inv1#0|
learner_interfaceDerived Attribute Identifier : 64 Derived attribute : (+ (- |inv1#1| |inv1#2|) |inv1#0|)
add_integer_attribute::Integer Attribute::|inv1#2|+|inv1#0|+|inv1#1|
learner_interfaceDerived Attribute Identifier : 65 Derived attribute : (+ |inv1#2| |inv1#0| |inv1#1|)
add_integer_attribute::Integer Attribute::|inv1#2|-|inv1#0|-|inv1#1|
learner_interfaceDerived Attribute Identifier : 66 Derived attribute : (- (- |inv1#2| |inv1#0|) |inv1#1|)
add_integer_attribute::Integer Attribute::|inv1#2|+|inv1#0|-|inv1#1|
learner_interfaceDerived Attribute Identifier : 67 Derived attribute : (- (+ |inv1#2| |inv1#0|) |inv1#1|)
add_integer_attribute::Integer Attribute::|inv1#2|-|inv1#0|+|inv1#1|
learner_interfaceDerived Attribute Identifier : 68 Derived attribute : (+ (- |inv1#2| |inv1#0|) |inv1#1|)
add_integer_attribute::Integer Attribute::|inv1#2|+|inv1#1|+|inv1#0|
learner_interfaceDerived Attribute Identifier : 69 Derived attribute : (+ |inv1#2| |inv1#1| |inv1#0|)
add_integer_attribute::Integer Attribute::|inv1#2|-|inv1#1|-|inv1#0|
learner_interfaceDerived Attribute Identifier : 70 Derived attribute : (- (- |inv1#2| |inv1#1|) |inv1#0|)
add_integer_attribute::Integer Attribute::|inv1#2|+|inv1#1|-|inv1#0|
learner_interfaceDerived Attribute Identifier : 71 Derived attribute : (- (+ |inv1#2| |inv1#1|) |inv1#0|)
add_integer_attribute::Integer Attribute::|inv1#2|-|inv1#1|+|inv1#0|
learner_interfaceDerived Attribute Identifier : 72 Derived attribute : (+ (- |inv1#2| |inv1#1|) |inv1#0|)
add_integer_attribute::Integer Attribute::|inv1#0|+|inv1#2|+|inv1#2|
learner_interfaceDerived Attribute Identifier : 73 Derived attribute : (+ |inv1#0| |inv1#2| |inv1#2|)
add_integer_attribute::Integer Attribute::|inv1#0|-|inv1#2|-|inv1#2|
learner_interfaceDerived Attribute Identifier : 74 Derived attribute : (- (- |inv1#0| |inv1#2|) |inv1#2|)
add_integer_attribute::Integer Attribute::|inv1#0|+|inv1#2|-|inv1#2|
learner_interfaceDerived Attribute Identifier : 75 Derived attribute : (- (+ |inv1#0| |inv1#2|) |inv1#2|)
add_integer_attribute::Integer Attribute::|inv1#0|-|inv1#2|+|inv1#2|
learner_interfaceDerived Attribute Identifier : 76 Derived attribute : (+ (- |inv1#0| |inv1#2|) |inv1#2|)
add_integer_attribute::Integer Attribute::|inv1#2|+|inv1#0|+|inv1#2|
learner_interfaceDerived Attribute Identifier : 77 Derived attribute : (+ |inv1#2| |inv1#0| |inv1#2|)
add_integer_attribute::Integer Attribute::|inv1#2|-|inv1#0|-|inv1#2|
learner_interfaceDerived Attribute Identifier : 78 Derived attribute : (- (- |inv1#2| |inv1#0|) |inv1#2|)
add_integer_attribute::Integer Attribute::|inv1#2|+|inv1#0|-|inv1#2|
learner_interfaceDerived Attribute Identifier : 79 Derived attribute : (- (+ |inv1#2| |inv1#0|) |inv1#2|)
add_integer_attribute::Integer Attribute::|inv1#2|-|inv1#0|+|inv1#2|
learner_interfaceDerived Attribute Identifier : 80 Derived attribute : (+ (- |inv1#2| |inv1#0|) |inv1#2|)
add_integer_attribute::Integer Attribute::|inv1#2|+|inv1#2|+|inv1#0|
learner_interfaceDerived Attribute Identifier : 81 Derived attribute : (+ |inv1#2| |inv1#2| |inv1#0|)
add_integer_attribute::Integer Attribute::|inv1#2|-|inv1#2|-|inv1#0|
learner_interfaceDerived Attribute Identifier : 82 Derived attribute : (- (- |inv1#2| |inv1#2|) |inv1#0|)
add_integer_attribute::Integer Attribute::|inv1#2|+|inv1#2|-|inv1#0|
learner_interfaceDerived Attribute Identifier : 83 Derived attribute : (- (+ |inv1#2| |inv1#2|) |inv1#0|)
add_integer_attribute::Integer Attribute::|inv1#2|-|inv1#2|+|inv1#0|
learner_interfaceDerived Attribute Identifier : 84 Derived attribute : (+ (- |inv1#2| |inv1#2|) |inv1#0|)
add_integer_attribute::Integer Attribute::|inv1#0|+|inv1#1|
learner_interfaceDerived Attribute Identifier : 85 Derived attribute : (+ |inv1#0| |inv1#1|)
add_integer_attribute::Integer Attribute::|inv1#0|-|inv1#1|
learner_interfaceDerived Attribute Identifier : 86 Derived attribute : (- |inv1#0| |inv1#1|)
add_integer_attribute::Integer Attribute::|inv1#0|+|inv1#2|
learner_interfaceDerived Attribute Identifier : 87 Derived attribute : (+ |inv1#0| |inv1#2|)
add_integer_attribute::Integer Attribute::|inv1#0|-|inv1#2|
learner_interfaceDerived Attribute Identifier : 88 Derived attribute : (- |inv1#0| |inv1#2|)
add_integer_attribute::Integer Attribute::|inv1#1|+|inv1#2|
learner_interfaceDerived Attribute Identifier : 89 Derived attribute : (+ |inv1#1| |inv1#2|)
add_integer_attribute::Integer Attribute::|inv1#1|-|inv1#2|
learner_interfaceDerived Attribute Identifier : 90 Derived attribute : (- |inv1#1| |inv1#2|)
learner_interface :: Relation : (declare-fun popHead (Int Int Int) Bool) is mapped to CatID :  2
learner_interfaceCatID : 2 is mapped to Relation : (declare-fun popHead (Int Int Int) Bool)
learner_interfaceRelation : (declare-fun popHead (Int Int Int) Bool) is mapped to baseval :  90
Attribute Identifier : 91 attribute : popHead#0Int
add_integer_attribute::Integer Attribute::popHead#0
Attribute Identifier : 92 attribute : popHead#1Int
add_integer_attribute::Integer Attribute::popHead#1
Attribute Identifier : 93 attribute : popHead#2Int
add_integer_attribute::Integer Attribute::popHead#2
add_integer_attribute::Integer Attribute::|popHead#0|+|popHead#1|+|popHead#2|
learner_interfaceDerived Attribute Identifier : 94 Derived attribute : (+ |popHead#0| |popHead#1| |popHead#2|)
add_integer_attribute::Integer Attribute::|popHead#0|-|popHead#1|-|popHead#2|
learner_interfaceDerived Attribute Identifier : 95 Derived attribute : (- (- |popHead#0| |popHead#1|) |popHead#2|)
add_integer_attribute::Integer Attribute::|popHead#0|+|popHead#1|-|popHead#2|
learner_interfaceDerived Attribute Identifier : 96 Derived attribute : (- (+ |popHead#0| |popHead#1|) |popHead#2|)
add_integer_attribute::Integer Attribute::|popHead#0|-|popHead#1|+|popHead#2|
learner_interfaceDerived Attribute Identifier : 97 Derived attribute : (+ (- |popHead#0| |popHead#1|) |popHead#2|)
add_integer_attribute::Integer Attribute::|popHead#0|+|popHead#2|+|popHead#1|
learner_interfaceDerived Attribute Identifier : 98 Derived attribute : (+ |popHead#0| |popHead#2| |popHead#1|)
add_integer_attribute::Integer Attribute::|popHead#0|-|popHead#2|-|popHead#1|
learner_interfaceDerived Attribute Identifier : 99 Derived attribute : (- (- |popHead#0| |popHead#2|) |popHead#1|)
add_integer_attribute::Integer Attribute::|popHead#0|+|popHead#2|-|popHead#1|
learner_interfaceDerived Attribute Identifier : 100 Derived attribute : (- (+ |popHead#0| |popHead#2|) |popHead#1|)
add_integer_attribute::Integer Attribute::|popHead#0|-|popHead#2|+|popHead#1|
learner_interfaceDerived Attribute Identifier : 101 Derived attribute : (+ (- |popHead#0| |popHead#2|) |popHead#1|)
add_integer_attribute::Integer Attribute::|popHead#1|+|popHead#0|+|popHead#2|
learner_interfaceDerived Attribute Identifier : 102 Derived attribute : (+ |popHead#1| |popHead#0| |popHead#2|)
add_integer_attribute::Integer Attribute::|popHead#1|-|popHead#0|-|popHead#2|
learner_interfaceDerived Attribute Identifier : 103 Derived attribute : (- (- |popHead#1| |popHead#0|) |popHead#2|)
add_integer_attribute::Integer Attribute::|popHead#1|+|popHead#0|-|popHead#2|
learner_interfaceDerived Attribute Identifier : 104 Derived attribute : (- (+ |popHead#1| |popHead#0|) |popHead#2|)
add_integer_attribute::Integer Attribute::|popHead#1|-|popHead#0|+|popHead#2|
learner_interfaceDerived Attribute Identifier : 105 Derived attribute : (+ (- |popHead#1| |popHead#0|) |popHead#2|)
add_integer_attribute::Integer Attribute::|popHead#1|+|popHead#2|+|popHead#0|
learner_interfaceDerived Attribute Identifier : 106 Derived attribute : (+ |popHead#1| |popHead#2| |popHead#0|)
add_integer_attribute::Integer Attribute::|popHead#1|-|popHead#2|-|popHead#0|
learner_interfaceDerived Attribute Identifier : 107 Derived attribute : (- (- |popHead#1| |popHead#2|) |popHead#0|)
add_integer_attribute::Integer Attribute::|popHead#1|+|popHead#2|-|popHead#0|
learner_interfaceDerived Attribute Identifier : 108 Derived attribute : (- (+ |popHead#1| |popHead#2|) |popHead#0|)
add_integer_attribute::Integer Attribute::|popHead#1|-|popHead#2|+|popHead#0|
learner_interfaceDerived Attribute Identifier : 109 Derived attribute : (+ (- |popHead#1| |popHead#2|) |popHead#0|)
add_integer_attribute::Integer Attribute::|popHead#2|+|popHead#0|+|popHead#1|
learner_interfaceDerived Attribute Identifier : 110 Derived attribute : (+ |popHead#2| |popHead#0| |popHead#1|)
add_integer_attribute::Integer Attribute::|popHead#2|-|popHead#0|-|popHead#1|
learner_interfaceDerived Attribute Identifier : 111 Derived attribute : (- (- |popHead#2| |popHead#0|) |popHead#1|)
add_integer_attribute::Integer Attribute::|popHead#2|+|popHead#0|-|popHead#1|
learner_interfaceDerived Attribute Identifier : 112 Derived attribute : (- (+ |popHead#2| |popHead#0|) |popHead#1|)
add_integer_attribute::Integer Attribute::|popHead#2|-|popHead#0|+|popHead#1|
learner_interfaceDerived Attribute Identifier : 113 Derived attribute : (+ (- |popHead#2| |popHead#0|) |popHead#1|)
add_integer_attribute::Integer Attribute::|popHead#2|+|popHead#1|+|popHead#0|
learner_interfaceDerived Attribute Identifier : 114 Derived attribute : (+ |popHead#2| |popHead#1| |popHead#0|)
add_integer_attribute::Integer Attribute::|popHead#2|-|popHead#1|-|popHead#0|
learner_interfaceDerived Attribute Identifier : 115 Derived attribute : (- (- |popHead#2| |popHead#1|) |popHead#0|)
add_integer_attribute::Integer Attribute::|popHead#2|+|popHead#1|-|popHead#0|
learner_interfaceDerived Attribute Identifier : 116 Derived attribute : (- (+ |popHead#2| |popHead#1|) |popHead#0|)
add_integer_attribute::Integer Attribute::|popHead#2|-|popHead#1|+|popHead#0|
learner_interfaceDerived Attribute Identifier : 117 Derived attribute : (+ (- |popHead#2| |popHead#1|) |popHead#0|)
add_integer_attribute::Integer Attribute::|popHead#0|+|popHead#2|+|popHead#2|
learner_interfaceDerived Attribute Identifier : 118 Derived attribute : (+ |popHead#0| |popHead#2| |popHead#2|)
add_integer_attribute::Integer Attribute::|popHead#0|-|popHead#2|-|popHead#2|
learner_interfaceDerived Attribute Identifier : 119 Derived attribute : (- (- |popHead#0| |popHead#2|) |popHead#2|)
add_integer_attribute::Integer Attribute::|popHead#0|+|popHead#2|-|popHead#2|
learner_interfaceDerived Attribute Identifier : 120 Derived attribute : (- (+ |popHead#0| |popHead#2|) |popHead#2|)
add_integer_attribute::Integer Attribute::|popHead#0|-|popHead#2|+|popHead#2|
learner_interfaceDerived Attribute Identifier : 121 Derived attribute : (+ (- |popHead#0| |popHead#2|) |popHead#2|)
add_integer_attribute::Integer Attribute::|popHead#2|+|popHead#0|+|popHead#2|
learner_interfaceDerived Attribute Identifier : 122 Derived attribute : (+ |popHead#2| |popHead#0| |popHead#2|)
add_integer_attribute::Integer Attribute::|popHead#2|-|popHead#0|-|popHead#2|
learner_interfaceDerived Attribute Identifier : 123 Derived attribute : (- (- |popHead#2| |popHead#0|) |popHead#2|)
add_integer_attribute::Integer Attribute::|popHead#2|+|popHead#0|-|popHead#2|
learner_interfaceDerived Attribute Identifier : 124 Derived attribute : (- (+ |popHead#2| |popHead#0|) |popHead#2|)
add_integer_attribute::Integer Attribute::|popHead#2|-|popHead#0|+|popHead#2|
learner_interfaceDerived Attribute Identifier : 125 Derived attribute : (+ (- |popHead#2| |popHead#0|) |popHead#2|)
add_integer_attribute::Integer Attribute::|popHead#2|+|popHead#2|+|popHead#0|
learner_interfaceDerived Attribute Identifier : 126 Derived attribute : (+ |popHead#2| |popHead#2| |popHead#0|)
add_integer_attribute::Integer Attribute::|popHead#2|-|popHead#2|-|popHead#0|
learner_interfaceDerived Attribute Identifier : 127 Derived attribute : (- (- |popHead#2| |popHead#2|) |popHead#0|)
add_integer_attribute::Integer Attribute::|popHead#2|+|popHead#2|-|popHead#0|
learner_interfaceDerived Attribute Identifier : 128 Derived attribute : (- (+ |popHead#2| |popHead#2|) |popHead#0|)
add_integer_attribute::Integer Attribute::|popHead#2|-|popHead#2|+|popHead#0|
learner_interfaceDerived Attribute Identifier : 129 Derived attribute : (+ (- |popHead#2| |popHead#2|) |popHead#0|)
add_integer_attribute::Integer Attribute::|popHead#0|+|popHead#1|
learner_interfaceDerived Attribute Identifier : 130 Derived attribute : (+ |popHead#0| |popHead#1|)
add_integer_attribute::Integer Attribute::|popHead#0|-|popHead#1|
learner_interfaceDerived Attribute Identifier : 131 Derived attribute : (- |popHead#0| |popHead#1|)
add_integer_attribute::Integer Attribute::|popHead#0|+|popHead#2|
learner_interfaceDerived Attribute Identifier : 132 Derived attribute : (+ |popHead#0| |popHead#2|)
add_integer_attribute::Integer Attribute::|popHead#0|-|popHead#2|
learner_interfaceDerived Attribute Identifier : 133 Derived attribute : (- |popHead#0| |popHead#2|)
add_integer_attribute::Integer Attribute::|popHead#1|+|popHead#2|
learner_interfaceDerived Attribute Identifier : 134 Derived attribute : (+ |popHead#1| |popHead#2|)
add_integer_attribute::Integer Attribute::|popHead#1|-|popHead#2|
learner_interfaceDerived Attribute Identifier : 135 Derived attribute : (- |popHead#1| |popHead#2|)
learner_interface :: Relation : (declare-fun fail@ (Bool) Bool) is mapped to CatID :  3
learner_interfaceCatID : 3 is mapped to Relation : (declare-fun fail@ (Bool) Bool)
learner_interfaceRelation : (declare-fun fail@ (Bool) Bool) is mapped to baseval :  135
Attribute Identifier : 136 attribute : fail@#0Bool
add_integer_attribute::Integer Attribute::fail@#0
learner_interface :: Relation : (declare-fun insertHead (Int Int Int) Bool) is mapped to CatID :  4
learner_interfaceCatID : 4 is mapped to Relation : (declare-fun insertHead (Int Int Int) Bool)
learner_interfaceRelation : (declare-fun insertHead (Int Int Int) Bool) is mapped to baseval :  136
Attribute Identifier : 137 attribute : insertHead#0Int
add_integer_attribute::Integer Attribute::insertHead#0
Attribute Identifier : 138 attribute : insertHead#1Int
add_integer_attribute::Integer Attribute::insertHead#1
Attribute Identifier : 139 attribute : insertHead#2Int
add_integer_attribute::Integer Attribute::insertHead#2
add_integer_attribute::Integer Attribute::|insertHead#0|+|insertHead#1|+|insertHead#2|
learner_interfaceDerived Attribute Identifier : 140 Derived attribute : (+ |insertHead#0| |insertHead#1| |insertHead#2|)
add_integer_attribute::Integer Attribute::|insertHead#0|-|insertHead#1|-|insertHead#2|
learner_interfaceDerived Attribute Identifier : 141 Derived attribute : (- (- |insertHead#0| |insertHead#1|) |insertHead#2|)
add_integer_attribute::Integer Attribute::|insertHead#0|+|insertHead#1|-|insertHead#2|
learner_interfaceDerived Attribute Identifier : 142 Derived attribute : (- (+ |insertHead#0| |insertHead#1|) |insertHead#2|)
add_integer_attribute::Integer Attribute::|insertHead#0|-|insertHead#1|+|insertHead#2|
learner_interfaceDerived Attribute Identifier : 143 Derived attribute : (+ (- |insertHead#0| |insertHead#1|) |insertHead#2|)
add_integer_attribute::Integer Attribute::|insertHead#0|+|insertHead#2|+|insertHead#1|
learner_interfaceDerived Attribute Identifier : 144 Derived attribute : (+ |insertHead#0| |insertHead#2| |insertHead#1|)
add_integer_attribute::Integer Attribute::|insertHead#0|-|insertHead#2|-|insertHead#1|
learner_interfaceDerived Attribute Identifier : 145 Derived attribute : (- (- |insertHead#0| |insertHead#2|) |insertHead#1|)
add_integer_attribute::Integer Attribute::|insertHead#0|+|insertHead#2|-|insertHead#1|
learner_interfaceDerived Attribute Identifier : 146 Derived attribute : (- (+ |insertHead#0| |insertHead#2|) |insertHead#1|)
add_integer_attribute::Integer Attribute::|insertHead#0|-|insertHead#2|+|insertHead#1|
learner_interfaceDerived Attribute Identifier : 147 Derived attribute : (+ (- |insertHead#0| |insertHead#2|) |insertHead#1|)
add_integer_attribute::Integer Attribute::|insertHead#1|+|insertHead#0|+|insertHead#2|
learner_interfaceDerived Attribute Identifier : 148 Derived attribute : (+ |insertHead#1| |insertHead#0| |insertHead#2|)
add_integer_attribute::Integer Attribute::|insertHead#1|-|insertHead#0|-|insertHead#2|
learner_interfaceDerived Attribute Identifier : 149 Derived attribute : (- (- |insertHead#1| |insertHead#0|) |insertHead#2|)
add_integer_attribute::Integer Attribute::|insertHead#1|+|insertHead#0|-|insertHead#2|
learner_interfaceDerived Attribute Identifier : 150 Derived attribute : (- (+ |insertHead#1| |insertHead#0|) |insertHead#2|)
add_integer_attribute::Integer Attribute::|insertHead#1|-|insertHead#0|+|insertHead#2|
learner_interfaceDerived Attribute Identifier : 151 Derived attribute : (+ (- |insertHead#1| |insertHead#0|) |insertHead#2|)
add_integer_attribute::Integer Attribute::|insertHead#1|+|insertHead#2|+|insertHead#0|
learner_interfaceDerived Attribute Identifier : 152 Derived attribute : (+ |insertHead#1| |insertHead#2| |insertHead#0|)
add_integer_attribute::Integer Attribute::|insertHead#1|-|insertHead#2|-|insertHead#0|
learner_interfaceDerived Attribute Identifier : 153 Derived attribute : (- (- |insertHead#1| |insertHead#2|) |insertHead#0|)
add_integer_attribute::Integer Attribute::|insertHead#1|+|insertHead#2|-|insertHead#0|
learner_interfaceDerived Attribute Identifier : 154 Derived attribute : (- (+ |insertHead#1| |insertHead#2|) |insertHead#0|)
add_integer_attribute::Integer Attribute::|insertHead#1|-|insertHead#2|+|insertHead#0|
learner_interfaceDerived Attribute Identifier : 155 Derived attribute : (+ (- |insertHead#1| |insertHead#2|) |insertHead#0|)
add_integer_attribute::Integer Attribute::|insertHead#2|+|insertHead#0|+|insertHead#1|
learner_interfaceDerived Attribute Identifier : 156 Derived attribute : (+ |insertHead#2| |insertHead#0| |insertHead#1|)
add_integer_attribute::Integer Attribute::|insertHead#2|-|insertHead#0|-|insertHead#1|
learner_interfaceDerived Attribute Identifier : 157 Derived attribute : (- (- |insertHead#2| |insertHead#0|) |insertHead#1|)
add_integer_attribute::Integer Attribute::|insertHead#2|+|insertHead#0|-|insertHead#1|
learner_interfaceDerived Attribute Identifier : 158 Derived attribute : (- (+ |insertHead#2| |insertHead#0|) |insertHead#1|)
add_integer_attribute::Integer Attribute::|insertHead#2|-|insertHead#0|+|insertHead#1|
learner_interfaceDerived Attribute Identifier : 159 Derived attribute : (+ (- |insertHead#2| |insertHead#0|) |insertHead#1|)
add_integer_attribute::Integer Attribute::|insertHead#2|+|insertHead#1|+|insertHead#0|
learner_interfaceDerived Attribute Identifier : 160 Derived attribute : (+ |insertHead#2| |insertHead#1| |insertHead#0|)
add_integer_attribute::Integer Attribute::|insertHead#2|-|insertHead#1|-|insertHead#0|
learner_interfaceDerived Attribute Identifier : 161 Derived attribute : (- (- |insertHead#2| |insertHead#1|) |insertHead#0|)
add_integer_attribute::Integer Attribute::|insertHead#2|+|insertHead#1|-|insertHead#0|
learner_interfaceDerived Attribute Identifier : 162 Derived attribute : (- (+ |insertHead#2| |insertHead#1|) |insertHead#0|)
add_integer_attribute::Integer Attribute::|insertHead#2|-|insertHead#1|+|insertHead#0|
learner_interfaceDerived Attribute Identifier : 163 Derived attribute : (+ (- |insertHead#2| |insertHead#1|) |insertHead#0|)
add_integer_attribute::Integer Attribute::|insertHead#0|+|insertHead#2|+|insertHead#2|
learner_interfaceDerived Attribute Identifier : 164 Derived attribute : (+ |insertHead#0| |insertHead#2| |insertHead#2|)
add_integer_attribute::Integer Attribute::|insertHead#0|-|insertHead#2|-|insertHead#2|
learner_interfaceDerived Attribute Identifier : 165 Derived attribute : (- (- |insertHead#0| |insertHead#2|) |insertHead#2|)
add_integer_attribute::Integer Attribute::|insertHead#0|+|insertHead#2|-|insertHead#2|
learner_interfaceDerived Attribute Identifier : 166 Derived attribute : (- (+ |insertHead#0| |insertHead#2|) |insertHead#2|)
add_integer_attribute::Integer Attribute::|insertHead#0|-|insertHead#2|+|insertHead#2|
learner_interfaceDerived Attribute Identifier : 167 Derived attribute : (+ (- |insertHead#0| |insertHead#2|) |insertHead#2|)
add_integer_attribute::Integer Attribute::|insertHead#2|+|insertHead#0|+|insertHead#2|
learner_interfaceDerived Attribute Identifier : 168 Derived attribute : (+ |insertHead#2| |insertHead#0| |insertHead#2|)
add_integer_attribute::Integer Attribute::|insertHead#2|-|insertHead#0|-|insertHead#2|
learner_interfaceDerived Attribute Identifier : 169 Derived attribute : (- (- |insertHead#2| |insertHead#0|) |insertHead#2|)
add_integer_attribute::Integer Attribute::|insertHead#2|+|insertHead#0|-|insertHead#2|
learner_interfaceDerived Attribute Identifier : 170 Derived attribute : (- (+ |insertHead#2| |insertHead#0|) |insertHead#2|)
add_integer_attribute::Integer Attribute::|insertHead#2|-|insertHead#0|+|insertHead#2|
learner_interfaceDerived Attribute Identifier : 171 Derived attribute : (+ (- |insertHead#2| |insertHead#0|) |insertHead#2|)
add_integer_attribute::Integer Attribute::|insertHead#2|+|insertHead#2|+|insertHead#0|
learner_interfaceDerived Attribute Identifier : 172 Derived attribute : (+ |insertHead#2| |insertHead#2| |insertHead#0|)
add_integer_attribute::Integer Attribute::|insertHead#2|-|insertHead#2|-|insertHead#0|
learner_interfaceDerived Attribute Identifier : 173 Derived attribute : (- (- |insertHead#2| |insertHead#2|) |insertHead#0|)
add_integer_attribute::Integer Attribute::|insertHead#2|+|insertHead#2|-|insertHead#0|
learner_interfaceDerived Attribute Identifier : 174 Derived attribute : (- (+ |insertHead#2| |insertHead#2|) |insertHead#0|)
add_integer_attribute::Integer Attribute::|insertHead#2|-|insertHead#2|+|insertHead#0|
learner_interfaceDerived Attribute Identifier : 175 Derived attribute : (+ (- |insertHead#2| |insertHead#2|) |insertHead#0|)
add_integer_attribute::Integer Attribute::|insertHead#0|+|insertHead#1|
learner_interfaceDerived Attribute Identifier : 176 Derived attribute : (+ |insertHead#0| |insertHead#1|)
add_integer_attribute::Integer Attribute::|insertHead#0|-|insertHead#1|
learner_interfaceDerived Attribute Identifier : 177 Derived attribute : (- |insertHead#0| |insertHead#1|)
add_integer_attribute::Integer Attribute::|insertHead#0|+|insertHead#2|
learner_interfaceDerived Attribute Identifier : 178 Derived attribute : (+ |insertHead#0| |insertHead#2|)
add_integer_attribute::Integer Attribute::|insertHead#0|-|insertHead#2|
learner_interfaceDerived Attribute Identifier : 179 Derived attribute : (- |insertHead#0| |insertHead#2|)
add_integer_attribute::Integer Attribute::|insertHead#1|+|insertHead#2|
learner_interfaceDerived Attribute Identifier : 180 Derived attribute : (+ |insertHead#1| |insertHead#2|)
add_integer_attribute::Integer Attribute::|insertHead#1|-|insertHead#2|
learner_interfaceDerived Attribute Identifier : 181 Derived attribute : (- |insertHead#1| |insertHead#2|)
===========================================
Learning Iteration: 0
===========================================
In :: get_conjectures
In :: learn_decision_tree
In :: horn_verification::learner<JobManager>::learner(const JobManager&) [with JobManager = horn_verification::complex_job_manager]
In:: learn
get_conjectures:: Printing the Decision Tree
true
Return from map_dt_z3
In::get_unordered_map

=========================
Printing the conjectures
Conjecture: (declare-fun inv2 (Int Int Int) Bool)[|inv2#0|, |inv2#1|, |inv2#2|] -> true
Conjecture: (declare-fun inv1 (Int Int Int) Bool)[|inv1#0|, |inv1#1|, |inv1#2|] -> true
Conjecture: (declare-fun popHead (Int Int Int) Bool)[|popHead#0|, |popHead#1|, |popHead#2|] -> true
Conjecture: (declare-fun fail@ (Bool) Bool)[|fail@#0|] -> true
Conjecture: (declare-fun insertHead (Int Int Int) Bool)[|insertHead#0|, |insertHead#1|, |insertHead#2|] -> true
=========================
In::add_counterexample
In::get_unique_learner_datapoint
=============
get_unique_learner_datapoint::Current Teacher Datapoint: fail@(true)
get_int_data::Printing integer attributes
get_unique_learner_datapoint:: Current Teacher Datapoint: fail@(true)
add_counterexample Current teacher datapoint(Negative) : fail@(true)
===========================================
Learning Iteration: 1
===========================================
In :: get_conjectures
In :: learn_decision_tree
In :: horn_verification::learner<JobManager>::learner(const JobManager&) [with JobManager = horn_verification::complex_job_manager]
In:: learn
In  chc run
run::New Categorical Node  attribute: 0
run::Categorical node child :0
run::Categorical node child :0
run::Categorical node child :0
run::Categorical node child :0
run::Categorical node child :0
run::Categorical Node Metadata 
Categorical attributes: $func (5)
Integer attributes: In chc run
get_conjectures:: Printing the Decision Tree
switch x[0]
 NULL
 NULL
 NULL
 false
 NULL
Return from map_dt_z3
In::get_unordered_map

=========================
Printing the conjectures
Conjecture: (declare-fun insertHead (Int Int Int) Bool)[|insertHead#0|, |insertHead#1|, |insertHead#2|] -> false
Conjecture: (declare-fun fail@ (Bool) Bool)[|fail@#0|] -> false
Conjecture: (declare-fun popHead (Int Int Int) Bool)[|popHead#0|, |popHead#1|, |popHead#2|] -> false
Conjecture: (declare-fun inv1 (Int Int Int) Bool)[|inv1#0|, |inv1#1|, |inv1#2|] -> false
Conjecture: (declare-fun inv2 (Int Int Int) Bool)[|inv2#0|, |inv2#1|, |inv2#2|] -> false
=========================
In::add_counterexample
add_counterexample Current counterexample : {} => {insertHead(1, 5, 6)}
add_counterexample Current teacher datapoint : insertHead(1, 5, 6)
In::get_unique_learner_datapoint
=============
get_unique_learner_datapoint::Current Teacher Datapoint: insertHead(1, 5, 6)
get_int_data::Printing integer attributes
get_unique_learner_datapoint:: Current Teacher Datapoint: insertHead(1, 5, 6)
add_counterexample Current teacher datapoint(Positive) : insertHead(1, 5, 6)
In::add_counterexample
add_counterexample Current counterexample : {} => {insertHead(64, 13, 14)}
add_counterexample Current teacher datapoint : insertHead(64, 13, 14)
In::get_unique_learner_datapoint
=============
get_unique_learner_datapoint::Current Teacher Datapoint: insertHead(64, 13, 14)
get_int_data::Printing integer attributes
get_unique_learner_datapoint:: Current Teacher Datapoint: insertHead(64, 13, 14)
add_counterexample Current teacher datapoint(Positive) : insertHead(64, 13, 14)
In::add_counterexample
add_counterexample Current counterexample : {} => {insertHead(2, 13, 14)}
add_counterexample Current teacher datapoint : insertHead(2, 13, 14)
In::get_unique_learner_datapoint
=============
get_unique_learner_datapoint::Current Teacher Datapoint: insertHead(2, 13, 14)
get_int_data::Printing integer attributes
get_unique_learner_datapoint:: Current Teacher Datapoint: insertHead(2, 13, 14)
add_counterexample Current teacher datapoint(Positive) : insertHead(2, 13, 14)
In::add_counterexample
add_counterexample Current counterexample : {} => {insertHead(2, 0, 1)}
add_counterexample Current teacher datapoint : insertHead(2, 0, 1)
In::get_unique_learner_datapoint
=============
get_unique_learner_datapoint::Current Teacher Datapoint: insertHead(2, 0, 1)
get_int_data::Printing integer attributes
get_unique_learner_datapoint:: Current Teacher Datapoint: insertHead(2, 0, 1)
add_counterexample Current teacher datapoint(Positive) : insertHead(2, 0, 1)
In::add_counterexample
add_counterexample Current counterexample : {} => {insertHead(2, 1, 2)}
add_counterexample Current teacher datapoint : insertHead(2, 1, 2)
In::get_unique_learner_datapoint
=============
get_unique_learner_datapoint::Current Teacher Datapoint: insertHead(2, 1, 2)
get_int_data::Printing integer attributes
get_unique_learner_datapoint:: Current Teacher Datapoint: insertHead(2, 1, 2)
add_counterexample Current teacher datapoint(Positive) : insertHead(2, 1, 2)
In::add_counterexample
add_counterexample Current counterexample : {} => {insertHead(2, 12, 13)}
add_counterexample Current teacher datapoint : insertHead(2, 12, 13)
In::get_unique_learner_datapoint
=============
get_unique_learner_datapoint::Current Teacher Datapoint: insertHead(2, 12, 13)
get_int_data::Printing integer attributes
get_unique_learner_datapoint:: Current Teacher Datapoint: insertHead(2, 12, 13)
add_counterexample Current teacher datapoint(Positive) : insertHead(2, 12, 13)
In::add_counterexample
add_counterexample Current counterexample : {} => {popHead(5, 112, 4)}
add_counterexample Current teacher datapoint : popHead(5, 112, 4)
In::get_unique_learner_datapoint
=============
get_unique_learner_datapoint::Current Teacher Datapoint: popHead(5, 112, 4)
get_int_data::Printing integer attributes
get_unique_learner_datapoint:: Current Teacher Datapoint: popHead(5, 112, 4)
add_counterexample Current teacher datapoint(Positive) : popHead(5, 112, 4)
In::add_counterexample
add_counterexample Current counterexample : {} => {popHead(0, 128, 0)}
add_counterexample Current teacher datapoint : popHead(0, 128, 0)
In::get_unique_learner_datapoint
=============
get_unique_learner_datapoint::Current Teacher Datapoint: popHead(0, 128, 0)
get_int_data::Printing integer attributes
get_unique_learner_datapoint:: Current Teacher Datapoint: popHead(0, 128, 0)
add_counterexample Current teacher datapoint(Positive) : popHead(0, 128, 0)
In::add_counterexample
add_counterexample Current counterexample : {} => {popHead(2, (- 12), 1)}
add_counterexample Current teacher datapoint : popHead(2, (- 12), 1)
In::get_unique_learner_datapoint
=============
get_unique_learner_datapoint::Current Teacher Datapoint: popHead(2, (- 12), 1)
get_int_data::Printing integer attributes
get_unique_learner_datapoint:: Current Teacher Datapoint: popHead(2, (- 12), 1)
add_counterexample Current teacher datapoint(Positive) : popHead(2, (- 12), 1)
In::add_counterexample
add_counterexample Current counterexample : {} => {popHead(11, (- 105), 10)}
add_counterexample Current teacher datapoint : popHead(11, (- 105), 10)
In::get_unique_learner_datapoint
=============
get_unique_learner_datapoint::Current Teacher Datapoint: popHead(11, (- 105), 10)
get_int_data::Printing integer attributes
get_unique_learner_datapoint:: Current Teacher Datapoint: popHead(11, (- 105), 10)
add_counterexample Current teacher datapoint(Positive) : popHead(11, (- 105), 10)
In::add_counterexample
add_counterexample Current counterexample : {} => {popHead(1, 2, 0)}
add_counterexample Current teacher datapoint : popHead(1, 2, 0)
In::get_unique_learner_datapoint
=============
get_unique_learner_datapoint::Current Teacher Datapoint: popHead(1, 2, 0)
get_int_data::Printing integer attributes
get_unique_learner_datapoint:: Current Teacher Datapoint: popHead(1, 2, 0)
add_counterexample Current teacher datapoint(Positive) : popHead(1, 2, 0)
In::add_counterexample
add_counterexample Current counterexample : {} => {popHead(7, (- 126), 6)}
add_counterexample Current teacher datapoint : popHead(7, (- 126), 6)
In::get_unique_learner_datapoint
=============
get_unique_learner_datapoint::Current Teacher Datapoint: popHead(7, (- 126), 6)
get_int_data::Printing integer attributes
get_unique_learner_datapoint:: Current Teacher Datapoint: popHead(7, (- 126), 6)
add_counterexample Current teacher datapoint(Positive) : popHead(7, (- 126), 6)
In::add_counterexample
add_counterexample Current counterexample : {} => {inv1(0, 1, 0)}
add_counterexample Current teacher datapoint : inv1(0, 1, 0)
In::get_unique_learner_datapoint
=============
get_unique_learner_datapoint::Current Teacher Datapoint: inv1(0, 1, 0)
get_int_data::Printing integer attributes
get_unique_learner_datapoint:: Current Teacher Datapoint: inv1(0, 1, 0)
add_counterexample Current teacher datapoint(Positive) : inv1(0, 1, 0)
===========================================
Learning Iteration: 2
===========================================
In :: get_conjectures
In :: learn_decision_tree
In :: horn_verification::learner<JobManager>::learner(const JobManager&) [with JobManager = horn_verification::complex_job_manager]
In:: learn
In  chc run
run::New Categorical Node  attribute: 0
run::Categorical node child :0
run::Categorical node child :0
run::Categorical node child :0
run::Categorical node child :0
run::Categorical node child :0
run::Categorical Node Metadata 
Categorical attributes: $func (5)
Integer attributes: In chc run
In chc run
In chc run
In chc run
get_conjectures:: Printing the Decision Tree
switch x[0]
 NULL
 true
 true
 false
 true
Return from map_dt_z3
In::get_unordered_map

=========================
Printing the conjectures
Conjecture: (declare-fun insertHead (Int Int Int) Bool)[|insertHead#0|, |insertHead#1|, |insertHead#2|] -> true
Conjecture: (declare-fun fail@ (Bool) Bool)[|fail@#0|] -> false
Conjecture: (declare-fun popHead (Int Int Int) Bool)[|popHead#0|, |popHead#1|, |popHead#2|] -> true
Conjecture: (declare-fun inv1 (Int Int Int) Bool)[|inv1#0|, |inv1#1|, |inv1#2|] -> true
Conjecture: (declare-fun inv2 (Int Int Int) Bool)[|inv2#0|, |inv2#1|, |inv2#2|] -> false
=========================
In::add_counterexample
In::get_unique_learner_datapoint
=============
get_unique_learner_datapoint::Current Teacher Datapoint: inv2(0, 0, 0)
get_int_data::Printing integer attributes
get_unique_learner_datapoint:: Current Teacher Datapoint: inv2(0, 0, 0)
In::get_unique_learner_datapoint
=============
get_unique_learner_datapoint::Current Teacher Datapoint: inv1(0, 0, 0)
get_int_data::Printing integer attributes
get_unique_learner_datapoint:: Current Teacher Datapoint: inv1(0, 0, 0)
add_counterexample Current teacher datapoint(horn) : {inv1(0, 0, 0)} => {inv2(0, 0, 0)}
===========================================
Learning Iteration: 3
===========================================
In :: get_conjectures
In :: learn_decision_tree
In :: horn_verification::learner<JobManager>::learner(const JobManager&) [with JobManager = horn_verification::complex_job_manager]
In:: learn
In  chc run
run::New Categorical Node  attribute: 0
run::Categorical node child :0
run::Categorical node child :0
run::Categorical node child :0
run::Categorical node child :0
run::Categorical node child :0
run::Categorical Node Metadata 
Categorical attributes: $func (5)
Integer attributes: In chc run
In chc run
In chc run
In chc run
In chc run
get_conjectures:: Printing the Decision Tree
switch x[0]
 true
 true
 true
 false
 true
Return from map_dt_z3
In::get_unordered_map

=========================
Printing the conjectures
Conjecture: (declare-fun insertHead (Int Int Int) Bool)[|insertHead#0|, |insertHead#1|, |insertHead#2|] -> true
Conjecture: (declare-fun fail@ (Bool) Bool)[|fail@#0|] -> false
Conjecture: (declare-fun popHead (Int Int Int) Bool)[|popHead#0|, |popHead#1|, |popHead#2|] -> true
Conjecture: (declare-fun inv1 (Int Int Int) Bool)[|inv1#0|, |inv1#1|, |inv1#2|] -> true
Conjecture: (declare-fun inv2 (Int Int Int) Bool)[|inv2#0|, |inv2#1|, |inv2#2|] -> true
=========================
In::add_counterexample
In::get_unique_learner_datapoint
=============
get_unique_learner_datapoint::Current Teacher Datapoint: fail@(true)
In::get_unique_learner_datapoint
=============
get_unique_learner_datapoint::Current Teacher Datapoint: inv2(0, 1, 0)
get_int_data::Printing integer attributes
get_unique_learner_datapoint:: Current Teacher Datapoint: inv2(0, 1, 0)
add_counterexample Current teacher datapoint(horn) : {inv2(0, 1, 0)} => {fail@(true)}
===========================================
Learning Iteration: 4
===========================================
In :: get_conjectures
In :: learn_decision_tree
In :: horn_verification::learner<JobManager>::learner(const JobManager&) [with JobManager = horn_verification::complex_job_manager]
In:: learn
In  chc run
run::New Categorical Node  attribute: 0
run::Categorical node child :0
run::Categorical node child :0
run::Categorical node child :0
run::Categorical node child :0
run::Categorical node child :0
run::Categorical Node Metadata 
Categorical attributes: $func (5)
Integer attributes: In chc run
In chc run
In chc run
In chc run
In chc run
In chc run
In chc run
get_conjectures:: Printing the Decision Tree
switch x[0]
 false
 if x[46] <= 0
  false
  true
 true
 false
 true
Return from map_dt_z3
In::get_unordered_map

=========================
Printing the conjectures
Conjecture: (declare-fun insertHead (Int Int Int) Bool)[|insertHead#0|, |insertHead#1|, |insertHead#2|] -> true
Conjecture: (declare-fun fail@ (Bool) Bool)[|fail@#0|] -> false
Conjecture: (declare-fun popHead (Int Int Int) Bool)[|popHead#0|, |popHead#1|, |popHead#2|] -> true
Conjecture: (declare-fun inv1 (Int Int Int) Bool)[|inv1#0|, |inv1#1|, |inv1#2|] -> (> |inv1#1| 0)
Conjecture: (declare-fun inv2 (Int Int Int) Bool)[|inv2#0|, |inv2#1|, |inv2#2|] -> false
=========================
In::add_counterexample
In::get_unique_learner_datapoint
=============
get_unique_learner_datapoint::Current Teacher Datapoint: inv2(0, 0, 1)
get_int_data::Printing integer attributes
get_unique_learner_datapoint:: Current Teacher Datapoint: inv2(0, 0, 1)
In::get_unique_learner_datapoint
=============
get_unique_learner_datapoint::Current Teacher Datapoint: inv1(1, 1, 0)
get_int_data::Printing integer attributes
get_unique_learner_datapoint:: Current Teacher Datapoint: inv1(1, 1, 0)
add_counterexample Current teacher datapoint(horn) : {inv1(1, 1, 0)} => {inv2(0, 0, 1)}
===========================================
Learning Iteration: 5
===========================================
In :: get_conjectures
In :: learn_decision_tree
In :: horn_verification::learner<JobManager>::learner(const JobManager&) [with JobManager = horn_verification::complex_job_manager]
In:: learn
In  chc run
run::New Categorical Node  attribute: 0
run::Categorical node child :0
run::Categorical node child :0
run::Categorical node child :0
run::Categorical node child :0
run::Categorical node child :0
run::Categorical Node Metadata 
Categorical attributes: $func (5)
Integer attributes: In chc run
In chc run
In chc run
In chc run
In chc run
In chc run
In chc run
get_conjectures:: Printing the Decision Tree
switch x[0]
 false
 if x[57] <= 0
  false
  true
 true
 false
 true
Return from map_dt_z3
In::get_unordered_map

=========================
Printing the conjectures
Conjecture: (declare-fun insertHead (Int Int Int) Bool)[|insertHead#0|, |insertHead#1|, |insertHead#2|] -> true
Conjecture: (declare-fun fail@ (Bool) Bool)[|fail@#0|] -> false
Conjecture: (declare-fun popHead (Int Int Int) Bool)[|popHead#0|, |popHead#1|, |popHead#2|] -> true
Conjecture: (declare-fun inv1 (Int Int Int) Bool)[|inv1#0|, |inv1#1|, |inv1#2|] -> (> (- (- |inv1#1| |inv1#0|) |inv1#2|) 0)
Conjecture: (declare-fun inv2 (Int Int Int) Bool)[|inv2#0|, |inv2#1|, |inv2#2|] -> false
=========================
In::add_counterexample
In::get_unique_learner_datapoint
=============
get_unique_learner_datapoint::Current Teacher Datapoint: inv2((- 1), 0, 0)
get_int_data::Printing integer attributes
get_unique_learner_datapoint:: Current Teacher Datapoint: inv2((- 1), 0, 0)
In::get_unique_learner_datapoint
=============
get_unique_learner_datapoint::Current Teacher Datapoint: inv1(0, 0, (- 1))
get_int_data::Printing integer attributes
get_unique_learner_datapoint:: Current Teacher Datapoint: inv1(0, 0, (- 1))
add_counterexample Current teacher datapoint(horn) : {inv1(0, 0, (- 1))} => {inv2((- 1), 0, 0)}
In::add_counterexample
In::get_unique_learner_datapoint
=============
get_unique_learner_datapoint::Current Teacher Datapoint: inv1(0, 0, 0)
get_int_data::Printing integer attributes
get_unique_learner_datapoint:: Current Teacher Datapoint: inv1(0, 0, 0)
In::get_unique_learner_datapoint
=============
get_unique_learner_datapoint::Current Teacher Datapoint: insertHead((- 1), 0, 0)
get_int_data::Printing integer attributes
get_unique_learner_datapoint:: Current Teacher Datapoint: insertHead((- 1), 0, 0)
In::get_unique_learner_datapoint
=============
get_unique_learner_datapoint::Current Teacher Datapoint: inv1((- 1), 0, 0)
get_int_data::Printing integer attributes
get_unique_learner_datapoint:: Current Teacher Datapoint: inv1((- 1), 0, 0)
add_counterexample Current teacher datapoint(horn) : {insertHead((- 1), 0, 0), inv1((- 1), 0, 0)} => {inv1(0, 0, 0)}
===========================================
Learning Iteration: 6
===========================================
In :: get_conjectures
In :: learn_decision_tree
In :: horn_verification::learner<JobManager>::learner(const JobManager&) [with JobManager = horn_verification::complex_job_manager]
In:: learn
In  chc run
run::New Categorical Node  attribute: 0
run::Categorical node child :0
run::Categorical node child :0
run::Categorical node child :0
run::Categorical node child :0
run::Categorical node child :0
run::Categorical Node Metadata 
Categorical attributes: $func (5)
Integer attributes: In chc run
In chc run
In chc run
In chc run
In chc run
In chc run
In chc run
In chc run
In chc run
get_conjectures:: Printing the Decision Tree
switch x[0]
 false
 if x[85] <= -1
  if x[46] <= 0
   false
   true
  false
 true
 false
 true
Return from map_dt_z3
In::get_unordered_map

=========================
Printing the conjectures
Conjecture: (declare-fun insertHead (Int Int Int) Bool)[|insertHead#0|, |insertHead#1|, |insertHead#2|] -> true
Conjecture: (declare-fun fail@ (Bool) Bool)[|fail@#0|] -> false
Conjecture: (declare-fun popHead (Int Int Int) Bool)[|popHead#0|, |popHead#1|, |popHead#2|] -> true
Conjecture: (declare-fun inv1 (Int Int Int) Bool)[|inv1#0|, |inv1#1|, |inv1#2|] -> (and (> |inv1#1| 0) (<= (- |inv1#0| |inv1#1|) (- 1)))
Conjecture: (declare-fun inv2 (Int Int Int) Bool)[|inv2#0|, |inv2#1|, |inv2#2|] -> false
=========================
In::add_counterexample
In::get_unique_learner_datapoint
=============
get_unique_learner_datapoint::Current Teacher Datapoint: inv1(1, 1, 0)
get_int_data::Printing integer attributes
get_unique_learner_datapoint:: Current Teacher Datapoint: inv1(1, 1, 0)
In::get_unique_learner_datapoint
=============
get_unique_learner_datapoint::Current Teacher Datapoint: insertHead(0, 0, 0)
get_int_data::Printing integer attributes
get_unique_learner_datapoint:: Current Teacher Datapoint: insertHead(0, 0, 0)
In::get_unique_learner_datapoint
=============
get_unique_learner_datapoint::Current Teacher Datapoint: inv1(0, 1, 0)
get_int_data::Printing integer attributes
get_unique_learner_datapoint:: Current Teacher Datapoint: inv1(0, 1, 0)
add_counterexample Current teacher datapoint(horn) : {insertHead(0, 0, 0), inv1(0, 1, 0)} => {inv1(1, 1, 0)}
===========================================
Learning Iteration: 7
===========================================
In :: get_conjectures
In :: learn_decision_tree
In :: horn_verification::learner<JobManager>::learner(const JobManager&) [with JobManager = horn_verification::complex_job_manager]
In:: learn
In  chc run
run::New Categorical Node  attribute: 0
run::Categorical node child :0
run::Categorical node child :0
run::Categorical node child :0
run::Categorical node child :0
run::Categorical node child :0
run::Categorical Node Metadata 
Categorical attributes: $func (5)
Integer attributes: In chc run
In chc run
In chc run
In chc run
In chc run
In chc run
In chc run
In chc run
In chc run
get_conjectures:: Printing the Decision Tree
switch x[0]
 false
 if x[85] <= -1
  true
  false
 true
 false
 if x[180] <= -1
  true
  false
Return from map_dt_z3
In::get_unordered_map

=========================
Printing the conjectures
Conjecture: (declare-fun insertHead (Int Int Int) Bool)[|insertHead#0|, |insertHead#1|, |insertHead#2|] -> (<= (- |insertHead#1| |insertHead#2|) (- 1))
Conjecture: (declare-fun fail@ (Bool) Bool)[|fail@#0|] -> false
Conjecture: (declare-fun popHead (Int Int Int) Bool)[|popHead#0|, |popHead#1|, |popHead#2|] -> true
Conjecture: (declare-fun inv1 (Int Int Int) Bool)[|inv1#0|, |inv1#1|, |inv1#2|] -> (<= (- |inv1#0| |inv1#1|) (- 1))
Conjecture: (declare-fun inv2 (Int Int Int) Bool)[|inv2#0|, |inv2#1|, |inv2#2|] -> false
=========================
In::add_counterexample
In::get_unique_learner_datapoint
=============
get_unique_learner_datapoint::Current Teacher Datapoint: inv1(0, 0, 0)
get_int_data::Printing integer attributes
get_unique_learner_datapoint:: Current Teacher Datapoint: inv1(0, 0, 0)
In::get_unique_learner_datapoint
=============
get_unique_learner_datapoint::Current Teacher Datapoint: insertHead((- 1), (- 1), 0)
get_int_data::Printing integer attributes
get_unique_learner_datapoint:: Current Teacher Datapoint: insertHead((- 1), (- 1), 0)
In::get_unique_learner_datapoint
=============
get_unique_learner_datapoint::Current Teacher Datapoint: inv1((- 1), 0, (- 1))
get_int_data::Printing integer attributes
get_unique_learner_datapoint:: Current Teacher Datapoint: inv1((- 1), 0, (- 1))
add_counterexample Current teacher datapoint(horn) : {insertHead((- 1), (- 1), 0), inv1((- 1), 0, (- 1))} => {inv1(0, 0, 0)}
===========================================
Learning Iteration: 8
===========================================
In :: get_conjectures
In :: learn_decision_tree
In :: horn_verification::learner<JobManager>::learner(const JobManager&) [with JobManager = horn_verification::complex_job_manager]
In:: learn
In  chc run
run::New Categorical Node  attribute: 0
run::Categorical node child :0
run::Categorical node child :0
run::Categorical node child :0
run::Categorical node child :0
run::Categorical node child :0
run::Categorical Node Metadata 
Categorical attributes: $func (5)
Integer attributes: In chc run
In chc run
In chc run
In chc run
In chc run
In chc run
In chc run
In chc run
In chc run
In chc run
In chc run
get_conjectures:: Printing the Decision Tree
switch x[0]
 false
 if x[85] <= -1
  true
  false
 true
 false
 if x[180] <= -1
  if x[142] <= 0
   false
   true
  false
Return from map_dt_z3
In::get_unordered_map

=========================
Printing the conjectures
Conjecture: (declare-fun insertHead (Int Int Int) Bool)[|insertHead#0|, |insertHead#1|, |insertHead#2|] -> (and (> (+ (- |insertHead#0| |insertHead#1|) |insertHead#2|) 0) (<= (- |insertHead#1| |insertHead#2|) (- 1)))
Conjecture: (declare-fun fail@ (Bool) Bool)[|fail@#0|] -> false
Conjecture: (declare-fun popHead (Int Int Int) Bool)[|popHead#0|, |popHead#1|, |popHead#2|] -> true
Conjecture: (declare-fun inv1 (Int Int Int) Bool)[|inv1#0|, |inv1#1|, |inv1#2|] -> (<= (- |inv1#0| |inv1#1|) (- 1))
Conjecture: (declare-fun inv2 (Int Int Int) Bool)[|inv2#0|, |inv2#1|, |inv2#2|] -> false
=========================
In::add_counterexample
In::get_unique_learner_datapoint
=============
get_unique_learner_datapoint::Current Teacher Datapoint: inv1(1, 1, 1)
get_int_data::Printing integer attributes
get_unique_learner_datapoint:: Current Teacher Datapoint: inv1(1, 1, 1)
In::get_unique_learner_datapoint
=============
get_unique_learner_datapoint::Current Teacher Datapoint: insertHead(0, 0, 1)
get_int_data::Printing integer attributes
get_unique_learner_datapoint:: Current Teacher Datapoint: insertHead(0, 0, 1)
In::get_unique_learner_datapoint
=============
get_unique_learner_datapoint::Current Teacher Datapoint: inv1(0, 1, 0)
get_int_data::Printing integer attributes
get_unique_learner_datapoint:: Current Teacher Datapoint: inv1(0, 1, 0)
add_counterexample Current teacher datapoint(horn) : {insertHead(0, 0, 1), inv1(0, 1, 0)} => {inv1(1, 1, 1)}
===========================================
Learning Iteration: 9
===========================================
In :: get_conjectures
In :: learn_decision_tree
In :: horn_verification::learner<JobManager>::learner(const JobManager&) [with JobManager = horn_verification::complex_job_manager]
In:: learn
In  chc run
run::New Categorical Node  attribute: 0
run::Categorical node child :0
run::Categorical node child :0
run::Categorical node child :0
run::Categorical node child :0
run::Categorical node child :0
run::Categorical Node Metadata 
Categorical attributes: $func (5)
Integer attributes: In chc run
In chc run
In chc run
In chc run
In chc run
In chc run
In chc run
In chc run
In chc run
In chc run
In chc run
get_conjectures:: Printing the Decision Tree
switch x[0]
 false
 if x[85] <= -1
  true
  false
 true
 false
 if x[180] <= -1
  if x[136] <= 0
   false
   true
  false
Return from map_dt_z3
In::get_unordered_map

=========================
Printing the conjectures
Conjecture: (declare-fun insertHead (Int Int Int) Bool)[|insertHead#0|, |insertHead#1|, |insertHead#2|] -> (and (> |insertHead#0| 0) (<= (- |insertHead#1| |insertHead#2|) (- 1)))
Conjecture: (declare-fun fail@ (Bool) Bool)[|fail@#0|] -> false
Conjecture: (declare-fun popHead (Int Int Int) Bool)[|popHead#0|, |popHead#1|, |popHead#2|] -> true
Conjecture: (declare-fun inv1 (Int Int Int) Bool)[|inv1#0|, |inv1#1|, |inv1#2|] -> (<= (- |inv1#0| |inv1#1|) (- 1))
Conjecture: (declare-fun inv2 (Int Int Int) Bool)[|inv2#0|, |inv2#1|, |inv2#2|] -> false
=========================
In::add_counterexample
In::get_unique_learner_datapoint
=============
get_unique_learner_datapoint::Current Teacher Datapoint: inv1(2, 2, 0)
get_int_data::Printing integer attributes
get_unique_learner_datapoint:: Current Teacher Datapoint: inv1(2, 2, 0)
In::get_unique_learner_datapoint
=============
get_unique_learner_datapoint::Current Teacher Datapoint: insertHead(1, (- 1), 0)
get_int_data::Printing integer attributes
get_unique_learner_datapoint:: Current Teacher Datapoint: insertHead(1, (- 1), 0)
In::get_unique_learner_datapoint
=============
get_unique_learner_datapoint::Current Teacher Datapoint: inv1(1, 2, (- 1))
get_int_data::Printing integer attributes
get_unique_learner_datapoint:: Current Teacher Datapoint: inv1(1, 2, (- 1))
add_counterexample Current teacher datapoint(horn) : {insertHead(1, (- 1), 0), inv1(1, 2, (- 1))} => {inv1(2, 2, 0)}
===========================================
Learning Iteration: 10
===========================================
In :: get_conjectures
In :: learn_decision_tree
In :: horn_verification::learner<JobManager>::learner(const JobManager&) [with JobManager = horn_verification::complex_job_manager]
In:: learn
In  chc run
run::New Categorical Node  attribute: 0
run::Categorical node child :0
run::Categorical node child :0
run::Categorical node child :0
run::Categorical node child :0
run::Categorical node child :0
run::Categorical Node Metadata 
Categorical attributes: $func (5)
Integer attributes: In chc run
In chc run
In chc run
In chc run
In chc run
In chc run
In chc run
In chc run
In chc run
get_conjectures:: Printing the Decision Tree
switch x[0]
 false
 if x[59] <= 0
  false
  true
 true
 false
 if x[180] <= -1
  true
  false
Return from map_dt_z3
In::get_unordered_map

=========================
Printing the conjectures
Conjecture: (declare-fun insertHead (Int Int Int) Bool)[|insertHead#0|, |insertHead#1|, |insertHead#2|] -> (<= (- |insertHead#1| |insertHead#2|) (- 1))
Conjecture: (declare-fun fail@ (Bool) Bool)[|fail@#0|] -> false
Conjecture: (declare-fun popHead (Int Int Int) Bool)[|popHead#0|, |popHead#1|, |popHead#2|] -> true
Conjecture: (declare-fun inv1 (Int Int Int) Bool)[|inv1#0|, |inv1#1|, |inv1#2|] -> (> (+ (- |inv1#1| |inv1#0|) |inv1#2|) 0)
Conjecture: (declare-fun inv2 (Int Int Int) Bool)[|inv2#0|, |inv2#1|, |inv2#2|] -> false
=========================
In::add_counterexample
In::get_unique_learner_datapoint
=============
get_unique_learner_datapoint::Current Teacher Datapoint: inv2(1, 0, 0)
get_int_data::Printing integer attributes
get_unique_learner_datapoint:: Current Teacher Datapoint: inv2(1, 0, 0)
In::get_unique_learner_datapoint
=============
get_unique_learner_datapoint::Current Teacher Datapoint: inv1(0, 0, 1)
get_int_data::Printing integer attributes
get_unique_learner_datapoint:: Current Teacher Datapoint: inv1(0, 0, 1)
add_counterexample Current teacher datapoint(horn) : {inv1(0, 0, 1)} => {inv2(1, 0, 0)}
===========================================
Learning Iteration: 11
===========================================
In :: get_conjectures
In :: learn_decision_tree
In :: horn_verification::learner<JobManager>::learner(const JobManager&) [with JobManager = horn_verification::complex_job_manager]
In:: learn
In  chc run
run::New Categorical Node  attribute: 0
run::Categorical node child :0
run::Categorical node child :0
run::Categorical node child :0
run::Categorical node child :0
run::Categorical node child :0
run::Categorical Node Metadata 
Categorical attributes: $func (5)
Integer attributes: In chc run
In chc run
In chc run
In chc run
In chc run
In chc run
In chc run
In chc run
In chc run
In chc run
In chc run
get_conjectures:: Printing the Decision Tree
switch x[0]
 false
 if x[85] <= -1
  true
  false
 true
 false
 if x[180] <= -1
  if x[175] <= 0
   false
   true
  false
Return from map_dt_z3
In::get_unordered_map

=========================
Printing the conjectures
Conjecture: (declare-fun insertHead (Int Int Int) Bool)[|insertHead#0|, |insertHead#1|, |insertHead#2|] -> (and (> (+ |insertHead#0| |insertHead#1|) 0) (<= (- |insertHead#1| |insertHead#2|) (- 1)))
Conjecture: (declare-fun fail@ (Bool) Bool)[|fail@#0|] -> false
Conjecture: (declare-fun popHead (Int Int Int) Bool)[|popHead#0|, |popHead#1|, |popHead#2|] -> true
Conjecture: (declare-fun inv1 (Int Int Int) Bool)[|inv1#0|, |inv1#1|, |inv1#2|] -> (<= (- |inv1#0| |inv1#1|) (- 1))
Conjecture: (declare-fun inv2 (Int Int Int) Bool)[|inv2#0|, |inv2#1|, |inv2#2|] -> false
=========================
In::add_counterexample
In::get_unique_learner_datapoint
=============
get_unique_learner_datapoint::Current Teacher Datapoint: inv1(2, 2, 1)
get_int_data::Printing integer attributes
get_unique_learner_datapoint:: Current Teacher Datapoint: inv1(2, 2, 1)
In::get_unique_learner_datapoint
=============
get_unique_learner_datapoint::Current Teacher Datapoint: insertHead(1, 0, 1)
get_int_data::Printing integer attributes
get_unique_learner_datapoint:: Current Teacher Datapoint: insertHead(1, 0, 1)
In::get_unique_learner_datapoint
=============
get_unique_learner_datapoint::Current Teacher Datapoint: inv1(1, 2, 0)
get_int_data::Printing integer attributes
get_unique_learner_datapoint:: Current Teacher Datapoint: inv1(1, 2, 0)
add_counterexample Current teacher datapoint(horn) : {insertHead(1, 0, 1), inv1(1, 2, 0)} => {inv1(2, 2, 1)}
===========================================
Learning Iteration: 12
===========================================
In :: get_conjectures
In :: learn_decision_tree
In :: horn_verification::learner<JobManager>::learner(const JobManager&) [with JobManager = horn_verification::complex_job_manager]
In:: learn
In  chc run
run::New Categorical Node  attribute: 0
run::Categorical node child :0
run::Categorical node child :0
run::Categorical node child :0
run::Categorical node child :0
run::Categorical node child :0
run::Categorical Node Metadata 
Categorical attributes: $func (5)
Integer attributes: In chc run
In chc run
In chc run
In chc run
In chc run
In chc run
In chc run
In chc run
In chc run
In chc run
In chc run
get_conjectures:: Printing the Decision Tree
switch x[0]
 false
 if x[85] <= -1
  true
  false
 true
 false
 if x[180] <= -1
  if x[175] <= 1
   false
   true
  false
Return from map_dt_z3
In::get_unordered_map

=========================
Printing the conjectures
Conjecture: (declare-fun insertHead (Int Int Int) Bool)[|insertHead#0|, |insertHead#1|, |insertHead#2|] -> (and (> (+ |insertHead#0| |insertHead#1|) 1) (<= (- |insertHead#1| |insertHead#2|) (- 1)))
Conjecture: (declare-fun fail@ (Bool) Bool)[|fail@#0|] -> false
Conjecture: (declare-fun popHead (Int Int Int) Bool)[|popHead#0|, |popHead#1|, |popHead#2|] -> true
Conjecture: (declare-fun inv1 (Int Int Int) Bool)[|inv1#0|, |inv1#1|, |inv1#2|] -> (<= (- |inv1#0| |inv1#1|) (- 1))
Conjecture: (declare-fun inv2 (Int Int Int) Bool)[|inv2#0|, |inv2#1|, |inv2#2|] -> false
=========================
In::add_counterexample
In::get_unique_learner_datapoint
=============
get_unique_learner_datapoint::Current Teacher Datapoint: inv1(3, 3, 1)
get_int_data::Printing integer attributes
get_unique_learner_datapoint:: Current Teacher Datapoint: inv1(3, 3, 1)
In::get_unique_learner_datapoint
=============
get_unique_learner_datapoint::Current Teacher Datapoint: insertHead(2, 0, 1)
get_int_data::Printing integer attributes
get_unique_learner_datapoint:: Current Teacher Datapoint: insertHead(2, 0, 1)
In::get_unique_learner_datapoint
=============
get_unique_learner_datapoint::Current Teacher Datapoint: inv1(2, 3, 0)
get_int_data::Printing integer attributes
get_unique_learner_datapoint:: Current Teacher Datapoint: inv1(2, 3, 0)
add_counterexample Current teacher datapoint(horn) : {insertHead(2, 0, 1), inv1(2, 3, 0)} => {inv1(3, 3, 1)}
===========================================
Learning Iteration: 13
===========================================
In :: get_conjectures
In :: learn_decision_tree
In :: horn_verification::learner<JobManager>::learner(const JobManager&) [with JobManager = horn_verification::complex_job_manager]
In:: learn
In  chc run
run::New Categorical Node  attribute: 0
run::Categorical node child :0
run::Categorical node child :0
run::Categorical node child :0
run::Categorical node child :0
run::Categorical node child :0
run::Categorical Node Metadata 
Categorical attributes: $func (5)
Integer attributes: In chc run
In chc run
In chc run
In chc run
In chc run
In chc run
In chc run
In chc run
In chc run
In chc run
In chc run
In chc run
In chc run
In chc run
In chc run
get_conjectures:: Printing the Decision Tree
switch x[0]
 false
 if x[85] <= -1
  true
  if x[45] <= 1
   false
   true
 true
 false
 if x[180] <= -1
  if x[142] <= 0
   false
   if x[136] <= 0
    false
    true
  false
Return from map_dt_z3
In::get_unordered_map

=========================
Printing the conjectures
Conjecture: (declare-fun insertHead (Int Int Int) Bool)[|insertHead#0|, |insertHead#1|, |insertHead#2|] -> (and (> |insertHead#0| 0) (> (+ (- |insertHead#0| |insertHead#1|) |insertHead#2|) 0) (<= (- |insertHead#1| |insertHead#2|) (- 1)))
Conjecture: (declare-fun fail@ (Bool) Bool)[|fail@#0|] -> false
Conjecture: (declare-fun popHead (Int Int Int) Bool)[|popHead#0|, |popHead#1|, |popHead#2|] -> true
Conjecture: (declare-fun inv1 (Int Int Int) Bool)[|inv1#0|, |inv1#1|, |inv1#2|] -> (or (<= (- |inv1#0| |inv1#1|) (- 1)) (and (> |inv1#0| 1) (> (- |inv1#0| |inv1#1|) (- 1))))
Conjecture: (declare-fun inv2 (Int Int Int) Bool)[|inv2#0|, |inv2#1|, |inv2#2|] -> false
=========================
In::add_counterexample
In::get_unique_learner_datapoint
=============
get_unique_learner_datapoint::Current Teacher Datapoint: inv2(0, 0, 0)
get_int_data::Printing integer attributes
get_unique_learner_datapoint:: Current Teacher Datapoint: inv2(0, 0, 0)
In::get_unique_learner_datapoint
=============
get_unique_learner_datapoint::Current Teacher Datapoint: inv1(2, 0, 0)
get_int_data::Printing integer attributes
get_unique_learner_datapoint:: Current Teacher Datapoint: inv1(2, 0, 0)
add_counterexample Current teacher datapoint(horn) : {inv1(2, 0, 0)} => {inv2(0, 0, 0)}
===========================================
Learning Iteration: 14
===========================================
In :: get_conjectures
In :: learn_decision_tree
In :: horn_verification::learner<JobManager>::learner(const JobManager&) [with JobManager = horn_verification::complex_job_manager]
In:: learn
In  chc run
run::New Categorical Node  attribute: 0
run::Categorical node child :0
run::Categorical node child :0
run::Categorical node child :0
run::Categorical node child :0
run::Categorical node child :0
run::Categorical Node Metadata 
Categorical attributes: $func (5)
Integer attributes: In chc run
In chc run
In chc run
In chc run
In chc run
In chc run
In chc run
In chc run
In chc run
In chc run
In chc run
get_conjectures:: Printing the Decision Tree
switch x[0]
 false
 if x[46] <= 0
  false
  if x[59] <= 0
   false
   true
 true
 false
 if x[180] <= -1
  true
  false
Return from map_dt_z3
In::get_unordered_map

=========================
Printing the conjectures
Conjecture: (declare-fun insertHead (Int Int Int) Bool)[|insertHead#0|, |insertHead#1|, |insertHead#2|] -> (<= (- |insertHead#1| |insertHead#2|) (- 1))
Conjecture: (declare-fun fail@ (Bool) Bool)[|fail@#0|] -> false
Conjecture: (declare-fun popHead (Int Int Int) Bool)[|popHead#0|, |popHead#1|, |popHead#2|] -> true
Conjecture: (declare-fun inv1 (Int Int Int) Bool)[|inv1#0|, |inv1#1|, |inv1#2|] -> (and (> (+ (- |inv1#1| |inv1#0|) |inv1#2|) 0) (> |inv1#1| 0))
Conjecture: (declare-fun inv2 (Int Int Int) Bool)[|inv2#0|, |inv2#1|, |inv2#2|] -> false
=========================
In::add_counterexample
In::get_unique_learner_datapoint
=============
get_unique_learner_datapoint::Current Teacher Datapoint: inv2(1, 0, 1)
get_int_data::Printing integer attributes
get_unique_learner_datapoint:: Current Teacher Datapoint: inv2(1, 0, 1)
In::get_unique_learner_datapoint
=============
get_unique_learner_datapoint::Current Teacher Datapoint: inv1(1, 1, 1)
get_int_data::Printing integer attributes
get_unique_learner_datapoint:: Current Teacher Datapoint: inv1(1, 1, 1)
add_counterexample Current teacher datapoint(horn) : {inv1(1, 1, 1)} => {inv2(1, 0, 1)}
===========================================
Learning Iteration: 15
===========================================
In :: get_conjectures
In :: learn_decision_tree
In :: horn_verification::learner<JobManager>::learner(const JobManager&) [with JobManager = horn_verification::complex_job_manager]
In:: learn
In  chc run
run::New Categorical Node  attribute: 0
run::Categorical node child :0
run::Categorical node child :0
run::Categorical node child :0
run::Categorical node child :0
run::Categorical node child :0
run::Categorical Node Metadata 
Categorical attributes: $func (5)
Integer attributes: In chc run
In chc run
In chc run
In chc run
In chc run
In chc run
In chc run
In chc run
In chc run
In chc run
In chc run
get_conjectures:: Printing the Decision Tree
switch x[0]
 false
 if x[85] <= -1
  true
  if x[46] <= 1
   false
   true
 true
 false
 if x[136] <= 0
  false
  true
Return from map_dt_z3
In::get_unordered_map

=========================
Printing the conjectures
Conjecture: (declare-fun insertHead (Int Int Int) Bool)[|insertHead#0|, |insertHead#1|, |insertHead#2|] -> (> |insertHead#0| 0)
Conjecture: (declare-fun fail@ (Bool) Bool)[|fail@#0|] -> false
Conjecture: (declare-fun popHead (Int Int Int) Bool)[|popHead#0|, |popHead#1|, |popHead#2|] -> true
Conjecture: (declare-fun inv1 (Int Int Int) Bool)[|inv1#0|, |inv1#1|, |inv1#2|] -> (or (<= (- |inv1#0| |inv1#1|) (- 1)) (and (> |inv1#1| 1) (> (- |inv1#0| |inv1#1|) (- 1))))
Conjecture: (declare-fun inv2 (Int Int Int) Bool)[|inv2#0|, |inv2#1|, |inv2#2|] -> false
=========================
In::add_counterexample
In::get_unique_learner_datapoint
=============
get_unique_learner_datapoint::Current Teacher Datapoint: inv2(0, 0, 2)
get_int_data::Printing integer attributes
get_unique_learner_datapoint:: Current Teacher Datapoint: inv2(0, 0, 2)
In::get_unique_learner_datapoint
=============
get_unique_learner_datapoint::Current Teacher Datapoint: inv1(2, 2, 0)
get_int_data::Printing integer attributes
get_unique_learner_datapoint:: Current Teacher Datapoint: inv1(2, 2, 0)
add_counterexample Current teacher datapoint(horn) : {inv1(2, 2, 0)} => {inv2(0, 0, 2)}
===========================================
Learning Iteration: 16
===========================================
In :: get_conjectures
In :: learn_decision_tree
In :: horn_verification::learner<JobManager>::learner(const JobManager&) [with JobManager = horn_verification::complex_job_manager]
In:: learn
In  chc run
run::New Categorical Node  attribute: 0
run::Categorical node child :0
run::Categorical node child :0
run::Categorical node child :0
run::Categorical node child :0
run::Categorical node child :0
run::Categorical Node Metadata 
Categorical attributes: $func (5)
Integer attributes: In chc run
In chc run
In chc run
In chc run
In chc run
In chc run
In chc run
In chc run
In chc run
In chc run
In chc run
In chc run
In chc run
In chc run
In chc run
get_conjectures:: Printing the Decision Tree
switch x[0]
 false
 if x[85] <= -1
  true
  if x[46] <= 1
   false
   if x[47] <= 0
    false
    true
 true
 false
 if x[136] <= 0
  false
  if x[138] <= 0
   false
   true
Return from map_dt_z3
In::get_unordered_map

=========================
Printing the conjectures
Conjecture: (declare-fun insertHead (Int Int Int) Bool)[|insertHead#0|, |insertHead#1|, |insertHead#2|] -> (and (> |insertHead#2| 0) (> |insertHead#0| 0))
Conjecture: (declare-fun fail@ (Bool) Bool)[|fail@#0|] -> false
Conjecture: (declare-fun popHead (Int Int Int) Bool)[|popHead#0|, |popHead#1|, |popHead#2|] -> true
Conjecture: (declare-fun inv1 (Int Int Int) Bool)[|inv1#0|, |inv1#1|, |inv1#2|] -> (or (<= (- |inv1#0| |inv1#1|) (- 1)) (and (> |inv1#2| 0) (> |inv1#1| 1) (> (- |inv1#0| |inv1#1|) (- 1))))
Conjecture: (declare-fun inv2 (Int Int Int) Bool)[|inv2#0|, |inv2#1|, |inv2#2|] -> false
=========================
In::add_counterexample
In::get_unique_learner_datapoint
=============
get_unique_learner_datapoint::Current Teacher Datapoint: inv2(1, 0, 2)
get_int_data::Printing integer attributes
get_unique_learner_datapoint:: Current Teacher Datapoint: inv2(1, 0, 2)
In::get_unique_learner_datapoint
=============
get_unique_learner_datapoint::Current Teacher Datapoint: inv1(2, 2, 1)
get_int_data::Printing integer attributes
get_unique_learner_datapoint:: Current Teacher Datapoint: inv1(2, 2, 1)
add_counterexample Current teacher datapoint(horn) : {inv1(2, 2, 1)} => {inv2(1, 0, 2)}
===========================================
Learning Iteration: 17
===========================================
In :: get_conjectures
In :: learn_decision_tree
In :: horn_verification::learner<JobManager>::learner(const JobManager&) [with JobManager = horn_verification::complex_job_manager]
In:: learn
In  chc run
run::New Categorical Node  attribute: 0
run::Categorical node child :0
run::Categorical node child :0
run::Categorical node child :0
run::Categorical node child :0
run::Categorical node child :0
run::Categorical Node Metadata 
Categorical attributes: $func (5)
Integer attributes: In chc run
In chc run
In chc run
In chc run
In chc run
In chc run
In chc run
In chc run
In chc run
In chc run
In chc run
In chc run
In chc run
In chc run
In chc run
get_conjectures:: Printing the Decision Tree
switch x[0]
 false
 if x[85] <= -1
  true
  if x[89] <= 1
   false
   if x[47] <= 0
    false
    true
 true
 false
 if x[136] <= 0
  false
  if x[175] <= 1
   false
   true
Return from map_dt_z3
In::get_unordered_map

=========================
Printing the conjectures
Conjecture: (declare-fun insertHead (Int Int Int) Bool)[|insertHead#0|, |insertHead#1|, |insertHead#2|] -> (and (> (+ |insertHead#0| |insertHead#1|) 1) (> |insertHead#0| 0))
Conjecture: (declare-fun fail@ (Bool) Bool)[|fail@#0|] -> false
Conjecture: (declare-fun popHead (Int Int Int) Bool)[|popHead#0|, |popHead#1|, |popHead#2|] -> true
Conjecture: (declare-fun inv1 (Int Int Int) Bool)[|inv1#0|, |inv1#1|, |inv1#2|] -> (or (<= (- |inv1#0| |inv1#1|) (- 1)) (and (> |inv1#2| 0) (> (- |inv1#1| |inv1#2|) 1) (> (- |inv1#0| |inv1#1|) (- 1))))
Conjecture: (declare-fun inv2 (Int Int Int) Bool)[|inv2#0|, |inv2#1|, |inv2#2|] -> false
=========================
In::add_counterexample
In::get_unique_learner_datapoint
=============
get_unique_learner_datapoint::Current Teacher Datapoint: inv2(1, 0, 3)
get_int_data::Printing integer attributes
get_unique_learner_datapoint:: Current Teacher Datapoint: inv2(1, 0, 3)
In::get_unique_learner_datapoint
=============
get_unique_learner_datapoint::Current Teacher Datapoint: inv1(3, 3, 1)
get_int_data::Printing integer attributes
get_unique_learner_datapoint:: Current Teacher Datapoint: inv1(3, 3, 1)
add_counterexample Current teacher datapoint(horn) : {inv1(3, 3, 1)} => {inv2(1, 0, 3)}
In::add_counterexample
In::get_unique_learner_datapoint
=============
get_unique_learner_datapoint::Current Teacher Datapoint: inv1(3, 3, 0)
get_int_data::Printing integer attributes
get_unique_learner_datapoint:: Current Teacher Datapoint: inv1(3, 3, 0)
In::get_unique_learner_datapoint
=============
get_unique_learner_datapoint::Current Teacher Datapoint: insertHead(2, 1, 0)
get_int_data::Printing integer attributes
get_unique_learner_datapoint:: Current Teacher Datapoint: insertHead(2, 1, 0)
In::get_unique_learner_datapoint
=============
get_unique_learner_datapoint::Current Teacher Datapoint: inv1(2, 3, 1)
get_int_data::Printing integer attributes
get_unique_learner_datapoint:: Current Teacher Datapoint: inv1(2, 3, 1)
add_counterexample Current teacher datapoint(horn) : {insertHead(2, 1, 0), inv1(2, 3, 1)} => {inv1(3, 3, 0)}
===========================================
Learning Iteration: 18
===========================================
In :: get_conjectures
In :: learn_decision_tree
In :: horn_verification::learner<JobManager>::learner(const JobManager&) [with JobManager = horn_verification::complex_job_manager]
In:: learn
In  chc run
run::New Categorical Node  attribute: 0
run::Categorical node child :0
run::Categorical node child :0
run::Categorical node child :0
run::Categorical node child :0
run::Categorical node child :0
run::Categorical Node Metadata 
Categorical attributes: $func (5)
Integer attributes: In chc run
In chc run
In chc run
In chc run
In chc run
In chc run
In chc run
In chc run
In chc run
In chc run
In chc run
get_conjectures:: Printing the Decision Tree
switch x[0]
 false
 if x[85] <= -1
  if x[45] <= 0
   true
   false
  false
 true
 false
 if x[136] <= 0
  false
  true
Return from map_dt_z3
In::get_unordered_map

=========================
Printing the conjectures
Conjecture: (declare-fun insertHead (Int Int Int) Bool)[|insertHead#0|, |insertHead#1|, |insertHead#2|] -> (> |insertHead#0| 0)
Conjecture: (declare-fun fail@ (Bool) Bool)[|fail@#0|] -> false
Conjecture: (declare-fun popHead (Int Int Int) Bool)[|popHead#0|, |popHead#1|, |popHead#2|] -> true
Conjecture: (declare-fun inv1 (Int Int Int) Bool)[|inv1#0|, |inv1#1|, |inv1#2|] -> (and (<= |inv1#0| 0) (<= (- |inv1#0| |inv1#1|) (- 1)))
Conjecture: (declare-fun inv2 (Int Int Int) Bool)[|inv2#0|, |inv2#1|, |inv2#2|] -> false
=========================
Success (checked 168 CHCs, invoked learner 19 times)
(declare-fun insertHead (Int Int Int) Bool) => [|insertHead#0|, |insertHead#1|, |insertHead#2|] -> (> |insertHead#0| 0)
Simplified Formual
(declare-fun fail@ (Bool) Bool) => [|fail@#0|] -> false
Simplified Formual
(declare-fun popHead (Int Int Int) Bool) => [|popHead#0|, |popHead#1|, |popHead#2|] -> true
Simplified Formual
(declare-fun inv1 (Int Int Int) Bool) => [|inv1#0|, |inv1#1|, |inv1#2|] -> (and (<= |inv1#0| 0) (<= (- |inv1#0| |inv1#1|) (- 1)))
Simplified Formual
(declare-fun inv2 (Int Int Int) Bool) => [|inv2#0|, |inv2#1|, |inv2#2|] -> false
Simplified Formual
Final Relations read
Relation : 3(declare-fun inv2 (Int Int Int) Bool)inv2
Relation : 3(declare-fun inv1 (Int Int Int) Bool)inv1
Relation : 3(declare-fun popHead (Int Int Int) Bool)popHead
Relation : 1(declare-fun fail@ (Bool) Bool)fail@
Relation : 3(declare-fun insertHead (Int Int Int) Bool)insertHead
Final CHCs read
CHC : (fail@ true)
CHC : (insertHead k!42 k!43 k!39)
CHC : (inv1 k!42 k!40 k!43)
CHC : (inv1 k!47 k!44 k!46)
CHC : (popHead k!53 k!52 k!50)
CHC : (inv2 k!53 k!51 k!48)
CHC : (inv2 k!56 k!55 k!54)
Total time: 1.88
