
========================================
         Starting Pipeline for: AlternatingList (Mode: ClassicalHornICE)
========================================
Initializing pipeline for benchmark: 'AlternatingList'
   -> Loading and validating attributes from: /Dualis/scripts/../benchmarks/Classical/AlternatingList/Attributes.txt
      -> Validation successful. Attribute file is consistent.

==================== Iteration: 1 ====================
TIMEOUT : 20
   -> Parsing CHC file: /Dualis/scripts/../benchmarks/ClassicalHornICE_working_temp/AlternatingList/AlternatingList.smt2
   -> Starting HornICE with a 1000-second timeout...
      -> Logging HornICE output to iter_1.log
   -> HornICE completed successfully.
   -> Analyzing HornICE log file: iter_1.log
      -> Found 7 internal iterations.
   -> Writing new specs to harness: push_fuzz.cpp...
      -> Successfully created working copy '/Dualis/scripts/../benchmarks/ClassicalHornICE_working_temp/AlternatingList/push_fuzz.cpp'.
   -> Starting AFL++(push_fuzz) with a 20-second timeout...
   -> Building AFL-instrumented binary: /Dualis/scripts/../benchmarks/ClassicalHornICE_working_temp/AlternatingList/push_fuzz
   -> AFL++(push_fuzz) finished its fuzzing session.
   -> Checking fuzzing outputs for counterexamples...
Checking crashes
   -> Found 8 crash reports. Testing reproducibility...
   -> CRASH REPRODUCED with id:000002,sig:06,src:000000,time:2,execs:25,op:havoc,rep:2
   -> CRASH REPRODUCED with id:000003,sig:06,src:000000,time:2,execs:27,op:havoc,rep:1
   -> CRASH REPRODUCED with id:000005,sig:06,src:000000,time:4,execs:48,op:havoc,rep:4
   -> CRASH REPRODUCED with id:000007,sig:06,src:000000,time:8,execs:81,op:havoc,rep:4
   -> CRASH REPRODUCED with id:000000,sig:06,src:000000,time:0,execs:19,op:havoc,rep:3
   -> CRASH REPRODUCED with id:000004,sig:06,src:000000,time:3,execs:35,op:havoc,rep:3
   -> CRASH REPRODUCED with id:000001,sig:06,src:000000,time:1,execs:23,op:havoc,rep:2
   -> CRASH REPRODUCED with id:000006,sig:06,src:000000,time:5,execs:61,op:havoc,rep:3
Checking queue
   -> Found 1 crash reports. Testing reproducibility...
Checking hangs
   -> Converting counterexamples for 'push'...
      -> Found and validated 8 new rules.
   -> Updating CHC file with new counterexamples...

=============== Artifacts This Iteration ===============

--- Generated Specs ---
  inv: (((len + flag) > 0) && (len <= 0))
  push: (false)

--- New Test Cases Found ---

--- Updated CHCs (for next iteration) ---
(declare-var flag Int)
(declare-var flag1 Int)
(declare-var top Int)
(declare-var top1 Int)
(declare-var len Int)
(declare-var len1 Int)
(declare-var val Int)
(declare-rel push (Int Int Int Int Int))
(declare-rel inv (Int Int Int))
(declare-rel fail ())
(define-fun MAX () Int 128)

(rule (=> (and (= val 0) (= top 1) (= len 1) (= top1 1) (= len1 1)) (push val top len top1 len1)))
(rule (=> (and (= val 1) (= top 128) (= len 0) (= top1 1) (= len1 1)) (push val top len top1 len1)))
(rule (=> (and (= val 1) (= top 1) (= len 7) (= top1 1) (= len1 8)) (push val top len top1 len1)))
(rule (=> (and (= val 1) (= top 1) (= len 1) (= top1 1) (= len1 2)) (push val top len top1 len1)))
(rule (=> (and (= val 0) (= top 128) (= len 0) (= top1 128) (= len1 0)) (push val top len top1 len1)))
(rule (=> (and (= val -1) (= top 128) (= len 0) (= top1 128) (= len1 0)) (push val top len top1 len1)))
(rule (=> (and (= val -2) (= top 128) (= len 0) (= top1 128) (= len1 0)) (push val top len top1 len1)))
(rule (=> (and (= val 2) (= top 2) (= len 1) (= top1 2) (= len1 2)) (push val top len top1 len1)))

(rule (=> (and (= flag 1) (= len 0) (= top MAX) ) (inv top len flag)))
(rule (=> (and (inv top len flag) (= flag 1) (= val 1) (push val top len top1 len1) (= flag1 0)) (inv top1 len1 flag1)))
(rule (=> (and (inv top len flag) (not (= flag 1)) (= val 2) (push val top len top1 len1) (= flag1 1)) (inv top1 len1 flag1)))
(rule (=> (and (inv top len flag) (not (or (= len 0) (and (=> (= flag 0) (= top 1)) (=> (= flag 1) (= top 2)))))) fail))

(query fail :print-certificate true)
==============================================================
   -> Checking if specs have changed...
      -> CHC files are different. Continuing iteration.

==================== Iteration: 2 ====================
TIMEOUT : 40
   -> Parsing CHC file: /Dualis/scripts/../benchmarks/ClassicalHornICE_working_temp/AlternatingList/AlternatingList.smt2
   -> Starting HornICE with a 1000-second timeout...
      -> Logging HornICE output to iter_2.log
   -> HornICE completed successfully.
   -> Analyzing HornICE log file: iter_2.log
      -> Found 23 internal iterations.
   -> Writing new specs to harness: push_fuzz.cpp...
      -> Successfully created working copy '/Dualis/scripts/../benchmarks/ClassicalHornICE_working_temp/AlternatingList/push_fuzz.cpp'.
   -> Starting AFL++(push_fuzz) with a 40-second timeout...
   -> Building AFL-instrumented binary: /Dualis/scripts/../benchmarks/ClassicalHornICE_working_temp/AlternatingList/push_fuzz
   -> AFL++(push_fuzz) finished its fuzzing session.
   -> Checking fuzzing outputs for counterexamples...
Checking crashes
   -> Found 5 crash reports. Testing reproducibility...
   -> CRASH REPRODUCED with id:000002,sig:06,src:000000,time:6,execs:173,op:havoc,rep:15
   -> CRASH REPRODUCED with id:000003,sig:06,src:000000,time:8,execs:204,op:havoc,rep:16
   -> CRASH REPRODUCED with id:000000,sig:06,src:000000,time:2,execs:90,op:havoc,rep:16
   -> CRASH REPRODUCED with id:000001,sig:06,src:000000,time:3,execs:104,op:havoc,rep:16
   -> CRASH REPRODUCED with id:000004,sig:06,src:000000,time:9,execs:224,op:havoc,rep:15
Checking queue
   -> Found 34 crash reports. Testing reproducibility...
Checking hangs
   -> Converting counterexamples for 'push'...
      -> Found and validated 5 new rules.
   -> Updating CHC file with new counterexamples...

=============== Artifacts This Iteration ===============

--- Generated Specs ---
  push: ((((((top1 - val) + top1) > 0) && (top1 <= 1)) || (((val <= 0) || (((val - top1) > (-1)) && (val > 0))) && (top1 > 1))) && (top1 > 0))
  inv: ((((top - flag) <= 1) || ((len > (-1)) && (len <= 0) && ((top - flag) > 1))) && ((top - flag) > 0))

--- New Test Cases Found ---

--- Updated CHCs (for next iteration) ---
(declare-var flag Int)
(declare-var flag1 Int)
(declare-var top Int)
(declare-var top1 Int)
(declare-var len Int)
(declare-var len1 Int)
(declare-var val Int)
(declare-rel push (Int Int Int Int Int))
(declare-rel inv (Int Int Int))
(declare-rel fail ())
(define-fun MAX () Int 128)

(rule (=> (and (= val 9) (= top 128) (= len 0) (= top1 128) (= len1 0)) (push val top len top1 len1)))
(rule (=> (and (= val 4) (= top 128) (= len 0) (= top1 128) (= len1 0)) (push val top len top1 len1)))
(rule (=> (and (= val 16) (= top 1) (= len 10) (= top1 1) (= len1 10)) (push val top len top1 len1)))
(rule (=> (and (= val 16) (= top 128) (= len 0) (= top1 128) (= len1 0)) (push val top len top1 len1)))
(rule (=> (and (= val 10) (= top 1) (= len 3) (= top1 1) (= len1 3)) (push val top len top1 len1)))

(rule (=> (and (= val 0) (= top 1) (= len 1) (= top1 1) (= len1 1)) (push val top len top1 len1)))
(rule (=> (and (= val 1) (= top 128) (= len 0) (= top1 1) (= len1 1)) (push val top len top1 len1)))
(rule (=> (and (= val 1) (= top 1) (= len 7) (= top1 1) (= len1 8)) (push val top len top1 len1)))
(rule (=> (and (= val 1) (= top 1) (= len 1) (= top1 1) (= len1 2)) (push val top len top1 len1)))
(rule (=> (and (= val 0) (= top 128) (= len 0) (= top1 128) (= len1 0)) (push val top len top1 len1)))
(rule (=> (and (= val -1) (= top 128) (= len 0) (= top1 128) (= len1 0)) (push val top len top1 len1)))
(rule (=> (and (= val -2) (= top 128) (= len 0) (= top1 128) (= len1 0)) (push val top len top1 len1)))
(rule (=> (and (= val 2) (= top 2) (= len 1) (= top1 2) (= len1 2)) (push val top len top1 len1)))
(rule (=> (and (= flag 1) (= len 0) (= top MAX) ) (inv top len flag)))
(rule (=> (and (inv top len flag) (= flag 1) (= val 1) (push val top len top1 len1) (= flag1 0)) (inv top1 len1 flag1)))
(rule (=> (and (inv top len flag) (not (= flag 1)) (= val 2) (push val top len top1 len1) (= flag1 1)) (inv top1 len1 flag1)))
(rule (=> (and (inv top len flag) (not (or (= len 0) (and (=> (= flag 0) (= top 1)) (=> (= flag 1) (= top 2)))))) fail))

(query fail :print-certificate true)
==============================================================
   -> Checking if specs have changed...
      -> CHC files are different. Continuing iteration.

==================== Iteration: 3 ====================
TIMEOUT : 60
   -> Parsing CHC file: /Dualis/scripts/../benchmarks/ClassicalHornICE_working_temp/AlternatingList/AlternatingList.smt2
   -> Starting HornICE with a 1000-second timeout...
      -> Logging HornICE output to iter_3.log
   -> HornICE completed successfully.
   -> Analyzing HornICE log file: iter_3.log
      -> Found 36 internal iterations.
   -> Writing new specs to harness: push_fuzz.cpp...
      -> Successfully created working copy '/Dualis/scripts/../benchmarks/ClassicalHornICE_working_temp/AlternatingList/push_fuzz.cpp'.
   -> Starting AFL++(push_fuzz) with a 60-second timeout...
   -> Building AFL-instrumented binary: /Dualis/scripts/../benchmarks/ClassicalHornICE_working_temp/AlternatingList/push_fuzz
   -> AFL++(push_fuzz) finished its fuzzing session.
   -> Checking fuzzing outputs for counterexamples...
Checking crashes
   -> Found 6 crash reports. Testing reproducibility...
   -> CRASH REPRODUCED with id:000004,sig:06,src:000000,time:1289,execs:867,op:havoc,rep:5
   -> CRASH REPRODUCED with id:000002,sig:06,src:000000,time:442,execs:391,op:havoc,rep:3
   -> CRASH REPRODUCED with id:000001,sig:06,src:000000,time:306,execs:371,op:havoc,rep:14
   -> CRASH REPRODUCED with id:000003,sig:06,src:000000,time:608,execs:412,op:havoc,rep:6
   -> CRASH REPRODUCED with id:000000,sig:06,src:000000,time:155,execs:54,op:havoc,rep:4
   -> CRASH REPRODUCED with id:000005,sig:06,src:000000,time:3776,execs:2695,op:havoc,rep:14
Checking queue
   -> Found 53 crash reports. Testing reproducibility...
Checking hangs
   -> Converting counterexamples for 'push'...
      -> Found and validated 3 new rules.
   -> Updating CHC file with new counterexamples...

=============== Artifacts This Iteration ===============

--- Generated Specs ---
  push: (((((((len - len1) - len1) <= 0) && (len <= 0) && (((len - val) - len) <= (-1))) || (((len - val) - len) > (-1))) && (len1 <= 0)) || ((((((val - len) <= 0) || (((top1 - len1) <= 0) && ((val - top1) <= 0) && (((top + len) - top1) > 0) && ((val - len) <= 1) && ((val - len1) > (-1)) && ((val - len1) <= 0) && ((val - len) > 0))) && ((val - len1) <= 1)) || ((val - len1) > 1)) && (len1 > 0)))
  inv: (((len <= 0) || (((top + flag) > 0) && (((top - len) - flag) <= 0) && (len > 0))) && (len > (-1)) && ((len + flag) <= 1))

--- New Test Cases Found ---

--- Updated CHCs (for next iteration) ---
(declare-var flag Int)
(declare-var flag1 Int)
(declare-var top Int)
(declare-var top1 Int)
(declare-var len Int)
(declare-var len1 Int)
(declare-var val Int)
(declare-rel push (Int Int Int Int Int))
(declare-rel inv (Int Int Int))
(declare-rel fail ())
(define-fun MAX () Int 128)

(rule (=> (and (= val 2) (= top 128) (= len 0) (= top1 2) (= len1 1)) (push val top len top1 len1)))
(rule (=> (and (= val 2) (= top 1) (= len 1) (= top1 2) (= len1 2)) (push val top len top1 len1)))
(rule (=> (and (= val 7) (= top 1) (= len 6) (= top1 1) (= len1 6)) (push val top len top1 len1)))

(rule (=> (and (= val 9) (= top 128) (= len 0) (= top1 128) (= len1 0)) (push val top len top1 len1)))
(rule (=> (and (= val 4) (= top 128) (= len 0) (= top1 128) (= len1 0)) (push val top len top1 len1)))
(rule (=> (and (= val 16) (= top 1) (= len 10) (= top1 1) (= len1 10)) (push val top len top1 len1)))
(rule (=> (and (= val 16) (= top 128) (= len 0) (= top1 128) (= len1 0)) (push val top len top1 len1)))
(rule (=> (and (= val 10) (= top 1) (= len 3) (= top1 1) (= len1 3)) (push val top len top1 len1)))
(rule (=> (and (= val 0) (= top 1) (= len 1) (= top1 1) (= len1 1)) (push val top len top1 len1)))
(rule (=> (and (= val 1) (= top 128) (= len 0) (= top1 1) (= len1 1)) (push val top len top1 len1)))
(rule (=> (and (= val 1) (= top 1) (= len 7) (= top1 1) (= len1 8)) (push val top len top1 len1)))
(rule (=> (and (= val 1) (= top 1) (= len 1) (= top1 1) (= len1 2)) (push val top len top1 len1)))
(rule (=> (and (= val 0) (= top 128) (= len 0) (= top1 128) (= len1 0)) (push val top len top1 len1)))
(rule (=> (and (= val -1) (= top 128) (= len 0) (= top1 128) (= len1 0)) (push val top len top1 len1)))
(rule (=> (and (= val -2) (= top 128) (= len 0) (= top1 128) (= len1 0)) (push val top len top1 len1)))
(rule (=> (and (= val 2) (= top 2) (= len 1) (= top1 2) (= len1 2)) (push val top len top1 len1)))
(rule (=> (and (= flag 1) (= len 0) (= top MAX) ) (inv top len flag)))
(rule (=> (and (inv top len flag) (= flag 1) (= val 1) (push val top len top1 len1) (= flag1 0)) (inv top1 len1 flag1)))
(rule (=> (and (inv top len flag) (not (= flag 1)) (= val 2) (push val top len top1 len1) (= flag1 1)) (inv top1 len1 flag1)))
(rule (=> (and (inv top len flag) (not (or (= len 0) (and (=> (= flag 0) (= top 1)) (=> (= flag 1) (= top 2)))))) fail))

(query fail :print-certificate true)
==============================================================
   -> Checking if specs have changed...
      -> CHC files are different. Continuing iteration.

==================== Iteration: 4 ====================
TIMEOUT : 80
   -> Parsing CHC file: /Dualis/scripts/../benchmarks/ClassicalHornICE_working_temp/AlternatingList/AlternatingList.smt2
   -> Starting HornICE with a 1000-second timeout...
      -> Logging HornICE output to iter_4.log
   -> HornICE completed successfully.
   -> Analyzing HornICE log file: iter_4.log
      -> Found 67 internal iterations.
   -> Writing new specs to harness: push_fuzz.cpp...
      -> Successfully created working copy '/Dualis/scripts/../benchmarks/ClassicalHornICE_working_temp/AlternatingList/push_fuzz.cpp'.
   -> Starting AFL++(push_fuzz) with a 80-second timeout...
   -> Building AFL-instrumented binary: /Dualis/scripts/../benchmarks/ClassicalHornICE_working_temp/AlternatingList/push_fuzz
   -> AFL++(push_fuzz) finished its fuzzing session.
   -> Checking fuzzing outputs for counterexamples...
Checking crashes
   -> Found 6 crash reports. Testing reproducibility...
   -> CRASH REPRODUCED with id:000000,sig:06,src:000000,time:240,execs:208,op:havoc,rep:2
   -> CRASH REPRODUCED with id:000001,sig:06,src:000000,time:415,execs:242,op:havoc,rep:1
   -> CRASH REPRODUCED with id:000002,sig:06,src:000000,time:618,execs:298,op:havoc,rep:4
   -> CRASH REPRODUCED with id:000003,sig:06,src:000000,time:1612,execs:799,op:havoc,rep:4
   -> CRASH REPRODUCED with id:000005,sig:06,src:000013,time:77847,execs:19942,op:havoc,rep:3
   -> CRASH REPRODUCED with id:000004,sig:06,src:000033,time:31824,execs:13478,op:havoc,rep:2
Checking queue
   -> Found 35 crash reports. Testing reproducibility...
Checking hangs
   -> Converting counterexamples for 'push'...
      -> Found and validated 4 new rules.
   -> Updating CHC file with new counterexamples...

=============== Artifacts This Iteration ===============

--- Generated Specs ---
  push: ((((val <= 0) || ((((((((val - len) <= 0) || (((val - len1) <= 0) && ((val - len1) > (-1)) && ((val - len) > 0))) && ((len - top1) <= 0) && (((len - val) - top1) <= 0)) || (((len - val) - top1) > 0)) && ((val - top1) <= 0) && (((val - top1) - top1) <= 0)) || (((val - top1) - top1) > 0)) && (top1 > 0) && ((val - top1) > (-1)) && (val > 0))) && ((val - len) <= 1)) || ((val - len) > 1))
  inv: ((((top - len) <= 0) && ((top - flag) > 0) && ((len - flag) <= 1) && (((len - top) + flag) <= 1) && ((len - flag) > 0) && (((top - flag) - flag) <= 1)) || (((len + flag) > 0) && (len <= 0) && (flag <= 1) && (flag > 0) && (((top - flag) - flag) > 1)))

--- New Test Cases Found ---

--- Updated CHCs (for next iteration) ---
(declare-var flag Int)
(declare-var flag1 Int)
(declare-var top Int)
(declare-var top1 Int)
(declare-var len Int)
(declare-var len1 Int)
(declare-var val Int)
(declare-rel push (Int Int Int Int Int))
(declare-rel inv (Int Int Int))
(declare-rel fail ())
(define-fun MAX () Int 128)

(rule (=> (and (= val 1) (= top 1) (= len 2) (= top1 1) (= len1 3)) (push val top len top1 len1)))
(rule (=> (and (= val 1) (= top 2) (= len 2) (= top1 1) (= len1 3)) (push val top len top1 len1)))
(rule (=> (and (= val 3) (= top 2) (= len 2) (= top1 2) (= len1 2)) (push val top len top1 len1)))
(rule (=> (and (= val 2) (= top 2) (= len 3) (= top1 2) (= len1 4)) (push val top len top1 len1)))

(rule (=> (and (= val 2) (= top 128) (= len 0) (= top1 2) (= len1 1)) (push val top len top1 len1)))
(rule (=> (and (= val 2) (= top 1) (= len 1) (= top1 2) (= len1 2)) (push val top len top1 len1)))
(rule (=> (and (= val 7) (= top 1) (= len 6) (= top1 1) (= len1 6)) (push val top len top1 len1)))
(rule (=> (and (= val 9) (= top 128) (= len 0) (= top1 128) (= len1 0)) (push val top len top1 len1)))
(rule (=> (and (= val 4) (= top 128) (= len 0) (= top1 128) (= len1 0)) (push val top len top1 len1)))
(rule (=> (and (= val 16) (= top 1) (= len 10) (= top1 1) (= len1 10)) (push val top len top1 len1)))
(rule (=> (and (= val 16) (= top 128) (= len 0) (= top1 128) (= len1 0)) (push val top len top1 len1)))
(rule (=> (and (= val 10) (= top 1) (= len 3) (= top1 1) (= len1 3)) (push val top len top1 len1)))
(rule (=> (and (= val 0) (= top 1) (= len 1) (= top1 1) (= len1 1)) (push val top len top1 len1)))
(rule (=> (and (= val 1) (= top 128) (= len 0) (= top1 1) (= len1 1)) (push val top len top1 len1)))
(rule (=> (and (= val 1) (= top 1) (= len 7) (= top1 1) (= len1 8)) (push val top len top1 len1)))
(rule (=> (and (= val 1) (= top 1) (= len 1) (= top1 1) (= len1 2)) (push val top len top1 len1)))
(rule (=> (and (= val 0) (= top 128) (= len 0) (= top1 128) (= len1 0)) (push val top len top1 len1)))
(rule (=> (and (= val -1) (= top 128) (= len 0) (= top1 128) (= len1 0)) (push val top len top1 len1)))
(rule (=> (and (= val -2) (= top 128) (= len 0) (= top1 128) (= len1 0)) (push val top len top1 len1)))
(rule (=> (and (= val 2) (= top 2) (= len 1) (= top1 2) (= len1 2)) (push val top len top1 len1)))
(rule (=> (and (= flag 1) (= len 0) (= top MAX) ) (inv top len flag)))
(rule (=> (and (inv top len flag) (= flag 1) (= val 1) (push val top len top1 len1) (= flag1 0)) (inv top1 len1 flag1)))
(rule (=> (and (inv top len flag) (not (= flag 1)) (= val 2) (push val top len top1 len1) (= flag1 1)) (inv top1 len1 flag1)))
(rule (=> (and (inv top len flag) (not (or (= len 0) (and (=> (= flag 0) (= top 1)) (=> (= flag 1) (= top 2)))))) fail))

(query fail :print-certificate true)
==============================================================
   -> Checking if specs have changed...
      -> CHC files are different. Continuing iteration.

==================== Iteration: 5 ====================
TIMEOUT : 100
   -> Parsing CHC file: /Dualis/scripts/../benchmarks/ClassicalHornICE_working_temp/AlternatingList/AlternatingList.smt2
   -> Starting HornICE with a 1000-second timeout...
      -> Logging HornICE output to iter_5.log
   -> HornICE completed successfully.
   -> Analyzing HornICE log file: iter_5.log
      -> Found 55 internal iterations.
   -> Writing new specs to harness: push_fuzz.cpp...
      -> Successfully created working copy '/Dualis/scripts/../benchmarks/ClassicalHornICE_working_temp/AlternatingList/push_fuzz.cpp'.
   -> Starting AFL++(push_fuzz) with a 100-second timeout...
   -> Building AFL-instrumented binary: /Dualis/scripts/../benchmarks/ClassicalHornICE_working_temp/AlternatingList/push_fuzz
   -> AFL++(push_fuzz) finished its fuzzing session.
   -> Checking fuzzing outputs for counterexamples...
Checking crashes
   -> Found 4 crash reports. Testing reproducibility...
   -> CRASH REPRODUCED with id:000001,sig:06,src:000000,time:382,execs:1243,op:havoc,rep:5
   -> CRASH REPRODUCED with id:000003,sig:06,src:000032,time:2837,execs:13416,op:havoc,rep:10
   -> CRASH REPRODUCED with id:000002,sig:06,src:000000,time:932,execs:4885,op:havoc,rep:6
   -> CRASH REPRODUCED with id:000000,sig:06,src:000000,time:177,execs:853,op:havoc,rep:8
Checking queue
   -> Found 43 crash reports. Testing reproducibility...
Checking hangs
   -> Converting counterexamples for 'push'...
      -> Found and validated 4 new rules.
   -> Updating CHC file with new counterexamples...

=============== Artifacts This Iteration ===============

--- Generated Specs ---
  push: ((((top1 > 1) && (((len1 - len) - len1) <= 0) && (len1 <= 0)) || ((((((val <= 0) && ((val - top1) <= (-1))) || ((((((val - top) - top1) > 0) && (((val + top) - len1) > 1) && (((top1 - val) + top1) <= 0)) || (((top1 - val) + top1) > 0)) && ((val - top1) > (-1)))) && (((val - len) - top1) <= 0) && ((val - len1) <= 1)) || ((val - len1) > 1)) && (len1 > 0))) && ((len - len1) <= 0))
  inv: ((((top - flag) > 0) && ((top - flag) <= 1)) || ((len > (-1)) && (len <= 0) && ((top - flag) > 1)))

--- New Test Cases Found ---

--- Updated CHCs (for next iteration) ---
(declare-var flag Int)
(declare-var flag1 Int)
(declare-var top Int)
(declare-var top1 Int)
(declare-var len Int)
(declare-var len1 Int)
(declare-var val Int)
(declare-rel push (Int Int Int Int Int))
(declare-rel inv (Int Int Int))
(declare-rel fail ())
(define-fun MAX () Int 128)

(rule (=> (and (= val 12) (= top 1) (= len 13) (= top1 1) (= len1 13)) (push val top len top1 len1)))
(rule (=> (and (= val 4) (= top 2) (= len 3) (= top1 2) (= len1 3)) (push val top len top1 len1)))
(rule (=> (and (= val 3) (= top 1) (= len 8) (= top1 1) (= len1 8)) (push val top len top1 len1)))
(rule (=> (and (= val 16) (= top 1) (= len 22) (= top1 1) (= len1 22)) (push val top len top1 len1)))

(rule (=> (and (= val 1) (= top 1) (= len 2) (= top1 1) (= len1 3)) (push val top len top1 len1)))
(rule (=> (and (= val 1) (= top 2) (= len 2) (= top1 1) (= len1 3)) (push val top len top1 len1)))
(rule (=> (and (= val 3) (= top 2) (= len 2) (= top1 2) (= len1 2)) (push val top len top1 len1)))
(rule (=> (and (= val 2) (= top 2) (= len 3) (= top1 2) (= len1 4)) (push val top len top1 len1)))
(rule (=> (and (= val 2) (= top 128) (= len 0) (= top1 2) (= len1 1)) (push val top len top1 len1)))
(rule (=> (and (= val 2) (= top 1) (= len 1) (= top1 2) (= len1 2)) (push val top len top1 len1)))
(rule (=> (and (= val 7) (= top 1) (= len 6) (= top1 1) (= len1 6)) (push val top len top1 len1)))
(rule (=> (and (= val 9) (= top 128) (= len 0) (= top1 128) (= len1 0)) (push val top len top1 len1)))
(rule (=> (and (= val 4) (= top 128) (= len 0) (= top1 128) (= len1 0)) (push val top len top1 len1)))
(rule (=> (and (= val 16) (= top 1) (= len 10) (= top1 1) (= len1 10)) (push val top len top1 len1)))
(rule (=> (and (= val 16) (= top 128) (= len 0) (= top1 128) (= len1 0)) (push val top len top1 len1)))
(rule (=> (and (= val 10) (= top 1) (= len 3) (= top1 1) (= len1 3)) (push val top len top1 len1)))
(rule (=> (and (= val 0) (= top 1) (= len 1) (= top1 1) (= len1 1)) (push val top len top1 len1)))
(rule (=> (and (= val 1) (= top 128) (= len 0) (= top1 1) (= len1 1)) (push val top len top1 len1)))
(rule (=> (and (= val 1) (= top 1) (= len 7) (= top1 1) (= len1 8)) (push val top len top1 len1)))
(rule (=> (and (= val 1) (= top 1) (= len 1) (= top1 1) (= len1 2)) (push val top len top1 len1)))
(rule (=> (and (= val 0) (= top 128) (= len 0) (= top1 128) (= len1 0)) (push val top len top1 len1)))
(rule (=> (and (= val -1) (= top 128) (= len 0) (= top1 128) (= len1 0)) (push val top len top1 len1)))
(rule (=> (and (= val -2) (= top 128) (= len 0) (= top1 128) (= len1 0)) (push val top len top1 len1)))
(rule (=> (and (= val 2) (= top 2) (= len 1) (= top1 2) (= len1 2)) (push val top len top1 len1)))
(rule (=> (and (= flag 1) (= len 0) (= top MAX) ) (inv top len flag)))
(rule (=> (and (inv top len flag) (= flag 1) (= val 1) (push val top len top1 len1) (= flag1 0)) (inv top1 len1 flag1)))
(rule (=> (and (inv top len flag) (not (= flag 1)) (= val 2) (push val top len top1 len1) (= flag1 1)) (inv top1 len1 flag1)))
(rule (=> (and (inv top len flag) (not (or (= len 0) (and (=> (= flag 0) (= top 1)) (=> (= flag 1) (= top 2)))))) fail))

(query fail :print-certificate true)
==============================================================
   -> Checking if specs have changed...
      -> CHC files are different. Continuing iteration.

==================== Iteration: 6 ====================
TIMEOUT : 120
   -> Parsing CHC file: /Dualis/scripts/../benchmarks/ClassicalHornICE_working_temp/AlternatingList/AlternatingList.smt2
   -> Starting HornICE with a 1000-second timeout...
      -> Logging HornICE output to iter_6.log
   -> HornICE completed successfully.
   -> Analyzing HornICE log file: iter_6.log
      -> Found 56 internal iterations.
   -> Writing new specs to harness: push_fuzz.cpp...
      -> Successfully created working copy '/Dualis/scripts/../benchmarks/ClassicalHornICE_working_temp/AlternatingList/push_fuzz.cpp'.
   -> Starting AFL++(push_fuzz) with a 120-second timeout...
   -> Building AFL-instrumented binary: /Dualis/scripts/../benchmarks/ClassicalHornICE_working_temp/AlternatingList/push_fuzz
   -> AFL++(push_fuzz) finished its fuzzing session.
   -> Checking fuzzing outputs for counterexamples...
Checking crashes
Checking queue
   -> Found 66 crash reports. Testing reproducibility...
Checking hangs
   -> Converting counterexamples for 'push'...
   -> Updating CHC file with new counterexamples...

=============== Artifacts This Iteration ===============

--- Generated Specs ---
  push: (((((len1 > (-1)) && (len1 <= 0)) || ((val <= 0) && (len1 > 0))) && ((val - top1) <= (-1))) || (((((val - top1) > 1) && (((top1 - val) + top1) <= 0)) || (((top1 - val) + top1) > 0)) && (top1 > 0) && ((val - top1) > (-1))))
  inv: ((((top - flag) > 0) && ((top - flag) <= 1)) || ((len > (-1)) && (len <= 0) && ((top - flag) > 1)))

--- New Test Cases Found ---

--- Updated CHCs (for next iteration) ---
(declare-var flag Int)
(declare-var flag1 Int)
(declare-var top Int)
(declare-var top1 Int)
(declare-var len Int)
(declare-var len1 Int)
(declare-var val Int)
(declare-rel push (Int Int Int Int Int))
(declare-rel inv (Int Int Int))
(declare-rel fail ())
(define-fun MAX () Int 128)


(rule (=> (and (= val 12) (= top 1) (= len 13) (= top1 1) (= len1 13)) (push val top len top1 len1)))
(rule (=> (and (= val 4) (= top 2) (= len 3) (= top1 2) (= len1 3)) (push val top len top1 len1)))
(rule (=> (and (= val 3) (= top 1) (= len 8) (= top1 1) (= len1 8)) (push val top len top1 len1)))
(rule (=> (and (= val 16) (= top 1) (= len 22) (= top1 1) (= len1 22)) (push val top len top1 len1)))
(rule (=> (and (= val 1) (= top 1) (= len 2) (= top1 1) (= len1 3)) (push val top len top1 len1)))
(rule (=> (and (= val 1) (= top 2) (= len 2) (= top1 1) (= len1 3)) (push val top len top1 len1)))
(rule (=> (and (= val 3) (= top 2) (= len 2) (= top1 2) (= len1 2)) (push val top len top1 len1)))
(rule (=> (and (= val 2) (= top 2) (= len 3) (= top1 2) (= len1 4)) (push val top len top1 len1)))
(rule (=> (and (= val 2) (= top 128) (= len 0) (= top1 2) (= len1 1)) (push val top len top1 len1)))
(rule (=> (and (= val 2) (= top 1) (= len 1) (= top1 2) (= len1 2)) (push val top len top1 len1)))
(rule (=> (and (= val 7) (= top 1) (= len 6) (= top1 1) (= len1 6)) (push val top len top1 len1)))
(rule (=> (and (= val 9) (= top 128) (= len 0) (= top1 128) (= len1 0)) (push val top len top1 len1)))
(rule (=> (and (= val 4) (= top 128) (= len 0) (= top1 128) (= len1 0)) (push val top len top1 len1)))
(rule (=> (and (= val 16) (= top 1) (= len 10) (= top1 1) (= len1 10)) (push val top len top1 len1)))
(rule (=> (and (= val 16) (= top 128) (= len 0) (= top1 128) (= len1 0)) (push val top len top1 len1)))
(rule (=> (and (= val 10) (= top 1) (= len 3) (= top1 1) (= len1 3)) (push val top len top1 len1)))
(rule (=> (and (= val 0) (= top 1) (= len 1) (= top1 1) (= len1 1)) (push val top len top1 len1)))
(rule (=> (and (= val 1) (= top 128) (= len 0) (= top1 1) (= len1 1)) (push val top len top1 len1)))
(rule (=> (and (= val 1) (= top 1) (= len 7) (= top1 1) (= len1 8)) (push val top len top1 len1)))
(rule (=> (and (= val 1) (= top 1) (= len 1) (= top1 1) (= len1 2)) (push val top len top1 len1)))
(rule (=> (and (= val 0) (= top 128) (= len 0) (= top1 128) (= len1 0)) (push val top len top1 len1)))
(rule (=> (and (= val -1) (= top 128) (= len 0) (= top1 128) (= len1 0)) (push val top len top1 len1)))
(rule (=> (and (= val -2) (= top 128) (= len 0) (= top1 128) (= len1 0)) (push val top len top1 len1)))
(rule (=> (and (= val 2) (= top 2) (= len 1) (= top1 2) (= len1 2)) (push val top len top1 len1)))
(rule (=> (and (= flag 1) (= len 0) (= top MAX) ) (inv top len flag)))
(rule (=> (and (inv top len flag) (= flag 1) (= val 1) (push val top len top1 len1) (= flag1 0)) (inv top1 len1 flag1)))
(rule (=> (and (inv top len flag) (not (= flag 1)) (= val 2) (push val top len top1 len1) (= flag1 1)) (inv top1 len1 flag1)))
(rule (=> (and (inv top len flag) (not (or (= len 0) (and (=> (= flag 0) (= top 1)) (=> (= flag 1) (= top 2)))))) fail))

(query fail :print-certificate true)
==============================================================
   -> Checking if specs have changed...
      -> CHC files are different. Continuing iteration.

==================== Iteration: 7 ====================
TIMEOUT : 140
   -> Parsing CHC file: /Dualis/scripts/../benchmarks/ClassicalHornICE_working_temp/AlternatingList/AlternatingList.smt2
   -> Starting HornICE with a 1000-second timeout...
      -> Logging HornICE output to iter_7.log
   -> HornICE completed successfully.
   -> Analyzing HornICE log file: iter_7.log
      -> Found 56 internal iterations.
   -> Writing new specs to harness: push_fuzz.cpp...
      -> Successfully created working copy '/Dualis/scripts/../benchmarks/ClassicalHornICE_working_temp/AlternatingList/push_fuzz.cpp'.
   -> Starting AFL++(push_fuzz) with a 140-second timeout...
   -> Building AFL-instrumented binary: /Dualis/scripts/../benchmarks/ClassicalHornICE_working_temp/AlternatingList/push_fuzz
   -> AFL++(push_fuzz) finished its fuzzing session.
   -> Checking fuzzing outputs for counterexamples...
Checking crashes
Checking queue
   -> Found 62 crash reports. Testing reproducibility...
Checking hangs
   -> Converting counterexamples for 'push'...
   -> Updating CHC file with new counterexamples...

=============== Artifacts This Iteration ===============

--- Generated Specs ---
  push: (((((len1 > (-1)) && (len1 <= 0)) || ((val <= 0) && (len1 > 0))) && ((val - top1) <= (-1))) || (((((val - top1) > 1) && (((top1 - val) + top1) <= 0)) || (((top1 - val) + top1) > 0)) && (top1 > 0) && ((val - top1) > (-1))))
  inv: ((((top - flag) > 0) && ((top - flag) <= 1)) || ((len > (-1)) && (len <= 0) && ((top - flag) > 1)))

--- New Test Cases Found ---

--- Updated CHCs (for next iteration) ---
(declare-var flag Int)
(declare-var flag1 Int)
(declare-var top Int)
(declare-var top1 Int)
(declare-var len Int)
(declare-var len1 Int)
(declare-var val Int)
(declare-rel push (Int Int Int Int Int))
(declare-rel inv (Int Int Int))
(declare-rel fail ())
(define-fun MAX () Int 128)


(rule (=> (and (= val 12) (= top 1) (= len 13) (= top1 1) (= len1 13)) (push val top len top1 len1)))
(rule (=> (and (= val 4) (= top 2) (= len 3) (= top1 2) (= len1 3)) (push val top len top1 len1)))
(rule (=> (and (= val 3) (= top 1) (= len 8) (= top1 1) (= len1 8)) (push val top len top1 len1)))
(rule (=> (and (= val 16) (= top 1) (= len 22) (= top1 1) (= len1 22)) (push val top len top1 len1)))
(rule (=> (and (= val 1) (= top 1) (= len 2) (= top1 1) (= len1 3)) (push val top len top1 len1)))
(rule (=> (and (= val 1) (= top 2) (= len 2) (= top1 1) (= len1 3)) (push val top len top1 len1)))
(rule (=> (and (= val 3) (= top 2) (= len 2) (= top1 2) (= len1 2)) (push val top len top1 len1)))
(rule (=> (and (= val 2) (= top 2) (= len 3) (= top1 2) (= len1 4)) (push val top len top1 len1)))
(rule (=> (and (= val 2) (= top 128) (= len 0) (= top1 2) (= len1 1)) (push val top len top1 len1)))
(rule (=> (and (= val 2) (= top 1) (= len 1) (= top1 2) (= len1 2)) (push val top len top1 len1)))
(rule (=> (and (= val 7) (= top 1) (= len 6) (= top1 1) (= len1 6)) (push val top len top1 len1)))
(rule (=> (and (= val 9) (= top 128) (= len 0) (= top1 128) (= len1 0)) (push val top len top1 len1)))
(rule (=> (and (= val 4) (= top 128) (= len 0) (= top1 128) (= len1 0)) (push val top len top1 len1)))
(rule (=> (and (= val 16) (= top 1) (= len 10) (= top1 1) (= len1 10)) (push val top len top1 len1)))
(rule (=> (and (= val 16) (= top 128) (= len 0) (= top1 128) (= len1 0)) (push val top len top1 len1)))
(rule (=> (and (= val 10) (= top 1) (= len 3) (= top1 1) (= len1 3)) (push val top len top1 len1)))
(rule (=> (and (= val 0) (= top 1) (= len 1) (= top1 1) (= len1 1)) (push val top len top1 len1)))
(rule (=> (and (= val 1) (= top 128) (= len 0) (= top1 1) (= len1 1)) (push val top len top1 len1)))
(rule (=> (and (= val 1) (= top 1) (= len 7) (= top1 1) (= len1 8)) (push val top len top1 len1)))
(rule (=> (and (= val 1) (= top 1) (= len 1) (= top1 1) (= len1 2)) (push val top len top1 len1)))
(rule (=> (and (= val 0) (= top 128) (= len 0) (= top1 128) (= len1 0)) (push val top len top1 len1)))
(rule (=> (and (= val -1) (= top 128) (= len 0) (= top1 128) (= len1 0)) (push val top len top1 len1)))
(rule (=> (and (= val -2) (= top 128) (= len 0) (= top1 128) (= len1 0)) (push val top len top1 len1)))
(rule (=> (and (= val 2) (= top 2) (= len 1) (= top1 2) (= len1 2)) (push val top len top1 len1)))
(rule (=> (and (= flag 1) (= len 0) (= top MAX) ) (inv top len flag)))
(rule (=> (and (inv top len flag) (= flag 1) (= val 1) (push val top len top1 len1) (= flag1 0)) (inv top1 len1 flag1)))
(rule (=> (and (inv top len flag) (not (= flag 1)) (= val 2) (push val top len top1 len1) (= flag1 1)) (inv top1 len1 flag1)))
(rule (=> (and (inv top len flag) (not (or (= len 0) (and (=> (= flag 0) (= top 1)) (=> (= flag 1) (= top 2)))))) fail))

(query fail :print-certificate true)
==============================================================
   -> Checking if specs have changed...
      -> CHC files are identical. Pipeline has converged.
   -> 15-minute deep fuzzing converged. Pipeline complete.

==================== Finalizing Pipeline ====================

====================== Pipeline Finished =====================
Total External Iterations: 7
Total Unique Test Cases Found: 24
Total Internal Iterations: 300
  - Min: 7
  - Max: 67
  - Avg: 42.86
pipeline.run() took 0.9005 seconds.
Running command: /usr/bin/python3 chcverifynfuzz.py ClassicalHornICE AlternatingList
PID: 607020
========================================

