
========================================
         Starting Pipeline for: AtomicHashMap3 (Mode: ClassicalHornICE)
========================================
Initializing pipeline for benchmark: 'AtomicHashMap3'
   -> Loading and validating attributes from: /Dualis/scripts/../benchmarks/Classical/AtomicHashMap3/Attributes.txt
      -> Validation successful. Attribute file is consistent.

==================== Iteration: 1 ====================
TIMEOUT : 20
   -> Parsing CHC file: /Dualis/scripts/../benchmarks/ClassicalHornICE_working_temp/AtomicHashMap3/AtomicHashMap3.smt2
   -> Starting HornICE with a 1000-second timeout...
      -> Logging HornICE output to iter_1.log
   -> HornICE completed successfully.
   -> Analyzing HornICE log file: iter_1.log
      -> Found 16 internal iterations.
   -> Writing new specs to harness: insert_fuzz.cpp...
      -> Successfully created working copy '/Dualis/scripts/../benchmarks/ClassicalHornICE_working_temp/AtomicHashMap3/insert_fuzz.cpp'.
   -> Starting AFL++(insert_fuzz) with a 20-second timeout...
   -> Building AFL-instrumented binary: /Dualis/scripts/../benchmarks/ClassicalHornICE_working_temp/AtomicHashMap3/insert_fuzz
   -> AFL++(insert_fuzz) finished its fuzzing session.
   -> Checking fuzzing outputs for counterexamples...
Checking crashes
   -> Found 9 crash reports. Testing reproducibility...
   -> CRASH REPRODUCED with id:000001,sig:06,src:000000,time:1,execs:30,op:havoc,rep:4
   -> CRASH REPRODUCED with id:000008,sig:06,src:000000,time:15,execs:125,op:havoc,rep:6
   -> CRASH REPRODUCED with id:000002,sig:06,src:000000,time:1,execs:31,op:havoc,rep:8
   -> CRASH REPRODUCED with id:000005,sig:06,src:000000,time:4,execs:49,op:havoc,rep:8
   -> CRASH REPRODUCED with id:000004,sig:06,src:000000,time:2,execs:36,op:havoc,rep:6
   -> CRASH REPRODUCED with id:000007,sig:06,src:000000,time:8,execs:75,op:havoc,rep:3
   -> CRASH REPRODUCED with id:000006,sig:06,src:000000,time:6,execs:59,op:havoc,rep:7
   -> CRASH REPRODUCED with id:000000,sig:06,src:000000,time:1,execs:28,op:havoc,rep:7
   -> CRASH REPRODUCED with id:000003,sig:06,src:000000,time:2,execs:33,op:havoc,rep:3
Checking queue
   -> Found 4 crash reports. Testing reproducibility...
   -> CRASH REPRODUCED with id:000001,time:0,execs:0,orig:2ins
Checking hangs
   -> Converting counterexamples for 'insert'...
      -> Found and validated 10 new rules.
   -> Updating CHC file with new counterexamples...

=============== Artifacts This Iteration ===============

--- Generated Specs ---
  inv1: ((i - N) <= (-1))
  insert: (false)
  inv2: (false)

--- New Test Cases Found ---

--- Updated CHCs (for next iteration) ---
(declare-var N Int)
(declare-var len Int)
(declare-var len1 Int)
(declare-var i Int)
(declare-var i1 Int)
(declare-var min Int)
(declare-var min1 Int)
(declare-var max Int)
(declare-var max1 Int)
(declare-var kveq Int)
(declare-var kveq1 Int)
(declare-var k Int)
(declare-var v Int)
(declare-var ret1 Int)
(declare-rel insert (Int Int Int Int Int Int Int Int Int Int))
(declare-rel inv1 (Int Int Int Int Int Int))
(declare-rel inv2 (Int Int Int Int Int Int))
(declare-rel fail ())
(define-fun MAX () Int 128)
(define-fun MIN () Int -129)
(define-fun is_valid ((x Int)) Bool (or (= x 1) (= x 0)))

(rule (=> (and (= k 1) (= v 16) (= len 1) (= min 16) (= max 16) (= kveq 0) (= len1 2) (= min1 1) (= max1 16) (= kveq1 0)) (insert k v len min max kveq len1 min1 max1 kveq1)))
(rule (=> (and (= k 4) (= v 0) (= len 2) (= min 16) (= max 44) (= kveq 0) (= len1 3) (= min1 4) (= max1 44) (= kveq1 0)) (insert k v len min max kveq len1 min1 max1 kveq1)))
(rule (=> (and (= k -1) (= v -1) (= len 0) (= min 128) (= max -129) (= kveq 1) (= len1 1) (= min1 -1) (= max1 -1) (= kveq1 1)) (insert k v len min max kveq len1 min1 max1 kveq1)))
(rule (=> (and (= k 2) (= v -1) (= len 1) (= min 13) (= max 13) (= kveq 0) (= len1 2) (= min1 2) (= max1 13) (= kveq1 0)) (insert k v len min max kveq len1 min1 max1 kveq1)))
(rule (=> (and (= k 2) (= v 17) (= len 1) (= min -1) (= max -1) (= kveq 0) (= len1 2) (= min1 -1) (= max1 2) (= kveq1 0)) (insert k v len min max kveq len1 min1 max1 kveq1)))
(rule (=> (and (= k 3) (= v -1) (= len 2) (= min 2) (= max 3) (= kveq 0) (= len1 2) (= min1 2) (= max1 3) (= kveq1 0)) (insert k v len min max kveq len1 min1 max1 kveq1)))
(rule (=> (and (= k 0) (= v 0) (= len 2) (= min -111) (= max -110) (= kveq 0) (= len1 3) (= min1 -111) (= max1 0) (= kveq1 0)) (insert k v len min max kveq len1 min1 max1 kveq1)))
(rule (=> (and (= k -59) (= v -59) (= len 1) (= min -70) (= max -70) (= kveq 1) (= len1 2) (= min1 -70) (= max1 -59) (= kveq1 1)) (insert k v len min max kveq len1 min1 max1 kveq1)))
(rule (=> (and (= k 2) (= v -1) (= len 1) (= min -1) (= max -1) (= kveq 0) (= len1 2) (= min1 -1) (= max1 2) (= kveq1 0)) (insert k v len min max kveq len1 min1 max1 kveq1)))
(rule (=> (and (= k -1) (= v -1) (= len 1) (= min -1) (= max -1) (= kveq 1) (= len1 1) (= min1 -1) (= max1 -1) (= kveq1 1)) (insert k v len min max kveq len1 min1 max1 kveq1)))

(rule (=> (and (> N 0) (= len 0) (= i 0) (= min MAX) (= max MIN) (= kveq 1)) (inv1 i N len min max kveq)))
(rule (=> (and (inv1 i N len min max kveq) (is_valid kveq) (< i N) (= k i) (= v i) (insert k v len min max kveq len1 min1 max1 kveq1) (= i1 (+ i 1))) (inv1 i1 N len1 min1 max1 kveq1)))
(rule (=> (and (inv1 i N len min max kveq) (is_valid kveq) (not (< i N)) (= i1 0)) (inv2 i1 N len min max kveq)))
(rule (=> (and (inv2 i N len min max kveq) (is_valid kveq) (< i N) (= k i) (= v i) (insert k v len min max kveq len1 min1 max1 kveq1) (= i1 (+ i 1))) (inv2 i1 N len1 min1 max1 kveq1)))
(rule (=> (and (inv2 i N len min max kveq) (not (< i N)) (is_valid kveq) (not (= len N))) fail))

(query fail :print-certificate true)
==============================================================
   -> Checking if specs have changed...
      -> CHC files are different. Continuing iteration.

==================== Iteration: 2 ====================
TIMEOUT : 40
   -> Parsing CHC file: /Dualis/scripts/../benchmarks/ClassicalHornICE_working_temp/AtomicHashMap3/AtomicHashMap3.smt2
   -> Starting HornICE with a 1000-second timeout...
      -> Logging HornICE output to iter_2.log
   -> ERROR: HornICE timed out. Terminating.

==================== Finalizing Pipeline ====================

====================== Pipeline Finished =====================
Total External Iterations: 2
Total Unique Test Cases Found: 10
Total Internal Iterations: 16
  - Min: 16
  - Max: 16
  - Avg: 16.00
pipeline.run() took 1.0294 seconds.
Running command: /usr/bin/python3 chcverifynfuzz.py ClassicalHornICE AtomicHashMap3
PID: 607021
========================================

