
========================================
         Starting Pipeline for: AtomicHashMap5 (Mode: ClassicalHornICE)
========================================
Initializing pipeline for benchmark: 'AtomicHashMap5'
   -> Loading and validating attributes from: /Dualis/scripts/../benchmarks/Classical/AtomicHashMap5/Attributes.txt
      -> Validation successful. Attribute file is consistent.

==================== Iteration: 1 ====================
TIMEOUT : 20
   -> Parsing CHC file: /Dualis/scripts/../benchmarks/ClassicalHornICE_working_temp/AtomicHashMap5/AtomicHashMap5.smt2
   -> Starting HornICE with a 1000-second timeout...
      -> Logging HornICE output to iter_1.log
   -> HornICE completed successfully.
   -> Analyzing HornICE log file: iter_1.log
      -> Found 4 internal iterations.
   -> Writing new specs to harness: insert_fuzz.cpp...
      -> Successfully created working copy '/Dualis/scripts/../benchmarks/ClassicalHornICE_working_temp/AtomicHashMap5/insert_fuzz.cpp'.
   -> Starting AFL++(insert_fuzz) with a 20-second timeout...
   -> Building AFL-instrumented binary: /Dualis/scripts/../benchmarks/ClassicalHornICE_working_temp/AtomicHashMap5/insert_fuzz
   -> AFL++(insert_fuzz) finished its fuzzing session.
   -> Checking fuzzing outputs for counterexamples...
Checking crashes
Checking queue
   -> Found 120 crash reports. Testing reproducibility...
Checking hangs
   -> Converting counterexamples for 'insert'...
   -> Writing new specs to harness: find_fuzz.cpp...
      -> Successfully created working copy '/Dualis/scripts/../benchmarks/ClassicalHornICE_working_temp/AtomicHashMap5/find_fuzz.cpp'.
   -> Starting AFL++(find_fuzz) with a 20-second timeout...
   -> Building AFL-instrumented binary: /Dualis/scripts/../benchmarks/ClassicalHornICE_working_temp/AtomicHashMap5/find_fuzz
   -> AFL++(find_fuzz) finished its fuzzing session.
   -> Checking fuzzing outputs for counterexamples...
Checking crashes
   -> Found 7 crash reports. Testing reproducibility...
   -> CRASH REPRODUCED with id:000004,sig:06,src:000000,time:1236,execs:47,op:havoc,rep:7
   -> CRASH REPRODUCED with id:000002,sig:06,src:000000,time:587,execs:38,op:havoc,rep:9
   -> CRASH REPRODUCED with id:000005,sig:06,src:000000,time:1455,execs:48,op:havoc,rep:16
   -> CRASH REPRODUCED with id:000000,sig:06,src:000000,time:172,execs:34,op:havoc,rep:14
   -> CRASH REPRODUCED with id:000003,sig:06,src:000000,time:821,execs:43,op:havoc,rep:10
   -> CRASH REPRODUCED with id:000001,sig:06,src:000000,time:380,execs:36,op:havoc,rep:16
   -> CRASH REPRODUCED with id:000006,sig:06,src:000000,time:2701,execs:66,op:havoc,rep:8
Checking queue
   -> Found 4 crash reports. Testing reproducibility...
Checking hangs
   -> Converting counterexamples for 'find'...
      -> Found and validated 7 new rules.
   -> Updating CHC file with new counterexamples...

=============== Artifacts This Iteration ===============

--- Generated Specs ---
  inv1: (true)
  insert: (true)
  inv2: (true)
  find: (false)

--- New Test Cases Found ---

--- Updated CHCs (for next iteration) ---
(declare-var N Int)
(declare-var len Int)
(declare-var len1 Int)
(declare-var i Int)
(declare-var i1 Int)
(declare-var min Int)
(declare-var min1 Int)
(declare-var max Int)
(declare-var max1 Int)
(declare-var kveq Int)
(declare-var kveq1 Int)
(declare-var k Int)
(declare-var v Int)
(declare-var ret1 Int)
(declare-rel insert (Int Int Int Int Int Int Int Int Int Int))
(declare-rel find (Int Int Int Int Int Int))
(declare-rel inv1 (Int Int Int Int Int Int))
(declare-rel inv2 (Int Int Int Int Int Int))
(declare-rel fail ())
(define-fun MAX () Int 128)
(define-fun MIN () Int -129)
(define-fun is_valid ((x Int)) Bool (or (= x 1) (= x 0)))

(rule (=> (and (= k -1) (= len 2) (= min -1) (= max 0) (= kveq 0) (= ret1 51)) (find k len min max kveq ret1)))
(rule (=> (and (= k -3) (= len 3) (= min -102) (= max -1) (= kveq 0) (= ret1 128)) (find k len min max kveq ret1)))
(rule (=> (and (= k -33) (= len 1) (= min -33) (= max -33) (= kveq 1) (= ret1 -33)) (find k len min max kveq ret1)))
(rule (=> (and (= k -1) (= len 0) (= min 128) (= max -129) (= kveq 1) (= ret1 128)) (find k len min max kveq ret1)))
(rule (=> (and (= k -1) (= len 1) (= min -2) (= max -2) (= kveq 0) (= ret1 128)) (find k len min max kveq ret1)))
(rule (=> (and (= k 7) (= len 2) (= min -74) (= max 7) (= kveq 0) (= ret1 7)) (find k len min max kveq ret1)))
(rule (=> (and (= k -2) (= len 2) (= min 0) (= max 43) (= kveq 0) (= ret1 128)) (find k len min max kveq ret1)))

(rule (=> (and (> N 0) (= len 0) (= i 0) (= min MAX) (= max MIN) (= kveq 1)) (inv1 i N len min max kveq)))
(rule (=> (and (inv1 i N len min max kveq) (is_valid kveq) (< i N) (= k i) (= v i) (insert k v len min max kveq len1 min1 max1 kveq1) (= i1 (+ i 1))) (inv1 i1 N len1 min1 max1 kveq1)))
(rule (=> (and (inv1 i N len min max kveq) (is_valid kveq) (not (< i N)) (= i1 0)) (inv2 i1 N len min max kveq)))
(rule (=> (and (inv2 i N len min max kveq) (is_valid kveq) (< i N) (= k i) (= v i) (insert k v len min max kveq len1 min1 max1 kveq1) (= i1 (+ i 1))) (inv2 i1 N len1 min1 max1 kveq1)))
(rule (=> (and (inv2 i N len min max kveq) (is_valid kveq) (not (< i N)) (and (>= k 0) (< k N ) (= k max)) (find k len min max kveq ret1) (= ret1 MAX)) fail))

(query fail :print-certificate true)
==============================================================
   -> Checking if specs have changed...
      -> CHC files are different. Continuing iteration.

==================== Iteration: 2 ====================
TIMEOUT : 40
   -> Parsing CHC file: /Dualis/scripts/../benchmarks/ClassicalHornICE_working_temp/AtomicHashMap5/AtomicHashMap5.smt2
   -> Starting HornICE with a 1000-second timeout...
      -> Logging HornICE output to iter_2.log
   -> HornICE completed successfully.
   -> Analyzing HornICE log file: iter_2.log
      -> Found 51 internal iterations.
   -> Writing new specs to harness: find_fuzz.cpp...
      -> Successfully created working copy '/Dualis/scripts/../benchmarks/ClassicalHornICE_working_temp/AtomicHashMap5/find_fuzz.cpp'.
   -> Starting AFL++(find_fuzz) with a 40-second timeout...
   -> Building AFL-instrumented binary: /Dualis/scripts/../benchmarks/ClassicalHornICE_working_temp/AtomicHashMap5/find_fuzz
   -> AFL++(find_fuzz) finished its fuzzing session.
   -> Checking fuzzing outputs for counterexamples...
Checking crashes
   -> Found 10 crash reports. Testing reproducibility...
   -> CRASH REPRODUCED with id:000002,sig:06,src:000000,time:640,execs:125,op:havoc,rep:4
   -> CRASH REPRODUCED with id:000006,sig:06,src:000000,time:4616,execs:633,op:havoc,rep:4
   -> CRASH REPRODUCED with id:000005,sig:06,src:000000,time:1770,execs:242,op:havoc,rep:2
   -> CRASH REPRODUCED with id:000001,sig:06,src:000000,time:445,execs:105,op:havoc,rep:4
   -> CRASH REPRODUCED with id:000008,sig:06,src:000000,time:12094,execs:1188,op:havoc,rep:4
   -> CRASH REPRODUCED with id:000000,sig:06,src:000000,time:231,execs:96,op:havoc,rep:4
   -> CRASH REPRODUCED with id:000009,sig:06,src:000000,time:22538,execs:2085,op:havoc,rep:4
   -> CRASH REPRODUCED with id:000007,sig:06,src:000000,time:8441,execs:925,op:havoc,rep:4
   -> CRASH REPRODUCED with id:000003,sig:06,src:000000,time:1026,execs:136,op:havoc,rep:2
   -> CRASH REPRODUCED with id:000004,sig:06,src:000000,time:1579,execs:221,op:havoc,rep:4
Checking queue
   -> Found 61 crash reports. Testing reproducibility...
Checking hangs
   -> Converting counterexamples for 'find'...
      -> Found and validated 10 new rules.
   -> Writing new specs to harness: insert_fuzz.cpp...
      -> Successfully created working copy '/Dualis/scripts/../benchmarks/ClassicalHornICE_working_temp/AtomicHashMap5/insert_fuzz.cpp'.
   -> Starting AFL++(insert_fuzz) with a 40-second timeout...
   -> Building AFL-instrumented binary: /Dualis/scripts/../benchmarks/ClassicalHornICE_working_temp/AtomicHashMap5/insert_fuzz
   -> AFL++(insert_fuzz) finished its fuzzing session.
   -> Checking fuzzing outputs for counterexamples...
Checking crashes
Checking queue
   -> Found 109 crash reports. Testing reproducibility...
Checking hangs
   -> Converting counterexamples for 'insert'...
   -> Updating CHC file with new counterexamples...

=============== Artifacts This Iteration ===============

--- Generated Specs ---
  find: (((ret1 <= 7) && (((min - k) - min) <= 0)) || (((min - k) - min) > 0))
  inv1: (true)
  insert: (true)
  inv2: (true)

--- New Test Cases Found ---

--- Updated CHCs (for next iteration) ---
(declare-var N Int)
(declare-var len Int)
(declare-var len1 Int)
(declare-var i Int)
(declare-var i1 Int)
(declare-var min Int)
(declare-var min1 Int)
(declare-var max Int)
(declare-var max1 Int)
(declare-var kveq Int)
(declare-var kveq1 Int)
(declare-var k Int)
(declare-var v Int)
(declare-var ret1 Int)
(declare-rel insert (Int Int Int Int Int Int Int Int Int Int))
(declare-rel find (Int Int Int Int Int Int))
(declare-rel inv1 (Int Int Int Int Int Int))
(declare-rel inv2 (Int Int Int Int Int Int))
(declare-rel fail ())
(define-fun MAX () Int 128)
(define-fun MIN () Int -129)
(define-fun is_valid ((x Int)) Bool (or (= x 1) (= x 0)))

(rule (=> (and (= k 100) (= len 0) (= min 128) (= max -129) (= kveq 1) (= ret1 128)) (find k len min max kveq ret1)))
(rule (=> (and (= k 76) (= len 1) (= min 76) (= max 76) (= kveq 0) (= ret1 12)) (find k len min max kveq ret1)))
(rule (=> (and (= k 0) (= len 1) (= min 2) (= max 2) (= kveq 0) (= ret1 128)) (find k len min max kveq ret1)))
(rule (=> (and (= k 10) (= len 1) (= min -1) (= max -1) (= kveq 0) (= ret1 128)) (find k len min max kveq ret1)))
(rule (=> (and (= k 2) (= len 3) (= min -73) (= max -71) (= kveq 0) (= ret1 128)) (find k len min max kveq ret1)))
(rule (=> (and (= k 2) (= len 1) (= min -18) (= max -18) (= kveq 0) (= ret1 128)) (find k len min max kveq ret1)))
(rule (=> (and (= k 2) (= len 2) (= min -90) (= max 0) (= kveq 1) (= ret1 128)) (find k len min max kveq ret1)))
(rule (=> (and (= k 0) (= len 3) (= min -11) (= max 2) (= kveq 0) (= ret1 128)) (find k len min max kveq ret1)))
(rule (=> (and (= k 100) (= len 1) (= min 0) (= max 0) (= kveq 1) (= ret1 128)) (find k len min max kveq ret1)))
(rule (=> (and (= k 2) (= len 1) (= min 36) (= max 36) (= kveq 1) (= ret1 128)) (find k len min max kveq ret1)))

(rule (=> (and (= k -1) (= len 2) (= min -1) (= max 0) (= kveq 0) (= ret1 51)) (find k len min max kveq ret1)))
(rule (=> (and (= k -3) (= len 3) (= min -102) (= max -1) (= kveq 0) (= ret1 128)) (find k len min max kveq ret1)))
(rule (=> (and (= k -33) (= len 1) (= min -33) (= max -33) (= kveq 1) (= ret1 -33)) (find k len min max kveq ret1)))
(rule (=> (and (= k -1) (= len 0) (= min 128) (= max -129) (= kveq 1) (= ret1 128)) (find k len min max kveq ret1)))
(rule (=> (and (= k -1) (= len 1) (= min -2) (= max -2) (= kveq 0) (= ret1 128)) (find k len min max kveq ret1)))
(rule (=> (and (= k 7) (= len 2) (= min -74) (= max 7) (= kveq 0) (= ret1 7)) (find k len min max kveq ret1)))
(rule (=> (and (= k -2) (= len 2) (= min 0) (= max 43) (= kveq 0) (= ret1 128)) (find k len min max kveq ret1)))
(rule (=> (and (> N 0) (= len 0) (= i 0) (= min MAX) (= max MIN) (= kveq 1)) (inv1 i N len min max kveq)))
(rule (=> (and (inv1 i N len min max kveq) (is_valid kveq) (< i N) (= k i) (= v i) (insert k v len min max kveq len1 min1 max1 kveq1) (= i1 (+ i 1))) (inv1 i1 N len1 min1 max1 kveq1)))
(rule (=> (and (inv1 i N len min max kveq) (is_valid kveq) (not (< i N)) (= i1 0)) (inv2 i1 N len min max kveq)))
(rule (=> (and (inv2 i N len min max kveq) (is_valid kveq) (< i N) (= k i) (= v i) (insert k v len min max kveq len1 min1 max1 kveq1) (= i1 (+ i 1))) (inv2 i1 N len1 min1 max1 kveq1)))
(rule (=> (and (inv2 i N len min max kveq) (is_valid kveq) (not (< i N)) (and (>= k 0) (< k N ) (= k max)) (find k len min max kveq ret1) (= ret1 MAX)) fail))

(query fail :print-certificate true)
==============================================================
   -> Checking if specs have changed...
      -> CHC files are different. Continuing iteration.

==================== Iteration: 3 ====================
TIMEOUT : 60
   -> Parsing CHC file: /Dualis/scripts/../benchmarks/ClassicalHornICE_working_temp/AtomicHashMap5/AtomicHashMap5.smt2
   -> Starting HornICE with a 1000-second timeout...
      -> Logging HornICE output to iter_3.log
   -> ERROR: HornICE timed out. Terminating.

==================== Finalizing Pipeline ====================

====================== Pipeline Finished =====================
Total External Iterations: 3
Total Unique Test Cases Found: 17
Total Internal Iterations: 55
  - Min: 4
  - Max: 51
  - Avg: 27.50
pipeline.run() took 0.6684 seconds.
Running command: /usr/bin/python3 chcverifynfuzz.py ClassicalHornICE AtomicHashMap5
PID: 607021
========================================

