
========================================
         Starting Pipeline for: AtomicHashMap4 (Mode: ClassicalHornICE)
========================================
Initializing pipeline for benchmark: 'AtomicHashMap4'
   -> Loading and validating attributes from: /Dualis/scripts/../benchmarks/Classical/AtomicHashMap4/Attributes.txt
      -> Validation successful. Attribute file is consistent.

==================== Iteration: 1 ====================
TIMEOUT : 20
   -> Parsing CHC file: /Dualis/scripts/../benchmarks/ClassicalHornICE_working_temp/AtomicHashMap4/AtomicHashMap4.smt2
   -> Starting HornICE with a 1000-second timeout...
      -> Logging HornICE output to iter_1.log
   -> HornICE completed successfully.
   -> Analyzing HornICE log file: iter_1.log
      -> Found 4 internal iterations.
   -> Writing new specs to harness: insert_fuzz.cpp...
      -> Successfully created working copy '/Dualis/scripts/../benchmarks/ClassicalHornICE_working_temp/AtomicHashMap4/insert_fuzz.cpp'.
   -> Starting AFL++(insert_fuzz) with a 20-second timeout...
   -> Building AFL-instrumented binary: /Dualis/scripts/../benchmarks/ClassicalHornICE_working_temp/AtomicHashMap4/insert_fuzz
   -> AFL++(insert_fuzz) finished its fuzzing session.
   -> Checking fuzzing outputs for counterexamples...
Checking crashes
Checking queue
   -> Found 143 crash reports. Testing reproducibility...
   -> CRASH REPRODUCED with id:000004,src:000001,time:0,execs:32,op:(null),pos:0,+cov
Checking hangs
   -> Converting counterexamples for 'insert'...
   -> Writing new specs to harness: find_fuzz.cpp...
      -> Successfully created working copy '/Dualis/scripts/../benchmarks/ClassicalHornICE_working_temp/AtomicHashMap4/find_fuzz.cpp'.
   -> Starting AFL++(find_fuzz) with a 20-second timeout...
   -> Building AFL-instrumented binary: /Dualis/scripts/../benchmarks/ClassicalHornICE_working_temp/AtomicHashMap4/find_fuzz
   -> AFL++(find_fuzz) finished its fuzzing session.
   -> Checking fuzzing outputs for counterexamples...
Checking crashes
   -> Found 7 crash reports. Testing reproducibility...
   -> CRASH REPRODUCED with id:000002,sig:06,src:000000,time:535,execs:41,op:havoc,rep:1
   -> CRASH REPRODUCED with id:000005,sig:06,src:000000,time:1565,execs:65,op:havoc,rep:4
   -> CRASH REPRODUCED with id:000004,sig:06,src:000000,time:1365,execs:59,op:havoc,rep:3
   -> CRASH REPRODUCED with id:000003,sig:06,src:000000,time:1144,execs:56,op:havoc,rep:3
   -> CRASH REPRODUCED with id:000006,sig:06,src:000000,time:8583,execs:79,op:havoc,rep:4
   -> CRASH REPRODUCED with id:000000,sig:06,src:000000,time:165,execs:29,op:havoc,rep:3
   -> CRASH REPRODUCED with id:000001,sig:06,src:000000,time:362,execs:35,op:havoc,rep:1
Checking queue
   -> Found 4 crash reports. Testing reproducibility...
   -> CRASH REPRODUCED with id:000001,time:0,execs:0,orig:2ins
Checking hangs
   -> Converting counterexamples for 'find'...
      -> Found and validated 8 new rules.
   -> Updating CHC file with new counterexamples...

=============== Artifacts This Iteration ===============

--- Generated Specs ---
  inv1: (true)
  insert: (true)
  inv2: (true)
  find: (false)

--- New Test Cases Found ---

--- Updated CHCs (for next iteration) ---
(declare-var N Int)
(declare-var len Int)
(declare-var len1 Int)
(declare-var i Int)
(declare-var i1 Int)
(declare-var i_old Int)
(declare-var min Int)
(declare-var min1 Int)
(declare-var max Int)
(declare-var max1 Int)
(declare-var kveq Int)
(declare-var kveq1 Int)
(declare-var k Int)
(declare-var v Int)
(declare-var ret1 Int)
(declare-rel insert (Int Int Int Int Int Int Int Int Int Int))
(declare-rel find (Int Int Int Int Int Int))
(declare-rel inv1 (Int Int Int Int Int Int))
(declare-rel inv2 (Int Int Int Int Int Int))
(declare-rel fail ())
(define-fun MAX () Int 128)
(define-fun MIN () Int -129)
(define-fun is_valid ((x Int)) Bool (or (= x 1) (= x 0)))

(rule (=> (and (= k -1) (= len 1) (= min 2) (= max 2) (= kveq 0) (= ret1 128)) (find k len min max kveq ret1)))
(rule (=> (and (= k -2) (= len 0) (= min 128) (= max -129) (= kveq 1) (= ret1 128)) (find k len min max kveq ret1)))
(rule (=> (and (= k -1) (= len 2) (= min -1) (= max 1) (= kveq 0) (= ret1 -1)) (find k len min max kveq ret1)))
(rule (=> (and (= k -1) (= len 2) (= min -53) (= max 1) (= kveq 1) (= ret1 128)) (find k len min max kveq ret1)))
(rule (=> (and (= k -1) (= len 2) (= min -102) (= max 101) (= kveq 0) (= ret1 128)) (find k len min max kveq ret1)))
(rule (=> (and (= k 0) (= len 1) (= min 0) (= max 0) (= kveq 1) (= ret1 0)) (find k len min max kveq ret1)))
(rule (=> (and (= k -1) (= len 0) (= min 128) (= max -129) (= kveq 1) (= ret1 128)) (find k len min max kveq ret1)))
(rule (=> (and (= k -1) (= len 1) (= min -1) (= max -1) (= kveq 1) (= ret1 -1)) (find k len min max kveq ret1)))

(rule (=> (and (> N 0) (= len 0) (= i 0) (= min MAX) (= max MIN) (= kveq 1)) (inv1 i N len min max kveq)))
(rule (=> (and (inv1 i N len min max kveq) (is_valid kveq) (< i N) (= k i) (= v i) (insert k v len min max kveq len1 min1 max1 kveq1) (= i1 (+ i 1))) (inv1 i1 N len1 min1 max1 kveq1)))
(rule (=> (and (inv1 i_old N len min max kveq) (is_valid kveq) (not (< i_old N)) (= i 0)) (inv2 i N len min max kveq)))
(rule (=> (and (inv2 i N len min max kveq) (is_valid kveq) (< i N) (= k i) (= v i) (insert k v len min max kveq len1 min1 max1 kveq1) (= i1 (+ i 1))) (inv2 i1 N len1 min1 max1 kveq1)))
(rule (=> (and (inv2 i N len min max kveq) (is_valid kveq) (not (< i N)) (and (>= k 0) (< k N ) (= k min)) (find k len min max kveq ret1) (= ret1 MAX)) fail))

(query fail :print-certificate true)
==============================================================
   -> Checking if specs have changed...
      -> CHC files are different. Continuing iteration.

==================== Iteration: 2 ====================
TIMEOUT : 40
   -> Parsing CHC file: /Dualis/scripts/../benchmarks/ClassicalHornICE_working_temp/AtomicHashMap4/AtomicHashMap4.smt2
   -> Starting HornICE with a 1000-second timeout...
      -> Logging HornICE output to iter_2.log
   -> HornICE completed successfully.
   -> Analyzing HornICE log file: iter_2.log
      -> Found 8 internal iterations.
   -> Writing new specs to harness: find_fuzz.cpp...
      -> Successfully created working copy '/Dualis/scripts/../benchmarks/ClassicalHornICE_working_temp/AtomicHashMap4/find_fuzz.cpp'.
   -> Starting AFL++(find_fuzz) with a 40-second timeout...
   -> Building AFL-instrumented binary: /Dualis/scripts/../benchmarks/ClassicalHornICE_working_temp/AtomicHashMap4/find_fuzz
   -> AFL++(find_fuzz) finished its fuzzing session.
   -> Checking fuzzing outputs for counterexamples...
Checking crashes
   -> Found 9 crash reports. Testing reproducibility...
   -> CRASH REPRODUCED with id:000005,sig:06,src:000001,time:26568,execs:723,op:havoc,rep:8
   -> CRASH REPRODUCED with id:000003,sig:06,src:000001,time:26246,execs:711,op:havoc,rep:12
   -> CRASH REPRODUCED with id:000001,sig:06,src:000001,time:2260,execs:138,op:flip2,pos:4
   -> CRASH REPRODUCED with id:000006,sig:06,src:000001,time:26919,execs:791,op:havoc,rep:6
   -> CRASH REPRODUCED with id:000002,sig:06,src:000001,time:6971,execs:495,op:arith16,pos:4,val:+2
   -> CRASH REPRODUCED with id:000008,sig:06,src:000001,time:31892,execs:1013,op:havoc,rep:9
   -> CRASH REPRODUCED with id:000004,sig:06,src:000001,time:26385,execs:712,op:havoc,rep:3
   -> CRASH REPRODUCED with id:000000,sig:06,src:000001,time:1068,execs:68,op:quick,pos:5
   -> CRASH REPRODUCED with id:000007,sig:06,src:000001,time:27840,execs:837,op:havoc,rep:10
Checking queue
   -> Found 54 crash reports. Testing reproducibility...
   -> CRASH REPRODUCED with id:000004,src:000001,time:0,execs:32,op:(null),pos:0,+cov
Checking hangs
   -> Converting counterexamples for 'find'...
      -> Found and validated 9 new rules.
   -> Writing new specs to harness: insert_fuzz.cpp...
      -> Successfully created working copy '/Dualis/scripts/../benchmarks/ClassicalHornICE_working_temp/AtomicHashMap4/insert_fuzz.cpp'.
   -> Starting AFL++(insert_fuzz) with a 40-second timeout...
   -> Building AFL-instrumented binary: /Dualis/scripts/../benchmarks/ClassicalHornICE_working_temp/AtomicHashMap4/insert_fuzz
   -> AFL++(insert_fuzz) finished its fuzzing session.
   -> Checking fuzzing outputs for counterexamples...
Checking crashes
Checking queue
   -> Found 132 crash reports. Testing reproducibility...
   -> CRASH REPRODUCED with id:000004,src:000001,time:1,execs:32,op:(null),pos:0,+cov
Checking hangs
   -> Converting counterexamples for 'insert'...
   -> Updating CHC file with new counterexamples...

=============== Artifacts This Iteration ===============

--- Generated Specs ---
  find: (((ret1 <= 0) && (((min - k) - min) <= 0)) || (((min - k) - min) > 0))
  inv1: (true)
  insert: (true)
  inv2: (true)

--- New Test Cases Found ---

--- Updated CHCs (for next iteration) ---
(declare-var N Int)
(declare-var len Int)
(declare-var len1 Int)
(declare-var i Int)
(declare-var i1 Int)
(declare-var i_old Int)
(declare-var min Int)
(declare-var min1 Int)
(declare-var max Int)
(declare-var max1 Int)
(declare-var kveq Int)
(declare-var kveq1 Int)
(declare-var k Int)
(declare-var v Int)
(declare-var ret1 Int)
(declare-rel insert (Int Int Int Int Int Int Int Int Int Int))
(declare-rel find (Int Int Int Int Int Int))
(declare-rel inv1 (Int Int Int Int Int Int))
(declare-rel inv2 (Int Int Int Int Int Int))
(declare-rel fail ())
(define-fun MAX () Int 128)
(define-fun MIN () Int -129)
(define-fun is_valid ((x Int)) Bool (or (= x 1) (= x 0)))

(rule (=> (and (= k 3) (= len 0) (= min 128) (= max -129) (= kveq 1) (= ret1 128)) (find k len min max kveq ret1)))
(rule (=> (and (= k 18) (= len 2) (= min -33) (= max -1) (= kveq 1) (= ret1 128)) (find k len min max kveq ret1)))
(rule (=> (and (= k 127) (= len 2) (= min -2) (= max -1) (= kveq 0) (= ret1 128)) (find k len min max kveq ret1)))
(rule (=> (and (= k 0) (= len 3) (= min -65) (= max 126) (= kveq 0) (= ret1 128)) (find k len min max kveq ret1)))
(rule (=> (and (= k 0) (= len 2) (= min -1) (= max 1) (= kveq 0) (= ret1 128)) (find k len min max kveq ret1)))
(rule (=> (and (= k 26) (= len 3) (= min -36) (= max 26) (= kveq 0) (= ret1 50)) (find k len min max kveq ret1)))
(rule (=> (and (= k 1) (= len 1) (= min -47) (= max -47) (= kveq 0) (= ret1 128)) (find k len min max kveq ret1)))
(rule (=> (and (= k 120) (= len 1) (= min -1) (= max -1) (= kveq 1) (= ret1 128)) (find k len min max kveq ret1)))
(rule (=> (and (= k 0) (= len 1) (= min 0) (= max 0) (= kveq 0) (= ret1 16)) (find k len min max kveq ret1)))

(rule (=> (and (= k -1) (= len 1) (= min 2) (= max 2) (= kveq 0) (= ret1 128)) (find k len min max kveq ret1)))
(rule (=> (and (= k -2) (= len 0) (= min 128) (= max -129) (= kveq 1) (= ret1 128)) (find k len min max kveq ret1)))
(rule (=> (and (= k -1) (= len 2) (= min -1) (= max 1) (= kveq 0) (= ret1 -1)) (find k len min max kveq ret1)))
(rule (=> (and (= k -1) (= len 2) (= min -53) (= max 1) (= kveq 1) (= ret1 128)) (find k len min max kveq ret1)))
(rule (=> (and (= k -1) (= len 2) (= min -102) (= max 101) (= kveq 0) (= ret1 128)) (find k len min max kveq ret1)))
(rule (=> (and (= k 0) (= len 1) (= min 0) (= max 0) (= kveq 1) (= ret1 0)) (find k len min max kveq ret1)))
(rule (=> (and (= k -1) (= len 0) (= min 128) (= max -129) (= kveq 1) (= ret1 128)) (find k len min max kveq ret1)))
(rule (=> (and (= k -1) (= len 1) (= min -1) (= max -1) (= kveq 1) (= ret1 -1)) (find k len min max kveq ret1)))
(rule (=> (and (> N 0) (= len 0) (= i 0) (= min MAX) (= max MIN) (= kveq 1)) (inv1 i N len min max kveq)))
(rule (=> (and (inv1 i N len min max kveq) (is_valid kveq) (< i N) (= k i) (= v i) (insert k v len min max kveq len1 min1 max1 kveq1) (= i1 (+ i 1))) (inv1 i1 N len1 min1 max1 kveq1)))
(rule (=> (and (inv1 i_old N len min max kveq) (is_valid kveq) (not (< i_old N)) (= i 0)) (inv2 i N len min max kveq)))
(rule (=> (and (inv2 i N len min max kveq) (is_valid kveq) (< i N) (= k i) (= v i) (insert k v len min max kveq len1 min1 max1 kveq1) (= i1 (+ i 1))) (inv2 i1 N len1 min1 max1 kveq1)))
(rule (=> (and (inv2 i N len min max kveq) (is_valid kveq) (not (< i N)) (and (>= k 0) (< k N ) (= k min)) (find k len min max kveq ret1) (= ret1 MAX)) fail))

(query fail :print-certificate true)
==============================================================
   -> Checking if specs have changed...
      -> CHC files are different. Continuing iteration.

==================== Iteration: 3 ====================
TIMEOUT : 60
   -> Parsing CHC file: /Dualis/scripts/../benchmarks/ClassicalHornICE_working_temp/AtomicHashMap4/AtomicHashMap4.smt2
   -> Starting HornICE with a 1000-second timeout...
      -> Logging HornICE output to iter_3.log
   -> HornICE completed successfully.
   -> Analyzing HornICE log file: iter_3.log
      -> Found 15 internal iterations.
   -> Writing new specs to harness: find_fuzz.cpp...
      -> Successfully created working copy '/Dualis/scripts/../benchmarks/ClassicalHornICE_working_temp/AtomicHashMap4/find_fuzz.cpp'.
   -> Starting AFL++(find_fuzz) with a 60-second timeout...
   -> Building AFL-instrumented binary: /Dualis/scripts/../benchmarks/ClassicalHornICE_working_temp/AtomicHashMap4/find_fuzz
   -> AFL++(find_fuzz) finished its fuzzing session.
   -> Checking fuzzing outputs for counterexamples...
Checking crashes
Checking queue
   -> Found 121 crash reports. Testing reproducibility...
   -> CRASH REPRODUCED with id:000004,src:000001,time:0,execs:32,op:(null),pos:0,+cov
Checking hangs
   -> Converting counterexamples for 'find'...
   -> Writing new specs to harness: insert_fuzz.cpp...
      -> Successfully created working copy '/Dualis/scripts/../benchmarks/ClassicalHornICE_working_temp/AtomicHashMap4/insert_fuzz.cpp'.
   -> Starting AFL++(insert_fuzz) with a 60-second timeout...
   -> Building AFL-instrumented binary: /Dualis/scripts/../benchmarks/ClassicalHornICE_working_temp/AtomicHashMap4/insert_fuzz
   -> AFL++(insert_fuzz) finished its fuzzing session.
   -> Checking fuzzing outputs for counterexamples...
Checking crashes
   -> Found 12 crash reports. Testing reproducibility...
   -> CRASH REPRODUCED with id:000002,sig:06,src:000000,time:436,execs:35,op:havoc,rep:2
   -> CRASH REPRODUCED with id:000010,sig:06,src:000000,time:4873,execs:101,op:havoc,rep:5
   -> CRASH REPRODUCED with id:000000,sig:06,src:000000,time:165,execs:32,op:havoc,rep:5
   -> CRASH REPRODUCED with id:000007,sig:06,src:000000,time:1969,execs:56,op:havoc,rep:6
   -> CRASH REPRODUCED with id:000006,sig:06,src:000000,time:1782,execs:54,op:havoc,rep:2
   -> CRASH REPRODUCED with id:000009,sig:06,src:000000,time:3410,execs:77,op:havoc,rep:7
   -> CRASH REPRODUCED with id:000011,sig:06,src:000000,time:14372,execs:212,op:havoc,rep:16
   -> CRASH REPRODUCED with id:000008,sig:06,src:000000,time:2328,execs:60,op:havoc,rep:7
   -> CRASH REPRODUCED with id:000004,sig:06,src:000000,time:1195,execs:47,op:havoc,rep:6
   -> CRASH REPRODUCED with id:000003,sig:06,src:000000,time:594,execs:38,op:havoc,rep:4
   -> CRASH REPRODUCED with id:000005,sig:06,src:000000,time:1409,execs:52,op:havoc,rep:6
   -> CRASH REPRODUCED with id:000001,sig:06,src:000000,time:308,execs:33,op:havoc,rep:3
Checking queue
   -> Found 4 crash reports. Testing reproducibility...
   -> CRASH REPRODUCED with id:000001,time:0,execs:0,orig:2ins
Checking hangs
   -> Converting counterexamples for 'insert'...
      -> Found and validated 11 new rules.
   -> Updating CHC file with new counterexamples...

=============== Artifacts This Iteration ===============

--- Generated Specs ---
  find: (true)
  inv1: ((i - N) <= (-1))
  insert: (false)
  inv2: (false)

--- New Test Cases Found ---

--- Updated CHCs (for next iteration) ---
(declare-var N Int)
(declare-var len Int)
(declare-var len1 Int)
(declare-var i Int)
(declare-var i1 Int)
(declare-var i_old Int)
(declare-var min Int)
(declare-var min1 Int)
(declare-var max Int)
(declare-var max1 Int)
(declare-var kveq Int)
(declare-var kveq1 Int)
(declare-var k Int)
(declare-var v Int)
(declare-var ret1 Int)
(declare-rel insert (Int Int Int Int Int Int Int Int Int Int))
(declare-rel find (Int Int Int Int Int Int))
(declare-rel inv1 (Int Int Int Int Int Int))
(declare-rel inv2 (Int Int Int Int Int Int))
(declare-rel fail ())
(define-fun MAX () Int 128)
(define-fun MIN () Int -129)
(define-fun is_valid ((x Int)) Bool (or (= x 1) (= x 0)))

(rule (=> (and (= k -1) (= v -1) (= len 1) (= min -1) (= max -1) (= kveq 1) (= len1 1) (= min1 -1) (= max1 -1) (= kveq1 1)) (insert k v len min max kveq len1 min1 max1 kveq1)))
(rule (=> (and (= k 0) (= v -1) (= len 3) (= min -78) (= max -57) (= kveq 0) (= len1 4) (= min1 -78) (= max1 0) (= kveq1 0)) (insert k v len min max kveq len1 min1 max1 kveq1)))
(rule (=> (and (= k 2) (= v -1) (= len 0) (= min 128) (= max -129) (= kveq 1) (= len1 1) (= min1 2) (= max1 2) (= kveq1 0)) (insert k v len min max kveq len1 min1 max1 kveq1)))
(rule (=> (and (= k -1) (= v -2) (= len 0) (= min 128) (= max -129) (= kveq 1) (= len1 1) (= min1 -1) (= max1 -1) (= kveq1 0)) (insert k v len min max kveq len1 min1 max1 kveq1)))
(rule (=> (and (= k 2) (= v -1) (= len 1) (= min -1) (= max -1) (= kveq 1) (= len1 2) (= min1 -1) (= max1 2) (= kveq1 0)) (insert k v len min max kveq len1 min1 max1 kveq1)))
(rule (=> (and (= k 28) (= v 37) (= len 2) (= min 6) (= max 28) (= kveq 0) (= len1 2) (= min1 6) (= max1 28) (= kveq1 0)) (insert k v len min max kveq len1 min1 max1 kveq1)))
(rule (=> (and (= k 2) (= v -1) (= len 5) (= min -128) (= max 62) (= kveq 0) (= len1 5) (= min1 -128) (= max1 62) (= kveq1 0)) (insert k v len min max kveq len1 min1 max1 kveq1)))
(rule (=> (and (= k 2) (= v -31) (= len 1) (= min 1) (= max 1) (= kveq 0) (= len1 2) (= min1 1) (= max1 2) (= kveq1 0)) (insert k v len min max kveq len1 min1 max1 kveq1)))
(rule (=> (and (= k 0) (= v 22) (= len 0) (= min 128) (= max -129) (= kveq 1) (= len1 1) (= min1 0) (= max1 0) (= kveq1 0)) (insert k v len min max kveq len1 min1 max1 kveq1)))
(rule (=> (and (= k 1) (= v -1) (= len 1) (= min 1) (= max 1) (= kveq 0) (= len1 1) (= min1 1) (= max1 1) (= kveq1 0)) (insert k v len min max kveq len1 min1 max1 kveq1)))
(rule (=> (and (= k -43) (= v -43) (= len 1) (= min -8) (= max -8) (= kveq 0) (= len1 2) (= min1 -43) (= max1 -8) (= kveq1 0)) (insert k v len min max kveq len1 min1 max1 kveq1)))

(rule (=> (and (= k 3) (= len 0) (= min 128) (= max -129) (= kveq 1) (= ret1 128)) (find k len min max kveq ret1)))
(rule (=> (and (= k 18) (= len 2) (= min -33) (= max -1) (= kveq 1) (= ret1 128)) (find k len min max kveq ret1)))
(rule (=> (and (= k 127) (= len 2) (= min -2) (= max -1) (= kveq 0) (= ret1 128)) (find k len min max kveq ret1)))
(rule (=> (and (= k 0) (= len 3) (= min -65) (= max 126) (= kveq 0) (= ret1 128)) (find k len min max kveq ret1)))
(rule (=> (and (= k 0) (= len 2) (= min -1) (= max 1) (= kveq 0) (= ret1 128)) (find k len min max kveq ret1)))
(rule (=> (and (= k 26) (= len 3) (= min -36) (= max 26) (= kveq 0) (= ret1 50)) (find k len min max kveq ret1)))
(rule (=> (and (= k 1) (= len 1) (= min -47) (= max -47) (= kveq 0) (= ret1 128)) (find k len min max kveq ret1)))
(rule (=> (and (= k 120) (= len 1) (= min -1) (= max -1) (= kveq 1) (= ret1 128)) (find k len min max kveq ret1)))
(rule (=> (and (= k 0) (= len 1) (= min 0) (= max 0) (= kveq 0) (= ret1 16)) (find k len min max kveq ret1)))
(rule (=> (and (= k -1) (= len 1) (= min 2) (= max 2) (= kveq 0) (= ret1 128)) (find k len min max kveq ret1)))
(rule (=> (and (= k -2) (= len 0) (= min 128) (= max -129) (= kveq 1) (= ret1 128)) (find k len min max kveq ret1)))
(rule (=> (and (= k -1) (= len 2) (= min -1) (= max 1) (= kveq 0) (= ret1 -1)) (find k len min max kveq ret1)))
(rule (=> (and (= k -1) (= len 2) (= min -53) (= max 1) (= kveq 1) (= ret1 128)) (find k len min max kveq ret1)))
(rule (=> (and (= k -1) (= len 2) (= min -102) (= max 101) (= kveq 0) (= ret1 128)) (find k len min max kveq ret1)))
(rule (=> (and (= k 0) (= len 1) (= min 0) (= max 0) (= kveq 1) (= ret1 0)) (find k len min max kveq ret1)))
(rule (=> (and (= k -1) (= len 0) (= min 128) (= max -129) (= kveq 1) (= ret1 128)) (find k len min max kveq ret1)))
(rule (=> (and (= k -1) (= len 1) (= min -1) (= max -1) (= kveq 1) (= ret1 -1)) (find k len min max kveq ret1)))
(rule (=> (and (> N 0) (= len 0) (= i 0) (= min MAX) (= max MIN) (= kveq 1)) (inv1 i N len min max kveq)))
(rule (=> (and (inv1 i N len min max kveq) (is_valid kveq) (< i N) (= k i) (= v i) (insert k v len min max kveq len1 min1 max1 kveq1) (= i1 (+ i 1))) (inv1 i1 N len1 min1 max1 kveq1)))
(rule (=> (and (inv1 i_old N len min max kveq) (is_valid kveq) (not (< i_old N)) (= i 0)) (inv2 i N len min max kveq)))
(rule (=> (and (inv2 i N len min max kveq) (is_valid kveq) (< i N) (= k i) (= v i) (insert k v len min max kveq len1 min1 max1 kveq1) (= i1 (+ i 1))) (inv2 i1 N len1 min1 max1 kveq1)))
(rule (=> (and (inv2 i N len min max kveq) (is_valid kveq) (not (< i N)) (and (>= k 0) (< k N ) (= k min)) (find k len min max kveq ret1) (= ret1 MAX)) fail))

(query fail :print-certificate true)
==============================================================
   -> Checking if specs have changed...
      -> CHC files are different. Continuing iteration.

==================== Iteration: 4 ====================
TIMEOUT : 80
   -> Parsing CHC file: /Dualis/scripts/../benchmarks/ClassicalHornICE_working_temp/AtomicHashMap4/AtomicHashMap4.smt2
   -> Starting HornICE with a 1000-second timeout...
      -> Logging HornICE output to iter_4.log
   -> HornICE completed successfully.
   -> Analyzing HornICE log file: iter_4.log
      -> Found 20 internal iterations.
   -> Writing new specs to harness: insert_fuzz.cpp...
      -> Successfully created working copy '/Dualis/scripts/../benchmarks/ClassicalHornICE_working_temp/AtomicHashMap4/insert_fuzz.cpp'.
   -> Starting AFL++(insert_fuzz) with a 80-second timeout...
   -> Building AFL-instrumented binary: /Dualis/scripts/../benchmarks/ClassicalHornICE_working_temp/AtomicHashMap4/insert_fuzz
   -> AFL++(insert_fuzz) finished its fuzzing session.
   -> Checking fuzzing outputs for counterexamples...
Checking crashes
   -> Found 8 crash reports. Testing reproducibility...
   -> CRASH REPRODUCED with id:000001,sig:06,src:000001,time:369,execs:92,op:havoc,rep:12
   -> CRASH REPRODUCED with id:000004,sig:06,src:000001,time:895,execs:239,op:havoc,rep:5
   -> CRASH REPRODUCED with id:000006,sig:06,src:000001,time:2643,execs:374,op:havoc,rep:8
   -> CRASH REPRODUCED with id:000003,sig:06,src:000001,time:704,execs:216,op:havoc,rep:14
   -> CRASH REPRODUCED with id:000002,sig:06,src:000001,time:528,execs:194,op:havoc,rep:10
   -> CRASH REPRODUCED with id:000000,sig:06,src:000001,time:192,execs:67,op:havoc,rep:16
   -> CRASH REPRODUCED with id:000007,sig:06,src:000001,time:3035,execs:424,op:havoc,rep:5
   -> CRASH REPRODUCED with id:000005,sig:06,src:000001,time:1268,execs:271,op:havoc,rep:3
Checking queue
   -> Found 63 crash reports. Testing reproducibility...
   -> CRASH REPRODUCED with id:000004,src:000001,time:1,execs:32,op:(null),pos:0,+cov
Checking hangs
   -> Converting counterexamples for 'insert'...
      -> Found and validated 8 new rules.
   -> Writing new specs to harness: find_fuzz.cpp...
      -> Successfully created working copy '/Dualis/scripts/../benchmarks/ClassicalHornICE_working_temp/AtomicHashMap4/find_fuzz.cpp'.
   -> Starting AFL++(find_fuzz) with a 80-second timeout...
   -> Building AFL-instrumented binary: /Dualis/scripts/../benchmarks/ClassicalHornICE_working_temp/AtomicHashMap4/find_fuzz
   -> AFL++(find_fuzz) finished its fuzzing session.
   -> Checking fuzzing outputs for counterexamples...
Checking crashes
Checking queue
   -> Found 140 crash reports. Testing reproducibility...
   -> CRASH REPRODUCED with id:000004,src:000001,time:0,execs:32,op:(null),pos:0,+cov
Checking hangs
   -> Converting counterexamples for 'find'...
   -> Updating CHC file with new counterexamples...

=============== Artifacts This Iteration ===============

--- Generated Specs ---
  insert: ((((((v - len) - kveq) > 0) && (((min - v) - min) <= 0)) || (((min - v) - min) > 0)) && ((len + kveq + kveq) > 0))
  inv2: (i <= 0)
  find: (true)
  inv1: (true)

--- New Test Cases Found ---

--- Updated CHCs (for next iteration) ---
(declare-var N Int)
(declare-var len Int)
(declare-var len1 Int)
(declare-var i Int)
(declare-var i1 Int)
(declare-var i_old Int)
(declare-var min Int)
(declare-var min1 Int)
(declare-var max Int)
(declare-var max1 Int)
(declare-var kveq Int)
(declare-var kveq1 Int)
(declare-var k Int)
(declare-var v Int)
(declare-var ret1 Int)
(declare-rel insert (Int Int Int Int Int Int Int Int Int Int))
(declare-rel find (Int Int Int Int Int Int))
(declare-rel inv1 (Int Int Int Int Int Int))
(declare-rel inv2 (Int Int Int Int Int Int))
(declare-rel fail ())
(define-fun MAX () Int 128)
(define-fun MIN () Int -129)
(define-fun is_valid ((x Int)) Bool (or (= x 1) (= x 0)))

(rule (=> (and (= k 12) (= v 2) (= len 2) (= min -11) (= max 0) (= kveq 0) (= len1 3) (= min1 -11) (= max1 12) (= kveq1 0)) (insert k v len min max kveq len1 min1 max1 kveq1)))
(rule (=> (and (= k -1) (= v 1) (= len 4) (= min -1) (= max 33) (= kveq 0) (= len1 4) (= min1 -1) (= max1 33) (= kveq1 0)) (insert k v len min max kveq len1 min1 max1 kveq1)))
(rule (=> (and (= k 1) (= v 0) (= len 2) (= min 0) (= max 1) (= kveq 0) (= len1 2) (= min1 0) (= max1 1) (= kveq1 0)) (insert k v len min max kveq len1 min1 max1 kveq1)))
(rule (=> (and (= k 0) (= v 1) (= len 1) (= min 1) (= max 1) (= kveq 0) (= len1 2) (= min1 0) (= max1 1) (= kveq1 0)) (insert k v len min max kveq len1 min1 max1 kveq1)))
(rule (=> (and (= k 0) (= v 0) (= len 0) (= min 128) (= max -129) (= kveq 1) (= len1 1) (= min1 0) (= max1 0) (= kveq1 1)) (insert k v len min max kveq len1 min1 max1 kveq1)))
(rule (=> (and (= k -1) (= v 1) (= len 1) (= min -1) (= max -1) (= kveq 0) (= len1 1) (= min1 -1) (= max1 -1) (= kveq1 0)) (insert k v len min max kveq len1 min1 max1 kveq1)))
(rule (=> (and (= k -5) (= v 1) (= len 1) (= min 22) (= max 22) (= kveq 0) (= len1 2) (= min1 -5) (= max1 22) (= kveq1 0)) (insert k v len min max kveq len1 min1 max1 kveq1)))
(rule (=> (and (= k 0) (= v 0) (= len 2) (= min -31) (= max 0) (= kveq 0) (= len1 2) (= min1 -31) (= max1 0) (= kveq1 0)) (insert k v len min max kveq len1 min1 max1 kveq1)))

(rule (=> (and (= k -1) (= v -1) (= len 1) (= min -1) (= max -1) (= kveq 1) (= len1 1) (= min1 -1) (= max1 -1) (= kveq1 1)) (insert k v len min max kveq len1 min1 max1 kveq1)))
(rule (=> (and (= k 0) (= v -1) (= len 3) (= min -78) (= max -57) (= kveq 0) (= len1 4) (= min1 -78) (= max1 0) (= kveq1 0)) (insert k v len min max kveq len1 min1 max1 kveq1)))
(rule (=> (and (= k 2) (= v -1) (= len 0) (= min 128) (= max -129) (= kveq 1) (= len1 1) (= min1 2) (= max1 2) (= kveq1 0)) (insert k v len min max kveq len1 min1 max1 kveq1)))
(rule (=> (and (= k -1) (= v -2) (= len 0) (= min 128) (= max -129) (= kveq 1) (= len1 1) (= min1 -1) (= max1 -1) (= kveq1 0)) (insert k v len min max kveq len1 min1 max1 kveq1)))
(rule (=> (and (= k 2) (= v -1) (= len 1) (= min -1) (= max -1) (= kveq 1) (= len1 2) (= min1 -1) (= max1 2) (= kveq1 0)) (insert k v len min max kveq len1 min1 max1 kveq1)))
(rule (=> (and (= k 28) (= v 37) (= len 2) (= min 6) (= max 28) (= kveq 0) (= len1 2) (= min1 6) (= max1 28) (= kveq1 0)) (insert k v len min max kveq len1 min1 max1 kveq1)))
(rule (=> (and (= k 2) (= v -1) (= len 5) (= min -128) (= max 62) (= kveq 0) (= len1 5) (= min1 -128) (= max1 62) (= kveq1 0)) (insert k v len min max kveq len1 min1 max1 kveq1)))
(rule (=> (and (= k 2) (= v -31) (= len 1) (= min 1) (= max 1) (= kveq 0) (= len1 2) (= min1 1) (= max1 2) (= kveq1 0)) (insert k v len min max kveq len1 min1 max1 kveq1)))
(rule (=> (and (= k 0) (= v 22) (= len 0) (= min 128) (= max -129) (= kveq 1) (= len1 1) (= min1 0) (= max1 0) (= kveq1 0)) (insert k v len min max kveq len1 min1 max1 kveq1)))
(rule (=> (and (= k 1) (= v -1) (= len 1) (= min 1) (= max 1) (= kveq 0) (= len1 1) (= min1 1) (= max1 1) (= kveq1 0)) (insert k v len min max kveq len1 min1 max1 kveq1)))
(rule (=> (and (= k -43) (= v -43) (= len 1) (= min -8) (= max -8) (= kveq 0) (= len1 2) (= min1 -43) (= max1 -8) (= kveq1 0)) (insert k v len min max kveq len1 min1 max1 kveq1)))
(rule (=> (and (= k 3) (= len 0) (= min 128) (= max -129) (= kveq 1) (= ret1 128)) (find k len min max kveq ret1)))
(rule (=> (and (= k 18) (= len 2) (= min -33) (= max -1) (= kveq 1) (= ret1 128)) (find k len min max kveq ret1)))
(rule (=> (and (= k 127) (= len 2) (= min -2) (= max -1) (= kveq 0) (= ret1 128)) (find k len min max kveq ret1)))
(rule (=> (and (= k 0) (= len 3) (= min -65) (= max 126) (= kveq 0) (= ret1 128)) (find k len min max kveq ret1)))
(rule (=> (and (= k 0) (= len 2) (= min -1) (= max 1) (= kveq 0) (= ret1 128)) (find k len min max kveq ret1)))
(rule (=> (and (= k 26) (= len 3) (= min -36) (= max 26) (= kveq 0) (= ret1 50)) (find k len min max kveq ret1)))
(rule (=> (and (= k 1) (= len 1) (= min -47) (= max -47) (= kveq 0) (= ret1 128)) (find k len min max kveq ret1)))
(rule (=> (and (= k 120) (= len 1) (= min -1) (= max -1) (= kveq 1) (= ret1 128)) (find k len min max kveq ret1)))
(rule (=> (and (= k 0) (= len 1) (= min 0) (= max 0) (= kveq 0) (= ret1 16)) (find k len min max kveq ret1)))
(rule (=> (and (= k -1) (= len 1) (= min 2) (= max 2) (= kveq 0) (= ret1 128)) (find k len min max kveq ret1)))
(rule (=> (and (= k -2) (= len 0) (= min 128) (= max -129) (= kveq 1) (= ret1 128)) (find k len min max kveq ret1)))
(rule (=> (and (= k -1) (= len 2) (= min -1) (= max 1) (= kveq 0) (= ret1 -1)) (find k len min max kveq ret1)))
(rule (=> (and (= k -1) (= len 2) (= min -53) (= max 1) (= kveq 1) (= ret1 128)) (find k len min max kveq ret1)))
(rule (=> (and (= k -1) (= len 2) (= min -102) (= max 101) (= kveq 0) (= ret1 128)) (find k len min max kveq ret1)))
(rule (=> (and (= k 0) (= len 1) (= min 0) (= max 0) (= kveq 1) (= ret1 0)) (find k len min max kveq ret1)))
(rule (=> (and (= k -1) (= len 0) (= min 128) (= max -129) (= kveq 1) (= ret1 128)) (find k len min max kveq ret1)))
(rule (=> (and (= k -1) (= len 1) (= min -1) (= max -1) (= kveq 1) (= ret1 -1)) (find k len min max kveq ret1)))
(rule (=> (and (> N 0) (= len 0) (= i 0) (= min MAX) (= max MIN) (= kveq 1)) (inv1 i N len min max kveq)))
(rule (=> (and (inv1 i N len min max kveq) (is_valid kveq) (< i N) (= k i) (= v i) (insert k v len min max kveq len1 min1 max1 kveq1) (= i1 (+ i 1))) (inv1 i1 N len1 min1 max1 kveq1)))
(rule (=> (and (inv1 i_old N len min max kveq) (is_valid kveq) (not (< i_old N)) (= i 0)) (inv2 i N len min max kveq)))
(rule (=> (and (inv2 i N len min max kveq) (is_valid kveq) (< i N) (= k i) (= v i) (insert k v len min max kveq len1 min1 max1 kveq1) (= i1 (+ i 1))) (inv2 i1 N len1 min1 max1 kveq1)))
(rule (=> (and (inv2 i N len min max kveq) (is_valid kveq) (not (< i N)) (and (>= k 0) (< k N ) (= k min)) (find k len min max kveq ret1) (= ret1 MAX)) fail))

(query fail :print-certificate true)
==============================================================
   -> Checking if specs have changed...
      -> CHC files are different. Continuing iteration.

==================== Iteration: 5 ====================
TIMEOUT : 100
   -> Parsing CHC file: /Dualis/scripts/../benchmarks/ClassicalHornICE_working_temp/AtomicHashMap4/AtomicHashMap4.smt2
   -> Starting HornICE with a 1000-second timeout...
      -> Logging HornICE output to iter_5.log
   -> ERROR: HornICE timed out. Terminating.

==================== Finalizing Pipeline ====================

====================== Pipeline Finished =====================
Total External Iterations: 5
Total Unique Test Cases Found: 36
Total Internal Iterations: 47
  - Min: 4
  - Max: 20
  - Avg: 11.75
pipeline.run() took 0.7462 seconds.
Running command: /usr/bin/python3 chcverifynfuzz.py ClassicalHornICE AtomicHashMap4
PID: 607021
========================================

