
========================================
         Starting Pipeline for: AtomicLinkedList2 (Mode: ClassicalHornICE)
========================================
Initializing pipeline for benchmark: 'AtomicLinkedList2'
   -> Loading and validating attributes from: /Dualis/scripts/../benchmarks/Classical/AtomicLinkedList2/Attributes.txt
      -> Validation successful. Attribute file is consistent.

==================== Iteration: 1 ====================
TIMEOUT : 20
   -> Parsing CHC file: /Dualis/scripts/../benchmarks/ClassicalHornICE_working_temp/AtomicLinkedList2/AtomicLinkedList2.smt2
   -> Starting HornICE with a 1000-second timeout...
      -> Logging HornICE output to iter_1.log
   -> HornICE completed successfully.
   -> Analyzing HornICE log file: iter_1.log
      -> Found 12 internal iterations.
   -> Writing new specs to harness: popHead_fuzz.cpp...
      -> Successfully created working copy '/Dualis/scripts/../benchmarks/ClassicalHornICE_working_temp/AtomicLinkedList2/popHead_fuzz.cpp'.
   -> Starting AFL++(popHead_fuzz) with a 20-second timeout...
   -> Building AFL-instrumented binary: /Dualis/scripts/../benchmarks/ClassicalHornICE_working_temp/AtomicLinkedList2/popHead_fuzz
   -> AFL++(popHead_fuzz) finished its fuzzing session.
   -> Checking fuzzing outputs for counterexamples...
Checking crashes
   -> Found 7 crash reports. Testing reproducibility...
   -> CRASH REPRODUCED with id:000002,sig:06,src:000000,time:557,execs:53,op:havoc,rep:2
   -> CRASH REPRODUCED with id:000004,sig:06,src:000000,time:1890,execs:92,op:havoc,rep:8
   -> CRASH REPRODUCED with id:000003,sig:06,src:000000,time:934,execs:59,op:havoc,rep:7
   -> CRASH REPRODUCED with id:000001,sig:06,src:000000,time:370,execs:42,op:havoc,rep:4
   -> CRASH REPRODUCED with id:000005,sig:06,src:000000,time:3655,execs:131,op:havoc,rep:6
   -> CRASH REPRODUCED with id:000006,sig:06,src:000000,time:7697,execs:258,op:havoc,rep:7
   -> CRASH REPRODUCED with id:000000,sig:06,src:000000,time:188,execs:33,op:havoc,rep:3
Checking queue
   -> Found 4 crash reports. Testing reproducibility...
Checking hangs
   -> Converting counterexamples for 'popHead'...
      -> Found and validated 5 new rules.
   -> Writing new specs to harness: insertHead_fuzz.cpp...
      -> Successfully created working copy '/Dualis/scripts/../benchmarks/ClassicalHornICE_working_temp/AtomicLinkedList2/insertHead_fuzz.cpp'.
   -> Starting AFL++(insertHead_fuzz) with a 20-second timeout...
   -> Building AFL-instrumented binary: /Dualis/scripts/../benchmarks/ClassicalHornICE_working_temp/AtomicLinkedList2/insertHead_fuzz
   -> AFL++(insertHead_fuzz) finished its fuzzing session.
   -> Checking fuzzing outputs for counterexamples...
Checking crashes
   -> Found 7 crash reports. Testing reproducibility...
   -> CRASH REPRODUCED with id:000003,sig:06,src:000000,time:1101,execs:50,op:havoc,rep:2
   -> CRASH REPRODUCED with id:000002,sig:06,src:000000,time:547,execs:37,op:havoc,rep:12
   -> CRASH REPRODUCED with id:000006,sig:06,src:000000,time:5638,execs:124,op:havoc,rep:9
   -> CRASH REPRODUCED with id:000005,sig:06,src:000000,time:2810,execs:82,op:havoc,rep:13
   -> CRASH REPRODUCED with id:000000,sig:06,src:000000,time:180,execs:34,op:havoc,rep:11
   -> CRASH REPRODUCED with id:000001,sig:06,src:000000,time:346,execs:36,op:havoc,rep:14
   -> CRASH REPRODUCED with id:000004,sig:06,src:000000,time:1950,execs:60,op:havoc,rep:16
Checking queue
   -> Found 4 crash reports. Testing reproducibility...
Checking hangs
   -> Converting counterexamples for 'insertHead'...
      -> Found and validated 7 new rules.
   -> Updating CHC file with new counterexamples...

=============== Artifacts This Iteration ===============

--- Generated Specs ---
  inv1: ((k - N) <= (-1))
  popHead: (false)
  insertHead: (false)
  inv2: (false)

--- New Test Cases Found ---

--- Updated CHCs (for next iteration) ---
(declare-var N Int)
(declare-var k Int)
(declare-var k1 Int)
(declare-var len Int)
(declare-var len1 Int)
(declare-var items_processed Int)
(declare-var items_processed1 Int)
(declare-var ret Int)
(declare-var ret1 Int)
(declare-var min Int)
(declare-var min1 Int)
(declare-var max Int)
(declare-var max1 Int)
(declare-rel insertHead (Int Int Int Int Int Int Int))
(declare-rel popHead (Int Int Int Int Int Int Int))
(declare-rel inv1 (Int Int Int Int Int))
(declare-rel inv2 (Int Int Int Int Int))
(declare-rel fail ())
(define-fun MAX () Int 128)
(define-fun MIN () Int -129)

(rule (=> (and (= min 128) (= max -129) (= len 0) (= min1 128) (= max1 -129) (= len1 0) (= ret1 128)) (popHead min max len min1 max1 len1 ret1)))
(rule (=> (and (= min -24) (= max -24) (= len 8) (= min1 -24) (= max1 -24) (= len1 7) (= ret1 -24)) (popHead min max len min1 max1 len1 ret1)))
(rule (=> (and (= min -128) (= max 10) (= len 4) (= min1 10) (= max1 10) (= len1 3) (= ret1 -128)) (popHead min max len min1 max1 len1 ret1)))
(rule (=> (and (= min 1) (= max 32) (= len 13) (= min1 1) (= max1 1) (= len1 12) (= ret1 32)) (popHead min max len min1 max1 len1 ret1)))
(rule (=> (and (= min 10) (= max 10) (= len 2) (= min1 10) (= max1 10) (= len1 1) (= ret1 10)) (popHead min max len min1 max1 len1 ret1)))
(rule (=> (and (= k 1) (= min 1) (= max 1) (= len 11) (= min1 1) (= max1 1) (= len1 12)) (insertHead k min max len min1 max1 len1)))
(rule (=> (and (= k 32) (= min 128) (= max -129) (= len 0) (= min1 32) (= max1 32) (= len1 1)) (insertHead k min max len min1 max1 len1)))
(rule (=> (and (= k -4) (= min 2) (= max 2) (= len 1) (= min1 -4) (= max1 2) (= len1 2)) (insertHead k min max len min1 max1 len1)))
(rule (=> (and (= k -25) (= min 128) (= max -129) (= len 0) (= min1 -25) (= max1 -25) (= len1 1)) (insertHead k min max len min1 max1 len1)))
(rule (=> (and (= k 2) (= min 128) (= max -129) (= len 0) (= min1 2) (= max1 2) (= len1 1)) (insertHead k min max len min1 max1 len1)))
(rule (=> (and (= k -128) (= min 128) (= max -129) (= len 0) (= min1 -128) (= max1 -128) (= len1 1)) (insertHead k min max len min1 max1 len1)))
(rule (=> (and (= k -6) (= min -93) (= max 32) (= len 9) (= min1 -93) (= max1 32) (= len1 10)) (insertHead k min max len min1 max1 len1)))

(rule (=> (and (> N 0) (= k 0) (= len 0) (= min MAX) (= max MIN)) (inv1 k N min max len1)))
(rule (=> (and (inv1 k N min max len) (< k N) (insertHead k min max len min1 max1 len1) (= k1 (+ k 1))) (inv1 k1 N min1 max1 len1)))
(rule (=> (and (inv1 k N min max len) (not (< k N)) (= items_processed 0) (= ret1 MAX)) (inv2 min max len items_processed ret1)))
(rule (=> (and (inv2 min max len items_processed ret) (not (= len 0)) (popHead min max len min1 max1 len1 ret1) (= items_processed1 (+ items_processed 1))) (inv2 min1 max1 len1 items_processed1 ret1)))
(rule (=> (and (inv2 min max len items_processed ret) (= len 0) (not (= ret 0))) fail))

(query fail :print-certificate true)
==============================================================
   -> Checking if specs have changed...
      -> CHC files are different. Continuing iteration.

==================== Iteration: 2 ====================
TIMEOUT : 40
   -> Parsing CHC file: /Dualis/scripts/../benchmarks/ClassicalHornICE_working_temp/AtomicLinkedList2/AtomicLinkedList2.smt2
   -> Starting HornICE with a 1000-second timeout...
      -> Logging HornICE output to iter_2.log
   -> ERROR: HornICE timed out. Terminating.

==================== Finalizing Pipeline ====================

====================== Pipeline Finished =====================
Total External Iterations: 2
Total Unique Test Cases Found: 12
Total Internal Iterations: 12
  - Min: 12
  - Max: 12
  - Avg: 12.00
pipeline.run() took 0.5200 seconds.
Running command: /usr/bin/python3 chcverifynfuzz.py ClassicalHornICE AtomicLinkedList2
PID: 607022
========================================

