
========================================
         Starting Pipeline for: BinaryHeap1 (Mode: ClassicalHornICE)
========================================
Initializing pipeline for benchmark: 'BinaryHeap1'
   -> Loading and validating attributes from: /Dualis/scripts/../benchmarks/Classical/BinaryHeap1/Attributes.txt
      -> Validation successful. Attribute file is consistent.

==================== Iteration: 1 ====================
TIMEOUT : 20
   -> Parsing CHC file: /Dualis/scripts/../benchmarks/ClassicalHornICE_working_temp/BinaryHeap1/BinaryHeap1.smt2
   -> Starting HornICE with a 1000-second timeout...
      -> Logging HornICE output to iter_1.log
   -> HornICE completed successfully.
   -> Analyzing HornICE log file: iter_1.log
      -> Found 15 internal iterations.
   -> Writing new specs to harness: insert_fuzz.cpp...
      -> Successfully created working copy '/Dualis/scripts/../benchmarks/ClassicalHornICE_working_temp/BinaryHeap1/insert_fuzz.cpp'.
   -> Starting AFL++(insert_fuzz) with a 20-second timeout...
   -> Building AFL-instrumented binary: /Dualis/scripts/../benchmarks/ClassicalHornICE_working_temp/BinaryHeap1/insert_fuzz
   -> AFL++(insert_fuzz) finished its fuzzing session.
   -> Checking fuzzing outputs for counterexamples...
Checking crashes
   -> Found 6 crash reports. Testing reproducibility...
   -> CRASH REPRODUCED with id:000003,sig:06,src:000000,time:892,execs:129,op:havoc,rep:2
   -> CRASH REPRODUCED with id:000005,sig:06,src:000000,time:7470,execs:846,op:havoc,rep:2
   -> CRASH REPRODUCED with id:000004,sig:06,src:000000,time:1346,execs:227,op:havoc,rep:2
   -> CRASH REPRODUCED with id:000001,sig:06,src:000000,time:452,execs:89,op:havoc,rep:1
   -> CRASH REPRODUCED with id:000000,sig:06,src:000000,time:220,execs:78,op:havoc,rep:2
   -> CRASH REPRODUCED with id:000002,sig:06,src:000000,time:678,execs:124,op:havoc,rep:1
Checking queue
   -> Found 8 crash reports. Testing reproducibility...
Checking hangs
   -> Converting counterexamples for 'insert'...
      -> Found and validated 4 new rules.
   -> Writing new specs to harness: deleteMin_fuzz.cpp...
      -> Successfully created working copy '/Dualis/scripts/../benchmarks/ClassicalHornICE_working_temp/BinaryHeap1/deleteMin_fuzz.cpp'.
   -> Starting AFL++(deleteMin_fuzz) with a 20-second timeout...
   -> Building AFL-instrumented binary: /Dualis/scripts/../benchmarks/ClassicalHornICE_working_temp/BinaryHeap1/deleteMin_fuzz
   -> AFL++(deleteMin_fuzz) finished its fuzzing session.
   -> Checking fuzzing outputs for counterexamples...
Checking crashes
   -> Found 6 crash reports. Testing reproducibility...
   -> CRASH REPRODUCED with id:000005,sig:06,src:000000,time:1492,execs:137,op:havoc,rep:4
   -> CRASH REPRODUCED with id:000002,sig:06,src:000000,time:467,execs:81,op:havoc,rep:3
   -> CRASH REPRODUCED with id:000001,sig:06,src:000000,time:302,execs:77,op:havoc,rep:4
   -> CRASH REPRODUCED with id:000000,sig:06,src:000000,time:141,execs:75,op:havoc,rep:1
   -> CRASH REPRODUCED with id:000003,sig:06,src:000000,time:759,execs:86,op:havoc,rep:3
   -> CRASH REPRODUCED with id:000004,sig:06,src:000000,time:1134,execs:117,op:havoc,rep:4
Checking queue
   -> Found 8 crash reports. Testing reproducibility...
Checking hangs
   -> Converting counterexamples for 'deleteMin'...
      -> Found and validated 4 new rules.
   -> Writing new specs to harness: downHeap_fuzz.cpp...
      -> Successfully created working copy '/Dualis/scripts/../benchmarks/ClassicalHornICE_working_temp/BinaryHeap1/downHeap_fuzz.cpp'.
   -> Starting AFL++(downHeap_fuzz) with a 20-second timeout...
   -> Building AFL-instrumented binary: /Dualis/scripts/../benchmarks/ClassicalHornICE_working_temp/BinaryHeap1/downHeap_fuzz
   -> AFL++(downHeap_fuzz) finished its fuzzing session.
   -> Checking fuzzing outputs for counterexamples...
Checking crashes
   -> Found 9 crash reports. Testing reproducibility...
   -> CRASH REPRODUCED with id:000001,sig:06,src:000000,time:390,execs:96,op:havoc,rep:4
   -> CRASH REPRODUCED with id:000007,sig:06,src:000000,time:10867,execs:665,op:havoc,rep:3
   -> CRASH REPRODUCED with id:000006,sig:06,src:000000,time:7551,execs:442,op:havoc,rep:4
   -> CRASH REPRODUCED with id:000008,sig:06,src:000000,time:16292,execs:970,op:havoc,rep:4
   -> CRASH REPRODUCED with id:000000,sig:06,src:000000,time:194,execs:80,op:havoc,rep:3
   -> CRASH REPRODUCED with id:000004,sig:06,src:000000,time:1944,execs:171,op:havoc,rep:4
   -> CRASH REPRODUCED with id:000002,sig:06,src:000000,time:591,execs:103,op:havoc,rep:2
   -> CRASH REPRODUCED with id:000003,sig:06,src:000000,time:1763,execs:164,op:havoc,rep:4
   -> CRASH REPRODUCED with id:000005,sig:06,src:000000,time:4014,execs:277,op:havoc,rep:2
Checking queue
   -> Found 8 crash reports. Testing reproducibility...
Checking hangs
   -> Converting counterexamples for 'downHeap'...
      -> Found and validated 1 new rules.
   -> Updating CHC file with new counterexamples...

=============== Artifacts This Iteration ===============

--- Generated Specs ---
  inv1: ((i - N) <= (-1))
  insert: (false)
  inv2: (false)
  deleteMin: (false)
  downHeap: (false)

--- New Test Cases Found ---

--- Updated CHCs (for next iteration) ---
(declare-var N Int)
(declare-var i Int)
(declare-var i1 Int)
(declare-var isHeap Int)
(declare-var isHeap1 Int)
(declare-var isHeap2 Int)
(declare-var isHeap3 Int)
(declare-var min Int)
(declare-var min1 Int)
(declare-var max Int)
(declare-var max1 Int)
(declare-var len Int)
(declare-var len1 Int)
(declare-var d Int)
(declare-var d1 Int)
(declare-var ret Int)
(declare-var ret1 Int)
(declare-rel insert (Int Int Int Int Int Int Int Int Int))
(declare-rel deleteMin (Int Int Int Int Int Int Int Int Int))
(declare-rel downHeap (Int))
(declare-rel inv1 (Int Int Int Int Int Int))
(declare-rel inv2 (Int Int Int Int Int Int Int))
(declare-rel fail ())
(define-fun is_valid ((x Int)) Bool (or (= x 1) (= x 0)))
(define-fun MAX () Int 128)
(define-fun MIN () Int -129)

(rule (=> (and (= i 3) (= isHeap 1) (= min 128) (= max 128) (= len 0) (= isHeap1 1) (= min1 3) (= max1 3) (= len1 1)) (insert i isHeap min max len isHeap1 min1 max1 len1)))
(rule (=> (and (= i 3) (= isHeap 1) (= min -35) (= max -35) (= len 14) (= isHeap1 1) (= min1 -35) (= max1 -35) (= len1 15)) (insert i isHeap min max len isHeap1 min1 max1 len1)))
(rule (=> (and (= i 3) (= isHeap 1) (= min 9) (= max 9) (= len 11) (= isHeap1 1) (= min1 3) (= max1 3) (= len1 12)) (insert i isHeap min max len isHeap1 min1 max1 len1)))
(rule (=> (and (= i 3) (= isHeap 1) (= min 45) (= max 45) (= len 3) (= isHeap1 1) (= min1 3) (= max1 3) (= len1 4)) (insert i isHeap min max len isHeap1 min1 max1 len1)))
(rule (=> (and (= min 3) (= max 3) (= len 14) (= isHeap 1) (= min1 121) (= max1 121) (= len1 13) (= ret1 3) (= isHeap1 1)) (deleteMin min max len isHeap min1 max1 len1 ret1 isHeap1)))
(rule (=> (and (= min 128) (= max 128) (= len 0) (= isHeap 1) (= min1 128) (= max1 128) (= len1 0) (= ret1 128) (= isHeap1 1)) (deleteMin min max len isHeap min1 max1 len1 ret1 isHeap1)))
(rule (=> (and (= min -39) (= max -39) (= len 2) (= isHeap 1) (= min1 -39) (= max1 -39) (= len1 1) (= ret1 -39) (= isHeap1 1)) (deleteMin min max len isHeap min1 max1 len1 ret1 isHeap1)))
(rule (=> (and (= min 112) (= max 112) (= len 2) (= isHeap 1) (= min1 113) (= max1 113) (= len1 1) (= ret1 112) (= isHeap1 1)) (deleteMin min max len isHeap min1 max1 len1 ret1 isHeap1)))
(rule (=> (and (= isHeap2 1)) (downHeap isHeap2)))

(rule (=> (and (> N 0) (= i1 0) (= isHeap1 1) (= len1 0) (= min MAX) (= max MIN)) (inv1 i1 N isHeap1 min max len1)))
(rule (=> (and (inv1 i N isHeap min max len) (is_valid isHeap) (< i N) (insert i isHeap min max len isHeap1 min1 max1 len1) (= i1 (+ i 1))) (inv1 i1 N isHeap1 min1 max1 len1)))
(rule (=> (and (inv1 i N isHeap min max len) (is_valid isHeap) (not (< i N)) (= d 0) (= ret MAX)) (inv2 d N min max len isHeap ret)))
(rule (=> (and (inv2 d N min max len isHeap ret) (is_valid isHeap)  (is_valid isHeap2) (not (= len 0)) (deleteMin min max len isHeap min1 max1 len1 ret1 isHeap1) (downHeap isHeap2) (= d1 (+ d 1))) (inv2 d1 N min1 max1 len1 isHeap2 ret1)))
(rule (=> (and (inv2 d N min max len isHeap ret) (is_valid isHeap) (= len 0) (not (and (= ret (- N 1)) (= isHeap 1)))) fail))

(query fail :print-certificate true)
==============================================================
   -> Checking if specs have changed...
      -> CHC files are different. Continuing iteration.

==================== Iteration: 2 ====================
TIMEOUT : 40
   -> Parsing CHC file: /Dualis/scripts/../benchmarks/ClassicalHornICE_working_temp/BinaryHeap1/BinaryHeap1.smt2
   -> Starting HornICE with a 1000-second timeout...
      -> Logging HornICE output to iter_2.log
   -> ERROR: HornICE timed out. Terminating.

==================== Finalizing Pipeline ====================

====================== Pipeline Finished =====================
Total External Iterations: 2
Total Unique Test Cases Found: 9
Total Internal Iterations: 15
  - Min: 15
  - Max: 15
  - Avg: 15.00
pipeline.run() took 0.5862 seconds.
Running command: /usr/bin/python3 chcverifynfuzz.py ClassicalHornICE BinaryHeap1
PID: 607022
========================================

