
========================================
         Starting Pipeline for: BinaryHeap2 (Mode: ClassicalHornICE)
========================================
Initializing pipeline for benchmark: 'BinaryHeap2'
   -> Loading and validating attributes from: /Dualis/scripts/../benchmarks/Classical/BinaryHeap2/Attributes.txt
      -> Validation successful. Attribute file is consistent.

==================== Iteration: 1 ====================
TIMEOUT : 20
   -> Parsing CHC file: /Dualis/scripts/../benchmarks/ClassicalHornICE_working_temp/BinaryHeap2/BinaryHeap2.smt2
   -> Starting HornICE with a 1000-second timeout...
      -> Logging HornICE output to iter_1.log
   -> HornICE completed successfully.
   -> Analyzing HornICE log file: iter_1.log
      -> Found 3 internal iterations.
   -> Writing new specs to harness: insert_fuzz.cpp...
      -> Successfully created working copy '/Dualis/scripts/../benchmarks/ClassicalHornICE_working_temp/BinaryHeap2/insert_fuzz.cpp'.
   -> Starting AFL++(insert_fuzz) with a 20-second timeout...
   -> Building AFL-instrumented binary: /Dualis/scripts/../benchmarks/ClassicalHornICE_working_temp/BinaryHeap2/insert_fuzz
   -> AFL++(insert_fuzz) finished its fuzzing session.
   -> Checking fuzzing outputs for counterexamples...
Checking crashes
   -> Found 14 crash reports. Testing reproducibility...
   -> CRASH REPRODUCED with id:000006,sig:06,src:000000,time:9,execs:283,op:havoc,rep:2
   -> CRASH REPRODUCED with id:000009,sig:06,src:000000,time:127,execs:2410,op:havoc,rep:3
   -> CRASH REPRODUCED with id:000007,sig:06,src:000000,time:50,execs:1134,op:havoc,rep:2
   -> CRASH REPRODUCED with id:000003,sig:06,src:000000,time:5,execs:211,op:havoc,rep:2
   -> CRASH REPRODUCED with id:000005,sig:06,src:000000,time:7,execs:242,op:havoc,rep:2
   -> CRASH REPRODUCED with id:000004,sig:06,src:000000,time:6,execs:220,op:havoc,rep:2
   -> CRASH REPRODUCED with id:000010,sig:06,src:000000,time:292,execs:4204,op:havoc,rep:7
   -> CRASH REPRODUCED with id:000000,sig:06,src:000000,time:2,execs:128,op:havoc,rep:2
   -> CRASH REPRODUCED with id:000011,sig:06,src:000000,time:1008,execs:5267,op:havoc,rep:5
   -> CRASH REPRODUCED with id:000013,sig:06,src:000000,time:1686,execs:10069,op:havoc,rep:2
   -> CRASH REPRODUCED with id:000008,sig:06,src:000000,time:51,execs:1151,op:havoc,rep:2
   -> CRASH REPRODUCED with id:000012,sig:06,src:000000,time:1031,execs:5402,op:havoc,rep:8
   -> CRASH REPRODUCED with id:000001,sig:06,src:000000,time:2,execs:132,op:havoc,rep:2
   -> CRASH REPRODUCED with id:000002,sig:06,src:000000,time:2,execs:136,op:havoc,rep:2
Checking queue
   -> Found 17 crash reports. Testing reproducibility...
   -> CRASH REPRODUCED with id:000014,time:0,execs:0,orig:insins
   -> CRASH REPRODUCED with id:000015,time:0,execs:0,orig:insser
   -> CRASH REPRODUCED with id:000016,time:0,execs:0,orig:serser
Checking hangs
   -> Converting counterexamples for 'insert'...
      -> Found and validated 13 new rules.
   -> Writing new specs to harness: deleteMin_fuzz.cpp...
      -> Successfully created working copy '/Dualis/scripts/../benchmarks/ClassicalHornICE_working_temp/BinaryHeap2/deleteMin_fuzz.cpp'.
   -> Starting AFL++(deleteMin_fuzz) with a 20-second timeout...
   -> Building AFL-instrumented binary: /Dualis/scripts/../benchmarks/ClassicalHornICE_working_temp/BinaryHeap2/deleteMin_fuzz
   -> AFL++(deleteMin_fuzz) finished its fuzzing session.
   -> Checking fuzzing outputs for counterexamples...
Checking crashes
   -> Found 10 crash reports. Testing reproducibility...
   -> CRASH REPRODUCED with id:000007,sig:06,src:000000,time:2349,execs:583,op:havoc,rep:3
   -> CRASH REPRODUCED with id:000005,sig:06,src:000000,time:2325,execs:188,op:havoc,rep:4
   -> CRASH REPRODUCED with id:000008,sig:06,src:000000,time:3556,execs:1858,op:havoc,rep:2
   -> CRASH REPRODUCED with id:000002,sig:06,src:000000,time:896,execs:122,op:havoc,rep:1
   -> CRASH REPRODUCED with id:000001,sig:06,src:000000,time:601,execs:121,op:havoc,rep:4
   -> CRASH REPRODUCED with id:000004,sig:06,src:000000,time:2320,execs:165,op:havoc,rep:3
   -> CRASH REPRODUCED with id:000003,sig:06,src:000000,time:2057,execs:162,op:havoc,rep:4
   -> CRASH REPRODUCED with id:000000,sig:06,src:000000,time:316,execs:106,op:havoc,rep:2
   -> CRASH REPRODUCED with id:000006,sig:06,src:000000,time:2326,execs:195,op:havoc,rep:4
   -> CRASH REPRODUCED with id:000009,sig:06,src:000000,time:4246,execs:3641,op:havoc,rep:6
Checking queue
   -> Found 17 crash reports. Testing reproducibility...
   -> CRASH REPRODUCED with id:000014,time:0,execs:0,orig:insins
   -> CRASH REPRODUCED with id:000015,time:0,execs:0,orig:insser
   -> CRASH REPRODUCED with id:000016,time:0,execs:0,orig:serser
Checking hangs
   -> Converting counterexamples for 'deleteMin'...
      -> Found and validated 9 new rules.
   -> Writing new specs to harness: downHeap_fuzz.cpp...
      -> Successfully created working copy '/Dualis/scripts/../benchmarks/ClassicalHornICE_working_temp/BinaryHeap2/downHeap_fuzz.cpp'.
   -> Starting AFL++(downHeap_fuzz) with a 20-second timeout...
   -> Building AFL-instrumented binary: /Dualis/scripts/../benchmarks/ClassicalHornICE_working_temp/BinaryHeap2/downHeap_fuzz
   -> AFL++(downHeap_fuzz) finished its fuzzing session.
   -> Checking fuzzing outputs for counterexamples...
Checking crashes
   -> Found 6 crash reports. Testing reproducibility...
   -> CRASH REPRODUCED with id:000001,sig:06,src:000000,time:2,execs:105,op:havoc,rep:8
   -> CRASH REPRODUCED with id:000000,sig:06,src:000000,time:1,execs:104,op:havoc,rep:8
   -> CRASH REPRODUCED with id:000005,sig:06,src:000000,time:11,execs:185,op:havoc,rep:6
   -> CRASH REPRODUCED with id:000003,sig:06,src:000000,time:5,execs:148,op:havoc,rep:8
   -> CRASH REPRODUCED with id:000004,sig:06,src:000000,time:6,execs:156,op:havoc,rep:8
   -> CRASH REPRODUCED with id:000002,sig:06,src:000000,time:3,execs:116,op:havoc,rep:5
Checking queue
   -> Found 17 crash reports. Testing reproducibility...
   -> CRASH REPRODUCED with id:000014,time:0,execs:0,orig:insins
   -> CRASH REPRODUCED with id:000015,time:0,execs:0,orig:insser
   -> CRASH REPRODUCED with id:000016,time:0,execs:0,orig:serser
Checking hangs
   -> Converting counterexamples for 'downHeap'...
      -> Found and validated 1 new rules.
   -> Updating CHC file with new counterexamples...

=============== Artifacts This Iteration ===============

--- Generated Specs ---
  inv1: (true)
  insert: (false)
  deleteMin: (false)
  downHeap: (false)

--- New Test Cases Found ---

--- Updated CHCs (for next iteration) ---
(declare-var N Int)
(declare-var i Int)
(declare-var i1 Int)
(declare-var isHeap Int)
(declare-var isHeap1 Int)
(declare-var isHeap2 Int)
(declare-var isHeap3 Int)
(declare-var len Int)
(declare-var len1 Int)
(declare-var ret1 Int)
(declare-rel insert (Int Int Int Int Int))
(declare-rel deleteMin (Int Int Int Int Int))
(declare-rel downHeap (Int))
(declare-rel inv1 (Int Int Int Int ))
(declare-rel fail ())
(define-fun is_valid ((x Int)) Bool (or (= x 1) (= x 0)))

(rule (=> (and (= i 3) (= isHeap 1) (= len 8) (= isHeap1 1) (= len1 9)) (insert i isHeap len isHeap1 len1)))
(rule (=> (and (= i 1) (= isHeap 1) (= len 4) (= isHeap1 1) (= len1 5)) (insert i isHeap len isHeap1 len1)))
(rule (=> (and (= i 48) (= isHeap 1) (= len 2) (= isHeap1 1) (= len1 3)) (insert i isHeap len isHeap1 len1)))
(rule (=> (and (= i 3) (= isHeap 1) (= len 1) (= isHeap1 1) (= len1 2)) (insert i isHeap len isHeap1 len1)))
(rule (=> (and (= i 3) (= isHeap 1) (= len 0) (= isHeap1 1) (= len1 1)) (insert i isHeap len isHeap1 len1)))
(rule (=> (and (= i -24) (= isHeap 1) (= len 0) (= isHeap1 1) (= len1 1)) (insert i isHeap len isHeap1 len1)))
(rule (=> (and (= i 23) (= isHeap 1) (= len 0) (= isHeap1 1) (= len1 1)) (insert i isHeap len isHeap1 len1)))
(rule (=> (and (= i 120) (= isHeap 1) (= len 7) (= isHeap1 1) (= len1 8)) (insert i isHeap len isHeap1 len1)))
(rule (=> (and (= i 3) (= isHeap 1) (= len 5) (= isHeap1 1) (= len1 6)) (insert i isHeap len isHeap1 len1)))
(rule (=> (and (= i 3) (= isHeap 1) (= len 11) (= isHeap1 1) (= len1 12)) (insert i isHeap len isHeap1 len1)))
(rule (=> (and (= i 48) (= isHeap 1) (= len 4) (= isHeap1 1) (= len1 5)) (insert i isHeap len isHeap1 len1)))
(rule (=> (and (= i 10) (= isHeap 1) (= len 3) (= isHeap1 1) (= len1 4)) (insert i isHeap len isHeap1 len1)))
(rule (=> (and (= i 10) (= isHeap 1) (= len 1) (= isHeap1 1) (= len1 2)) (insert i isHeap len isHeap1 len1)))
(rule (=> (and (= len 14) (= isHeap 1) (= len1 13) (= ret1 -39) (= isHeap1 1)) (deleteMin len isHeap len1 ret1 isHeap1)))
(rule (=> (and (= len 13) (= isHeap 1) (= len1 12) (= ret1 -99) (= isHeap1 1)) (deleteMin len isHeap len1 ret1 isHeap1)))
(rule (=> (and (= len 3) (= isHeap 1) (= len1 2) (= ret1 -1) (= isHeap1 1)) (deleteMin len isHeap len1 ret1 isHeap1)))
(rule (=> (and (= len 0) (= isHeap 1) (= len1 0) (= ret1 128) (= isHeap1 1)) (deleteMin len isHeap len1 ret1 isHeap1)))
(rule (=> (and (= len 1) (= isHeap 1) (= len1 0) (= ret1 32) (= isHeap1 1)) (deleteMin len isHeap len1 ret1 isHeap1)))
(rule (=> (and (= len 11) (= isHeap 1) (= len1 10) (= ret1 10) (= isHeap1 1)) (deleteMin len isHeap len1 ret1 isHeap1)))
(rule (=> (and (= len 1) (= isHeap 1) (= len1 0) (= ret1 120) (= isHeap1 1)) (deleteMin len isHeap len1 ret1 isHeap1)))
(rule (=> (and (= len 3) (= isHeap 1) (= len1 2) (= ret1 32) (= isHeap1 1)) (deleteMin len isHeap len1 ret1 isHeap1)))
(rule (=> (and (= len 1) (= isHeap 1) (= len1 0) (= ret1 110) (= isHeap1 1)) (deleteMin len isHeap len1 ret1 isHeap1)))
(rule (=> (and (= isHeap2 1)) (downHeap isHeap2)))

(rule (=> (and (> N 0) (= i1 0) (= isHeap1 1) (= len1 0)) (inv1 i1 N isHeap1 len1)))
(rule (=> (and (inv1 i N isHeap len ) (is_valid isHeap) (< i N) (insert i isHeap len  isHeap1 len1) (= i1 (+ i 1))) (inv1 i1 N isHeap1 len1 )))
(rule (=> (and (inv1 i N isHeap len) (is_valid isHeap) (not (< i N)) (deleteMin len isHeap len1 ret1 isHeap1) (is_valid isHeap1) (downHeap isHeap2) (is_valid isHeap2) (not (= isHeap2 1))) fail))

(query fail :print-certificate true)
==============================================================
   -> Checking if specs have changed...
      -> CHC files are different. Continuing iteration.

==================== Iteration: 2 ====================
TIMEOUT : 40
   -> Parsing CHC file: /Dualis/scripts/../benchmarks/ClassicalHornICE_working_temp/BinaryHeap2/BinaryHeap2.smt2
   -> Starting HornICE with a 1000-second timeout...
      -> Logging HornICE output to iter_2.log
   -> HornICE completed successfully.
   -> Analyzing HornICE log file: iter_2.log
      -> Found 22 internal iterations.
   -> Writing new specs to harness: insert_fuzz.cpp...
      -> Successfully created working copy '/Dualis/scripts/../benchmarks/ClassicalHornICE_working_temp/BinaryHeap2/insert_fuzz.cpp'.
   -> Starting AFL++(insert_fuzz) with a 40-second timeout...
   -> Building AFL-instrumented binary: /Dualis/scripts/../benchmarks/ClassicalHornICE_working_temp/BinaryHeap2/insert_fuzz
   -> AFL++(insert_fuzz) finished its fuzzing session.
   -> Checking fuzzing outputs for counterexamples...
Checking crashes
Checking queue
   -> Found 182 crash reports. Testing reproducibility...
Checking hangs
   -> Converting counterexamples for 'insert'...
   -> Writing new specs to harness: deleteMin_fuzz.cpp...
      -> Successfully created working copy '/Dualis/scripts/../benchmarks/ClassicalHornICE_working_temp/BinaryHeap2/deleteMin_fuzz.cpp'.
   -> Starting AFL++(deleteMin_fuzz) with a 40-second timeout...
   -> Building AFL-instrumented binary: /Dualis/scripts/../benchmarks/ClassicalHornICE_working_temp/BinaryHeap2/deleteMin_fuzz
   -> AFL++(deleteMin_fuzz) finished its fuzzing session.
   -> Checking fuzzing outputs for counterexamples...
Checking crashes
Checking queue
   -> Found 175 crash reports. Testing reproducibility...
Checking hangs
   -> Converting counterexamples for 'deleteMin'...
   -> Writing new specs to harness: downHeap_fuzz.cpp...
      -> Successfully created working copy '/Dualis/scripts/../benchmarks/ClassicalHornICE_working_temp/BinaryHeap2/downHeap_fuzz.cpp'.
   -> Starting AFL++(downHeap_fuzz) with a 40-second timeout...
   -> Building AFL-instrumented binary: /Dualis/scripts/../benchmarks/ClassicalHornICE_working_temp/BinaryHeap2/downHeap_fuzz
   -> AFL++(downHeap_fuzz) finished its fuzzing session.
   -> Checking fuzzing outputs for counterexamples...
Checking crashes
Checking queue
   -> Found 151 crash reports. Testing reproducibility...
Checking hangs
   -> Converting counterexamples for 'downHeap'...
   -> Updating CHC file with new counterexamples...

=============== Artifacts This Iteration ===============

--- Generated Specs ---
  insert: (true)
  deleteMin: (true)
  downHeap: (isHeap2 > 0)
  inv1: (true)

--- New Test Cases Found ---

--- Updated CHCs (for next iteration) ---
(declare-var N Int)
(declare-var i Int)
(declare-var i1 Int)
(declare-var isHeap Int)
(declare-var isHeap1 Int)
(declare-var isHeap2 Int)
(declare-var isHeap3 Int)
(declare-var len Int)
(declare-var len1 Int)
(declare-var ret1 Int)
(declare-rel insert (Int Int Int Int Int))
(declare-rel deleteMin (Int Int Int Int Int))
(declare-rel downHeap (Int))
(declare-rel inv1 (Int Int Int Int ))
(declare-rel fail ())
(define-fun is_valid ((x Int)) Bool (or (= x 1) (= x 0)))


(rule (=> (and (= i 3) (= isHeap 1) (= len 8) (= isHeap1 1) (= len1 9)) (insert i isHeap len isHeap1 len1)))
(rule (=> (and (= i 1) (= isHeap 1) (= len 4) (= isHeap1 1) (= len1 5)) (insert i isHeap len isHeap1 len1)))
(rule (=> (and (= i 48) (= isHeap 1) (= len 2) (= isHeap1 1) (= len1 3)) (insert i isHeap len isHeap1 len1)))
(rule (=> (and (= i 3) (= isHeap 1) (= len 1) (= isHeap1 1) (= len1 2)) (insert i isHeap len isHeap1 len1)))
(rule (=> (and (= i 3) (= isHeap 1) (= len 0) (= isHeap1 1) (= len1 1)) (insert i isHeap len isHeap1 len1)))
(rule (=> (and (= i -24) (= isHeap 1) (= len 0) (= isHeap1 1) (= len1 1)) (insert i isHeap len isHeap1 len1)))
(rule (=> (and (= i 23) (= isHeap 1) (= len 0) (= isHeap1 1) (= len1 1)) (insert i isHeap len isHeap1 len1)))
(rule (=> (and (= i 120) (= isHeap 1) (= len 7) (= isHeap1 1) (= len1 8)) (insert i isHeap len isHeap1 len1)))
(rule (=> (and (= i 3) (= isHeap 1) (= len 5) (= isHeap1 1) (= len1 6)) (insert i isHeap len isHeap1 len1)))
(rule (=> (and (= i 3) (= isHeap 1) (= len 11) (= isHeap1 1) (= len1 12)) (insert i isHeap len isHeap1 len1)))
(rule (=> (and (= i 48) (= isHeap 1) (= len 4) (= isHeap1 1) (= len1 5)) (insert i isHeap len isHeap1 len1)))
(rule (=> (and (= i 10) (= isHeap 1) (= len 3) (= isHeap1 1) (= len1 4)) (insert i isHeap len isHeap1 len1)))
(rule (=> (and (= i 10) (= isHeap 1) (= len 1) (= isHeap1 1) (= len1 2)) (insert i isHeap len isHeap1 len1)))
(rule (=> (and (= len 14) (= isHeap 1) (= len1 13) (= ret1 -39) (= isHeap1 1)) (deleteMin len isHeap len1 ret1 isHeap1)))
(rule (=> (and (= len 13) (= isHeap 1) (= len1 12) (= ret1 -99) (= isHeap1 1)) (deleteMin len isHeap len1 ret1 isHeap1)))
(rule (=> (and (= len 3) (= isHeap 1) (= len1 2) (= ret1 -1) (= isHeap1 1)) (deleteMin len isHeap len1 ret1 isHeap1)))
(rule (=> (and (= len 0) (= isHeap 1) (= len1 0) (= ret1 128) (= isHeap1 1)) (deleteMin len isHeap len1 ret1 isHeap1)))
(rule (=> (and (= len 1) (= isHeap 1) (= len1 0) (= ret1 32) (= isHeap1 1)) (deleteMin len isHeap len1 ret1 isHeap1)))
(rule (=> (and (= len 11) (= isHeap 1) (= len1 10) (= ret1 10) (= isHeap1 1)) (deleteMin len isHeap len1 ret1 isHeap1)))
(rule (=> (and (= len 1) (= isHeap 1) (= len1 0) (= ret1 120) (= isHeap1 1)) (deleteMin len isHeap len1 ret1 isHeap1)))
(rule (=> (and (= len 3) (= isHeap 1) (= len1 2) (= ret1 32) (= isHeap1 1)) (deleteMin len isHeap len1 ret1 isHeap1)))
(rule (=> (and (= len 1) (= isHeap 1) (= len1 0) (= ret1 110) (= isHeap1 1)) (deleteMin len isHeap len1 ret1 isHeap1)))
(rule (=> (and (= isHeap2 1)) (downHeap isHeap2)))
(rule (=> (and (> N 0) (= i1 0) (= isHeap1 1) (= len1 0)) (inv1 i1 N isHeap1 len1)))
(rule (=> (and (inv1 i N isHeap len ) (is_valid isHeap) (< i N) (insert i isHeap len  isHeap1 len1) (= i1 (+ i 1))) (inv1 i1 N isHeap1 len1 )))
(rule (=> (and (inv1 i N isHeap len) (is_valid isHeap) (not (< i N)) (deleteMin len isHeap len1 ret1 isHeap1) (is_valid isHeap1) (downHeap isHeap2) (is_valid isHeap2) (not (= isHeap2 1))) fail))

(query fail :print-certificate true)
==============================================================
   -> Checking if specs have changed...
      -> CHC files are different. Continuing iteration.

==================== Iteration: 3 ====================
TIMEOUT : 60
   -> Parsing CHC file: /Dualis/scripts/../benchmarks/ClassicalHornICE_working_temp/BinaryHeap2/BinaryHeap2.smt2
   -> Starting HornICE with a 1000-second timeout...
      -> Logging HornICE output to iter_3.log
   -> HornICE completed successfully.
   -> Analyzing HornICE log file: iter_3.log
      -> Found 22 internal iterations.
   -> Writing new specs to harness: insert_fuzz.cpp...
      -> Successfully created working copy '/Dualis/scripts/../benchmarks/ClassicalHornICE_working_temp/BinaryHeap2/insert_fuzz.cpp'.
   -> Starting AFL++(insert_fuzz) with a 60-second timeout...
   -> Building AFL-instrumented binary: /Dualis/scripts/../benchmarks/ClassicalHornICE_working_temp/BinaryHeap2/insert_fuzz
   -> AFL++(insert_fuzz) finished its fuzzing session.
   -> Checking fuzzing outputs for counterexamples...
Checking crashes
Checking queue
   -> Found 164 crash reports. Testing reproducibility...
Checking hangs
   -> Converting counterexamples for 'insert'...
   -> Writing new specs to harness: deleteMin_fuzz.cpp...
      -> Successfully created working copy '/Dualis/scripts/../benchmarks/ClassicalHornICE_working_temp/BinaryHeap2/deleteMin_fuzz.cpp'.
   -> Starting AFL++(deleteMin_fuzz) with a 60-second timeout...
   -> Building AFL-instrumented binary: /Dualis/scripts/../benchmarks/ClassicalHornICE_working_temp/BinaryHeap2/deleteMin_fuzz
   -> AFL++(deleteMin_fuzz) finished its fuzzing session.
   -> Checking fuzzing outputs for counterexamples...
Checking crashes
Checking queue
   -> Found 168 crash reports. Testing reproducibility...
Checking hangs
   -> Converting counterexamples for 'deleteMin'...
   -> Writing new specs to harness: downHeap_fuzz.cpp...
      -> Successfully created working copy '/Dualis/scripts/../benchmarks/ClassicalHornICE_working_temp/BinaryHeap2/downHeap_fuzz.cpp'.
   -> Starting AFL++(downHeap_fuzz) with a 60-second timeout...
   -> Building AFL-instrumented binary: /Dualis/scripts/../benchmarks/ClassicalHornICE_working_temp/BinaryHeap2/downHeap_fuzz
   -> AFL++(downHeap_fuzz) finished its fuzzing session.
   -> Checking fuzzing outputs for counterexamples...
Checking crashes
Checking queue
   -> Found 181 crash reports. Testing reproducibility...
Checking hangs
   -> Converting counterexamples for 'downHeap'...
   -> Updating CHC file with new counterexamples...

=============== Artifacts This Iteration ===============

--- Generated Specs ---
  insert: (true)
  deleteMin: (true)
  downHeap: (isHeap2 > 0)
  inv1: (true)

--- New Test Cases Found ---

--- Updated CHCs (for next iteration) ---
(declare-var N Int)
(declare-var i Int)
(declare-var i1 Int)
(declare-var isHeap Int)
(declare-var isHeap1 Int)
(declare-var isHeap2 Int)
(declare-var isHeap3 Int)
(declare-var len Int)
(declare-var len1 Int)
(declare-var ret1 Int)
(declare-rel insert (Int Int Int Int Int))
(declare-rel deleteMin (Int Int Int Int Int))
(declare-rel downHeap (Int))
(declare-rel inv1 (Int Int Int Int ))
(declare-rel fail ())
(define-fun is_valid ((x Int)) Bool (or (= x 1) (= x 0)))


(rule (=> (and (= i 3) (= isHeap 1) (= len 8) (= isHeap1 1) (= len1 9)) (insert i isHeap len isHeap1 len1)))
(rule (=> (and (= i 1) (= isHeap 1) (= len 4) (= isHeap1 1) (= len1 5)) (insert i isHeap len isHeap1 len1)))
(rule (=> (and (= i 48) (= isHeap 1) (= len 2) (= isHeap1 1) (= len1 3)) (insert i isHeap len isHeap1 len1)))
(rule (=> (and (= i 3) (= isHeap 1) (= len 1) (= isHeap1 1) (= len1 2)) (insert i isHeap len isHeap1 len1)))
(rule (=> (and (= i 3) (= isHeap 1) (= len 0) (= isHeap1 1) (= len1 1)) (insert i isHeap len isHeap1 len1)))
(rule (=> (and (= i -24) (= isHeap 1) (= len 0) (= isHeap1 1) (= len1 1)) (insert i isHeap len isHeap1 len1)))
(rule (=> (and (= i 23) (= isHeap 1) (= len 0) (= isHeap1 1) (= len1 1)) (insert i isHeap len isHeap1 len1)))
(rule (=> (and (= i 120) (= isHeap 1) (= len 7) (= isHeap1 1) (= len1 8)) (insert i isHeap len isHeap1 len1)))
(rule (=> (and (= i 3) (= isHeap 1) (= len 5) (= isHeap1 1) (= len1 6)) (insert i isHeap len isHeap1 len1)))
(rule (=> (and (= i 3) (= isHeap 1) (= len 11) (= isHeap1 1) (= len1 12)) (insert i isHeap len isHeap1 len1)))
(rule (=> (and (= i 48) (= isHeap 1) (= len 4) (= isHeap1 1) (= len1 5)) (insert i isHeap len isHeap1 len1)))
(rule (=> (and (= i 10) (= isHeap 1) (= len 3) (= isHeap1 1) (= len1 4)) (insert i isHeap len isHeap1 len1)))
(rule (=> (and (= i 10) (= isHeap 1) (= len 1) (= isHeap1 1) (= len1 2)) (insert i isHeap len isHeap1 len1)))
(rule (=> (and (= len 14) (= isHeap 1) (= len1 13) (= ret1 -39) (= isHeap1 1)) (deleteMin len isHeap len1 ret1 isHeap1)))
(rule (=> (and (= len 13) (= isHeap 1) (= len1 12) (= ret1 -99) (= isHeap1 1)) (deleteMin len isHeap len1 ret1 isHeap1)))
(rule (=> (and (= len 3) (= isHeap 1) (= len1 2) (= ret1 -1) (= isHeap1 1)) (deleteMin len isHeap len1 ret1 isHeap1)))
(rule (=> (and (= len 0) (= isHeap 1) (= len1 0) (= ret1 128) (= isHeap1 1)) (deleteMin len isHeap len1 ret1 isHeap1)))
(rule (=> (and (= len 1) (= isHeap 1) (= len1 0) (= ret1 32) (= isHeap1 1)) (deleteMin len isHeap len1 ret1 isHeap1)))
(rule (=> (and (= len 11) (= isHeap 1) (= len1 10) (= ret1 10) (= isHeap1 1)) (deleteMin len isHeap len1 ret1 isHeap1)))
(rule (=> (and (= len 1) (= isHeap 1) (= len1 0) (= ret1 120) (= isHeap1 1)) (deleteMin len isHeap len1 ret1 isHeap1)))
(rule (=> (and (= len 3) (= isHeap 1) (= len1 2) (= ret1 32) (= isHeap1 1)) (deleteMin len isHeap len1 ret1 isHeap1)))
(rule (=> (and (= len 1) (= isHeap 1) (= len1 0) (= ret1 110) (= isHeap1 1)) (deleteMin len isHeap len1 ret1 isHeap1)))
(rule (=> (and (= isHeap2 1)) (downHeap isHeap2)))
(rule (=> (and (> N 0) (= i1 0) (= isHeap1 1) (= len1 0)) (inv1 i1 N isHeap1 len1)))
(rule (=> (and (inv1 i N isHeap len ) (is_valid isHeap) (< i N) (insert i isHeap len  isHeap1 len1) (= i1 (+ i 1))) (inv1 i1 N isHeap1 len1 )))
(rule (=> (and (inv1 i N isHeap len) (is_valid isHeap) (not (< i N)) (deleteMin len isHeap len1 ret1 isHeap1) (is_valid isHeap1) (downHeap isHeap2) (is_valid isHeap2) (not (= isHeap2 1))) fail))

(query fail :print-certificate true)
==============================================================
   -> Checking if specs have changed...
      -> CHC files are identical. Pipeline has converged.
   -> 15-minute deep fuzzing converged. Pipeline complete.

==================== Finalizing Pipeline ====================

====================== Pipeline Finished =====================
Total External Iterations: 3
Total Unique Test Cases Found: 23
Total Internal Iterations: 47
  - Min: 3
  - Max: 22
  - Avg: 15.67
pipeline.run() took 0.8301 seconds.
Running command: /usr/bin/python3 chcverifynfuzz.py ClassicalHornICE BinaryHeap2
PID: 607023
========================================

