
========================================
         Starting Pipeline for: BinaryTree (Mode: ClassicalHornICE)
========================================
Initializing pipeline for benchmark: 'BinaryTree'
   -> Loading and validating attributes from: /Dualis/scripts/../benchmarks/Classical/BinaryTree/Attributes.txt
      -> Validation successful. Attribute file is consistent.

==================== Iteration: 1 ====================
TIMEOUT : 20
   -> Parsing CHC file: /Dualis/scripts/../benchmarks/ClassicalHornICE_working_temp/BinaryTree/BinaryTree.smt2
   -> Starting HornICE with a 1000-second timeout...
      -> Logging HornICE output to iter_1.log
   -> HornICE completed successfully.
   -> Analyzing HornICE log file: iter_1.log
      -> Found 3 internal iterations.
   -> Writing new specs to harness: insert_fuzz.cpp...
      -> Successfully created working copy '/Dualis/scripts/../benchmarks/ClassicalHornICE_working_temp/BinaryTree/insert_fuzz.cpp'.
   -> Starting AFL++(insert_fuzz) with a 20-second timeout...
   -> Building AFL-instrumented binary: /Dualis/scripts/../benchmarks/ClassicalHornICE_working_temp/BinaryTree/insert_fuzz
   -> AFL++(insert_fuzz) finished its fuzzing session.
   -> Checking fuzzing outputs for counterexamples...
Checking crashes
   -> Found 8 crash reports. Testing reproducibility...
   -> CRASH REPRODUCED with id:000007,sig:06,src:000000,time:11755,execs:257,op:havoc,rep:4
   -> CRASH REPRODUCED with id:000004,sig:06,src:000000,time:2303,execs:67,op:havoc,rep:4
   -> CRASH REPRODUCED with id:000002,sig:06,src:000000,time:608,execs:39,op:havoc,rep:3
   -> CRASH REPRODUCED with id:000003,sig:06,src:000000,time:786,execs:41,op:havoc,rep:3
   -> CRASH REPRODUCED with id:000000,sig:06,src:000000,time:185,execs:35,op:havoc,rep:3
   -> CRASH REPRODUCED with id:000001,sig:06,src:000000,time:415,execs:38,op:havoc,rep:4
   -> CRASH REPRODUCED with id:000005,sig:06,src:000000,time:5018,execs:108,op:havoc,rep:4
   -> CRASH REPRODUCED with id:000006,sig:06,src:000000,time:9411,execs:202,op:havoc,rep:4
Checking queue
   -> Found 4 crash reports. Testing reproducibility...
Checking hangs
   -> Converting counterexamples for 'insert'...
      -> Found and validated 7 new rules.
   -> Writing new specs to harness: search_fuzz.cpp...
      -> Successfully created working copy '/Dualis/scripts/../benchmarks/ClassicalHornICE_working_temp/BinaryTree/search_fuzz.cpp'.
   -> Starting AFL++(search_fuzz) with a 20-second timeout...
   -> Building AFL-instrumented binary: /Dualis/scripts/../benchmarks/ClassicalHornICE_working_temp/BinaryTree/search_fuzz
   -> ERROR: AFL++(search_fuzz) failed with exit code 1.
      AFL++ Error Output:
[1;92m[+] [0mEnabled environment variable AFL_I_DONT_CARE_ABOUT_MISSING_CRASHES with value 1[0m
[1;92m[+] [0mEnabled environment variable AFL_NO_UI with value 1[0m
[1;92m[+] [0mEnabled environment variable AFL_CMPLOG_ONLY_NEW with value 1[0m
[1;92m[+] [0mEnabled environment variable AFL_DEBUG_CHILD with value 1[0m
[1;92m[+] [0mEnabled environment variable AFL_IGNORE_PROBLEMS with value 1[0m
[1;92m[+] [0mEnabled environment variable AFL_SKIP_CPUFREQ with value 1[0m
[1;94m[*] [0mSpinning up the fork server...[0m
[1;92m[+] [0mAll right - new fork server model v1 is up.[0m
[1;94m[*] [0mTarget map size: 231[0m
search_fuzz: /Dualis/scripts/../benchmarks/ClassicalHornICE_working_temp/BinaryTree/search_fuzz.cpp:28: int main(int, char **): Assertion `expr' failed.
search_fuzz: /Dualis/scripts/../benchmarks/ClassicalHornICE_working_temp/BinaryTree/search_fuzz.cpp:28: int main(int, char **): Assertion `expr' failed.
search_fuzz: /Dualis/scripts/../benchmarks/ClassicalHornICE_working_temp/BinaryTree/search_fuzz.cpp:28: int main(int, char **): Assertion `expr' failed.
search_fuzz: /Dualis/scripts/../benchmarks/ClassicalHornICE_working_temp/BinaryTree/search_fuzz.cpp:28: int main(int, char **): Assertion `expr' failed.

   -> Checking fuzzing outputs for counterexamples...
Checking crashes
Checking queue
   -> Found 4 crash reports. Testing reproducibility...
   -> CRASH REPRODUCED with id:000003,time:0,execs:0,orig:serins
   -> CRASH REPRODUCED with id:000002,time:0,execs:0,orig:insser
   -> CRASH REPRODUCED with id:000001,time:0,execs:0,orig:2ser
   -> CRASH REPRODUCED with id:000000,time:0,execs:0,orig:2ins
Checking hangs
   -> Converting counterexamples for 'search'...
      -> Found and validated 4 new rules.
   -> Updating CHC file with new counterexamples...

=============== Artifacts This Iteration ===============

--- Generated Specs ---
  inv: (true)
  insert: (false)
  search: (false)

--- New Test Cases Found ---

--- Updated CHCs (for next iteration) ---
(declare-var isEmpty Int)
(declare-var isEmpty1 Int)
(declare-var min Int)
(declare-var min1 Int)
(declare-var n Int)
(declare-var v Int)
(declare-var ret1 Int)
(declare-rel insert (Int Int Int Int Int))
(declare-rel search (Int Int Int Int))
(declare-rel inv (Int Int))
(declare-rel fail ())
(define-fun is_valid ((x Int)) Bool (or (= x 1) (= x 0)))
(define-fun MAX () Int 128)
(define-fun MIN () Int -129)

(rule (=> (and (= n -20) (= min -20) (= min1 -20) (= isEmpty 0) (= isEmpty1 0)) (insert n min min1 isEmpty isEmpty1)))
(rule (=> (and (= n 1) (= min -2) (= min1 -2) (= isEmpty 0) (= isEmpty1 0)) (insert n min min1 isEmpty isEmpty1)))
(rule (=> (and (= n -2) (= min -1) (= min1 -2) (= isEmpty 0) (= isEmpty1 0)) (insert n min min1 isEmpty isEmpty1)))
(rule (=> (and (= n -2) (= min 255) (= min1 -2) (= isEmpty 1) (= isEmpty1 0)) (insert n min min1 isEmpty isEmpty1)))
(rule (=> (and (= n -26) (= min -26) (= min1 -26) (= isEmpty 0) (= isEmpty1 0)) (insert n min min1 isEmpty isEmpty1)))
(rule (=> (and (= n -2) (= min -128) (= min1 -128) (= isEmpty 0) (= isEmpty1 0)) (insert n min min1 isEmpty isEmpty1)))
(rule (=> (and (= n 64) (= min 64) (= min1 64) (= isEmpty 0) (= isEmpty1 0)) (insert n min min1 isEmpty isEmpty1)))
(rule (=> (and (= v 1) (= min 255) (= isEmpty 1) (= ret1 0)) (search v min isEmpty ret1)))
(rule (=> (and (= v 2) (= min -1) (= isEmpty 0) (= ret1 0)) (search v min isEmpty ret1)))
(rule (=> (and (= v 2) (= min 255) (= isEmpty 1) (= ret1 0)) (search v min isEmpty ret1)))
(rule (=> (and (= v 1) (= min -1) (= isEmpty 0) (= ret1 0)) (search v min isEmpty ret1)))

(rule (=> (and (= isEmpty 1) (= min MAX)) (inv min isEmpty)))
(rule (=> (and (inv min isEmpty) (is_valid isEmpty) (>= n 0) (insert n min min1 isEmpty isEmpty1)) (inv min1 isEmpty1)))
(rule (=> (and (inv min isEmpty) (is_valid isEmpty) (< n 0)) (inv min isEmpty)))
(rule (=> (and (inv min isEmpty) (is_valid isEmpty) (< v 0) (search v min isEmpty ret1) (not (= ret1 0))) fail))

(query fail :print-certificate true)
==============================================================
   -> Checking if specs have changed...
      -> CHC files are different. Continuing iteration.

==================== Iteration: 2 ====================
TIMEOUT : 40
   -> Parsing CHC file: /Dualis/scripts/../benchmarks/ClassicalHornICE_working_temp/BinaryTree/BinaryTree.smt2
   -> Starting HornICE with a 1000-second timeout...
      -> Logging HornICE output to iter_2.log
   -> HornICE completed successfully.
   -> Analyzing HornICE log file: iter_2.log
      -> Found 5 internal iterations.
   -> Writing new specs to harness: insert_fuzz.cpp...
      -> Successfully created working copy '/Dualis/scripts/../benchmarks/ClassicalHornICE_working_temp/BinaryTree/insert_fuzz.cpp'.
   -> Starting AFL++(insert_fuzz) with a 40-second timeout...
   -> Building AFL-instrumented binary: /Dualis/scripts/../benchmarks/ClassicalHornICE_working_temp/BinaryTree/insert_fuzz
   -> AFL++(insert_fuzz) finished its fuzzing session.
   -> Checking fuzzing outputs for counterexamples...
Checking crashes
Checking queue
   -> Found 67 crash reports. Testing reproducibility...
Checking hangs
   -> Converting counterexamples for 'insert'...
   -> Writing new specs to harness: search_fuzz.cpp...
      -> Successfully created working copy '/Dualis/scripts/../benchmarks/ClassicalHornICE_working_temp/BinaryTree/search_fuzz.cpp'.
   -> Starting AFL++(search_fuzz) with a 40-second timeout...
   -> Building AFL-instrumented binary: /Dualis/scripts/../benchmarks/ClassicalHornICE_working_temp/BinaryTree/search_fuzz
   -> AFL++(search_fuzz) finished its fuzzing session.
   -> Checking fuzzing outputs for counterexamples...
Checking crashes
   -> Found 8 crash reports. Testing reproducibility...
   -> CRASH REPRODUCED with id:000006,sig:06,src:000000,time:2021,execs:178,op:havoc,rep:4
   -> CRASH REPRODUCED with id:000004,sig:06,src:000000,time:1631,execs:108,op:havoc,rep:3
   -> CRASH REPRODUCED with id:000002,sig:06,src:000000,time:694,execs:74,op:havoc,rep:3
   -> CRASH REPRODUCED with id:000000,sig:06,src:000000,time:270,execs:63,op:havoc,rep:2
   -> CRASH REPRODUCED with id:000001,sig:06,src:000000,time:487,execs:65,op:havoc,rep:3
   -> CRASH REPRODUCED with id:000005,sig:06,src:000000,time:1830,execs:117,op:havoc,rep:4
   -> CRASH REPRODUCED with id:000003,sig:06,src:000000,time:885,execs:83,op:havoc,rep:2
   -> CRASH REPRODUCED with id:000007,sig:06,src:000000,time:2921,execs:222,op:havoc,rep:3
Checking queue
   -> Found 50 crash reports. Testing reproducibility...
   -> CRASH REPRODUCED with id:000006,src:000000,time:1,execs:46,op:(null),pos:0
   -> CRASH REPRODUCED with id:000004,src:000000,time:0,execs:30,op:(null),pos:0,+cov
   -> CRASH REPRODUCED with id:000005,src:000000,time:0,execs:38,op:(null),pos:0,+cov
Checking hangs
   -> Converting counterexamples for 'search'...
      -> Found and validated 7 new rules.
   -> Updating CHC file with new counterexamples...

=============== Artifacts This Iteration ===============

--- Generated Specs ---
  insert: (true)
  search: (v > (-1))
  inv: (true)

--- New Test Cases Found ---

--- Updated CHCs (for next iteration) ---
(declare-var isEmpty Int)
(declare-var isEmpty1 Int)
(declare-var min Int)
(declare-var min1 Int)
(declare-var n Int)
(declare-var v Int)
(declare-var ret1 Int)
(declare-rel insert (Int Int Int Int Int))
(declare-rel search (Int Int Int Int))
(declare-rel inv (Int Int))
(declare-rel fail ())
(define-fun is_valid ((x Int)) Bool (or (= x 1) (= x 0)))
(define-fun MAX () Int 128)
(define-fun MIN () Int -129)

(rule (=> (and (= v -1) (= min -125) (= isEmpty 0) (= ret1 0)) (search v min isEmpty ret1)))
(rule (=> (and (= v -1) (= min -1) (= isEmpty 0) (= ret1 1)) (search v min isEmpty ret1)))
(rule (=> (and (= v -1) (= min 255) (= isEmpty 1) (= ret1 0)) (search v min isEmpty ret1)))
(rule (=> (and (= v -1) (= min 33) (= isEmpty 0) (= ret1 0)) (search v min isEmpty ret1)))
(rule (=> (and (= v -2) (= min 255) (= isEmpty 1) (= ret1 0)) (search v min isEmpty ret1)))
(rule (=> (and (= v -2) (= min -65) (= isEmpty 0) (= ret1 0)) (search v min isEmpty ret1)))
(rule (=> (and (= v -27) (= min 255) (= isEmpty 1) (= ret1 0)) (search v min isEmpty ret1)))

(rule (=> (and (= n -20) (= min -20) (= min1 -20) (= isEmpty 0) (= isEmpty1 0)) (insert n min min1 isEmpty isEmpty1)))
(rule (=> (and (= n 1) (= min -2) (= min1 -2) (= isEmpty 0) (= isEmpty1 0)) (insert n min min1 isEmpty isEmpty1)))
(rule (=> (and (= n -2) (= min -1) (= min1 -2) (= isEmpty 0) (= isEmpty1 0)) (insert n min min1 isEmpty isEmpty1)))
(rule (=> (and (= n -2) (= min 255) (= min1 -2) (= isEmpty 1) (= isEmpty1 0)) (insert n min min1 isEmpty isEmpty1)))
(rule (=> (and (= n -26) (= min -26) (= min1 -26) (= isEmpty 0) (= isEmpty1 0)) (insert n min min1 isEmpty isEmpty1)))
(rule (=> (and (= n -2) (= min -128) (= min1 -128) (= isEmpty 0) (= isEmpty1 0)) (insert n min min1 isEmpty isEmpty1)))
(rule (=> (and (= n 64) (= min 64) (= min1 64) (= isEmpty 0) (= isEmpty1 0)) (insert n min min1 isEmpty isEmpty1)))
(rule (=> (and (= v 1) (= min 255) (= isEmpty 1) (= ret1 0)) (search v min isEmpty ret1)))
(rule (=> (and (= v 2) (= min -1) (= isEmpty 0) (= ret1 0)) (search v min isEmpty ret1)))
(rule (=> (and (= v 2) (= min 255) (= isEmpty 1) (= ret1 0)) (search v min isEmpty ret1)))
(rule (=> (and (= v 1) (= min -1) (= isEmpty 0) (= ret1 0)) (search v min isEmpty ret1)))
(rule (=> (and (= isEmpty 1) (= min MAX)) (inv min isEmpty)))
(rule (=> (and (inv min isEmpty) (is_valid isEmpty) (>= n 0) (insert n min min1 isEmpty isEmpty1)) (inv min1 isEmpty1)))
(rule (=> (and (inv min isEmpty) (is_valid isEmpty) (< n 0)) (inv min isEmpty)))
(rule (=> (and (inv min isEmpty) (is_valid isEmpty) (< v 0) (search v min isEmpty ret1) (not (= ret1 0))) fail))

(query fail :print-certificate true)
==============================================================
   -> Checking if specs have changed...
      -> CHC files are different. Continuing iteration.

==================== Iteration: 3 ====================
TIMEOUT : 60
   -> Parsing CHC file: /Dualis/scripts/../benchmarks/ClassicalHornICE_working_temp/BinaryTree/BinaryTree.smt2
   -> Starting HornICE with a 1000-second timeout...
      -> Logging HornICE output to iter_3.log
   -> HornICE completed successfully.
   -> Analyzing HornICE log file: iter_3.log
      -> Found 13 internal iterations.
   -> Writing new specs to harness: search_fuzz.cpp...
      -> Successfully created working copy '/Dualis/scripts/../benchmarks/ClassicalHornICE_working_temp/BinaryTree/search_fuzz.cpp'.
   -> Starting AFL++(search_fuzz) with a 60-second timeout...
   -> Building AFL-instrumented binary: /Dualis/scripts/../benchmarks/ClassicalHornICE_working_temp/BinaryTree/search_fuzz
   -> AFL++(search_fuzz) finished its fuzzing session.
   -> Checking fuzzing outputs for counterexamples...
Checking crashes
Checking queue
   -> Found 66 crash reports. Testing reproducibility...
   -> CRASH REPRODUCED with id:000004,src:000001,time:0,execs:30,op:(null),pos:0,+cov
   -> CRASH REPRODUCED with id:000005,src:000001,time:0,execs:39,op:(null),pos:0,+cov
Checking hangs
   -> Converting counterexamples for 'search'...
   -> Writing new specs to harness: insert_fuzz.cpp...
      -> Successfully created working copy '/Dualis/scripts/../benchmarks/ClassicalHornICE_working_temp/BinaryTree/insert_fuzz.cpp'.
   -> Starting AFL++(insert_fuzz) with a 60-second timeout...
   -> Building AFL-instrumented binary: /Dualis/scripts/../benchmarks/ClassicalHornICE_working_temp/BinaryTree/insert_fuzz
   -> AFL++(insert_fuzz) finished its fuzzing session.
   -> Checking fuzzing outputs for counterexamples...
Checking crashes
   -> Found 4 crash reports. Testing reproducibility...
   -> CRASH REPRODUCED with id:000002,sig:06,src:000000,time:776,execs:125,op:havoc,rep:11
   -> CRASH REPRODUCED with id:000003,sig:06,src:000000,time:1989,execs:325,op:havoc,rep:13
   -> CRASH REPRODUCED with id:000000,sig:06,src:000000,time:187,execs:49,op:havoc,rep:16
   -> CRASH REPRODUCED with id:000001,sig:06,src:000000,time:395,execs:84,op:havoc,rep:7
Checking queue
   -> Found 47 crash reports. Testing reproducibility...
Checking hangs
   -> Converting counterexamples for 'insert'...
      -> Found and validated 4 new rules.
   -> Updating CHC file with new counterexamples...

=============== Artifacts This Iteration ===============

--- Generated Specs ---
  search: ((ret1 > (-1)) && ((isEmpty + ret1) <= 1))
  insert: ((isEmpty <= 0) || ((((min1 - n) - min1) > 0) && (isEmpty > 0)))
  inv: (isEmpty > 0)

--- New Test Cases Found ---

--- Updated CHCs (for next iteration) ---
(declare-var isEmpty Int)
(declare-var isEmpty1 Int)
(declare-var min Int)
(declare-var min1 Int)
(declare-var n Int)
(declare-var v Int)
(declare-var ret1 Int)
(declare-rel insert (Int Int Int Int Int))
(declare-rel search (Int Int Int Int))
(declare-rel inv (Int Int))
(declare-rel fail ())
(define-fun is_valid ((x Int)) Bool (or (= x 1) (= x 0)))
(define-fun MAX () Int 128)
(define-fun MIN () Int -129)

(rule (=> (and (= n 3) (= min 255) (= min1 3) (= isEmpty 1) (= isEmpty1 0)) (insert n min min1 isEmpty isEmpty1)))
(rule (=> (and (= n 21) (= min 255) (= min1 21) (= isEmpty 1) (= isEmpty1 0)) (insert n min min1 isEmpty isEmpty1)))
(rule (=> (and (= n 29) (= min 255) (= min1 29) (= isEmpty 1) (= isEmpty1 0)) (insert n min min1 isEmpty isEmpty1)))
(rule (=> (and (= n 1) (= min 255) (= min1 1) (= isEmpty 1) (= isEmpty1 0)) (insert n min min1 isEmpty isEmpty1)))

(rule (=> (and (= v -1) (= min -125) (= isEmpty 0) (= ret1 0)) (search v min isEmpty ret1)))
(rule (=> (and (= v -1) (= min -1) (= isEmpty 0) (= ret1 1)) (search v min isEmpty ret1)))
(rule (=> (and (= v -1) (= min 255) (= isEmpty 1) (= ret1 0)) (search v min isEmpty ret1)))
(rule (=> (and (= v -1) (= min 33) (= isEmpty 0) (= ret1 0)) (search v min isEmpty ret1)))
(rule (=> (and (= v -2) (= min 255) (= isEmpty 1) (= ret1 0)) (search v min isEmpty ret1)))
(rule (=> (and (= v -2) (= min -65) (= isEmpty 0) (= ret1 0)) (search v min isEmpty ret1)))
(rule (=> (and (= v -27) (= min 255) (= isEmpty 1) (= ret1 0)) (search v min isEmpty ret1)))
(rule (=> (and (= n -20) (= min -20) (= min1 -20) (= isEmpty 0) (= isEmpty1 0)) (insert n min min1 isEmpty isEmpty1)))
(rule (=> (and (= n 1) (= min -2) (= min1 -2) (= isEmpty 0) (= isEmpty1 0)) (insert n min min1 isEmpty isEmpty1)))
(rule (=> (and (= n -2) (= min -1) (= min1 -2) (= isEmpty 0) (= isEmpty1 0)) (insert n min min1 isEmpty isEmpty1)))
(rule (=> (and (= n -2) (= min 255) (= min1 -2) (= isEmpty 1) (= isEmpty1 0)) (insert n min min1 isEmpty isEmpty1)))
(rule (=> (and (= n -26) (= min -26) (= min1 -26) (= isEmpty 0) (= isEmpty1 0)) (insert n min min1 isEmpty isEmpty1)))
(rule (=> (and (= n -2) (= min -128) (= min1 -128) (= isEmpty 0) (= isEmpty1 0)) (insert n min min1 isEmpty isEmpty1)))
(rule (=> (and (= n 64) (= min 64) (= min1 64) (= isEmpty 0) (= isEmpty1 0)) (insert n min min1 isEmpty isEmpty1)))
(rule (=> (and (= v 1) (= min 255) (= isEmpty 1) (= ret1 0)) (search v min isEmpty ret1)))
(rule (=> (and (= v 2) (= min -1) (= isEmpty 0) (= ret1 0)) (search v min isEmpty ret1)))
(rule (=> (and (= v 2) (= min 255) (= isEmpty 1) (= ret1 0)) (search v min isEmpty ret1)))
(rule (=> (and (= v 1) (= min -1) (= isEmpty 0) (= ret1 0)) (search v min isEmpty ret1)))
(rule (=> (and (= isEmpty 1) (= min MAX)) (inv min isEmpty)))
(rule (=> (and (inv min isEmpty) (is_valid isEmpty) (>= n 0) (insert n min min1 isEmpty isEmpty1)) (inv min1 isEmpty1)))
(rule (=> (and (inv min isEmpty) (is_valid isEmpty) (< n 0)) (inv min isEmpty)))
(rule (=> (and (inv min isEmpty) (is_valid isEmpty) (< v 0) (search v min isEmpty ret1) (not (= ret1 0))) fail))

(query fail :print-certificate true)
==============================================================
   -> Checking if specs have changed...
      -> CHC files are different. Continuing iteration.

==================== Iteration: 4 ====================
TIMEOUT : 80
   -> Parsing CHC file: /Dualis/scripts/../benchmarks/ClassicalHornICE_working_temp/BinaryTree/BinaryTree.smt2
   -> Starting HornICE with a 1000-second timeout...
      -> Logging HornICE output to iter_4.log
   -> HornICE completed successfully.
   -> Analyzing HornICE log file: iter_4.log
      -> Found 22 internal iterations.
   -> Writing new specs to harness: insert_fuzz.cpp...
      -> Successfully created working copy '/Dualis/scripts/../benchmarks/ClassicalHornICE_working_temp/BinaryTree/insert_fuzz.cpp'.
   -> Starting AFL++(insert_fuzz) with a 80-second timeout...
   -> Building AFL-instrumented binary: /Dualis/scripts/../benchmarks/ClassicalHornICE_working_temp/BinaryTree/insert_fuzz
   -> AFL++(insert_fuzz) finished its fuzzing session.
   -> Checking fuzzing outputs for counterexamples...
Checking crashes
   -> Found 9 crash reports. Testing reproducibility...
   -> CRASH REPRODUCED with id:000004,sig:06,src:000000,time:1247,execs:431,op:havoc,rep:2
   -> CRASH REPRODUCED with id:000000,sig:06,src:000000,time:178,execs:128,op:havoc,rep:1
   -> CRASH REPRODUCED with id:000008,sig:06,src:000000,time:3112,execs:1522,op:havoc,rep:4
   -> CRASH REPRODUCED with id:000006,sig:06,src:000000,time:1886,execs:819,op:havoc,rep:4
   -> CRASH REPRODUCED with id:000005,sig:06,src:000000,time:1708,execs:787,op:havoc,rep:4
   -> CRASH REPRODUCED with id:000007,sig:06,src:000000,time:2797,execs:1374,op:havoc,rep:4
   -> CRASH REPRODUCED with id:000001,sig:06,src:000000,time:372,execs:137,op:havoc,rep:4
   -> CRASH REPRODUCED with id:000002,sig:06,src:000000,time:766,execs:217,op:havoc,rep:3
   -> CRASH REPRODUCED with id:000003,sig:06,src:000000,time:959,execs:297,op:havoc,rep:2
Checking queue
   -> Found 56 crash reports. Testing reproducibility...
Checking hangs
   -> Converting counterexamples for 'insert'...
      -> Found and validated 7 new rules.
   -> Writing new specs to harness: search_fuzz.cpp...
      -> Successfully created working copy '/Dualis/scripts/../benchmarks/ClassicalHornICE_working_temp/BinaryTree/search_fuzz.cpp'.
   -> Starting AFL++(search_fuzz) with a 80-second timeout...
   -> Building AFL-instrumented binary: /Dualis/scripts/../benchmarks/ClassicalHornICE_working_temp/BinaryTree/search_fuzz
   -> AFL++(search_fuzz) finished its fuzzing session.
   -> Checking fuzzing outputs for counterexamples...
Checking crashes
Checking queue
   -> Found 75 crash reports. Testing reproducibility...
   -> CRASH REPRODUCED with id:000004,src:000001,time:0,execs:30,op:(null),pos:0,+cov
   -> CRASH REPRODUCED with id:000005,src:000001,time:0,execs:39,op:(null),pos:0,+cov
Checking hangs
   -> Converting counterexamples for 'search'...
   -> Updating CHC file with new counterexamples...

=============== Artifacts This Iteration ===============

--- Generated Specs ---
  insert: ((((((min - min1) - isEmpty) <= 0) || ((((isEmpty - n) - min) > 0) && (((min - min1) - isEmpty) > 0))) && (isEmpty1 <= 0) && (isEmpty <= 0)) || ((((n - min1) + isEmpty1) <= 0) && (isEmpty > 0)))
  search: ((((ret1 > (-1)) && (ret1 <= 0)) || ((((min - v) - isEmpty) <= 0) && (ret1 > 0))) && ((isEmpty + ret1) <= 1))
  inv: ((min - isEmpty) > (-1))

--- New Test Cases Found ---

--- Updated CHCs (for next iteration) ---
(declare-var isEmpty Int)
(declare-var isEmpty1 Int)
(declare-var min Int)
(declare-var min1 Int)
(declare-var n Int)
(declare-var v Int)
(declare-var ret1 Int)
(declare-rel insert (Int Int Int Int Int))
(declare-rel search (Int Int Int Int))
(declare-rel inv (Int Int))
(declare-rel fail ())
(define-fun is_valid ((x Int)) Bool (or (= x 1) (= x 0)))
(define-fun MAX () Int 128)
(define-fun MIN () Int -129)

(rule (=> (and (= n -1) (= min 52) (= min1 -1) (= isEmpty 0) (= isEmpty1 0)) (insert n min min1 isEmpty isEmpty1)))
(rule (=> (and (= n 1) (= min 2) (= min1 1) (= isEmpty 0) (= isEmpty1 0)) (insert n min min1 isEmpty isEmpty1)))
(rule (=> (and (= n 1) (= min 39) (= min1 1) (= isEmpty 0) (= isEmpty1 0)) (insert n min min1 isEmpty isEmpty1)))
(rule (=> (and (= n -1) (= min 1) (= min1 -1) (= isEmpty 0) (= isEmpty1 0)) (insert n min min1 isEmpty isEmpty1)))
(rule (=> (and (= n 90) (= min 95) (= min1 90) (= isEmpty 0) (= isEmpty1 0)) (insert n min min1 isEmpty isEmpty1)))
(rule (=> (and (= n -1) (= min 24) (= min1 -1) (= isEmpty 0) (= isEmpty1 0)) (insert n min min1 isEmpty isEmpty1)))
(rule (=> (and (= n -1) (= min 90) (= min1 -1) (= isEmpty 0) (= isEmpty1 0)) (insert n min min1 isEmpty isEmpty1)))

(rule (=> (and (= n 3) (= min 255) (= min1 3) (= isEmpty 1) (= isEmpty1 0)) (insert n min min1 isEmpty isEmpty1)))
(rule (=> (and (= n 21) (= min 255) (= min1 21) (= isEmpty 1) (= isEmpty1 0)) (insert n min min1 isEmpty isEmpty1)))
(rule (=> (and (= n 29) (= min 255) (= min1 29) (= isEmpty 1) (= isEmpty1 0)) (insert n min min1 isEmpty isEmpty1)))
(rule (=> (and (= n 1) (= min 255) (= min1 1) (= isEmpty 1) (= isEmpty1 0)) (insert n min min1 isEmpty isEmpty1)))
(rule (=> (and (= v -1) (= min -125) (= isEmpty 0) (= ret1 0)) (search v min isEmpty ret1)))
(rule (=> (and (= v -1) (= min -1) (= isEmpty 0) (= ret1 1)) (search v min isEmpty ret1)))
(rule (=> (and (= v -1) (= min 255) (= isEmpty 1) (= ret1 0)) (search v min isEmpty ret1)))
(rule (=> (and (= v -1) (= min 33) (= isEmpty 0) (= ret1 0)) (search v min isEmpty ret1)))
(rule (=> (and (= v -2) (= min 255) (= isEmpty 1) (= ret1 0)) (search v min isEmpty ret1)))
(rule (=> (and (= v -2) (= min -65) (= isEmpty 0) (= ret1 0)) (search v min isEmpty ret1)))
(rule (=> (and (= v -27) (= min 255) (= isEmpty 1) (= ret1 0)) (search v min isEmpty ret1)))
(rule (=> (and (= n -20) (= min -20) (= min1 -20) (= isEmpty 0) (= isEmpty1 0)) (insert n min min1 isEmpty isEmpty1)))
(rule (=> (and (= n 1) (= min -2) (= min1 -2) (= isEmpty 0) (= isEmpty1 0)) (insert n min min1 isEmpty isEmpty1)))
(rule (=> (and (= n -2) (= min -1) (= min1 -2) (= isEmpty 0) (= isEmpty1 0)) (insert n min min1 isEmpty isEmpty1)))
(rule (=> (and (= n -2) (= min 255) (= min1 -2) (= isEmpty 1) (= isEmpty1 0)) (insert n min min1 isEmpty isEmpty1)))
(rule (=> (and (= n -26) (= min -26) (= min1 -26) (= isEmpty 0) (= isEmpty1 0)) (insert n min min1 isEmpty isEmpty1)))
(rule (=> (and (= n -2) (= min -128) (= min1 -128) (= isEmpty 0) (= isEmpty1 0)) (insert n min min1 isEmpty isEmpty1)))
(rule (=> (and (= n 64) (= min 64) (= min1 64) (= isEmpty 0) (= isEmpty1 0)) (insert n min min1 isEmpty isEmpty1)))
(rule (=> (and (= v 1) (= min 255) (= isEmpty 1) (= ret1 0)) (search v min isEmpty ret1)))
(rule (=> (and (= v 2) (= min -1) (= isEmpty 0) (= ret1 0)) (search v min isEmpty ret1)))
(rule (=> (and (= v 2) (= min 255) (= isEmpty 1) (= ret1 0)) (search v min isEmpty ret1)))
(rule (=> (and (= v 1) (= min -1) (= isEmpty 0) (= ret1 0)) (search v min isEmpty ret1)))
(rule (=> (and (= isEmpty 1) (= min MAX)) (inv min isEmpty)))
(rule (=> (and (inv min isEmpty) (is_valid isEmpty) (>= n 0) (insert n min min1 isEmpty isEmpty1)) (inv min1 isEmpty1)))
(rule (=> (and (inv min isEmpty) (is_valid isEmpty) (< n 0)) (inv min isEmpty)))
(rule (=> (and (inv min isEmpty) (is_valid isEmpty) (< v 0) (search v min isEmpty ret1) (not (= ret1 0))) fail))

(query fail :print-certificate true)
==============================================================
   -> Checking if specs have changed...
      -> CHC files are different. Continuing iteration.

==================== Iteration: 5 ====================
TIMEOUT : 100
   -> Parsing CHC file: /Dualis/scripts/../benchmarks/ClassicalHornICE_working_temp/BinaryTree/BinaryTree.smt2
   -> Starting HornICE with a 1000-second timeout...
      -> Logging HornICE output to iter_5.log
   -> HornICE completed successfully.
   -> Analyzing HornICE log file: iter_5.log
      -> Found 21 internal iterations.
   -> Writing new specs to harness: insert_fuzz.cpp...
      -> Successfully created working copy '/Dualis/scripts/../benchmarks/ClassicalHornICE_working_temp/BinaryTree/insert_fuzz.cpp'.
   -> Starting AFL++(insert_fuzz) with a 100-second timeout...
   -> Building AFL-instrumented binary: /Dualis/scripts/../benchmarks/ClassicalHornICE_working_temp/BinaryTree/insert_fuzz
   -> AFL++(insert_fuzz) finished its fuzzing session.
   -> Checking fuzzing outputs for counterexamples...
Checking crashes
Checking queue
   -> Found 92 crash reports. Testing reproducibility...
Checking hangs
   -> Converting counterexamples for 'insert'...
   -> Writing new specs to harness: search_fuzz.cpp...
      -> Successfully created working copy '/Dualis/scripts/../benchmarks/ClassicalHornICE_working_temp/BinaryTree/search_fuzz.cpp'.
   -> Starting AFL++(search_fuzz) with a 100-second timeout...
   -> Building AFL-instrumented binary: /Dualis/scripts/../benchmarks/ClassicalHornICE_working_temp/BinaryTree/search_fuzz
   -> AFL++(search_fuzz) finished its fuzzing session.
   -> Checking fuzzing outputs for counterexamples...
Checking crashes
Checking queue
   -> Found 65 crash reports. Testing reproducibility...
   -> CRASH REPRODUCED with id:000005,src:000001,time:1,execs:39,op:(null),pos:0,+cov
   -> CRASH REPRODUCED with id:000004,src:000001,time:0,execs:30,op:(null),pos:0,+cov
Checking hangs
   -> Converting counterexamples for 'search'...
   -> Updating CHC file with new counterexamples...

=============== Artifacts This Iteration ===============

--- Generated Specs ---
  insert: ((((((n - min1) - isEmpty) <= 0) || ((((min - min1) - isEmpty) <= 0) && (((n - min1) - isEmpty) > 0))) && (isEmpty1 <= 0) && (isEmpty <= 0)) || ((((n - min1) + isEmpty1) <= 0) && (isEmpty > 0)))
  search: ((((ret1 > (-1)) && (ret1 <= 0)) || ((((min - v) - isEmpty) <= 0) && (ret1 > 0))) && ((isEmpty + ret1) <= 1))
  inv: ((min - isEmpty) > (-1))

--- New Test Cases Found ---

--- Updated CHCs (for next iteration) ---
(declare-var isEmpty Int)
(declare-var isEmpty1 Int)
(declare-var min Int)
(declare-var min1 Int)
(declare-var n Int)
(declare-var v Int)
(declare-var ret1 Int)
(declare-rel insert (Int Int Int Int Int))
(declare-rel search (Int Int Int Int))
(declare-rel inv (Int Int))
(declare-rel fail ())
(define-fun is_valid ((x Int)) Bool (or (= x 1) (= x 0)))
(define-fun MAX () Int 128)
(define-fun MIN () Int -129)


(rule (=> (and (= n -1) (= min 52) (= min1 -1) (= isEmpty 0) (= isEmpty1 0)) (insert n min min1 isEmpty isEmpty1)))
(rule (=> (and (= n 1) (= min 2) (= min1 1) (= isEmpty 0) (= isEmpty1 0)) (insert n min min1 isEmpty isEmpty1)))
(rule (=> (and (= n 1) (= min 39) (= min1 1) (= isEmpty 0) (= isEmpty1 0)) (insert n min min1 isEmpty isEmpty1)))
(rule (=> (and (= n -1) (= min 1) (= min1 -1) (= isEmpty 0) (= isEmpty1 0)) (insert n min min1 isEmpty isEmpty1)))
(rule (=> (and (= n 90) (= min 95) (= min1 90) (= isEmpty 0) (= isEmpty1 0)) (insert n min min1 isEmpty isEmpty1)))
(rule (=> (and (= n -1) (= min 24) (= min1 -1) (= isEmpty 0) (= isEmpty1 0)) (insert n min min1 isEmpty isEmpty1)))
(rule (=> (and (= n -1) (= min 90) (= min1 -1) (= isEmpty 0) (= isEmpty1 0)) (insert n min min1 isEmpty isEmpty1)))
(rule (=> (and (= n 3) (= min 255) (= min1 3) (= isEmpty 1) (= isEmpty1 0)) (insert n min min1 isEmpty isEmpty1)))
(rule (=> (and (= n 21) (= min 255) (= min1 21) (= isEmpty 1) (= isEmpty1 0)) (insert n min min1 isEmpty isEmpty1)))
(rule (=> (and (= n 29) (= min 255) (= min1 29) (= isEmpty 1) (= isEmpty1 0)) (insert n min min1 isEmpty isEmpty1)))
(rule (=> (and (= n 1) (= min 255) (= min1 1) (= isEmpty 1) (= isEmpty1 0)) (insert n min min1 isEmpty isEmpty1)))
(rule (=> (and (= v -1) (= min -125) (= isEmpty 0) (= ret1 0)) (search v min isEmpty ret1)))
(rule (=> (and (= v -1) (= min -1) (= isEmpty 0) (= ret1 1)) (search v min isEmpty ret1)))
(rule (=> (and (= v -1) (= min 255) (= isEmpty 1) (= ret1 0)) (search v min isEmpty ret1)))
(rule (=> (and (= v -1) (= min 33) (= isEmpty 0) (= ret1 0)) (search v min isEmpty ret1)))
(rule (=> (and (= v -2) (= min 255) (= isEmpty 1) (= ret1 0)) (search v min isEmpty ret1)))
(rule (=> (and (= v -2) (= min -65) (= isEmpty 0) (= ret1 0)) (search v min isEmpty ret1)))
(rule (=> (and (= v -27) (= min 255) (= isEmpty 1) (= ret1 0)) (search v min isEmpty ret1)))
(rule (=> (and (= n -20) (= min -20) (= min1 -20) (= isEmpty 0) (= isEmpty1 0)) (insert n min min1 isEmpty isEmpty1)))
(rule (=> (and (= n 1) (= min -2) (= min1 -2) (= isEmpty 0) (= isEmpty1 0)) (insert n min min1 isEmpty isEmpty1)))
(rule (=> (and (= n -2) (= min -1) (= min1 -2) (= isEmpty 0) (= isEmpty1 0)) (insert n min min1 isEmpty isEmpty1)))
(rule (=> (and (= n -2) (= min 255) (= min1 -2) (= isEmpty 1) (= isEmpty1 0)) (insert n min min1 isEmpty isEmpty1)))
(rule (=> (and (= n -26) (= min -26) (= min1 -26) (= isEmpty 0) (= isEmpty1 0)) (insert n min min1 isEmpty isEmpty1)))
(rule (=> (and (= n -2) (= min -128) (= min1 -128) (= isEmpty 0) (= isEmpty1 0)) (insert n min min1 isEmpty isEmpty1)))
(rule (=> (and (= n 64) (= min 64) (= min1 64) (= isEmpty 0) (= isEmpty1 0)) (insert n min min1 isEmpty isEmpty1)))
(rule (=> (and (= v 1) (= min 255) (= isEmpty 1) (= ret1 0)) (search v min isEmpty ret1)))
(rule (=> (and (= v 2) (= min -1) (= isEmpty 0) (= ret1 0)) (search v min isEmpty ret1)))
(rule (=> (and (= v 2) (= min 255) (= isEmpty 1) (= ret1 0)) (search v min isEmpty ret1)))
(rule (=> (and (= v 1) (= min -1) (= isEmpty 0) (= ret1 0)) (search v min isEmpty ret1)))
(rule (=> (and (= isEmpty 1) (= min MAX)) (inv min isEmpty)))
(rule (=> (and (inv min isEmpty) (is_valid isEmpty) (>= n 0) (insert n min min1 isEmpty isEmpty1)) (inv min1 isEmpty1)))
(rule (=> (and (inv min isEmpty) (is_valid isEmpty) (< n 0)) (inv min isEmpty)))
(rule (=> (and (inv min isEmpty) (is_valid isEmpty) (< v 0) (search v min isEmpty ret1) (not (= ret1 0))) fail))

(query fail :print-certificate true)
==============================================================
   -> Checking if specs have changed...
      -> CHC files are different. Continuing iteration.

==================== Iteration: 6 ====================
TIMEOUT : 120
   -> Parsing CHC file: /Dualis/scripts/../benchmarks/ClassicalHornICE_working_temp/BinaryTree/BinaryTree.smt2
   -> Starting HornICE with a 1000-second timeout...
      -> Logging HornICE output to iter_6.log
   -> HornICE completed successfully.
   -> Analyzing HornICE log file: iter_6.log
      -> Found 21 internal iterations.
   -> Writing new specs to harness: insert_fuzz.cpp...
      -> Successfully created working copy '/Dualis/scripts/../benchmarks/ClassicalHornICE_working_temp/BinaryTree/insert_fuzz.cpp'.
   -> Starting AFL++(insert_fuzz) with a 120-second timeout...
   -> Building AFL-instrumented binary: /Dualis/scripts/../benchmarks/ClassicalHornICE_working_temp/BinaryTree/insert_fuzz
   -> AFL++(insert_fuzz) finished its fuzzing session.
   -> Checking fuzzing outputs for counterexamples...
Checking crashes
Checking queue
   -> Found 83 crash reports. Testing reproducibility...
Checking hangs
   -> Converting counterexamples for 'insert'...
   -> Writing new specs to harness: search_fuzz.cpp...
      -> Successfully created working copy '/Dualis/scripts/../benchmarks/ClassicalHornICE_working_temp/BinaryTree/search_fuzz.cpp'.
   -> Starting AFL++(search_fuzz) with a 120-second timeout...
   -> Building AFL-instrumented binary: /Dualis/scripts/../benchmarks/ClassicalHornICE_working_temp/BinaryTree/search_fuzz
   -> AFL++(search_fuzz) finished its fuzzing session.
   -> Checking fuzzing outputs for counterexamples...
Checking crashes
Checking queue
   -> Found 75 crash reports. Testing reproducibility...
   -> CRASH REPRODUCED with id:000004,src:000000,time:1,execs:30,op:(null),pos:0,+cov
   -> CRASH REPRODUCED with id:000006,src:000000,time:1,execs:46,op:(null),pos:0
   -> CRASH REPRODUCED with id:000005,src:000000,time:1,execs:38,op:(null),pos:0,+cov
Checking hangs
   -> Converting counterexamples for 'search'...
   -> Updating CHC file with new counterexamples...

=============== Artifacts This Iteration ===============

--- Generated Specs ---
  insert: ((((((n - min1) - isEmpty) <= 0) || ((((min - min1) - isEmpty) <= 0) && (((n - min1) - isEmpty) > 0))) && (isEmpty1 <= 0) && (isEmpty <= 0)) || ((((n - min1) + isEmpty1) <= 0) && (isEmpty > 0)))
  search: ((((ret1 > (-1)) && (ret1 <= 0)) || ((((min - v) - isEmpty) <= 0) && (ret1 > 0))) && ((isEmpty + ret1) <= 1))
  inv: ((min - isEmpty) > (-1))

--- New Test Cases Found ---

--- Updated CHCs (for next iteration) ---
(declare-var isEmpty Int)
(declare-var isEmpty1 Int)
(declare-var min Int)
(declare-var min1 Int)
(declare-var n Int)
(declare-var v Int)
(declare-var ret1 Int)
(declare-rel insert (Int Int Int Int Int))
(declare-rel search (Int Int Int Int))
(declare-rel inv (Int Int))
(declare-rel fail ())
(define-fun is_valid ((x Int)) Bool (or (= x 1) (= x 0)))
(define-fun MAX () Int 128)
(define-fun MIN () Int -129)


(rule (=> (and (= n -1) (= min 52) (= min1 -1) (= isEmpty 0) (= isEmpty1 0)) (insert n min min1 isEmpty isEmpty1)))
(rule (=> (and (= n 1) (= min 2) (= min1 1) (= isEmpty 0) (= isEmpty1 0)) (insert n min min1 isEmpty isEmpty1)))
(rule (=> (and (= n 1) (= min 39) (= min1 1) (= isEmpty 0) (= isEmpty1 0)) (insert n min min1 isEmpty isEmpty1)))
(rule (=> (and (= n -1) (= min 1) (= min1 -1) (= isEmpty 0) (= isEmpty1 0)) (insert n min min1 isEmpty isEmpty1)))
(rule (=> (and (= n 90) (= min 95) (= min1 90) (= isEmpty 0) (= isEmpty1 0)) (insert n min min1 isEmpty isEmpty1)))
(rule (=> (and (= n -1) (= min 24) (= min1 -1) (= isEmpty 0) (= isEmpty1 0)) (insert n min min1 isEmpty isEmpty1)))
(rule (=> (and (= n -1) (= min 90) (= min1 -1) (= isEmpty 0) (= isEmpty1 0)) (insert n min min1 isEmpty isEmpty1)))
(rule (=> (and (= n 3) (= min 255) (= min1 3) (= isEmpty 1) (= isEmpty1 0)) (insert n min min1 isEmpty isEmpty1)))
(rule (=> (and (= n 21) (= min 255) (= min1 21) (= isEmpty 1) (= isEmpty1 0)) (insert n min min1 isEmpty isEmpty1)))
(rule (=> (and (= n 29) (= min 255) (= min1 29) (= isEmpty 1) (= isEmpty1 0)) (insert n min min1 isEmpty isEmpty1)))
(rule (=> (and (= n 1) (= min 255) (= min1 1) (= isEmpty 1) (= isEmpty1 0)) (insert n min min1 isEmpty isEmpty1)))
(rule (=> (and (= v -1) (= min -125) (= isEmpty 0) (= ret1 0)) (search v min isEmpty ret1)))
(rule (=> (and (= v -1) (= min -1) (= isEmpty 0) (= ret1 1)) (search v min isEmpty ret1)))
(rule (=> (and (= v -1) (= min 255) (= isEmpty 1) (= ret1 0)) (search v min isEmpty ret1)))
(rule (=> (and (= v -1) (= min 33) (= isEmpty 0) (= ret1 0)) (search v min isEmpty ret1)))
(rule (=> (and (= v -2) (= min 255) (= isEmpty 1) (= ret1 0)) (search v min isEmpty ret1)))
(rule (=> (and (= v -2) (= min -65) (= isEmpty 0) (= ret1 0)) (search v min isEmpty ret1)))
(rule (=> (and (= v -27) (= min 255) (= isEmpty 1) (= ret1 0)) (search v min isEmpty ret1)))
(rule (=> (and (= n -20) (= min -20) (= min1 -20) (= isEmpty 0) (= isEmpty1 0)) (insert n min min1 isEmpty isEmpty1)))
(rule (=> (and (= n 1) (= min -2) (= min1 -2) (= isEmpty 0) (= isEmpty1 0)) (insert n min min1 isEmpty isEmpty1)))
(rule (=> (and (= n -2) (= min -1) (= min1 -2) (= isEmpty 0) (= isEmpty1 0)) (insert n min min1 isEmpty isEmpty1)))
(rule (=> (and (= n -2) (= min 255) (= min1 -2) (= isEmpty 1) (= isEmpty1 0)) (insert n min min1 isEmpty isEmpty1)))
(rule (=> (and (= n -26) (= min -26) (= min1 -26) (= isEmpty 0) (= isEmpty1 0)) (insert n min min1 isEmpty isEmpty1)))
(rule (=> (and (= n -2) (= min -128) (= min1 -128) (= isEmpty 0) (= isEmpty1 0)) (insert n min min1 isEmpty isEmpty1)))
(rule (=> (and (= n 64) (= min 64) (= min1 64) (= isEmpty 0) (= isEmpty1 0)) (insert n min min1 isEmpty isEmpty1)))
(rule (=> (and (= v 1) (= min 255) (= isEmpty 1) (= ret1 0)) (search v min isEmpty ret1)))
(rule (=> (and (= v 2) (= min -1) (= isEmpty 0) (= ret1 0)) (search v min isEmpty ret1)))
(rule (=> (and (= v 2) (= min 255) (= isEmpty 1) (= ret1 0)) (search v min isEmpty ret1)))
(rule (=> (and (= v 1) (= min -1) (= isEmpty 0) (= ret1 0)) (search v min isEmpty ret1)))
(rule (=> (and (= isEmpty 1) (= min MAX)) (inv min isEmpty)))
(rule (=> (and (inv min isEmpty) (is_valid isEmpty) (>= n 0) (insert n min min1 isEmpty isEmpty1)) (inv min1 isEmpty1)))
(rule (=> (and (inv min isEmpty) (is_valid isEmpty) (< n 0)) (inv min isEmpty)))
(rule (=> (and (inv min isEmpty) (is_valid isEmpty) (< v 0) (search v min isEmpty ret1) (not (= ret1 0))) fail))

(query fail :print-certificate true)
==============================================================
   -> Checking if specs have changed...
      -> CHC files are identical. Pipeline has converged.
   -> 15-minute deep fuzzing converged. Pipeline complete.

==================== Finalizing Pipeline ====================

====================== Pipeline Finished =====================
Total External Iterations: 6
Total Unique Test Cases Found: 29
Total Internal Iterations: 85
  - Min: 3
  - Max: 22
  - Avg: 14.17
pipeline.run() took 0.3047 seconds.
Running command: /usr/bin/python3 chcverifynfuzz.py ClassicalHornICE BinaryTree
PID: 607023
========================================

