
========================================
         Starting Pipeline for: BlueWhite (Mode: ClassicalHornICE)
========================================
Initializing pipeline for benchmark: 'BlueWhite'
   -> Loading and validating attributes from: /Dualis/scripts/../benchmarks/Classical/BlueWhite/Attributes.txt
      -> Validation successful. Attribute file is consistent.

==================== Iteration: 1 ====================
TIMEOUT : 20
   -> Parsing CHC file: /Dualis/scripts/../benchmarks/ClassicalHornICE_working_temp/BlueWhite/BlueWhite.smt2
   -> Starting HornICE with a 1000-second timeout...
      -> Logging HornICE output to iter_1.log
   -> HornICE completed successfully.
   -> Analyzing HornICE log file: iter_1.log
      -> Found 4 internal iterations.
   -> Writing new specs to harness: push_fuzz.cpp...
      -> Successfully created working copy '/Dualis/scripts/../benchmarks/ClassicalHornICE_working_temp/BlueWhite/push_fuzz.cpp'.
   -> Starting AFL++(push_fuzz) with a 20-second timeout...
   -> Building AFL-instrumented binary: /Dualis/scripts/../benchmarks/ClassicalHornICE_working_temp/BlueWhite/push_fuzz
   -> AFL++(push_fuzz) finished its fuzzing session.
   -> Checking fuzzing outputs for counterexamples...
Checking crashes
   -> Found 6 crash reports. Testing reproducibility...
   -> CRASH REPRODUCED with id:000003,sig:06,src:000000,time:1244,execs:31,op:havoc,rep:1
   -> CRASH REPRODUCED with id:000005,sig:06,src:000000,time:3463,execs:51,op:havoc,rep:9
   -> CRASH REPRODUCED with id:000001,sig:06,src:000000,time:293,execs:19,op:havoc,rep:14
   -> CRASH REPRODUCED with id:000000,sig:06,src:000000,time:135,execs:17,op:havoc,rep:6
   -> CRASH REPRODUCED with id:000004,sig:06,src:000000,time:2698,execs:44,op:havoc,rep:14
   -> CRASH REPRODUCED with id:000002,sig:06,src:000000,time:466,execs:20,op:havoc,rep:15
Checking queue
   -> Found 1 crash reports. Testing reproducibility...
Checking hangs
   -> Converting counterexamples for 'push'...
      -> Found and validated 6 new rules.
   -> Updating CHC file with new counterexamples...

=============== Artifacts This Iteration ===============

--- Generated Specs ---
  inv: (inserted_blue <= 0)
  push: (false)

--- New Test Cases Found ---

--- Updated CHCs (for next iteration) ---
(declare-rel inv (Int Int Int))
(declare-rel push (Int Int Int))
(declare-rel fail ())
(declare-var color Int)
(declare-var color1 Int)
(declare-var inserted_blue Int)
(declare-var inserted_blue1 Int)
(declare-var bcount Int)
(declare-var bcount1 Int)

(rule (=> (and (= color 1) (= bcount 0) (= bcount1 0)) (push color bcount bcount1)))
(rule (=> (and (= color 74) (= bcount 0) (= bcount1 0)) (push color bcount bcount1)))
(rule (=> (and (= color -1) (= bcount 0) (= bcount1 0)) (push color bcount bcount1)))
(rule (=> (and (= color 0) (= bcount 0) (= bcount1 1)) (push color bcount bcount1)))
(rule (=> (and (= color 0) (= bcount 1) (= bcount1 2)) (push color bcount bcount1)))
(rule (=> (and (= color 123) (= bcount 0) (= bcount1 0)) (push color bcount bcount1)))

(rule (=> (and (= inserted_blue1 0) (= bcount1 0)) (inv inserted_blue1 bcount1 color)))
(rule (=> (and (inv inserted_blue bcount color) (and (= color 0) (= inserted_blue 0)) (push color bcount bcount1) (= inserted_blue1 1)) (inv inserted_blue1 bcount1 color1)))
(rule (=> (and (inv inserted_blue bcount color) (not (and (= color 0) (= inserted_blue 0))) (= color 1) (push color bcount bcount1)) (inv inserted_blue bcount1 color1)))
(rule (=> (and (inv inserted_blue bcount color) (not (and (= color 0) (= inserted_blue 0))) (not (= color 1))) (inv inserted_blue bcount color1)))
(rule (=> (and (inv inserted_blue bcount color) (not (=> (= inserted_blue 1) (= bcount 1)))) fail))

(query fail :print-certificate true)
==============================================================
   -> Checking if specs have changed...
      -> CHC files are different. Continuing iteration.

==================== Iteration: 2 ====================
TIMEOUT : 40
   -> Parsing CHC file: /Dualis/scripts/../benchmarks/ClassicalHornICE_working_temp/BlueWhite/BlueWhite.smt2
   -> Starting HornICE with a 1000-second timeout...
      -> Logging HornICE output to iter_2.log
   -> HornICE completed successfully.
   -> Analyzing HornICE log file: iter_2.log
      -> Found 12 internal iterations.
   -> Writing new specs to harness: push_fuzz.cpp...
      -> Successfully created working copy '/Dualis/scripts/../benchmarks/ClassicalHornICE_working_temp/BlueWhite/push_fuzz.cpp'.
   -> Starting AFL++(push_fuzz) with a 40-second timeout...
   -> Building AFL-instrumented binary: /Dualis/scripts/../benchmarks/ClassicalHornICE_working_temp/BlueWhite/push_fuzz
   -> AFL++(push_fuzz) finished its fuzzing session.
   -> Checking fuzzing outputs for counterexamples...
Checking crashes
Checking queue
   -> Found 46 crash reports. Testing reproducibility...
Checking hangs
   -> Converting counterexamples for 'push'...
   -> Updating CHC file with new counterexamples...

=============== Artifacts This Iteration ===============

--- Generated Specs ---
  push: (((((((bcount1 - color) - bcount1) > 0) && (((color - bcount) + bcount1) <= 0)) || (((color - bcount) + bcount1) > 0)) && (((color - bcount) + bcount1) <= 1) && (color <= 1)) || (color > 1))
  inv: (((inserted_blue - bcount) <= 0) && ((inserted_blue - bcount) > (-1)))

--- New Test Cases Found ---

--- Updated CHCs (for next iteration) ---
(declare-rel inv (Int Int Int))
(declare-rel push (Int Int Int))
(declare-rel fail ())
(declare-var color Int)
(declare-var color1 Int)
(declare-var inserted_blue Int)
(declare-var inserted_blue1 Int)
(declare-var bcount Int)
(declare-var bcount1 Int)


(rule (=> (and (= color 1) (= bcount 0) (= bcount1 0)) (push color bcount bcount1)))
(rule (=> (and (= color 74) (= bcount 0) (= bcount1 0)) (push color bcount bcount1)))
(rule (=> (and (= color -1) (= bcount 0) (= bcount1 0)) (push color bcount bcount1)))
(rule (=> (and (= color 0) (= bcount 0) (= bcount1 1)) (push color bcount bcount1)))
(rule (=> (and (= color 0) (= bcount 1) (= bcount1 2)) (push color bcount bcount1)))
(rule (=> (and (= color 123) (= bcount 0) (= bcount1 0)) (push color bcount bcount1)))
(rule (=> (and (= inserted_blue1 0) (= bcount1 0)) (inv inserted_blue1 bcount1 color)))
(rule (=> (and (inv inserted_blue bcount color) (and (= color 0) (= inserted_blue 0)) (push color bcount bcount1) (= inserted_blue1 1)) (inv inserted_blue1 bcount1 color1)))
(rule (=> (and (inv inserted_blue bcount color) (not (and (= color 0) (= inserted_blue 0))) (= color 1) (push color bcount bcount1)) (inv inserted_blue bcount1 color1)))
(rule (=> (and (inv inserted_blue bcount color) (not (and (= color 0) (= inserted_blue 0))) (not (= color 1))) (inv inserted_blue bcount color1)))
(rule (=> (and (inv inserted_blue bcount color) (not (=> (= inserted_blue 1) (= bcount 1)))) fail))

(query fail :print-certificate true)
==============================================================
   -> Checking if specs have changed...
      -> CHC files are different. Continuing iteration.

==================== Iteration: 3 ====================
TIMEOUT : 60
   -> Parsing CHC file: /Dualis/scripts/../benchmarks/ClassicalHornICE_working_temp/BlueWhite/BlueWhite.smt2
   -> Starting HornICE with a 1000-second timeout...
      -> Logging HornICE output to iter_3.log
   -> HornICE completed successfully.
   -> Analyzing HornICE log file: iter_3.log
      -> Found 12 internal iterations.
   -> Writing new specs to harness: push_fuzz.cpp...
      -> Successfully created working copy '/Dualis/scripts/../benchmarks/ClassicalHornICE_working_temp/BlueWhite/push_fuzz.cpp'.
   -> Starting AFL++(push_fuzz) with a 60-second timeout...
   -> Building AFL-instrumented binary: /Dualis/scripts/../benchmarks/ClassicalHornICE_working_temp/BlueWhite/push_fuzz
   -> AFL++(push_fuzz) finished its fuzzing session.
   -> Checking fuzzing outputs for counterexamples...
Checking crashes
Checking queue
   -> Found 48 crash reports. Testing reproducibility...
Checking hangs
   -> Converting counterexamples for 'push'...
   -> Updating CHC file with new counterexamples...

=============== Artifacts This Iteration ===============

--- Generated Specs ---
  push: (((((((bcount1 - color) - bcount1) > 0) && (((color - bcount) + bcount1) <= 0)) || (((color - bcount) + bcount1) > 0)) && (((color - bcount) + bcount1) <= 1) && (color <= 1)) || (color > 1))
  inv: (((inserted_blue - bcount) <= 0) && ((inserted_blue - bcount) > (-1)))

--- New Test Cases Found ---

--- Updated CHCs (for next iteration) ---
(declare-rel inv (Int Int Int))
(declare-rel push (Int Int Int))
(declare-rel fail ())
(declare-var color Int)
(declare-var color1 Int)
(declare-var inserted_blue Int)
(declare-var inserted_blue1 Int)
(declare-var bcount Int)
(declare-var bcount1 Int)


(rule (=> (and (= color 1) (= bcount 0) (= bcount1 0)) (push color bcount bcount1)))
(rule (=> (and (= color 74) (= bcount 0) (= bcount1 0)) (push color bcount bcount1)))
(rule (=> (and (= color -1) (= bcount 0) (= bcount1 0)) (push color bcount bcount1)))
(rule (=> (and (= color 0) (= bcount 0) (= bcount1 1)) (push color bcount bcount1)))
(rule (=> (and (= color 0) (= bcount 1) (= bcount1 2)) (push color bcount bcount1)))
(rule (=> (and (= color 123) (= bcount 0) (= bcount1 0)) (push color bcount bcount1)))
(rule (=> (and (= inserted_blue1 0) (= bcount1 0)) (inv inserted_blue1 bcount1 color)))
(rule (=> (and (inv inserted_blue bcount color) (and (= color 0) (= inserted_blue 0)) (push color bcount bcount1) (= inserted_blue1 1)) (inv inserted_blue1 bcount1 color1)))
(rule (=> (and (inv inserted_blue bcount color) (not (and (= color 0) (= inserted_blue 0))) (= color 1) (push color bcount bcount1)) (inv inserted_blue bcount1 color1)))
(rule (=> (and (inv inserted_blue bcount color) (not (and (= color 0) (= inserted_blue 0))) (not (= color 1))) (inv inserted_blue bcount color1)))
(rule (=> (and (inv inserted_blue bcount color) (not (=> (= inserted_blue 1) (= bcount 1)))) fail))

(query fail :print-certificate true)
==============================================================
   -> Checking if specs have changed...
      -> CHC files are identical. Pipeline has converged.
   -> 15-minute deep fuzzing converged. Pipeline complete.

==================== Finalizing Pipeline ====================

====================== Pipeline Finished =====================
Total External Iterations: 3
Total Unique Test Cases Found: 6
Total Internal Iterations: 28
  - Min: 4
  - Max: 12
  - Avg: 9.33
pipeline.run() took 0.0516 seconds.
Running command: /usr/bin/python3 chcverifynfuzz.py ClassicalHornICE BlueWhite
PID: 607023
========================================

