
========================================
         Starting Pipeline for: Calender (Mode: ClassicalHornICE)
========================================
Initializing pipeline for benchmark: 'Calender'
   -> Loading and validating attributes from: /Dualis/scripts/../benchmarks/Classical/Calender/Attributes.txt
      -> Validation successful. Attribute file is consistent.

==================== Iteration: 1 ====================
TIMEOUT : 20
   -> Parsing CHC file: /Dualis/scripts/../benchmarks/ClassicalHornICE_working_temp/Calender/Calender.smt2
   -> Starting HornICE with a 1000-second timeout...
      -> Logging HornICE output to iter_1.log
   -> HornICE completed successfully.
   -> Analyzing HornICE log file: iter_1.log
      -> Found 4 internal iterations.
   -> Writing new specs to harness: insert_fuzz.cpp...
      -> Successfully created working copy '/Dualis/scripts/../benchmarks/ClassicalHornICE_working_temp/Calender/insert_fuzz.cpp'.
   -> Starting AFL++(insert_fuzz) with a 20-second timeout...
   -> Building AFL-instrumented binary: /Dualis/scripts/../benchmarks/ClassicalHornICE_working_temp/Calender/insert_fuzz
   -> AFL++(insert_fuzz) finished its fuzzing session.
   -> Checking fuzzing outputs for counterexamples...
Checking crashes
   -> Found 5 crash reports. Testing reproducibility...
   -> CRASH REPRODUCED with id:000004,sig:06,src:000000,time:617,execs:82,op:havoc,rep:8
   -> CRASH REPRODUCED with id:000001,sig:06,src:000000,time:339,execs:31,op:havoc,rep:4
   -> CRASH REPRODUCED with id:000003,sig:06,src:000000,time:613,execs:39,op:havoc,rep:7
   -> CRASH REPRODUCED with id:000000,sig:06,src:000000,time:172,execs:29,op:havoc,rep:6
   -> CRASH REPRODUCED with id:000002,sig:06,src:000000,time:613,execs:33,op:havoc,rep:7
Checking queue
   -> Found 1 crash reports. Testing reproducibility...
Checking hangs
   -> Converting counterexamples for 'insert'...
      -> Found and validated 5 new rules.
   -> Updating CHC file with new counterexamples...

=============== Artifacts This Iteration ===============

--- Generated Specs ---
  inv: (len <= 0)
  insert: (false)

--- New Test Cases Found ---

--- Updated CHCs (for next iteration) ---
(declare-var len Int)
(declare-var len1 Int)
(declare-var maxDiff Int)
(declare-var maxDiff1 Int)
(declare-var ev1 Int)
(declare-var ev2 Int)
(declare-rel insert (Int Int Int Int Int Int))
(declare-rel inv (Int Int))
(declare-rel fail ())
(define-fun MIN () Int -129)

(rule (=> (and (= len 0) (= len1 1) (= ev1 214) (= ev2 220) (= maxDiff 0) (= maxDiff1 6)) (insert len len1 ev1 ev2 maxDiff maxDiff1)))
(rule (=> (and (= len 9) (= len1 10) (= ev1 1) (= ev2 1) (= maxDiff 5) (= maxDiff1 5)) (insert len len1 ev1 ev2 maxDiff maxDiff1)))
(rule (=> (and (= len 10) (= len1 11) (= ev1 85) (= ev2 85) (= maxDiff 31) (= maxDiff1 31)) (insert len len1 ev1 ev2 maxDiff maxDiff1)))
(rule (=> (and (= len 6) (= len1 7) (= ev1 1) (= ev2 238) (= maxDiff 82) (= maxDiff1 237)) (insert len len1 ev1 ev2 maxDiff maxDiff1)))
(rule (=> (and (= len 1) (= len1 2) (= ev1 0) (= ev2 249) (= maxDiff 0) (= maxDiff1 249)) (insert len len1 ev1 ev2 maxDiff maxDiff1)))

(rule (=> (and (= len 0) (= maxDiff MIN)) (inv len maxDiff)))
(rule (=> (and (inv len maxDiff) (and (>= ev1 0) (<= ev1 3) (>= ev2 0) (<= ev2 3) (< (abs (- ev1 ev2)) 2)) (insert len len1 ev1 ev2 maxDiff maxDiff1)) (inv len1 maxDiff1)))
(rule (=> (and (inv len maxDiff) (not (and (>= ev1 0) (<= ev1 3) (>= ev2 0) (<= ev2 3) (< (- ev1 ev2) 2)))) (inv len maxDiff)))
(rule (=> (and (inv len maxDiff) (not (=> (> len 0) (< maxDiff 2)))) fail))

(query fail :print-certificate true)
==============================================================
   -> Checking if specs have changed...
      -> CHC files are different. Continuing iteration.

==================== Iteration: 2 ====================
TIMEOUT : 40
   -> Parsing CHC file: /Dualis/scripts/../benchmarks/ClassicalHornICE_working_temp/Calender/Calender.smt2
   -> Starting HornICE with a 1000-second timeout...
      -> Logging HornICE output to iter_2.log
   -> HornICE completed successfully.
   -> Analyzing HornICE log file: iter_2.log
      -> Found 27 internal iterations.
   -> Writing new specs to harness: insert_fuzz.cpp...
      -> Successfully created working copy '/Dualis/scripts/../benchmarks/ClassicalHornICE_working_temp/Calender/insert_fuzz.cpp'.
   -> Starting AFL++(insert_fuzz) with a 40-second timeout...
   -> Building AFL-instrumented binary: /Dualis/scripts/../benchmarks/ClassicalHornICE_working_temp/Calender/insert_fuzz
   -> AFL++(insert_fuzz) finished its fuzzing session.
   -> Checking fuzzing outputs for counterexamples...
Checking crashes
   -> Found 5 crash reports. Testing reproducibility...
   -> CRASH REPRODUCED with id:000003,sig:06,src:000000,time:278,execs:204,op:havoc,rep:3
   -> CRASH REPRODUCED with id:000002,sig:06,src:000000,time:276,execs:164,op:havoc,rep:4
   -> CRASH REPRODUCED with id:000000,sig:06,src:000000,time:274,execs:120,op:havoc,rep:4
   -> CRASH REPRODUCED with id:000004,sig:06,src:000000,time:288,execs:575,op:havoc,rep:4
   -> CRASH REPRODUCED with id:000001,sig:06,src:000000,time:276,execs:163,op:havoc,rep:4
Checking queue
   -> Found 27 crash reports. Testing reproducibility...
Checking hangs
   -> Converting counterexamples for 'insert'...
      -> Found and validated 5 new rules.
   -> Updating CHC file with new counterexamples...

=============== Artifacts This Iteration ===============

--- Generated Specs ---
  insert: (((maxDiff > (-1)) && ((ev1 - ev2) <= (-1))) || (((maxDiff - maxDiff1) > (-1)) && ((ev1 - ev2) > (-1))))
  inv: (maxDiff <= (-1))

--- New Test Cases Found ---

--- Updated CHCs (for next iteration) ---
(declare-var len Int)
(declare-var len1 Int)
(declare-var maxDiff Int)
(declare-var maxDiff1 Int)
(declare-var ev1 Int)
(declare-var ev2 Int)
(declare-rel insert (Int Int Int Int Int Int))
(declare-rel inv (Int Int))
(declare-rel fail ())
(define-fun MIN () Int -129)

(rule (=> (and (= len 0) (= len1 1) (= ev1 255) (= ev2 0) (= maxDiff 0) (= maxDiff1 255)) (insert len len1 ev1 ev2 maxDiff maxDiff1)))
(rule (=> (and (= len 1) (= len1 2) (= ev1 255) (= ev2 242) (= maxDiff 0) (= maxDiff1 13)) (insert len len1 ev1 ev2 maxDiff maxDiff1)))
(rule (=> (and (= len 6) (= len1 7) (= ev1 223) (= ev2 0) (= maxDiff 0) (= maxDiff1 223)) (insert len len1 ev1 ev2 maxDiff maxDiff1)))
(rule (=> (and (= len 2) (= len1 3) (= ev1 255) (= ev2 1) (= maxDiff 34) (= maxDiff1 254)) (insert len len1 ev1 ev2 maxDiff maxDiff1)))
(rule (=> (and (= len 3) (= len1 4) (= ev1 255) (= ev2 16) (= maxDiff 0) (= maxDiff1 239)) (insert len len1 ev1 ev2 maxDiff maxDiff1)))

(rule (=> (and (= len 0) (= len1 1) (= ev1 214) (= ev2 220) (= maxDiff 0) (= maxDiff1 6)) (insert len len1 ev1 ev2 maxDiff maxDiff1)))
(rule (=> (and (= len 9) (= len1 10) (= ev1 1) (= ev2 1) (= maxDiff 5) (= maxDiff1 5)) (insert len len1 ev1 ev2 maxDiff maxDiff1)))
(rule (=> (and (= len 10) (= len1 11) (= ev1 85) (= ev2 85) (= maxDiff 31) (= maxDiff1 31)) (insert len len1 ev1 ev2 maxDiff maxDiff1)))
(rule (=> (and (= len 6) (= len1 7) (= ev1 1) (= ev2 238) (= maxDiff 82) (= maxDiff1 237)) (insert len len1 ev1 ev2 maxDiff maxDiff1)))
(rule (=> (and (= len 1) (= len1 2) (= ev1 0) (= ev2 249) (= maxDiff 0) (= maxDiff1 249)) (insert len len1 ev1 ev2 maxDiff maxDiff1)))
(rule (=> (and (= len 0) (= maxDiff MIN)) (inv len maxDiff)))
(rule (=> (and (inv len maxDiff) (and (>= ev1 0) (<= ev1 3) (>= ev2 0) (<= ev2 3) (< (abs (- ev1 ev2)) 2)) (insert len len1 ev1 ev2 maxDiff maxDiff1)) (inv len1 maxDiff1)))
(rule (=> (and (inv len maxDiff) (not (and (>= ev1 0) (<= ev1 3) (>= ev2 0) (<= ev2 3) (< (- ev1 ev2) 2)))) (inv len maxDiff)))
(rule (=> (and (inv len maxDiff) (not (=> (> len 0) (< maxDiff 2)))) fail))

(query fail :print-certificate true)
==============================================================
   -> Checking if specs have changed...
      -> CHC files are different. Continuing iteration.

==================== Iteration: 3 ====================
TIMEOUT : 60
   -> Parsing CHC file: /Dualis/scripts/../benchmarks/ClassicalHornICE_working_temp/Calender/Calender.smt2
   -> Starting HornICE with a 1000-second timeout...
      -> Logging HornICE output to iter_3.log
   -> HornICE completed successfully.
   -> Analyzing HornICE log file: iter_3.log
      -> Found 44 internal iterations.
   -> Writing new specs to harness: insert_fuzz.cpp...
      -> Successfully created working copy '/Dualis/scripts/../benchmarks/ClassicalHornICE_working_temp/Calender/insert_fuzz.cpp'.
   -> Starting AFL++(insert_fuzz) with a 60-second timeout...
   -> Building AFL-instrumented binary: /Dualis/scripts/../benchmarks/ClassicalHornICE_working_temp/Calender/insert_fuzz
   -> AFL++(insert_fuzz) finished its fuzzing session.
   -> Checking fuzzing outputs for counterexamples...
Checking crashes
Checking queue
   -> Found 42 crash reports. Testing reproducibility...
Checking hangs
   -> Converting counterexamples for 'insert'...
   -> Updating CHC file with new counterexamples...

=============== Artifacts This Iteration ===============

--- Generated Specs ---
  insert: ((((ev2 - ev1) + maxDiff1) <= 0) || (((((ev1 - ev2) + maxDiff1) <= 0) || (((maxDiff - maxDiff1) > (-1)) && (((ev1 - ev2) + maxDiff1) > 0))) && (((ev2 - ev1) + maxDiff1) > 0)))
  inv: (maxDiff <= 1)

--- New Test Cases Found ---

--- Updated CHCs (for next iteration) ---
(declare-var len Int)
(declare-var len1 Int)
(declare-var maxDiff Int)
(declare-var maxDiff1 Int)
(declare-var ev1 Int)
(declare-var ev2 Int)
(declare-rel insert (Int Int Int Int Int Int))
(declare-rel inv (Int Int))
(declare-rel fail ())
(define-fun MIN () Int -129)


(rule (=> (and (= len 0) (= len1 1) (= ev1 255) (= ev2 0) (= maxDiff 0) (= maxDiff1 255)) (insert len len1 ev1 ev2 maxDiff maxDiff1)))
(rule (=> (and (= len 1) (= len1 2) (= ev1 255) (= ev2 242) (= maxDiff 0) (= maxDiff1 13)) (insert len len1 ev1 ev2 maxDiff maxDiff1)))
(rule (=> (and (= len 6) (= len1 7) (= ev1 223) (= ev2 0) (= maxDiff 0) (= maxDiff1 223)) (insert len len1 ev1 ev2 maxDiff maxDiff1)))
(rule (=> (and (= len 2) (= len1 3) (= ev1 255) (= ev2 1) (= maxDiff 34) (= maxDiff1 254)) (insert len len1 ev1 ev2 maxDiff maxDiff1)))
(rule (=> (and (= len 3) (= len1 4) (= ev1 255) (= ev2 16) (= maxDiff 0) (= maxDiff1 239)) (insert len len1 ev1 ev2 maxDiff maxDiff1)))
(rule (=> (and (= len 0) (= len1 1) (= ev1 214) (= ev2 220) (= maxDiff 0) (= maxDiff1 6)) (insert len len1 ev1 ev2 maxDiff maxDiff1)))
(rule (=> (and (= len 9) (= len1 10) (= ev1 1) (= ev2 1) (= maxDiff 5) (= maxDiff1 5)) (insert len len1 ev1 ev2 maxDiff maxDiff1)))
(rule (=> (and (= len 10) (= len1 11) (= ev1 85) (= ev2 85) (= maxDiff 31) (= maxDiff1 31)) (insert len len1 ev1 ev2 maxDiff maxDiff1)))
(rule (=> (and (= len 6) (= len1 7) (= ev1 1) (= ev2 238) (= maxDiff 82) (= maxDiff1 237)) (insert len len1 ev1 ev2 maxDiff maxDiff1)))
(rule (=> (and (= len 1) (= len1 2) (= ev1 0) (= ev2 249) (= maxDiff 0) (= maxDiff1 249)) (insert len len1 ev1 ev2 maxDiff maxDiff1)))
(rule (=> (and (= len 0) (= maxDiff MIN)) (inv len maxDiff)))
(rule (=> (and (inv len maxDiff) (and (>= ev1 0) (<= ev1 3) (>= ev2 0) (<= ev2 3) (< (abs (- ev1 ev2)) 2)) (insert len len1 ev1 ev2 maxDiff maxDiff1)) (inv len1 maxDiff1)))
(rule (=> (and (inv len maxDiff) (not (and (>= ev1 0) (<= ev1 3) (>= ev2 0) (<= ev2 3) (< (- ev1 ev2) 2)))) (inv len maxDiff)))
(rule (=> (and (inv len maxDiff) (not (=> (> len 0) (< maxDiff 2)))) fail))

(query fail :print-certificate true)
==============================================================
   -> Checking if specs have changed...
      -> CHC files are different. Continuing iteration.

==================== Iteration: 4 ====================
TIMEOUT : 80
   -> Parsing CHC file: /Dualis/scripts/../benchmarks/ClassicalHornICE_working_temp/Calender/Calender.smt2
   -> Starting HornICE with a 1000-second timeout...
      -> Logging HornICE output to iter_4.log
   -> HornICE completed successfully.
   -> Analyzing HornICE log file: iter_4.log
      -> Found 44 internal iterations.
   -> Writing new specs to harness: insert_fuzz.cpp...
      -> Successfully created working copy '/Dualis/scripts/../benchmarks/ClassicalHornICE_working_temp/Calender/insert_fuzz.cpp'.
   -> Starting AFL++(insert_fuzz) with a 80-second timeout...
   -> Building AFL-instrumented binary: /Dualis/scripts/../benchmarks/ClassicalHornICE_working_temp/Calender/insert_fuzz
   -> AFL++(insert_fuzz) finished its fuzzing session.
   -> Checking fuzzing outputs for counterexamples...
Checking crashes
Checking queue
   -> Found 41 crash reports. Testing reproducibility...
Checking hangs
   -> Converting counterexamples for 'insert'...
   -> Updating CHC file with new counterexamples...

=============== Artifacts This Iteration ===============

--- Generated Specs ---
  insert: ((((ev2 - ev1) + maxDiff1) <= 0) || (((((ev1 - ev2) + maxDiff1) <= 0) || (((maxDiff - maxDiff1) > (-1)) && (((ev1 - ev2) + maxDiff1) > 0))) && (((ev2 - ev1) + maxDiff1) > 0)))
  inv: (maxDiff <= 1)

--- New Test Cases Found ---

--- Updated CHCs (for next iteration) ---
(declare-var len Int)
(declare-var len1 Int)
(declare-var maxDiff Int)
(declare-var maxDiff1 Int)
(declare-var ev1 Int)
(declare-var ev2 Int)
(declare-rel insert (Int Int Int Int Int Int))
(declare-rel inv (Int Int))
(declare-rel fail ())
(define-fun MIN () Int -129)


(rule (=> (and (= len 0) (= len1 1) (= ev1 255) (= ev2 0) (= maxDiff 0) (= maxDiff1 255)) (insert len len1 ev1 ev2 maxDiff maxDiff1)))
(rule (=> (and (= len 1) (= len1 2) (= ev1 255) (= ev2 242) (= maxDiff 0) (= maxDiff1 13)) (insert len len1 ev1 ev2 maxDiff maxDiff1)))
(rule (=> (and (= len 6) (= len1 7) (= ev1 223) (= ev2 0) (= maxDiff 0) (= maxDiff1 223)) (insert len len1 ev1 ev2 maxDiff maxDiff1)))
(rule (=> (and (= len 2) (= len1 3) (= ev1 255) (= ev2 1) (= maxDiff 34) (= maxDiff1 254)) (insert len len1 ev1 ev2 maxDiff maxDiff1)))
(rule (=> (and (= len 3) (= len1 4) (= ev1 255) (= ev2 16) (= maxDiff 0) (= maxDiff1 239)) (insert len len1 ev1 ev2 maxDiff maxDiff1)))
(rule (=> (and (= len 0) (= len1 1) (= ev1 214) (= ev2 220) (= maxDiff 0) (= maxDiff1 6)) (insert len len1 ev1 ev2 maxDiff maxDiff1)))
(rule (=> (and (= len 9) (= len1 10) (= ev1 1) (= ev2 1) (= maxDiff 5) (= maxDiff1 5)) (insert len len1 ev1 ev2 maxDiff maxDiff1)))
(rule (=> (and (= len 10) (= len1 11) (= ev1 85) (= ev2 85) (= maxDiff 31) (= maxDiff1 31)) (insert len len1 ev1 ev2 maxDiff maxDiff1)))
(rule (=> (and (= len 6) (= len1 7) (= ev1 1) (= ev2 238) (= maxDiff 82) (= maxDiff1 237)) (insert len len1 ev1 ev2 maxDiff maxDiff1)))
(rule (=> (and (= len 1) (= len1 2) (= ev1 0) (= ev2 249) (= maxDiff 0) (= maxDiff1 249)) (insert len len1 ev1 ev2 maxDiff maxDiff1)))
(rule (=> (and (= len 0) (= maxDiff MIN)) (inv len maxDiff)))
(rule (=> (and (inv len maxDiff) (and (>= ev1 0) (<= ev1 3) (>= ev2 0) (<= ev2 3) (< (abs (- ev1 ev2)) 2)) (insert len len1 ev1 ev2 maxDiff maxDiff1)) (inv len1 maxDiff1)))
(rule (=> (and (inv len maxDiff) (not (and (>= ev1 0) (<= ev1 3) (>= ev2 0) (<= ev2 3) (< (- ev1 ev2) 2)))) (inv len maxDiff)))
(rule (=> (and (inv len maxDiff) (not (=> (> len 0) (< maxDiff 2)))) fail))

(query fail :print-certificate true)
==============================================================
   -> Checking if specs have changed...
      -> CHC files are identical. Pipeline has converged.
   -> 15-minute deep fuzzing converged. Pipeline complete.

==================== Finalizing Pipeline ====================

====================== Pipeline Finished =====================
Total External Iterations: 4
Total Unique Test Cases Found: 10
Total Internal Iterations: 119
  - Min: 4
  - Max: 44
  - Avg: 29.75
pipeline.run() took 0.5439 seconds.
Running command: /usr/bin/python3 chcverifynfuzz.py ClassicalHornICE Calender
PID: 607024
========================================

