
========================================
         Starting Pipeline for: DLL_Circular (Mode: ClassicalHornICE)
========================================
Initializing pipeline for benchmark: 'DLL_Circular'
   -> Loading and validating attributes from: /Dualis/scripts/../benchmarks/Classical/DLL_Circular/Attributes.txt
      -> Validation successful. Attribute file is consistent.

==================== Iteration: 1 ====================
TIMEOUT : 20
   -> Parsing CHC file: /Dualis/scripts/../benchmarks/ClassicalHornICE_working_temp/DLL_Circular/DLL_Circular.smt2
   -> Starting HornICE with a 1000-second timeout...
      -> Logging HornICE output to iter_1.log
   -> HornICE completed successfully.
   -> Analyzing HornICE log file: iter_1.log
      -> Found 6 internal iterations.
   -> Writing new specs to harness: push_fuzz.cpp...
      -> Successfully created working copy '/Dualis/scripts/../benchmarks/ClassicalHornICE_working_temp/DLL_Circular/push_fuzz.cpp'.
   -> Starting AFL++(push_fuzz) with a 20-second timeout...
   -> Building AFL-instrumented binary: /Dualis/scripts/../benchmarks/ClassicalHornICE_working_temp/DLL_Circular/push_fuzz
   -> AFL++(push_fuzz) finished its fuzzing session.
   -> Checking fuzzing outputs for counterexamples...
Checking crashes
   -> Found 6 crash reports. Testing reproducibility...
   -> CRASH REPRODUCED with id:000000,sig:06,src:000000,time:183,execs:28,op:havoc,rep:2
   -> CRASH REPRODUCED with id:000001,sig:06,src:000000,time:627,execs:50,op:havoc,rep:1
   -> CRASH REPRODUCED with id:000003,sig:06,src:000000,time:957,execs:73,op:havoc,rep:2
   -> CRASH REPRODUCED with id:000002,sig:06,src:000000,time:801,execs:64,op:havoc,rep:1
   -> CRASH REPRODUCED with id:000004,sig:06,src:000000,time:1094,execs:75,op:havoc,rep:2
   -> CRASH REPRODUCED with id:000005,sig:06,src:000000,time:2345,execs:124,op:havoc,rep:16
Checking queue
   -> Found 1 crash reports. Testing reproducibility...
Checking hangs
   -> Converting counterexamples for 'push'...
      -> Found and validated 5 new rules.
   -> Updating CHC file with new counterexamples...

=============== Artifacts This Iteration ===============

--- Generated Specs ---
  inv: ((max <= 0) && ((val - max) <= 0) && (val > (-1)))
  push: (false)

--- New Test Cases Found ---

--- Updated CHCs (for next iteration) ---
(declare-var val Int)
(declare-var val1 Int)
(declare-var max Int)
(declare-var max1 Int)
(declare-rel push (Int Int Int))
(declare-rel inv (Int Int))
(declare-rel fail ())

(rule (=> (and (= val 1) (= max 2) (= max1 2)) (push val max max1)))
(rule (=> (and (= val 1) (= max 1) (= max1 1)) (push val max max1)))
(rule (=> (and (= val 1) (= max -1) (= max1 1)) (push val max max1)))
(rule (=> (and (= val 1) (= max -108) (= max1 1)) (push val max max1)))
(rule (=> (and (= val 3) (= max -129) (= max1 3)) (push val max max1)))

(rule (=> (and (= val 0) (= max 0)) (inv val max)))
(rule (=> (and (inv val max) (< val 3) (= val1 (+ val 1)) (push val1 max max1)) (inv val1 max1)))
(rule (=> (and (inv val max) (>= val 3) (push val max max1)) (inv val max1)))
(rule (=> (and (inv val max) (push val max max1)) (inv val max1)))
(rule (=> (and (inv val max) (not (and (>= max 0) (<= max 3)))) fail))

(query fail :print-certificate true)
==============================================================
   -> Checking if specs have changed...
      -> CHC files are different. Continuing iteration.

==================== Iteration: 2 ====================
TIMEOUT : 40
   -> Parsing CHC file: /Dualis/scripts/../benchmarks/ClassicalHornICE_working_temp/DLL_Circular/DLL_Circular.smt2
   -> Starting HornICE with a 1000-second timeout...
      -> Logging HornICE output to iter_2.log
   -> HornICE completed successfully.
   -> Analyzing HornICE log file: iter_2.log
      -> Found 10 internal iterations.
   -> Writing new specs to harness: push_fuzz.cpp...
      -> Successfully created working copy '/Dualis/scripts/../benchmarks/ClassicalHornICE_working_temp/DLL_Circular/push_fuzz.cpp'.
   -> Starting AFL++(push_fuzz) with a 40-second timeout...
   -> Building AFL-instrumented binary: /Dualis/scripts/../benchmarks/ClassicalHornICE_working_temp/DLL_Circular/push_fuzz
   -> AFL++(push_fuzz) finished its fuzzing session.
   -> Checking fuzzing outputs for counterexamples...
Checking crashes
   -> Found 3 crash reports. Testing reproducibility...
   -> CRASH REPRODUCED with id:000000,sig:06,src:000000,time:175,execs:20,op:havoc,rep:7
   -> CRASH REPRODUCED with id:000002,sig:06,src:000000,time:735,execs:35,op:havoc,rep:5
   -> CRASH REPRODUCED with id:000001,sig:06,src:000000,time:335,execs:22,op:havoc,rep:5
Checking queue
   -> Found 20 crash reports. Testing reproducibility...
Checking hangs
   -> Converting counterexamples for 'push'...
      -> Found and validated 3 new rules.
   -> Updating CHC file with new counterexamples...

=============== Artifacts This Iteration ===============

--- Generated Specs ---
  push: ((((val + max) <= 0) || ((max > 0) && ((val + max) > 0))) && (val > 0))
  inv: (((val - max) <= 0) && (max <= 0) && (val > (-1)) && (val <= 0))

--- New Test Cases Found ---

--- Updated CHCs (for next iteration) ---
(declare-var val Int)
(declare-var val1 Int)
(declare-var max Int)
(declare-var max1 Int)
(declare-rel push (Int Int Int))
(declare-rel inv (Int Int))
(declare-rel fail ())

(rule (=> (and (= val -7) (= max -129) (= max1 -7)) (push val max max1)))
(rule (=> (and (= val -1) (= max -1) (= max1 -1)) (push val max max1)))
(rule (=> (and (= val -1) (= max 1) (= max1 1)) (push val max max1)))

(rule (=> (and (= val 1) (= max 2) (= max1 2)) (push val max max1)))
(rule (=> (and (= val 1) (= max 1) (= max1 1)) (push val max max1)))
(rule (=> (and (= val 1) (= max -1) (= max1 1)) (push val max max1)))
(rule (=> (and (= val 1) (= max -108) (= max1 1)) (push val max max1)))
(rule (=> (and (= val 3) (= max -129) (= max1 3)) (push val max max1)))
(rule (=> (and (= val 0) (= max 0)) (inv val max)))
(rule (=> (and (inv val max) (< val 3) (= val1 (+ val 1)) (push val1 max max1)) (inv val1 max1)))
(rule (=> (and (inv val max) (>= val 3) (push val max max1)) (inv val max1)))
(rule (=> (and (inv val max) (push val max max1)) (inv val max1)))
(rule (=> (and (inv val max) (not (and (>= max 0) (<= max 3)))) fail))

(query fail :print-certificate true)
==============================================================
   -> Checking if specs have changed...
      -> CHC files are different. Continuing iteration.

==================== Iteration: 3 ====================
TIMEOUT : 60
   -> Parsing CHC file: /Dualis/scripts/../benchmarks/ClassicalHornICE_working_temp/DLL_Circular/DLL_Circular.smt2
   -> Starting HornICE with a 1000-second timeout...
      -> Logging HornICE output to iter_3.log
   -> HornICE completed successfully.
   -> Analyzing HornICE log file: iter_3.log
      -> Found 10 internal iterations.
   -> Writing new specs to harness: push_fuzz.cpp...
      -> Successfully created working copy '/Dualis/scripts/../benchmarks/ClassicalHornICE_working_temp/DLL_Circular/push_fuzz.cpp'.
   -> Starting AFL++(push_fuzz) with a 60-second timeout...
   -> Building AFL-instrumented binary: /Dualis/scripts/../benchmarks/ClassicalHornICE_working_temp/DLL_Circular/push_fuzz
   -> AFL++(push_fuzz) finished its fuzzing session.
   -> Checking fuzzing outputs for counterexamples...
Checking crashes
   -> Found 5 crash reports. Testing reproducibility...
   -> CRASH REPRODUCED with id:000002,sig:06,src:000000,time:576,execs:542,op:havoc,rep:2
   -> CRASH REPRODUCED with id:000000,sig:06,src:000000,time:222,execs:257,op:havoc,rep:2
   -> CRASH REPRODUCED with id:000001,sig:06,src:000000,time:404,execs:448,op:havoc,rep:2
   -> CRASH REPRODUCED with id:000004,sig:06,src:000000,time:1540,execs:1836,op:havoc,rep:2
   -> CRASH REPRODUCED with id:000003,sig:06,src:000000,time:1123,execs:1335,op:havoc,rep:2
Checking queue
   -> Found 28 crash reports. Testing reproducibility...
Checking hangs
   -> Converting counterexamples for 'push'...
      -> Found and validated 2 new rules.
   -> Updating CHC file with new counterexamples...

=============== Artifacts This Iteration ===============

--- Generated Specs ---
  push: (((max <= (-1)) || ((max > 0) && (max > (-1)))) && ((val - max1) <= 0))
  inv: (((val - max) <= 0) && (val > (-1)) && ((val + max) <= 0))

--- New Test Cases Found ---

--- Updated CHCs (for next iteration) ---
(declare-var val Int)
(declare-var val1 Int)
(declare-var max Int)
(declare-var max1 Int)
(declare-rel push (Int Int Int))
(declare-rel inv (Int Int))
(declare-rel fail ())

(rule (=> (and (= val 1) (= max 0) (= max1 1)) (push val max max1)))
(rule (=> (and (= val -24) (= max 0) (= max1 0)) (push val max max1)))

(rule (=> (and (= val -7) (= max -129) (= max1 -7)) (push val max max1)))
(rule (=> (and (= val -1) (= max -1) (= max1 -1)) (push val max max1)))
(rule (=> (and (= val -1) (= max 1) (= max1 1)) (push val max max1)))
(rule (=> (and (= val 1) (= max 2) (= max1 2)) (push val max max1)))
(rule (=> (and (= val 1) (= max 1) (= max1 1)) (push val max max1)))
(rule (=> (and (= val 1) (= max -1) (= max1 1)) (push val max max1)))
(rule (=> (and (= val 1) (= max -108) (= max1 1)) (push val max max1)))
(rule (=> (and (= val 3) (= max -129) (= max1 3)) (push val max max1)))
(rule (=> (and (= val 0) (= max 0)) (inv val max)))
(rule (=> (and (inv val max) (< val 3) (= val1 (+ val 1)) (push val1 max max1)) (inv val1 max1)))
(rule (=> (and (inv val max) (>= val 3) (push val max max1)) (inv val max1)))
(rule (=> (and (inv val max) (push val max max1)) (inv val max1)))
(rule (=> (and (inv val max) (not (and (>= max 0) (<= max 3)))) fail))

(query fail :print-certificate true)
==============================================================
   -> Checking if specs have changed...
      -> CHC files are different. Continuing iteration.

==================== Iteration: 4 ====================
TIMEOUT : 80
   -> Parsing CHC file: /Dualis/scripts/../benchmarks/ClassicalHornICE_working_temp/DLL_Circular/DLL_Circular.smt2
   -> Starting HornICE with a 1000-second timeout...
      -> Logging HornICE output to iter_4.log
   -> HornICE completed successfully.
   -> Analyzing HornICE log file: iter_4.log
      -> Found 11 internal iterations.
   -> Writing new specs to harness: push_fuzz.cpp...
      -> Successfully created working copy '/Dualis/scripts/../benchmarks/ClassicalHornICE_working_temp/DLL_Circular/push_fuzz.cpp'.
   -> Starting AFL++(push_fuzz) with a 80-second timeout...
   -> Building AFL-instrumented binary: /Dualis/scripts/../benchmarks/ClassicalHornICE_working_temp/DLL_Circular/push_fuzz
   -> AFL++(push_fuzz) finished its fuzzing session.
   -> Checking fuzzing outputs for counterexamples...
Checking crashes
   -> Found 5 crash reports. Testing reproducibility...
   -> CRASH REPRODUCED with id:000002,sig:06,src:000000,time:570,execs:251,op:havoc,rep:13
   -> CRASH REPRODUCED with id:000000,sig:06,src:000000,time:199,execs:211,op:havoc,rep:10
   -> CRASH REPRODUCED with id:000004,sig:06,src:000000,time:2289,execs:548,op:havoc,rep:9
   -> CRASH REPRODUCED with id:000001,sig:06,src:000000,time:381,execs:213,op:havoc,rep:3
   -> CRASH REPRODUCED with id:000003,sig:06,src:000000,time:1679,execs:417,op:havoc,rep:10
Checking queue
   -> Found 26 crash reports. Testing reproducibility...
Checking hangs
   -> Converting counterexamples for 'push'...
      -> Found and validated 5 new rules.
   -> Updating CHC file with new counterexamples...

=============== Artifacts This Iteration ===============

--- Generated Specs ---
  push: (((max1 <= 1) || ((((max + max1) <= 0) || ((max > 1) && ((max + max1) > 0))) && (max1 > 1))) && ((val - max1) <= 0))
  inv: ((val > (-1)) && (max <= 1) && (max > (-1)) && (val <= 1))

--- New Test Cases Found ---

--- Updated CHCs (for next iteration) ---
(declare-var val Int)
(declare-var val1 Int)
(declare-var max Int)
(declare-var max1 Int)
(declare-rel push (Int Int Int))
(declare-rel inv (Int Int))
(declare-rel fail ())

(rule (=> (and (= val 64) (= max 0) (= max1 64)) (push val max max1)))
(rule (=> (and (= val 16) (= max 0) (= max1 16)) (push val max max1)))
(rule (=> (and (= val 9) (= max 1) (= max1 9)) (push val max max1)))
(rule (=> (and (= val 64) (= max -1) (= max1 64)) (push val max max1)))
(rule (=> (and (= val 61) (= max -22) (= max1 61)) (push val max max1)))

(rule (=> (and (= val 1) (= max 0) (= max1 1)) (push val max max1)))
(rule (=> (and (= val -24) (= max 0) (= max1 0)) (push val max max1)))
(rule (=> (and (= val -7) (= max -129) (= max1 -7)) (push val max max1)))
(rule (=> (and (= val -1) (= max -1) (= max1 -1)) (push val max max1)))
(rule (=> (and (= val -1) (= max 1) (= max1 1)) (push val max max1)))
(rule (=> (and (= val 1) (= max 2) (= max1 2)) (push val max max1)))
(rule (=> (and (= val 1) (= max 1) (= max1 1)) (push val max max1)))
(rule (=> (and (= val 1) (= max -1) (= max1 1)) (push val max max1)))
(rule (=> (and (= val 1) (= max -108) (= max1 1)) (push val max max1)))
(rule (=> (and (= val 3) (= max -129) (= max1 3)) (push val max max1)))
(rule (=> (and (= val 0) (= max 0)) (inv val max)))
(rule (=> (and (inv val max) (< val 3) (= val1 (+ val 1)) (push val1 max max1)) (inv val1 max1)))
(rule (=> (and (inv val max) (>= val 3) (push val max max1)) (inv val max1)))
(rule (=> (and (inv val max) (push val max max1)) (inv val max1)))
(rule (=> (and (inv val max) (not (and (>= max 0) (<= max 3)))) fail))

(query fail :print-certificate true)
==============================================================
   -> Checking if specs have changed...
      -> CHC files are different. Continuing iteration.

==================== Iteration: 5 ====================
TIMEOUT : 100
   -> Parsing CHC file: /Dualis/scripts/../benchmarks/ClassicalHornICE_working_temp/DLL_Circular/DLL_Circular.smt2
   -> Starting HornICE with a 1000-second timeout...
      -> Logging HornICE output to iter_5.log
   -> HornICE completed successfully.
   -> Analyzing HornICE log file: iter_5.log
      -> Found 12 internal iterations.
   -> Writing new specs to harness: push_fuzz.cpp...
      -> Successfully created working copy '/Dualis/scripts/../benchmarks/ClassicalHornICE_working_temp/DLL_Circular/push_fuzz.cpp'.
   -> Starting AFL++(push_fuzz) with a 100-second timeout...
   -> Building AFL-instrumented binary: /Dualis/scripts/../benchmarks/ClassicalHornICE_working_temp/DLL_Circular/push_fuzz
   -> AFL++(push_fuzz) finished its fuzzing session.
   -> Checking fuzzing outputs for counterexamples...
Checking crashes
   -> Found 4 crash reports. Testing reproducibility...
   -> CRASH REPRODUCED with id:000001,sig:06,src:000000,time:523,execs:3193,op:havoc,rep:2
   -> CRASH REPRODUCED with id:000002,sig:06,src:000000,time:935,execs:4067,op:havoc,rep:2
   -> CRASH REPRODUCED with id:000000,sig:06,src:000000,time:306,execs:2460,op:havoc,rep:2
   -> CRASH REPRODUCED with id:000003,sig:06,src:000000,time:1108,execs:4638,op:havoc,rep:2
Checking queue
   -> Found 31 crash reports. Testing reproducibility...
Checking hangs
   -> Converting counterexamples for 'push'...
      -> Found and validated 2 new rules.
   -> Updating CHC file with new counterexamples...

=============== Artifacts This Iteration ===============

--- Generated Specs ---
  push: (((((max - val) + max1) <= 0) || (((((val - max) > 1) && ((max - max1) <= (-1))) || ((max - max1) > (-1))) && (((max - val) + max1) > 0))) && ((val - max1) <= 0))
  inv: (((((val - max) <= 0) && (max <= 0) && (val <= 0)) || ((max > 0) && ((val + max) > 0) && (max <= 1) && (val <= 1) && (val > 0))) && (val > (-1)))

--- New Test Cases Found ---

--- Updated CHCs (for next iteration) ---
(declare-var val Int)
(declare-var val1 Int)
(declare-var max Int)
(declare-var max1 Int)
(declare-rel push (Int Int Int))
(declare-rel inv (Int Int))
(declare-rel fail ())

(rule (=> (and (= val 2) (= max 1) (= max1 2)) (push val max max1)))
(rule (=> (and (= val 70) (= max 69) (= max1 70)) (push val max max1)))

(rule (=> (and (= val 64) (= max 0) (= max1 64)) (push val max max1)))
(rule (=> (and (= val 16) (= max 0) (= max1 16)) (push val max max1)))
(rule (=> (and (= val 9) (= max 1) (= max1 9)) (push val max max1)))
(rule (=> (and (= val 64) (= max -1) (= max1 64)) (push val max max1)))
(rule (=> (and (= val 61) (= max -22) (= max1 61)) (push val max max1)))
(rule (=> (and (= val 1) (= max 0) (= max1 1)) (push val max max1)))
(rule (=> (and (= val -24) (= max 0) (= max1 0)) (push val max max1)))
(rule (=> (and (= val -7) (= max -129) (= max1 -7)) (push val max max1)))
(rule (=> (and (= val -1) (= max -1) (= max1 -1)) (push val max max1)))
(rule (=> (and (= val -1) (= max 1) (= max1 1)) (push val max max1)))
(rule (=> (and (= val 1) (= max 2) (= max1 2)) (push val max max1)))
(rule (=> (and (= val 1) (= max 1) (= max1 1)) (push val max max1)))
(rule (=> (and (= val 1) (= max -1) (= max1 1)) (push val max max1)))
(rule (=> (and (= val 1) (= max -108) (= max1 1)) (push val max max1)))
(rule (=> (and (= val 3) (= max -129) (= max1 3)) (push val max max1)))
(rule (=> (and (= val 0) (= max 0)) (inv val max)))
(rule (=> (and (inv val max) (< val 3) (= val1 (+ val 1)) (push val1 max max1)) (inv val1 max1)))
(rule (=> (and (inv val max) (>= val 3) (push val max max1)) (inv val max1)))
(rule (=> (and (inv val max) (push val max max1)) (inv val max1)))
(rule (=> (and (inv val max) (not (and (>= max 0) (<= max 3)))) fail))

(query fail :print-certificate true)
==============================================================
   -> Checking if specs have changed...
      -> CHC files are different. Continuing iteration.

==================== Iteration: 6 ====================
TIMEOUT : 120
   -> Parsing CHC file: /Dualis/scripts/../benchmarks/ClassicalHornICE_working_temp/DLL_Circular/DLL_Circular.smt2
   -> Starting HornICE with a 1000-second timeout...
      -> Logging HornICE output to iter_6.log
   -> HornICE completed successfully.
   -> Analyzing HornICE log file: iter_6.log
      -> Found 17 internal iterations.
   -> Writing new specs to harness: push_fuzz.cpp...
      -> Successfully created working copy '/Dualis/scripts/../benchmarks/ClassicalHornICE_working_temp/DLL_Circular/push_fuzz.cpp'.
   -> Starting AFL++(push_fuzz) with a 120-second timeout...
   -> Building AFL-instrumented binary: /Dualis/scripts/../benchmarks/ClassicalHornICE_working_temp/DLL_Circular/push_fuzz
   -> AFL++(push_fuzz) finished its fuzzing session.
   -> Checking fuzzing outputs for counterexamples...
Checking crashes
   -> Found 6 crash reports. Testing reproducibility...
   -> CRASH REPRODUCED with id:000004,sig:06,src:000020,time:4091,execs:26532,op:havoc,rep:2
   -> CRASH REPRODUCED with id:000005,sig:06,src:000020,time:6217,execs:27017,op:havoc,rep:2
   -> CRASH REPRODUCED with id:000001,sig:06,src:000000,time:640,execs:6917,op:havoc,rep:5
   -> CRASH REPRODUCED with id:000000,sig:06,src:000000,time:434,execs:5550,op:havoc,rep:8
   -> CRASH REPRODUCED with id:000002,sig:06,src:000020,time:1473,execs:25969,op:havoc,rep:4
   -> CRASH REPRODUCED with id:000003,sig:06,src:000020,time:1720,execs:25970,op:havoc,rep:4
Checking queue
   -> Found 42 crash reports. Testing reproducibility...
Checking hangs
   -> Converting counterexamples for 'push'...
      -> Found and validated 1 new rules.
   -> Updating CHC file with new counterexamples...

=============== Artifacts This Iteration ===============

--- Generated Specs ---
  push: ((((((max <= 1) || ((max > 2) && (max > 1))) && ((val - max) > 0) && ((max - max1) <= (-1))) || ((max - max1) > (-1))) && ((val - max1) <= 0) && ((max - max1) > (-2)) && ((val - max) <= 1)) || ((val - max) > 1))
  inv: ((val > (-1)) && (val <= 2) && ((val - max) <= 0) && ((val - max) > (-1)))

--- New Test Cases Found ---

--- Updated CHCs (for next iteration) ---
(declare-var val Int)
(declare-var val1 Int)
(declare-var max Int)
(declare-var max1 Int)
(declare-rel push (Int Int Int))
(declare-rel inv (Int Int))
(declare-rel fail ())

(rule (=> (and (= val 3) (= max 2) (= max1 3)) (push val max max1)))

(rule (=> (and (= val 2) (= max 1) (= max1 2)) (push val max max1)))
(rule (=> (and (= val 70) (= max 69) (= max1 70)) (push val max max1)))
(rule (=> (and (= val 64) (= max 0) (= max1 64)) (push val max max1)))
(rule (=> (and (= val 16) (= max 0) (= max1 16)) (push val max max1)))
(rule (=> (and (= val 9) (= max 1) (= max1 9)) (push val max max1)))
(rule (=> (and (= val 64) (= max -1) (= max1 64)) (push val max max1)))
(rule (=> (and (= val 61) (= max -22) (= max1 61)) (push val max max1)))
(rule (=> (and (= val 1) (= max 0) (= max1 1)) (push val max max1)))
(rule (=> (and (= val -24) (= max 0) (= max1 0)) (push val max max1)))
(rule (=> (and (= val -7) (= max -129) (= max1 -7)) (push val max max1)))
(rule (=> (and (= val -1) (= max -1) (= max1 -1)) (push val max max1)))
(rule (=> (and (= val -1) (= max 1) (= max1 1)) (push val max max1)))
(rule (=> (and (= val 1) (= max 2) (= max1 2)) (push val max max1)))
(rule (=> (and (= val 1) (= max 1) (= max1 1)) (push val max max1)))
(rule (=> (and (= val 1) (= max -1) (= max1 1)) (push val max max1)))
(rule (=> (and (= val 1) (= max -108) (= max1 1)) (push val max max1)))
(rule (=> (and (= val 3) (= max -129) (= max1 3)) (push val max max1)))
(rule (=> (and (= val 0) (= max 0)) (inv val max)))
(rule (=> (and (inv val max) (< val 3) (= val1 (+ val 1)) (push val1 max max1)) (inv val1 max1)))
(rule (=> (and (inv val max) (>= val 3) (push val max max1)) (inv val max1)))
(rule (=> (and (inv val max) (push val max max1)) (inv val max1)))
(rule (=> (and (inv val max) (not (and (>= max 0) (<= max 3)))) fail))

(query fail :print-certificate true)
==============================================================
   -> Checking if specs have changed...
      -> CHC files are different. Continuing iteration.

==================== Iteration: 7 ====================
TIMEOUT : 140
   -> Parsing CHC file: /Dualis/scripts/../benchmarks/ClassicalHornICE_working_temp/DLL_Circular/DLL_Circular.smt2
   -> Starting HornICE with a 1000-second timeout...
      -> Logging HornICE output to iter_7.log
   -> HornICE completed successfully.
   -> Analyzing HornICE log file: iter_7.log
      -> Found 19 internal iterations.
   -> Writing new specs to harness: push_fuzz.cpp...
      -> Successfully created working copy '/Dualis/scripts/../benchmarks/ClassicalHornICE_working_temp/DLL_Circular/push_fuzz.cpp'.
   -> Starting AFL++(push_fuzz) with a 140-second timeout...
   -> Building AFL-instrumented binary: /Dualis/scripts/../benchmarks/ClassicalHornICE_working_temp/DLL_Circular/push_fuzz
   -> AFL++(push_fuzz) finished its fuzzing session.
   -> Checking fuzzing outputs for counterexamples...
Checking crashes
Checking queue
   -> Found 39 crash reports. Testing reproducibility...
Checking hangs
   -> Converting counterexamples for 'push'...
   -> Updating CHC file with new counterexamples...

=============== Artifacts This Iteration ===============

--- Generated Specs ---
  push: ((((val - max) <= (-1)) && ((val - max1) <= (-1))) || (((val - max1) <= 0) && ((val - max1) > (-1))))
  inv: ((val <= 3) && (max > (-1)) && ((val - max) > (-1)))

--- New Test Cases Found ---

--- Updated CHCs (for next iteration) ---
(declare-var val Int)
(declare-var val1 Int)
(declare-var max Int)
(declare-var max1 Int)
(declare-rel push (Int Int Int))
(declare-rel inv (Int Int))
(declare-rel fail ())


(rule (=> (and (= val 3) (= max 2) (= max1 3)) (push val max max1)))
(rule (=> (and (= val 2) (= max 1) (= max1 2)) (push val max max1)))
(rule (=> (and (= val 70) (= max 69) (= max1 70)) (push val max max1)))
(rule (=> (and (= val 64) (= max 0) (= max1 64)) (push val max max1)))
(rule (=> (and (= val 16) (= max 0) (= max1 16)) (push val max max1)))
(rule (=> (and (= val 9) (= max 1) (= max1 9)) (push val max max1)))
(rule (=> (and (= val 64) (= max -1) (= max1 64)) (push val max max1)))
(rule (=> (and (= val 61) (= max -22) (= max1 61)) (push val max max1)))
(rule (=> (and (= val 1) (= max 0) (= max1 1)) (push val max max1)))
(rule (=> (and (= val -24) (= max 0) (= max1 0)) (push val max max1)))
(rule (=> (and (= val -7) (= max -129) (= max1 -7)) (push val max max1)))
(rule (=> (and (= val -1) (= max -1) (= max1 -1)) (push val max max1)))
(rule (=> (and (= val -1) (= max 1) (= max1 1)) (push val max max1)))
(rule (=> (and (= val 1) (= max 2) (= max1 2)) (push val max max1)))
(rule (=> (and (= val 1) (= max 1) (= max1 1)) (push val max max1)))
(rule (=> (and (= val 1) (= max -1) (= max1 1)) (push val max max1)))
(rule (=> (and (= val 1) (= max -108) (= max1 1)) (push val max max1)))
(rule (=> (and (= val 3) (= max -129) (= max1 3)) (push val max max1)))
(rule (=> (and (= val 0) (= max 0)) (inv val max)))
(rule (=> (and (inv val max) (< val 3) (= val1 (+ val 1)) (push val1 max max1)) (inv val1 max1)))
(rule (=> (and (inv val max) (>= val 3) (push val max max1)) (inv val max1)))
(rule (=> (and (inv val max) (push val max max1)) (inv val max1)))
(rule (=> (and (inv val max) (not (and (>= max 0) (<= max 3)))) fail))

(query fail :print-certificate true)
==============================================================
   -> Checking if specs have changed...
      -> CHC files are different. Continuing iteration.

==================== Iteration: 8 ====================
TIMEOUT : 160
   -> Parsing CHC file: /Dualis/scripts/../benchmarks/ClassicalHornICE_working_temp/DLL_Circular/DLL_Circular.smt2
   -> Starting HornICE with a 1000-second timeout...
      -> Logging HornICE output to iter_8.log
   -> HornICE completed successfully.
   -> Analyzing HornICE log file: iter_8.log
      -> Found 19 internal iterations.
   -> Writing new specs to harness: push_fuzz.cpp...
      -> Successfully created working copy '/Dualis/scripts/../benchmarks/ClassicalHornICE_working_temp/DLL_Circular/push_fuzz.cpp'.
   -> Starting AFL++(push_fuzz) with a 160-second timeout...
   -> Building AFL-instrumented binary: /Dualis/scripts/../benchmarks/ClassicalHornICE_working_temp/DLL_Circular/push_fuzz
   -> AFL++(push_fuzz) finished its fuzzing session.
   -> Checking fuzzing outputs for counterexamples...
Checking crashes
Checking queue
   -> Found 49 crash reports. Testing reproducibility...
Checking hangs
   -> Converting counterexamples for 'push'...
   -> Updating CHC file with new counterexamples...

=============== Artifacts This Iteration ===============

--- Generated Specs ---
  push: ((((val - max) <= (-1)) && ((val - max1) <= (-1))) || (((val - max1) <= 0) && ((val - max1) > (-1))))
  inv: ((val <= 3) && (max > (-1)) && ((val - max) > (-1)))

--- New Test Cases Found ---

--- Updated CHCs (for next iteration) ---
(declare-var val Int)
(declare-var val1 Int)
(declare-var max Int)
(declare-var max1 Int)
(declare-rel push (Int Int Int))
(declare-rel inv (Int Int))
(declare-rel fail ())


(rule (=> (and (= val 3) (= max 2) (= max1 3)) (push val max max1)))
(rule (=> (and (= val 2) (= max 1) (= max1 2)) (push val max max1)))
(rule (=> (and (= val 70) (= max 69) (= max1 70)) (push val max max1)))
(rule (=> (and (= val 64) (= max 0) (= max1 64)) (push val max max1)))
(rule (=> (and (= val 16) (= max 0) (= max1 16)) (push val max max1)))
(rule (=> (and (= val 9) (= max 1) (= max1 9)) (push val max max1)))
(rule (=> (and (= val 64) (= max -1) (= max1 64)) (push val max max1)))
(rule (=> (and (= val 61) (= max -22) (= max1 61)) (push val max max1)))
(rule (=> (and (= val 1) (= max 0) (= max1 1)) (push val max max1)))
(rule (=> (and (= val -24) (= max 0) (= max1 0)) (push val max max1)))
(rule (=> (and (= val -7) (= max -129) (= max1 -7)) (push val max max1)))
(rule (=> (and (= val -1) (= max -1) (= max1 -1)) (push val max max1)))
(rule (=> (and (= val -1) (= max 1) (= max1 1)) (push val max max1)))
(rule (=> (and (= val 1) (= max 2) (= max1 2)) (push val max max1)))
(rule (=> (and (= val 1) (= max 1) (= max1 1)) (push val max max1)))
(rule (=> (and (= val 1) (= max -1) (= max1 1)) (push val max max1)))
(rule (=> (and (= val 1) (= max -108) (= max1 1)) (push val max max1)))
(rule (=> (and (= val 3) (= max -129) (= max1 3)) (push val max max1)))
(rule (=> (and (= val 0) (= max 0)) (inv val max)))
(rule (=> (and (inv val max) (< val 3) (= val1 (+ val 1)) (push val1 max max1)) (inv val1 max1)))
(rule (=> (and (inv val max) (>= val 3) (push val max max1)) (inv val max1)))
(rule (=> (and (inv val max) (push val max max1)) (inv val max1)))
(rule (=> (and (inv val max) (not (and (>= max 0) (<= max 3)))) fail))

(query fail :print-certificate true)
==============================================================
   -> Checking if specs have changed...
      -> CHC files are identical. Pipeline has converged.
   -> 15-minute deep fuzzing converged. Pipeline complete.

==================== Finalizing Pipeline ====================

====================== Pipeline Finished =====================
Total External Iterations: 8
Total Unique Test Cases Found: 18
Total Internal Iterations: 104
  - Min: 6
  - Max: 19
  - Avg: 13.00
pipeline.run() took 0.2518 seconds.
Running command: /usr/bin/python3 chcverifynfuzz.py ClassicalHornICE DLL_Circular
PID: 607024
========================================

