
========================================
         Starting Pipeline for: FlatHashSet (Mode: ClassicalHornICE)
========================================
Initializing pipeline for benchmark: 'FlatHashSet'
   -> Loading and validating attributes from: /Dualis/scripts/../benchmarks/Classical/FlatHashSet/Attributes.txt
      -> Validation successful. Attribute file is consistent.

==================== Iteration: 1 ====================
TIMEOUT : 20
   -> Parsing CHC file: /Dualis/scripts/../benchmarks/ClassicalHornICE_working_temp/FlatHashSet/FlatHashSet.smt2
   -> Starting HornICE with a 1000-second timeout...
      -> Logging HornICE output to iter_1.log
   -> HornICE completed successfully.
   -> Analyzing HornICE log file: iter_1.log
      -> Found 5 internal iterations.
   -> Writing new specs to harness: insert_fuzz.cpp...
      -> Successfully created working copy '/Dualis/scripts/../benchmarks/ClassicalHornICE_working_temp/FlatHashSet/insert_fuzz.cpp'.
   -> Starting AFL++(insert_fuzz) with a 20-second timeout...
   -> Building AFL-instrumented binary: /Dualis/scripts/../benchmarks/ClassicalHornICE_working_temp/FlatHashSet/insert_fuzz
   -> AFL++(insert_fuzz) finished its fuzzing session.
   -> Checking fuzzing outputs for counterexamples...
Checking crashes
   -> Found 13 crash reports. Testing reproducibility...
   -> CRASH REPRODUCED with id:000012,sig:06,src:000000,time:9587,execs:398,op:havoc,rep:3
   -> CRASH REPRODUCED with id:000010,sig:06,src:000000,time:4027,execs:166,op:havoc,rep:3
   -> CRASH REPRODUCED with id:000004,sig:06,src:000000,time:874,execs:56,op:havoc,rep:1
   -> CRASH REPRODUCED with id:000006,sig:06,src:000000,time:1252,execs:70,op:havoc,rep:2
   -> CRASH REPRODUCED with id:000005,sig:06,src:000000,time:1068,execs:62,op:havoc,rep:2
   -> CRASH REPRODUCED with id:000008,sig:06,src:000000,time:2389,execs:115,op:havoc,rep:4
   -> CRASH REPRODUCED with id:000003,sig:06,src:000000,time:686,execs:50,op:havoc,rep:2
   -> CRASH REPRODUCED with id:000002,sig:06,src:000000,time:513,execs:49,op:havoc,rep:3
   -> CRASH REPRODUCED with id:000007,sig:06,src:000000,time:2205,execs:110,op:havoc,rep:3
   -> CRASH REPRODUCED with id:000001,sig:06,src:000000,time:335,execs:45,op:havoc,rep:4
   -> CRASH REPRODUCED with id:000009,sig:06,src:000000,time:2771,execs:127,op:havoc,rep:3
   -> CRASH REPRODUCED with id:000011,sig:06,src:000000,time:5407,execs:235,op:havoc,rep:4
   -> CRASH REPRODUCED with id:000000,sig:06,src:000000,time:174,execs:42,op:havoc,rep:4
Checking queue
   -> Found 5 crash reports. Testing reproducibility...
Checking hangs
   -> Converting counterexamples for 'insert'...
      -> Found and validated 11 new rules.
   -> Writing new specs to harness: reserve_fuzz.cpp...
      -> Successfully created working copy '/Dualis/scripts/../benchmarks/ClassicalHornICE_working_temp/FlatHashSet/reserve_fuzz.cpp'.
   -> Starting AFL++(reserve_fuzz) with a 20-second timeout...
   -> Building AFL-instrumented binary: /Dualis/scripts/../benchmarks/ClassicalHornICE_working_temp/FlatHashSet/reserve_fuzz
   -> AFL++(reserve_fuzz) finished its fuzzing session.
   -> Checking fuzzing outputs for counterexamples...
Checking crashes
   -> Found 11 crash reports. Testing reproducibility...
   -> CRASH REPRODUCED with id:000007,sig:06,src:000000,time:3208,execs:179,op:havoc,rep:4
   -> CRASH REPRODUCED with id:000003,sig:06,src:000000,time:720,execs:90,op:havoc,rep:4
   -> CRASH REPRODUCED with id:000000,sig:06,src:000000,time:161,execs:46,op:havoc,rep:3
   -> CRASH REPRODUCED with id:000010,sig:06,src:000000,time:7695,execs:305,op:havoc,rep:4
   -> CRASH REPRODUCED with id:000008,sig:06,src:000000,time:3957,execs:198,op:havoc,rep:4
   -> CRASH REPRODUCED with id:000006,sig:06,src:000000,time:2539,execs:168,op:havoc,rep:4
   -> CRASH REPRODUCED with id:000001,sig:06,src:000000,time:344,execs:49,op:havoc,rep:4
   -> CRASH REPRODUCED with id:000004,sig:06,src:000000,time:1772,execs:145,op:havoc,rep:4
   -> CRASH REPRODUCED with id:000002,sig:06,src:000000,time:533,execs:87,op:havoc,rep:2
   -> CRASH REPRODUCED with id:000009,sig:06,src:000000,time:4327,execs:203,op:havoc,rep:2
   -> CRASH REPRODUCED with id:000005,sig:06,src:000000,time:2160,execs:157,op:havoc,rep:4
Checking queue
   -> Found 5 crash reports. Testing reproducibility...
Checking hangs
   -> Converting counterexamples for 'reserve'...
      -> Found and validated 9 new rules.
   -> Writing new specs to harness: erase_fuzz.cpp...
      -> Successfully created working copy '/Dualis/scripts/../benchmarks/ClassicalHornICE_working_temp/FlatHashSet/erase_fuzz.cpp'.
   -> Starting AFL++(erase_fuzz) with a 20-second timeout...
   -> Building AFL-instrumented binary: /Dualis/scripts/../benchmarks/ClassicalHornICE_working_temp/FlatHashSet/erase_fuzz
   -> AFL++(erase_fuzz) finished its fuzzing session.
   -> Checking fuzzing outputs for counterexamples...
Checking crashes
   -> Found 11 crash reports. Testing reproducibility...
   -> CRASH REPRODUCED with id:000000,sig:06,src:000000,time:202,execs:42,op:havoc,rep:2
   -> CRASH REPRODUCED with id:000001,sig:06,src:000000,time:345,execs:59,op:havoc,rep:1
   -> CRASH REPRODUCED with id:000009,sig:06,src:000000,time:8705,execs:355,op:havoc,rep:4
   -> CRASH REPRODUCED with id:000002,sig:06,src:000000,time:545,execs:60,op:havoc,rep:3
   -> CRASH REPRODUCED with id:000005,sig:06,src:000000,time:2653,execs:139,op:havoc,rep:3
   -> CRASH REPRODUCED with id:000010,sig:06,src:000000,time:14187,execs:576,op:havoc,rep:3
   -> CRASH REPRODUCED with id:000006,sig:06,src:000000,time:3476,execs:172,op:havoc,rep:2
   -> CRASH REPRODUCED with id:000007,sig:06,src:000000,time:4019,execs:191,op:havoc,rep:4
   -> CRASH REPRODUCED with id:000003,sig:06,src:000000,time:729,execs:66,op:havoc,rep:3
   -> CRASH REPRODUCED with id:000008,sig:06,src:000000,time:4593,execs:205,op:havoc,rep:4
   -> CRASH REPRODUCED with id:000004,sig:06,src:000000,time:1888,execs:116,op:havoc,rep:4
Checking queue
   -> Found 5 crash reports. Testing reproducibility...
Checking hangs
   -> Converting counterexamples for 'erase'...
      -> Found and validated 9 new rules.
   -> Updating CHC file with new counterexamples...

=============== Artifacts This Iteration ===============

--- Generated Specs ---
  inv1: (true)
  insert: (false)
  reserve: (false)
  inv3: (false)
  inv2: (true)
  erase: (false)

--- New Test Cases Found ---

--- Updated CHCs (for next iteration) ---
(declare-var N Int)
(declare-var size Int)
(declare-var len Int)
(declare-var len1 Int)
(declare-var i Int)
(declare-var i1 Int)
(declare-var min Int)
(declare-var min1 Int)
(declare-var max Int)
(declare-var max1 Int)
(declare-var containsv Int)
(declare-var containsv1 Int)
(declare-var v Int)
(declare-rel insert (Int Int Int Int Int Int Int Int Int))
(declare-rel erase (Int Int Int Int Int Int Int Int Int))
(declare-rel reserve (Int Int Int))
(declare-rel inv1 (Int Int Int Int Int Int))
(declare-rel inv2 (Int Int Int Int Int Int))
(declare-rel inv3 (Int Int Int Int Int Int))
(declare-rel fail ())
(define-fun MAX () Int 128)
(define-fun MIN () Int -129)
(define-fun is_valid ((x Int)) Bool (or (= x 1) (= x 0)))

(rule (=> (and (= v 13) (= len 1) (= containsv 0) (= min -15) (= max -15) (= len1 2) (= containsv1 1) (= min1 -15) (= max1 13)) (insert v len containsv min max len1 containsv1 min1 max1)))
(rule (=> (and (= v -1) (= len 2) (= containsv 1) (= min -47) (= max -1) (= len1 2) (= containsv1 1) (= min1 -47) (= max1 -1)) (insert v len containsv min max len1 containsv1 min1 max1)))
(rule (=> (and (= v 2) (= len 1) (= containsv 0) (= min -1) (= max -1) (= len1 2) (= containsv1 1) (= min1 -1) (= max1 2)) (insert v len containsv min max len1 containsv1 min1 max1)))
(rule (=> (and (= v -1) (= len 1) (= containsv 1) (= min -1) (= max -1) (= len1 1) (= containsv1 1) (= min1 -1) (= max1 -1)) (insert v len containsv min max len1 containsv1 min1 max1)))
(rule (=> (and (= v 2) (= len 0) (= containsv 0) (= min 128) (= max -129) (= len1 1) (= containsv1 1) (= min1 2) (= max1 2)) (insert v len containsv min max len1 containsv1 min1 max1)))
(rule (=> (and (= v -128) (= len 0) (= containsv 0) (= min 128) (= max -129) (= len1 1) (= containsv1 1) (= min1 -128) (= max1 -128)) (insert v len containsv min max len1 containsv1 min1 max1)))
(rule (=> (and (= v 2) (= len 1) (= containsv 0) (= min 3) (= max 3) (= len1 2) (= containsv1 1) (= min1 2) (= max1 3)) (insert v len containsv min max len1 containsv1 min1 max1)))
(rule (=> (and (= v 2) (= len 1) (= containsv 0) (= min 1) (= max 1) (= len1 2) (= containsv1 1) (= min1 1) (= max1 2)) (insert v len containsv min max len1 containsv1 min1 max1)))
(rule (=> (and (= v 2) (= len 2) (= containsv 0) (= min -63) (= max -62) (= len1 3) (= containsv1 1) (= min1 -63) (= max1 2)) (insert v len containsv min max len1 containsv1 min1 max1)))
(rule (=> (and (= v -1) (= len 2) (= containsv 1) (= min -15) (= max -1) (= len1 2) (= containsv1 1) (= min1 -15) (= max1 -1)) (insert v len containsv min max len1 containsv1 min1 max1)))
(rule (=> (and (= v -1) (= len 1) (= containsv 0) (= min 2) (= max 2) (= len1 2) (= containsv1 1) (= min1 -1) (= max1 2)) (insert v len containsv min max len1 containsv1 min1 max1)))
(rule (=> (and (= len 2) (= N 9) (= len1 2)) (reserve len N len1)))
(rule (=> (and (= len 1) (= N 2) (= len1 1)) (reserve len N len1)))
(rule (=> (and (= len 1) (= N 1) (= len1 1)) (reserve len N len1)))
(rule (=> (and (= len 1) (= N 3) (= len1 1)) (reserve len N len1)))
(rule (=> (and (= len 2) (= N 3) (= len1 2)) (reserve len N len1)))
(rule (=> (and (= len 0) (= N 5) (= len1 0)) (reserve len N len1)))
(rule (=> (and (= len 1) (= N -18) (= len1 1)) (reserve len N len1)))
(rule (=> (and (= len 0) (= N 3) (= len1 0)) (reserve len N len1)))
(rule (=> (and (= len 1) (= N -1) (= len1 1)) (reserve len N len1)))
(rule (=> (and (= v 2) (= len 0) (= containsv 0) (= min 128) (= max -129) (= len1 0) (= containsv1 0) (= min1 128) (= max1 -129)) (erase v len containsv min max len1 containsv1 min1 max1)))
(rule (=> (and (= v 2) (= len 1) (= containsv 0) (= min 72) (= max 72) (= len1 1) (= containsv1 0) (= min1 72) (= max1 72)) (erase v len containsv min max len1 containsv1 min1 max1)))
(rule (=> (and (= v 2) (= len 1) (= containsv 0) (= min -1) (= max -1) (= len1 1) (= containsv1 0) (= min1 -1) (= max1 -1)) (erase v len containsv min max len1 containsv1 min1 max1)))
(rule (=> (and (= v 2) (= len 2) (= containsv 0) (= min -1) (= max 1) (= len1 2) (= containsv1 0) (= min1 -1) (= max1 1)) (erase v len containsv min max len1 containsv1 min1 max1)))
(rule (=> (and (= v -1) (= len 0) (= containsv 0) (= min 128) (= max -129) (= len1 0) (= containsv1 0) (= min1 128) (= max1 -129)) (erase v len containsv min max len1 containsv1 min1 max1)))
(rule (=> (and (= v -128) (= len 1) (= containsv 0) (= min -16) (= max -16) (= len1 1) (= containsv1 0) (= min1 -16) (= max1 -16)) (erase v len containsv min max len1 containsv1 min1 max1)))
(rule (=> (and (= v 2) (= len 1) (= containsv 1) (= min 2) (= max 2) (= len1 0) (= containsv1 0) (= min1 128) (= max1 -129)) (erase v len containsv min max len1 containsv1 min1 max1)))
(rule (=> (and (= v -1) (= len 1) (= containsv 1) (= min -1) (= max -1) (= len1 0) (= containsv1 0) (= min1 128) (= max1 -129)) (erase v len containsv min max len1 containsv1 min1 max1)))
(rule (=> (and (= v 2) (= len 2) (= containsv 0) (= min -115) (= max -51) (= len1 2) (= containsv1 0) (= min1 -115) (= max1 -51)) (erase v len containsv min max len1 containsv1 min1 max1)))

(rule (=> (and (> N 0) (= len 0) (= i 0) (= min MAX) (= max MIN) (= containsv 0)) (inv1 i N len containsv min max)))
(rule (=> (and (inv1 i N len containsv min max) (is_valid containsv) (< i N) (= v i) (insert v len containsv min max len1 containsv1 min1 max1) (= i1 (+ i 1))) (inv1 i1 N len1 containsv1 min1 max1)))
(rule (=> (and (inv1 i N len containsv min max) (is_valid containsv) (not (< i N)) (= i1 0)) (inv2 i1 N len containsv min max)))
(rule (=> (and (inv2 i N len containsv min max) (is_valid containsv) (< i N) (= v i) (erase v len containsv min max len1 containsv1 min1 max1) (= i1 (+ i 1))) (inv2 i1 N len1 containsv1 min1 max1)))
(rule (=> (and (inv2 i N len containsv min max) (is_valid containsv) (not (< i N)) (reserve len N len1) (= i1 0)) (inv3 i1 N len containsv min max)))
(rule (=> (and (inv3 i N len containsv min max) (is_valid containsv) (< i N) (= v (+ i N)) (insert v len containsv min max len1 containsv1 min1 max1) (= i1 (+ i 1))) (inv3 i1 N len1 containsv1 min1 max1)))
(rule (=> (and (inv3 i N len containsv min max) (is_valid containsv) (not (< i N)) (not (= len N))) fail))

(query fail :print-certificate true)
==============================================================
   -> Checking if specs have changed...
      -> CHC files are different. Continuing iteration.

==================== Iteration: 2 ====================
TIMEOUT : 40
   -> Parsing CHC file: /Dualis/scripts/../benchmarks/ClassicalHornICE_working_temp/FlatHashSet/FlatHashSet.smt2
   -> Starting HornICE with a 1000-second timeout...
      -> Logging HornICE output to iter_2.log
   -> ERROR: HornICE timed out. Terminating.

==================== Finalizing Pipeline ====================

====================== Pipeline Finished =====================
Total External Iterations: 2
Total Unique Test Cases Found: 29
Total Internal Iterations: 5
  - Min: 5
  - Max: 5
  - Avg: 5.00
pipeline.run() took 0.6616 seconds.
Running command: /usr/bin/python3 chcverifynfuzz.py ClassicalHornICE FlatHashSet
PID: 607026
========================================

