
========================================
         Starting Pipeline for: FlatHashMap4 (Mode: ClassicalHornICE)
========================================
Initializing pipeline for benchmark: 'FlatHashMap4'
   -> Loading and validating attributes from: /Dualis/scripts/../benchmarks/Classical/FlatHashMap4/Attributes.txt
      -> Validation successful. Attribute file is consistent.

==================== Iteration: 1 ====================
TIMEOUT : 20
   -> Parsing CHC file: /Dualis/scripts/../benchmarks/ClassicalHornICE_working_temp/FlatHashMap4/FlatHashMap4.smt2
   -> Starting HornICE with a 1000-second timeout...
      -> Logging HornICE output to iter_1.log
   -> HornICE completed successfully.
   -> Analyzing HornICE log file: iter_1.log
      -> Found 7 internal iterations.
   -> Writing new specs to harness: insert_fuzz.cpp...
      -> Successfully created working copy '/Dualis/scripts/../benchmarks/ClassicalHornICE_working_temp/FlatHashMap4/insert_fuzz.cpp'.
   -> Starting AFL++(insert_fuzz) with a 20-second timeout...
   -> Building AFL-instrumented binary: /Dualis/scripts/../benchmarks/ClassicalHornICE_working_temp/FlatHashMap4/insert_fuzz
   -> AFL++(insert_fuzz) finished its fuzzing session.
   -> Checking fuzzing outputs for counterexamples...
Checking crashes
   -> Found 10 crash reports. Testing reproducibility...
   -> CRASH REPRODUCED with id:000000,sig:06,src:000000,time:0,execs:79,op:havoc,rep:8
   -> CRASH REPRODUCED with id:000004,sig:06,src:000000,time:9,execs:146,op:havoc,rep:6
   -> CRASH REPRODUCED with id:000002,sig:06,src:000000,time:1,execs:87,op:havoc,rep:7
   -> CRASH REPRODUCED with id:000008,sig:06,src:000000,time:687,execs:516,op:havoc,rep:7
   -> CRASH REPRODUCED with id:000001,sig:06,src:000000,time:1,execs:81,op:havoc,rep:4
   -> CRASH REPRODUCED with id:000007,sig:06,src:000000,time:17,execs:197,op:havoc,rep:7
   -> CRASH REPRODUCED with id:000006,sig:06,src:000000,time:12,execs:160,op:havoc,rep:8
   -> CRASH REPRODUCED with id:000009,sig:06,src:000000,time:4130,execs:6715,op:havoc,rep:16
   -> CRASH REPRODUCED with id:000005,sig:06,src:000000,time:9,execs:149,op:havoc,rep:8
   -> CRASH REPRODUCED with id:000003,sig:06,src:000000,time:4,execs:115,op:havoc,rep:6
Checking queue
   -> Found 11 crash reports. Testing reproducibility...
   -> CRASH REPRODUCED with id:000007,time:0,execs:0,orig:insersremaremn
Checking hangs
   -> Converting counterexamples for 'insert'...
      -> Found and validated 10 new rules.
   -> Writing new specs to harness: erase_fuzz.cpp...
      -> Successfully created working copy '/Dualis/scripts/../benchmarks/ClassicalHornICE_working_temp/FlatHashMap4/erase_fuzz.cpp'.
   -> Starting AFL++(erase_fuzz) with a 20-second timeout...
   -> Building AFL-instrumented binary: /Dualis/scripts/../benchmarks/ClassicalHornICE_working_temp/FlatHashMap4/erase_fuzz
   -> ERROR: AFL++(erase_fuzz) failed with exit code 1.
      AFL++ Error Output:
[1;92m[+] [0mEnabled environment variable AFL_I_DONT_CARE_ABOUT_MISSING_CRASHES with value 1[0m
[1;92m[+] [0mEnabled environment variable AFL_NO_UI with value 1[0m
[1;92m[+] [0mEnabled environment variable AFL_CMPLOG_ONLY_NEW with value 1[0m
[1;92m[+] [0mEnabled environment variable AFL_DEBUG_CHILD with value 1[0m
[1;92m[+] [0mEnabled environment variable AFL_IGNORE_PROBLEMS with value 1[0m
[1;92m[+] [0mEnabled environment variable AFL_SKIP_CPUFREQ with value 1[0m
[1;94m[*] [0mSpinning up the fork server...[0m
[1;92m[+] [0mAll right - new fork server model v1 is up.[0m
[1;94m[*] [0mTarget map size: 346[0m
erase_fuzz: /Dualis/scripts/../benchmarks/ClassicalHornICE_working_temp/FlatHashMap4/erase_fuzz.cpp:34: int main(int, char **): Assertion `expr' failed.
erase_fuzz: /Dualis/scripts/../benchmarks/ClassicalHornICE_working_temp/FlatHashMap4/erase_fuzz.cpp:34: int main(int, char **): Assertion `expr' failed.
erase_fuzz: /Dualis/scripts/../benchmarks/ClassicalHornICE_working_temp/FlatHashMap4/erase_fuzz.cpp:34: int main(int, char **): Assertion `expr' failed.
erase_fuzz: /Dualis/scripts/../benchmarks/ClassicalHornICE_working_temp/FlatHashMap4/erase_fuzz.cpp:34: int main(int, char **): Assertion `expr' failed.
erase_fuzz: /Dualis/scripts/../benchmarks/ClassicalHornICE_working_temp/FlatHashMap4/erase_fuzz.cpp:34: int main(int, char **): Assertion `expr' failed.
erase_fuzz: /Dualis/scripts/../benchmarks/ClassicalHornICE_working_temp/FlatHashMap4/erase_fuzz.cpp:34: int main(int, char **): Assertion `expr' failed.
erase_fuzz: /Dualis/scripts/../benchmarks/ClassicalHornICE_working_temp/FlatHashMap4/erase_fuzz.cpp:34: int main(int, char **): Assertion `expr' failed.
erase_fuzz: /Dualis/scripts/../benchmarks/ClassicalHornICE_working_temp/FlatHashMap4/erase_fuzz.cpp:34: int main(int, char **): Assertion `expr' failed.
erase_fuzz: /Dualis/scripts/../benchmarks/ClassicalHornICE_working_temp/FlatHashMap4/erase_fuzz.cpp:34: int main(int, char **): Assertion `expr' failed.
erase_fuzz: /Dualis/scripts/../benchmarks/ClassicalHornICE_working_temp/FlatHashMap4/erase_fuzz.cpp:34: int main(int, char **): Assertion `expr' failed.
erase_fuzz: /Dualis/scripts/../benchmarks/ClassicalHornICE_working_temp/FlatHashMap4/erase_fuzz.cpp:34: int main(int, char **): Assertion `expr' failed.

   -> Checking fuzzing outputs for counterexamples...
Checking crashes
Checking queue
   -> Found 11 crash reports. Testing reproducibility...
   -> CRASH REPRODUCED with id:000001,time:0,execs:0,orig:2ins
   -> CRASH REPRODUCED with id:000006,time:0,execs:0,orig:insers
   -> CRASH REPRODUCED with id:000010,time:0,execs:0,orig:remaremn
   -> CRASH REPRODUCED with id:000002,time:0,execs:0,orig:2rema
   -> CRASH REPRODUCED with id:000005,time:0,execs:0,orig:ersremn
   -> CRASH REPRODUCED with id:000000,time:0,execs:0,orig:2ers
   -> CRASH REPRODUCED with id:000009,time:0,execs:0,orig:insremn
   -> CRASH REPRODUCED with id:000007,time:0,execs:0,orig:insersremaremn
   -> CRASH REPRODUCED with id:000008,time:0,execs:0,orig:insrema
   -> CRASH REPRODUCED with id:000003,time:0,execs:0,orig:2remn
   -> CRASH REPRODUCED with id:000004,time:0,execs:0,orig:ersrema
Checking hangs
   -> Converting counterexamples for 'erase'...
      -> Found and validated 6 new rules.
   -> Updating CHC file with new counterexamples...

=============== Artifacts This Iteration ===============

--- Generated Specs ---
  inv1: ((i - N) <= (-1))
  insert: (false)
  inv2: (false)
  erase: (false)

--- New Test Cases Found ---

--- Updated CHCs (for next iteration) ---
(declare-var N Int)
(declare-var i Int)
(declare-var i1 Int)
(declare-var i_old Int)
(declare-var containsk Int)
(declare-var containsk1 Int)
(declare-var len Int)
(declare-var len1 Int)
(declare-var flag Int)
(declare-var flag1 Int)
(declare-var ret Int)
(declare-var ret1 Int)
(declare-var k Int)
(declare-var v Int)
(declare-rel insert (Int Int Int Int Int Int))
(declare-rel erase (Int Int Int Int Int))
(declare-rel inv1 (Int Int Int))
(declare-rel inv2 (Int Int Int Int Int))
(declare-rel fail ())
(define-fun is_valid ((x Int)) Bool (or (= x 1) (= x 0)))
(define-fun MAX () Int 128)

(rule (=> (and (= k 50) (= v 50) (= len 0) (= containsk 0) (= len1 1) (= containsk1 1)) (insert k v len containsk len1 containsk1)))
(rule (=> (and (= k 0) (= v 50) (= len 0) (= containsk 0) (= len1 1) (= containsk1 1)) (insert k v len containsk len1 containsk1)))
(rule (=> (and (= k 14) (= v -9) (= len 0) (= containsk 0) (= len1 1) (= containsk1 1)) (insert k v len containsk len1 containsk1)))
(rule (=> (and (= k 48) (= v 50) (= len 1) (= containsk 0) (= len1 2) (= containsk1 1)) (insert k v len containsk len1 containsk1)))
(rule (=> (and (= k 49) (= v 3) (= len 0) (= containsk 0) (= len1 1) (= containsk1 1)) (insert k v len containsk len1 containsk1)))
(rule (=> (and (= k -5) (= v -5) (= len 1) (= containsk 1) (= len1 1) (= containsk1 1)) (insert k v len containsk len1 containsk1)))
(rule (=> (and (= k 1) (= v 1) (= len 0) (= containsk 0) (= len1 1) (= containsk1 1)) (insert k v len containsk len1 containsk1)))
(rule (=> (and (= k 48) (= v 50) (= len 0) (= containsk 0) (= len1 1) (= containsk1 1)) (insert k v len containsk len1 containsk1)))
(rule (=> (and (= k -12) (= v -24) (= len 0) (= containsk 0) (= len1 1) (= containsk1 1)) (insert k v len containsk len1 containsk1)))
(rule (=> (and (= k 51) (= v 4) (= len 0) (= containsk 0) (= len1 1) (= containsk1 1)) (insert k v len containsk len1 containsk1)))
(rule (=> (and (= k 49) (= len 0) (= flag 1) (= len1 0) (= ret1 -129)) (erase k len flag len1 ret1)))
(rule (=> (and (= k 49) (= len 0) (= flag 0) (= len1 0) (= ret1 -129)) (erase k len flag len1 ret1)))
(rule (=> (and (= k 51) (= len 0) (= flag 0) (= len1 0) (= ret1 -129)) (erase k len flag len1 ret1)))
(rule (=> (and (= k 50) (= len 0) (= flag 0) (= len1 0) (= ret1 -129)) (erase k len flag len1 ret1)))
(rule (=> (and (= k 52) (= len 0) (= flag 0) (= len1 0) (= ret1 -129)) (erase k len flag len1 ret1)))
(rule (=> (and (= k 50) (= len 0) (= flag 1) (= len1 0) (= ret1 -129)) (erase k len flag len1 ret1)))

(rule (=> (and (> N 0) (= i 0)  (= len 0)) (inv1 i N len )))
(rule (=> (and (inv1 i N len ) (is_valid containsk1) (< i N) (= k i) (= v i) (insert k v len 0 len1 containsk1) (= i1 (+ i 1))) (inv1 i1 N len1 )))
(rule (=> (and (inv1 i N len ) (is_valid flag) (not (< i N)) (= i1 0) (= flag 0) (= ret1 MAX)) (inv2 i1 N len  flag ret1)))
(rule (=> (and (inv2 i N len flag ret) (< i N) (is_valid flag) (= flag 1) (= k i) (erase k len flag len1 ret1) (= i1 (+ i 1)) (= flag1 (- 1 flag))) (inv2 i1 N len1 flag1 ret1)))
(rule (=> (and (inv2 i N len flag ret) (< i N) (is_valid flag) (= flag 0) (= i1 (+ i 1)) (= flag1 (- 1 flag))) (inv2 i1 N len flag1 ret)))
(rule (=> (and (inv2 i N len flag ret) (is_valid flag) (not (< i N)) (not (=> (= flag 0) (= ret (- N 1))))) fail))

(query fail :print-certificate true)
==============================================================
   -> Checking if specs have changed...
      -> CHC files are different. Continuing iteration.

==================== Iteration: 2 ====================
TIMEOUT : 40
   -> Parsing CHC file: /Dualis/scripts/../benchmarks/ClassicalHornICE_working_temp/FlatHashMap4/FlatHashMap4.smt2
   -> Starting HornICE with a 1000-second timeout...
      -> Logging HornICE output to iter_2.log
   -> HornICE completed successfully.
   -> Analyzing HornICE log file: iter_2.log
      -> Found 27 internal iterations.
   -> Writing new specs to harness: insert_fuzz.cpp...
      -> Successfully created working copy '/Dualis/scripts/../benchmarks/ClassicalHornICE_working_temp/FlatHashMap4/insert_fuzz.cpp'.
   -> Starting AFL++(insert_fuzz) with a 40-second timeout...
   -> Building AFL-instrumented binary: /Dualis/scripts/../benchmarks/ClassicalHornICE_working_temp/FlatHashMap4/insert_fuzz
   -> AFL++(insert_fuzz) finished its fuzzing session.
   -> Checking fuzzing outputs for counterexamples...
Checking crashes
   -> Found 15 crash reports. Testing reproducibility...
   -> CRASH REPRODUCED with id:000003,sig:06,src:000007,time:47,execs:1853,op:havoc,rep:2
   -> CRASH REPRODUCED with id:000011,sig:06,src:000007,time:1573,execs:33776,op:havoc,rep:2
   -> CRASH REPRODUCED with id:000013,sig:06,src:000085,time:6946,execs:87072,op:havoc,rep:9
   -> CRASH REPRODUCED with id:000007,sig:06,src:000007,time:99,execs:3667,op:havoc,rep:1
   -> CRASH REPRODUCED with id:000005,sig:06,src:000007,time:55,execs:2137,op:havoc,rep:2
   -> CRASH REPRODUCED with id:000001,sig:06,src:000007,time:39,execs:1582,op:havoc,rep:2
   -> CRASH REPRODUCED with id:000002,sig:06,src:000007,time:40,execs:1600,op:havoc,rep:2
   -> CRASH REPRODUCED with id:000006,sig:06,src:000007,time:69,execs:2614,op:havoc,rep:2
   -> CRASH REPRODUCED with id:000014,sig:06,src:000085,time:25821,execs:112735,op:havoc,rep:11
   -> CRASH REPRODUCED with id:000004,sig:06,src:000007,time:49,execs:1928,op:havoc,rep:1
   -> CRASH REPRODUCED with id:000008,sig:06,src:000007,time:135,execs:4901,op:havoc,rep:1
   -> CRASH REPRODUCED with id:000010,sig:06,src:000007,time:1338,execs:25344,op:havoc,rep:2
   -> CRASH REPRODUCED with id:000000,sig:06,src:000007,time:14,execs:637,op:int16,pos:11,val:-1
   -> CRASH REPRODUCED with id:000009,sig:06,src:000007,time:189,execs:6906,op:havoc,rep:2
   -> CRASH REPRODUCED with id:000012,sig:06,src:000085,time:6821,execs:85100,op:havoc,rep:10
Checking queue
   -> Found 105 crash reports. Testing reproducibility...
Checking hangs
   -> Converting counterexamples for 'insert'...
      -> Found and validated 13 new rules.
   -> Writing new specs to harness: erase_fuzz.cpp...
      -> Successfully created working copy '/Dualis/scripts/../benchmarks/ClassicalHornICE_working_temp/FlatHashMap4/erase_fuzz.cpp'.
   -> Starting AFL++(erase_fuzz) with a 40-second timeout...
   -> Building AFL-instrumented binary: /Dualis/scripts/../benchmarks/ClassicalHornICE_working_temp/FlatHashMap4/erase_fuzz
   -> AFL++(erase_fuzz) finished its fuzzing session.
   -> Checking fuzzing outputs for counterexamples...
Checking crashes
Checking queue
   -> Found 110 crash reports. Testing reproducibility...
   -> CRASH REPRODUCED with id:000011,src:000007,time:1,execs:82,op:(null),pos:0,+cov
Checking hangs
   -> Converting counterexamples for 'erase'...
   -> Updating CHC file with new counterexamples...

=============== Artifacts This Iteration ===============

--- Generated Specs ---
  insert: ((((k > 0) && (((containsk - len) + containsk1) <= 0)) || ((((((((((k > 0) && (((k - v) - len) <= 0)) || (((k - v) - len) > 0)) && (((v - k) - len) <= 0)) || (((v - k) - len) > 0)) && (((k - len1) - len1) <= (-1))) || (((k - len1) - len1) > (-1))) && (len <= 0)) || (len > 0)) && (((containsk - len) + containsk1) > 0))) && (((len - containsk) - len1) <= (-1)) && (((containsk - len) + len1) <= 1) && (len1 > 0) && (containsk1 > 0))
  inv1: ((N > 0) && (i <= 0) && ((i - N) <= 0))
  erase: (true)
  inv2: (false)

--- New Test Cases Found ---

--- Updated CHCs (for next iteration) ---
(declare-var N Int)
(declare-var i Int)
(declare-var i1 Int)
(declare-var i_old Int)
(declare-var containsk Int)
(declare-var containsk1 Int)
(declare-var len Int)
(declare-var len1 Int)
(declare-var flag Int)
(declare-var flag1 Int)
(declare-var ret Int)
(declare-var ret1 Int)
(declare-var k Int)
(declare-var v Int)
(declare-rel insert (Int Int Int Int Int Int))
(declare-rel erase (Int Int Int Int Int))
(declare-rel inv1 (Int Int Int))
(declare-rel inv2 (Int Int Int Int Int))
(declare-rel fail ())
(define-fun is_valid ((x Int)) Bool (or (= x 1) (= x 0)))
(define-fun MAX () Int 128)

(rule (=> (and (= k 0) (= v 4) (= len 1) (= containsk 0) (= len1 2) (= containsk1 1)) (insert k v len containsk len1 containsk1)))
(rule (=> (and (= k -40) (= v 4) (= len 1) (= containsk 0) (= len1 2) (= containsk1 1)) (insert k v len containsk len1 containsk1)))
(rule (=> (and (= k -75) (= v -75) (= len 7) (= containsk 0) (= len1 8) (= containsk1 1)) (insert k v len containsk len1 containsk1)))
(rule (=> (and (= k -52) (= v -52) (= len 1) (= containsk 0) (= len1 2) (= containsk1 1)) (insert k v len containsk len1 containsk1)))
(rule (=> (and (= k -1) (= v -1) (= len 0) (= containsk 0) (= len1 1) (= containsk1 1)) (insert k v len containsk len1 containsk1)))
(rule (=> (and (= k 0) (= v 0) (= len 0) (= containsk 0) (= len1 1) (= containsk1 1)) (insert k v len containsk len1 containsk1)))
(rule (=> (and (= k -52) (= v -52) (= len 0) (= containsk 0) (= len1 1) (= containsk1 1)) (insert k v len containsk len1 containsk1)))
(rule (=> (and (= k -31) (= v -31) (= len 0) (= containsk 0) (= len1 1) (= containsk1 1)) (insert k v len containsk len1 containsk1)))
(rule (=> (and (= k 51) (= v 4) (= len 7) (= containsk 0) (= len1 7) (= containsk1 1)) (insert k v len containsk len1 containsk1)))
(rule (=> (and (= k -94) (= v -94) (= len 0) (= containsk 0) (= len1 1) (= containsk1 1)) (insert k v len containsk len1 containsk1)))
(rule (=> (and (= k -1) (= v -128) (= len 1) (= containsk 0) (= len1 2) (= containsk1 1)) (insert k v len containsk len1 containsk1)))
(rule (=> (and (= k -50) (= v 4) (= len 2) (= containsk 1) (= len1 2) (= containsk1 1)) (insert k v len containsk len1 containsk1)))
(rule (=> (and (= k -128) (= v 4) (= len 8) (= containsk 0) (= len1 9) (= containsk1 1)) (insert k v len containsk len1 containsk1)))

(rule (=> (and (= k 50) (= v 50) (= len 0) (= containsk 0) (= len1 1) (= containsk1 1)) (insert k v len containsk len1 containsk1)))
(rule (=> (and (= k 0) (= v 50) (= len 0) (= containsk 0) (= len1 1) (= containsk1 1)) (insert k v len containsk len1 containsk1)))
(rule (=> (and (= k 14) (= v -9) (= len 0) (= containsk 0) (= len1 1) (= containsk1 1)) (insert k v len containsk len1 containsk1)))
(rule (=> (and (= k 48) (= v 50) (= len 1) (= containsk 0) (= len1 2) (= containsk1 1)) (insert k v len containsk len1 containsk1)))
(rule (=> (and (= k 49) (= v 3) (= len 0) (= containsk 0) (= len1 1) (= containsk1 1)) (insert k v len containsk len1 containsk1)))
(rule (=> (and (= k -5) (= v -5) (= len 1) (= containsk 1) (= len1 1) (= containsk1 1)) (insert k v len containsk len1 containsk1)))
(rule (=> (and (= k 1) (= v 1) (= len 0) (= containsk 0) (= len1 1) (= containsk1 1)) (insert k v len containsk len1 containsk1)))
(rule (=> (and (= k 48) (= v 50) (= len 0) (= containsk 0) (= len1 1) (= containsk1 1)) (insert k v len containsk len1 containsk1)))
(rule (=> (and (= k -12) (= v -24) (= len 0) (= containsk 0) (= len1 1) (= containsk1 1)) (insert k v len containsk len1 containsk1)))
(rule (=> (and (= k 51) (= v 4) (= len 0) (= containsk 0) (= len1 1) (= containsk1 1)) (insert k v len containsk len1 containsk1)))
(rule (=> (and (= k 49) (= len 0) (= flag 1) (= len1 0) (= ret1 -129)) (erase k len flag len1 ret1)))
(rule (=> (and (= k 49) (= len 0) (= flag 0) (= len1 0) (= ret1 -129)) (erase k len flag len1 ret1)))
(rule (=> (and (= k 51) (= len 0) (= flag 0) (= len1 0) (= ret1 -129)) (erase k len flag len1 ret1)))
(rule (=> (and (= k 50) (= len 0) (= flag 0) (= len1 0) (= ret1 -129)) (erase k len flag len1 ret1)))
(rule (=> (and (= k 52) (= len 0) (= flag 0) (= len1 0) (= ret1 -129)) (erase k len flag len1 ret1)))
(rule (=> (and (= k 50) (= len 0) (= flag 1) (= len1 0) (= ret1 -129)) (erase k len flag len1 ret1)))
(rule (=> (and (> N 0) (= i 0)  (= len 0)) (inv1 i N len )))
(rule (=> (and (inv1 i N len ) (is_valid containsk1) (< i N) (= k i) (= v i) (insert k v len 0 len1 containsk1) (= i1 (+ i 1))) (inv1 i1 N len1 )))
(rule (=> (and (inv1 i N len ) (is_valid flag) (not (< i N)) (= i1 0) (= flag 0) (= ret1 MAX)) (inv2 i1 N len  flag ret1)))
(rule (=> (and (inv2 i N len flag ret) (< i N) (is_valid flag) (= flag 1) (= k i) (erase k len flag len1 ret1) (= i1 (+ i 1)) (= flag1 (- 1 flag))) (inv2 i1 N len1 flag1 ret1)))
(rule (=> (and (inv2 i N len flag ret) (< i N) (is_valid flag) (= flag 0) (= i1 (+ i 1)) (= flag1 (- 1 flag))) (inv2 i1 N len flag1 ret)))
(rule (=> (and (inv2 i N len flag ret) (is_valid flag) (not (< i N)) (not (=> (= flag 0) (= ret (- N 1))))) fail))

(query fail :print-certificate true)
==============================================================
   -> Checking if specs have changed...
      -> CHC files are different. Continuing iteration.

==================== Iteration: 3 ====================
TIMEOUT : 60
   -> Parsing CHC file: /Dualis/scripts/../benchmarks/ClassicalHornICE_working_temp/FlatHashMap4/FlatHashMap4.smt2
   -> Starting HornICE with a 1000-second timeout...
      -> Logging HornICE output to iter_3.log
   -> HornICE completed successfully.
   -> Analyzing HornICE log file: iter_3.log
      -> Found 58 internal iterations.
   -> Writing new specs to harness: insert_fuzz.cpp...
      -> Successfully created working copy '/Dualis/scripts/../benchmarks/ClassicalHornICE_working_temp/FlatHashMap4/insert_fuzz.cpp'.
   -> Starting AFL++(insert_fuzz) with a 60-second timeout...
   -> Building AFL-instrumented binary: /Dualis/scripts/../benchmarks/ClassicalHornICE_working_temp/FlatHashMap4/insert_fuzz
   -> AFL++(insert_fuzz) finished its fuzzing session.
   -> Checking fuzzing outputs for counterexamples...
Checking crashes
   -> Found 10 crash reports. Testing reproducibility...
   -> CRASH REPRODUCED with id:000003,sig:06,src:000007,time:969,execs:1915,op:havoc,rep:3
   -> CRASH REPRODUCED with id:000002,sig:06,src:000007,time:561,execs:1268,op:havoc,rep:4
   -> CRASH REPRODUCED with id:000007,sig:06,src:000007,time:3661,execs:6885,op:havoc,rep:4
   -> CRASH REPRODUCED with id:000001,sig:06,src:000007,time:431,execs:1169,op:havoc,rep:3
   -> CRASH REPRODUCED with id:000009,sig:06,src:000036,time:24334,execs:58132,op:havoc,rep:2
   -> CRASH REPRODUCED with id:000006,sig:06,src:000007,time:3476,execs:6782,op:havoc,rep:4
   -> CRASH REPRODUCED with id:000000,sig:06,src:000007,time:220,execs:587,op:havoc,rep:3
   -> CRASH REPRODUCED with id:000004,sig:06,src:000007,time:2136,execs:4602,op:havoc,rep:4
   -> CRASH REPRODUCED with id:000008,sig:06,src:000007,time:5580,execs:14907,op:havoc,rep:2
   -> CRASH REPRODUCED with id:000005,sig:06,src:000007,time:2523,execs:4810,op:havoc,rep:4
Checking queue
   -> Found 97 crash reports. Testing reproducibility...
Checking hangs
   -> Converting counterexamples for 'insert'...
      -> Found and validated 7 new rules.
   -> Writing new specs to harness: erase_fuzz.cpp...
      -> Successfully created working copy '/Dualis/scripts/../benchmarks/ClassicalHornICE_working_temp/FlatHashMap4/erase_fuzz.cpp'.
   -> Starting AFL++(erase_fuzz) with a 60-second timeout...
   -> Building AFL-instrumented binary: /Dualis/scripts/../benchmarks/ClassicalHornICE_working_temp/FlatHashMap4/erase_fuzz
   -> AFL++(erase_fuzz) finished its fuzzing session.
   -> Checking fuzzing outputs for counterexamples...
Checking crashes
Checking queue
   -> Found 117 crash reports. Testing reproducibility...
   -> CRASH REPRODUCED with id:000011,src:000007,time:0,execs:82,op:(null),pos:0,+cov
Checking hangs
   -> Converting counterexamples for 'erase'...
   -> Updating CHC file with new counterexamples...

=============== Artifacts This Iteration ===============

--- Generated Specs ---
  insert: (((((((((len <= 0) && (((v - k) - containsk) <= 0)) || (((v - k) - containsk) > 0)) && (((k - v) - containsk) <= 0)) || (((k - v) - containsk) > 0)) && (len1 <= 1)) || ((((((v > 1) && (((containsk - k) - len1) <= 0)) || (((containsk - k) - len1) > 0)) && (((containsk - v) - len1) <= 0)) || (((containsk - v) - len1) > 0)) && (len1 > 1))) && (len1 > 0) && (containsk <= 0)) || (containsk > 0))
  inv1: (((N <= 1) || ((i <= 1) && ((i - len) <= 0) && (N > 1))) && (N > 0) && (((N - i) + len) > 0))
  erase: (true)
  inv2: ((((N - i) + flag) <= 1) && (((N - i) + flag) > 0))

--- New Test Cases Found ---

--- Updated CHCs (for next iteration) ---
(declare-var N Int)
(declare-var i Int)
(declare-var i1 Int)
(declare-var i_old Int)
(declare-var containsk Int)
(declare-var containsk1 Int)
(declare-var len Int)
(declare-var len1 Int)
(declare-var flag Int)
(declare-var flag1 Int)
(declare-var ret Int)
(declare-var ret1 Int)
(declare-var k Int)
(declare-var v Int)
(declare-rel insert (Int Int Int Int Int Int))
(declare-rel erase (Int Int Int Int Int))
(declare-rel inv1 (Int Int Int))
(declare-rel inv2 (Int Int Int Int Int))
(declare-rel fail ())
(define-fun is_valid ((x Int)) Bool (or (= x 1) (= x 0)))
(define-fun MAX () Int 128)

(rule (=> (and (= k 5) (= v -1) (= len 1) (= containsk 0) (= len1 2) (= containsk1 1)) (insert k v len containsk len1 containsk1)))
(rule (=> (and (= k 51) (= v 0) (= len 1) (= containsk 0) (= len1 2) (= containsk1 1)) (insert k v len containsk len1 containsk1)))
(rule (=> (and (= k 0) (= v 1) (= len 1) (= containsk 0) (= len1 2) (= containsk1 1)) (insert k v len containsk len1 containsk1)))
(rule (=> (and (= k 1) (= v 0) (= len 1) (= containsk 0) (= len1 2) (= containsk1 1)) (insert k v len containsk len1 containsk1)))
(rule (=> (and (= k 64) (= v 0) (= len 1) (= containsk 0) (= len1 2) (= containsk1 1)) (insert k v len containsk len1 containsk1)))
(rule (=> (and (= k -1) (= v -1) (= len 1) (= containsk 0) (= len1 2) (= containsk1 1)) (insert k v len containsk len1 containsk1)))
(rule (=> (and (= k -1) (= v 0) (= len 1) (= containsk 0) (= len1 2) (= containsk1 1)) (insert k v len containsk len1 containsk1)))

(rule (=> (and (= k 0) (= v 4) (= len 1) (= containsk 0) (= len1 2) (= containsk1 1)) (insert k v len containsk len1 containsk1)))
(rule (=> (and (= k -40) (= v 4) (= len 1) (= containsk 0) (= len1 2) (= containsk1 1)) (insert k v len containsk len1 containsk1)))
(rule (=> (and (= k -75) (= v -75) (= len 7) (= containsk 0) (= len1 8) (= containsk1 1)) (insert k v len containsk len1 containsk1)))
(rule (=> (and (= k -52) (= v -52) (= len 1) (= containsk 0) (= len1 2) (= containsk1 1)) (insert k v len containsk len1 containsk1)))
(rule (=> (and (= k -1) (= v -1) (= len 0) (= containsk 0) (= len1 1) (= containsk1 1)) (insert k v len containsk len1 containsk1)))
(rule (=> (and (= k 0) (= v 0) (= len 0) (= containsk 0) (= len1 1) (= containsk1 1)) (insert k v len containsk len1 containsk1)))
(rule (=> (and (= k -52) (= v -52) (= len 0) (= containsk 0) (= len1 1) (= containsk1 1)) (insert k v len containsk len1 containsk1)))
(rule (=> (and (= k -31) (= v -31) (= len 0) (= containsk 0) (= len1 1) (= containsk1 1)) (insert k v len containsk len1 containsk1)))
(rule (=> (and (= k 51) (= v 4) (= len 7) (= containsk 0) (= len1 7) (= containsk1 1)) (insert k v len containsk len1 containsk1)))
(rule (=> (and (= k -94) (= v -94) (= len 0) (= containsk 0) (= len1 1) (= containsk1 1)) (insert k v len containsk len1 containsk1)))
(rule (=> (and (= k -1) (= v -128) (= len 1) (= containsk 0) (= len1 2) (= containsk1 1)) (insert k v len containsk len1 containsk1)))
(rule (=> (and (= k -50) (= v 4) (= len 2) (= containsk 1) (= len1 2) (= containsk1 1)) (insert k v len containsk len1 containsk1)))
(rule (=> (and (= k -128) (= v 4) (= len 8) (= containsk 0) (= len1 9) (= containsk1 1)) (insert k v len containsk len1 containsk1)))
(rule (=> (and (= k 50) (= v 50) (= len 0) (= containsk 0) (= len1 1) (= containsk1 1)) (insert k v len containsk len1 containsk1)))
(rule (=> (and (= k 0) (= v 50) (= len 0) (= containsk 0) (= len1 1) (= containsk1 1)) (insert k v len containsk len1 containsk1)))
(rule (=> (and (= k 14) (= v -9) (= len 0) (= containsk 0) (= len1 1) (= containsk1 1)) (insert k v len containsk len1 containsk1)))
(rule (=> (and (= k 48) (= v 50) (= len 1) (= containsk 0) (= len1 2) (= containsk1 1)) (insert k v len containsk len1 containsk1)))
(rule (=> (and (= k 49) (= v 3) (= len 0) (= containsk 0) (= len1 1) (= containsk1 1)) (insert k v len containsk len1 containsk1)))
(rule (=> (and (= k -5) (= v -5) (= len 1) (= containsk 1) (= len1 1) (= containsk1 1)) (insert k v len containsk len1 containsk1)))
(rule (=> (and (= k 1) (= v 1) (= len 0) (= containsk 0) (= len1 1) (= containsk1 1)) (insert k v len containsk len1 containsk1)))
(rule (=> (and (= k 48) (= v 50) (= len 0) (= containsk 0) (= len1 1) (= containsk1 1)) (insert k v len containsk len1 containsk1)))
(rule (=> (and (= k -12) (= v -24) (= len 0) (= containsk 0) (= len1 1) (= containsk1 1)) (insert k v len containsk len1 containsk1)))
(rule (=> (and (= k 51) (= v 4) (= len 0) (= containsk 0) (= len1 1) (= containsk1 1)) (insert k v len containsk len1 containsk1)))
(rule (=> (and (= k 49) (= len 0) (= flag 1) (= len1 0) (= ret1 -129)) (erase k len flag len1 ret1)))
(rule (=> (and (= k 49) (= len 0) (= flag 0) (= len1 0) (= ret1 -129)) (erase k len flag len1 ret1)))
(rule (=> (and (= k 51) (= len 0) (= flag 0) (= len1 0) (= ret1 -129)) (erase k len flag len1 ret1)))
(rule (=> (and (= k 50) (= len 0) (= flag 0) (= len1 0) (= ret1 -129)) (erase k len flag len1 ret1)))
(rule (=> (and (= k 52) (= len 0) (= flag 0) (= len1 0) (= ret1 -129)) (erase k len flag len1 ret1)))
(rule (=> (and (= k 50) (= len 0) (= flag 1) (= len1 0) (= ret1 -129)) (erase k len flag len1 ret1)))
(rule (=> (and (> N 0) (= i 0)  (= len 0)) (inv1 i N len )))
(rule (=> (and (inv1 i N len ) (is_valid containsk1) (< i N) (= k i) (= v i) (insert k v len 0 len1 containsk1) (= i1 (+ i 1))) (inv1 i1 N len1 )))
(rule (=> (and (inv1 i N len ) (is_valid flag) (not (< i N)) (= i1 0) (= flag 0) (= ret1 MAX)) (inv2 i1 N len  flag ret1)))
(rule (=> (and (inv2 i N len flag ret) (< i N) (is_valid flag) (= flag 1) (= k i) (erase k len flag len1 ret1) (= i1 (+ i 1)) (= flag1 (- 1 flag))) (inv2 i1 N len1 flag1 ret1)))
(rule (=> (and (inv2 i N len flag ret) (< i N) (is_valid flag) (= flag 0) (= i1 (+ i 1)) (= flag1 (- 1 flag))) (inv2 i1 N len flag1 ret)))
(rule (=> (and (inv2 i N len flag ret) (is_valid flag) (not (< i N)) (not (=> (= flag 0) (= ret (- N 1))))) fail))

(query fail :print-certificate true)
==============================================================
   -> Checking if specs have changed...
      -> CHC files are different. Continuing iteration.

==================== Iteration: 4 ====================
TIMEOUT : 80
   -> Parsing CHC file: /Dualis/scripts/../benchmarks/ClassicalHornICE_working_temp/FlatHashMap4/FlatHashMap4.smt2
   -> Starting HornICE with a 1000-second timeout...
      -> Logging HornICE output to iter_4.log
   -> HornICE completed successfully.
   -> Analyzing HornICE log file: iter_4.log
      -> Found 65 internal iterations.
   -> Writing new specs to harness: insert_fuzz.cpp...
      -> Successfully created working copy '/Dualis/scripts/../benchmarks/ClassicalHornICE_working_temp/FlatHashMap4/insert_fuzz.cpp'.
   -> Starting AFL++(insert_fuzz) with a 80-second timeout...
   -> Building AFL-instrumented binary: /Dualis/scripts/../benchmarks/ClassicalHornICE_working_temp/FlatHashMap4/insert_fuzz
   -> AFL++(insert_fuzz) finished its fuzzing session.
   -> Checking fuzzing outputs for counterexamples...
Checking crashes
   -> Found 10 crash reports. Testing reproducibility...
   -> CRASH REPRODUCED with id:000002,sig:06,src:000007,time:5672,execs:662,op:havoc,rep:3
   -> CRASH REPRODUCED with id:000001,sig:06,src:000007,time:723,execs:194,op:flip4,pos:3
   -> CRASH REPRODUCED with id:000008,sig:06,src:000007,time:10557,execs:1028,op:havoc,rep:4
   -> CRASH REPRODUCED with id:000000,sig:06,src:000007,time:235,execs:144,op:flip1,pos:8
   -> CRASH REPRODUCED with id:000004,sig:06,src:000007,time:6204,execs:777,op:havoc,rep:4
   -> CRASH REPRODUCED with id:000009,sig:06,src:000007,time:25148,execs:1744,op:havoc,rep:4
   -> CRASH REPRODUCED with id:000006,sig:06,src:000007,time:7604,execs:870,op:havoc,rep:1
   -> CRASH REPRODUCED with id:000007,sig:06,src:000007,time:9638,execs:939,op:havoc,rep:4
   -> CRASH REPRODUCED with id:000005,sig:06,src:000007,time:7000,execs:833,op:havoc,rep:1
   -> CRASH REPRODUCED with id:000003,sig:06,src:000007,time:5847,execs:694,op:havoc,rep:2
Checking queue
   -> Found 58 crash reports. Testing reproducibility...
Checking hangs
   -> Converting counterexamples for 'insert'...
      -> Found and validated 5 new rules.
   -> Writing new specs to harness: erase_fuzz.cpp...
      -> Successfully created working copy '/Dualis/scripts/../benchmarks/ClassicalHornICE_working_temp/FlatHashMap4/erase_fuzz.cpp'.
   -> Starting AFL++(erase_fuzz) with a 80-second timeout...
   -> Building AFL-instrumented binary: /Dualis/scripts/../benchmarks/ClassicalHornICE_working_temp/FlatHashMap4/erase_fuzz
   -> AFL++(erase_fuzz) finished its fuzzing session.
   -> Checking fuzzing outputs for counterexamples...
Checking crashes
Checking queue
   -> Found 130 crash reports. Testing reproducibility...
   -> CRASH REPRODUCED with id:000011,src:000007,time:1,execs:82,op:(null),pos:0,+cov
Checking hangs
   -> Converting counterexamples for 'erase'...
   -> Updating CHC file with new counterexamples...

=============== Artifacts This Iteration ===============

--- Generated Specs ---
  insert: (((((((k - v) - containsk) > 0) && (((containsk - len) + len1) <= 0)) || (((len <= 0) || (((v <= 0) || ((((v - k) - containsk) > 0) && (v > 0))) && (len > 0))) && (((containsk - len) + len1) > 0))) && (((len1 - len) - containsk1) <= 0) && (((len1 - len) + len1) > 1) && (containsk1 > 0) && (len1 > 0) && (containsk <= 0)) || (containsk > 0))
  inv1: (((N <= 1) || ((((N - i) + len) > 1) && ((i - N) <= (-1)) && (N > 1))) && (N > 0) && (((N - i) + len) > 0))
  erase: (true)
  inv2: ((((N - i) + flag) <= 1) && (((N - i) + flag) > 0))

--- New Test Cases Found ---

--- Updated CHCs (for next iteration) ---
(declare-var N Int)
(declare-var i Int)
(declare-var i1 Int)
(declare-var i_old Int)
(declare-var containsk Int)
(declare-var containsk1 Int)
(declare-var len Int)
(declare-var len1 Int)
(declare-var flag Int)
(declare-var flag1 Int)
(declare-var ret Int)
(declare-var ret1 Int)
(declare-var k Int)
(declare-var v Int)
(declare-rel insert (Int Int Int Int Int Int))
(declare-rel erase (Int Int Int Int Int))
(declare-rel inv1 (Int Int Int))
(declare-rel inv2 (Int Int Int Int Int))
(declare-rel fail ())
(define-fun is_valid ((x Int)) Bool (or (= x 1) (= x 0)))
(define-fun MAX () Int 128)

(rule (=> (and (= k 48) (= v 4) (= len 1) (= containsk 0) (= len1 2) (= containsk1 1)) (insert k v len containsk len1 containsk1)))
(rule (=> (and (= k 51) (= v 4) (= len 1) (= containsk 0) (= len1 2) (= containsk1 1)) (insert k v len containsk len1 containsk1)))
(rule (=> (and (= k 120) (= v 51) (= len 1) (= containsk 0) (= len1 2) (= containsk1 1)) (insert k v len containsk len1 containsk1)))
(rule (=> (and (= k 4) (= v 4) (= len 1) (= containsk 0) (= len1 2) (= containsk1 1)) (insert k v len containsk len1 containsk1)))
(rule (=> (and (= k 51) (= v 4) (= len 2) (= containsk 0) (= len1 3) (= containsk1 1)) (insert k v len containsk len1 containsk1)))

(rule (=> (and (= k 5) (= v -1) (= len 1) (= containsk 0) (= len1 2) (= containsk1 1)) (insert k v len containsk len1 containsk1)))
(rule (=> (and (= k 51) (= v 0) (= len 1) (= containsk 0) (= len1 2) (= containsk1 1)) (insert k v len containsk len1 containsk1)))
(rule (=> (and (= k 0) (= v 1) (= len 1) (= containsk 0) (= len1 2) (= containsk1 1)) (insert k v len containsk len1 containsk1)))
(rule (=> (and (= k 1) (= v 0) (= len 1) (= containsk 0) (= len1 2) (= containsk1 1)) (insert k v len containsk len1 containsk1)))
(rule (=> (and (= k 64) (= v 0) (= len 1) (= containsk 0) (= len1 2) (= containsk1 1)) (insert k v len containsk len1 containsk1)))
(rule (=> (and (= k -1) (= v -1) (= len 1) (= containsk 0) (= len1 2) (= containsk1 1)) (insert k v len containsk len1 containsk1)))
(rule (=> (and (= k -1) (= v 0) (= len 1) (= containsk 0) (= len1 2) (= containsk1 1)) (insert k v len containsk len1 containsk1)))
(rule (=> (and (= k 0) (= v 4) (= len 1) (= containsk 0) (= len1 2) (= containsk1 1)) (insert k v len containsk len1 containsk1)))
(rule (=> (and (= k -40) (= v 4) (= len 1) (= containsk 0) (= len1 2) (= containsk1 1)) (insert k v len containsk len1 containsk1)))
(rule (=> (and (= k -75) (= v -75) (= len 7) (= containsk 0) (= len1 8) (= containsk1 1)) (insert k v len containsk len1 containsk1)))
(rule (=> (and (= k -52) (= v -52) (= len 1) (= containsk 0) (= len1 2) (= containsk1 1)) (insert k v len containsk len1 containsk1)))
(rule (=> (and (= k -1) (= v -1) (= len 0) (= containsk 0) (= len1 1) (= containsk1 1)) (insert k v len containsk len1 containsk1)))
(rule (=> (and (= k 0) (= v 0) (= len 0) (= containsk 0) (= len1 1) (= containsk1 1)) (insert k v len containsk len1 containsk1)))
(rule (=> (and (= k -52) (= v -52) (= len 0) (= containsk 0) (= len1 1) (= containsk1 1)) (insert k v len containsk len1 containsk1)))
(rule (=> (and (= k -31) (= v -31) (= len 0) (= containsk 0) (= len1 1) (= containsk1 1)) (insert k v len containsk len1 containsk1)))
(rule (=> (and (= k 51) (= v 4) (= len 7) (= containsk 0) (= len1 7) (= containsk1 1)) (insert k v len containsk len1 containsk1)))
(rule (=> (and (= k -94) (= v -94) (= len 0) (= containsk 0) (= len1 1) (= containsk1 1)) (insert k v len containsk len1 containsk1)))
(rule (=> (and (= k -1) (= v -128) (= len 1) (= containsk 0) (= len1 2) (= containsk1 1)) (insert k v len containsk len1 containsk1)))
(rule (=> (and (= k -50) (= v 4) (= len 2) (= containsk 1) (= len1 2) (= containsk1 1)) (insert k v len containsk len1 containsk1)))
(rule (=> (and (= k -128) (= v 4) (= len 8) (= containsk 0) (= len1 9) (= containsk1 1)) (insert k v len containsk len1 containsk1)))
(rule (=> (and (= k 50) (= v 50) (= len 0) (= containsk 0) (= len1 1) (= containsk1 1)) (insert k v len containsk len1 containsk1)))
(rule (=> (and (= k 0) (= v 50) (= len 0) (= containsk 0) (= len1 1) (= containsk1 1)) (insert k v len containsk len1 containsk1)))
(rule (=> (and (= k 14) (= v -9) (= len 0) (= containsk 0) (= len1 1) (= containsk1 1)) (insert k v len containsk len1 containsk1)))
(rule (=> (and (= k 48) (= v 50) (= len 1) (= containsk 0) (= len1 2) (= containsk1 1)) (insert k v len containsk len1 containsk1)))
(rule (=> (and (= k 49) (= v 3) (= len 0) (= containsk 0) (= len1 1) (= containsk1 1)) (insert k v len containsk len1 containsk1)))
(rule (=> (and (= k -5) (= v -5) (= len 1) (= containsk 1) (= len1 1) (= containsk1 1)) (insert k v len containsk len1 containsk1)))
(rule (=> (and (= k 1) (= v 1) (= len 0) (= containsk 0) (= len1 1) (= containsk1 1)) (insert k v len containsk len1 containsk1)))
(rule (=> (and (= k 48) (= v 50) (= len 0) (= containsk 0) (= len1 1) (= containsk1 1)) (insert k v len containsk len1 containsk1)))
(rule (=> (and (= k -12) (= v -24) (= len 0) (= containsk 0) (= len1 1) (= containsk1 1)) (insert k v len containsk len1 containsk1)))
(rule (=> (and (= k 51) (= v 4) (= len 0) (= containsk 0) (= len1 1) (= containsk1 1)) (insert k v len containsk len1 containsk1)))
(rule (=> (and (= k 49) (= len 0) (= flag 1) (= len1 0) (= ret1 -129)) (erase k len flag len1 ret1)))
(rule (=> (and (= k 49) (= len 0) (= flag 0) (= len1 0) (= ret1 -129)) (erase k len flag len1 ret1)))
(rule (=> (and (= k 51) (= len 0) (= flag 0) (= len1 0) (= ret1 -129)) (erase k len flag len1 ret1)))
(rule (=> (and (= k 50) (= len 0) (= flag 0) (= len1 0) (= ret1 -129)) (erase k len flag len1 ret1)))
(rule (=> (and (= k 52) (= len 0) (= flag 0) (= len1 0) (= ret1 -129)) (erase k len flag len1 ret1)))
(rule (=> (and (= k 50) (= len 0) (= flag 1) (= len1 0) (= ret1 -129)) (erase k len flag len1 ret1)))
(rule (=> (and (> N 0) (= i 0)  (= len 0)) (inv1 i N len )))
(rule (=> (and (inv1 i N len ) (is_valid containsk1) (< i N) (= k i) (= v i) (insert k v len 0 len1 containsk1) (= i1 (+ i 1))) (inv1 i1 N len1 )))
(rule (=> (and (inv1 i N len ) (is_valid flag) (not (< i N)) (= i1 0) (= flag 0) (= ret1 MAX)) (inv2 i1 N len  flag ret1)))
(rule (=> (and (inv2 i N len flag ret) (< i N) (is_valid flag) (= flag 1) (= k i) (erase k len flag len1 ret1) (= i1 (+ i 1)) (= flag1 (- 1 flag))) (inv2 i1 N len1 flag1 ret1)))
(rule (=> (and (inv2 i N len flag ret) (< i N) (is_valid flag) (= flag 0) (= i1 (+ i 1)) (= flag1 (- 1 flag))) (inv2 i1 N len flag1 ret)))
(rule (=> (and (inv2 i N len flag ret) (is_valid flag) (not (< i N)) (not (=> (= flag 0) (= ret (- N 1))))) fail))

(query fail :print-certificate true)
==============================================================
   -> Checking if specs have changed...
      -> CHC files are different. Continuing iteration.

==================== Iteration: 5 ====================
TIMEOUT : 100
   -> Parsing CHC file: /Dualis/scripts/../benchmarks/ClassicalHornICE_working_temp/FlatHashMap4/FlatHashMap4.smt2
   -> Starting HornICE with a 1000-second timeout...
      -> Logging HornICE output to iter_5.log
   -> HornICE completed successfully.
   -> Analyzing HornICE log file: iter_5.log
      -> Found 81 internal iterations.
   -> Writing new specs to harness: insert_fuzz.cpp...
      -> Successfully created working copy '/Dualis/scripts/../benchmarks/ClassicalHornICE_working_temp/FlatHashMap4/insert_fuzz.cpp'.
   -> Starting AFL++(insert_fuzz) with a 100-second timeout...
   -> Building AFL-instrumented binary: /Dualis/scripts/../benchmarks/ClassicalHornICE_working_temp/FlatHashMap4/insert_fuzz
   -> AFL++(insert_fuzz) finished its fuzzing session.
   -> Checking fuzzing outputs for counterexamples...
Checking crashes
   -> Found 9 crash reports. Testing reproducibility...
   -> CRASH REPRODUCED with id:000006,sig:06,src:000007,time:1394,execs:1968,op:havoc,rep:3
   -> CRASH REPRODUCED with id:000005,sig:06,src:000007,time:1173,execs:1826,op:havoc,rep:6
   -> CRASH REPRODUCED with id:000007,sig:06,src:000007,time:1586,execs:2185,op:havoc,rep:5
   -> CRASH REPRODUCED with id:000002,sig:06,src:000007,time:643,execs:1730,op:havoc,rep:2
   -> CRASH REPRODUCED with id:000004,sig:06,src:000007,time:1023,execs:1798,op:havoc,rep:8
   -> CRASH REPRODUCED with id:000003,sig:06,src:000007,time:827,execs:1750,op:havoc,rep:7
   -> CRASH REPRODUCED with id:000008,sig:06,src:000007,time:9547,execs:17837,op:havoc,rep:7
   -> CRASH REPRODUCED with id:000000,sig:06,src:000007,time:234,execs:685,op:havoc,rep:7
   -> CRASH REPRODUCED with id:000001,sig:06,src:000007,time:452,execs:1349,op:havoc,rep:4
Checking queue
   -> Found 81 crash reports. Testing reproducibility...
Checking hangs
   -> Converting counterexamples for 'insert'...
      -> Found and validated 9 new rules.
   -> Writing new specs to harness: erase_fuzz.cpp...
      -> Successfully created working copy '/Dualis/scripts/../benchmarks/ClassicalHornICE_working_temp/FlatHashMap4/erase_fuzz.cpp'.
   -> Starting AFL++(erase_fuzz) with a 100-second timeout...
   -> Building AFL-instrumented binary: /Dualis/scripts/../benchmarks/ClassicalHornICE_working_temp/FlatHashMap4/erase_fuzz
   -> AFL++(erase_fuzz) finished its fuzzing session.
   -> Checking fuzzing outputs for counterexamples...
Checking crashes
Checking queue
   -> Found 124 crash reports. Testing reproducibility...
   -> CRASH REPRODUCED with id:000011,src:000007,time:0,execs:82,op:(null),pos:0,+cov
Checking hangs
   -> Converting counterexamples for 'erase'...
   -> Updating CHC file with new counterexamples...

=============== Artifacts This Iteration ===============

--- Generated Specs ---
  insert: ((((len <= 0) || (((((v <= 0) || ((((((k - v) + len) <= 0) && (((v - len) - containsk1) <= 0)) || (((v - len) - containsk1) > 0)) && (v > 0))) && (((len - containsk) - containsk1) <= 0)) || ((((((((containsk1 - k) - len) > 0) && (((k - v) - containsk) <= 0)) || (((k - v) - containsk) > 0)) && (((v - k) - containsk) <= 0)) || (((v - k) - containsk) > 0)) && (((len - containsk) - containsk1) > 0))) && (((len - len1) - containsk1) <= (-1)) && (len > 0))) && (((len1 - len) - containsk1) <= 0) && (((len1 - len) + len1) > 1) && (containsk1 > 0) && (containsk <= 0)) || (containsk > 0))
  inv1: ((((N > 0) && (N <= 1)) || ((((i - len) - len) <= 0) && (((N - i) + len) > 1) && ((i - N) <= (-1)) && (N > 1))) && (((N - i) + len) > 0))
  erase: (true)
  inv2: ((((i + N) - flag) > 0) && (((N - i) + flag) > 0) && (ret > 1) && (N > 0) && (N <= 1))

--- New Test Cases Found ---

--- Updated CHCs (for next iteration) ---
(declare-var N Int)
(declare-var i Int)
(declare-var i1 Int)
(declare-var i_old Int)
(declare-var containsk Int)
(declare-var containsk1 Int)
(declare-var len Int)
(declare-var len1 Int)
(declare-var flag Int)
(declare-var flag1 Int)
(declare-var ret Int)
(declare-var ret1 Int)
(declare-var k Int)
(declare-var v Int)
(declare-rel insert (Int Int Int Int Int Int))
(declare-rel erase (Int Int Int Int Int))
(declare-rel inv1 (Int Int Int))
(declare-rel inv2 (Int Int Int Int Int))
(declare-rel fail ())
(define-fun is_valid ((x Int)) Bool (or (= x 1) (= x 0)))
(define-fun MAX () Int 128)

(rule (=> (and (= k 41) (= v 41) (= len 2) (= containsk 0) (= len1 3) (= containsk1 1)) (insert k v len containsk len1 containsk1)))
(rule (=> (and (= k 50) (= v 50) (= len 2) (= containsk 0) (= len1 3) (= containsk1 1)) (insert k v len containsk len1 containsk1)))
(rule (=> (and (= k 6) (= v 1) (= len 1) (= containsk 0) (= len1 2) (= containsk1 1)) (insert k v len containsk len1 containsk1)))
(rule (=> (and (= k 0) (= v 0) (= len 2) (= containsk 0) (= len1 3) (= containsk1 1)) (insert k v len containsk len1 containsk1)))
(rule (=> (and (= k 91) (= v 91) (= len 2) (= containsk 0) (= len1 3) (= containsk1 1)) (insert k v len containsk len1 containsk1)))
(rule (=> (and (= k 0) (= v 0) (= len 3) (= containsk 0) (= len1 4) (= containsk1 1)) (insert k v len containsk len1 containsk1)))
(rule (=> (and (= k 121) (= v 121) (= len 6) (= containsk 0) (= len1 7) (= containsk1 1)) (insert k v len containsk len1 containsk1)))
(rule (=> (and (= k 4) (= v 4) (= len 2) (= containsk 0) (= len1 3) (= containsk1 1)) (insert k v len containsk len1 containsk1)))
(rule (=> (and (= k 4) (= v 4) (= len 3) (= containsk 0) (= len1 4) (= containsk1 1)) (insert k v len containsk len1 containsk1)))

(rule (=> (and (= k 48) (= v 4) (= len 1) (= containsk 0) (= len1 2) (= containsk1 1)) (insert k v len containsk len1 containsk1)))
(rule (=> (and (= k 51) (= v 4) (= len 1) (= containsk 0) (= len1 2) (= containsk1 1)) (insert k v len containsk len1 containsk1)))
(rule (=> (and (= k 120) (= v 51) (= len 1) (= containsk 0) (= len1 2) (= containsk1 1)) (insert k v len containsk len1 containsk1)))
(rule (=> (and (= k 4) (= v 4) (= len 1) (= containsk 0) (= len1 2) (= containsk1 1)) (insert k v len containsk len1 containsk1)))
(rule (=> (and (= k 51) (= v 4) (= len 2) (= containsk 0) (= len1 3) (= containsk1 1)) (insert k v len containsk len1 containsk1)))
(rule (=> (and (= k 5) (= v -1) (= len 1) (= containsk 0) (= len1 2) (= containsk1 1)) (insert k v len containsk len1 containsk1)))
(rule (=> (and (= k 51) (= v 0) (= len 1) (= containsk 0) (= len1 2) (= containsk1 1)) (insert k v len containsk len1 containsk1)))
(rule (=> (and (= k 0) (= v 1) (= len 1) (= containsk 0) (= len1 2) (= containsk1 1)) (insert k v len containsk len1 containsk1)))
(rule (=> (and (= k 1) (= v 0) (= len 1) (= containsk 0) (= len1 2) (= containsk1 1)) (insert k v len containsk len1 containsk1)))
(rule (=> (and (= k 64) (= v 0) (= len 1) (= containsk 0) (= len1 2) (= containsk1 1)) (insert k v len containsk len1 containsk1)))
(rule (=> (and (= k -1) (= v -1) (= len 1) (= containsk 0) (= len1 2) (= containsk1 1)) (insert k v len containsk len1 containsk1)))
(rule (=> (and (= k -1) (= v 0) (= len 1) (= containsk 0) (= len1 2) (= containsk1 1)) (insert k v len containsk len1 containsk1)))
(rule (=> (and (= k 0) (= v 4) (= len 1) (= containsk 0) (= len1 2) (= containsk1 1)) (insert k v len containsk len1 containsk1)))
(rule (=> (and (= k -40) (= v 4) (= len 1) (= containsk 0) (= len1 2) (= containsk1 1)) (insert k v len containsk len1 containsk1)))
(rule (=> (and (= k -75) (= v -75) (= len 7) (= containsk 0) (= len1 8) (= containsk1 1)) (insert k v len containsk len1 containsk1)))
(rule (=> (and (= k -52) (= v -52) (= len 1) (= containsk 0) (= len1 2) (= containsk1 1)) (insert k v len containsk len1 containsk1)))
(rule (=> (and (= k -1) (= v -1) (= len 0) (= containsk 0) (= len1 1) (= containsk1 1)) (insert k v len containsk len1 containsk1)))
(rule (=> (and (= k 0) (= v 0) (= len 0) (= containsk 0) (= len1 1) (= containsk1 1)) (insert k v len containsk len1 containsk1)))
(rule (=> (and (= k -52) (= v -52) (= len 0) (= containsk 0) (= len1 1) (= containsk1 1)) (insert k v len containsk len1 containsk1)))
(rule (=> (and (= k -31) (= v -31) (= len 0) (= containsk 0) (= len1 1) (= containsk1 1)) (insert k v len containsk len1 containsk1)))
(rule (=> (and (= k 51) (= v 4) (= len 7) (= containsk 0) (= len1 7) (= containsk1 1)) (insert k v len containsk len1 containsk1)))
(rule (=> (and (= k -94) (= v -94) (= len 0) (= containsk 0) (= len1 1) (= containsk1 1)) (insert k v len containsk len1 containsk1)))
(rule (=> (and (= k -1) (= v -128) (= len 1) (= containsk 0) (= len1 2) (= containsk1 1)) (insert k v len containsk len1 containsk1)))
(rule (=> (and (= k -50) (= v 4) (= len 2) (= containsk 1) (= len1 2) (= containsk1 1)) (insert k v len containsk len1 containsk1)))
(rule (=> (and (= k -128) (= v 4) (= len 8) (= containsk 0) (= len1 9) (= containsk1 1)) (insert k v len containsk len1 containsk1)))
(rule (=> (and (= k 50) (= v 50) (= len 0) (= containsk 0) (= len1 1) (= containsk1 1)) (insert k v len containsk len1 containsk1)))
(rule (=> (and (= k 0) (= v 50) (= len 0) (= containsk 0) (= len1 1) (= containsk1 1)) (insert k v len containsk len1 containsk1)))
(rule (=> (and (= k 14) (= v -9) (= len 0) (= containsk 0) (= len1 1) (= containsk1 1)) (insert k v len containsk len1 containsk1)))
(rule (=> (and (= k 48) (= v 50) (= len 1) (= containsk 0) (= len1 2) (= containsk1 1)) (insert k v len containsk len1 containsk1)))
(rule (=> (and (= k 49) (= v 3) (= len 0) (= containsk 0) (= len1 1) (= containsk1 1)) (insert k v len containsk len1 containsk1)))
(rule (=> (and (= k -5) (= v -5) (= len 1) (= containsk 1) (= len1 1) (= containsk1 1)) (insert k v len containsk len1 containsk1)))
(rule (=> (and (= k 1) (= v 1) (= len 0) (= containsk 0) (= len1 1) (= containsk1 1)) (insert k v len containsk len1 containsk1)))
(rule (=> (and (= k 48) (= v 50) (= len 0) (= containsk 0) (= len1 1) (= containsk1 1)) (insert k v len containsk len1 containsk1)))
(rule (=> (and (= k -12) (= v -24) (= len 0) (= containsk 0) (= len1 1) (= containsk1 1)) (insert k v len containsk len1 containsk1)))
(rule (=> (and (= k 51) (= v 4) (= len 0) (= containsk 0) (= len1 1) (= containsk1 1)) (insert k v len containsk len1 containsk1)))
(rule (=> (and (= k 49) (= len 0) (= flag 1) (= len1 0) (= ret1 -129)) (erase k len flag len1 ret1)))
(rule (=> (and (= k 49) (= len 0) (= flag 0) (= len1 0) (= ret1 -129)) (erase k len flag len1 ret1)))
(rule (=> (and (= k 51) (= len 0) (= flag 0) (= len1 0) (= ret1 -129)) (erase k len flag len1 ret1)))
(rule (=> (and (= k 50) (= len 0) (= flag 0) (= len1 0) (= ret1 -129)) (erase k len flag len1 ret1)))
(rule (=> (and (= k 52) (= len 0) (= flag 0) (= len1 0) (= ret1 -129)) (erase k len flag len1 ret1)))
(rule (=> (and (= k 50) (= len 0) (= flag 1) (= len1 0) (= ret1 -129)) (erase k len flag len1 ret1)))
(rule (=> (and (> N 0) (= i 0)  (= len 0)) (inv1 i N len )))
(rule (=> (and (inv1 i N len ) (is_valid containsk1) (< i N) (= k i) (= v i) (insert k v len 0 len1 containsk1) (= i1 (+ i 1))) (inv1 i1 N len1 )))
(rule (=> (and (inv1 i N len ) (is_valid flag) (not (< i N)) (= i1 0) (= flag 0) (= ret1 MAX)) (inv2 i1 N len  flag ret1)))
(rule (=> (and (inv2 i N len flag ret) (< i N) (is_valid flag) (= flag 1) (= k i) (erase k len flag len1 ret1) (= i1 (+ i 1)) (= flag1 (- 1 flag))) (inv2 i1 N len1 flag1 ret1)))
(rule (=> (and (inv2 i N len flag ret) (< i N) (is_valid flag) (= flag 0) (= i1 (+ i 1)) (= flag1 (- 1 flag))) (inv2 i1 N len flag1 ret)))
(rule (=> (and (inv2 i N len flag ret) (is_valid flag) (not (< i N)) (not (=> (= flag 0) (= ret (- N 1))))) fail))

(query fail :print-certificate true)
==============================================================
   -> Checking if specs have changed...
      -> CHC files are different. Continuing iteration.

==================== Iteration: 6 ====================
TIMEOUT : 120
   -> Parsing CHC file: /Dualis/scripts/../benchmarks/ClassicalHornICE_working_temp/FlatHashMap4/FlatHashMap4.smt2
   -> Starting HornICE with a 1000-second timeout...
      -> Logging HornICE output to iter_6.log
   -> HornICE completed successfully.
   -> Analyzing HornICE log file: iter_6.log
      -> Found 66 internal iterations.
   -> Writing new specs to harness: insert_fuzz.cpp...
      -> Successfully created working copy '/Dualis/scripts/../benchmarks/ClassicalHornICE_working_temp/FlatHashMap4/insert_fuzz.cpp'.
   -> Starting AFL++(insert_fuzz) with a 120-second timeout...
   -> Building AFL-instrumented binary: /Dualis/scripts/../benchmarks/ClassicalHornICE_working_temp/FlatHashMap4/insert_fuzz
   -> AFL++(insert_fuzz) finished its fuzzing session.
   -> Checking fuzzing outputs for counterexamples...
Checking crashes
   -> Found 11 crash reports. Testing reproducibility...
   -> CRASH REPRODUCED with id:000003,sig:06,src:000007,time:2253,execs:47877,op:havoc,rep:5
   -> CRASH REPRODUCED with id:000007,sig:06,src:000090,time:9655,execs:78761,op:havoc,rep:1
   -> CRASH REPRODUCED with id:000000,sig:06,src:000007,time:842,execs:23836,op:havoc,rep:5
   -> CRASH REPRODUCED with id:000006,sig:06,src:000090,time:7772,execs:73540,op:havoc,rep:2
   -> CRASH REPRODUCED with id:000009,sig:06,src:000075,time:40629,execs:165585,op:havoc,rep:11
   -> CRASH REPRODUCED with id:000008,sig:06,src:000090,time:13947,execs:85416,op:havoc,rep:4
   -> CRASH REPRODUCED with id:000002,sig:06,src:000007,time:1462,execs:32717,op:havoc,rep:7
   -> CRASH REPRODUCED with id:000004,sig:06,src:000090,time:3894,execs:68737,op:havoc,rep:1
   -> CRASH REPRODUCED with id:000005,sig:06,src:000090,time:4093,execs:68741,op:havoc,rep:1
   -> CRASH REPRODUCED with id:000001,sig:06,src:000007,time:1070,execs:25790,op:havoc,rep:8
   -> CRASH REPRODUCED with id:000010,sig:06,src:000107,time:101040,execs:276382,op:havoc,rep:2
Checking queue
   -> Found 116 crash reports. Testing reproducibility...
Checking hangs
   -> Converting counterexamples for 'insert'...
      -> Found and validated 7 new rules.
   -> Writing new specs to harness: erase_fuzz.cpp...
      -> Successfully created working copy '/Dualis/scripts/../benchmarks/ClassicalHornICE_working_temp/FlatHashMap4/erase_fuzz.cpp'.
   -> Starting AFL++(erase_fuzz) with a 120-second timeout...
   -> Building AFL-instrumented binary: /Dualis/scripts/../benchmarks/ClassicalHornICE_working_temp/FlatHashMap4/erase_fuzz
   -> AFL++(erase_fuzz) finished its fuzzing session.
   -> Checking fuzzing outputs for counterexamples...
Checking crashes
Checking queue
   -> Found 132 crash reports. Testing reproducibility...
   -> CRASH REPRODUCED with id:000011,src:000007,time:0,execs:82,op:(null),pos:0,+cov
Checking hangs
   -> Converting counterexamples for 'erase'...
   -> Updating CHC file with new counterexamples...

=============== Artifacts This Iteration ===============

--- Generated Specs ---
  insert: (((((((k - v) - containsk) > 0) && (((containsk - len) + len1) <= 0)) || (((len <= 0) || (((((v <= 0) || ((((k <= 0) && (((k + v) - len1) <= 0)) || (((k + v) - len1) > 0)) && (v > 0))) && (((v + len) - len1) <= 0)) || (((v + len) - len1) > 0)) && (len > 0))) && (((containsk - len) + len1) > 0))) && (((len - len1) - containsk1) <= (-1)) && (((len1 - len) - containsk1) <= 0) && (((len1 - len) + len1) > 1) && (containsk1 > 0) && (containsk <= 0)) || (containsk > 0))
  inv1: ((((N > 0) && (N <= 1)) || (((i - len) <= 0) && (i <= 1) && (N > 1))) && (((N - i) + len) > 0))
  erase: (true)
  inv2: ((((i + N) - flag) > 0) && (((N - i) + flag) > 0) && (ret > 1) && (N > 0) && (N <= 1))

--- New Test Cases Found ---

--- Updated CHCs (for next iteration) ---
(declare-var N Int)
(declare-var i Int)
(declare-var i1 Int)
(declare-var i_old Int)
(declare-var containsk Int)
(declare-var containsk1 Int)
(declare-var len Int)
(declare-var len1 Int)
(declare-var flag Int)
(declare-var flag1 Int)
(declare-var ret Int)
(declare-var ret1 Int)
(declare-var k Int)
(declare-var v Int)
(declare-rel insert (Int Int Int Int Int Int))
(declare-rel erase (Int Int Int Int Int))
(declare-rel inv1 (Int Int Int))
(declare-rel inv2 (Int Int Int Int Int))
(declare-rel fail ())
(define-fun is_valid ((x Int)) Bool (or (= x 1) (= x 0)))
(define-fun MAX () Int 128)

(rule (=> (and (= k 1) (= v 1) (= len 1) (= containsk 0) (= len1 2) (= containsk1 1)) (insert k v len containsk len1 containsk1)))
(rule (=> (and (= k -54) (= v -54) (= len 7) (= containsk 0) (= len1 7) (= containsk1 1)) (insert k v len containsk len1 containsk1)))
(rule (=> (and (= k 1) (= v 1) (= len 2) (= containsk 0) (= len1 3) (= containsk1 1)) (insert k v len containsk len1 containsk1)))
(rule (=> (and (= k 48) (= v 100) (= len 7) (= containsk 0) (= len1 7) (= containsk1 1)) (insert k v len containsk len1 containsk1)))
(rule (=> (and (= k 0) (= v 4) (= len 7) (= containsk 0) (= len1 7) (= containsk1 1)) (insert k v len containsk len1 containsk1)))
(rule (=> (and (= k 65) (= v 65) (= len 7) (= containsk 0) (= len1 7) (= containsk1 1)) (insert k v len containsk len1 containsk1)))
(rule (=> (and (= k 4) (= v 1) (= len 4) (= containsk 0) (= len1 5) (= containsk1 1)) (insert k v len containsk len1 containsk1)))

(rule (=> (and (= k 41) (= v 41) (= len 2) (= containsk 0) (= len1 3) (= containsk1 1)) (insert k v len containsk len1 containsk1)))
(rule (=> (and (= k 50) (= v 50) (= len 2) (= containsk 0) (= len1 3) (= containsk1 1)) (insert k v len containsk len1 containsk1)))
(rule (=> (and (= k 6) (= v 1) (= len 1) (= containsk 0) (= len1 2) (= containsk1 1)) (insert k v len containsk len1 containsk1)))
(rule (=> (and (= k 0) (= v 0) (= len 2) (= containsk 0) (= len1 3) (= containsk1 1)) (insert k v len containsk len1 containsk1)))
(rule (=> (and (= k 91) (= v 91) (= len 2) (= containsk 0) (= len1 3) (= containsk1 1)) (insert k v len containsk len1 containsk1)))
(rule (=> (and (= k 0) (= v 0) (= len 3) (= containsk 0) (= len1 4) (= containsk1 1)) (insert k v len containsk len1 containsk1)))
(rule (=> (and (= k 121) (= v 121) (= len 6) (= containsk 0) (= len1 7) (= containsk1 1)) (insert k v len containsk len1 containsk1)))
(rule (=> (and (= k 4) (= v 4) (= len 2) (= containsk 0) (= len1 3) (= containsk1 1)) (insert k v len containsk len1 containsk1)))
(rule (=> (and (= k 4) (= v 4) (= len 3) (= containsk 0) (= len1 4) (= containsk1 1)) (insert k v len containsk len1 containsk1)))
(rule (=> (and (= k 48) (= v 4) (= len 1) (= containsk 0) (= len1 2) (= containsk1 1)) (insert k v len containsk len1 containsk1)))
(rule (=> (and (= k 51) (= v 4) (= len 1) (= containsk 0) (= len1 2) (= containsk1 1)) (insert k v len containsk len1 containsk1)))
(rule (=> (and (= k 120) (= v 51) (= len 1) (= containsk 0) (= len1 2) (= containsk1 1)) (insert k v len containsk len1 containsk1)))
(rule (=> (and (= k 4) (= v 4) (= len 1) (= containsk 0) (= len1 2) (= containsk1 1)) (insert k v len containsk len1 containsk1)))
(rule (=> (and (= k 51) (= v 4) (= len 2) (= containsk 0) (= len1 3) (= containsk1 1)) (insert k v len containsk len1 containsk1)))
(rule (=> (and (= k 5) (= v -1) (= len 1) (= containsk 0) (= len1 2) (= containsk1 1)) (insert k v len containsk len1 containsk1)))
(rule (=> (and (= k 51) (= v 0) (= len 1) (= containsk 0) (= len1 2) (= containsk1 1)) (insert k v len containsk len1 containsk1)))
(rule (=> (and (= k 0) (= v 1) (= len 1) (= containsk 0) (= len1 2) (= containsk1 1)) (insert k v len containsk len1 containsk1)))
(rule (=> (and (= k 1) (= v 0) (= len 1) (= containsk 0) (= len1 2) (= containsk1 1)) (insert k v len containsk len1 containsk1)))
(rule (=> (and (= k 64) (= v 0) (= len 1) (= containsk 0) (= len1 2) (= containsk1 1)) (insert k v len containsk len1 containsk1)))
(rule (=> (and (= k -1) (= v -1) (= len 1) (= containsk 0) (= len1 2) (= containsk1 1)) (insert k v len containsk len1 containsk1)))
(rule (=> (and (= k -1) (= v 0) (= len 1) (= containsk 0) (= len1 2) (= containsk1 1)) (insert k v len containsk len1 containsk1)))
(rule (=> (and (= k 0) (= v 4) (= len 1) (= containsk 0) (= len1 2) (= containsk1 1)) (insert k v len containsk len1 containsk1)))
(rule (=> (and (= k -40) (= v 4) (= len 1) (= containsk 0) (= len1 2) (= containsk1 1)) (insert k v len containsk len1 containsk1)))
(rule (=> (and (= k -75) (= v -75) (= len 7) (= containsk 0) (= len1 8) (= containsk1 1)) (insert k v len containsk len1 containsk1)))
(rule (=> (and (= k -52) (= v -52) (= len 1) (= containsk 0) (= len1 2) (= containsk1 1)) (insert k v len containsk len1 containsk1)))
(rule (=> (and (= k -1) (= v -1) (= len 0) (= containsk 0) (= len1 1) (= containsk1 1)) (insert k v len containsk len1 containsk1)))
(rule (=> (and (= k 0) (= v 0) (= len 0) (= containsk 0) (= len1 1) (= containsk1 1)) (insert k v len containsk len1 containsk1)))
(rule (=> (and (= k -52) (= v -52) (= len 0) (= containsk 0) (= len1 1) (= containsk1 1)) (insert k v len containsk len1 containsk1)))
(rule (=> (and (= k -31) (= v -31) (= len 0) (= containsk 0) (= len1 1) (= containsk1 1)) (insert k v len containsk len1 containsk1)))
(rule (=> (and (= k 51) (= v 4) (= len 7) (= containsk 0) (= len1 7) (= containsk1 1)) (insert k v len containsk len1 containsk1)))
(rule (=> (and (= k -94) (= v -94) (= len 0) (= containsk 0) (= len1 1) (= containsk1 1)) (insert k v len containsk len1 containsk1)))
(rule (=> (and (= k -1) (= v -128) (= len 1) (= containsk 0) (= len1 2) (= containsk1 1)) (insert k v len containsk len1 containsk1)))
(rule (=> (and (= k -50) (= v 4) (= len 2) (= containsk 1) (= len1 2) (= containsk1 1)) (insert k v len containsk len1 containsk1)))
(rule (=> (and (= k -128) (= v 4) (= len 8) (= containsk 0) (= len1 9) (= containsk1 1)) (insert k v len containsk len1 containsk1)))
(rule (=> (and (= k 50) (= v 50) (= len 0) (= containsk 0) (= len1 1) (= containsk1 1)) (insert k v len containsk len1 containsk1)))
(rule (=> (and (= k 0) (= v 50) (= len 0) (= containsk 0) (= len1 1) (= containsk1 1)) (insert k v len containsk len1 containsk1)))
(rule (=> (and (= k 14) (= v -9) (= len 0) (= containsk 0) (= len1 1) (= containsk1 1)) (insert k v len containsk len1 containsk1)))
(rule (=> (and (= k 48) (= v 50) (= len 1) (= containsk 0) (= len1 2) (= containsk1 1)) (insert k v len containsk len1 containsk1)))
(rule (=> (and (= k 49) (= v 3) (= len 0) (= containsk 0) (= len1 1) (= containsk1 1)) (insert k v len containsk len1 containsk1)))
(rule (=> (and (= k -5) (= v -5) (= len 1) (= containsk 1) (= len1 1) (= containsk1 1)) (insert k v len containsk len1 containsk1)))
(rule (=> (and (= k 1) (= v 1) (= len 0) (= containsk 0) (= len1 1) (= containsk1 1)) (insert k v len containsk len1 containsk1)))
(rule (=> (and (= k 48) (= v 50) (= len 0) (= containsk 0) (= len1 1) (= containsk1 1)) (insert k v len containsk len1 containsk1)))
(rule (=> (and (= k -12) (= v -24) (= len 0) (= containsk 0) (= len1 1) (= containsk1 1)) (insert k v len containsk len1 containsk1)))
(rule (=> (and (= k 51) (= v 4) (= len 0) (= containsk 0) (= len1 1) (= containsk1 1)) (insert k v len containsk len1 containsk1)))
(rule (=> (and (= k 49) (= len 0) (= flag 1) (= len1 0) (= ret1 -129)) (erase k len flag len1 ret1)))
(rule (=> (and (= k 49) (= len 0) (= flag 0) (= len1 0) (= ret1 -129)) (erase k len flag len1 ret1)))
(rule (=> (and (= k 51) (= len 0) (= flag 0) (= len1 0) (= ret1 -129)) (erase k len flag len1 ret1)))
(rule (=> (and (= k 50) (= len 0) (= flag 0) (= len1 0) (= ret1 -129)) (erase k len flag len1 ret1)))
(rule (=> (and (= k 52) (= len 0) (= flag 0) (= len1 0) (= ret1 -129)) (erase k len flag len1 ret1)))
(rule (=> (and (= k 50) (= len 0) (= flag 1) (= len1 0) (= ret1 -129)) (erase k len flag len1 ret1)))
(rule (=> (and (> N 0) (= i 0)  (= len 0)) (inv1 i N len )))
(rule (=> (and (inv1 i N len ) (is_valid containsk1) (< i N) (= k i) (= v i) (insert k v len 0 len1 containsk1) (= i1 (+ i 1))) (inv1 i1 N len1 )))
(rule (=> (and (inv1 i N len ) (is_valid flag) (not (< i N)) (= i1 0) (= flag 0) (= ret1 MAX)) (inv2 i1 N len  flag ret1)))
(rule (=> (and (inv2 i N len flag ret) (< i N) (is_valid flag) (= flag 1) (= k i) (erase k len flag len1 ret1) (= i1 (+ i 1)) (= flag1 (- 1 flag))) (inv2 i1 N len1 flag1 ret1)))
(rule (=> (and (inv2 i N len flag ret) (< i N) (is_valid flag) (= flag 0) (= i1 (+ i 1)) (= flag1 (- 1 flag))) (inv2 i1 N len flag1 ret)))
(rule (=> (and (inv2 i N len flag ret) (is_valid flag) (not (< i N)) (not (=> (= flag 0) (= ret (- N 1))))) fail))

(query fail :print-certificate true)
==============================================================
   -> Checking if specs have changed...
      -> CHC files are different. Continuing iteration.

==================== Iteration: 7 ====================
TIMEOUT : 140
   -> Parsing CHC file: /Dualis/scripts/../benchmarks/ClassicalHornICE_working_temp/FlatHashMap4/FlatHashMap4.smt2
   -> Starting HornICE with a 1000-second timeout...
      -> Logging HornICE output to iter_7.log
   -> HornICE completed successfully.
   -> Analyzing HornICE log file: iter_7.log
      -> Found 114 internal iterations.
   -> Writing new specs to harness: insert_fuzz.cpp...
      -> Successfully created working copy '/Dualis/scripts/../benchmarks/ClassicalHornICE_working_temp/FlatHashMap4/insert_fuzz.cpp'.
   -> Starting AFL++(insert_fuzz) with a 140-second timeout...
   -> Building AFL-instrumented binary: /Dualis/scripts/../benchmarks/ClassicalHornICE_working_temp/FlatHashMap4/insert_fuzz
   -> AFL++(insert_fuzz) finished its fuzzing session.
   -> Checking fuzzing outputs for counterexamples...
Checking crashes
Checking queue
   -> Found 131 crash reports. Testing reproducibility...
Checking hangs
   -> Converting counterexamples for 'insert'...
   -> Writing new specs to harness: erase_fuzz.cpp...
      -> Successfully created working copy '/Dualis/scripts/../benchmarks/ClassicalHornICE_working_temp/FlatHashMap4/erase_fuzz.cpp'.
   -> Starting AFL++(erase_fuzz) with a 140-second timeout...
   -> Building AFL-instrumented binary: /Dualis/scripts/../benchmarks/ClassicalHornICE_working_temp/FlatHashMap4/erase_fuzz
   -> AFL++(erase_fuzz) finished its fuzzing session.
   -> Checking fuzzing outputs for counterexamples...
Checking crashes
   -> Found 12 crash reports. Testing reproducibility...
   -> CRASH REPRODUCED with id:000006,sig:06,src:000007,time:3408,execs:421,op:havoc,rep:13
   -> CRASH REPRODUCED with id:000000,sig:06,src:000007,time:210,execs:106,op:quick,pos:8
   -> CRASH REPRODUCED with id:000009,sig:06,src:000007,time:6755,execs:538,op:havoc,rep:10
   -> CRASH REPRODUCED with id:000007,sig:06,src:000007,time:3792,execs:427,op:havoc,rep:14
   -> CRASH REPRODUCED with id:000003,sig:06,src:000007,time:2127,execs:303,op:havoc,rep:7
   -> CRASH REPRODUCED with id:000004,sig:06,src:000007,time:2710,execs:372,op:havoc,rep:10
   -> CRASH REPRODUCED with id:000001,sig:06,src:000007,time:407,execs:148,op:flip4,pos:3
   -> CRASH REPRODUCED with id:000008,sig:06,src:000007,time:4206,execs:440,op:havoc,rep:14
   -> CRASH REPRODUCED with id:000005,sig:06,src:000007,time:3267,execs:418,op:havoc,rep:11
   -> CRASH REPRODUCED with id:000002,sig:06,src:000007,time:1934,execs:302,op:havoc,rep:8
   -> CRASH REPRODUCED with id:000010,sig:06,src:000007,time:6951,execs:539,op:havoc,rep:11
   -> CRASH REPRODUCED with id:000011,sig:06,src:000007,time:130953,execs:2598,op:havoc,rep:7
Checking queue
   -> Found 60 crash reports. Testing reproducibility...
   -> CRASH REPRODUCED with id:000011,src:000007,time:1,execs:82,op:(null),pos:0,+cov
Checking hangs
   -> Converting counterexamples for 'erase'...
      -> Found and validated 10 new rules.
   -> Updating CHC file with new counterexamples...

=============== Artifacts This Iteration ===============

--- Generated Specs ---
  insert: (true)
  inv1: (N > 0)
  erase: ((k > 1) && (len <= 0))
  inv2: (((N <= 1) || (((((i - flag) <= 0) && (((ret - N) - len) <= (-1))) || (((i - flag) <= 0) && (((ret - N) - len) > (-1)))) && (N > 1))) && (((N - i) + flag) > 0))

--- New Test Cases Found ---

--- Updated CHCs (for next iteration) ---
(declare-var N Int)
(declare-var i Int)
(declare-var i1 Int)
(declare-var i_old Int)
(declare-var containsk Int)
(declare-var containsk1 Int)
(declare-var len Int)
(declare-var len1 Int)
(declare-var flag Int)
(declare-var flag1 Int)
(declare-var ret Int)
(declare-var ret1 Int)
(declare-var k Int)
(declare-var v Int)
(declare-rel insert (Int Int Int Int Int Int))
(declare-rel erase (Int Int Int Int Int))
(declare-rel inv1 (Int Int Int))
(declare-rel inv2 (Int Int Int Int Int))
(declare-rel fail ())
(define-fun is_valid ((x Int)) Bool (or (= x 1) (= x 0)))
(define-fun MAX () Int 128)

(rule (=> (and (= k 0) (= len 0) (= flag 0) (= len1 0) (= ret1 -129)) (erase k len flag len1 ret1)))
(rule (=> (and (= k 51) (= len 1) (= flag 0) (= len1 1) (= ret1 -129)) (erase k len flag len1 ret1)))
(rule (=> (and (= k 51) (= len 2) (= flag 0) (= len1 2) (= ret1 -129)) (erase k len flag len1 ret1)))
(rule (=> (and (= k -28) (= len 0) (= flag 1) (= len1 0) (= ret1 -129)) (erase k len flag len1 ret1)))
(rule (=> (and (= k 116) (= len 1) (= flag 0) (= len1 1) (= ret1 -129)) (erase k len flag len1 ret1)))
(rule (=> (and (= k 48) (= len 1) (= flag 1) (= len1 1) (= ret1 -129)) (erase k len flag len1 ret1)))
(rule (=> (and (= k 120) (= len 1) (= flag 0) (= len1 1) (= ret1 -129)) (erase k len flag len1 ret1)))
(rule (=> (and (= k 4) (= len 1) (= flag 0) (= len1 1) (= ret1 -129)) (erase k len flag len1 ret1)))
(rule (=> (and (= k 1) (= len 2) (= flag 1) (= len1 1) (= ret1 1)) (erase k len flag len1 ret1)))
(rule (=> (and (= k 21) (= len 2) (= flag 1) (= len1 2) (= ret1 -129)) (erase k len flag len1 ret1)))

(rule (=> (and (= k 1) (= v 1) (= len 1) (= containsk 0) (= len1 2) (= containsk1 1)) (insert k v len containsk len1 containsk1)))
(rule (=> (and (= k -54) (= v -54) (= len 7) (= containsk 0) (= len1 7) (= containsk1 1)) (insert k v len containsk len1 containsk1)))
(rule (=> (and (= k 1) (= v 1) (= len 2) (= containsk 0) (= len1 3) (= containsk1 1)) (insert k v len containsk len1 containsk1)))
(rule (=> (and (= k 48) (= v 100) (= len 7) (= containsk 0) (= len1 7) (= containsk1 1)) (insert k v len containsk len1 containsk1)))
(rule (=> (and (= k 0) (= v 4) (= len 7) (= containsk 0) (= len1 7) (= containsk1 1)) (insert k v len containsk len1 containsk1)))
(rule (=> (and (= k 65) (= v 65) (= len 7) (= containsk 0) (= len1 7) (= containsk1 1)) (insert k v len containsk len1 containsk1)))
(rule (=> (and (= k 4) (= v 1) (= len 4) (= containsk 0) (= len1 5) (= containsk1 1)) (insert k v len containsk len1 containsk1)))
(rule (=> (and (= k 41) (= v 41) (= len 2) (= containsk 0) (= len1 3) (= containsk1 1)) (insert k v len containsk len1 containsk1)))
(rule (=> (and (= k 50) (= v 50) (= len 2) (= containsk 0) (= len1 3) (= containsk1 1)) (insert k v len containsk len1 containsk1)))
(rule (=> (and (= k 6) (= v 1) (= len 1) (= containsk 0) (= len1 2) (= containsk1 1)) (insert k v len containsk len1 containsk1)))
(rule (=> (and (= k 0) (= v 0) (= len 2) (= containsk 0) (= len1 3) (= containsk1 1)) (insert k v len containsk len1 containsk1)))
(rule (=> (and (= k 91) (= v 91) (= len 2) (= containsk 0) (= len1 3) (= containsk1 1)) (insert k v len containsk len1 containsk1)))
(rule (=> (and (= k 0) (= v 0) (= len 3) (= containsk 0) (= len1 4) (= containsk1 1)) (insert k v len containsk len1 containsk1)))
(rule (=> (and (= k 121) (= v 121) (= len 6) (= containsk 0) (= len1 7) (= containsk1 1)) (insert k v len containsk len1 containsk1)))
(rule (=> (and (= k 4) (= v 4) (= len 2) (= containsk 0) (= len1 3) (= containsk1 1)) (insert k v len containsk len1 containsk1)))
(rule (=> (and (= k 4) (= v 4) (= len 3) (= containsk 0) (= len1 4) (= containsk1 1)) (insert k v len containsk len1 containsk1)))
(rule (=> (and (= k 48) (= v 4) (= len 1) (= containsk 0) (= len1 2) (= containsk1 1)) (insert k v len containsk len1 containsk1)))
(rule (=> (and (= k 51) (= v 4) (= len 1) (= containsk 0) (= len1 2) (= containsk1 1)) (insert k v len containsk len1 containsk1)))
(rule (=> (and (= k 120) (= v 51) (= len 1) (= containsk 0) (= len1 2) (= containsk1 1)) (insert k v len containsk len1 containsk1)))
(rule (=> (and (= k 4) (= v 4) (= len 1) (= containsk 0) (= len1 2) (= containsk1 1)) (insert k v len containsk len1 containsk1)))
(rule (=> (and (= k 51) (= v 4) (= len 2) (= containsk 0) (= len1 3) (= containsk1 1)) (insert k v len containsk len1 containsk1)))
(rule (=> (and (= k 5) (= v -1) (= len 1) (= containsk 0) (= len1 2) (= containsk1 1)) (insert k v len containsk len1 containsk1)))
(rule (=> (and (= k 51) (= v 0) (= len 1) (= containsk 0) (= len1 2) (= containsk1 1)) (insert k v len containsk len1 containsk1)))
(rule (=> (and (= k 0) (= v 1) (= len 1) (= containsk 0) (= len1 2) (= containsk1 1)) (insert k v len containsk len1 containsk1)))
(rule (=> (and (= k 1) (= v 0) (= len 1) (= containsk 0) (= len1 2) (= containsk1 1)) (insert k v len containsk len1 containsk1)))
(rule (=> (and (= k 64) (= v 0) (= len 1) (= containsk 0) (= len1 2) (= containsk1 1)) (insert k v len containsk len1 containsk1)))
(rule (=> (and (= k -1) (= v -1) (= len 1) (= containsk 0) (= len1 2) (= containsk1 1)) (insert k v len containsk len1 containsk1)))
(rule (=> (and (= k -1) (= v 0) (= len 1) (= containsk 0) (= len1 2) (= containsk1 1)) (insert k v len containsk len1 containsk1)))
(rule (=> (and (= k 0) (= v 4) (= len 1) (= containsk 0) (= len1 2) (= containsk1 1)) (insert k v len containsk len1 containsk1)))
(rule (=> (and (= k -40) (= v 4) (= len 1) (= containsk 0) (= len1 2) (= containsk1 1)) (insert k v len containsk len1 containsk1)))
(rule (=> (and (= k -75) (= v -75) (= len 7) (= containsk 0) (= len1 8) (= containsk1 1)) (insert k v len containsk len1 containsk1)))
(rule (=> (and (= k -52) (= v -52) (= len 1) (= containsk 0) (= len1 2) (= containsk1 1)) (insert k v len containsk len1 containsk1)))
(rule (=> (and (= k -1) (= v -1) (= len 0) (= containsk 0) (= len1 1) (= containsk1 1)) (insert k v len containsk len1 containsk1)))
(rule (=> (and (= k 0) (= v 0) (= len 0) (= containsk 0) (= len1 1) (= containsk1 1)) (insert k v len containsk len1 containsk1)))
(rule (=> (and (= k -52) (= v -52) (= len 0) (= containsk 0) (= len1 1) (= containsk1 1)) (insert k v len containsk len1 containsk1)))
(rule (=> (and (= k -31) (= v -31) (= len 0) (= containsk 0) (= len1 1) (= containsk1 1)) (insert k v len containsk len1 containsk1)))
(rule (=> (and (= k 51) (= v 4) (= len 7) (= containsk 0) (= len1 7) (= containsk1 1)) (insert k v len containsk len1 containsk1)))
(rule (=> (and (= k -94) (= v -94) (= len 0) (= containsk 0) (= len1 1) (= containsk1 1)) (insert k v len containsk len1 containsk1)))
(rule (=> (and (= k -1) (= v -128) (= len 1) (= containsk 0) (= len1 2) (= containsk1 1)) (insert k v len containsk len1 containsk1)))
(rule (=> (and (= k -50) (= v 4) (= len 2) (= containsk 1) (= len1 2) (= containsk1 1)) (insert k v len containsk len1 containsk1)))
(rule (=> (and (= k -128) (= v 4) (= len 8) (= containsk 0) (= len1 9) (= containsk1 1)) (insert k v len containsk len1 containsk1)))
(rule (=> (and (= k 50) (= v 50) (= len 0) (= containsk 0) (= len1 1) (= containsk1 1)) (insert k v len containsk len1 containsk1)))
(rule (=> (and (= k 0) (= v 50) (= len 0) (= containsk 0) (= len1 1) (= containsk1 1)) (insert k v len containsk len1 containsk1)))
(rule (=> (and (= k 14) (= v -9) (= len 0) (= containsk 0) (= len1 1) (= containsk1 1)) (insert k v len containsk len1 containsk1)))
(rule (=> (and (= k 48) (= v 50) (= len 1) (= containsk 0) (= len1 2) (= containsk1 1)) (insert k v len containsk len1 containsk1)))
(rule (=> (and (= k 49) (= v 3) (= len 0) (= containsk 0) (= len1 1) (= containsk1 1)) (insert k v len containsk len1 containsk1)))
(rule (=> (and (= k -5) (= v -5) (= len 1) (= containsk 1) (= len1 1) (= containsk1 1)) (insert k v len containsk len1 containsk1)))
(rule (=> (and (= k 1) (= v 1) (= len 0) (= containsk 0) (= len1 1) (= containsk1 1)) (insert k v len containsk len1 containsk1)))
(rule (=> (and (= k 48) (= v 50) (= len 0) (= containsk 0) (= len1 1) (= containsk1 1)) (insert k v len containsk len1 containsk1)))
(rule (=> (and (= k -12) (= v -24) (= len 0) (= containsk 0) (= len1 1) (= containsk1 1)) (insert k v len containsk len1 containsk1)))
(rule (=> (and (= k 51) (= v 4) (= len 0) (= containsk 0) (= len1 1) (= containsk1 1)) (insert k v len containsk len1 containsk1)))
(rule (=> (and (= k 49) (= len 0) (= flag 1) (= len1 0) (= ret1 -129)) (erase k len flag len1 ret1)))
(rule (=> (and (= k 49) (= len 0) (= flag 0) (= len1 0) (= ret1 -129)) (erase k len flag len1 ret1)))
(rule (=> (and (= k 51) (= len 0) (= flag 0) (= len1 0) (= ret1 -129)) (erase k len flag len1 ret1)))
(rule (=> (and (= k 50) (= len 0) (= flag 0) (= len1 0) (= ret1 -129)) (erase k len flag len1 ret1)))
(rule (=> (and (= k 52) (= len 0) (= flag 0) (= len1 0) (= ret1 -129)) (erase k len flag len1 ret1)))
(rule (=> (and (= k 50) (= len 0) (= flag 1) (= len1 0) (= ret1 -129)) (erase k len flag len1 ret1)))
(rule (=> (and (> N 0) (= i 0)  (= len 0)) (inv1 i N len )))
(rule (=> (and (inv1 i N len ) (is_valid containsk1) (< i N) (= k i) (= v i) (insert k v len 0 len1 containsk1) (= i1 (+ i 1))) (inv1 i1 N len1 )))
(rule (=> (and (inv1 i N len ) (is_valid flag) (not (< i N)) (= i1 0) (= flag 0) (= ret1 MAX)) (inv2 i1 N len  flag ret1)))
(rule (=> (and (inv2 i N len flag ret) (< i N) (is_valid flag) (= flag 1) (= k i) (erase k len flag len1 ret1) (= i1 (+ i 1)) (= flag1 (- 1 flag))) (inv2 i1 N len1 flag1 ret1)))
(rule (=> (and (inv2 i N len flag ret) (< i N) (is_valid flag) (= flag 0) (= i1 (+ i 1)) (= flag1 (- 1 flag))) (inv2 i1 N len flag1 ret)))
(rule (=> (and (inv2 i N len flag ret) (is_valid flag) (not (< i N)) (not (=> (= flag 0) (= ret (- N 1))))) fail))

(query fail :print-certificate true)
==============================================================
   -> Checking if specs have changed...
      -> CHC files are different. Continuing iteration.

==================== Iteration: 8 ====================
TIMEOUT : 160
   -> Parsing CHC file: /Dualis/scripts/../benchmarks/ClassicalHornICE_working_temp/FlatHashMap4/FlatHashMap4.smt2
   -> Starting HornICE with a 1000-second timeout...
      -> Logging HornICE output to iter_8.log
   -> ERROR: HornICE timed out. Terminating.

==================== Finalizing Pipeline ====================

====================== Pipeline Finished =====================
Total External Iterations: 8
Total Unique Test Cases Found: 67
Total Internal Iterations: 418
  - Min: 7
  - Max: 114
  - Avg: 59.71
pipeline.run() took 2.2606 seconds.
Running command: /usr/bin/python3 chcverifynfuzz.py ClassicalHornICE FlatHashMap4
PID: 607026
========================================

