
========================================
         Starting Pipeline for: LruCache1 (Mode: ClassicalHornICE)
========================================
Initializing pipeline for benchmark: 'LruCache1'
   -> Loading and validating attributes from: /Dualis/scripts/../benchmarks/Classical/LruCache1/Attributes.txt
      -> Validation successful. Attribute file is consistent.

==================== Iteration: 1 ====================
TIMEOUT : 20
   -> Parsing CHC file: /Dualis/scripts/../benchmarks/ClassicalHornICE_working_temp/LruCache1/LruCache1.smt2
   -> Starting HornICE with a 1000-second timeout...
      -> Logging HornICE output to iter_1.log
   -> HornICE completed successfully.
   -> Analyzing HornICE log file: iter_1.log
      -> Found 3 internal iterations.
   -> Writing new specs to harness: insert_or_assign_fuzz.cpp...
      -> Successfully created working copy '/Dualis/scripts/../benchmarks/ClassicalHornICE_working_temp/LruCache1/insert_or_assign_fuzz.cpp'.
   -> Starting AFL++(insert_or_assign_fuzz) with a 20-second timeout...
   -> Building AFL-instrumented binary: /Dualis/scripts/../benchmarks/ClassicalHornICE_working_temp/LruCache1/insert_or_assign_fuzz
   -> AFL++(insert_or_assign_fuzz) finished its fuzzing session.
   -> Checking fuzzing outputs for counterexamples...
Checking crashes
   -> Found 9 crash reports. Testing reproducibility...
   -> CRASH REPRODUCED with id:000003,sig:06,src:000000,time:698,execs:84,op:havoc,rep:2
   -> CRASH REPRODUCED with id:000006,sig:06,src:000000,time:2055,execs:213,op:havoc,rep:2
   -> CRASH REPRODUCED with id:000008,sig:06,src:000000,time:4106,execs:325,op:havoc,rep:2
   -> CRASH REPRODUCED with id:000004,sig:06,src:000000,time:1080,execs:113,op:havoc,rep:2
   -> CRASH REPRODUCED with id:000000,sig:06,src:000000,time:163,execs:38,op:havoc,rep:2
   -> CRASH REPRODUCED with id:000002,sig:06,src:000000,time:529,execs:62,op:havoc,rep:2
   -> CRASH REPRODUCED with id:000007,sig:06,src:000000,time:3920,execs:318,op:havoc,rep:2
   -> CRASH REPRODUCED with id:000001,sig:06,src:000000,time:336,execs:61,op:havoc,rep:2
   -> CRASH REPRODUCED with id:000005,sig:06,src:000000,time:1858,execs:186,op:havoc,rep:2
Checking queue
   -> Found 4 crash reports. Testing reproducibility...
Checking hangs
   -> Converting counterexamples for 'insert_or_assign'...
      -> Found and validated 9 new rules.
   -> Writing new specs to harness: find_fuzz.cpp...
      -> Successfully created working copy '/Dualis/scripts/../benchmarks/ClassicalHornICE_working_temp/LruCache1/find_fuzz.cpp'.
   -> Starting AFL++(find_fuzz) with a 20-second timeout...
   -> Building AFL-instrumented binary: /Dualis/scripts/../benchmarks/ClassicalHornICE_working_temp/LruCache1/find_fuzz
   -> AFL++(find_fuzz) finished its fuzzing session.
   -> Checking fuzzing outputs for counterexamples...
Checking crashes
   -> Found 12 crash reports. Testing reproducibility...
   -> CRASH REPRODUCED with id:000010,sig:06,src:000000,time:9470,execs:756,op:havoc,rep:2
   -> CRASH REPRODUCED with id:000011,sig:06,src:000000,time:9824,execs:778,op:havoc,rep:2
   -> CRASH REPRODUCED with id:000004,sig:06,src:000000,time:1157,execs:98,op:havoc,rep:2
   -> CRASH REPRODUCED with id:000009,sig:06,src:000000,time:8535,execs:713,op:havoc,rep:2
   -> CRASH REPRODUCED with id:000006,sig:06,src:000000,time:2287,execs:243,op:havoc,rep:2
   -> CRASH REPRODUCED with id:000000,sig:06,src:000000,time:172,execs:43,op:havoc,rep:2
   -> CRASH REPRODUCED with id:000001,sig:06,src:000000,time:364,execs:65,op:havoc,rep:2
   -> CRASH REPRODUCED with id:000007,sig:06,src:000000,time:2497,execs:262,op:havoc,rep:1
   -> CRASH REPRODUCED with id:000005,sig:06,src:000000,time:1349,execs:139,op:havoc,rep:2
   -> CRASH REPRODUCED with id:000002,sig:06,src:000000,time:552,execs:66,op:havoc,rep:2
   -> CRASH REPRODUCED with id:000003,sig:06,src:000000,time:755,execs:77,op:havoc,rep:2
   -> CRASH REPRODUCED with id:000008,sig:06,src:000000,time:8017,execs:664,op:havoc,rep:2
Checking queue
   -> Found 4 crash reports. Testing reproducibility...
Checking hangs
   -> Converting counterexamples for 'find'...
      -> Found and validated 6 new rules.
   -> Updating CHC file with new counterexamples...

=============== Artifacts This Iteration ===============

--- Generated Specs ---
  inv1: (true)
  insert_or_assign: (false)
  find: (false)

--- New Test Cases Found ---

--- Updated CHCs (for next iteration) ---
(declare-var N Int)
(declare-var size Int)
(declare-var len Int)
(declare-var len1 Int)
(declare-var i Int)
(declare-var i1 Int)
(declare-var containsmru Int)
(declare-var containsmru1 Int)
(declare-var containsk Int)
(declare-var mru Int)
(declare-var mru1 Int)
(declare-var k Int)
(declare-var v Int)
(declare-var ret1 Int)
(declare-rel insert_or_assign (Int Int Int Int Int Int Int Int Int Int))
(declare-rel find (Int Int Int))
(declare-rel inv1 (Int Int Int Int Int Int Int))
(declare-rel fail ())
(define-fun is_valid ((x Int)) Bool (or (= x 1) (= x 0)))
(define-fun MAX () Int 128)

(rule (=> (and (= k 2) (= v -1) (= len 0) (= mru 128) (= size 6) (= containsmru 0) (= len1 1) (= mru1 -1) (= containsmru1 0) (= ret1 0)) (insert_or_assign k v len mru size containsmru len1 mru1 containsmru1 ret1)))
(rule (=> (and (= k 2) (= v -1) (= len 1) (= mru 79) (= size 9) (= containsmru 0) (= len1 2) (= mru1 -1) (= containsmru1 1) (= ret1 0)) (insert_or_assign k v len mru size containsmru len1 mru1 containsmru1 ret1)))
(rule (=> (and (= k 2) (= v -1) (= len 2) (= mru -1) (= size 5) (= containsmru 1) (= len1 3) (= mru1 -1) (= containsmru1 1) (= ret1 0)) (insert_or_assign k v len mru size containsmru len1 mru1 containsmru1 ret1)))
(rule (=> (and (= k 25) (= v -1) (= len 0) (= mru 128) (= size 5) (= containsmru 0) (= len1 1) (= mru1 -1) (= containsmru1 0) (= ret1 0)) (insert_or_assign k v len mru size containsmru len1 mru1 containsmru1 ret1)))
(rule (=> (and (= k 2) (= v -1) (= len 3) (= mru -1) (= size 9) (= containsmru 0) (= len1 3) (= mru1 -1) (= containsmru1 0) (= ret1 0)) (insert_or_assign k v len mru size containsmru len1 mru1 containsmru1 ret1)))
(rule (=> (and (= k 2) (= v -1) (= len 1) (= mru -22) (= size 4) (= containsmru 0) (= len1 2) (= mru1 -1) (= containsmru1 1) (= ret1 0)) (insert_or_assign k v len mru size containsmru len1 mru1 containsmru1 ret1)))
(rule (=> (and (= k 73) (= v 6) (= len 1) (= mru 73) (= size 3) (= containsmru 1) (= len1 1) (= mru1 6) (= containsmru1 0) (= ret1 0)) (insert_or_assign k v len mru size containsmru len1 mru1 containsmru1 ret1)))
(rule (=> (and (= k 26) (= v -1) (= len 0) (= mru 128) (= size 5) (= containsmru 0) (= len1 1) (= mru1 -1) (= containsmru1 0) (= ret1 0)) (insert_or_assign k v len mru size containsmru len1 mru1 containsmru1 ret1)))
(rule (=> (and (= k 0) (= v 0) (= len 1) (= mru -1) (= size 1) (= containsmru 1) (= len1 1) (= mru1 0) (= containsmru1 1) (= ret1 0)) (insert_or_assign k v len mru size containsmru len1 mru1 containsmru1 ret1)))
(rule (=> (and (= k 0) (= containsk 0) (= mru1 128)) (find k containsk mru1)))
(rule (=> (and (= k 0) (= containsk 1) (= mru1 0)) (find k containsk mru1)))
(rule (=> (and (= k -1) (= containsk 1) (= mru1 -1)) (find k containsk mru1)))
(rule (=> (and (= k 2) (= containsk 0) (= mru1 128)) (find k containsk mru1)))
(rule (=> (and (= k 2) (= containsk 1) (= mru1 -1)) (find k containsk mru1)))
(rule (=> (and (= k 3) (= containsk 0) (= mru1 128)) (find k containsk mru1)))

(rule (=> (and (>= N 3) (= size N) (= len 0) (= i 0) (= containsmru 0) (= containsk 0) (= mru MAX) ) (inv1 i N len  mru size containsmru containsk)))
(rule (=> (and (inv1 i N len  mru size containsmru containsk) (is_valid containsmru) (< i N) (= k i) (= v i) (insert_or_assign k v len mru size containsmru len1 mru1 containsmru1 ret1) (= i1 (+ i 1))) (inv1 i1 N len1  mru1 size containsmru1 containsk)))
(rule (=> (and (inv1 i N len  mru size containsmru containsk) (is_valid containsmru) (is_valid containsk) (not (< i N)) (<= 0 k) (< k N) (find k containsk  mru1) (= mru1 MAX)) fail))

(query fail :print-certificate true)
==============================================================
   -> Checking if specs have changed...
      -> CHC files are different. Continuing iteration.

==================== Iteration: 2 ====================
TIMEOUT : 40
   -> Parsing CHC file: /Dualis/scripts/../benchmarks/ClassicalHornICE_working_temp/LruCache1/LruCache1.smt2
   -> Starting HornICE with a 1000-second timeout...
      -> Logging HornICE output to iter_2.log
   -> ERROR: HornICE timed out. Terminating.

==================== Finalizing Pipeline ====================

====================== Pipeline Finished =====================
Total External Iterations: 2
Total Unique Test Cases Found: 15
Total Internal Iterations: 3
  - Min: 3
  - Max: 3
  - Avg: 3.00
pipeline.run() took 0.6878 seconds.
Running command: /usr/bin/python3 chcverifynfuzz.py ClassicalHornICE LruCache1
PID: 607026
========================================

