
========================================
         Starting Pipeline for: Max (Mode: ClassicalHornICE)
========================================
Initializing pipeline for benchmark: 'Max'
   -> Loading and validating attributes from: /Dualis/scripts/../benchmarks/Classical/Max/Attributes.txt
      -> Validation successful. Attribute file is consistent.

==================== Iteration: 1 ====================
TIMEOUT : 20
   -> Parsing CHC file: /Dualis/scripts/../benchmarks/ClassicalHornICE_working_temp/Max/Max.smt2
   -> Starting HornICE with a 1000-second timeout...
      -> Logging HornICE output to iter_1.log
   -> HornICE completed successfully.
   -> Analyzing HornICE log file: iter_1.log
      -> Found 6 internal iterations.
   -> Writing new specs to harness: append_fuzz.cpp...
      -> Successfully created working copy '/Dualis/scripts/../benchmarks/ClassicalHornICE_working_temp/Max/append_fuzz.cpp'.
   -> Starting AFL++(append_fuzz) with a 20-second timeout...
   -> Building AFL-instrumented binary: /Dualis/scripts/../benchmarks/ClassicalHornICE_working_temp/Max/append_fuzz
   -> AFL++(append_fuzz) finished its fuzzing session.
   -> Checking fuzzing outputs for counterexamples...
Checking crashes
   -> Found 6 crash reports. Testing reproducibility...
   -> CRASH REPRODUCED with id:000005,sig:06,src:000000,time:4,execs:44,op:havoc,rep:8
   -> CRASH REPRODUCED with id:000001,sig:06,src:000000,time:1,execs:25,op:havoc,rep:5
   -> CRASH REPRODUCED with id:000002,sig:06,src:000000,time:1,execs:28,op:havoc,rep:2
   -> CRASH REPRODUCED with id:000000,sig:06,src:000000,time:0,execs:18,op:havoc,rep:7
   -> CRASH REPRODUCED with id:000004,sig:06,src:000000,time:4,execs:43,op:havoc,rep:8
   -> CRASH REPRODUCED with id:000003,sig:06,src:000000,time:2,execs:32,op:havoc,rep:7
Checking queue
   -> Found 1 crash reports. Testing reproducibility...
Checking hangs
   -> Converting counterexamples for 'append'...
      -> Found and validated 6 new rules.
   -> Updating CHC file with new counterexamples...

=============== Artifacts This Iteration ===============

--- Generated Specs ---
  inv: (((lmax - gmax) <= 0) && ((lmax - gmax) > (-1)))
  append: (false)

--- New Test Cases Found ---

--- Updated CHCs (for next iteration) ---
(declare-var lmax Int)
(declare-var lmax1 Int)
(declare-var gmax Int)
(declare-var v Int)
(declare-rel append (Int Int Int))
(declare-rel inv (Int Int))
(declare-rel fail ())
(define-fun MIN () Int -129)

(rule (=> (and (= v 0) (= lmax -129) (= lmax1 0)) (append v lmax lmax1)))
(rule (=> (and (= v 0) (= lmax 16) (= lmax1 16)) (append v lmax lmax1)))
(rule (=> (and (= v 16) (= lmax -1) (= lmax1 16)) (append v lmax lmax1)))
(rule (=> (and (= v 27) (= lmax 107) (= lmax1 107)) (append v lmax lmax1)))
(rule (=> (and (= v 0) (= lmax -44) (= lmax1 0)) (append v lmax lmax1)))
(rule (=> (and (= v 0) (= lmax 127) (= lmax1 127)) (append v lmax lmax1)))

(rule (=> (and (= lmax MIN) (= gmax MIN)) (inv lmax gmax)))
(rule (=> (and (inv lmax gmax) (append v lmax lmax1) (< gmax v)) (inv lmax1 v)))
(rule (=> (and (inv lmax gmax) (append v lmax lmax1) (not (< gmax v))) (inv lmax1 gmax)))
(rule (=> (and (inv lmax gmax) (not (= gmax lmax))) fail))

(query fail :print-certificate true)
==============================================================
   -> Checking if specs have changed...
      -> CHC files are different. Continuing iteration.

==================== Iteration: 2 ====================
TIMEOUT : 40
   -> Parsing CHC file: /Dualis/scripts/../benchmarks/ClassicalHornICE_working_temp/Max/Max.smt2
   -> Starting HornICE with a 1000-second timeout...
      -> Logging HornICE output to iter_2.log
   -> HornICE completed successfully.
   -> Analyzing HornICE log file: iter_2.log
      -> Found 16 internal iterations.
   -> Writing new specs to harness: append_fuzz.cpp...
      -> Successfully created working copy '/Dualis/scripts/../benchmarks/ClassicalHornICE_working_temp/Max/append_fuzz.cpp'.
   -> Starting AFL++(append_fuzz) with a 40-second timeout...
   -> Building AFL-instrumented binary: /Dualis/scripts/../benchmarks/ClassicalHornICE_working_temp/Max/append_fuzz
   -> AFL++(append_fuzz) finished its fuzzing session.
   -> Checking fuzzing outputs for counterexamples...
Checking crashes
   -> Found 6 crash reports. Testing reproducibility...
   -> CRASH REPRODUCED with id:000003,sig:06,src:000000,time:293,execs:111,op:havoc,rep:8
   -> CRASH REPRODUCED with id:000005,sig:06,src:000000,time:295,execs:139,op:havoc,rep:7
   -> CRASH REPRODUCED with id:000001,sig:06,src:000000,time:290,execs:68,op:havoc,rep:7
   -> CRASH REPRODUCED with id:000004,sig:06,src:000000,time:294,execs:127,op:havoc,rep:5
   -> CRASH REPRODUCED with id:000000,sig:06,src:000000,time:2,execs:36,op:havoc,rep:5
   -> CRASH REPRODUCED with id:000002,sig:06,src:000000,time:292,execs:99,op:havoc,rep:6
Checking queue
   -> Found 25 crash reports. Testing reproducibility...
Checking hangs
   -> Converting counterexamples for 'append'...
      -> Found and validated 6 new rules.
   -> Updating CHC file with new counterexamples...

=============== Artifacts This Iteration ===============

--- Generated Specs ---
  append: (((((lmax - lmax1) <= 0) && ((lmax - lmax1) > (-1)) && ((v - lmax1) <= (-1))) || ((lmax <= (-1)) && ((v - lmax1) > (-1)))) && ((v - lmax1) <= 0) && ((v + lmax1) > (-1)))
  inv: (((lmax - gmax) <= 0) && ((lmax - gmax) > (-1)))

--- New Test Cases Found ---

--- Updated CHCs (for next iteration) ---
(declare-var lmax Int)
(declare-var lmax1 Int)
(declare-var gmax Int)
(declare-var v Int)
(declare-rel append (Int Int Int))
(declare-rel inv (Int Int))
(declare-rel fail ())
(define-fun MIN () Int -129)

(rule (=> (and (= v -128) (= lmax 64) (= lmax1 64)) (append v lmax lmax1)))
(rule (=> (and (= v -88) (= lmax -129) (= lmax1 -88)) (append v lmax lmax1)))
(rule (=> (and (= v -9) (= lmax -9) (= lmax1 -9)) (append v lmax lmax1)))
(rule (=> (and (= v 93) (= lmax 93) (= lmax1 93)) (append v lmax lmax1)))
(rule (=> (and (= v 25) (= lmax 25) (= lmax1 25)) (append v lmax lmax1)))
(rule (=> (and (= v -1) (= lmax -1) (= lmax1 -1)) (append v lmax lmax1)))

(rule (=> (and (= v 0) (= lmax -129) (= lmax1 0)) (append v lmax lmax1)))
(rule (=> (and (= v 0) (= lmax 16) (= lmax1 16)) (append v lmax lmax1)))
(rule (=> (and (= v 16) (= lmax -1) (= lmax1 16)) (append v lmax lmax1)))
(rule (=> (and (= v 27) (= lmax 107) (= lmax1 107)) (append v lmax lmax1)))
(rule (=> (and (= v 0) (= lmax -44) (= lmax1 0)) (append v lmax lmax1)))
(rule (=> (and (= v 0) (= lmax 127) (= lmax1 127)) (append v lmax lmax1)))
(rule (=> (and (= lmax MIN) (= gmax MIN)) (inv lmax gmax)))
(rule (=> (and (inv lmax gmax) (append v lmax lmax1) (< gmax v)) (inv lmax1 v)))
(rule (=> (and (inv lmax gmax) (append v lmax lmax1) (not (< gmax v))) (inv lmax1 gmax)))
(rule (=> (and (inv lmax gmax) (not (= gmax lmax))) fail))

(query fail :print-certificate true)
==============================================================
   -> Checking if specs have changed...
      -> CHC files are different. Continuing iteration.

==================== Iteration: 3 ====================
TIMEOUT : 60
   -> Parsing CHC file: /Dualis/scripts/../benchmarks/ClassicalHornICE_working_temp/Max/Max.smt2
   -> Starting HornICE with a 1000-second timeout...
      -> Logging HornICE output to iter_3.log
   -> HornICE completed successfully.
   -> Analyzing HornICE log file: iter_3.log
      -> Found 13 internal iterations.
   -> Writing new specs to harness: append_fuzz.cpp...
      -> Successfully created working copy '/Dualis/scripts/../benchmarks/ClassicalHornICE_working_temp/Max/append_fuzz.cpp'.
   -> Starting AFL++(append_fuzz) with a 60-second timeout...
   -> Building AFL-instrumented binary: /Dualis/scripts/../benchmarks/ClassicalHornICE_working_temp/Max/append_fuzz
   -> AFL++(append_fuzz) finished its fuzzing session.
   -> Checking fuzzing outputs for counterexamples...
Checking crashes
   -> Found 5 crash reports. Testing reproducibility...
   -> CRASH REPRODUCED with id:000000,sig:06,src:000000,time:227,execs:306,op:havoc,rep:16
   -> CRASH REPRODUCED with id:000001,sig:06,src:000000,time:386,execs:399,op:havoc,rep:10
   -> CRASH REPRODUCED with id:000003,sig:06,src:000000,time:1421,execs:1647,op:havoc,rep:9
   -> CRASH REPRODUCED with id:000002,sig:06,src:000000,time:1216,execs:1443,op:havoc,rep:13
   -> CRASH REPRODUCED with id:000004,sig:06,src:000000,time:2028,execs:2054,op:havoc,rep:15
Checking queue
   -> Found 25 crash reports. Testing reproducibility...
Checking hangs
   -> Converting counterexamples for 'append'...
      -> Found and validated 3 new rules.
   -> Updating CHC file with new counterexamples...

=============== Artifacts This Iteration ===============

--- Generated Specs ---
  append: ((((lmax - lmax1) <= 0) && ((lmax - lmax1) > (-1)) && (((lmax - v) + lmax1) > 0) && ((v - lmax1) <= (-1))) || (((((v - lmax1) <= 0) && ((lmax - lmax1) <= (-1))) || (((lmax - lmax1) <= 0) && ((v - lmax1) <= 0) && ((lmax - lmax1) > (-1)))) && ((v - lmax1) > (-1))))
  inv: (((lmax - gmax) <= 0) && ((lmax - gmax) > (-1)))

--- New Test Cases Found ---

--- Updated CHCs (for next iteration) ---
(declare-var lmax Int)
(declare-var lmax1 Int)
(declare-var gmax Int)
(declare-var v Int)
(declare-rel append (Int Int Int))
(declare-rel inv (Int Int))
(declare-rel fail ())
(define-fun MIN () Int -129)

(rule (=> (and (= v -44) (= lmax -26) (= lmax1 -26)) (append v lmax lmax1)))
(rule (=> (and (= v -2) (= lmax -1) (= lmax1 -1)) (append v lmax lmax1)))
(rule (=> (and (= v -12) (= lmax -6) (= lmax1 -6)) (append v lmax lmax1)))

(rule (=> (and (= v -128) (= lmax 64) (= lmax1 64)) (append v lmax lmax1)))
(rule (=> (and (= v -88) (= lmax -129) (= lmax1 -88)) (append v lmax lmax1)))
(rule (=> (and (= v -9) (= lmax -9) (= lmax1 -9)) (append v lmax lmax1)))
(rule (=> (and (= v 93) (= lmax 93) (= lmax1 93)) (append v lmax lmax1)))
(rule (=> (and (= v 25) (= lmax 25) (= lmax1 25)) (append v lmax lmax1)))
(rule (=> (and (= v -1) (= lmax -1) (= lmax1 -1)) (append v lmax lmax1)))
(rule (=> (and (= v 0) (= lmax -129) (= lmax1 0)) (append v lmax lmax1)))
(rule (=> (and (= v 0) (= lmax 16) (= lmax1 16)) (append v lmax lmax1)))
(rule (=> (and (= v 16) (= lmax -1) (= lmax1 16)) (append v lmax lmax1)))
(rule (=> (and (= v 27) (= lmax 107) (= lmax1 107)) (append v lmax lmax1)))
(rule (=> (and (= v 0) (= lmax -44) (= lmax1 0)) (append v lmax lmax1)))
(rule (=> (and (= v 0) (= lmax 127) (= lmax1 127)) (append v lmax lmax1)))
(rule (=> (and (= lmax MIN) (= gmax MIN)) (inv lmax gmax)))
(rule (=> (and (inv lmax gmax) (append v lmax lmax1) (< gmax v)) (inv lmax1 v)))
(rule (=> (and (inv lmax gmax) (append v lmax lmax1) (not (< gmax v))) (inv lmax1 gmax)))
(rule (=> (and (inv lmax gmax) (not (= gmax lmax))) fail))

(query fail :print-certificate true)
==============================================================
   -> Checking if specs have changed...
      -> CHC files are different. Continuing iteration.

==================== Iteration: 4 ====================
TIMEOUT : 80
   -> Parsing CHC file: /Dualis/scripts/../benchmarks/ClassicalHornICE_working_temp/Max/Max.smt2
   -> Starting HornICE with a 1000-second timeout...
      -> Logging HornICE output to iter_4.log
   -> HornICE completed successfully.
   -> Analyzing HornICE log file: iter_4.log
      -> Found 11 internal iterations.
   -> Writing new specs to harness: append_fuzz.cpp...
      -> Successfully created working copy '/Dualis/scripts/../benchmarks/ClassicalHornICE_working_temp/Max/append_fuzz.cpp'.
   -> Starting AFL++(append_fuzz) with a 80-second timeout...
   -> Building AFL-instrumented binary: /Dualis/scripts/../benchmarks/ClassicalHornICE_working_temp/Max/append_fuzz
   -> AFL++(append_fuzz) finished its fuzzing session.
   -> Checking fuzzing outputs for counterexamples...
Checking crashes
Checking queue
   -> Found 49 crash reports. Testing reproducibility...
Checking hangs
   -> Converting counterexamples for 'append'...
   -> Updating CHC file with new counterexamples...

=============== Artifacts This Iteration ===============

--- Generated Specs ---
  append: (((((v - lmax1) > (-1)) && ((lmax - lmax1) <= (-1))) || (((lmax - lmax1) <= 0) && ((lmax - lmax1) > (-1)))) && ((v - lmax1) <= 0))
  inv: (((lmax - gmax) > (-1)) && ((lmax - gmax) <= 0))

--- New Test Cases Found ---

--- Updated CHCs (for next iteration) ---
(declare-var lmax Int)
(declare-var lmax1 Int)
(declare-var gmax Int)
(declare-var v Int)
(declare-rel append (Int Int Int))
(declare-rel inv (Int Int))
(declare-rel fail ())
(define-fun MIN () Int -129)


(rule (=> (and (= v -44) (= lmax -26) (= lmax1 -26)) (append v lmax lmax1)))
(rule (=> (and (= v -2) (= lmax -1) (= lmax1 -1)) (append v lmax lmax1)))
(rule (=> (and (= v -12) (= lmax -6) (= lmax1 -6)) (append v lmax lmax1)))
(rule (=> (and (= v -128) (= lmax 64) (= lmax1 64)) (append v lmax lmax1)))
(rule (=> (and (= v -88) (= lmax -129) (= lmax1 -88)) (append v lmax lmax1)))
(rule (=> (and (= v -9) (= lmax -9) (= lmax1 -9)) (append v lmax lmax1)))
(rule (=> (and (= v 93) (= lmax 93) (= lmax1 93)) (append v lmax lmax1)))
(rule (=> (and (= v 25) (= lmax 25) (= lmax1 25)) (append v lmax lmax1)))
(rule (=> (and (= v -1) (= lmax -1) (= lmax1 -1)) (append v lmax lmax1)))
(rule (=> (and (= v 0) (= lmax -129) (= lmax1 0)) (append v lmax lmax1)))
(rule (=> (and (= v 0) (= lmax 16) (= lmax1 16)) (append v lmax lmax1)))
(rule (=> (and (= v 16) (= lmax -1) (= lmax1 16)) (append v lmax lmax1)))
(rule (=> (and (= v 27) (= lmax 107) (= lmax1 107)) (append v lmax lmax1)))
(rule (=> (and (= v 0) (= lmax -44) (= lmax1 0)) (append v lmax lmax1)))
(rule (=> (and (= v 0) (= lmax 127) (= lmax1 127)) (append v lmax lmax1)))
(rule (=> (and (= lmax MIN) (= gmax MIN)) (inv lmax gmax)))
(rule (=> (and (inv lmax gmax) (append v lmax lmax1) (< gmax v)) (inv lmax1 v)))
(rule (=> (and (inv lmax gmax) (append v lmax lmax1) (not (< gmax v))) (inv lmax1 gmax)))
(rule (=> (and (inv lmax gmax) (not (= gmax lmax))) fail))

(query fail :print-certificate true)
==============================================================
   -> Checking if specs have changed...
      -> CHC files are different. Continuing iteration.

==================== Iteration: 5 ====================
TIMEOUT : 100
   -> Parsing CHC file: /Dualis/scripts/../benchmarks/ClassicalHornICE_working_temp/Max/Max.smt2
   -> Starting HornICE with a 1000-second timeout...
      -> Logging HornICE output to iter_5.log
   -> HornICE completed successfully.
   -> Analyzing HornICE log file: iter_5.log
      -> Found 11 internal iterations.
   -> Writing new specs to harness: append_fuzz.cpp...
      -> Successfully created working copy '/Dualis/scripts/../benchmarks/ClassicalHornICE_working_temp/Max/append_fuzz.cpp'.
   -> Starting AFL++(append_fuzz) with a 100-second timeout...
   -> Building AFL-instrumented binary: /Dualis/scripts/../benchmarks/ClassicalHornICE_working_temp/Max/append_fuzz
   -> AFL++(append_fuzz) finished its fuzzing session.
   -> Checking fuzzing outputs for counterexamples...
Checking crashes
Checking queue
   -> Found 47 crash reports. Testing reproducibility...
Checking hangs
   -> Converting counterexamples for 'append'...
   -> Updating CHC file with new counterexamples...

=============== Artifacts This Iteration ===============

--- Generated Specs ---
  append: (((((v - lmax1) > (-1)) && ((lmax - lmax1) <= (-1))) || (((lmax - lmax1) <= 0) && ((lmax - lmax1) > (-1)))) && ((v - lmax1) <= 0))
  inv: (((lmax - gmax) > (-1)) && ((lmax - gmax) <= 0))

--- New Test Cases Found ---

--- Updated CHCs (for next iteration) ---
(declare-var lmax Int)
(declare-var lmax1 Int)
(declare-var gmax Int)
(declare-var v Int)
(declare-rel append (Int Int Int))
(declare-rel inv (Int Int))
(declare-rel fail ())
(define-fun MIN () Int -129)


(rule (=> (and (= v -44) (= lmax -26) (= lmax1 -26)) (append v lmax lmax1)))
(rule (=> (and (= v -2) (= lmax -1) (= lmax1 -1)) (append v lmax lmax1)))
(rule (=> (and (= v -12) (= lmax -6) (= lmax1 -6)) (append v lmax lmax1)))
(rule (=> (and (= v -128) (= lmax 64) (= lmax1 64)) (append v lmax lmax1)))
(rule (=> (and (= v -88) (= lmax -129) (= lmax1 -88)) (append v lmax lmax1)))
(rule (=> (and (= v -9) (= lmax -9) (= lmax1 -9)) (append v lmax lmax1)))
(rule (=> (and (= v 93) (= lmax 93) (= lmax1 93)) (append v lmax lmax1)))
(rule (=> (and (= v 25) (= lmax 25) (= lmax1 25)) (append v lmax lmax1)))
(rule (=> (and (= v -1) (= lmax -1) (= lmax1 -1)) (append v lmax lmax1)))
(rule (=> (and (= v 0) (= lmax -129) (= lmax1 0)) (append v lmax lmax1)))
(rule (=> (and (= v 0) (= lmax 16) (= lmax1 16)) (append v lmax lmax1)))
(rule (=> (and (= v 16) (= lmax -1) (= lmax1 16)) (append v lmax lmax1)))
(rule (=> (and (= v 27) (= lmax 107) (= lmax1 107)) (append v lmax lmax1)))
(rule (=> (and (= v 0) (= lmax -44) (= lmax1 0)) (append v lmax lmax1)))
(rule (=> (and (= v 0) (= lmax 127) (= lmax1 127)) (append v lmax lmax1)))
(rule (=> (and (= lmax MIN) (= gmax MIN)) (inv lmax gmax)))
(rule (=> (and (inv lmax gmax) (append v lmax lmax1) (< gmax v)) (inv lmax1 v)))
(rule (=> (and (inv lmax gmax) (append v lmax lmax1) (not (< gmax v))) (inv lmax1 gmax)))
(rule (=> (and (inv lmax gmax) (not (= gmax lmax))) fail))

(query fail :print-certificate true)
==============================================================
   -> Checking if specs have changed...
      -> CHC files are identical. Pipeline has converged.
   -> 15-minute deep fuzzing converged. Pipeline complete.

==================== Finalizing Pipeline ====================

====================== Pipeline Finished =====================
Total External Iterations: 5
Total Unique Test Cases Found: 15
Total Internal Iterations: 57
  - Min: 6
  - Max: 16
  - Avg: 11.40
pipeline.run() took 0.7054 seconds.
Running command: /usr/bin/python3 chcverifynfuzz.py ClassicalHornICE Max
PID: 607027
========================================

