
========================================
         Starting Pipeline for: Min (Mode: ClassicalHornICE)
========================================
Initializing pipeline for benchmark: 'Min'
   -> Loading and validating attributes from: /Dualis/scripts/../benchmarks/Classical/Min/Attributes.txt
      -> Validation successful. Attribute file is consistent.

==================== Iteration: 1 ====================
TIMEOUT : 20
   -> Parsing CHC file: /Dualis/scripts/../benchmarks/ClassicalHornICE_working_temp/Min/Min.smt2
   -> Starting HornICE with a 1000-second timeout...
      -> Logging HornICE output to iter_1.log
   -> HornICE completed successfully.
   -> Analyzing HornICE log file: iter_1.log
      -> Found 10 internal iterations.
   -> Writing new specs to harness: append_fuzz.cpp...
      -> Successfully created working copy '/Dualis/scripts/../benchmarks/ClassicalHornICE_working_temp/Min/append_fuzz.cpp'.
   -> Starting AFL++(append_fuzz) with a 20-second timeout...
   -> Building AFL-instrumented binary: /Dualis/scripts/../benchmarks/ClassicalHornICE_working_temp/Min/append_fuzz
   -> AFL++(append_fuzz) finished its fuzzing session.
   -> Checking fuzzing outputs for counterexamples...
Checking crashes
   -> Found 5 crash reports. Testing reproducibility...
   -> CRASH REPRODUCED with id:000003,sig:06,src:000000,time:2071,execs:32,op:havoc,rep:4
   -> CRASH REPRODUCED with id:000004,sig:06,src:000000,time:14584,execs:141,op:havoc,rep:4
   -> CRASH REPRODUCED with id:000001,sig:06,src:000000,time:422,execs:20,op:havoc,rep:12
   -> CRASH REPRODUCED with id:000002,sig:06,src:000000,time:653,execs:21,op:havoc,rep:14
   -> CRASH REPRODUCED with id:000000,sig:06,src:000000,time:212,execs:19,op:havoc,rep:8
Checking queue
   -> Found 1 crash reports. Testing reproducibility...
Checking hangs
   -> Converting counterexamples for 'append'...
      -> Found and validated 5 new rules.
   -> Updating CHC file with new counterexamples...

=============== Artifacts This Iteration ===============

--- Generated Specs ---
  inv: (((lmin - gmin) > (-1)) && ((lmin - gmin) <= 0))
  append: (false)

--- New Test Cases Found ---

--- Updated CHCs (for next iteration) ---
(declare-var lmin Int)
(declare-var lmin1 Int)
(declare-var gmin Int)
(declare-var v Int)
(declare-rel append (Int Int Int))
(declare-rel inv (Int Int))
(declare-rel fail ())
(define-fun MAX () Int 128)

(rule (=> (and (= v -1) (= lmin -1) (= lmin1 -1)) (append v lmin lmin1)))
(rule (=> (and (= v 0) (= lmin 128) (= lmin1 0)) (append v lmin lmin1)))
(rule (=> (and (= v 21) (= lmin 0) (= lmin1 0)) (append v lmin lmin1)))
(rule (=> (and (= v 3) (= lmin 1) (= lmin1 1)) (append v lmin lmin1)))
(rule (=> (and (= v -128) (= lmin -1) (= lmin1 -128)) (append v lmin lmin1)))

(rule (=> (and (= lmin MAX) (= gmin MAX)) (inv lmin gmin)))
(rule (=> (and (inv lmin gmin) (append v lmin lmin1) (> gmin v)) (inv lmin1 v)))
(rule (=> (and (inv lmin gmin) (append v lmin lmin1) (not (> gmin v))) (inv lmin1 gmin)))
(rule (=> (and (inv lmin gmin) (not (= gmin lmin))) fail))

(query fail :print-certificate true)
==============================================================
   -> Checking if specs have changed...
      -> CHC files are different. Continuing iteration.

==================== Iteration: 2 ====================
TIMEOUT : 40
   -> Parsing CHC file: /Dualis/scripts/../benchmarks/ClassicalHornICE_working_temp/Min/Min.smt2
   -> Starting HornICE with a 1000-second timeout...
      -> Logging HornICE output to iter_2.log
   -> HornICE completed successfully.
   -> Analyzing HornICE log file: iter_2.log
      -> Found 21 internal iterations.
   -> Writing new specs to harness: append_fuzz.cpp...
      -> Successfully created working copy '/Dualis/scripts/../benchmarks/ClassicalHornICE_working_temp/Min/append_fuzz.cpp'.
   -> Starting AFL++(append_fuzz) with a 40-second timeout...
   -> Building AFL-instrumented binary: /Dualis/scripts/../benchmarks/ClassicalHornICE_working_temp/Min/append_fuzz
   -> AFL++(append_fuzz) finished its fuzzing session.
   -> Checking fuzzing outputs for counterexamples...
Checking crashes
   -> Found 3 crash reports. Testing reproducibility...
   -> CRASH REPRODUCED with id:000001,sig:06,src:000000,time:397,execs:21,op:havoc,rep:8
   -> CRASH REPRODUCED with id:000002,sig:06,src:000000,time:735,execs:39,op:havoc,rep:4
   -> CRASH REPRODUCED with id:000000,sig:06,src:000000,time:212,execs:17,op:havoc,rep:7
Checking queue
   -> Found 24 crash reports. Testing reproducibility...
Checking hangs
   -> Converting counterexamples for 'append'...
      -> Found and validated 3 new rules.
   -> Updating CHC file with new counterexamples...

=============== Artifacts This Iteration ===============

--- Generated Specs ---
  append: ((((((v - lmin) <= 0) && ((v - lmin1) > (-1)) && ((v - lmin1) <= 0)) || ((lmin > (-1)) && (lmin <= 0) && (lmin1 > (-1)) && ((v - lmin1) > 0))) && (lmin1 <= 0)) || ((((v - lmin) - lmin1) <= 1) && (((lmin1 - v) + lmin1) <= (-1)) && (lmin <= 1) && (lmin1 > 0)))
  inv: (((lmin - gmin) <= 0) && ((lmin - gmin) > (-1)))

--- New Test Cases Found ---

--- Updated CHCs (for next iteration) ---
(declare-var lmin Int)
(declare-var lmin1 Int)
(declare-var gmin Int)
(declare-var v Int)
(declare-rel append (Int Int Int))
(declare-rel inv (Int Int))
(declare-rel fail ())
(define-fun MAX () Int 128)

(rule (=> (and (= v -1) (= lmin -31) (= lmin1 -31)) (append v lmin lmin1)))
(rule (=> (and (= v 18) (= lmin 2) (= lmin1 2)) (append v lmin lmin1)))
(rule (=> (and (= v 106) (= lmin 128) (= lmin1 106)) (append v lmin lmin1)))

(rule (=> (and (= v -1) (= lmin -1) (= lmin1 -1)) (append v lmin lmin1)))
(rule (=> (and (= v 0) (= lmin 128) (= lmin1 0)) (append v lmin lmin1)))
(rule (=> (and (= v 21) (= lmin 0) (= lmin1 0)) (append v lmin lmin1)))
(rule (=> (and (= v 3) (= lmin 1) (= lmin1 1)) (append v lmin lmin1)))
(rule (=> (and (= v -128) (= lmin -1) (= lmin1 -128)) (append v lmin lmin1)))
(rule (=> (and (= lmin MAX) (= gmin MAX)) (inv lmin gmin)))
(rule (=> (and (inv lmin gmin) (append v lmin lmin1) (> gmin v)) (inv lmin1 v)))
(rule (=> (and (inv lmin gmin) (append v lmin lmin1) (not (> gmin v))) (inv lmin1 gmin)))
(rule (=> (and (inv lmin gmin) (not (= gmin lmin))) fail))

(query fail :print-certificate true)
==============================================================
   -> Checking if specs have changed...
      -> CHC files are different. Continuing iteration.

==================== Iteration: 3 ====================
TIMEOUT : 60
   -> Parsing CHC file: /Dualis/scripts/../benchmarks/ClassicalHornICE_working_temp/Min/Min.smt2
   -> Starting HornICE with a 1000-second timeout...
      -> Logging HornICE output to iter_3.log
   -> HornICE completed successfully.
   -> Analyzing HornICE log file: iter_3.log
      -> Found 21 internal iterations.
   -> Writing new specs to harness: append_fuzz.cpp...
      -> Successfully created working copy '/Dualis/scripts/../benchmarks/ClassicalHornICE_working_temp/Min/append_fuzz.cpp'.
   -> Starting AFL++(append_fuzz) with a 60-second timeout...
   -> Building AFL-instrumented binary: /Dualis/scripts/../benchmarks/ClassicalHornICE_working_temp/Min/append_fuzz
   -> AFL++(append_fuzz) finished its fuzzing session.
   -> Checking fuzzing outputs for counterexamples...
Checking crashes
   -> Found 4 crash reports. Testing reproducibility...
   -> CRASH REPRODUCED with id:000002,sig:06,src:000000,time:1465,execs:1332,op:havoc,rep:2
   -> CRASH REPRODUCED with id:000001,sig:06,src:000000,time:335,execs:553,op:havoc,rep:2
   -> CRASH REPRODUCED with id:000003,sig:06,src:000000,time:2016,execs:1570,op:havoc,rep:2
   -> CRASH REPRODUCED with id:000000,sig:06,src:000000,time:189,execs:370,op:havoc,rep:2
Checking queue
   -> Found 29 crash reports. Testing reproducibility...
Checking hangs
   -> Converting counterexamples for 'append'...
      -> Found and validated 4 new rules.
   -> Updating CHC file with new counterexamples...

=============== Artifacts This Iteration ===============

--- Generated Specs ---
  append: ((lmin <= (-1)) || ((((v - lmin1) <= 0) || (((lmin - lmin1) <= 0) && ((v - lmin1) > 0))) && ((lmin - lmin1) > (-1)) && ((v - lmin1) > (-1)) && (lmin1 > (-1)) && (lmin > (-1))))
  inv: ((lmin > (-1)) && ((lmin - gmin) <= 0) && ((lmin - gmin) > (-1)))

--- New Test Cases Found ---

--- Updated CHCs (for next iteration) ---
(declare-var lmin Int)
(declare-var lmin1 Int)
(declare-var gmin Int)
(declare-var v Int)
(declare-rel append (Int Int Int))
(declare-rel inv (Int Int))
(declare-rel fail ())
(define-fun MAX () Int 128)

(rule (=> (and (= v -68) (= lmin 0) (= lmin1 -68)) (append v lmin lmin1)))
(rule (=> (and (= v -1) (= lmin 1) (= lmin1 -1)) (append v lmin lmin1)))
(rule (=> (and (= v -1) (= lmin 117) (= lmin1 -1)) (append v lmin lmin1)))
(rule (=> (and (= v -68) (= lmin 128) (= lmin1 -68)) (append v lmin lmin1)))

(rule (=> (and (= v -1) (= lmin -31) (= lmin1 -31)) (append v lmin lmin1)))
(rule (=> (and (= v 18) (= lmin 2) (= lmin1 2)) (append v lmin lmin1)))
(rule (=> (and (= v 106) (= lmin 128) (= lmin1 106)) (append v lmin lmin1)))
(rule (=> (and (= v -1) (= lmin -1) (= lmin1 -1)) (append v lmin lmin1)))
(rule (=> (and (= v 0) (= lmin 128) (= lmin1 0)) (append v lmin lmin1)))
(rule (=> (and (= v 21) (= lmin 0) (= lmin1 0)) (append v lmin lmin1)))
(rule (=> (and (= v 3) (= lmin 1) (= lmin1 1)) (append v lmin lmin1)))
(rule (=> (and (= v -128) (= lmin -1) (= lmin1 -128)) (append v lmin lmin1)))
(rule (=> (and (= lmin MAX) (= gmin MAX)) (inv lmin gmin)))
(rule (=> (and (inv lmin gmin) (append v lmin lmin1) (> gmin v)) (inv lmin1 v)))
(rule (=> (and (inv lmin gmin) (append v lmin lmin1) (not (> gmin v))) (inv lmin1 gmin)))
(rule (=> (and (inv lmin gmin) (not (= gmin lmin))) fail))

(query fail :print-certificate true)
==============================================================
   -> Checking if specs have changed...
      -> CHC files are different. Continuing iteration.

==================== Iteration: 4 ====================
TIMEOUT : 80
   -> Parsing CHC file: /Dualis/scripts/../benchmarks/ClassicalHornICE_working_temp/Min/Min.smt2
   -> Starting HornICE with a 1000-second timeout...
      -> Logging HornICE output to iter_4.log
   -> HornICE completed successfully.
   -> Analyzing HornICE log file: iter_4.log
      -> Found 31 internal iterations.
   -> Writing new specs to harness: append_fuzz.cpp...
      -> Successfully created working copy '/Dualis/scripts/../benchmarks/ClassicalHornICE_working_temp/Min/append_fuzz.cpp'.
   -> Starting AFL++(append_fuzz) with a 80-second timeout...
   -> Building AFL-instrumented binary: /Dualis/scripts/../benchmarks/ClassicalHornICE_working_temp/Min/append_fuzz
   -> AFL++(append_fuzz) finished its fuzzing session.
   -> Checking fuzzing outputs for counterexamples...
Checking crashes
   -> Found 6 crash reports. Testing reproducibility...
   -> CRASH REPRODUCED with id:000001,sig:06,src:000000,time:423,execs:324,op:havoc,rep:2
   -> CRASH REPRODUCED with id:000000,sig:06,src:000000,time:227,execs:186,op:havoc,rep:2
   -> CRASH REPRODUCED with id:000005,sig:06,src:000004,time:22401,execs:13568,op:havoc,rep:8
   -> CRASH REPRODUCED with id:000002,sig:06,src:000000,time:582,execs:350,op:havoc,rep:2
   -> CRASH REPRODUCED with id:000003,sig:06,src:000000,time:1286,execs:995,op:havoc,rep:2
   -> CRASH REPRODUCED with id:000004,sig:06,src:000000,time:1434,execs:1178,op:havoc,rep:2
Checking queue
   -> Found 31 crash reports. Testing reproducibility...
Checking hangs
   -> Converting counterexamples for 'append'...
      -> Found and validated 6 new rules.
   -> Updating CHC file with new counterexamples...

=============== Artifacts This Iteration ===============

--- Generated Specs ---
  append: ((((((v - lmin) <= 0) && ((v - lmin1) > (-1)) && ((v - lmin1) <= 0)) || ((((lmin1 - v) - lmin1) > 0) && ((lmin - lmin1) <= 0) && (((lmin1 - v) - lmin) <= 1) && (((v + lmin) - lmin1) <= (-1)) && ((v - lmin1) > 1) && ((v - lmin1) > 0))) && (v <= 0)) || (((((lmin - lmin1) <= 0) && ((lmin - lmin1) > (-1)) && (lmin <= 1)) || (((((v - lmin) > (-1)) && ((lmin - lmin1) <= 0)) || (((v - lmin1) <= 0) && ((v - lmin1) > (-1)) && ((lmin - lmin1) > 1) && ((lmin - lmin1) > 0))) && ((lmin - lmin1) > (-1)) && (((v - lmin) + lmin1) > 1) && (lmin > 1))) && (v > 0)))
  inv: (((lmin - gmin) <= 0) && ((lmin - gmin) > (-1)))

--- New Test Cases Found ---

--- Updated CHCs (for next iteration) ---
(declare-var lmin Int)
(declare-var lmin1 Int)
(declare-var gmin Int)
(declare-var v Int)
(declare-rel append (Int Int Int))
(declare-rel inv (Int Int))
(declare-rel fail ())
(define-fun MAX () Int 128)

(rule (=> (and (= v -24) (= lmin -110) (= lmin1 -110)) (append v lmin lmin1)))
(rule (=> (and (= v 0) (= lmin -1) (= lmin1 -1)) (append v lmin lmin1)))
(rule (=> (and (= v 1) (= lmin 2) (= lmin1 1)) (append v lmin lmin1)))
(rule (=> (and (= v 2) (= lmin 128) (= lmin1 2)) (append v lmin lmin1)))
(rule (=> (and (= v 6) (= lmin 128) (= lmin1 6)) (append v lmin lmin1)))
(rule (=> (and (= v -1) (= lmin -2) (= lmin1 -2)) (append v lmin lmin1)))

(rule (=> (and (= v -68) (= lmin 0) (= lmin1 -68)) (append v lmin lmin1)))
(rule (=> (and (= v -1) (= lmin 1) (= lmin1 -1)) (append v lmin lmin1)))
(rule (=> (and (= v -1) (= lmin 117) (= lmin1 -1)) (append v lmin lmin1)))
(rule (=> (and (= v -68) (= lmin 128) (= lmin1 -68)) (append v lmin lmin1)))
(rule (=> (and (= v -1) (= lmin -31) (= lmin1 -31)) (append v lmin lmin1)))
(rule (=> (and (= v 18) (= lmin 2) (= lmin1 2)) (append v lmin lmin1)))
(rule (=> (and (= v 106) (= lmin 128) (= lmin1 106)) (append v lmin lmin1)))
(rule (=> (and (= v -1) (= lmin -1) (= lmin1 -1)) (append v lmin lmin1)))
(rule (=> (and (= v 0) (= lmin 128) (= lmin1 0)) (append v lmin lmin1)))
(rule (=> (and (= v 21) (= lmin 0) (= lmin1 0)) (append v lmin lmin1)))
(rule (=> (and (= v 3) (= lmin 1) (= lmin1 1)) (append v lmin lmin1)))
(rule (=> (and (= v -128) (= lmin -1) (= lmin1 -128)) (append v lmin lmin1)))
(rule (=> (and (= lmin MAX) (= gmin MAX)) (inv lmin gmin)))
(rule (=> (and (inv lmin gmin) (append v lmin lmin1) (> gmin v)) (inv lmin1 v)))
(rule (=> (and (inv lmin gmin) (append v lmin lmin1) (not (> gmin v))) (inv lmin1 gmin)))
(rule (=> (and (inv lmin gmin) (not (= gmin lmin))) fail))

(query fail :print-certificate true)
==============================================================
   -> Checking if specs have changed...
      -> CHC files are different. Continuing iteration.

==================== Iteration: 5 ====================
TIMEOUT : 100
   -> Parsing CHC file: /Dualis/scripts/../benchmarks/ClassicalHornICE_working_temp/Min/Min.smt2
   -> Starting HornICE with a 1000-second timeout...
      -> Logging HornICE output to iter_5.log
   -> HornICE completed successfully.
   -> Analyzing HornICE log file: iter_5.log
      -> Found 16 internal iterations.
   -> Writing new specs to harness: append_fuzz.cpp...
      -> Successfully created working copy '/Dualis/scripts/../benchmarks/ClassicalHornICE_working_temp/Min/append_fuzz.cpp'.
   -> Starting AFL++(append_fuzz) with a 100-second timeout...
   -> Building AFL-instrumented binary: /Dualis/scripts/../benchmarks/ClassicalHornICE_working_temp/Min/append_fuzz
   -> AFL++(append_fuzz) finished its fuzzing session.
   -> Checking fuzzing outputs for counterexamples...
Checking crashes
Checking queue
   -> Found 48 crash reports. Testing reproducibility...
Checking hangs
   -> Converting counterexamples for 'append'...
   -> Updating CHC file with new counterexamples...

=============== Artifacts This Iteration ===============

--- Generated Specs ---
  append: (((((v - lmin) <= 0) && ((v - lmin1) <= 0)) || (((lmin - lmin1) > (-1)) && ((lmin - lmin1) <= 0) && ((v - lmin1) > 0))) && ((v - lmin1) > (-1)))
  inv: (((lmin - gmin) <= 0) && ((lmin - gmin) > (-1)))

--- New Test Cases Found ---

--- Updated CHCs (for next iteration) ---
(declare-var lmin Int)
(declare-var lmin1 Int)
(declare-var gmin Int)
(declare-var v Int)
(declare-rel append (Int Int Int))
(declare-rel inv (Int Int))
(declare-rel fail ())
(define-fun MAX () Int 128)


(rule (=> (and (= v -24) (= lmin -110) (= lmin1 -110)) (append v lmin lmin1)))
(rule (=> (and (= v 0) (= lmin -1) (= lmin1 -1)) (append v lmin lmin1)))
(rule (=> (and (= v 1) (= lmin 2) (= lmin1 1)) (append v lmin lmin1)))
(rule (=> (and (= v 2) (= lmin 128) (= lmin1 2)) (append v lmin lmin1)))
(rule (=> (and (= v 6) (= lmin 128) (= lmin1 6)) (append v lmin lmin1)))
(rule (=> (and (= v -1) (= lmin -2) (= lmin1 -2)) (append v lmin lmin1)))
(rule (=> (and (= v -68) (= lmin 0) (= lmin1 -68)) (append v lmin lmin1)))
(rule (=> (and (= v -1) (= lmin 1) (= lmin1 -1)) (append v lmin lmin1)))
(rule (=> (and (= v -1) (= lmin 117) (= lmin1 -1)) (append v lmin lmin1)))
(rule (=> (and (= v -68) (= lmin 128) (= lmin1 -68)) (append v lmin lmin1)))
(rule (=> (and (= v -1) (= lmin -31) (= lmin1 -31)) (append v lmin lmin1)))
(rule (=> (and (= v 18) (= lmin 2) (= lmin1 2)) (append v lmin lmin1)))
(rule (=> (and (= v 106) (= lmin 128) (= lmin1 106)) (append v lmin lmin1)))
(rule (=> (and (= v -1) (= lmin -1) (= lmin1 -1)) (append v lmin lmin1)))
(rule (=> (and (= v 0) (= lmin 128) (= lmin1 0)) (append v lmin lmin1)))
(rule (=> (and (= v 21) (= lmin 0) (= lmin1 0)) (append v lmin lmin1)))
(rule (=> (and (= v 3) (= lmin 1) (= lmin1 1)) (append v lmin lmin1)))
(rule (=> (and (= v -128) (= lmin -1) (= lmin1 -128)) (append v lmin lmin1)))
(rule (=> (and (= lmin MAX) (= gmin MAX)) (inv lmin gmin)))
(rule (=> (and (inv lmin gmin) (append v lmin lmin1) (> gmin v)) (inv lmin1 v)))
(rule (=> (and (inv lmin gmin) (append v lmin lmin1) (not (> gmin v))) (inv lmin1 gmin)))
(rule (=> (and (inv lmin gmin) (not (= gmin lmin))) fail))

(query fail :print-certificate true)
==============================================================
   -> Checking if specs have changed...
      -> CHC files are different. Continuing iteration.

==================== Iteration: 6 ====================
TIMEOUT : 120
   -> Parsing CHC file: /Dualis/scripts/../benchmarks/ClassicalHornICE_working_temp/Min/Min.smt2
   -> Starting HornICE with a 1000-second timeout...
      -> Logging HornICE output to iter_6.log
   -> HornICE completed successfully.
   -> Analyzing HornICE log file: iter_6.log
      -> Found 16 internal iterations.
   -> Writing new specs to harness: append_fuzz.cpp...
      -> Successfully created working copy '/Dualis/scripts/../benchmarks/ClassicalHornICE_working_temp/Min/append_fuzz.cpp'.
   -> Starting AFL++(append_fuzz) with a 120-second timeout...
   -> Building AFL-instrumented binary: /Dualis/scripts/../benchmarks/ClassicalHornICE_working_temp/Min/append_fuzz
   -> AFL++(append_fuzz) finished its fuzzing session.
   -> Checking fuzzing outputs for counterexamples...
Checking crashes
Checking queue
   -> Found 49 crash reports. Testing reproducibility...
Checking hangs
   -> Converting counterexamples for 'append'...
   -> Updating CHC file with new counterexamples...

=============== Artifacts This Iteration ===============

--- Generated Specs ---
  append: (((((v - lmin) <= 0) && ((v - lmin1) <= 0)) || (((lmin - lmin1) > (-1)) && ((lmin - lmin1) <= 0) && ((v - lmin1) > 0))) && ((v - lmin1) > (-1)))
  inv: (((lmin - gmin) <= 0) && ((lmin - gmin) > (-1)))

--- New Test Cases Found ---

--- Updated CHCs (for next iteration) ---
(declare-var lmin Int)
(declare-var lmin1 Int)
(declare-var gmin Int)
(declare-var v Int)
(declare-rel append (Int Int Int))
(declare-rel inv (Int Int))
(declare-rel fail ())
(define-fun MAX () Int 128)


(rule (=> (and (= v -24) (= lmin -110) (= lmin1 -110)) (append v lmin lmin1)))
(rule (=> (and (= v 0) (= lmin -1) (= lmin1 -1)) (append v lmin lmin1)))
(rule (=> (and (= v 1) (= lmin 2) (= lmin1 1)) (append v lmin lmin1)))
(rule (=> (and (= v 2) (= lmin 128) (= lmin1 2)) (append v lmin lmin1)))
(rule (=> (and (= v 6) (= lmin 128) (= lmin1 6)) (append v lmin lmin1)))
(rule (=> (and (= v -1) (= lmin -2) (= lmin1 -2)) (append v lmin lmin1)))
(rule (=> (and (= v -68) (= lmin 0) (= lmin1 -68)) (append v lmin lmin1)))
(rule (=> (and (= v -1) (= lmin 1) (= lmin1 -1)) (append v lmin lmin1)))
(rule (=> (and (= v -1) (= lmin 117) (= lmin1 -1)) (append v lmin lmin1)))
(rule (=> (and (= v -68) (= lmin 128) (= lmin1 -68)) (append v lmin lmin1)))
(rule (=> (and (= v -1) (= lmin -31) (= lmin1 -31)) (append v lmin lmin1)))
(rule (=> (and (= v 18) (= lmin 2) (= lmin1 2)) (append v lmin lmin1)))
(rule (=> (and (= v 106) (= lmin 128) (= lmin1 106)) (append v lmin lmin1)))
(rule (=> (and (= v -1) (= lmin -1) (= lmin1 -1)) (append v lmin lmin1)))
(rule (=> (and (= v 0) (= lmin 128) (= lmin1 0)) (append v lmin lmin1)))
(rule (=> (and (= v 21) (= lmin 0) (= lmin1 0)) (append v lmin lmin1)))
(rule (=> (and (= v 3) (= lmin 1) (= lmin1 1)) (append v lmin lmin1)))
(rule (=> (and (= v -128) (= lmin -1) (= lmin1 -128)) (append v lmin lmin1)))
(rule (=> (and (= lmin MAX) (= gmin MAX)) (inv lmin gmin)))
(rule (=> (and (inv lmin gmin) (append v lmin lmin1) (> gmin v)) (inv lmin1 v)))
(rule (=> (and (inv lmin gmin) (append v lmin lmin1) (not (> gmin v))) (inv lmin1 gmin)))
(rule (=> (and (inv lmin gmin) (not (= gmin lmin))) fail))

(query fail :print-certificate true)
==============================================================
   -> Checking if specs have changed...
      -> CHC files are identical. Pipeline has converged.
   -> 15-minute deep fuzzing converged. Pipeline complete.

==================== Finalizing Pipeline ====================

====================== Pipeline Finished =====================
Total External Iterations: 6
Total Unique Test Cases Found: 18
Total Internal Iterations: 115
  - Min: 10
  - Max: 31
  - Avg: 19.17
pipeline.run() took 0.1502 seconds.
Running command: /usr/bin/python3 chcverifynfuzz.py ClassicalHornICE Min
PID: 607027
========================================

