
========================================
         Starting Pipeline for: Multiset1 (Mode: ClassicalHornICE)
========================================
Initializing pipeline for benchmark: 'Multiset1'
   -> Loading and validating attributes from: /Dualis/scripts/../benchmarks/Classical/Multiset1/Attributes.txt
      -> Validation successful. Attribute file is consistent.

==================== Iteration: 1 ====================
TIMEOUT : 20
   -> Parsing CHC file: /Dualis/scripts/../benchmarks/ClassicalHornICE_working_temp/Multiset1/Multiset1.smt2
   -> Starting HornICE with a 1000-second timeout...
      -> Logging HornICE output to iter_1.log
   -> HornICE completed successfully.
   -> Analyzing HornICE log file: iter_1.log
      -> Found 8 internal iterations.
   -> Writing new specs to harness: emplace_fuzz.cpp...
      -> Successfully created working copy '/Dualis/scripts/../benchmarks/ClassicalHornICE_working_temp/Multiset1/emplace_fuzz.cpp'.
   -> Starting AFL++(emplace_fuzz) with a 20-second timeout...
   -> Building AFL-instrumented binary: /Dualis/scripts/../benchmarks/ClassicalHornICE_working_temp/Multiset1/emplace_fuzz
   -> ERROR: AFL++(emplace_fuzz) failed with exit code 1.
      AFL++ Error Output:
[1;92m[+] [0mEnabled environment variable AFL_I_DONT_CARE_ABOUT_MISSING_CRASHES with value 1[0m
[1;92m[+] [0mEnabled environment variable AFL_NO_UI with value 1[0m
[1;92m[+] [0mEnabled environment variable AFL_CMPLOG_ONLY_NEW with value 1[0m
[1;92m[+] [0mEnabled environment variable AFL_DEBUG_CHILD with value 1[0m
[1;92m[+] [0mEnabled environment variable AFL_IGNORE_PROBLEMS with value 1[0m
[1;92m[+] [0mEnabled environment variable AFL_SKIP_CPUFREQ with value 1[0m
[1;94m[*] [0mSpinning up the fork server...[0m
[1;92m[+] [0mAll right - new fork server model v1 is up.[0m
[1;94m[*] [0mTarget map size: 315[0m
emplace_fuzz: /Dualis/scripts/../benchmarks/ClassicalHornICE_working_temp/Multiset1/emplace_fuzz.cpp:40: int main(int, char **): Assertion `expr' failed.

   -> Checking fuzzing outputs for counterexamples...
Checking crashes
Checking queue
   -> Found 1 crash reports. Testing reproducibility...
   -> CRASH REPRODUCED with id:000000,time:0,execs:0,orig:2push
Checking hangs
   -> Converting counterexamples for 'emplace'...
      -> Found and validated 1 new rules.
   -> Updating CHC file with new counterexamples...

=============== Artifacts This Iteration ===============

--- Generated Specs ---
  inv1: ((i - N) <= (-1))
  emplace: (false)

--- New Test Cases Found ---

--- Updated CHCs (for next iteration) ---
(declare-var N Int)
(declare-var v Int)
(declare-var i Int)
(declare-var i1 Int)
(declare-var countv Int)
(declare-var countv1 Int)
(declare-var len Int)
(declare-var len1 Int)
(declare-rel emplace (Int Int Int Int Int))
(declare-rel inv1 (Int Int Int Int Int))
(declare-rel fail ())

(rule (=> (and (= v -1) (= countv 1) (= len 1) (= countv1 2) (= len1 2)) (emplace v countv len countv1 len1)))

(rule (=> (and (> N 0) (= i 0) (= countv 0) (= len 0)) (inv1 i N v countv len)))
(rule (=> (and (inv1 i N v countv len) (< i N) (emplace v countv len countv1 len1) (= i1 (+ i 1))) (inv1 i1 N v countv1 len1)))
(rule (=> (and (inv1 i N v countv len) (not (< i N)) (not (and (= len N) (= countv N)))) fail))

(query fail :print-certificate true)
==============================================================
   -> Checking if specs have changed...
      -> CHC files are different. Continuing iteration.

==================== Iteration: 2 ====================
TIMEOUT : 40
   -> Parsing CHC file: /Dualis/scripts/../benchmarks/ClassicalHornICE_working_temp/Multiset1/Multiset1.smt2
   -> Starting HornICE with a 1000-second timeout...
      -> Logging HornICE output to iter_2.log
   -> HornICE completed successfully.
   -> Analyzing HornICE log file: iter_2.log
      -> Found 28 internal iterations.
   -> Writing new specs to harness: emplace_fuzz.cpp...
      -> Successfully created working copy '/Dualis/scripts/../benchmarks/ClassicalHornICE_working_temp/Multiset1/emplace_fuzz.cpp'.
   -> Starting AFL++(emplace_fuzz) with a 40-second timeout...
   -> Building AFL-instrumented binary: /Dualis/scripts/../benchmarks/ClassicalHornICE_working_temp/Multiset1/emplace_fuzz
   -> AFL++(emplace_fuzz) finished its fuzzing session.
   -> Checking fuzzing outputs for counterexamples...
Checking crashes
   -> Found 2 crash reports. Testing reproducibility...
   -> CRASH REPRODUCED with id:000001,sig:06,src:000000,time:733,execs:246,op:havoc,rep:2
   -> CRASH REPRODUCED with id:000000,sig:06,src:000000,time:192,execs:222,op:havoc,rep:1
Checking queue
   -> Found 39 crash reports. Testing reproducibility...
   -> CRASH REPRODUCED with id:000001,src:000000,time:0,execs:9,op:(null),pos:0,+cov
Checking hangs
   -> Converting counterexamples for 'emplace'...
      -> Found and validated 2 new rules.
   -> Updating CHC file with new counterexamples...

=============== Artifacts This Iteration ===============

--- Generated Specs ---
  emplace: (len > 0)
  inv1: ((len <= 0) && (((N - i) + len) > 0) && ((N - len) > 0))

--- New Test Cases Found ---

--- Updated CHCs (for next iteration) ---
(declare-var N Int)
(declare-var v Int)
(declare-var i Int)
(declare-var i1 Int)
(declare-var countv Int)
(declare-var countv1 Int)
(declare-var len Int)
(declare-var len1 Int)
(declare-rel emplace (Int Int Int Int Int))
(declare-rel inv1 (Int Int Int Int Int))
(declare-rel fail ())

(rule (=> (and (= v -24) (= countv 0) (= len 0) (= countv1 1) (= len1 1)) (emplace v countv len countv1 len1)))
(rule (=> (and (= v -1) (= countv 0) (= len 0) (= countv1 1) (= len1 1)) (emplace v countv len countv1 len1)))

(rule (=> (and (= v -1) (= countv 1) (= len 1) (= countv1 2) (= len1 2)) (emplace v countv len countv1 len1)))
(rule (=> (and (> N 0) (= i 0) (= countv 0) (= len 0)) (inv1 i N v countv len)))
(rule (=> (and (inv1 i N v countv len) (< i N) (emplace v countv len countv1 len1) (= i1 (+ i 1))) (inv1 i1 N v countv1 len1)))
(rule (=> (and (inv1 i N v countv len) (not (< i N)) (not (and (= len N) (= countv N)))) fail))

(query fail :print-certificate true)
==============================================================
   -> Checking if specs have changed...
      -> CHC files are different. Continuing iteration.

==================== Iteration: 3 ====================
TIMEOUT : 60
   -> Parsing CHC file: /Dualis/scripts/../benchmarks/ClassicalHornICE_working_temp/Multiset1/Multiset1.smt2
   -> Starting HornICE with a 1000-second timeout...
      -> Logging HornICE output to iter_3.log
   -> ERROR: HornICE timed out. Terminating.

==================== Finalizing Pipeline ====================

====================== Pipeline Finished =====================
Total External Iterations: 3
Total Unique Test Cases Found: 3
Total Internal Iterations: 36
  - Min: 8
  - Max: 28
  - Avg: 18.00
pipeline.run() took 0.5579 seconds.
Running command: /usr/bin/python3 chcverifynfuzz.py ClassicalHornICE Multiset1
PID: 607028
========================================

