
========================================
         Starting Pipeline for: Multiset2 (Mode: ClassicalHornICE)
========================================
Initializing pipeline for benchmark: 'Multiset2'
   -> Loading and validating attributes from: /Dualis/scripts/../benchmarks/Classical/Multiset2/Attributes.txt
      -> Validation successful. Attribute file is consistent.

==================== Iteration: 1 ====================
TIMEOUT : 20
   -> Parsing CHC file: /Dualis/scripts/../benchmarks/ClassicalHornICE_working_temp/Multiset2/Multiset2.smt2
   -> Starting HornICE with a 1000-second timeout...
      -> Logging HornICE output to iter_1.log
   -> HornICE completed successfully.
   -> Analyzing HornICE log file: iter_1.log
      -> Found 3 internal iterations.
   -> Writing new specs to harness: emplace_fuzz.cpp...
      -> Successfully created working copy '/Dualis/scripts/../benchmarks/ClassicalHornICE_working_temp/Multiset2/emplace_fuzz.cpp'.
   -> Starting AFL++(emplace_fuzz) with a 20-second timeout...
   -> Building AFL-instrumented binary: /Dualis/scripts/../benchmarks/ClassicalHornICE_working_temp/Multiset2/emplace_fuzz
   -> ERROR: AFL++(emplace_fuzz) failed with exit code 1.
      AFL++ Error Output:
[1;92m[+] [0mEnabled environment variable AFL_I_DONT_CARE_ABOUT_MISSING_CRASHES with value 1[0m
[1;92m[+] [0mEnabled environment variable AFL_NO_UI with value 1[0m
[1;92m[+] [0mEnabled environment variable AFL_CMPLOG_ONLY_NEW with value 1[0m
[1;92m[+] [0mEnabled environment variable AFL_DEBUG_CHILD with value 1[0m
[1;92m[+] [0mEnabled environment variable AFL_IGNORE_PROBLEMS with value 1[0m
[1;92m[+] [0mEnabled environment variable AFL_SKIP_CPUFREQ with value 1[0m
[1;94m[*] [0mSpinning up the fork server...[0m
[1;92m[+] [0mAll right - new fork server model v1 is up.[0m
[1;94m[*] [0mTarget map size: 321[0m
emplace_fuzz: /Dualis/scripts/../benchmarks/ClassicalHornICE_working_temp/Multiset2/emplace_fuzz.cpp:40: int main(int, char **): Assertion `expr' failed.

   -> Checking fuzzing outputs for counterexamples...
Checking crashes
Checking queue
   -> Found 1 crash reports. Testing reproducibility...
   -> CRASH REPRODUCED with id:000000,time:0,execs:0,orig:2push
Checking hangs
   -> Converting counterexamples for 'emplace'...
      -> Found and validated 1 new rules.
   -> Updating CHC file with new counterexamples...

=============== Artifacts This Iteration ===============

--- Generated Specs ---
  inv1: (true)
  emplace: (false)

--- New Test Cases Found ---

--- Updated CHCs (for next iteration) ---
(declare-var N Int)
(declare-var v Int)
(declare-var v1 Int)
(declare-var i Int)
(declare-var i1 Int)
(declare-var countvo Int)
(declare-var countvo1 Int)
(declare-var countvt Int)
(declare-var countvt1 Int)
(declare-var len Int)
(declare-var len1 Int)
(declare-rel emplace (Int Int Int Int Int Int Int))
(declare-rel inv1 (Int Int Int Int Int Int))
(declare-rel fail ())

(rule (=> (and (= v 1) (= countvo 0) (= countvt 0) (= len 1) (= countvo1 1) (= countvt1 0) (= len1 2)) (emplace v countvo countvt len countvo1 countvt1 len1)))

(rule (=> (and (> N 0) (= v 1) (= i 0) (= countvo 0) (= countvt 0) (= len 0)) (inv1 i N v countvo countvt len)))
(rule (=> (and (inv1 i N v countvo countvt len) (< i N) (emplace v countvo countvt len countvo1 countvt1 len1) (= i1 (+ i 1))) (inv1 i1 N v countvo1 countvt1 len1)))
(rule (=> (and (inv1 i N v countvo countvt len) (not (< i N)) (= v1 2) (emplace v1 countvo countvt len countvo1 countvt1 len1) (not (and (= len1 (+ N 1)) (= countvt1 1)))) fail))

(query fail :print-certificate true)
==============================================================
   -> Checking if specs have changed...
      -> CHC files are different. Continuing iteration.

==================== Iteration: 2 ====================
TIMEOUT : 40
   -> Parsing CHC file: /Dualis/scripts/../benchmarks/ClassicalHornICE_working_temp/Multiset2/Multiset2.smt2
   -> Starting HornICE with a 1000-second timeout...
      -> Logging HornICE output to iter_2.log
   -> HornICE completed successfully.
   -> Analyzing HornICE log file: iter_2.log
      -> Found 9 internal iterations.
   -> Writing new specs to harness: emplace_fuzz.cpp...
      -> Successfully created working copy '/Dualis/scripts/../benchmarks/ClassicalHornICE_working_temp/Multiset2/emplace_fuzz.cpp'.
   -> Starting AFL++(emplace_fuzz) with a 40-second timeout...
   -> Building AFL-instrumented binary: /Dualis/scripts/../benchmarks/ClassicalHornICE_working_temp/Multiset2/emplace_fuzz
   -> AFL++(emplace_fuzz) finished its fuzzing session.
   -> Checking fuzzing outputs for counterexamples...
Checking crashes
   -> Found 11 crash reports. Testing reproducibility...
   -> CRASH REPRODUCED with id:000010,sig:06,src:000000,time:34971,execs:1217,op:havoc,rep:2
   -> CRASH REPRODUCED with id:000007,sig:06,src:000000,time:18794,execs:667,op:havoc,rep:4
   -> CRASH REPRODUCED with id:000006,sig:06,src:000000,time:18577,execs:643,op:havoc,rep:3
   -> CRASH REPRODUCED with id:000000,sig:06,src:000000,time:185,execs:18,op:(null),pos:0
   -> CRASH REPRODUCED with id:000009,sig:06,src:000000,time:33615,execs:1187,op:havoc,rep:2
   -> CRASH REPRODUCED with id:000008,sig:06,src:000000,time:20040,execs:712,op:havoc,rep:6
   -> CRASH REPRODUCED with id:000003,sig:06,src:000000,time:16034,execs:439,op:int32,pos:0,val:be:+1000
   -> CRASH REPRODUCED with id:000002,sig:06,src:000000,time:15821,execs:437,op:int32,pos:0,val:be:+512
   -> CRASH REPRODUCED with id:000004,sig:06,src:000000,time:17012,execs:493,op:havoc,rep:4
   -> CRASH REPRODUCED with id:000005,sig:06,src:000000,time:17604,execs:575,op:havoc,rep:7
   -> CRASH REPRODUCED with id:000001,sig:06,src:000000,time:2208,execs:69,op:flip2,pos:2
Checking queue
   -> Found 49 crash reports. Testing reproducibility...
   -> CRASH REPRODUCED with id:000001,src:000000,time:0,execs:9,op:(null),pos:0,+cov
Checking hangs
   -> Converting counterexamples for 'emplace'...
      -> Found and validated 9 new rules.
   -> Updating CHC file with new counterexamples...

=============== Artifacts This Iteration ===============

--- Generated Specs ---
  emplace: (v <= 1)
  inv1: (true)

--- New Test Cases Found ---

--- Updated CHCs (for next iteration) ---
(declare-var N Int)
(declare-var v Int)
(declare-var v1 Int)
(declare-var i Int)
(declare-var i1 Int)
(declare-var countvo Int)
(declare-var countvo1 Int)
(declare-var countvt Int)
(declare-var countvt1 Int)
(declare-var len Int)
(declare-var len1 Int)
(declare-rel emplace (Int Int Int Int Int Int Int))
(declare-rel inv1 (Int Int Int Int Int Int))
(declare-rel fail ())

(rule (=> (and (= v 2) (= countvo 1) (= countvt 1) (= len 2) (= countvo1 1) (= countvt1 2) (= len1 3)) (emplace v countvo countvt len countvo1 countvt1 len1)))
(rule (=> (and (= v 2) (= countvo 0) (= countvt 1) (= len 1) (= countvo1 0) (= countvt1 2) (= len1 2)) (emplace v countvo countvt len countvo1 countvt1 len1)))
(rule (=> (and (= v 2) (= countvo 0) (= countvt 0) (= len 0) (= countvo1 0) (= countvt1 1) (= len1 1)) (emplace v countvo countvt len countvo1 countvt1 len1)))
(rule (=> (and (= v 2) (= countvo 1) (= countvt 0) (= len 1) (= countvo1 1) (= countvt1 1) (= len1 2)) (emplace v countvo countvt len countvo1 countvt1 len1)))
(rule (=> (and (= v 3) (= countvo 8) (= countvt 0) (= len 12) (= countvo1 8) (= countvt1 0) (= len1 13)) (emplace v countvo countvt len countvo1 countvt1 len1)))
(rule (=> (and (= v 3) (= countvo 0) (= countvt 0) (= len 0) (= countvo1 0) (= countvt1 0) (= len1 1)) (emplace v countvo countvt len countvo1 countvt1 len1)))
(rule (=> (and (= v 2) (= countvo 0) (= countvt 0) (= len 2) (= countvo1 0) (= countvt1 1) (= len1 3)) (emplace v countvo countvt len countvo1 countvt1 len1)))
(rule (=> (and (= v 56) (= countvo 0) (= countvt 0) (= len 2) (= countvo1 0) (= countvt1 0) (= len1 3)) (emplace v countvo countvt len countvo1 countvt1 len1)))
(rule (=> (and (= v 2) (= countvo 0) (= countvt 0) (= len 1) (= countvo1 0) (= countvt1 1) (= len1 2)) (emplace v countvo countvt len countvo1 countvt1 len1)))

(rule (=> (and (= v 1) (= countvo 0) (= countvt 0) (= len 1) (= countvo1 1) (= countvt1 0) (= len1 2)) (emplace v countvo countvt len countvo1 countvt1 len1)))
(rule (=> (and (> N 0) (= v 1) (= i 0) (= countvo 0) (= countvt 0) (= len 0)) (inv1 i N v countvo countvt len)))
(rule (=> (and (inv1 i N v countvo countvt len) (< i N) (emplace v countvo countvt len countvo1 countvt1 len1) (= i1 (+ i 1))) (inv1 i1 N v countvo1 countvt1 len1)))
(rule (=> (and (inv1 i N v countvo countvt len) (not (< i N)) (= v1 2) (emplace v1 countvo countvt len countvo1 countvt1 len1) (not (and (= len1 (+ N 1)) (= countvt1 1)))) fail))

(query fail :print-certificate true)
==============================================================
   -> Checking if specs have changed...
      -> CHC files are different. Continuing iteration.

==================== Iteration: 3 ====================
TIMEOUT : 60
   -> Parsing CHC file: /Dualis/scripts/../benchmarks/ClassicalHornICE_working_temp/Multiset2/Multiset2.smt2
   -> Starting HornICE with a 1000-second timeout...
      -> Logging HornICE output to iter_3.log
   -> ERROR: HornICE timed out. Terminating.

==================== Finalizing Pipeline ====================

====================== Pipeline Finished =====================
Total External Iterations: 3
Total Unique Test Cases Found: 10
Total Internal Iterations: 12
  - Min: 3
  - Max: 9
  - Avg: 6.00
pipeline.run() took 0.5662 seconds.
Running command: /usr/bin/python3 chcverifynfuzz.py ClassicalHornICE Multiset2
PID: 607028
========================================

