
========================================
         Starting Pipeline for: Multimap2 (Mode: ClassicalHornICE)
========================================
Initializing pipeline for benchmark: 'Multimap2'
   -> Loading and validating attributes from: /Dualis/scripts/../benchmarks/Classical/Multimap2/Attributes.txt
      -> Validation successful. Attribute file is consistent.

==================== Iteration: 1 ====================
TIMEOUT : 20
   -> Parsing CHC file: /Dualis/scripts/../benchmarks/ClassicalHornICE_working_temp/Multimap2/Multimap2.smt2
   -> Starting HornICE with a 1000-second timeout...
      -> Logging HornICE output to iter_1.log
   -> HornICE completed successfully.
   -> Analyzing HornICE log file: iter_1.log
      -> Found 3 internal iterations.
   -> Writing new specs to harness: emplace_fuzz.cpp...
      -> Successfully created working copy '/Dualis/scripts/../benchmarks/ClassicalHornICE_working_temp/Multimap2/emplace_fuzz.cpp'.
   -> Starting AFL++(emplace_fuzz) with a 20-second timeout...
   -> Building AFL-instrumented binary: /Dualis/scripts/../benchmarks/ClassicalHornICE_working_temp/Multimap2/emplace_fuzz
   -> AFL++(emplace_fuzz) finished its fuzzing session.
   -> Checking fuzzing outputs for counterexamples...
Checking crashes
   -> Found 11 crash reports. Testing reproducibility...
   -> CRASH REPRODUCED with id:000010,sig:06,src:000001,time:1584,execs:10507,op:havoc,rep:7
   -> CRASH REPRODUCED with id:000008,sig:06,src:000001,time:726,execs:293,op:havoc,rep:2
   -> CRASH REPRODUCED with id:000005,sig:06,src:000001,time:712,execs:61,op:havoc,rep:7
   -> CRASH REPRODUCED with id:000006,sig:06,src:000001,time:713,execs:76,op:havoc,rep:5
   -> CRASH REPRODUCED with id:000009,sig:06,src:000001,time:798,execs:1687,op:havoc,rep:2
   -> CRASH REPRODUCED with id:000001,sig:06,src:000001,time:386,execs:27,op:havoc,rep:7
   -> CRASH REPRODUCED with id:000000,sig:06,src:000001,time:223,execs:26,op:havoc,rep:8
   -> CRASH REPRODUCED with id:000002,sig:06,src:000001,time:708,execs:33,op:havoc,rep:8
   -> CRASH REPRODUCED with id:000007,sig:06,src:000001,time:716,execs:98,op:havoc,rep:7
   -> CRASH REPRODUCED with id:000003,sig:06,src:000001,time:709,execs:36,op:havoc,rep:6
   -> CRASH REPRODUCED with id:000004,sig:06,src:000001,time:710,execs:40,op:havoc,rep:3
Checking queue
   -> Found 2 crash reports. Testing reproducibility...
Checking hangs
   -> Converting counterexamples for 'emplace'...
      -> Found and validated 11 new rules.
   -> Updating CHC file with new counterexamples...

=============== Artifacts This Iteration ===============

--- Generated Specs ---
  inv1: (true)
  emplace: (false)

--- New Test Cases Found ---

--- Updated CHCs (for next iteration) ---
(declare-var N Int)
(declare-var i Int)
(declare-var i1 Int)
(declare-var len Int)
(declare-var len1 Int)
(declare-var countko Int)
(declare-var countko1 Int)
(declare-var countkt Int)
(declare-var countkt1 Int)
(declare-var k Int)
(declare-var v Int)
(declare-rel emplace (Int Int Int Int Int Int Int Int))
(declare-rel inv1 (Int Int Int Int Int))
(declare-rel fail ())

(rule (=> (and (= k -78) (= v -78) (= countko 6) (= countkt 1) (= len 7) (= countko1 6) (= countkt1 1) (= len1 8)) (emplace k v countko countkt len countko1 countkt1 len1)))
(rule (=> (and (= k -1) (= v 1) (= countko 4) (= countkt 0) (= len 4) (= countko1 4) (= countkt1 0) (= len1 5)) (emplace k v countko countkt len countko1 countkt1 len1)))
(rule (=> (and (= k 1) (= v -1) (= countko 0) (= countkt 0) (= len 28) (= countko1 1) (= countkt1 0) (= len1 29)) (emplace k v countko countkt len countko1 countkt1 len1)))
(rule (=> (and (= k -1) (= v 1) (= countko 2) (= countkt 0) (= len 2) (= countko1 2) (= countkt1 0) (= len1 3)) (emplace k v countko countkt len countko1 countkt1 len1)))
(rule (=> (and (= k 6) (= v -1) (= countko 0) (= countkt 0) (= len 8) (= countko1 0) (= countkt1 0) (= len1 9)) (emplace k v countko countkt len countko1 countkt1 len1)))
(rule (=> (and (= k 0) (= v -128) (= countko 1) (= countkt 0) (= len 4) (= countko1 1) (= countkt1 0) (= len1 5)) (emplace k v countko countkt len countko1 countkt1 len1)))
(rule (=> (and (= k -62) (= v -1) (= countko 0) (= countkt 0) (= len 2) (= countko1 0) (= countkt1 0) (= len1 3)) (emplace k v countko countkt len countko1 countkt1 len1)))
(rule (=> (and (= k 0) (= v -1) (= countko 0) (= countkt 0) (= len 3) (= countko1 0) (= countkt1 0) (= len1 4)) (emplace k v countko countkt len countko1 countkt1 len1)))
(rule (=> (and (= k 2) (= v -1) (= countko 4) (= countkt 0) (= len 5) (= countko1 4) (= countkt1 1) (= len1 6)) (emplace k v countko countkt len countko1 countkt1 len1)))
(rule (=> (and (= k 1) (= v 0) (= countko 0) (= countkt 0) (= len 2) (= countko1 1) (= countkt1 0) (= len1 3)) (emplace k v countko countkt len countko1 countkt1 len1)))
(rule (=> (and (= k -1) (= v -1) (= countko 0) (= countkt 0) (= len 0) (= countko1 0) (= countkt1 0) (= len1 1)) (emplace k v countko countkt len countko1 countkt1 len1)))

(rule (=> (and (> N 0) (= i 0) (= len 0) (= countko 0) (= countkt 0)) (inv1 i N countko countkt len)))
(rule (=> (and (inv1 i N countko countkt len) (< i N) (= k 1) (= v 1) (emplace k v countko countkt len countko1 countkt1 len1) (= i1 (+ i 1))) (inv1 i1 N countko1 countkt1 len1)))
(rule (=> (and (inv1 i N countko countkt len) (not (< i N)) (= k 2) (= v 2)(emplace k v countko countkt len countko1 countkt1 len1) (not (and (= countko1 N) (= countkt1 1)))) fail))

(query fail :print-certificate true)
==============================================================
   -> Checking if specs have changed...
      -> CHC files are different. Continuing iteration.

==================== Iteration: 2 ====================
TIMEOUT : 40
   -> Parsing CHC file: /Dualis/scripts/../benchmarks/ClassicalHornICE_working_temp/Multimap2/Multimap2.smt2
   -> Starting HornICE with a 1000-second timeout...
      -> Logging HornICE output to iter_2.log
   -> HornICE completed successfully.
   -> Analyzing HornICE log file: iter_2.log
      -> Found 7 internal iterations.
   -> Writing new specs to harness: emplace_fuzz.cpp...
      -> Successfully created working copy '/Dualis/scripts/../benchmarks/ClassicalHornICE_working_temp/Multimap2/emplace_fuzz.cpp'.
   -> Starting AFL++(emplace_fuzz) with a 40-second timeout...
   -> Building AFL-instrumented binary: /Dualis/scripts/../benchmarks/ClassicalHornICE_working_temp/Multimap2/emplace_fuzz
   -> AFL++(emplace_fuzz) finished its fuzzing session.
   -> Checking fuzzing outputs for counterexamples...
Checking crashes
   -> Found 12 crash reports. Testing reproducibility...
   -> CRASH REPRODUCED with id:000009,sig:06,src:000001,time:1860,execs:2997,op:havoc,rep:2
   -> CRASH REPRODUCED with id:000007,sig:06,src:000001,time:940,execs:1896,op:havoc,rep:2
   -> CRASH REPRODUCED with id:000005,sig:06,src:000001,time:926,execs:1601,op:havoc,rep:2
   -> CRASH REPRODUCED with id:000002,sig:06,src:000001,time:18,execs:684,op:havoc,rep:2
   -> CRASH REPRODUCED with id:000008,sig:06,src:000001,time:946,execs:2044,op:havoc,rep:2
   -> CRASH REPRODUCED with id:000010,sig:06,src:000001,time:2193,execs:4839,op:havoc,rep:2
   -> CRASH REPRODUCED with id:000000,sig:06,src:000001,time:12,execs:504,op:havoc,rep:1
   -> CRASH REPRODUCED with id:000001,sig:06,src:000001,time:14,execs:549,op:havoc,rep:2
   -> CRASH REPRODUCED with id:000003,sig:06,src:000001,time:19,execs:730,op:havoc,rep:2
   -> CRASH REPRODUCED with id:000004,sig:06,src:000001,time:31,execs:1151,op:havoc,rep:2
   -> CRASH REPRODUCED with id:000011,sig:06,src:000001,time:2218,execs:5694,op:havoc,rep:2
   -> CRASH REPRODUCED with id:000006,sig:06,src:000001,time:928,execs:1632,op:havoc,rep:2
Checking queue
   -> Found 78 crash reports. Testing reproducibility...
Checking hangs
   -> Converting counterexamples for 'emplace'...
      -> Found and validated 12 new rules.
   -> Updating CHC file with new counterexamples...

=============== Artifacts This Iteration ===============

--- Generated Specs ---
  emplace: (v <= 1)
  inv1: (true)

--- New Test Cases Found ---

--- Updated CHCs (for next iteration) ---
(declare-var N Int)
(declare-var i Int)
(declare-var i1 Int)
(declare-var len Int)
(declare-var len1 Int)
(declare-var countko Int)
(declare-var countko1 Int)
(declare-var countkt Int)
(declare-var countkt1 Int)
(declare-var k Int)
(declare-var v Int)
(declare-rel emplace (Int Int Int Int Int Int Int Int))
(declare-rel inv1 (Int Int Int Int Int))
(declare-rel fail ())

(rule (=> (and (= k 0) (= v 16) (= countko 0) (= countkt 0) (= len 0) (= countko1 0) (= countkt1 0) (= len1 1)) (emplace k v countko countkt len countko1 countkt1 len1)))
(rule (=> (and (= k 1) (= v 4) (= countko 4) (= countkt 0) (= len 4) (= countko1 5) (= countkt1 0) (= len1 5)) (emplace k v countko countkt len countko1 countkt1 len1)))
(rule (=> (and (= k 0) (= v 14) (= countko 0) (= countkt 0) (= len 1) (= countko1 0) (= countkt1 0) (= len1 2)) (emplace k v countko countkt len countko1 countkt1 len1)))
(rule (=> (and (= k 2) (= v 22) (= countko 0) (= countkt 0) (= len 1) (= countko1 0) (= countkt1 1) (= len1 2)) (emplace k v countko countkt len countko1 countkt1 len1)))
(rule (=> (and (= k 1) (= v 27) (= countko 4) (= countkt 0) (= len 5) (= countko1 5) (= countkt1 0) (= len1 6)) (emplace k v countko countkt len countko1 countkt1 len1)))
(rule (=> (and (= k 2) (= v 2) (= countko 1) (= countkt 1) (= len 3) (= countko1 1) (= countkt1 2) (= len1 4)) (emplace k v countko countkt len countko1 countkt1 len1)))
(rule (=> (and (= k 86) (= v 86) (= countko 0) (= countkt 0) (= len 2) (= countko1 0) (= countkt1 0) (= len1 3)) (emplace k v countko countkt len countko1 countkt1 len1)))
(rule (=> (and (= k 2) (= v 4) (= countko 0) (= countkt 0) (= len 3) (= countko1 0) (= countkt1 1) (= len1 4)) (emplace k v countko countkt len countko1 countkt1 len1)))
(rule (=> (and (= k 2) (= v 30) (= countko 1) (= countkt 0) (= len 1) (= countko1 1) (= countkt1 1) (= len1 2)) (emplace k v countko countkt len countko1 countkt1 len1)))
(rule (=> (and (= k 1) (= v 86) (= countko 0) (= countkt 0) (= len 0) (= countko1 1) (= countkt1 0) (= len1 1)) (emplace k v countko countkt len countko1 countkt1 len1)))
(rule (=> (and (= k 0) (= v 32) (= countko 1) (= countkt 0) (= len 4) (= countko1 1) (= countkt1 0) (= len1 5)) (emplace k v countko countkt len countko1 countkt1 len1)))
(rule (=> (and (= k 101) (= v 101) (= countko 0) (= countkt 0) (= len 2) (= countko1 0) (= countkt1 0) (= len1 3)) (emplace k v countko countkt len countko1 countkt1 len1)))

(rule (=> (and (= k -78) (= v -78) (= countko 6) (= countkt 1) (= len 7) (= countko1 6) (= countkt1 1) (= len1 8)) (emplace k v countko countkt len countko1 countkt1 len1)))
(rule (=> (and (= k -1) (= v 1) (= countko 4) (= countkt 0) (= len 4) (= countko1 4) (= countkt1 0) (= len1 5)) (emplace k v countko countkt len countko1 countkt1 len1)))
(rule (=> (and (= k 1) (= v -1) (= countko 0) (= countkt 0) (= len 28) (= countko1 1) (= countkt1 0) (= len1 29)) (emplace k v countko countkt len countko1 countkt1 len1)))
(rule (=> (and (= k -1) (= v 1) (= countko 2) (= countkt 0) (= len 2) (= countko1 2) (= countkt1 0) (= len1 3)) (emplace k v countko countkt len countko1 countkt1 len1)))
(rule (=> (and (= k 6) (= v -1) (= countko 0) (= countkt 0) (= len 8) (= countko1 0) (= countkt1 0) (= len1 9)) (emplace k v countko countkt len countko1 countkt1 len1)))
(rule (=> (and (= k 0) (= v -128) (= countko 1) (= countkt 0) (= len 4) (= countko1 1) (= countkt1 0) (= len1 5)) (emplace k v countko countkt len countko1 countkt1 len1)))
(rule (=> (and (= k -62) (= v -1) (= countko 0) (= countkt 0) (= len 2) (= countko1 0) (= countkt1 0) (= len1 3)) (emplace k v countko countkt len countko1 countkt1 len1)))
(rule (=> (and (= k 0) (= v -1) (= countko 0) (= countkt 0) (= len 3) (= countko1 0) (= countkt1 0) (= len1 4)) (emplace k v countko countkt len countko1 countkt1 len1)))
(rule (=> (and (= k 2) (= v -1) (= countko 4) (= countkt 0) (= len 5) (= countko1 4) (= countkt1 1) (= len1 6)) (emplace k v countko countkt len countko1 countkt1 len1)))
(rule (=> (and (= k 1) (= v 0) (= countko 0) (= countkt 0) (= len 2) (= countko1 1) (= countkt1 0) (= len1 3)) (emplace k v countko countkt len countko1 countkt1 len1)))
(rule (=> (and (= k -1) (= v -1) (= countko 0) (= countkt 0) (= len 0) (= countko1 0) (= countkt1 0) (= len1 1)) (emplace k v countko countkt len countko1 countkt1 len1)))
(rule (=> (and (> N 0) (= i 0) (= len 0) (= countko 0) (= countkt 0)) (inv1 i N countko countkt len)))
(rule (=> (and (inv1 i N countko countkt len) (< i N) (= k 1) (= v 1) (emplace k v countko countkt len countko1 countkt1 len1) (= i1 (+ i 1))) (inv1 i1 N countko1 countkt1 len1)))
(rule (=> (and (inv1 i N countko countkt len) (not (< i N)) (= k 2) (= v 2)(emplace k v countko countkt len countko1 countkt1 len1) (not (and (= countko1 N) (= countkt1 1)))) fail))

(query fail :print-certificate true)
==============================================================
   -> Checking if specs have changed...
      -> CHC files are different. Continuing iteration.

==================== Iteration: 3 ====================
TIMEOUT : 60
   -> Parsing CHC file: /Dualis/scripts/../benchmarks/ClassicalHornICE_working_temp/Multimap2/Multimap2.smt2
   -> Starting HornICE with a 1000-second timeout...
      -> Logging HornICE output to iter_3.log
   -> HornICE completed successfully.
   -> Analyzing HornICE log file: iter_3.log
      -> Found 98 internal iterations.
   -> Writing new specs to harness: emplace_fuzz.cpp...
      -> Successfully created working copy '/Dualis/scripts/../benchmarks/ClassicalHornICE_working_temp/Multimap2/emplace_fuzz.cpp'.
   -> Starting AFL++(emplace_fuzz) with a 60-second timeout...
   -> Building AFL-instrumented binary: /Dualis/scripts/../benchmarks/ClassicalHornICE_working_temp/Multimap2/emplace_fuzz
   -> AFL++(emplace_fuzz) finished its fuzzing session.
   -> Checking fuzzing outputs for counterexamples...
Checking crashes
   -> Found 7 crash reports. Testing reproducibility...
   -> CRASH REPRODUCED with id:000003,sig:06,src:000001,time:27,execs:1059,op:havoc,rep:4
   -> CRASH REPRODUCED with id:000006,sig:06,src:000001,time:143,execs:4769,op:havoc,rep:10
   -> CRASH REPRODUCED with id:000005,sig:06,src:000001,time:87,execs:3030,op:havoc,rep:16
   -> CRASH REPRODUCED with id:000002,sig:06,src:000001,time:16,execs:620,op:havoc,rep:5
   -> CRASH REPRODUCED with id:000000,sig:06,src:000001,time:1,execs:32,op:havoc,rep:4
   -> CRASH REPRODUCED with id:000004,sig:06,src:000001,time:46,execs:1666,op:havoc,rep:7
   -> CRASH REPRODUCED with id:000001,sig:06,src:000001,time:13,execs:482,op:havoc,rep:16
Checking queue
   -> Found 67 crash reports. Testing reproducibility...
Checking hangs
   -> Converting counterexamples for 'emplace'...
      -> Found and validated 7 new rules.
   -> Updating CHC file with new counterexamples...

=============== Artifacts This Iteration ===============

--- Generated Specs ---
  emplace: (((((v <= 0) && (v <= 1)) || (v > 1)) && (((countko - k) - countko) <= (-1))) || (((countko - k) - countko) > (-1)))
  inv1: ((i - N) <= (-1))

--- New Test Cases Found ---

--- Updated CHCs (for next iteration) ---
(declare-var N Int)
(declare-var i Int)
(declare-var i1 Int)
(declare-var len Int)
(declare-var len1 Int)
(declare-var countko Int)
(declare-var countko1 Int)
(declare-var countkt Int)
(declare-var countkt1 Int)
(declare-var k Int)
(declare-var v Int)
(declare-rel emplace (Int Int Int Int Int Int Int Int))
(declare-rel inv1 (Int Int Int Int Int))
(declare-rel fail ())

(rule (=> (and (= k 1) (= v 1) (= countko 9) (= countkt 0) (= len 10) (= countko1 10) (= countkt1 0) (= len1 11)) (emplace k v countko countkt len countko1 countkt1 len1)))
(rule (=> (and (= k 1) (= v 1) (= countko 0) (= countkt 0) (= len 0) (= countko1 1) (= countkt1 0) (= len1 1)) (emplace k v countko countkt len countko1 countkt1 len1)))
(rule (=> (and (= k 2) (= v 1) (= countko 10) (= countkt 1) (= len 17) (= countko1 10) (= countkt1 2) (= len1 18)) (emplace k v countko countkt len countko1 countkt1 len1)))
(rule (=> (and (= k 1) (= v 1) (= countko 0) (= countkt 1) (= len 2) (= countko1 1) (= countkt1 1) (= len1 3)) (emplace k v countko countkt len countko1 countkt1 len1)))
(rule (=> (and (= k 1) (= v 1) (= countko 6) (= countkt 0) (= len 7) (= countko1 7) (= countkt1 0) (= len1 8)) (emplace k v countko countkt len countko1 countkt1 len1)))
(rule (=> (and (= k 108) (= v 1) (= countko 0) (= countkt 0) (= len 1) (= countko1 0) (= countkt1 0) (= len1 2)) (emplace k v countko countkt len countko1 countkt1 len1)))
(rule (=> (and (= k 6) (= v 1) (= countko 0) (= countkt 0) (= len 1) (= countko1 0) (= countkt1 0) (= len1 2)) (emplace k v countko countkt len countko1 countkt1 len1)))

(rule (=> (and (= k 0) (= v 16) (= countko 0) (= countkt 0) (= len 0) (= countko1 0) (= countkt1 0) (= len1 1)) (emplace k v countko countkt len countko1 countkt1 len1)))
(rule (=> (and (= k 1) (= v 4) (= countko 4) (= countkt 0) (= len 4) (= countko1 5) (= countkt1 0) (= len1 5)) (emplace k v countko countkt len countko1 countkt1 len1)))
(rule (=> (and (= k 0) (= v 14) (= countko 0) (= countkt 0) (= len 1) (= countko1 0) (= countkt1 0) (= len1 2)) (emplace k v countko countkt len countko1 countkt1 len1)))
(rule (=> (and (= k 2) (= v 22) (= countko 0) (= countkt 0) (= len 1) (= countko1 0) (= countkt1 1) (= len1 2)) (emplace k v countko countkt len countko1 countkt1 len1)))
(rule (=> (and (= k 1) (= v 27) (= countko 4) (= countkt 0) (= len 5) (= countko1 5) (= countkt1 0) (= len1 6)) (emplace k v countko countkt len countko1 countkt1 len1)))
(rule (=> (and (= k 2) (= v 2) (= countko 1) (= countkt 1) (= len 3) (= countko1 1) (= countkt1 2) (= len1 4)) (emplace k v countko countkt len countko1 countkt1 len1)))
(rule (=> (and (= k 86) (= v 86) (= countko 0) (= countkt 0) (= len 2) (= countko1 0) (= countkt1 0) (= len1 3)) (emplace k v countko countkt len countko1 countkt1 len1)))
(rule (=> (and (= k 2) (= v 4) (= countko 0) (= countkt 0) (= len 3) (= countko1 0) (= countkt1 1) (= len1 4)) (emplace k v countko countkt len countko1 countkt1 len1)))
(rule (=> (and (= k 2) (= v 30) (= countko 1) (= countkt 0) (= len 1) (= countko1 1) (= countkt1 1) (= len1 2)) (emplace k v countko countkt len countko1 countkt1 len1)))
(rule (=> (and (= k 1) (= v 86) (= countko 0) (= countkt 0) (= len 0) (= countko1 1) (= countkt1 0) (= len1 1)) (emplace k v countko countkt len countko1 countkt1 len1)))
(rule (=> (and (= k 0) (= v 32) (= countko 1) (= countkt 0) (= len 4) (= countko1 1) (= countkt1 0) (= len1 5)) (emplace k v countko countkt len countko1 countkt1 len1)))
(rule (=> (and (= k 101) (= v 101) (= countko 0) (= countkt 0) (= len 2) (= countko1 0) (= countkt1 0) (= len1 3)) (emplace k v countko countkt len countko1 countkt1 len1)))
(rule (=> (and (= k -78) (= v -78) (= countko 6) (= countkt 1) (= len 7) (= countko1 6) (= countkt1 1) (= len1 8)) (emplace k v countko countkt len countko1 countkt1 len1)))
(rule (=> (and (= k -1) (= v 1) (= countko 4) (= countkt 0) (= len 4) (= countko1 4) (= countkt1 0) (= len1 5)) (emplace k v countko countkt len countko1 countkt1 len1)))
(rule (=> (and (= k 1) (= v -1) (= countko 0) (= countkt 0) (= len 28) (= countko1 1) (= countkt1 0) (= len1 29)) (emplace k v countko countkt len countko1 countkt1 len1)))
(rule (=> (and (= k -1) (= v 1) (= countko 2) (= countkt 0) (= len 2) (= countko1 2) (= countkt1 0) (= len1 3)) (emplace k v countko countkt len countko1 countkt1 len1)))
(rule (=> (and (= k 6) (= v -1) (= countko 0) (= countkt 0) (= len 8) (= countko1 0) (= countkt1 0) (= len1 9)) (emplace k v countko countkt len countko1 countkt1 len1)))
(rule (=> (and (= k 0) (= v -128) (= countko 1) (= countkt 0) (= len 4) (= countko1 1) (= countkt1 0) (= len1 5)) (emplace k v countko countkt len countko1 countkt1 len1)))
(rule (=> (and (= k -62) (= v -1) (= countko 0) (= countkt 0) (= len 2) (= countko1 0) (= countkt1 0) (= len1 3)) (emplace k v countko countkt len countko1 countkt1 len1)))
(rule (=> (and (= k 0) (= v -1) (= countko 0) (= countkt 0) (= len 3) (= countko1 0) (= countkt1 0) (= len1 4)) (emplace k v countko countkt len countko1 countkt1 len1)))
(rule (=> (and (= k 2) (= v -1) (= countko 4) (= countkt 0) (= len 5) (= countko1 4) (= countkt1 1) (= len1 6)) (emplace k v countko countkt len countko1 countkt1 len1)))
(rule (=> (and (= k 1) (= v 0) (= countko 0) (= countkt 0) (= len 2) (= countko1 1) (= countkt1 0) (= len1 3)) (emplace k v countko countkt len countko1 countkt1 len1)))
(rule (=> (and (= k -1) (= v -1) (= countko 0) (= countkt 0) (= len 0) (= countko1 0) (= countkt1 0) (= len1 1)) (emplace k v countko countkt len countko1 countkt1 len1)))
(rule (=> (and (> N 0) (= i 0) (= len 0) (= countko 0) (= countkt 0)) (inv1 i N countko countkt len)))
(rule (=> (and (inv1 i N countko countkt len) (< i N) (= k 1) (= v 1) (emplace k v countko countkt len countko1 countkt1 len1) (= i1 (+ i 1))) (inv1 i1 N countko1 countkt1 len1)))
(rule (=> (and (inv1 i N countko countkt len) (not (< i N)) (= k 2) (= v 2)(emplace k v countko countkt len countko1 countkt1 len1) (not (and (= countko1 N) (= countkt1 1)))) fail))

(query fail :print-certificate true)
==============================================================
   -> Checking if specs have changed...
      -> CHC files are different. Continuing iteration.

==================== Iteration: 4 ====================
TIMEOUT : 80
   -> Parsing CHC file: /Dualis/scripts/../benchmarks/ClassicalHornICE_working_temp/Multimap2/Multimap2.smt2
   -> Starting HornICE with a 1000-second timeout...
      -> Logging HornICE output to iter_4.log
   -> ERROR: HornICE timed out. Terminating.

==================== Finalizing Pipeline ====================

====================== Pipeline Finished =====================
Total External Iterations: 4
Total Unique Test Cases Found: 30
Total Internal Iterations: 108
  - Min: 3
  - Max: 98
  - Avg: 36.00
pipeline.run() took 1.5326 seconds.
Running command: /usr/bin/python3 chcverifynfuzz.py ClassicalHornICE Multimap2
PID: 607028
========================================

