
========================================
         Starting Pipeline for: ProcessQueue (Mode: ClassicalHornICE)
========================================
Initializing pipeline for benchmark: 'ProcessQueue'
   -> Loading and validating attributes from: /Dualis/scripts/../benchmarks/Classical/ProcessQueue/Attributes.txt
      -> Validation successful. Attribute file is consistent.

==================== Iteration: 1 ====================
TIMEOUT : 20
   -> Parsing CHC file: /Dualis/scripts/../benchmarks/ClassicalHornICE_working_temp/ProcessQueue/ProcessQueue.smt2
   -> Starting HornICE with a 1000-second timeout...
      -> Logging HornICE output to iter_1.log
   -> HornICE completed successfully.
   -> Analyzing HornICE log file: iter_1.log
      -> Found 5 internal iterations.
   -> Writing new specs to harness: insert_fuzz.cpp...
      -> Successfully created working copy '/Dualis/scripts/../benchmarks/ClassicalHornICE_working_temp/ProcessQueue/insert_fuzz.cpp'.
   -> Starting AFL++(insert_fuzz) with a 20-second timeout...
   -> Building AFL-instrumented binary: /Dualis/scripts/../benchmarks/ClassicalHornICE_working_temp/ProcessQueue/insert_fuzz
   -> AFL++(insert_fuzz) finished its fuzzing session.
   -> Checking fuzzing outputs for counterexamples...
Checking crashes
   -> Found 6 crash reports. Testing reproducibility...
   -> CRASH REPRODUCED with id:000003,sig:06,src:000000,time:1017,execs:51,op:havoc,rep:8
   -> CRASH REPRODUCED with id:000005,sig:06,src:000000,time:12490,execs:250,op:havoc,rep:15
   -> CRASH REPRODUCED with id:000000,sig:06,src:000000,time:144,execs:33,op:havoc,rep:14
   -> CRASH REPRODUCED with id:000004,sig:06,src:000000,time:1188,execs:54,op:havoc,rep:11
   -> CRASH REPRODUCED with id:000001,sig:06,src:000000,time:512,execs:37,op:havoc,rep:10
   -> CRASH REPRODUCED with id:000002,sig:06,src:000000,time:877,execs:47,op:havoc,rep:15
Checking queue
   -> Found 4 crash reports. Testing reproducibility...
Checking hangs
   -> Converting counterexamples for 'insert'...
      -> Found and validated 6 new rules.
   -> Writing new specs to harness: choosenext_fuzz.cpp...
      -> Successfully created working copy '/Dualis/scripts/../benchmarks/ClassicalHornICE_working_temp/ProcessQueue/choosenext_fuzz.cpp'.
   -> Starting AFL++(choosenext_fuzz) with a 20-second timeout...
   -> Building AFL-instrumented binary: /Dualis/scripts/../benchmarks/ClassicalHornICE_working_temp/ProcessQueue/choosenext_fuzz
   -> AFL++(choosenext_fuzz) finished its fuzzing session.
   -> Checking fuzzing outputs for counterexamples...
Checking crashes
   -> Found 8 crash reports. Testing reproducibility...
   -> CRASH REPRODUCED with id:000006,sig:06,src:000000,time:3918,execs:146,op:havoc,rep:4
   -> CRASH REPRODUCED with id:000002,sig:06,src:000000,time:752,execs:40,op:havoc,rep:2
   -> CRASH REPRODUCED with id:000005,sig:06,src:000000,time:3519,execs:141,op:havoc,rep:4
   -> CRASH REPRODUCED with id:000004,sig:06,src:000000,time:2551,execs:120,op:havoc,rep:4
   -> CRASH REPRODUCED with id:000007,sig:06,src:000000,time:6989,execs:213,op:havoc,rep:4
   -> CRASH REPRODUCED with id:000003,sig:06,src:000000,time:1263,execs:49,op:havoc,rep:1
   -> CRASH REPRODUCED with id:000001,sig:06,src:000000,time:376,execs:31,op:havoc,rep:1
   -> CRASH REPRODUCED with id:000000,sig:06,src:000000,time:173,execs:17,op:havoc,rep:1
Checking queue
   -> Found 4 crash reports. Testing reproducibility...
   -> CRASH REPRODUCED with id:000003,time:0,execs:0,orig:pushpop
   -> CRASH REPRODUCED with id:000001,time:0,execs:0,orig:2push
   -> CRASH REPRODUCED with id:000002,time:0,execs:0,orig:poppush
Checking hangs
   -> Converting counterexamples for 'choosenext'...
      -> Found and validated 6 new rules.
   -> Updating CHC file with new counterexamples...

=============== Artifacts This Iteration ===============

--- Generated Specs ---
  inv: (len <= 0)
  insert: (false)
  choosenext: (false)

--- New Test Cases Found ---

--- Updated CHCs (for next iteration) ---
(declare-rel inv (Int Int Int))
(declare-rel insert (Int Int Int Int Int))
(declare-rel choosenext (Int Int Int Int))
(declare-rel fail ())
(declare-var nexttime Int)
(declare-var len Int)
(declare-var min_ttw Int)
(declare-var nexttime1 Int)
(declare-var len1 Int)
(declare-var min_ttw1 Int)
(define-fun MAX () Int 128)
(define-fun MIN () Int -129)

(rule (=> (and (= nexttime 238) (= len 27) (= len1 28) (= min_ttw -18) (= min_ttw1 -18)) (insert nexttime len len1 min_ttw min_ttw1)))
(rule (=> (and (= nexttime 247) (= len 8) (= len1 9) (= min_ttw -43) (= min_ttw1 -43)) (insert nexttime len len1 min_ttw min_ttw1)))
(rule (=> (and (= nexttime 6) (= len 0) (= len1 1) (= min_ttw 128) (= min_ttw1 6)) (insert nexttime len len1 min_ttw min_ttw1)))
(rule (=> (and (= nexttime 2) (= len 0) (= len1 1) (= min_ttw 128) (= min_ttw1 2)) (insert nexttime len len1 min_ttw min_ttw1)))
(rule (=> (and (= nexttime 0) (= len 1) (= len1 2) (= min_ttw -32) (= min_ttw1 -32)) (insert nexttime len len1 min_ttw min_ttw1)))
(rule (=> (and (= nexttime 58) (= len 11) (= len1 12) (= min_ttw -71) (= min_ttw1 -71)) (insert nexttime len len1 min_ttw min_ttw1)))
(rule (=> (and (= len 5) (= len1 5) (= min_ttw -104) (= min_ttw1 -105)) (choosenext len len1 min_ttw min_ttw1)))
(rule (=> (and (= len 5) (= len1 5) (= min_ttw -2) (= min_ttw1 -3)) (choosenext len len1 min_ttw min_ttw1)))
(rule (=> (and (= len 0) (= len1 0) (= min_ttw 128) (= min_ttw1 128)) (choosenext len len1 min_ttw min_ttw1)))
(rule (=> (and (= len 1) (= len1 1) (= min_ttw -86) (= min_ttw1 -87)) (choosenext len len1 min_ttw min_ttw1)))
(rule (=> (and (= len 4) (= len1 0) (= min_ttw 1) (= min_ttw1 128)) (choosenext len len1 min_ttw min_ttw1)))
(rule (=> (and (= len 1) (= len1 1) (= min_ttw -1) (= min_ttw1 -2)) (choosenext len len1 min_ttw min_ttw1)))

(rule (=> (and (= len1 0) (= nexttime1 1) (= min_ttw1 MAX)) (inv nexttime1 len1 min_ttw1)))
(rule (=> (and (inv nexttime len min_ttw) (insert nexttime len len1 min_ttw min_ttw1) (= nexttime1 (+ nexttime 1))) (inv nexttime1 len1 min_ttw1)))
(rule (=> (and (inv nexttime len min_ttw) (and (> nexttime 1) (choosenext len len1 min_ttw min_ttw1) (= nexttime1 (- nexttime 1)))) (inv nexttime1 len1 min_ttw1)))
(rule (=> (and (inv nexttime len min_ttw) (<= nexttime 1)) (inv nexttime len min_ttw)))
(rule (=> (and (inv nexttime len min_ttw) (not(=> (> len 0) (>= min_ttw 1)))) fail))

(query fail :print-certificate true)
==============================================================
   -> Checking if specs have changed...
      -> CHC files are different. Continuing iteration.

==================== Iteration: 2 ====================
TIMEOUT : 40
   -> Parsing CHC file: /Dualis/scripts/../benchmarks/ClassicalHornICE_working_temp/ProcessQueue/ProcessQueue.smt2
   -> Starting HornICE with a 1000-second timeout...
      -> Logging HornICE output to iter_2.log
   -> HornICE completed successfully.
   -> Analyzing HornICE log file: iter_2.log
      -> Found 20 internal iterations.
   -> Writing new specs to harness: insert_fuzz.cpp...
      -> Successfully created working copy '/Dualis/scripts/../benchmarks/ClassicalHornICE_working_temp/ProcessQueue/insert_fuzz.cpp'.
   -> Starting AFL++(insert_fuzz) with a 40-second timeout...
   -> Building AFL-instrumented binary: /Dualis/scripts/../benchmarks/ClassicalHornICE_working_temp/ProcessQueue/insert_fuzz
   -> AFL++(insert_fuzz) finished its fuzzing session.
   -> Checking fuzzing outputs for counterexamples...
Checking crashes
   -> Found 5 crash reports. Testing reproducibility...
   -> CRASH REPRODUCED with id:000002,sig:06,src:000000,time:653,execs:251,op:havoc,rep:6
   -> CRASH REPRODUCED with id:000003,sig:06,src:000000,time:874,execs:276,op:havoc,rep:4
   -> CRASH REPRODUCED with id:000000,sig:06,src:000000,time:244,execs:67,op:havoc,rep:7
   -> CRASH REPRODUCED with id:000004,sig:06,src:000000,time:1303,execs:631,op:havoc,rep:6
   -> CRASH REPRODUCED with id:000001,sig:06,src:000000,time:444,execs:135,op:havoc,rep:7
Checking queue
   -> Found 52 crash reports. Testing reproducibility...
Checking hangs
   -> Converting counterexamples for 'insert'...
      -> Found and validated 5 new rules.
   -> Writing new specs to harness: choosenext_fuzz.cpp...
      -> Successfully created working copy '/Dualis/scripts/../benchmarks/ClassicalHornICE_working_temp/ProcessQueue/choosenext_fuzz.cpp'.
   -> Starting AFL++(choosenext_fuzz) with a 40-second timeout...
   -> Building AFL-instrumented binary: /Dualis/scripts/../benchmarks/ClassicalHornICE_working_temp/ProcessQueue/choosenext_fuzz
   -> AFL++(choosenext_fuzz) finished its fuzzing session.
   -> Checking fuzzing outputs for counterexamples...
Checking crashes
Checking queue
   -> Found 79 crash reports. Testing reproducibility...
Checking hangs
   -> Converting counterexamples for 'choosenext'...
   -> Updating CHC file with new counterexamples...

=============== Artifacts This Iteration ===============

--- Generated Specs ---
  insert: ((((nexttime <= 0) && (nexttime <= 1)) || (nexttime > 1)) && (((len1 - nexttime) - len) <= 1) && (((min_ttw1 - nexttime) - len) <= 0))
  choosenext: (true)
  inv: ((nexttime <= 1) && ((nexttime - len) > 0))

--- New Test Cases Found ---

--- Updated CHCs (for next iteration) ---
(declare-rel inv (Int Int Int))
(declare-rel insert (Int Int Int Int Int))
(declare-rel choosenext (Int Int Int Int))
(declare-rel fail ())
(declare-var nexttime Int)
(declare-var len Int)
(declare-var min_ttw Int)
(declare-var nexttime1 Int)
(declare-var len1 Int)
(declare-var min_ttw1 Int)
(define-fun MAX () Int 128)
(define-fun MIN () Int -129)

(rule (=> (and (= nexttime 1) (= len 7) (= len1 8) (= min_ttw -82) (= min_ttw1 -82)) (insert nexttime len len1 min_ttw min_ttw1)))
(rule (=> (and (= nexttime 1) (= len 3) (= len1 4) (= min_ttw 4) (= min_ttw1 1)) (insert nexttime len len1 min_ttw min_ttw1)))
(rule (=> (and (= nexttime 1) (= len 0) (= len1 1) (= min_ttw 128) (= min_ttw1 1)) (insert nexttime len len1 min_ttw min_ttw1)))
(rule (=> (and (= nexttime 1) (= len 1) (= len1 2) (= min_ttw -4) (= min_ttw1 -4)) (insert nexttime len len1 min_ttw min_ttw1)))
(rule (=> (and (= nexttime 1) (= len 2) (= len1 3) (= min_ttw -29) (= min_ttw1 -29)) (insert nexttime len len1 min_ttw min_ttw1)))

(rule (=> (and (= nexttime 238) (= len 27) (= len1 28) (= min_ttw -18) (= min_ttw1 -18)) (insert nexttime len len1 min_ttw min_ttw1)))
(rule (=> (and (= nexttime 247) (= len 8) (= len1 9) (= min_ttw -43) (= min_ttw1 -43)) (insert nexttime len len1 min_ttw min_ttw1)))
(rule (=> (and (= nexttime 6) (= len 0) (= len1 1) (= min_ttw 128) (= min_ttw1 6)) (insert nexttime len len1 min_ttw min_ttw1)))
(rule (=> (and (= nexttime 2) (= len 0) (= len1 1) (= min_ttw 128) (= min_ttw1 2)) (insert nexttime len len1 min_ttw min_ttw1)))
(rule (=> (and (= nexttime 0) (= len 1) (= len1 2) (= min_ttw -32) (= min_ttw1 -32)) (insert nexttime len len1 min_ttw min_ttw1)))
(rule (=> (and (= nexttime 58) (= len 11) (= len1 12) (= min_ttw -71) (= min_ttw1 -71)) (insert nexttime len len1 min_ttw min_ttw1)))
(rule (=> (and (= len 5) (= len1 5) (= min_ttw -104) (= min_ttw1 -105)) (choosenext len len1 min_ttw min_ttw1)))
(rule (=> (and (= len 5) (= len1 5) (= min_ttw -2) (= min_ttw1 -3)) (choosenext len len1 min_ttw min_ttw1)))
(rule (=> (and (= len 0) (= len1 0) (= min_ttw 128) (= min_ttw1 128)) (choosenext len len1 min_ttw min_ttw1)))
(rule (=> (and (= len 1) (= len1 1) (= min_ttw -86) (= min_ttw1 -87)) (choosenext len len1 min_ttw min_ttw1)))
(rule (=> (and (= len 4) (= len1 0) (= min_ttw 1) (= min_ttw1 128)) (choosenext len len1 min_ttw min_ttw1)))
(rule (=> (and (= len 1) (= len1 1) (= min_ttw -1) (= min_ttw1 -2)) (choosenext len len1 min_ttw min_ttw1)))
(rule (=> (and (= len1 0) (= nexttime1 1) (= min_ttw1 MAX)) (inv nexttime1 len1 min_ttw1)))
(rule (=> (and (inv nexttime len min_ttw) (insert nexttime len len1 min_ttw min_ttw1) (= nexttime1 (+ nexttime 1))) (inv nexttime1 len1 min_ttw1)))
(rule (=> (and (inv nexttime len min_ttw) (and (> nexttime 1) (choosenext len len1 min_ttw min_ttw1) (= nexttime1 (- nexttime 1)))) (inv nexttime1 len1 min_ttw1)))
(rule (=> (and (inv nexttime len min_ttw) (<= nexttime 1)) (inv nexttime len min_ttw)))
(rule (=> (and (inv nexttime len min_ttw) (not(=> (> len 0) (>= min_ttw 1)))) fail))

(query fail :print-certificate true)
==============================================================
   -> Checking if specs have changed...
      -> CHC files are different. Continuing iteration.

==================== Iteration: 3 ====================
TIMEOUT : 60
   -> Parsing CHC file: /Dualis/scripts/../benchmarks/ClassicalHornICE_working_temp/ProcessQueue/ProcessQueue.smt2
   -> Starting HornICE with a 1000-second timeout...
      -> Logging HornICE output to iter_3.log
   -> HornICE completed successfully.
   -> Analyzing HornICE log file: iter_3.log
      -> Found 63 internal iterations.
   -> Writing new specs to harness: insert_fuzz.cpp...
      -> Successfully created working copy '/Dualis/scripts/../benchmarks/ClassicalHornICE_working_temp/ProcessQueue/insert_fuzz.cpp'.
   -> Starting AFL++(insert_fuzz) with a 60-second timeout...
   -> Building AFL-instrumented binary: /Dualis/scripts/../benchmarks/ClassicalHornICE_working_temp/ProcessQueue/insert_fuzz
   -> AFL++(insert_fuzz) finished its fuzzing session.
   -> Checking fuzzing outputs for counterexamples...
Checking crashes
   -> Found 5 crash reports. Testing reproducibility...
   -> CRASH REPRODUCED with id:000004,sig:06,src:000038,time:18081,execs:14311,op:havoc,rep:16
   -> CRASH REPRODUCED with id:000000,sig:06,src:000000,time:214,execs:564,op:havoc,rep:2
   -> CRASH REPRODUCED with id:000001,sig:06,src:000000,time:1052,execs:2232,op:havoc,rep:4
   -> CRASH REPRODUCED with id:000002,sig:06,src:000000,time:2716,execs:4229,op:havoc,rep:4
   -> CRASH REPRODUCED with id:000003,sig:06,src:000038,time:5871,execs:10161,op:havoc,rep:14
Checking queue
   -> Found 69 crash reports. Testing reproducibility...
Checking hangs
   -> Converting counterexamples for 'insert'...
      -> Found and validated 3 new rules.
   -> Writing new specs to harness: choosenext_fuzz.cpp...
      -> Successfully created working copy '/Dualis/scripts/../benchmarks/ClassicalHornICE_working_temp/ProcessQueue/choosenext_fuzz.cpp'.
   -> Starting AFL++(choosenext_fuzz) with a 60-second timeout...
   -> Building AFL-instrumented binary: /Dualis/scripts/../benchmarks/ClassicalHornICE_working_temp/ProcessQueue/choosenext_fuzz
   -> AFL++(choosenext_fuzz) finished its fuzzing session.
   -> Checking fuzzing outputs for counterexamples...
Checking crashes
   -> Found 5 crash reports. Testing reproducibility...
   -> CRASH REPRODUCED with id:000002,sig:06,src:000000,time:983,execs:3607,op:havoc,rep:2
   -> CRASH REPRODUCED with id:000003,sig:06,src:000000,time:1367,execs:5158,op:havoc,rep:2
   -> CRASH REPRODUCED with id:000000,sig:06,src:000000,time:170,execs:1044,op:havoc,rep:1
   -> CRASH REPRODUCED with id:000001,sig:06,src:000000,time:328,execs:1685,op:havoc,rep:2
   -> CRASH REPRODUCED with id:000004,sig:06,src:000000,time:2747,execs:9391,op:havoc,rep:2
Checking queue
   -> Found 59 crash reports. Testing reproducibility...
Checking hangs
   -> Converting counterexamples for 'choosenext'...
      -> Found and validated 5 new rules.
   -> Updating CHC file with new counterexamples...

=============== Artifacts This Iteration ===============

--- Generated Specs ---
  insert: (((min_ttw1 > 0) && (len1 <= 1)) || ((((min_ttw - min_ttw1) <= 0) || ((min_ttw1 > 0) && ((min_ttw - min_ttw1) > 0))) && (len1 > 1)))
  choosenext: (((min_ttw1 > 0) && (((len - len1) - min_ttw) <= (-1))) || ((((len - len1) <= 0) || ((min_ttw1 > 0) && ((len - len1) > 0))) && (((len - len1) - min_ttw) > (-1))))
  inv: (min_ttw > 0)

--- New Test Cases Found ---

--- Updated CHCs (for next iteration) ---
(declare-rel inv (Int Int Int))
(declare-rel insert (Int Int Int Int Int))
(declare-rel choosenext (Int Int Int Int))
(declare-rel fail ())
(declare-var nexttime Int)
(declare-var len Int)
(declare-var min_ttw Int)
(declare-var nexttime1 Int)
(declare-var len1 Int)
(declare-var min_ttw1 Int)
(define-fun MAX () Int 128)
(define-fun MIN () Int -129)

(rule (=> (and (= nexttime 0) (= len 0) (= len1 1) (= min_ttw 128) (= min_ttw1 0)) (insert nexttime len len1 min_ttw min_ttw1)))
(rule (=> (and (= nexttime 0) (= len 9) (= len1 10) (= min_ttw 28) (= min_ttw1 0)) (insert nexttime len len1 min_ttw min_ttw1)))
(rule (=> (and (= nexttime 0) (= len 3) (= len1 4) (= min_ttw 42) (= min_ttw1 0)) (insert nexttime len len1 min_ttw min_ttw1)))
(rule (=> (and (= len 6) (= len1 2) (= min_ttw 0) (= min_ttw1 -1)) (choosenext len len1 min_ttw min_ttw1)))
(rule (=> (and (= len 12) (= len1 1) (= min_ttw -1) (= min_ttw1 -2)) (choosenext len len1 min_ttw min_ttw1)))
(rule (=> (and (= len 2) (= len1 1) (= min_ttw -2) (= min_ttw1 -3)) (choosenext len len1 min_ttw min_ttw1)))
(rule (=> (and (= len 5) (= len1 2) (= min_ttw -11) (= min_ttw1 -12)) (choosenext len len1 min_ttw min_ttw1)))
(rule (=> (and (= len 2) (= len1 1) (= min_ttw -1) (= min_ttw1 -2)) (choosenext len len1 min_ttw min_ttw1)))

(rule (=> (and (= nexttime 1) (= len 7) (= len1 8) (= min_ttw -82) (= min_ttw1 -82)) (insert nexttime len len1 min_ttw min_ttw1)))
(rule (=> (and (= nexttime 1) (= len 3) (= len1 4) (= min_ttw 4) (= min_ttw1 1)) (insert nexttime len len1 min_ttw min_ttw1)))
(rule (=> (and (= nexttime 1) (= len 0) (= len1 1) (= min_ttw 128) (= min_ttw1 1)) (insert nexttime len len1 min_ttw min_ttw1)))
(rule (=> (and (= nexttime 1) (= len 1) (= len1 2) (= min_ttw -4) (= min_ttw1 -4)) (insert nexttime len len1 min_ttw min_ttw1)))
(rule (=> (and (= nexttime 1) (= len 2) (= len1 3) (= min_ttw -29) (= min_ttw1 -29)) (insert nexttime len len1 min_ttw min_ttw1)))
(rule (=> (and (= nexttime 238) (= len 27) (= len1 28) (= min_ttw -18) (= min_ttw1 -18)) (insert nexttime len len1 min_ttw min_ttw1)))
(rule (=> (and (= nexttime 247) (= len 8) (= len1 9) (= min_ttw -43) (= min_ttw1 -43)) (insert nexttime len len1 min_ttw min_ttw1)))
(rule (=> (and (= nexttime 6) (= len 0) (= len1 1) (= min_ttw 128) (= min_ttw1 6)) (insert nexttime len len1 min_ttw min_ttw1)))
(rule (=> (and (= nexttime 2) (= len 0) (= len1 1) (= min_ttw 128) (= min_ttw1 2)) (insert nexttime len len1 min_ttw min_ttw1)))
(rule (=> (and (= nexttime 0) (= len 1) (= len1 2) (= min_ttw -32) (= min_ttw1 -32)) (insert nexttime len len1 min_ttw min_ttw1)))
(rule (=> (and (= nexttime 58) (= len 11) (= len1 12) (= min_ttw -71) (= min_ttw1 -71)) (insert nexttime len len1 min_ttw min_ttw1)))
(rule (=> (and (= len 5) (= len1 5) (= min_ttw -104) (= min_ttw1 -105)) (choosenext len len1 min_ttw min_ttw1)))
(rule (=> (and (= len 5) (= len1 5) (= min_ttw -2) (= min_ttw1 -3)) (choosenext len len1 min_ttw min_ttw1)))
(rule (=> (and (= len 0) (= len1 0) (= min_ttw 128) (= min_ttw1 128)) (choosenext len len1 min_ttw min_ttw1)))
(rule (=> (and (= len 1) (= len1 1) (= min_ttw -86) (= min_ttw1 -87)) (choosenext len len1 min_ttw min_ttw1)))
(rule (=> (and (= len 4) (= len1 0) (= min_ttw 1) (= min_ttw1 128)) (choosenext len len1 min_ttw min_ttw1)))
(rule (=> (and (= len 1) (= len1 1) (= min_ttw -1) (= min_ttw1 -2)) (choosenext len len1 min_ttw min_ttw1)))
(rule (=> (and (= len1 0) (= nexttime1 1) (= min_ttw1 MAX)) (inv nexttime1 len1 min_ttw1)))
(rule (=> (and (inv nexttime len min_ttw) (insert nexttime len len1 min_ttw min_ttw1) (= nexttime1 (+ nexttime 1))) (inv nexttime1 len1 min_ttw1)))
(rule (=> (and (inv nexttime len min_ttw) (and (> nexttime 1) (choosenext len len1 min_ttw min_ttw1) (= nexttime1 (- nexttime 1)))) (inv nexttime1 len1 min_ttw1)))
(rule (=> (and (inv nexttime len min_ttw) (<= nexttime 1)) (inv nexttime len min_ttw)))
(rule (=> (and (inv nexttime len min_ttw) (not(=> (> len 0) (>= min_ttw 1)))) fail))

(query fail :print-certificate true)
==============================================================
   -> Checking if specs have changed...
      -> CHC files are different. Continuing iteration.

==================== Iteration: 4 ====================
TIMEOUT : 80
   -> Parsing CHC file: /Dualis/scripts/../benchmarks/ClassicalHornICE_working_temp/ProcessQueue/ProcessQueue.smt2
   -> Starting HornICE with a 1000-second timeout...
      -> Logging HornICE output to iter_4.log
   -> HornICE completed successfully.
   -> Analyzing HornICE log file: iter_4.log
      -> Found 84 internal iterations.
   -> Writing new specs to harness: insert_fuzz.cpp...
      -> Successfully created working copy '/Dualis/scripts/../benchmarks/ClassicalHornICE_working_temp/ProcessQueue/insert_fuzz.cpp'.
   -> Starting AFL++(insert_fuzz) with a 80-second timeout...
   -> Building AFL-instrumented binary: /Dualis/scripts/../benchmarks/ClassicalHornICE_working_temp/ProcessQueue/insert_fuzz
   -> AFL++(insert_fuzz) finished its fuzzing session.
   -> Checking fuzzing outputs for counterexamples...
Checking crashes
   -> Found 9 crash reports. Testing reproducibility...
   -> CRASH REPRODUCED with id:000005,sig:06,src:000000,time:1787,execs:437,op:havoc,rep:1
   -> CRASH REPRODUCED with id:000006,sig:06,src:000000,time:2356,execs:524,op:havoc,rep:3
   -> CRASH REPRODUCED with id:000000,sig:06,src:000000,time:135,execs:139,op:havoc,rep:2
   -> CRASH REPRODUCED with id:000001,sig:06,src:000000,time:513,execs:174,op:havoc,rep:4
   -> CRASH REPRODUCED with id:000004,sig:06,src:000000,time:1065,execs:275,op:havoc,rep:4
   -> CRASH REPRODUCED with id:000008,sig:06,src:000000,time:9711,execs:2115,op:havoc,rep:4
   -> CRASH REPRODUCED with id:000007,sig:06,src:000000,time:5618,execs:1226,op:havoc,rep:4
   -> CRASH REPRODUCED with id:000003,sig:06,src:000000,time:894,execs:256,op:havoc,rep:4
   -> CRASH REPRODUCED with id:000002,sig:06,src:000000,time:696,execs:203,op:havoc,rep:4
Checking queue
   -> Found 54 crash reports. Testing reproducibility...
Checking hangs
   -> Converting counterexamples for 'insert'...
      -> Found and validated 9 new rules.
   -> Writing new specs to harness: choosenext_fuzz.cpp...
      -> Successfully created working copy '/Dualis/scripts/../benchmarks/ClassicalHornICE_working_temp/ProcessQueue/choosenext_fuzz.cpp'.
   -> Starting AFL++(choosenext_fuzz) with a 80-second timeout...
   -> Building AFL-instrumented binary: /Dualis/scripts/../benchmarks/ClassicalHornICE_working_temp/ProcessQueue/choosenext_fuzz
   -> AFL++(choosenext_fuzz) finished its fuzzing session.
   -> Checking fuzzing outputs for counterexamples...
Checking crashes
Checking queue
   -> Found 88 crash reports. Testing reproducibility...
Checking hangs
   -> Converting counterexamples for 'choosenext'...
   -> Updating CHC file with new counterexamples...

=============== Artifacts This Iteration ===============

--- Generated Specs ---
  insert: (((len <= 0) && (((nexttime - len) - min_ttw1) <= 0) && ((len - min_ttw1) <= 1)) || (((((len - min_ttw) > 0) && (len <= 1)) || ((((min_ttw - min_ttw1) <= 0) || (((nexttime - min_ttw1) <= 0) && ((min_ttw - min_ttw1) > 0))) && (len > 1))) && ((len - min_ttw1) > 1)))
  choosenext: (((min_ttw1 > 0) && (((len - len1) - min_ttw) <= (-1))) || (((min_ttw <= 0) || ((min_ttw1 > 0) && (min_ttw > 0))) && (((min_ttw - len1) - min_ttw1) <= 0) && (((len - len1) - min_ttw) > (-1))))
  inv: ((nexttime > 0) && (min_ttw > 0))

--- New Test Cases Found ---

--- Updated CHCs (for next iteration) ---
(declare-rel inv (Int Int Int))
(declare-rel insert (Int Int Int Int Int))
(declare-rel choosenext (Int Int Int Int))
(declare-rel fail ())
(declare-var nexttime Int)
(declare-var len Int)
(declare-var min_ttw Int)
(declare-var nexttime1 Int)
(declare-var len1 Int)
(declare-var min_ttw1 Int)
(define-fun MAX () Int 128)
(define-fun MIN () Int -129)

(rule (=> (and (= nexttime 31) (= len 9) (= len1 10) (= min_ttw 31) (= min_ttw1 31)) (insert nexttime len len1 min_ttw min_ttw1)))
(rule (=> (and (= nexttime 1) (= len 1) (= len1 2) (= min_ttw 64) (= min_ttw1 1)) (insert nexttime len len1 min_ttw min_ttw1)))
(rule (=> (and (= nexttime 88) (= len 5) (= len1 6) (= min_ttw 88) (= min_ttw1 88)) (insert nexttime len len1 min_ttw min_ttw1)))
(rule (=> (and (= nexttime 13) (= len 8) (= len1 9) (= min_ttw 12) (= min_ttw1 12)) (insert nexttime len len1 min_ttw min_ttw1)))
(rule (=> (and (= nexttime 70) (= len 17) (= len1 18) (= min_ttw 54) (= min_ttw1 54)) (insert nexttime len len1 min_ttw min_ttw1)))
(rule (=> (and (= nexttime 1) (= len 1) (= len1 2) (= min_ttw 1) (= min_ttw1 1)) (insert nexttime len len1 min_ttw min_ttw1)))
(rule (=> (and (= nexttime 2) (= len 2) (= len1 3) (= min_ttw 13) (= min_ttw1 2)) (insert nexttime len len1 min_ttw min_ttw1)))
(rule (=> (and (= nexttime 2) (= len 1) (= len1 2) (= min_ttw 0) (= min_ttw1 0)) (insert nexttime len len1 min_ttw min_ttw1)))
(rule (=> (and (= nexttime 2) (= len 1) (= len1 2) (= min_ttw 2) (= min_ttw1 2)) (insert nexttime len len1 min_ttw min_ttw1)))

(rule (=> (and (= nexttime 0) (= len 0) (= len1 1) (= min_ttw 128) (= min_ttw1 0)) (insert nexttime len len1 min_ttw min_ttw1)))
(rule (=> (and (= nexttime 0) (= len 9) (= len1 10) (= min_ttw 28) (= min_ttw1 0)) (insert nexttime len len1 min_ttw min_ttw1)))
(rule (=> (and (= nexttime 0) (= len 3) (= len1 4) (= min_ttw 42) (= min_ttw1 0)) (insert nexttime len len1 min_ttw min_ttw1)))
(rule (=> (and (= len 6) (= len1 2) (= min_ttw 0) (= min_ttw1 -1)) (choosenext len len1 min_ttw min_ttw1)))
(rule (=> (and (= len 12) (= len1 1) (= min_ttw -1) (= min_ttw1 -2)) (choosenext len len1 min_ttw min_ttw1)))
(rule (=> (and (= len 2) (= len1 1) (= min_ttw -2) (= min_ttw1 -3)) (choosenext len len1 min_ttw min_ttw1)))
(rule (=> (and (= len 5) (= len1 2) (= min_ttw -11) (= min_ttw1 -12)) (choosenext len len1 min_ttw min_ttw1)))
(rule (=> (and (= len 2) (= len1 1) (= min_ttw -1) (= min_ttw1 -2)) (choosenext len len1 min_ttw min_ttw1)))
(rule (=> (and (= nexttime 1) (= len 7) (= len1 8) (= min_ttw -82) (= min_ttw1 -82)) (insert nexttime len len1 min_ttw min_ttw1)))
(rule (=> (and (= nexttime 1) (= len 3) (= len1 4) (= min_ttw 4) (= min_ttw1 1)) (insert nexttime len len1 min_ttw min_ttw1)))
(rule (=> (and (= nexttime 1) (= len 0) (= len1 1) (= min_ttw 128) (= min_ttw1 1)) (insert nexttime len len1 min_ttw min_ttw1)))
(rule (=> (and (= nexttime 1) (= len 1) (= len1 2) (= min_ttw -4) (= min_ttw1 -4)) (insert nexttime len len1 min_ttw min_ttw1)))
(rule (=> (and (= nexttime 1) (= len 2) (= len1 3) (= min_ttw -29) (= min_ttw1 -29)) (insert nexttime len len1 min_ttw min_ttw1)))
(rule (=> (and (= nexttime 238) (= len 27) (= len1 28) (= min_ttw -18) (= min_ttw1 -18)) (insert nexttime len len1 min_ttw min_ttw1)))
(rule (=> (and (= nexttime 247) (= len 8) (= len1 9) (= min_ttw -43) (= min_ttw1 -43)) (insert nexttime len len1 min_ttw min_ttw1)))
(rule (=> (and (= nexttime 6) (= len 0) (= len1 1) (= min_ttw 128) (= min_ttw1 6)) (insert nexttime len len1 min_ttw min_ttw1)))
(rule (=> (and (= nexttime 2) (= len 0) (= len1 1) (= min_ttw 128) (= min_ttw1 2)) (insert nexttime len len1 min_ttw min_ttw1)))
(rule (=> (and (= nexttime 0) (= len 1) (= len1 2) (= min_ttw -32) (= min_ttw1 -32)) (insert nexttime len len1 min_ttw min_ttw1)))
(rule (=> (and (= nexttime 58) (= len 11) (= len1 12) (= min_ttw -71) (= min_ttw1 -71)) (insert nexttime len len1 min_ttw min_ttw1)))
(rule (=> (and (= len 5) (= len1 5) (= min_ttw -104) (= min_ttw1 -105)) (choosenext len len1 min_ttw min_ttw1)))
(rule (=> (and (= len 5) (= len1 5) (= min_ttw -2) (= min_ttw1 -3)) (choosenext len len1 min_ttw min_ttw1)))
(rule (=> (and (= len 0) (= len1 0) (= min_ttw 128) (= min_ttw1 128)) (choosenext len len1 min_ttw min_ttw1)))
(rule (=> (and (= len 1) (= len1 1) (= min_ttw -86) (= min_ttw1 -87)) (choosenext len len1 min_ttw min_ttw1)))
(rule (=> (and (= len 4) (= len1 0) (= min_ttw 1) (= min_ttw1 128)) (choosenext len len1 min_ttw min_ttw1)))
(rule (=> (and (= len 1) (= len1 1) (= min_ttw -1) (= min_ttw1 -2)) (choosenext len len1 min_ttw min_ttw1)))
(rule (=> (and (= len1 0) (= nexttime1 1) (= min_ttw1 MAX)) (inv nexttime1 len1 min_ttw1)))
(rule (=> (and (inv nexttime len min_ttw) (insert nexttime len len1 min_ttw min_ttw1) (= nexttime1 (+ nexttime 1))) (inv nexttime1 len1 min_ttw1)))
(rule (=> (and (inv nexttime len min_ttw) (and (> nexttime 1) (choosenext len len1 min_ttw min_ttw1) (= nexttime1 (- nexttime 1)))) (inv nexttime1 len1 min_ttw1)))
(rule (=> (and (inv nexttime len min_ttw) (<= nexttime 1)) (inv nexttime len min_ttw)))
(rule (=> (and (inv nexttime len min_ttw) (not(=> (> len 0) (>= min_ttw 1)))) fail))

(query fail :print-certificate true)
==============================================================
   -> Checking if specs have changed...
      -> CHC files are different. Continuing iteration.

==================== Iteration: 5 ====================
TIMEOUT : 100
   -> Parsing CHC file: /Dualis/scripts/../benchmarks/ClassicalHornICE_working_temp/ProcessQueue/ProcessQueue.smt2
   -> Starting HornICE with a 1000-second timeout...
      -> Logging HornICE output to iter_5.log
   -> HornICE completed successfully.
   -> Analyzing HornICE log file: iter_5.log
      -> Found 84 internal iterations.
   -> Writing new specs to harness: insert_fuzz.cpp...
      -> Successfully created working copy '/Dualis/scripts/../benchmarks/ClassicalHornICE_working_temp/ProcessQueue/insert_fuzz.cpp'.
   -> Starting AFL++(insert_fuzz) with a 100-second timeout...
   -> Building AFL-instrumented binary: /Dualis/scripts/../benchmarks/ClassicalHornICE_working_temp/ProcessQueue/insert_fuzz
   -> AFL++(insert_fuzz) finished its fuzzing session.
   -> Checking fuzzing outputs for counterexamples...
Checking crashes
   -> Found 9 crash reports. Testing reproducibility...
   -> CRASH REPRODUCED with id:000006,sig:06,src:000000,time:1900,execs:857,op:havoc,rep:12
   -> CRASH REPRODUCED with id:000004,sig:06,src:000000,time:1167,execs:661,op:havoc,rep:13
   -> CRASH REPRODUCED with id:000007,sig:06,src:000000,time:2228,execs:877,op:havoc,rep:16
   -> CRASH REPRODUCED with id:000000,sig:06,src:000000,time:187,execs:42,op:havoc,rep:10
   -> CRASH REPRODUCED with id:000005,sig:06,src:000000,time:1538,execs:807,op:havoc,rep:16
   -> CRASH REPRODUCED with id:000002,sig:06,src:000000,time:595,execs:314,op:havoc,rep:10
   -> CRASH REPRODUCED with id:000001,sig:06,src:000000,time:343,execs:210,op:havoc,rep:12
   -> CRASH REPRODUCED with id:000008,sig:06,src:000000,time:3037,execs:1142,op:havoc,rep:9
   -> CRASH REPRODUCED with id:000003,sig:06,src:000000,time:729,execs:320,op:havoc,rep:6
Checking queue
   -> Found 61 crash reports. Testing reproducibility...
Checking hangs
   -> Converting counterexamples for 'insert'...
      -> Found and validated 8 new rules.
   -> Writing new specs to harness: choosenext_fuzz.cpp...
      -> Successfully created working copy '/Dualis/scripts/../benchmarks/ClassicalHornICE_working_temp/ProcessQueue/choosenext_fuzz.cpp'.
   -> Starting AFL++(choosenext_fuzz) with a 100-second timeout...
   -> Building AFL-instrumented binary: /Dualis/scripts/../benchmarks/ClassicalHornICE_working_temp/ProcessQueue/choosenext_fuzz
   -> AFL++(choosenext_fuzz) finished its fuzzing session.
   -> Checking fuzzing outputs for counterexamples...
Checking crashes
   -> Found 7 crash reports. Testing reproducibility...
   -> CRASH REPRODUCED with id:000004,sig:06,src:000000,time:1715,execs:334,op:havoc,rep:11
   -> CRASH REPRODUCED with id:000001,sig:06,src:000000,time:371,execs:70,op:havoc,rep:9
   -> CRASH REPRODUCED with id:000003,sig:06,src:000000,time:1497,execs:319,op:havoc,rep:16
   -> CRASH REPRODUCED with id:000005,sig:06,src:000000,time:1893,execs:346,op:havoc,rep:9
   -> CRASH REPRODUCED with id:000002,sig:06,src:000000,time:770,execs:212,op:havoc,rep:8
   -> CRASH REPRODUCED with id:000006,sig:06,src:000000,time:2461,execs:458,op:havoc,rep:13
   -> CRASH REPRODUCED with id:000000,sig:06,src:000000,time:169,execs:53,op:havoc,rep:9
Checking queue
   -> Found 49 crash reports. Testing reproducibility...
Checking hangs
   -> Converting counterexamples for 'choosenext'...
      -> Found and validated 7 new rules.
   -> Updating CHC file with new counterexamples...

=============== Artifacts This Iteration ===============

--- Generated Specs ---
  insert: (((((len <= 0) && (((len - nexttime) + min_ttw1) <= 0)) || ((((nexttime - min_ttw1) - min_ttw1) <= 0) && (((len - nexttime) + min_ttw1) > 0))) && (((nexttime - len) - min_ttw1) <= 0)) || (((min_ttw - min_ttw1) <= 0) && (((nexttime - len) - min_ttw1) > 0)))
  choosenext: (((min_ttw <= 0) || (((min_ttw - min_ttw1) <= 0) && (min_ttw > 0))) && (((min_ttw - len1) - min_ttw1) <= 0) && ((len - len1) > (-1)))
  inv: ((nexttime > 0) && (min_ttw > 0))

--- New Test Cases Found ---

--- Updated CHCs (for next iteration) ---
(declare-rel inv (Int Int Int))
(declare-rel insert (Int Int Int Int Int))
(declare-rel choosenext (Int Int Int Int))
(declare-rel fail ())
(declare-var nexttime Int)
(declare-var len Int)
(declare-var min_ttw Int)
(declare-var nexttime1 Int)
(declare-var len1 Int)
(declare-var min_ttw1 Int)
(define-fun MAX () Int 128)
(define-fun MIN () Int -129)

(rule (=> (and (= nexttime 127) (= len 2) (= len1 3) (= min_ttw 125) (= min_ttw1 125)) (insert nexttime len len1 min_ttw min_ttw1)))
(rule (=> (and (= nexttime 0) (= len 2) (= len1 3) (= min_ttw -1) (= min_ttw1 -1)) (insert nexttime len len1 min_ttw min_ttw1)))
(rule (=> (and (= nexttime 2) (= len 1) (= len1 2) (= min_ttw 1) (= min_ttw1 1)) (insert nexttime len len1 min_ttw min_ttw1)))
(rule (=> (and (= nexttime 4) (= len 10) (= len1 11) (= min_ttw -6) (= min_ttw1 -6)) (insert nexttime len len1 min_ttw min_ttw1)))
(rule (=> (and (= nexttime 0) (= len 3) (= len1 4) (= min_ttw -1) (= min_ttw1 -1)) (insert nexttime len len1 min_ttw min_ttw1)))
(rule (=> (and (= nexttime 2) (= len 4) (= len1 5) (= min_ttw -2) (= min_ttw1 -2)) (insert nexttime len len1 min_ttw min_ttw1)))
(rule (=> (and (= nexttime 2) (= len 3) (= len1 4) (= min_ttw 0) (= min_ttw1 0)) (insert nexttime len len1 min_ttw min_ttw1)))
(rule (=> (and (= nexttime 1) (= len 7) (= len1 8) (= min_ttw -3) (= min_ttw1 -3)) (insert nexttime len len1 min_ttw min_ttw1)))
(rule (=> (and (= len 2) (= len1 2) (= min_ttw 6) (= min_ttw1 5)) (choosenext len len1 min_ttw min_ttw1)))
(rule (=> (and (= len 1) (= len1 1) (= min_ttw 100) (= min_ttw1 99)) (choosenext len len1 min_ttw min_ttw1)))
(rule (=> (and (= len 12) (= len1 12) (= min_ttw 53) (= min_ttw1 52)) (choosenext len len1 min_ttw min_ttw1)))
(rule (=> (and (= len 1) (= len1 1) (= min_ttw 74) (= min_ttw1 73)) (choosenext len len1 min_ttw min_ttw1)))
(rule (=> (and (= len 4) (= len1 4) (= min_ttw 2) (= min_ttw1 1)) (choosenext len len1 min_ttw min_ttw1)))
(rule (=> (and (= len 1) (= len1 1) (= min_ttw 27) (= min_ttw1 26)) (choosenext len len1 min_ttw min_ttw1)))
(rule (=> (and (= len 1) (= len1 1) (= min_ttw 98) (= min_ttw1 97)) (choosenext len len1 min_ttw min_ttw1)))

(rule (=> (and (= nexttime 31) (= len 9) (= len1 10) (= min_ttw 31) (= min_ttw1 31)) (insert nexttime len len1 min_ttw min_ttw1)))
(rule (=> (and (= nexttime 1) (= len 1) (= len1 2) (= min_ttw 64) (= min_ttw1 1)) (insert nexttime len len1 min_ttw min_ttw1)))
(rule (=> (and (= nexttime 88) (= len 5) (= len1 6) (= min_ttw 88) (= min_ttw1 88)) (insert nexttime len len1 min_ttw min_ttw1)))
(rule (=> (and (= nexttime 13) (= len 8) (= len1 9) (= min_ttw 12) (= min_ttw1 12)) (insert nexttime len len1 min_ttw min_ttw1)))
(rule (=> (and (= nexttime 70) (= len 17) (= len1 18) (= min_ttw 54) (= min_ttw1 54)) (insert nexttime len len1 min_ttw min_ttw1)))
(rule (=> (and (= nexttime 1) (= len 1) (= len1 2) (= min_ttw 1) (= min_ttw1 1)) (insert nexttime len len1 min_ttw min_ttw1)))
(rule (=> (and (= nexttime 2) (= len 2) (= len1 3) (= min_ttw 13) (= min_ttw1 2)) (insert nexttime len len1 min_ttw min_ttw1)))
(rule (=> (and (= nexttime 2) (= len 1) (= len1 2) (= min_ttw 0) (= min_ttw1 0)) (insert nexttime len len1 min_ttw min_ttw1)))
(rule (=> (and (= nexttime 2) (= len 1) (= len1 2) (= min_ttw 2) (= min_ttw1 2)) (insert nexttime len len1 min_ttw min_ttw1)))
(rule (=> (and (= nexttime 0) (= len 0) (= len1 1) (= min_ttw 128) (= min_ttw1 0)) (insert nexttime len len1 min_ttw min_ttw1)))
(rule (=> (and (= nexttime 0) (= len 9) (= len1 10) (= min_ttw 28) (= min_ttw1 0)) (insert nexttime len len1 min_ttw min_ttw1)))
(rule (=> (and (= nexttime 0) (= len 3) (= len1 4) (= min_ttw 42) (= min_ttw1 0)) (insert nexttime len len1 min_ttw min_ttw1)))
(rule (=> (and (= len 6) (= len1 2) (= min_ttw 0) (= min_ttw1 -1)) (choosenext len len1 min_ttw min_ttw1)))
(rule (=> (and (= len 12) (= len1 1) (= min_ttw -1) (= min_ttw1 -2)) (choosenext len len1 min_ttw min_ttw1)))
(rule (=> (and (= len 2) (= len1 1) (= min_ttw -2) (= min_ttw1 -3)) (choosenext len len1 min_ttw min_ttw1)))
(rule (=> (and (= len 5) (= len1 2) (= min_ttw -11) (= min_ttw1 -12)) (choosenext len len1 min_ttw min_ttw1)))
(rule (=> (and (= len 2) (= len1 1) (= min_ttw -1) (= min_ttw1 -2)) (choosenext len len1 min_ttw min_ttw1)))
(rule (=> (and (= nexttime 1) (= len 7) (= len1 8) (= min_ttw -82) (= min_ttw1 -82)) (insert nexttime len len1 min_ttw min_ttw1)))
(rule (=> (and (= nexttime 1) (= len 3) (= len1 4) (= min_ttw 4) (= min_ttw1 1)) (insert nexttime len len1 min_ttw min_ttw1)))
(rule (=> (and (= nexttime 1) (= len 0) (= len1 1) (= min_ttw 128) (= min_ttw1 1)) (insert nexttime len len1 min_ttw min_ttw1)))
(rule (=> (and (= nexttime 1) (= len 1) (= len1 2) (= min_ttw -4) (= min_ttw1 -4)) (insert nexttime len len1 min_ttw min_ttw1)))
(rule (=> (and (= nexttime 1) (= len 2) (= len1 3) (= min_ttw -29) (= min_ttw1 -29)) (insert nexttime len len1 min_ttw min_ttw1)))
(rule (=> (and (= nexttime 238) (= len 27) (= len1 28) (= min_ttw -18) (= min_ttw1 -18)) (insert nexttime len len1 min_ttw min_ttw1)))
(rule (=> (and (= nexttime 247) (= len 8) (= len1 9) (= min_ttw -43) (= min_ttw1 -43)) (insert nexttime len len1 min_ttw min_ttw1)))
(rule (=> (and (= nexttime 6) (= len 0) (= len1 1) (= min_ttw 128) (= min_ttw1 6)) (insert nexttime len len1 min_ttw min_ttw1)))
(rule (=> (and (= nexttime 2) (= len 0) (= len1 1) (= min_ttw 128) (= min_ttw1 2)) (insert nexttime len len1 min_ttw min_ttw1)))
(rule (=> (and (= nexttime 0) (= len 1) (= len1 2) (= min_ttw -32) (= min_ttw1 -32)) (insert nexttime len len1 min_ttw min_ttw1)))
(rule (=> (and (= nexttime 58) (= len 11) (= len1 12) (= min_ttw -71) (= min_ttw1 -71)) (insert nexttime len len1 min_ttw min_ttw1)))
(rule (=> (and (= len 5) (= len1 5) (= min_ttw -104) (= min_ttw1 -105)) (choosenext len len1 min_ttw min_ttw1)))
(rule (=> (and (= len 5) (= len1 5) (= min_ttw -2) (= min_ttw1 -3)) (choosenext len len1 min_ttw min_ttw1)))
(rule (=> (and (= len 0) (= len1 0) (= min_ttw 128) (= min_ttw1 128)) (choosenext len len1 min_ttw min_ttw1)))
(rule (=> (and (= len 1) (= len1 1) (= min_ttw -86) (= min_ttw1 -87)) (choosenext len len1 min_ttw min_ttw1)))
(rule (=> (and (= len 4) (= len1 0) (= min_ttw 1) (= min_ttw1 128)) (choosenext len len1 min_ttw min_ttw1)))
(rule (=> (and (= len 1) (= len1 1) (= min_ttw -1) (= min_ttw1 -2)) (choosenext len len1 min_ttw min_ttw1)))
(rule (=> (and (= len1 0) (= nexttime1 1) (= min_ttw1 MAX)) (inv nexttime1 len1 min_ttw1)))
(rule (=> (and (inv nexttime len min_ttw) (insert nexttime len len1 min_ttw min_ttw1) (= nexttime1 (+ nexttime 1))) (inv nexttime1 len1 min_ttw1)))
(rule (=> (and (inv nexttime len min_ttw) (and (> nexttime 1) (choosenext len len1 min_ttw min_ttw1) (= nexttime1 (- nexttime 1)))) (inv nexttime1 len1 min_ttw1)))
(rule (=> (and (inv nexttime len min_ttw) (<= nexttime 1)) (inv nexttime len min_ttw)))
(rule (=> (and (inv nexttime len min_ttw) (not(=> (> len 0) (>= min_ttw 1)))) fail))

(query fail :print-certificate true)
==============================================================
   -> Checking if specs have changed...
      -> CHC files are different. Continuing iteration.

==================== Iteration: 6 ====================
TIMEOUT : 120
   -> Parsing CHC file: /Dualis/scripts/../benchmarks/ClassicalHornICE_working_temp/ProcessQueue/ProcessQueue.smt2
   -> Starting HornICE with a 1000-second timeout...
      -> Logging HornICE output to iter_6.log
   -> HornICE completed successfully.
   -> Analyzing HornICE log file: iter_6.log
      -> Found 88 internal iterations.
   -> Writing new specs to harness: insert_fuzz.cpp...
      -> Successfully created working copy '/Dualis/scripts/../benchmarks/ClassicalHornICE_working_temp/ProcessQueue/insert_fuzz.cpp'.
   -> Starting AFL++(insert_fuzz) with a 120-second timeout...
   -> Building AFL-instrumented binary: /Dualis/scripts/../benchmarks/ClassicalHornICE_working_temp/ProcessQueue/insert_fuzz
   -> AFL++(insert_fuzz) finished its fuzzing session.
   -> Checking fuzzing outputs for counterexamples...
Checking crashes
Checking queue
   -> Found 95 crash reports. Testing reproducibility...
Checking hangs
   -> Converting counterexamples for 'insert'...
   -> Writing new specs to harness: choosenext_fuzz.cpp...
      -> Successfully created working copy '/Dualis/scripts/../benchmarks/ClassicalHornICE_working_temp/ProcessQueue/choosenext_fuzz.cpp'.
   -> Starting AFL++(choosenext_fuzz) with a 120-second timeout...
   -> Building AFL-instrumented binary: /Dualis/scripts/../benchmarks/ClassicalHornICE_working_temp/ProcessQueue/choosenext_fuzz
   -> AFL++(choosenext_fuzz) finished its fuzzing session.
   -> Checking fuzzing outputs for counterexamples...
Checking crashes
Checking queue
   -> Found 93 crash reports. Testing reproducibility...
Checking hangs
   -> Converting counterexamples for 'choosenext'...
   -> Updating CHC file with new counterexamples...

=============== Artifacts This Iteration ===============

--- Generated Specs ---
  insert: ((((((((len - nexttime) + len1) <= 1) || ((((len - nexttime) + min_ttw) <= 0) && (((len - nexttime) + len1) > 1))) && (((nexttime - len1) - min_ttw1) <= (-1)) && (((len - nexttime) + min_ttw1) <= 0)) || (((((nexttime - min_ttw1) - min_ttw1) <= 0) || (((min_ttw - min_ttw1) <= 0) && (((nexttime - min_ttw1) - min_ttw1) > 0))) && ((len - len1) <= (-1)) && (((len - nexttime) + min_ttw1) > 0))) && (((nexttime - len) - min_ttw1) <= 0)) || (((min_ttw - min_ttw1) <= 0) && (((nexttime - len) - min_ttw1) > 0)))
  choosenext: (((min_ttw <= 0) || ((min_ttw1 > 0) && (min_ttw > 0))) && (((min_ttw - len1) - min_ttw1) <= 0) && ((len - len1) > (-1)))
  inv: ((nexttime > 0) && (min_ttw > 0))

--- New Test Cases Found ---

--- Updated CHCs (for next iteration) ---
(declare-rel inv (Int Int Int))
(declare-rel insert (Int Int Int Int Int))
(declare-rel choosenext (Int Int Int Int))
(declare-rel fail ())
(declare-var nexttime Int)
(declare-var len Int)
(declare-var min_ttw Int)
(declare-var nexttime1 Int)
(declare-var len1 Int)
(declare-var min_ttw1 Int)
(define-fun MAX () Int 128)
(define-fun MIN () Int -129)


(rule (=> (and (= nexttime 127) (= len 2) (= len1 3) (= min_ttw 125) (= min_ttw1 125)) (insert nexttime len len1 min_ttw min_ttw1)))
(rule (=> (and (= nexttime 0) (= len 2) (= len1 3) (= min_ttw -1) (= min_ttw1 -1)) (insert nexttime len len1 min_ttw min_ttw1)))
(rule (=> (and (= nexttime 2) (= len 1) (= len1 2) (= min_ttw 1) (= min_ttw1 1)) (insert nexttime len len1 min_ttw min_ttw1)))
(rule (=> (and (= nexttime 4) (= len 10) (= len1 11) (= min_ttw -6) (= min_ttw1 -6)) (insert nexttime len len1 min_ttw min_ttw1)))
(rule (=> (and (= nexttime 0) (= len 3) (= len1 4) (= min_ttw -1) (= min_ttw1 -1)) (insert nexttime len len1 min_ttw min_ttw1)))
(rule (=> (and (= nexttime 2) (= len 4) (= len1 5) (= min_ttw -2) (= min_ttw1 -2)) (insert nexttime len len1 min_ttw min_ttw1)))
(rule (=> (and (= nexttime 2) (= len 3) (= len1 4) (= min_ttw 0) (= min_ttw1 0)) (insert nexttime len len1 min_ttw min_ttw1)))
(rule (=> (and (= nexttime 1) (= len 7) (= len1 8) (= min_ttw -3) (= min_ttw1 -3)) (insert nexttime len len1 min_ttw min_ttw1)))
(rule (=> (and (= len 2) (= len1 2) (= min_ttw 6) (= min_ttw1 5)) (choosenext len len1 min_ttw min_ttw1)))
(rule (=> (and (= len 1) (= len1 1) (= min_ttw 100) (= min_ttw1 99)) (choosenext len len1 min_ttw min_ttw1)))
(rule (=> (and (= len 12) (= len1 12) (= min_ttw 53) (= min_ttw1 52)) (choosenext len len1 min_ttw min_ttw1)))
(rule (=> (and (= len 1) (= len1 1) (= min_ttw 74) (= min_ttw1 73)) (choosenext len len1 min_ttw min_ttw1)))
(rule (=> (and (= len 4) (= len1 4) (= min_ttw 2) (= min_ttw1 1)) (choosenext len len1 min_ttw min_ttw1)))
(rule (=> (and (= len 1) (= len1 1) (= min_ttw 27) (= min_ttw1 26)) (choosenext len len1 min_ttw min_ttw1)))
(rule (=> (and (= len 1) (= len1 1) (= min_ttw 98) (= min_ttw1 97)) (choosenext len len1 min_ttw min_ttw1)))
(rule (=> (and (= nexttime 31) (= len 9) (= len1 10) (= min_ttw 31) (= min_ttw1 31)) (insert nexttime len len1 min_ttw min_ttw1)))
(rule (=> (and (= nexttime 1) (= len 1) (= len1 2) (= min_ttw 64) (= min_ttw1 1)) (insert nexttime len len1 min_ttw min_ttw1)))
(rule (=> (and (= nexttime 88) (= len 5) (= len1 6) (= min_ttw 88) (= min_ttw1 88)) (insert nexttime len len1 min_ttw min_ttw1)))
(rule (=> (and (= nexttime 13) (= len 8) (= len1 9) (= min_ttw 12) (= min_ttw1 12)) (insert nexttime len len1 min_ttw min_ttw1)))
(rule (=> (and (= nexttime 70) (= len 17) (= len1 18) (= min_ttw 54) (= min_ttw1 54)) (insert nexttime len len1 min_ttw min_ttw1)))
(rule (=> (and (= nexttime 1) (= len 1) (= len1 2) (= min_ttw 1) (= min_ttw1 1)) (insert nexttime len len1 min_ttw min_ttw1)))
(rule (=> (and (= nexttime 2) (= len 2) (= len1 3) (= min_ttw 13) (= min_ttw1 2)) (insert nexttime len len1 min_ttw min_ttw1)))
(rule (=> (and (= nexttime 2) (= len 1) (= len1 2) (= min_ttw 0) (= min_ttw1 0)) (insert nexttime len len1 min_ttw min_ttw1)))
(rule (=> (and (= nexttime 2) (= len 1) (= len1 2) (= min_ttw 2) (= min_ttw1 2)) (insert nexttime len len1 min_ttw min_ttw1)))
(rule (=> (and (= nexttime 0) (= len 0) (= len1 1) (= min_ttw 128) (= min_ttw1 0)) (insert nexttime len len1 min_ttw min_ttw1)))
(rule (=> (and (= nexttime 0) (= len 9) (= len1 10) (= min_ttw 28) (= min_ttw1 0)) (insert nexttime len len1 min_ttw min_ttw1)))
(rule (=> (and (= nexttime 0) (= len 3) (= len1 4) (= min_ttw 42) (= min_ttw1 0)) (insert nexttime len len1 min_ttw min_ttw1)))
(rule (=> (and (= len 6) (= len1 2) (= min_ttw 0) (= min_ttw1 -1)) (choosenext len len1 min_ttw min_ttw1)))
(rule (=> (and (= len 12) (= len1 1) (= min_ttw -1) (= min_ttw1 -2)) (choosenext len len1 min_ttw min_ttw1)))
(rule (=> (and (= len 2) (= len1 1) (= min_ttw -2) (= min_ttw1 -3)) (choosenext len len1 min_ttw min_ttw1)))
(rule (=> (and (= len 5) (= len1 2) (= min_ttw -11) (= min_ttw1 -12)) (choosenext len len1 min_ttw min_ttw1)))
(rule (=> (and (= len 2) (= len1 1) (= min_ttw -1) (= min_ttw1 -2)) (choosenext len len1 min_ttw min_ttw1)))
(rule (=> (and (= nexttime 1) (= len 7) (= len1 8) (= min_ttw -82) (= min_ttw1 -82)) (insert nexttime len len1 min_ttw min_ttw1)))
(rule (=> (and (= nexttime 1) (= len 3) (= len1 4) (= min_ttw 4) (= min_ttw1 1)) (insert nexttime len len1 min_ttw min_ttw1)))
(rule (=> (and (= nexttime 1) (= len 0) (= len1 1) (= min_ttw 128) (= min_ttw1 1)) (insert nexttime len len1 min_ttw min_ttw1)))
(rule (=> (and (= nexttime 1) (= len 1) (= len1 2) (= min_ttw -4) (= min_ttw1 -4)) (insert nexttime len len1 min_ttw min_ttw1)))
(rule (=> (and (= nexttime 1) (= len 2) (= len1 3) (= min_ttw -29) (= min_ttw1 -29)) (insert nexttime len len1 min_ttw min_ttw1)))
(rule (=> (and (= nexttime 238) (= len 27) (= len1 28) (= min_ttw -18) (= min_ttw1 -18)) (insert nexttime len len1 min_ttw min_ttw1)))
(rule (=> (and (= nexttime 247) (= len 8) (= len1 9) (= min_ttw -43) (= min_ttw1 -43)) (insert nexttime len len1 min_ttw min_ttw1)))
(rule (=> (and (= nexttime 6) (= len 0) (= len1 1) (= min_ttw 128) (= min_ttw1 6)) (insert nexttime len len1 min_ttw min_ttw1)))
(rule (=> (and (= nexttime 2) (= len 0) (= len1 1) (= min_ttw 128) (= min_ttw1 2)) (insert nexttime len len1 min_ttw min_ttw1)))
(rule (=> (and (= nexttime 0) (= len 1) (= len1 2) (= min_ttw -32) (= min_ttw1 -32)) (insert nexttime len len1 min_ttw min_ttw1)))
(rule (=> (and (= nexttime 58) (= len 11) (= len1 12) (= min_ttw -71) (= min_ttw1 -71)) (insert nexttime len len1 min_ttw min_ttw1)))
(rule (=> (and (= len 5) (= len1 5) (= min_ttw -104) (= min_ttw1 -105)) (choosenext len len1 min_ttw min_ttw1)))
(rule (=> (and (= len 5) (= len1 5) (= min_ttw -2) (= min_ttw1 -3)) (choosenext len len1 min_ttw min_ttw1)))
(rule (=> (and (= len 0) (= len1 0) (= min_ttw 128) (= min_ttw1 128)) (choosenext len len1 min_ttw min_ttw1)))
(rule (=> (and (= len 1) (= len1 1) (= min_ttw -86) (= min_ttw1 -87)) (choosenext len len1 min_ttw min_ttw1)))
(rule (=> (and (= len 4) (= len1 0) (= min_ttw 1) (= min_ttw1 128)) (choosenext len len1 min_ttw min_ttw1)))
(rule (=> (and (= len 1) (= len1 1) (= min_ttw -1) (= min_ttw1 -2)) (choosenext len len1 min_ttw min_ttw1)))
(rule (=> (and (= len1 0) (= nexttime1 1) (= min_ttw1 MAX)) (inv nexttime1 len1 min_ttw1)))
(rule (=> (and (inv nexttime len min_ttw) (insert nexttime len len1 min_ttw min_ttw1) (= nexttime1 (+ nexttime 1))) (inv nexttime1 len1 min_ttw1)))
(rule (=> (and (inv nexttime len min_ttw) (and (> nexttime 1) (choosenext len len1 min_ttw min_ttw1) (= nexttime1 (- nexttime 1)))) (inv nexttime1 len1 min_ttw1)))
(rule (=> (and (inv nexttime len min_ttw) (<= nexttime 1)) (inv nexttime len min_ttw)))
(rule (=> (and (inv nexttime len min_ttw) (not(=> (> len 0) (>= min_ttw 1)))) fail))

(query fail :print-certificate true)
==============================================================
   -> Checking if specs have changed...
      -> CHC files are different. Continuing iteration.

==================== Iteration: 7 ====================
TIMEOUT : 140
   -> Parsing CHC file: /Dualis/scripts/../benchmarks/ClassicalHornICE_working_temp/ProcessQueue/ProcessQueue.smt2
   -> Starting HornICE with a 1000-second timeout...
      -> Logging HornICE output to iter_7.log
   -> HornICE completed successfully.
   -> Analyzing HornICE log file: iter_7.log
      -> Found 88 internal iterations.
   -> Writing new specs to harness: insert_fuzz.cpp...
      -> Successfully created working copy '/Dualis/scripts/../benchmarks/ClassicalHornICE_working_temp/ProcessQueue/insert_fuzz.cpp'.
   -> Starting AFL++(insert_fuzz) with a 140-second timeout...
   -> Building AFL-instrumented binary: /Dualis/scripts/../benchmarks/ClassicalHornICE_working_temp/ProcessQueue/insert_fuzz
   -> AFL++(insert_fuzz) finished its fuzzing session.
   -> Checking fuzzing outputs for counterexamples...
Checking crashes
Checking queue
   -> Found 109 crash reports. Testing reproducibility...
Checking hangs
   -> Converting counterexamples for 'insert'...
   -> Writing new specs to harness: choosenext_fuzz.cpp...
      -> Successfully created working copy '/Dualis/scripts/../benchmarks/ClassicalHornICE_working_temp/ProcessQueue/choosenext_fuzz.cpp'.
   -> Starting AFL++(choosenext_fuzz) with a 140-second timeout...
   -> Building AFL-instrumented binary: /Dualis/scripts/../benchmarks/ClassicalHornICE_working_temp/ProcessQueue/choosenext_fuzz
   -> AFL++(choosenext_fuzz) finished its fuzzing session.
   -> Checking fuzzing outputs for counterexamples...
Checking crashes
Checking queue
   -> Found 82 crash reports. Testing reproducibility...
Checking hangs
   -> Converting counterexamples for 'choosenext'...
   -> Updating CHC file with new counterexamples...

=============== Artifacts This Iteration ===============

--- Generated Specs ---
  insert: ((((((((len - nexttime) + len1) <= 1) || ((((len - nexttime) + min_ttw) <= 0) && (((len - nexttime) + len1) > 1))) && (((nexttime - len1) - min_ttw1) <= (-1)) && (((len - nexttime) + min_ttw1) <= 0)) || (((((nexttime - min_ttw1) - min_ttw1) <= 0) || (((min_ttw - min_ttw1) <= 0) && (((nexttime - min_ttw1) - min_ttw1) > 0))) && ((len - len1) <= (-1)) && (((len - nexttime) + min_ttw1) > 0))) && (((nexttime - len) - min_ttw1) <= 0)) || (((min_ttw - min_ttw1) <= 0) && (((nexttime - len) - min_ttw1) > 0)))
  choosenext: (((min_ttw <= 0) || ((min_ttw1 > 0) && (min_ttw > 0))) && (((min_ttw - len1) - min_ttw1) <= 0) && ((len - len1) > (-1)))
  inv: ((nexttime > 0) && (min_ttw > 0))

--- New Test Cases Found ---

--- Updated CHCs (for next iteration) ---
(declare-rel inv (Int Int Int))
(declare-rel insert (Int Int Int Int Int))
(declare-rel choosenext (Int Int Int Int))
(declare-rel fail ())
(declare-var nexttime Int)
(declare-var len Int)
(declare-var min_ttw Int)
(declare-var nexttime1 Int)
(declare-var len1 Int)
(declare-var min_ttw1 Int)
(define-fun MAX () Int 128)
(define-fun MIN () Int -129)


(rule (=> (and (= nexttime 127) (= len 2) (= len1 3) (= min_ttw 125) (= min_ttw1 125)) (insert nexttime len len1 min_ttw min_ttw1)))
(rule (=> (and (= nexttime 0) (= len 2) (= len1 3) (= min_ttw -1) (= min_ttw1 -1)) (insert nexttime len len1 min_ttw min_ttw1)))
(rule (=> (and (= nexttime 2) (= len 1) (= len1 2) (= min_ttw 1) (= min_ttw1 1)) (insert nexttime len len1 min_ttw min_ttw1)))
(rule (=> (and (= nexttime 4) (= len 10) (= len1 11) (= min_ttw -6) (= min_ttw1 -6)) (insert nexttime len len1 min_ttw min_ttw1)))
(rule (=> (and (= nexttime 0) (= len 3) (= len1 4) (= min_ttw -1) (= min_ttw1 -1)) (insert nexttime len len1 min_ttw min_ttw1)))
(rule (=> (and (= nexttime 2) (= len 4) (= len1 5) (= min_ttw -2) (= min_ttw1 -2)) (insert nexttime len len1 min_ttw min_ttw1)))
(rule (=> (and (= nexttime 2) (= len 3) (= len1 4) (= min_ttw 0) (= min_ttw1 0)) (insert nexttime len len1 min_ttw min_ttw1)))
(rule (=> (and (= nexttime 1) (= len 7) (= len1 8) (= min_ttw -3) (= min_ttw1 -3)) (insert nexttime len len1 min_ttw min_ttw1)))
(rule (=> (and (= len 2) (= len1 2) (= min_ttw 6) (= min_ttw1 5)) (choosenext len len1 min_ttw min_ttw1)))
(rule (=> (and (= len 1) (= len1 1) (= min_ttw 100) (= min_ttw1 99)) (choosenext len len1 min_ttw min_ttw1)))
(rule (=> (and (= len 12) (= len1 12) (= min_ttw 53) (= min_ttw1 52)) (choosenext len len1 min_ttw min_ttw1)))
(rule (=> (and (= len 1) (= len1 1) (= min_ttw 74) (= min_ttw1 73)) (choosenext len len1 min_ttw min_ttw1)))
(rule (=> (and (= len 4) (= len1 4) (= min_ttw 2) (= min_ttw1 1)) (choosenext len len1 min_ttw min_ttw1)))
(rule (=> (and (= len 1) (= len1 1) (= min_ttw 27) (= min_ttw1 26)) (choosenext len len1 min_ttw min_ttw1)))
(rule (=> (and (= len 1) (= len1 1) (= min_ttw 98) (= min_ttw1 97)) (choosenext len len1 min_ttw min_ttw1)))
(rule (=> (and (= nexttime 31) (= len 9) (= len1 10) (= min_ttw 31) (= min_ttw1 31)) (insert nexttime len len1 min_ttw min_ttw1)))
(rule (=> (and (= nexttime 1) (= len 1) (= len1 2) (= min_ttw 64) (= min_ttw1 1)) (insert nexttime len len1 min_ttw min_ttw1)))
(rule (=> (and (= nexttime 88) (= len 5) (= len1 6) (= min_ttw 88) (= min_ttw1 88)) (insert nexttime len len1 min_ttw min_ttw1)))
(rule (=> (and (= nexttime 13) (= len 8) (= len1 9) (= min_ttw 12) (= min_ttw1 12)) (insert nexttime len len1 min_ttw min_ttw1)))
(rule (=> (and (= nexttime 70) (= len 17) (= len1 18) (= min_ttw 54) (= min_ttw1 54)) (insert nexttime len len1 min_ttw min_ttw1)))
(rule (=> (and (= nexttime 1) (= len 1) (= len1 2) (= min_ttw 1) (= min_ttw1 1)) (insert nexttime len len1 min_ttw min_ttw1)))
(rule (=> (and (= nexttime 2) (= len 2) (= len1 3) (= min_ttw 13) (= min_ttw1 2)) (insert nexttime len len1 min_ttw min_ttw1)))
(rule (=> (and (= nexttime 2) (= len 1) (= len1 2) (= min_ttw 0) (= min_ttw1 0)) (insert nexttime len len1 min_ttw min_ttw1)))
(rule (=> (and (= nexttime 2) (= len 1) (= len1 2) (= min_ttw 2) (= min_ttw1 2)) (insert nexttime len len1 min_ttw min_ttw1)))
(rule (=> (and (= nexttime 0) (= len 0) (= len1 1) (= min_ttw 128) (= min_ttw1 0)) (insert nexttime len len1 min_ttw min_ttw1)))
(rule (=> (and (= nexttime 0) (= len 9) (= len1 10) (= min_ttw 28) (= min_ttw1 0)) (insert nexttime len len1 min_ttw min_ttw1)))
(rule (=> (and (= nexttime 0) (= len 3) (= len1 4) (= min_ttw 42) (= min_ttw1 0)) (insert nexttime len len1 min_ttw min_ttw1)))
(rule (=> (and (= len 6) (= len1 2) (= min_ttw 0) (= min_ttw1 -1)) (choosenext len len1 min_ttw min_ttw1)))
(rule (=> (and (= len 12) (= len1 1) (= min_ttw -1) (= min_ttw1 -2)) (choosenext len len1 min_ttw min_ttw1)))
(rule (=> (and (= len 2) (= len1 1) (= min_ttw -2) (= min_ttw1 -3)) (choosenext len len1 min_ttw min_ttw1)))
(rule (=> (and (= len 5) (= len1 2) (= min_ttw -11) (= min_ttw1 -12)) (choosenext len len1 min_ttw min_ttw1)))
(rule (=> (and (= len 2) (= len1 1) (= min_ttw -1) (= min_ttw1 -2)) (choosenext len len1 min_ttw min_ttw1)))
(rule (=> (and (= nexttime 1) (= len 7) (= len1 8) (= min_ttw -82) (= min_ttw1 -82)) (insert nexttime len len1 min_ttw min_ttw1)))
(rule (=> (and (= nexttime 1) (= len 3) (= len1 4) (= min_ttw 4) (= min_ttw1 1)) (insert nexttime len len1 min_ttw min_ttw1)))
(rule (=> (and (= nexttime 1) (= len 0) (= len1 1) (= min_ttw 128) (= min_ttw1 1)) (insert nexttime len len1 min_ttw min_ttw1)))
(rule (=> (and (= nexttime 1) (= len 1) (= len1 2) (= min_ttw -4) (= min_ttw1 -4)) (insert nexttime len len1 min_ttw min_ttw1)))
(rule (=> (and (= nexttime 1) (= len 2) (= len1 3) (= min_ttw -29) (= min_ttw1 -29)) (insert nexttime len len1 min_ttw min_ttw1)))
(rule (=> (and (= nexttime 238) (= len 27) (= len1 28) (= min_ttw -18) (= min_ttw1 -18)) (insert nexttime len len1 min_ttw min_ttw1)))
(rule (=> (and (= nexttime 247) (= len 8) (= len1 9) (= min_ttw -43) (= min_ttw1 -43)) (insert nexttime len len1 min_ttw min_ttw1)))
(rule (=> (and (= nexttime 6) (= len 0) (= len1 1) (= min_ttw 128) (= min_ttw1 6)) (insert nexttime len len1 min_ttw min_ttw1)))
(rule (=> (and (= nexttime 2) (= len 0) (= len1 1) (= min_ttw 128) (= min_ttw1 2)) (insert nexttime len len1 min_ttw min_ttw1)))
(rule (=> (and (= nexttime 0) (= len 1) (= len1 2) (= min_ttw -32) (= min_ttw1 -32)) (insert nexttime len len1 min_ttw min_ttw1)))
(rule (=> (and (= nexttime 58) (= len 11) (= len1 12) (= min_ttw -71) (= min_ttw1 -71)) (insert nexttime len len1 min_ttw min_ttw1)))
(rule (=> (and (= len 5) (= len1 5) (= min_ttw -104) (= min_ttw1 -105)) (choosenext len len1 min_ttw min_ttw1)))
(rule (=> (and (= len 5) (= len1 5) (= min_ttw -2) (= min_ttw1 -3)) (choosenext len len1 min_ttw min_ttw1)))
(rule (=> (and (= len 0) (= len1 0) (= min_ttw 128) (= min_ttw1 128)) (choosenext len len1 min_ttw min_ttw1)))
(rule (=> (and (= len 1) (= len1 1) (= min_ttw -86) (= min_ttw1 -87)) (choosenext len len1 min_ttw min_ttw1)))
(rule (=> (and (= len 4) (= len1 0) (= min_ttw 1) (= min_ttw1 128)) (choosenext len len1 min_ttw min_ttw1)))
(rule (=> (and (= len 1) (= len1 1) (= min_ttw -1) (= min_ttw1 -2)) (choosenext len len1 min_ttw min_ttw1)))
(rule (=> (and (= len1 0) (= nexttime1 1) (= min_ttw1 MAX)) (inv nexttime1 len1 min_ttw1)))
(rule (=> (and (inv nexttime len min_ttw) (insert nexttime len len1 min_ttw min_ttw1) (= nexttime1 (+ nexttime 1))) (inv nexttime1 len1 min_ttw1)))
(rule (=> (and (inv nexttime len min_ttw) (and (> nexttime 1) (choosenext len len1 min_ttw min_ttw1) (= nexttime1 (- nexttime 1)))) (inv nexttime1 len1 min_ttw1)))
(rule (=> (and (inv nexttime len min_ttw) (<= nexttime 1)) (inv nexttime len min_ttw)))
(rule (=> (and (inv nexttime len min_ttw) (not(=> (> len 0) (>= min_ttw 1)))) fail))

(query fail :print-certificate true)
==============================================================
   -> Checking if specs have changed...
      -> CHC files are identical. Pipeline has converged.
   -> 15-minute deep fuzzing converged. Pipeline complete.

==================== Finalizing Pipeline ====================

====================== Pipeline Finished =====================
Total External Iterations: 7
Total Unique Test Cases Found: 49
Total Internal Iterations: 432
  - Min: 5
  - Max: 88
  - Avg: 61.71
pipeline.run() took 0.8232 seconds.
Running command: /usr/bin/python3 chcverifynfuzz.py ClassicalHornICE ProcessQueue
PID: 607029
========================================

