
========================================
         Starting Pipeline for: RedBlackTree (Mode: ClassicalHornICE)
========================================
Initializing pipeline for benchmark: 'RedBlackTree'
   -> Loading and validating attributes from: /Dualis/scripts/../benchmarks/Classical/RedBlackTree/Attributes.txt
      -> Validation successful. Attribute file is consistent.

==================== Iteration: 1 ====================
TIMEOUT : 20
   -> Parsing CHC file: /Dualis/scripts/../benchmarks/ClassicalHornICE_working_temp/RedBlackTree/RedBlackTree.smt2
   -> Starting HornICE with a 1000-second timeout...
      -> Logging HornICE output to iter_1.log
   -> HornICE completed successfully.
   -> Analyzing HornICE log file: iter_1.log
      -> Found 3 internal iterations.
   -> Writing new specs to harness: insert_fuzz.cpp...
      -> Successfully created working copy '/Dualis/scripts/../benchmarks/ClassicalHornICE_working_temp/RedBlackTree/insert_fuzz.cpp'.
   -> Starting AFL++(insert_fuzz) with a 20-second timeout...
   -> Building AFL-instrumented binary: /Dualis/scripts/../benchmarks/ClassicalHornICE_working_temp/RedBlackTree/insert_fuzz
   -> AFL++(insert_fuzz) finished its fuzzing session.
   -> Checking fuzzing outputs for counterexamples...
Checking crashes
   -> Found 8 crash reports. Testing reproducibility...
   -> CRASH REPRODUCED with id:000001,sig:06,src:000000,time:214,execs:34,op:havoc,rep:13
   -> CRASH REPRODUCED with id:000003,sig:06,src:000000,time:215,execs:39,op:havoc,rep:12
   -> CRASH REPRODUCED with id:000007,sig:06,src:000000,time:219,execs:54,op:havoc,rep:6
   -> CRASH REPRODUCED with id:000006,sig:06,src:000000,time:219,execs:51,op:havoc,rep:11
   -> CRASH REPRODUCED with id:000004,sig:06,src:000000,time:216,execs:40,op:havoc,rep:14
   -> CRASH REPRODUCED with id:000005,sig:06,src:000000,time:217,execs:42,op:havoc,rep:11
   -> CRASH REPRODUCED with id:000002,sig:06,src:000000,time:214,execs:35,op:havoc,rep:13
   -> CRASH REPRODUCED with id:000000,sig:06,src:000000,time:213,execs:33,op:havoc,rep:16
Checking queue
   -> Found 4 crash reports. Testing reproducibility...
Checking hangs
   -> Converting counterexamples for 'insert'...
      -> Found and validated 8 new rules.
   -> Writing new specs to harness: search_fuzz.cpp...
      -> Successfully created working copy '/Dualis/scripts/../benchmarks/ClassicalHornICE_working_temp/RedBlackTree/search_fuzz.cpp'.
   -> Starting AFL++(search_fuzz) with a 20-second timeout...
   -> Building AFL-instrumented binary: /Dualis/scripts/../benchmarks/ClassicalHornICE_working_temp/RedBlackTree/search_fuzz
   -> AFL++(search_fuzz) finished its fuzzing session.
   -> Checking fuzzing outputs for counterexamples...
Checking crashes
   -> Found 14 crash reports. Testing reproducibility...
   -> CRASH REPRODUCED with id:000006,sig:06,src:000000,time:1791,execs:72,op:havoc,rep:3
   -> CRASH REPRODUCED with id:000000,sig:06,src:000000,time:1,execs:33,op:havoc,rep:3
   -> CRASH REPRODUCED with id:000009,sig:06,src:000000,time:3236,execs:237,op:havoc,rep:4
   -> CRASH REPRODUCED with id:000001,sig:06,src:000000,time:2,execs:46,op:havoc,rep:2
   -> CRASH REPRODUCED with id:000008,sig:06,src:000000,time:3224,execs:169,op:havoc,rep:3
   -> CRASH REPRODUCED with id:000013,sig:06,src:000000,time:4121,execs:732,op:havoc,rep:4
   -> CRASH REPRODUCED with id:000007,sig:06,src:000000,time:3217,execs:98,op:havoc,rep:3
   -> CRASH REPRODUCED with id:000003,sig:06,src:000000,time:329,execs:58,op:havoc,rep:2
   -> CRASH REPRODUCED with id:000010,sig:06,src:000000,time:3238,execs:249,op:havoc,rep:2
   -> CRASH REPRODUCED with id:000002,sig:06,src:000000,time:3,execs:56,op:havoc,rep:2
   -> CRASH REPRODUCED with id:000004,sig:06,src:000000,time:616,execs:61,op:havoc,rep:4
   -> CRASH REPRODUCED with id:000011,sig:06,src:000000,time:3511,execs:272,op:havoc,rep:3
   -> CRASH REPRODUCED with id:000012,sig:06,src:000000,time:3516,execs:303,op:havoc,rep:4
   -> CRASH REPRODUCED with id:000005,sig:06,src:000000,time:1211,execs:63,op:havoc,rep:1
Checking queue
   -> Found 4 crash reports. Testing reproducibility...
Checking hangs
   -> Converting counterexamples for 'search'...
      -> Found and validated 13 new rules.
   -> Updating CHC file with new counterexamples...

=============== Artifacts This Iteration ===============

--- Generated Specs ---
  inv: (true)
  insert: (false)
  search: (false)

--- New Test Cases Found ---

--- Updated CHCs (for next iteration) ---
(declare-rel inv (Int Int Int Int Int Int))
(declare-rel insert (Int Int Int Int Int Int Int Int Int))
(declare-rel search (Int Int Int Int Int Int))
(declare-rel fail ())
(declare-var i Int)
(declare-var i1 Int)
(declare-var max Int)
(declare-var max1 Int)
(declare-var min Int)
(declare-var min1 Int)
(declare-var len Int)
(declare-var len1 Int)
(declare-var N Int)
(declare-var noDup Int)
(declare-var noDup1 Int)
(declare-var data Int)
(declare-var ret1 Int)
(define-fun is_valid ((x Int)) Bool (or (= x 1) (= x 0)))
(define-fun MAX () Int 128)
(define-fun MIN () Int -129)

(rule (=> (and (= i 126) (= max -130) (= max1 126) (= min 128) (= min1 126) (= len 0) (= len1 1) (= noDup 1) (= noDup1 1)) (insert i max max1 min min1 len len1 noDup noDup1)))
(rule (=> (and (= i 0) (= max 0) (= max1 0) (= min 0) (= min1 0) (= len 1) (= len1 2) (= noDup 1) (= noDup1 0)) (insert i max max1 min min1 len len1 noDup noDup1)))
(rule (=> (and (= i 1) (= max 15) (= max1 15) (= min -33) (= min1 -33) (= len 13) (= len1 14) (= noDup 0) (= noDup1 0)) (insert i max max1 min min1 len len1 noDup noDup1)))
(rule (=> (and (= i -128) (= max -1) (= max1 -1) (= min -1) (= min1 -128) (= len 2) (= len1 3) (= noDup 0) (= noDup1 0)) (insert i max max1 min min1 len len1 noDup noDup1)))
(rule (=> (and (= i -2) (= max 37) (= max1 37) (= min -127) (= min1 -127) (= len 18) (= len1 19) (= noDup 0) (= noDup1 0)) (insert i max max1 min min1 len len1 noDup noDup1)))
(rule (=> (and (= i 1) (= max 25) (= max1 25) (= min -15) (= min1 -15) (= len 12) (= len1 13) (= noDup 0) (= noDup1 0)) (insert i max max1 min min1 len len1 noDup noDup1)))
(rule (=> (and (= i 2) (= max -130) (= max1 2) (= min 128) (= min1 2) (= len 0) (= len1 1) (= noDup 1) (= noDup1 1)) (insert i max max1 min min1 len len1 noDup noDup1)))
(rule (=> (and (= i 0) (= max -130) (= max1 0) (= min 128) (= min1 0) (= len 0) (= len1 1) (= noDup 1) (= noDup1 1)) (insert i max max1 min min1 len len1 noDup noDup1)))
(rule (=> (and (= data 1) (= max 1) (= min -34) (= len 3) (= noDup 1) (= ret1 1)) (search data max min len noDup ret1)))
(rule (=> (and (= data 1) (= max -1) (= min -1) (= len 1) (= noDup 1) (= ret1 0)) (search data max min len noDup ret1)))
(rule (=> (and (= data -1) (= max -73) (= min -84) (= len 11) (= noDup 0) (= ret1 0)) (search data max min len noDup ret1)))
(rule (=> (and (= data 1) (= max 1) (= min -1) (= len 5) (= noDup 0) (= ret1 1)) (search data max min len noDup ret1)))
(rule (=> (and (= data -32) (= max -1) (= min -32) (= len 3) (= noDup 0) (= ret1 1)) (search data max min len noDup ret1)))
(rule (=> (and (= data -30) (= max 1) (= min -30) (= len 8) (= noDup 0) (= ret1 1)) (search data max min len noDup ret1)))
(rule (=> (and (= data 1) (= max 8) (= min -29) (= len 15) (= noDup 0) (= ret1 1)) (search data max min len noDup ret1)))
(rule (=> (and (= data -1) (= max -1) (= min -1) (= len 1) (= noDup 1) (= ret1 1)) (search data max min len noDup ret1)))
(rule (=> (and (= data 1) (= max 40) (= min -1) (= len 4) (= noDup 0) (= ret1 0)) (search data max min len noDup ret1)))
(rule (=> (and (= data 1) (= max -130) (= min 128) (= len 0) (= noDup 1) (= ret1 0)) (search data max min len noDup ret1)))
(rule (=> (and (= data -2) (= max 1) (= min -12) (= len 4) (= noDup 0) (= ret1 1)) (search data max min len noDup ret1)))
(rule (=> (and (= data 1) (= max 33) (= min -1) (= len 17) (= noDup 0) (= ret1 1)) (search data max min len noDup ret1)))
(rule (=> (and (= data -2) (= max 1) (= min -1) (= len 2) (= noDup 1) (= ret1 0)) (search data max min len noDup ret1)))

(rule (=> (and (> N 0) (= i1 0) (= max1 MIN) (= min1 MAX) (= noDup1 1) ) (inv i1 max1 min1 len1 noDup1 N)))
(rule(=> (and (inv i max min len noDup N) (is_valid noDup) (< i N) (insert i max max1 min min1 len len1 noDup noDup1) ( = i1 (+ i 1))) (inv i1 max1 min1 len1 noDup1 N)))
(rule(=> (and (inv i max min len noDup N) (is_valid noDup) (>= i N) (>= data 0) (< data N) (search data max min len noDup ret1) (= ret1 0)) fail))

(query fail :print-certificate true)
==============================================================
   -> Checking if specs have changed...
      -> CHC files are different. Continuing iteration.

==================== Iteration: 2 ====================
TIMEOUT : 40
   -> Parsing CHC file: /Dualis/scripts/../benchmarks/ClassicalHornICE_working_temp/RedBlackTree/RedBlackTree.smt2
   -> Starting HornICE with a 1000-second timeout...
      -> Logging HornICE output to iter_2.log
   -> ERROR: HornICE timed out. Terminating.

==================== Finalizing Pipeline ====================

====================== Pipeline Finished =====================
Total External Iterations: 2
Total Unique Test Cases Found: 21
Total Internal Iterations: 3
  - Min: 3
  - Max: 3
  - Avg: 3.00
pipeline.run() took 1.1231 seconds.
Running command: /usr/bin/python3 chcverifynfuzz.py ClassicalHornICE RedBlackTree
PID: 607030
========================================

