
========================================
         Starting Pipeline for: SkipList4 (Mode: ClassicalHornICE)
========================================
Initializing pipeline for benchmark: 'SkipList4'
   -> Loading and validating attributes from: /Dualis/scripts/../benchmarks/Classical/SkipList4/Attributes.txt
      -> Validation successful. Attribute file is consistent.

==================== Iteration: 1 ====================
TIMEOUT : 20
   -> Parsing CHC file: /Dualis/scripts/../benchmarks/ClassicalHornICE_working_temp/SkipList4/SkipList4.smt2
   -> Starting HornICE with a 1000-second timeout...
      -> Logging HornICE output to iter_1.log
   -> HornICE completed successfully.
   -> Analyzing HornICE log file: iter_1.log
      -> Found 15 internal iterations.
   -> Writing new specs to harness: insert_fuzz.cpp...
      -> Successfully created working copy '/Dualis/scripts/../benchmarks/ClassicalHornICE_working_temp/SkipList4/insert_fuzz.cpp'.
   -> Starting AFL++(insert_fuzz) with a 20-second timeout...
   -> Building AFL-instrumented binary: /Dualis/scripts/../benchmarks/ClassicalHornICE_working_temp/SkipList4/insert_fuzz
   -> AFL++(insert_fuzz) finished its fuzzing session.
   -> Checking fuzzing outputs for counterexamples...
Checking crashes
   -> Found 13 crash reports. Testing reproducibility...
   -> CRASH REPRODUCED with id:000000,sig:06,src:000003,time:182,execs:96,op:havoc,rep:1
   -> CRASH REPRODUCED with id:000004,sig:06,src:000003,time:975,execs:176,op:havoc,rep:2
   -> CRASH REPRODUCED with id:000003,sig:06,src:000003,time:788,execs:155,op:havoc,rep:1
   -> CRASH REPRODUCED with id:000011,sig:06,src:000003,time:10336,execs:1135,op:havoc,rep:2
   -> CRASH REPRODUCED with id:000009,sig:06,src:000003,time:5112,execs:664,op:havoc,rep:2
   -> CRASH REPRODUCED with id:000005,sig:06,src:000003,time:1569,execs:221,op:havoc,rep:1
   -> CRASH REPRODUCED with id:000007,sig:06,src:000003,time:3210,execs:465,op:havoc,rep:1
   -> CRASH REPRODUCED with id:000012,sig:06,src:000003,time:11097,execs:1226,op:havoc,rep:2
   -> CRASH REPRODUCED with id:000008,sig:06,src:000003,time:3603,execs:496,op:havoc,rep:2
   -> CRASH REPRODUCED with id:000002,sig:06,src:000003,time:626,execs:107,op:havoc,rep:1
   -> CRASH REPRODUCED with id:000006,sig:06,src:000003,time:1760,execs:263,op:havoc,rep:1
   -> CRASH REPRODUCED with id:000010,sig:06,src:000003,time:10189,execs:1105,op:havoc,rep:2
   -> CRASH REPRODUCED with id:000001,sig:06,src:000003,time:324,execs:97,op:havoc,rep:1
Checking queue
   -> Found 12 crash reports. Testing reproducibility...
Checking hangs
   -> Converting counterexamples for 'insert'...
      -> Found and validated 10 new rules.
   -> Updating CHC file with new counterexamples...

=============== Artifacts This Iteration ===============

--- Generated Specs ---
  inv1: ((i - N) <= (-1))
  insert: (false)

--- New Test Cases Found ---

--- Updated CHCs (for next iteration) ---
(declare-var N Int)
(declare-var i Int)
(declare-var i1 Int)
(declare-var min Int)
(declare-var min1 Int)
(declare-var max Int)
(declare-var max1 Int)
(declare-var isPresent Int)
(declare-var isPresent1 Int)
(declare-var len Int)
(declare-var len1 Int)
(declare-var v Int)
(declare-var ret1 Int)
(declare-rel insert (Int Int Int Int Int Int Int Int Int))
(declare-rel inv1 (Int Int Int Int Int Int))
(declare-rel fail ())
(define-fun MAX () Int 128)
(define-fun MIN () Int -129)
(define-fun is_valid ((x Int)) Bool (or (= x 1) (= x 0)))

(rule (=> (and (= v 103) (= isPresent 0) (= min 103) (= max 103) (= len 1) (= isPresent1 0) (= min1 103) (= max1 103) (= len1 1)) (insert v isPresent min max len isPresent1 min1 max1 len1)))
(rule (=> (and (= v 0) (= isPresent 0) (= min 128) (= max -129) (= len 0) (= isPresent1 0) (= min1 0) (= max1 0) (= len1 1)) (insert v isPresent min max len isPresent1 min1 max1 len1)))
(rule (=> (and (= v 90) (= isPresent 0) (= min 128) (= max -129) (= len 0) (= isPresent1 0) (= min1 90) (= max1 90) (= len1 1)) (insert v isPresent min max len isPresent1 min1 max1 len1)))
(rule (=> (and (= v 1) (= isPresent 1) (= min 1) (= max 1) (= len 1) (= isPresent1 1) (= min1 1) (= max1 1) (= len1 1)) (insert v isPresent min max len isPresent1 min1 max1 len1)))
(rule (=> (and (= v 1) (= isPresent 0) (= min -91) (= max -6) (= len 2) (= isPresent1 1) (= min1 -91) (= max1 1) (= len1 3)) (insert v isPresent min max len isPresent1 min1 max1 len1)))
(rule (=> (and (= v 1) (= isPresent 0) (= min 65) (= max 65) (= len 1) (= isPresent1 1) (= min1 1) (= max1 65) (= len1 2)) (insert v isPresent min max len isPresent1 min1 max1 len1)))
(rule (=> (and (= v 1) (= isPresent 0) (= min 128) (= max -129) (= len 0) (= isPresent1 1) (= min1 1) (= max1 1) (= len1 1)) (insert v isPresent min max len isPresent1 min1 max1 len1)))
(rule (=> (and (= v -41) (= isPresent 0) (= min -41) (= max -1) (= len 2) (= isPresent1 0) (= min1 -41) (= max1 -1) (= len1 2)) (insert v isPresent min max len isPresent1 min1 max1 len1)))
(rule (=> (and (= v 1) (= isPresent 0) (= min -15) (= max -15) (= len 1) (= isPresent1 1) (= min1 -15) (= max1 1) (= len1 2)) (insert v isPresent min max len isPresent1 min1 max1 len1)))
(rule (=> (and (= v 38) (= isPresent 0) (= min 128) (= max -129) (= len 0) (= isPresent1 0) (= min1 38) (= max1 38) (= len1 1)) (insert v isPresent min max len isPresent1 min1 max1 len1)))

(rule (=> (and (> N 0) (= i 0) (= min MAX) (= max MIN) (= len 0)) (inv1 i N isPresent min max  len)))
(rule (=> (and (inv1 i N isPresent min max  len) (is_valid isPresent) (< i N) (= v 1) (insert v isPresent min max  len isPresent1 min1 max1  len1) (= i1 (+ i 1))) (inv1 i1 N isPresent1 min1 max1  len1)))
(rule (=> (and (inv1 i N isPresent min max  len) (is_valid isPresent) (not (< i N)) (not (= len 1))) fail))

(query fail :print-certificate true)
==============================================================
   -> Checking if specs have changed...
      -> CHC files are different. Continuing iteration.

==================== Iteration: 2 ====================
TIMEOUT : 40
   -> Parsing CHC file: /Dualis/scripts/../benchmarks/ClassicalHornICE_working_temp/SkipList4/SkipList4.smt2
   -> Starting HornICE with a 1000-second timeout...
      -> Logging HornICE output to iter_2.log
   -> ERROR: HornICE timed out. Terminating.

==================== Finalizing Pipeline ====================

====================== Pipeline Finished =====================
Total External Iterations: 2
Total Unique Test Cases Found: 10
Total Internal Iterations: 15
  - Min: 15
  - Max: 15
  - Avg: 15.00
pipeline.run() took 0.6442 seconds.
Running command: /usr/bin/python3 chcverifynfuzz.py ClassicalHornICE SkipList4
PID: 607032
========================================

