
========================================
         Starting Pipeline for: SkipList7 (Mode: ClassicalHornICE)
========================================
Initializing pipeline for benchmark: 'SkipList7'
   -> Loading and validating attributes from: /Dualis/scripts/../benchmarks/Classical/SkipList7/Attributes.txt
      -> Validation successful. Attribute file is consistent.

==================== Iteration: 1 ====================
TIMEOUT : 20
   -> Parsing CHC file: /Dualis/scripts/../benchmarks/ClassicalHornICE_working_temp/SkipList7/SkipList7.smt2
   -> Starting HornICE with a 1000-second timeout...
      -> Logging HornICE output to iter_1.log
   -> HornICE completed successfully.
   -> Analyzing HornICE log file: iter_1.log
      -> Found 3 internal iterations.
   -> Writing new specs to harness: insert_fuzz.cpp...
      -> Successfully created working copy '/Dualis/scripts/../benchmarks/ClassicalHornICE_working_temp/SkipList7/insert_fuzz.cpp'.
   -> Starting AFL++(insert_fuzz) with a 20-second timeout...
   -> Building AFL-instrumented binary: /Dualis/scripts/../benchmarks/ClassicalHornICE_working_temp/SkipList7/insert_fuzz
   -> AFL++(insert_fuzz) finished its fuzzing session.
   -> Checking fuzzing outputs for counterexamples...
Checking crashes
   -> Found 9 crash reports. Testing reproducibility...
   -> CRASH REPRODUCED with id:000003,sig:06,src:000003,time:811,execs:108,op:havoc,rep:5
   -> CRASH REPRODUCED with id:000005,sig:06,src:000003,time:3130,execs:122,op:havoc,rep:2
   -> CRASH REPRODUCED with id:000006,sig:06,src:000003,time:7739,execs:139,op:havoc,rep:3
   -> CRASH REPRODUCED with id:000004,sig:06,src:000003,time:1979,execs:110,op:havoc,rep:3
   -> CRASH REPRODUCED with id:000000,sig:06,src:000003,time:219,execs:97,op:havoc,rep:8
   -> CRASH REPRODUCED with id:000002,sig:06,src:000003,time:611,execs:105,op:havoc,rep:8
   -> CRASH REPRODUCED with id:000001,sig:06,src:000003,time:431,execs:100,op:havoc,rep:8
   -> CRASH REPRODUCED with id:000008,sig:06,src:000003,time:14773,execs:164,op:havoc,rep:7
   -> CRASH REPRODUCED with id:000007,sig:06,src:000003,time:8944,execs:144,op:havoc,rep:6
Checking queue
   -> Found 12 crash reports. Testing reproducibility...
Checking hangs
   -> Converting counterexamples for 'insert'...
      -> Found and validated 9 new rules.
   -> Writing new specs to harness: lower_bound_fuzz.cpp...
      -> Successfully created working copy '/Dualis/scripts/../benchmarks/ClassicalHornICE_working_temp/SkipList7/lower_bound_fuzz.cpp'.
   -> Starting AFL++(lower_bound_fuzz) with a 20-second timeout...
   -> Building AFL-instrumented binary: /Dualis/scripts/../benchmarks/ClassicalHornICE_working_temp/SkipList7/lower_bound_fuzz
   -> AFL++(lower_bound_fuzz) finished its fuzzing session.
   -> Checking fuzzing outputs for counterexamples...
Checking crashes
   -> Found 10 crash reports. Testing reproducibility...
   -> CRASH REPRODUCED with id:000007,sig:06,src:000003,time:12759,execs:384,op:havoc,rep:3
   -> CRASH REPRODUCED with id:000000,sig:06,src:000003,time:759,execs:98,op:havoc,rep:3
   -> CRASH REPRODUCED with id:000001,sig:06,src:000003,time:1925,execs:147,op:havoc,rep:3
   -> CRASH REPRODUCED with id:000009,sig:06,src:000003,time:15930,execs:625,op:havoc,rep:4
   -> CRASH REPRODUCED with id:000005,sig:06,src:000003,time:6651,execs:201,op:havoc,rep:4
   -> CRASH REPRODUCED with id:000006,sig:06,src:000003,time:11292,execs:350,op:havoc,rep:3
   -> CRASH REPRODUCED with id:000008,sig:06,src:000003,time:12949,execs:386,op:havoc,rep:3
   -> CRASH REPRODUCED with id:000003,sig:06,src:000003,time:4304,execs:195,op:havoc,rep:2
   -> CRASH REPRODUCED with id:000004,sig:06,src:000003,time:5478,execs:196,op:havoc,rep:4
   -> CRASH REPRODUCED with id:000002,sig:06,src:000003,time:3107,execs:180,op:havoc,rep:4
Checking queue
   -> Found 12 crash reports. Testing reproducibility...
Checking hangs
   -> Converting counterexamples for 'lower_bound'...
      -> Found and validated 10 new rules.
   -> Updating CHC file with new counterexamples...

=============== Artifacts This Iteration ===============

--- Generated Specs ---
  inv1: (true)
  insert: (false)
  lower_bound: (false)

--- New Test Cases Found ---

--- Updated CHCs (for next iteration) ---
(declare-var N Int)
(declare-var i Int)
(declare-var i1 Int)
(declare-var min Int)
(declare-var min1 Int)
(declare-var max Int)
(declare-var max1 Int)
(declare-var isPresent Int)
(declare-var isPresent1 Int)
(declare-var len Int)
(declare-var len1 Int)
(declare-var v Int)
(declare-var k Int)
(declare-var lb_ret1 Int)
(declare-rel insert (Int Int Int Int Int Int Int Int Int))
(declare-rel lower_bound (Int Int Int Int))
(declare-rel inv1 (Int Int Int Int Int Int))
(declare-rel fail ())
(define-fun is_valid ((x Int)) Bool (or (= x 1) (= x 0)))
(define-fun MAX () Int 128)
(define-fun MIN () Int -129)

(rule (=> (and (= v 1) (= isPresent 1) (= min 1) (= max 1) (= len 1) (= isPresent1 1) (= min1 1) (= max1 1) (= len1 1)) (insert v isPresent min max len isPresent1 min1 max1 len1)))
(rule (=> (and (= v 1) (= isPresent 0) (= min 128) (= max -129) (= len 0) (= isPresent1 1) (= min1 1) (= max1 1) (= len1 1)) (insert v isPresent min max len isPresent1 min1 max1 len1)))
(rule (=> (and (= v -1) (= isPresent 0) (= min 1) (= max 2) (= len 2) (= isPresent1 1) (= min1 -1) (= max1 2) (= len1 3)) (insert v isPresent min max len isPresent1 min1 max1 len1)))
(rule (=> (and (= v -98) (= isPresent 0) (= min 128) (= max -129) (= len 0) (= isPresent1 1) (= min1 -98) (= max1 -98) (= len1 1)) (insert v isPresent min max len isPresent1 min1 max1 len1)))
(rule (=> (and (= v 0) (= isPresent 1) (= min 0) (= max 89) (= len 4) (= isPresent1 1) (= min1 0) (= max1 89) (= len1 4)) (insert v isPresent min max len isPresent1 min1 max1 len1)))
(rule (=> (and (= v 65) (= isPresent 1) (= min 0) (= max 94) (= len 3) (= isPresent1 1) (= min1 0) (= max1 94) (= len1 3)) (insert v isPresent min max len isPresent1 min1 max1 len1)))
(rule (=> (and (= v 8) (= isPresent 0) (= min 128) (= max -129) (= len 0) (= isPresent1 1) (= min1 8) (= max1 8) (= len1 1)) (insert v isPresent min max len isPresent1 min1 max1 len1)))
(rule (=> (and (= v 1) (= isPresent 1) (= min -1) (= max 2) (= len 3) (= isPresent1 1) (= min1 -1) (= max1 2) (= len1 3)) (insert v isPresent min max len isPresent1 min1 max1 len1)))
(rule (=> (and (= v -89) (= isPresent 0) (= min 1) (= max 1) (= len 1) (= isPresent1 1) (= min1 -89) (= max1 1) (= len1 2)) (insert v isPresent min max len isPresent1 min1 max1 len1)))
(rule (=> (and (= k -113) (= min 128) (= max -129) (= lb_ret1 128)) (lower_bound k min max lb_ret1)))
(rule (=> (and (= k -29) (= min -61) (= max -61) (= lb_ret1 128)) (lower_bound k min max lb_ret1)))
(rule (=> (and (= k 1) (= min 128) (= max -129) (= lb_ret1 128)) (lower_bound k min max lb_ret1)))
(rule (=> (and (= k 1) (= min -31) (= max 1) (= lb_ret1 1)) (lower_bound k min max lb_ret1)))
(rule (=> (and (= k 2) (= min 1) (= max 1) (= lb_ret1 128)) (lower_bound k min max lb_ret1)))
(rule (=> (and (= k 25) (= min 25) (= max 117) (= lb_ret1 25)) (lower_bound k min max lb_ret1)))
(rule (=> (and (= k 1) (= min 1) (= max 22) (= lb_ret1 1)) (lower_bound k min max lb_ret1)))
(rule (=> (and (= k 1) (= min -1) (= max 1) (= lb_ret1 1)) (lower_bound k min max lb_ret1)))
(rule (=> (and (= k 1) (= min 1) (= max 1) (= lb_ret1 1)) (lower_bound k min max lb_ret1)))
(rule (=> (and (= k 0) (= min 1) (= max 1) (= lb_ret1 1)) (lower_bound k min max lb_ret1)))

(rule (=> (and (> N 0) (= i 0) (= min MAX) (= max MIN)) (inv1 i N isPresent min max len)))
(rule (=> (and (inv1 i N isPresent min max len) (is_valid isPresent) (< i N) (insert v isPresent min max len isPresent1 min1 max1 len1) (= i1 (+ i 1))) (inv1 i1 N isPresent1 min1 max1 len1)))
(rule (=> (and (inv1 i N isPresent min max len) (is_valid isPresent) (not (< i N))(= k max) (lower_bound k min max lb_ret1) (not (= lb_ret1 max))) fail))

(query fail :print-certificate true)
==============================================================
   -> Checking if specs have changed...
      -> CHC files are different. Continuing iteration.

==================== Iteration: 2 ====================
TIMEOUT : 40
   -> Parsing CHC file: /Dualis/scripts/../benchmarks/ClassicalHornICE_working_temp/SkipList7/SkipList7.smt2
   -> Starting HornICE with a 1000-second timeout...
      -> Logging HornICE output to iter_2.log
   -> HornICE completed successfully.
   -> Analyzing HornICE log file: iter_2.log
      -> Found 15 internal iterations.
   -> Writing new specs to harness: insert_fuzz.cpp...
      -> Successfully created working copy '/Dualis/scripts/../benchmarks/ClassicalHornICE_working_temp/SkipList7/insert_fuzz.cpp'.
   -> Starting AFL++(insert_fuzz) with a 40-second timeout...
   -> Building AFL-instrumented binary: /Dualis/scripts/../benchmarks/ClassicalHornICE_working_temp/SkipList7/insert_fuzz
   -> AFL++(insert_fuzz) finished its fuzzing session.
   -> Checking fuzzing outputs for counterexamples...
Checking crashes
Checking queue
   -> Found 137 crash reports. Testing reproducibility...
Checking hangs
   -> Converting counterexamples for 'insert'...
   -> Writing new specs to harness: lower_bound_fuzz.cpp...
      -> Successfully created working copy '/Dualis/scripts/../benchmarks/ClassicalHornICE_working_temp/SkipList7/lower_bound_fuzz.cpp'.
   -> Starting AFL++(lower_bound_fuzz) with a 40-second timeout...
   -> Building AFL-instrumented binary: /Dualis/scripts/../benchmarks/ClassicalHornICE_working_temp/SkipList7/lower_bound_fuzz
   -> AFL++(lower_bound_fuzz) finished its fuzzing session.
   -> Checking fuzzing outputs for counterexamples...
Checking crashes
Checking queue
   -> Found 121 crash reports. Testing reproducibility...
Checking hangs
   -> Converting counterexamples for 'lower_bound'...
   -> Updating CHC file with new counterexamples...

=============== Artifacts This Iteration ===============

--- Generated Specs ---
  insert: (true)
  lower_bound: (((((k - max) <= (-1)) || (((k - lb_ret1) <= 0) && ((k - lb_ret1) > (-1)) && ((k - max) > (-1)))) && ((k - max) <= 0)) || ((k - max) > 0))
  inv1: (true)

--- New Test Cases Found ---

--- Updated CHCs (for next iteration) ---
(declare-var N Int)
(declare-var i Int)
(declare-var i1 Int)
(declare-var min Int)
(declare-var min1 Int)
(declare-var max Int)
(declare-var max1 Int)
(declare-var isPresent Int)
(declare-var isPresent1 Int)
(declare-var len Int)
(declare-var len1 Int)
(declare-var v Int)
(declare-var k Int)
(declare-var lb_ret1 Int)
(declare-rel insert (Int Int Int Int Int Int Int Int Int))
(declare-rel lower_bound (Int Int Int Int))
(declare-rel inv1 (Int Int Int Int Int Int))
(declare-rel fail ())
(define-fun is_valid ((x Int)) Bool (or (= x 1) (= x 0)))
(define-fun MAX () Int 128)
(define-fun MIN () Int -129)


(rule (=> (and (= v 1) (= isPresent 1) (= min 1) (= max 1) (= len 1) (= isPresent1 1) (= min1 1) (= max1 1) (= len1 1)) (insert v isPresent min max len isPresent1 min1 max1 len1)))
(rule (=> (and (= v 1) (= isPresent 0) (= min 128) (= max -129) (= len 0) (= isPresent1 1) (= min1 1) (= max1 1) (= len1 1)) (insert v isPresent min max len isPresent1 min1 max1 len1)))
(rule (=> (and (= v -1) (= isPresent 0) (= min 1) (= max 2) (= len 2) (= isPresent1 1) (= min1 -1) (= max1 2) (= len1 3)) (insert v isPresent min max len isPresent1 min1 max1 len1)))
(rule (=> (and (= v -98) (= isPresent 0) (= min 128) (= max -129) (= len 0) (= isPresent1 1) (= min1 -98) (= max1 -98) (= len1 1)) (insert v isPresent min max len isPresent1 min1 max1 len1)))
(rule (=> (and (= v 0) (= isPresent 1) (= min 0) (= max 89) (= len 4) (= isPresent1 1) (= min1 0) (= max1 89) (= len1 4)) (insert v isPresent min max len isPresent1 min1 max1 len1)))
(rule (=> (and (= v 65) (= isPresent 1) (= min 0) (= max 94) (= len 3) (= isPresent1 1) (= min1 0) (= max1 94) (= len1 3)) (insert v isPresent min max len isPresent1 min1 max1 len1)))
(rule (=> (and (= v 8) (= isPresent 0) (= min 128) (= max -129) (= len 0) (= isPresent1 1) (= min1 8) (= max1 8) (= len1 1)) (insert v isPresent min max len isPresent1 min1 max1 len1)))
(rule (=> (and (= v 1) (= isPresent 1) (= min -1) (= max 2) (= len 3) (= isPresent1 1) (= min1 -1) (= max1 2) (= len1 3)) (insert v isPresent min max len isPresent1 min1 max1 len1)))
(rule (=> (and (= v -89) (= isPresent 0) (= min 1) (= max 1) (= len 1) (= isPresent1 1) (= min1 -89) (= max1 1) (= len1 2)) (insert v isPresent min max len isPresent1 min1 max1 len1)))
(rule (=> (and (= k -113) (= min 128) (= max -129) (= lb_ret1 128)) (lower_bound k min max lb_ret1)))
(rule (=> (and (= k -29) (= min -61) (= max -61) (= lb_ret1 128)) (lower_bound k min max lb_ret1)))
(rule (=> (and (= k 1) (= min 128) (= max -129) (= lb_ret1 128)) (lower_bound k min max lb_ret1)))
(rule (=> (and (= k 1) (= min -31) (= max 1) (= lb_ret1 1)) (lower_bound k min max lb_ret1)))
(rule (=> (and (= k 2) (= min 1) (= max 1) (= lb_ret1 128)) (lower_bound k min max lb_ret1)))
(rule (=> (and (= k 25) (= min 25) (= max 117) (= lb_ret1 25)) (lower_bound k min max lb_ret1)))
(rule (=> (and (= k 1) (= min 1) (= max 22) (= lb_ret1 1)) (lower_bound k min max lb_ret1)))
(rule (=> (and (= k 1) (= min -1) (= max 1) (= lb_ret1 1)) (lower_bound k min max lb_ret1)))
(rule (=> (and (= k 1) (= min 1) (= max 1) (= lb_ret1 1)) (lower_bound k min max lb_ret1)))
(rule (=> (and (= k 0) (= min 1) (= max 1) (= lb_ret1 1)) (lower_bound k min max lb_ret1)))
(rule (=> (and (> N 0) (= i 0) (= min MAX) (= max MIN)) (inv1 i N isPresent min max len)))
(rule (=> (and (inv1 i N isPresent min max len) (is_valid isPresent) (< i N) (insert v isPresent min max len isPresent1 min1 max1 len1) (= i1 (+ i 1))) (inv1 i1 N isPresent1 min1 max1 len1)))
(rule (=> (and (inv1 i N isPresent min max len) (is_valid isPresent) (not (< i N))(= k max) (lower_bound k min max lb_ret1) (not (= lb_ret1 max))) fail))

(query fail :print-certificate true)
==============================================================
   -> Checking if specs have changed...
      -> CHC files are different. Continuing iteration.

==================== Iteration: 3 ====================
TIMEOUT : 60
   -> Parsing CHC file: /Dualis/scripts/../benchmarks/ClassicalHornICE_working_temp/SkipList7/SkipList7.smt2
   -> Starting HornICE with a 1000-second timeout...
      -> Logging HornICE output to iter_3.log
   -> HornICE completed successfully.
   -> Analyzing HornICE log file: iter_3.log
      -> Found 15 internal iterations.
   -> Writing new specs to harness: insert_fuzz.cpp...
      -> Successfully created working copy '/Dualis/scripts/../benchmarks/ClassicalHornICE_working_temp/SkipList7/insert_fuzz.cpp'.
   -> Starting AFL++(insert_fuzz) with a 60-second timeout...
   -> Building AFL-instrumented binary: /Dualis/scripts/../benchmarks/ClassicalHornICE_working_temp/SkipList7/insert_fuzz
   -> AFL++(insert_fuzz) finished its fuzzing session.
   -> Checking fuzzing outputs for counterexamples...
Checking crashes
Checking queue
   -> Found 159 crash reports. Testing reproducibility...
Checking hangs
   -> Converting counterexamples for 'insert'...
   -> Writing new specs to harness: lower_bound_fuzz.cpp...
      -> Successfully created working copy '/Dualis/scripts/../benchmarks/ClassicalHornICE_working_temp/SkipList7/lower_bound_fuzz.cpp'.
   -> Starting AFL++(lower_bound_fuzz) with a 60-second timeout...
   -> Building AFL-instrumented binary: /Dualis/scripts/../benchmarks/ClassicalHornICE_working_temp/SkipList7/lower_bound_fuzz
   -> AFL++(lower_bound_fuzz) finished its fuzzing session.
   -> Checking fuzzing outputs for counterexamples...
Checking crashes
Checking queue
   -> Found 138 crash reports. Testing reproducibility...
Checking hangs
   -> Converting counterexamples for 'lower_bound'...
   -> Updating CHC file with new counterexamples...

=============== Artifacts This Iteration ===============

--- Generated Specs ---
  insert: (true)
  lower_bound: (((((k - max) <= (-1)) || (((k - lb_ret1) <= 0) && ((k - lb_ret1) > (-1)) && ((k - max) > (-1)))) && ((k - max) <= 0)) || ((k - max) > 0))
  inv1: (true)

--- New Test Cases Found ---

--- Updated CHCs (for next iteration) ---
(declare-var N Int)
(declare-var i Int)
(declare-var i1 Int)
(declare-var min Int)
(declare-var min1 Int)
(declare-var max Int)
(declare-var max1 Int)
(declare-var isPresent Int)
(declare-var isPresent1 Int)
(declare-var len Int)
(declare-var len1 Int)
(declare-var v Int)
(declare-var k Int)
(declare-var lb_ret1 Int)
(declare-rel insert (Int Int Int Int Int Int Int Int Int))
(declare-rel lower_bound (Int Int Int Int))
(declare-rel inv1 (Int Int Int Int Int Int))
(declare-rel fail ())
(define-fun is_valid ((x Int)) Bool (or (= x 1) (= x 0)))
(define-fun MAX () Int 128)
(define-fun MIN () Int -129)


(rule (=> (and (= v 1) (= isPresent 1) (= min 1) (= max 1) (= len 1) (= isPresent1 1) (= min1 1) (= max1 1) (= len1 1)) (insert v isPresent min max len isPresent1 min1 max1 len1)))
(rule (=> (and (= v 1) (= isPresent 0) (= min 128) (= max -129) (= len 0) (= isPresent1 1) (= min1 1) (= max1 1) (= len1 1)) (insert v isPresent min max len isPresent1 min1 max1 len1)))
(rule (=> (and (= v -1) (= isPresent 0) (= min 1) (= max 2) (= len 2) (= isPresent1 1) (= min1 -1) (= max1 2) (= len1 3)) (insert v isPresent min max len isPresent1 min1 max1 len1)))
(rule (=> (and (= v -98) (= isPresent 0) (= min 128) (= max -129) (= len 0) (= isPresent1 1) (= min1 -98) (= max1 -98) (= len1 1)) (insert v isPresent min max len isPresent1 min1 max1 len1)))
(rule (=> (and (= v 0) (= isPresent 1) (= min 0) (= max 89) (= len 4) (= isPresent1 1) (= min1 0) (= max1 89) (= len1 4)) (insert v isPresent min max len isPresent1 min1 max1 len1)))
(rule (=> (and (= v 65) (= isPresent 1) (= min 0) (= max 94) (= len 3) (= isPresent1 1) (= min1 0) (= max1 94) (= len1 3)) (insert v isPresent min max len isPresent1 min1 max1 len1)))
(rule (=> (and (= v 8) (= isPresent 0) (= min 128) (= max -129) (= len 0) (= isPresent1 1) (= min1 8) (= max1 8) (= len1 1)) (insert v isPresent min max len isPresent1 min1 max1 len1)))
(rule (=> (and (= v 1) (= isPresent 1) (= min -1) (= max 2) (= len 3) (= isPresent1 1) (= min1 -1) (= max1 2) (= len1 3)) (insert v isPresent min max len isPresent1 min1 max1 len1)))
(rule (=> (and (= v -89) (= isPresent 0) (= min 1) (= max 1) (= len 1) (= isPresent1 1) (= min1 -89) (= max1 1) (= len1 2)) (insert v isPresent min max len isPresent1 min1 max1 len1)))
(rule (=> (and (= k -113) (= min 128) (= max -129) (= lb_ret1 128)) (lower_bound k min max lb_ret1)))
(rule (=> (and (= k -29) (= min -61) (= max -61) (= lb_ret1 128)) (lower_bound k min max lb_ret1)))
(rule (=> (and (= k 1) (= min 128) (= max -129) (= lb_ret1 128)) (lower_bound k min max lb_ret1)))
(rule (=> (and (= k 1) (= min -31) (= max 1) (= lb_ret1 1)) (lower_bound k min max lb_ret1)))
(rule (=> (and (= k 2) (= min 1) (= max 1) (= lb_ret1 128)) (lower_bound k min max lb_ret1)))
(rule (=> (and (= k 25) (= min 25) (= max 117) (= lb_ret1 25)) (lower_bound k min max lb_ret1)))
(rule (=> (and (= k 1) (= min 1) (= max 22) (= lb_ret1 1)) (lower_bound k min max lb_ret1)))
(rule (=> (and (= k 1) (= min -1) (= max 1) (= lb_ret1 1)) (lower_bound k min max lb_ret1)))
(rule (=> (and (= k 1) (= min 1) (= max 1) (= lb_ret1 1)) (lower_bound k min max lb_ret1)))
(rule (=> (and (= k 0) (= min 1) (= max 1) (= lb_ret1 1)) (lower_bound k min max lb_ret1)))
(rule (=> (and (> N 0) (= i 0) (= min MAX) (= max MIN)) (inv1 i N isPresent min max len)))
(rule (=> (and (inv1 i N isPresent min max len) (is_valid isPresent) (< i N) (insert v isPresent min max len isPresent1 min1 max1 len1) (= i1 (+ i 1))) (inv1 i1 N isPresent1 min1 max1 len1)))
(rule (=> (and (inv1 i N isPresent min max len) (is_valid isPresent) (not (< i N))(= k max) (lower_bound k min max lb_ret1) (not (= lb_ret1 max))) fail))

(query fail :print-certificate true)
==============================================================
   -> Checking if specs have changed...
      -> CHC files are identical. Pipeline has converged.
   -> 15-minute deep fuzzing converged. Pipeline complete.

==================== Finalizing Pipeline ====================

====================== Pipeline Finished =====================
Total External Iterations: 3
Total Unique Test Cases Found: 19
Total Internal Iterations: 33
  - Min: 3
  - Max: 15
  - Avg: 11.00
pipeline.run() took 0.1835 seconds.
Running command: /usr/bin/python3 chcverifynfuzz.py ClassicalHornICE SkipList7
PID: 607031
========================================

