
========================================
         Starting Pipeline for: SkipList1 (Mode: ClassicalHornICE)
========================================
Initializing pipeline for benchmark: 'SkipList1'
   -> Loading and validating attributes from: /Dualis/scripts/../benchmarks/Classical/SkipList1/Attributes.txt
      -> Validation successful. Attribute file is consistent.

==================== Iteration: 1 ====================
TIMEOUT : 20
   -> Parsing CHC file: /Dualis/scripts/../benchmarks/ClassicalHornICE_working_temp/SkipList1/SkipList1.smt2
   -> Starting HornICE with a 1000-second timeout...
      -> Logging HornICE output to iter_1.log
   -> HornICE completed successfully.
   -> Analyzing HornICE log file: iter_1.log
      -> Found 3 internal iterations.
   -> Writing new specs to harness: insert_fuzz.cpp...
      -> Successfully created working copy '/Dualis/scripts/../benchmarks/ClassicalHornICE_working_temp/SkipList1/insert_fuzz.cpp'.
   -> Starting AFL++(insert_fuzz) with a 20-second timeout...
   -> Building AFL-instrumented binary: /Dualis/scripts/../benchmarks/ClassicalHornICE_working_temp/SkipList1/insert_fuzz
   -> AFL++(insert_fuzz) finished its fuzzing session.
   -> Checking fuzzing outputs for counterexamples...
Checking crashes
   -> Found 10 crash reports. Testing reproducibility...
   -> CRASH REPRODUCED with id:000002,sig:06,src:000000,time:396,execs:97,op:havoc,rep:8
   -> CRASH REPRODUCED with id:000005,sig:06,src:000000,time:1201,execs:121,op:havoc,rep:5
   -> CRASH REPRODUCED with id:000001,sig:06,src:000000,time:264,execs:95,op:havoc,rep:6
   -> CRASH REPRODUCED with id:000000,sig:06,src:000000,time:132,execs:84,op:havoc,rep:4
   -> CRASH REPRODUCED with id:000007,sig:06,src:000000,time:1777,execs:161,op:havoc,rep:7
   -> CRASH REPRODUCED with id:000004,sig:06,src:000000,time:660,execs:109,op:havoc,rep:3
   -> CRASH REPRODUCED with id:000009,sig:06,src:000000,time:2112,execs:186,op:havoc,rep:5
   -> CRASH REPRODUCED with id:000006,sig:06,src:000000,time:1391,execs:127,op:havoc,rep:7
   -> CRASH REPRODUCED with id:000008,sig:06,src:000000,time:1974,execs:172,op:havoc,rep:5
   -> CRASH REPRODUCED with id:000003,sig:06,src:000000,time:521,execs:106,op:havoc,rep:6
Checking queue
   -> Found 10 crash reports. Testing reproducibility...
Checking hangs
   -> Converting counterexamples for 'insert'...
      -> Found and validated 9 new rules.
   -> Writing new specs to harness: remove_fuzz.cpp...
      -> Successfully created working copy '/Dualis/scripts/../benchmarks/ClassicalHornICE_working_temp/SkipList1/remove_fuzz.cpp'.
   -> Starting AFL++(remove_fuzz) with a 20-second timeout...
   -> Building AFL-instrumented binary: /Dualis/scripts/../benchmarks/ClassicalHornICE_working_temp/SkipList1/remove_fuzz
   -> AFL++(remove_fuzz) finished its fuzzing session.
   -> Checking fuzzing outputs for counterexamples...
Checking crashes
   -> Found 10 crash reports. Testing reproducibility...
   -> CRASH REPRODUCED with id:000002,sig:06,src:000000,time:3359,execs:117,op:havoc,rep:1
   -> CRASH REPRODUCED with id:000007,sig:06,src:000000,time:10416,execs:228,op:havoc,rep:1
   -> CRASH REPRODUCED with id:000004,sig:06,src:000000,time:5734,execs:129,op:havoc,rep:2
   -> CRASH REPRODUCED with id:000006,sig:06,src:000000,time:9243,execs:219,op:havoc,rep:2
   -> CRASH REPRODUCED with id:000000,sig:06,src:000000,time:1040,execs:110,op:havoc,rep:1
   -> CRASH REPRODUCED with id:000005,sig:06,src:000000,time:6896,execs:174,op:havoc,rep:2
   -> CRASH REPRODUCED with id:000008,sig:06,src:000000,time:15243,execs:289,op:havoc,rep:1
   -> CRASH REPRODUCED with id:000001,sig:06,src:000000,time:2236,execs:113,op:havoc,rep:2
   -> CRASH REPRODUCED with id:000009,sig:06,src:000000,time:19833,execs:724,op:havoc,rep:2
   -> CRASH REPRODUCED with id:000003,sig:06,src:000000,time:4557,execs:128,op:havoc,rep:2
Checking queue
   -> Found 10 crash reports. Testing reproducibility...
Checking hangs
   -> Converting counterexamples for 'remove'...
      -> Found and validated 8 new rules.
   -> Updating CHC file with new counterexamples...

=============== Artifacts This Iteration ===============

--- Generated Specs ---
  inv1: (true)
  insert: (false)
  remove: (false)

--- New Test Cases Found ---

--- Updated CHCs (for next iteration) ---
(declare-var N Int)
(declare-var i Int)
(declare-var i1 Int)
(declare-var min Int)
(declare-var min1 Int)
(declare-var max Int)
(declare-var max1 Int)
(declare-var isPresent Int)
(declare-var isPresent1 Int)
(declare-var len Int)
(declare-var len1 Int)
(declare-var ret1 Int)
(declare-var k Int)
(declare-var v Int)
(declare-rel insert (Int Int Int Int Int Int Int Int Int))
(declare-rel remove (Int Int Int Int Int Int Int Int))
(declare-rel inv1 (Int Int Int Int Int Int))
(declare-rel fail ())
(define-fun is_valid ((x Int)) Bool (or (= x 1) (= x 0)))
(define-fun MIN () Int -129)
(define-fun MAX () Int 128)

(rule (=> (and (= v -32) (= isPresent 0) (= min 128) (= max -129) (= len 0) (= isPresent1 1) (= min1 -32) (= max1 -32) (= len1 1)) (insert v isPresent min max len isPresent1 min1 max1 len1)))
(rule (=> (and (= v 1) (= isPresent 1) (= min -1) (= max 1) (= len 2) (= isPresent1 1) (= min1 -1) (= max1 1) (= len1 2)) (insert v isPresent min max len isPresent1 min1 max1 len1)))
(rule (=> (and (= v 0) (= isPresent 0) (= min 128) (= max -129) (= len 0) (= isPresent1 1) (= min1 0) (= max1 0) (= len1 1)) (insert v isPresent min max len isPresent1 min1 max1 len1)))
(rule (=> (and (= v 105) (= isPresent 1) (= min 105) (= max 105) (= len 1) (= isPresent1 1) (= min1 105) (= max1 105) (= len1 1)) (insert v isPresent min max len isPresent1 min1 max1 len1)))
(rule (=> (and (= v 19) (= isPresent 0) (= min -1) (= max 18) (= len 2) (= isPresent1 1) (= min1 -1) (= max1 19) (= len1 3)) (insert v isPresent min max len isPresent1 min1 max1 len1)))
(rule (=> (and (= v 3) (= isPresent 0) (= min 128) (= max -129) (= len 0) (= isPresent1 1) (= min1 3) (= max1 3) (= len1 1)) (insert v isPresent min max len isPresent1 min1 max1 len1)))
(rule (=> (and (= v -1) (= isPresent 0) (= min 17) (= max 49) (= len 2) (= isPresent1 1) (= min1 -1) (= max1 49) (= len1 3)) (insert v isPresent min max len isPresent1 min1 max1 len1)))
(rule (=> (and (= v 1) (= isPresent 0) (= min 128) (= max -129) (= len 0) (= isPresent1 1) (= min1 1) (= max1 1) (= len1 1)) (insert v isPresent min max len isPresent1 min1 max1 len1)))
(rule (=> (and (= v -1) (= isPresent 0) (= min 49) (= max 49) (= len 1) (= isPresent1 1) (= min1 -1) (= max1 49) (= len1 2)) (insert v isPresent min max len isPresent1 min1 max1 len1)))
(rule (=> (and (= k 1) (= min 128) (= max -129) (= len 0) (= min1 128) (= max1 -129) (= len1 0) (= ret1 -129)) (remove k min max len min1 max1 len1 ret1)))
(rule (=> (and (= k 119) (= min -1) (= max 119) (= len 2) (= min1 -1) (= max1 -1) (= len1 1) (= ret1 119)) (remove k min max len min1 max1 len1 ret1)))
(rule (=> (and (= k 1) (= min 1) (= max 1) (= len 1) (= min1 128) (= max1 -129) (= len1 0) (= ret1 1)) (remove k min max len min1 max1 len1 ret1)))
(rule (=> (and (= k 1) (= min -1) (= max -1) (= len 1) (= min1 -1) (= max1 -1) (= len1 1) (= ret1 -129)) (remove k min max len min1 max1 len1 ret1)))
(rule (=> (and (= k 32) (= min -1) (= max -1) (= len 1) (= min1 -1) (= max1 -1) (= len1 1) (= ret1 -129)) (remove k min max len min1 max1 len1 ret1)))
(rule (=> (and (= k -44) (= min -44) (= max -1) (= len 2) (= min1 -1) (= max1 -1) (= len1 1) (= ret1 -44)) (remove k min max len min1 max1 len1 ret1)))
(rule (=> (and (= k -1) (= min 1) (= max 1) (= len 1) (= min1 1) (= max1 1) (= len1 1) (= ret1 -129)) (remove k min max len min1 max1 len1 ret1)))
(rule (=> (and (= k 1) (= min -64) (= max -1) (= len 3) (= min1 -64) (= max1 -1) (= len1 3) (= ret1 -129)) (remove k min max len min1 max1 len1 ret1)))

(rule (=> (and (> N 0) (= min MAX) (= max MIN) (= len 0) (= isPresent 0) (= i 0)) (inv1 i N isPresent min max len)))
(rule (=> (and (inv1 i N isPresent min max len) (is_valid isPresent) (< i N) (= i v) (insert v isPresent min max len isPresent1 min1 max1 len1) (= i1 (+ i 1))) (inv1 i1 N isPresent1 min1 max1 len1)))
(rule (=> (and (inv1 i N isPresent min max len) (is_valid isPresent) (not (< i N)) (<= 0 k) (< k N) (remove k min max len min1 max1 len1 ret1) (not (= len1 (- len 1)))) fail))

(query fail :print-certificate true)
==============================================================
   -> Checking if specs have changed...
      -> CHC files are different. Continuing iteration.

==================== Iteration: 2 ====================
TIMEOUT : 40
   -> Parsing CHC file: /Dualis/scripts/../benchmarks/ClassicalHornICE_working_temp/SkipList1/SkipList1.smt2
   -> Starting HornICE with a 1000-second timeout...
      -> Logging HornICE output to iter_2.log
   -> ERROR: HornICE timed out. Terminating.

==================== Finalizing Pipeline ====================

====================== Pipeline Finished =====================
Total External Iterations: 2
Total Unique Test Cases Found: 17
Total Internal Iterations: 3
  - Min: 3
  - Max: 3
  - Avg: 3.00
pipeline.run() took 0.5314 seconds.
Running command: /usr/bin/python3 chcverifynfuzz.py ClassicalHornICE SkipList1
PID: 607030
========================================

