
========================================
         Starting Pipeline for: SkipList5 (Mode: ClassicalHornICE)
========================================
Initializing pipeline for benchmark: 'SkipList5'
   -> Loading and validating attributes from: /Dualis/scripts/../benchmarks/Classical/SkipList5/Attributes.txt
      -> Validation successful. Attribute file is consistent.

==================== Iteration: 1 ====================
TIMEOUT : 20
   -> Parsing CHC file: /Dualis/scripts/../benchmarks/ClassicalHornICE_working_temp/SkipList5/SkipList5.smt2
   -> Starting HornICE with a 1000-second timeout...
      -> Logging HornICE output to iter_1.log
   -> HornICE completed successfully.
   -> Analyzing HornICE log file: iter_1.log
      -> Found 3 internal iterations.
   -> Writing new specs to harness: insert_fuzz.cpp...
      -> Successfully created working copy '/Dualis/scripts/../benchmarks/ClassicalHornICE_working_temp/SkipList5/insert_fuzz.cpp'.
   -> Starting AFL++(insert_fuzz) with a 20-second timeout...
   -> Building AFL-instrumented binary: /Dualis/scripts/../benchmarks/ClassicalHornICE_working_temp/SkipList5/insert_fuzz
   -> AFL++(insert_fuzz) finished its fuzzing session.
   -> Checking fuzzing outputs for counterexamples...
Checking crashes
   -> Found 12 crash reports. Testing reproducibility...
   -> CRASH REPRODUCED with id:000005,sig:06,src:000003,time:986,execs:137,op:havoc,rep:8
   -> CRASH REPRODUCED with id:000003,sig:06,src:000003,time:650,execs:131,op:havoc,rep:8
   -> CRASH REPRODUCED with id:000011,sig:06,src:000003,time:4313,execs:284,op:havoc,rep:3
   -> CRASH REPRODUCED with id:000008,sig:06,src:000003,time:2394,execs:196,op:havoc,rep:7
   -> CRASH REPRODUCED with id:000009,sig:06,src:000003,time:2586,execs:203,op:havoc,rep:7
   -> CRASH REPRODUCED with id:000007,sig:06,src:000003,time:1518,execs:164,op:havoc,rep:8
   -> CRASH REPRODUCED with id:000001,sig:06,src:000003,time:349,execs:101,op:havoc,rep:8
   -> CRASH REPRODUCED with id:000004,sig:06,src:000003,time:847,execs:134,op:havoc,rep:8
   -> CRASH REPRODUCED with id:000000,sig:06,src:000003,time:174,execs:100,op:havoc,rep:5
   -> CRASH REPRODUCED with id:000006,sig:06,src:000003,time:1137,execs:148,op:havoc,rep:8
   -> CRASH REPRODUCED with id:000010,sig:06,src:000003,time:3471,execs:244,op:havoc,rep:5
   -> CRASH REPRODUCED with id:000002,sig:06,src:000003,time:514,execs:127,op:havoc,rep:6
Checking queue
   -> Found 12 crash reports. Testing reproducibility...
Checking hangs
   -> Converting counterexamples for 'insert'...
      -> Found and validated 11 new rules.
   -> Writing new specs to harness: lower_bound_fuzz.cpp...
      -> Successfully created working copy '/Dualis/scripts/../benchmarks/ClassicalHornICE_working_temp/SkipList5/lower_bound_fuzz.cpp'.
   -> Starting AFL++(lower_bound_fuzz) with a 20-second timeout...
   -> Building AFL-instrumented binary: /Dualis/scripts/../benchmarks/ClassicalHornICE_working_temp/SkipList5/lower_bound_fuzz
   -> AFL++(lower_bound_fuzz) finished its fuzzing session.
   -> Checking fuzzing outputs for counterexamples...
Checking crashes
   -> Found 9 crash reports. Testing reproducibility...
   -> CRASH REPRODUCED with id:000008,sig:06,src:000003,time:15349,execs:957,op:havoc,rep:2
   -> CRASH REPRODUCED with id:000007,sig:06,src:000003,time:2380,execs:149,op:havoc,rep:8
   -> CRASH REPRODUCED with id:000002,sig:06,src:000003,time:526,execs:112,op:havoc,rep:13
   -> CRASH REPRODUCED with id:000001,sig:06,src:000003,time:376,execs:105,op:havoc,rep:15
   -> CRASH REPRODUCED with id:000004,sig:06,src:000003,time:984,execs:121,op:havoc,rep:9
   -> CRASH REPRODUCED with id:000003,sig:06,src:000003,time:694,execs:114,op:havoc,rep:9
   -> CRASH REPRODUCED with id:000005,sig:06,src:000003,time:1157,execs:125,op:havoc,rep:5
   -> CRASH REPRODUCED with id:000000,sig:06,src:000003,time:172,execs:103,op:havoc,rep:12
   -> CRASH REPRODUCED with id:000006,sig:06,src:000003,time:2004,execs:143,op:havoc,rep:10
Checking queue
   -> Found 12 crash reports. Testing reproducibility...
Checking hangs
   -> Converting counterexamples for 'lower_bound'...
      -> Found and validated 9 new rules.
   -> Updating CHC file with new counterexamples...

=============== Artifacts This Iteration ===============

--- Generated Specs ---
  inv1: (true)
  insert: (false)
  lower_bound: (false)

--- New Test Cases Found ---

--- Updated CHCs (for next iteration) ---
(declare-var N Int)
(declare-var i Int)
(declare-var i1 Int)
(declare-var min Int)
(declare-var min1 Int)
(declare-var max Int)
(declare-var max1 Int)
(declare-var isPresent Int)
(declare-var isPresent1 Int)
(declare-var len Int)
(declare-var len1 Int)
(declare-var v Int)
(declare-var k Int)
(declare-var lb_ret1 Int)
(declare-rel insert (Int Int Int Int Int Int Int Int Int))
(declare-rel lower_bound (Int Int Int Int))
(declare-rel inv1 (Int Int Int Int Int Int))
(declare-rel fail ())
(define-fun is_valid ((x Int)) Bool (or (= x 1) (= x 0)))
(define-fun MAX () Int 128)
(define-fun MIN () Int -129)

(rule (=> (and (= v -24) (= isPresent 0) (= min 128) (= max -129) (= len 0) (= isPresent1 0) (= min1 -24) (= max1 -24) (= len1 1)) (insert v isPresent min max len isPresent1 min1 max1 len1)))
(rule (=> (and (= v 11) (= isPresent 0) (= min -1) (= max 0) (= len 2) (= isPresent1 0) (= min1 -1) (= max1 11) (= len1 3)) (insert v isPresent min max len isPresent1 min1 max1 len1)))
(rule (=> (and (= v 1) (= isPresent 1) (= min 1) (= max 1) (= len 1) (= isPresent1 1) (= min1 1) (= max1 1) (= len1 1)) (insert v isPresent min max len isPresent1 min1 max1 len1)))
(rule (=> (and (= v 100) (= isPresent 0) (= min 128) (= max -129) (= len 0) (= isPresent1 0) (= min1 100) (= max1 100) (= len1 1)) (insert v isPresent min max len isPresent1 min1 max1 len1)))
(rule (=> (and (= v 0) (= isPresent 0) (= min 128) (= max -129) (= len 0) (= isPresent1 0) (= min1 0) (= max1 0) (= len1 1)) (insert v isPresent min max len isPresent1 min1 max1 len1)))
(rule (=> (and (= v 1) (= isPresent 0) (= min -28) (= max -28) (= len 1) (= isPresent1 1) (= min1 -28) (= max1 1) (= len1 2)) (insert v isPresent min max len isPresent1 min1 max1 len1)))
(rule (=> (and (= v -29) (= isPresent 0) (= min -1) (= max -1) (= len 1) (= isPresent1 0) (= min1 -29) (= max1 -1) (= len1 2)) (insert v isPresent min max len isPresent1 min1 max1 len1)))
(rule (=> (and (= v 9) (= isPresent 0) (= min 9) (= max 9) (= len 1) (= isPresent1 0) (= min1 9) (= max1 9) (= len1 1)) (insert v isPresent min max len isPresent1 min1 max1 len1)))
(rule (=> (and (= v 3) (= isPresent 0) (= min -1) (= max 35) (= len 2) (= isPresent1 0) (= min1 -1) (= max1 35) (= len1 3)) (insert v isPresent min max len isPresent1 min1 max1 len1)))
(rule (=> (and (= v 1) (= isPresent 0) (= min 4) (= max 4) (= len 1) (= isPresent1 1) (= min1 1) (= max1 4) (= len1 2)) (insert v isPresent min max len isPresent1 min1 max1 len1)))
(rule (=> (and (= v -11) (= isPresent 0) (= min -33) (= max 0) (= len 4) (= isPresent1 0) (= min1 -33) (= max1 0) (= len1 4)) (insert v isPresent min max len isPresent1 min1 max1 len1)))
(rule (=> (and (= k 1) (= min 1) (= max 33) (= lb_ret1 1)) (lower_bound k min max lb_ret1)))
(rule (=> (and (= k -54) (= min 1) (= max 1) (= lb_ret1 1)) (lower_bound k min max lb_ret1)))
(rule (=> (and (= k -43) (= min -30) (= max -30) (= lb_ret1 -30)) (lower_bound k min max lb_ret1)))
(rule (=> (and (= k 0) (= min 128) (= max -129) (= lb_ret1 128)) (lower_bound k min max lb_ret1)))
(rule (=> (and (= k -22) (= min 128) (= max -129) (= lb_ret1 128)) (lower_bound k min max lb_ret1)))
(rule (=> (and (= k -1) (= min -1) (= max 3) (= lb_ret1 -1)) (lower_bound k min max lb_ret1)))
(rule (=> (and (= k -120) (= min 128) (= max -129) (= lb_ret1 128)) (lower_bound k min max lb_ret1)))
(rule (=> (and (= k 1) (= min 1) (= max 1) (= lb_ret1 1)) (lower_bound k min max lb_ret1)))
(rule (=> (and (= k 1) (= min -10) (= max 32) (= lb_ret1 1)) (lower_bound k min max lb_ret1)))

(rule (=> (and (> N 0) (= min MAX) (= max MIN) (= len 0) (= isPresent 0) (= i 0)) (inv1 i N isPresent min max len)))
(rule (=> (and (inv1 i N isPresent min max len) (is_valid isPresent) (< i N) (= v 1) (insert v isPresent min max len isPresent1 min1 max1 len1) (= i1 (+ i 1))) (inv1 i1 N isPresent1 min1 max1 len1)))
(rule (=> (and (inv1 i N isPresent min max len) (is_valid isPresent) (not (< i N)) (= k min)(lower_bound k min max lb_ret1) (not (= lb_ret1 min))) fail))

(query fail :print-certificate true)
==============================================================
   -> Checking if specs have changed...
      -> CHC files are different. Continuing iteration.

==================== Iteration: 2 ====================
TIMEOUT : 40
   -> Parsing CHC file: /Dualis/scripts/../benchmarks/ClassicalHornICE_working_temp/SkipList5/SkipList5.smt2
   -> Starting HornICE with a 1000-second timeout...
      -> Logging HornICE output to iter_2.log
   -> HornICE completed successfully.
   -> Analyzing HornICE log file: iter_2.log
      -> Found 10 internal iterations.
   -> Writing new specs to harness: insert_fuzz.cpp...
      -> Successfully created working copy '/Dualis/scripts/../benchmarks/ClassicalHornICE_working_temp/SkipList5/insert_fuzz.cpp'.
   -> Starting AFL++(insert_fuzz) with a 40-second timeout...
   -> Building AFL-instrumented binary: /Dualis/scripts/../benchmarks/ClassicalHornICE_working_temp/SkipList5/insert_fuzz
   -> AFL++(insert_fuzz) finished its fuzzing session.
   -> Checking fuzzing outputs for counterexamples...
Checking crashes
Checking queue
   -> Found 155 crash reports. Testing reproducibility...
Checking hangs
   -> Converting counterexamples for 'insert'...
   -> Writing new specs to harness: lower_bound_fuzz.cpp...
      -> Successfully created working copy '/Dualis/scripts/../benchmarks/ClassicalHornICE_working_temp/SkipList5/lower_bound_fuzz.cpp'.
   -> Starting AFL++(lower_bound_fuzz) with a 40-second timeout...
   -> Building AFL-instrumented binary: /Dualis/scripts/../benchmarks/ClassicalHornICE_working_temp/SkipList5/lower_bound_fuzz
   -> AFL++(lower_bound_fuzz) finished its fuzzing session.
   -> Checking fuzzing outputs for counterexamples...
Checking crashes
Checking queue
   -> Found 145 crash reports. Testing reproducibility...
Checking hangs
   -> Converting counterexamples for 'lower_bound'...
   -> Updating CHC file with new counterexamples...

=============== Artifacts This Iteration ===============

--- Generated Specs ---
  insert: (true)
  lower_bound: ((((k - min) > 0) && ((min - lb_ret1) <= (-1))) || (((min - lb_ret1) <= 0) && ((min - lb_ret1) > (-1))))
  inv1: (true)

--- New Test Cases Found ---

--- Updated CHCs (for next iteration) ---
(declare-var N Int)
(declare-var i Int)
(declare-var i1 Int)
(declare-var min Int)
(declare-var min1 Int)
(declare-var max Int)
(declare-var max1 Int)
(declare-var isPresent Int)
(declare-var isPresent1 Int)
(declare-var len Int)
(declare-var len1 Int)
(declare-var v Int)
(declare-var k Int)
(declare-var lb_ret1 Int)
(declare-rel insert (Int Int Int Int Int Int Int Int Int))
(declare-rel lower_bound (Int Int Int Int))
(declare-rel inv1 (Int Int Int Int Int Int))
(declare-rel fail ())
(define-fun is_valid ((x Int)) Bool (or (= x 1) (= x 0)))
(define-fun MAX () Int 128)
(define-fun MIN () Int -129)


(rule (=> (and (= v -24) (= isPresent 0) (= min 128) (= max -129) (= len 0) (= isPresent1 0) (= min1 -24) (= max1 -24) (= len1 1)) (insert v isPresent min max len isPresent1 min1 max1 len1)))
(rule (=> (and (= v 11) (= isPresent 0) (= min -1) (= max 0) (= len 2) (= isPresent1 0) (= min1 -1) (= max1 11) (= len1 3)) (insert v isPresent min max len isPresent1 min1 max1 len1)))
(rule (=> (and (= v 1) (= isPresent 1) (= min 1) (= max 1) (= len 1) (= isPresent1 1) (= min1 1) (= max1 1) (= len1 1)) (insert v isPresent min max len isPresent1 min1 max1 len1)))
(rule (=> (and (= v 100) (= isPresent 0) (= min 128) (= max -129) (= len 0) (= isPresent1 0) (= min1 100) (= max1 100) (= len1 1)) (insert v isPresent min max len isPresent1 min1 max1 len1)))
(rule (=> (and (= v 0) (= isPresent 0) (= min 128) (= max -129) (= len 0) (= isPresent1 0) (= min1 0) (= max1 0) (= len1 1)) (insert v isPresent min max len isPresent1 min1 max1 len1)))
(rule (=> (and (= v 1) (= isPresent 0) (= min -28) (= max -28) (= len 1) (= isPresent1 1) (= min1 -28) (= max1 1) (= len1 2)) (insert v isPresent min max len isPresent1 min1 max1 len1)))
(rule (=> (and (= v -29) (= isPresent 0) (= min -1) (= max -1) (= len 1) (= isPresent1 0) (= min1 -29) (= max1 -1) (= len1 2)) (insert v isPresent min max len isPresent1 min1 max1 len1)))
(rule (=> (and (= v 9) (= isPresent 0) (= min 9) (= max 9) (= len 1) (= isPresent1 0) (= min1 9) (= max1 9) (= len1 1)) (insert v isPresent min max len isPresent1 min1 max1 len1)))
(rule (=> (and (= v 3) (= isPresent 0) (= min -1) (= max 35) (= len 2) (= isPresent1 0) (= min1 -1) (= max1 35) (= len1 3)) (insert v isPresent min max len isPresent1 min1 max1 len1)))
(rule (=> (and (= v 1) (= isPresent 0) (= min 4) (= max 4) (= len 1) (= isPresent1 1) (= min1 1) (= max1 4) (= len1 2)) (insert v isPresent min max len isPresent1 min1 max1 len1)))
(rule (=> (and (= v -11) (= isPresent 0) (= min -33) (= max 0) (= len 4) (= isPresent1 0) (= min1 -33) (= max1 0) (= len1 4)) (insert v isPresent min max len isPresent1 min1 max1 len1)))
(rule (=> (and (= k 1) (= min 1) (= max 33) (= lb_ret1 1)) (lower_bound k min max lb_ret1)))
(rule (=> (and (= k -54) (= min 1) (= max 1) (= lb_ret1 1)) (lower_bound k min max lb_ret1)))
(rule (=> (and (= k -43) (= min -30) (= max -30) (= lb_ret1 -30)) (lower_bound k min max lb_ret1)))
(rule (=> (and (= k 0) (= min 128) (= max -129) (= lb_ret1 128)) (lower_bound k min max lb_ret1)))
(rule (=> (and (= k -22) (= min 128) (= max -129) (= lb_ret1 128)) (lower_bound k min max lb_ret1)))
(rule (=> (and (= k -1) (= min -1) (= max 3) (= lb_ret1 -1)) (lower_bound k min max lb_ret1)))
(rule (=> (and (= k -120) (= min 128) (= max -129) (= lb_ret1 128)) (lower_bound k min max lb_ret1)))
(rule (=> (and (= k 1) (= min 1) (= max 1) (= lb_ret1 1)) (lower_bound k min max lb_ret1)))
(rule (=> (and (= k 1) (= min -10) (= max 32) (= lb_ret1 1)) (lower_bound k min max lb_ret1)))
(rule (=> (and (> N 0) (= min MAX) (= max MIN) (= len 0) (= isPresent 0) (= i 0)) (inv1 i N isPresent min max len)))
(rule (=> (and (inv1 i N isPresent min max len) (is_valid isPresent) (< i N) (= v 1) (insert v isPresent min max len isPresent1 min1 max1 len1) (= i1 (+ i 1))) (inv1 i1 N isPresent1 min1 max1 len1)))
(rule (=> (and (inv1 i N isPresent min max len) (is_valid isPresent) (not (< i N)) (= k min)(lower_bound k min max lb_ret1) (not (= lb_ret1 min))) fail))

(query fail :print-certificate true)
==============================================================
   -> Checking if specs have changed...
      -> CHC files are different. Continuing iteration.

==================== Iteration: 3 ====================
TIMEOUT : 60
   -> Parsing CHC file: /Dualis/scripts/../benchmarks/ClassicalHornICE_working_temp/SkipList5/SkipList5.smt2
   -> Starting HornICE with a 1000-second timeout...
      -> Logging HornICE output to iter_3.log
   -> HornICE completed successfully.
   -> Analyzing HornICE log file: iter_3.log
      -> Found 10 internal iterations.
   -> Writing new specs to harness: insert_fuzz.cpp...
      -> Successfully created working copy '/Dualis/scripts/../benchmarks/ClassicalHornICE_working_temp/SkipList5/insert_fuzz.cpp'.
   -> Starting AFL++(insert_fuzz) with a 60-second timeout...
   -> Building AFL-instrumented binary: /Dualis/scripts/../benchmarks/ClassicalHornICE_working_temp/SkipList5/insert_fuzz
   -> AFL++(insert_fuzz) finished its fuzzing session.
   -> Checking fuzzing outputs for counterexamples...
Checking crashes
Checking queue
   -> Found 166 crash reports. Testing reproducibility...
Checking hangs
   -> Converting counterexamples for 'insert'...
   -> Writing new specs to harness: lower_bound_fuzz.cpp...
      -> Successfully created working copy '/Dualis/scripts/../benchmarks/ClassicalHornICE_working_temp/SkipList5/lower_bound_fuzz.cpp'.
   -> Starting AFL++(lower_bound_fuzz) with a 60-second timeout...
   -> Building AFL-instrumented binary: /Dualis/scripts/../benchmarks/ClassicalHornICE_working_temp/SkipList5/lower_bound_fuzz
   -> AFL++(lower_bound_fuzz) finished its fuzzing session.
   -> Checking fuzzing outputs for counterexamples...
Checking crashes
Checking queue
   -> Found 153 crash reports. Testing reproducibility...
Checking hangs
   -> Converting counterexamples for 'lower_bound'...
   -> Updating CHC file with new counterexamples...

=============== Artifacts This Iteration ===============

--- Generated Specs ---
  insert: (true)
  lower_bound: ((((k - min) > 0) && ((min - lb_ret1) <= (-1))) || (((min - lb_ret1) <= 0) && ((min - lb_ret1) > (-1))))
  inv1: (true)

--- New Test Cases Found ---

--- Updated CHCs (for next iteration) ---
(declare-var N Int)
(declare-var i Int)
(declare-var i1 Int)
(declare-var min Int)
(declare-var min1 Int)
(declare-var max Int)
(declare-var max1 Int)
(declare-var isPresent Int)
(declare-var isPresent1 Int)
(declare-var len Int)
(declare-var len1 Int)
(declare-var v Int)
(declare-var k Int)
(declare-var lb_ret1 Int)
(declare-rel insert (Int Int Int Int Int Int Int Int Int))
(declare-rel lower_bound (Int Int Int Int))
(declare-rel inv1 (Int Int Int Int Int Int))
(declare-rel fail ())
(define-fun is_valid ((x Int)) Bool (or (= x 1) (= x 0)))
(define-fun MAX () Int 128)
(define-fun MIN () Int -129)


(rule (=> (and (= v -24) (= isPresent 0) (= min 128) (= max -129) (= len 0) (= isPresent1 0) (= min1 -24) (= max1 -24) (= len1 1)) (insert v isPresent min max len isPresent1 min1 max1 len1)))
(rule (=> (and (= v 11) (= isPresent 0) (= min -1) (= max 0) (= len 2) (= isPresent1 0) (= min1 -1) (= max1 11) (= len1 3)) (insert v isPresent min max len isPresent1 min1 max1 len1)))
(rule (=> (and (= v 1) (= isPresent 1) (= min 1) (= max 1) (= len 1) (= isPresent1 1) (= min1 1) (= max1 1) (= len1 1)) (insert v isPresent min max len isPresent1 min1 max1 len1)))
(rule (=> (and (= v 100) (= isPresent 0) (= min 128) (= max -129) (= len 0) (= isPresent1 0) (= min1 100) (= max1 100) (= len1 1)) (insert v isPresent min max len isPresent1 min1 max1 len1)))
(rule (=> (and (= v 0) (= isPresent 0) (= min 128) (= max -129) (= len 0) (= isPresent1 0) (= min1 0) (= max1 0) (= len1 1)) (insert v isPresent min max len isPresent1 min1 max1 len1)))
(rule (=> (and (= v 1) (= isPresent 0) (= min -28) (= max -28) (= len 1) (= isPresent1 1) (= min1 -28) (= max1 1) (= len1 2)) (insert v isPresent min max len isPresent1 min1 max1 len1)))
(rule (=> (and (= v -29) (= isPresent 0) (= min -1) (= max -1) (= len 1) (= isPresent1 0) (= min1 -29) (= max1 -1) (= len1 2)) (insert v isPresent min max len isPresent1 min1 max1 len1)))
(rule (=> (and (= v 9) (= isPresent 0) (= min 9) (= max 9) (= len 1) (= isPresent1 0) (= min1 9) (= max1 9) (= len1 1)) (insert v isPresent min max len isPresent1 min1 max1 len1)))
(rule (=> (and (= v 3) (= isPresent 0) (= min -1) (= max 35) (= len 2) (= isPresent1 0) (= min1 -1) (= max1 35) (= len1 3)) (insert v isPresent min max len isPresent1 min1 max1 len1)))
(rule (=> (and (= v 1) (= isPresent 0) (= min 4) (= max 4) (= len 1) (= isPresent1 1) (= min1 1) (= max1 4) (= len1 2)) (insert v isPresent min max len isPresent1 min1 max1 len1)))
(rule (=> (and (= v -11) (= isPresent 0) (= min -33) (= max 0) (= len 4) (= isPresent1 0) (= min1 -33) (= max1 0) (= len1 4)) (insert v isPresent min max len isPresent1 min1 max1 len1)))
(rule (=> (and (= k 1) (= min 1) (= max 33) (= lb_ret1 1)) (lower_bound k min max lb_ret1)))
(rule (=> (and (= k -54) (= min 1) (= max 1) (= lb_ret1 1)) (lower_bound k min max lb_ret1)))
(rule (=> (and (= k -43) (= min -30) (= max -30) (= lb_ret1 -30)) (lower_bound k min max lb_ret1)))
(rule (=> (and (= k 0) (= min 128) (= max -129) (= lb_ret1 128)) (lower_bound k min max lb_ret1)))
(rule (=> (and (= k -22) (= min 128) (= max -129) (= lb_ret1 128)) (lower_bound k min max lb_ret1)))
(rule (=> (and (= k -1) (= min -1) (= max 3) (= lb_ret1 -1)) (lower_bound k min max lb_ret1)))
(rule (=> (and (= k -120) (= min 128) (= max -129) (= lb_ret1 128)) (lower_bound k min max lb_ret1)))
(rule (=> (and (= k 1) (= min 1) (= max 1) (= lb_ret1 1)) (lower_bound k min max lb_ret1)))
(rule (=> (and (= k 1) (= min -10) (= max 32) (= lb_ret1 1)) (lower_bound k min max lb_ret1)))
(rule (=> (and (> N 0) (= min MAX) (= max MIN) (= len 0) (= isPresent 0) (= i 0)) (inv1 i N isPresent min max len)))
(rule (=> (and (inv1 i N isPresent min max len) (is_valid isPresent) (< i N) (= v 1) (insert v isPresent min max len isPresent1 min1 max1 len1) (= i1 (+ i 1))) (inv1 i1 N isPresent1 min1 max1 len1)))
(rule (=> (and (inv1 i N isPresent min max len) (is_valid isPresent) (not (< i N)) (= k min)(lower_bound k min max lb_ret1) (not (= lb_ret1 min))) fail))

(query fail :print-certificate true)
==============================================================
   -> Checking if specs have changed...
      -> CHC files are identical. Pipeline has converged.
   -> 15-minute deep fuzzing converged. Pipeline complete.

==================== Finalizing Pipeline ====================

====================== Pipeline Finished =====================
Total External Iterations: 3
Total Unique Test Cases Found: 20
Total Internal Iterations: 23
  - Min: 3
  - Max: 10
  - Avg: 7.67
pipeline.run() took 0.2056 seconds.
Running command: /usr/bin/python3 chcverifynfuzz.py ClassicalHornICE SkipList5
PID: 607032
========================================

