
========================================
         Starting Pipeline for: Stack (Mode: ClassicalHornICE)
========================================
Initializing pipeline for benchmark: 'Stack'
   -> Loading and validating attributes from: /Dualis/scripts/../benchmarks/Classical/Stack/Attributes.txt
      -> Validation successful. Attribute file is consistent.

==================== Iteration: 1 ====================
TIMEOUT : 20
   -> Parsing CHC file: /Dualis/scripts/../benchmarks/ClassicalHornICE_working_temp/Stack/Stack.smt2
   -> Starting HornICE with a 1000-second timeout...
      -> Logging HornICE output to iter_1.log
   -> HornICE completed successfully.
   -> Analyzing HornICE log file: iter_1.log
      -> Found 8 internal iterations.
   -> Writing new specs to harness: pu_fuzz.cpp...
      -> Successfully created working copy '/Dualis/scripts/../benchmarks/ClassicalHornICE_working_temp/Stack/pu_fuzz.cpp'.
   -> Starting AFL++(pu_fuzz) with a 20-second timeout...
   -> Building AFL-instrumented binary: /Dualis/scripts/../benchmarks/ClassicalHornICE_working_temp/Stack/pu_fuzz
   -> AFL++(pu_fuzz) finished its fuzzing session.
   -> Checking fuzzing outputs for counterexamples...
Checking crashes
   -> Found 4 crash reports. Testing reproducibility...
   -> CRASH REPRODUCED with id:000000,sig:06,src:000000,time:191,execs:31,op:havoc,rep:2
   -> CRASH REPRODUCED with id:000001,sig:06,src:000000,time:390,execs:39,op:havoc,rep:2
   -> CRASH REPRODUCED with id:000002,sig:06,src:000000,time:562,execs:42,op:havoc,rep:1
   -> CRASH REPRODUCED with id:000003,sig:06,src:000000,time:1115,execs:62,op:havoc,rep:2
Checking queue
   -> Found 4 crash reports. Testing reproducibility...
   -> CRASH REPRODUCED with id:000001,time:0,execs:0,orig:2push
Checking hangs
   -> Converting counterexamples for 'pu'...
      -> Found and validated 5 new rules.
   -> Writing new specs to harness: po_fuzz.cpp...
      -> Successfully created working copy '/Dualis/scripts/../benchmarks/ClassicalHornICE_working_temp/Stack/po_fuzz.cpp'.
   -> Starting AFL++(po_fuzz) with a 20-second timeout...
   -> Building AFL-instrumented binary: /Dualis/scripts/../benchmarks/ClassicalHornICE_working_temp/Stack/po_fuzz
   -> AFL++(po_fuzz) finished its fuzzing session.
   -> Checking fuzzing outputs for counterexamples...
Checking crashes
   -> Found 6 crash reports. Testing reproducibility...
   -> CRASH REPRODUCED with id:000005,sig:06,src:000000,time:1406,execs:46,op:havoc,rep:4
   -> CRASH REPRODUCED with id:000002,sig:06,src:000000,time:574,execs:41,op:havoc,rep:9
   -> CRASH REPRODUCED with id:000004,sig:06,src:000000,time:1195,execs:45,op:havoc,rep:10
   -> CRASH REPRODUCED with id:000000,sig:06,src:000000,time:202,execs:29,op:havoc,rep:15
   -> CRASH REPRODUCED with id:000001,sig:06,src:000000,time:394,execs:30,op:havoc,rep:6
   -> CRASH REPRODUCED with id:000003,sig:06,src:000000,time:936,execs:44,op:havoc,rep:15
Checking queue
   -> Found 4 crash reports. Testing reproducibility...
   -> CRASH REPRODUCED with id:000001,time:0,execs:0,orig:2push
Checking hangs
   -> Converting counterexamples for 'po'...
      -> Found and validated 5 new rules.
   -> Updating CHC file with new counterexamples...

=============== Artifacts This Iteration ===============

--- Generated Specs ---
  inv1: ((c - N) <= (-1))
  pu: (false)
  inv2: (false)
  po: (false)

--- New Test Cases Found ---

--- Updated CHCs (for next iteration) ---
(declare-var N Int)
(declare-var c Int)
(declare-var c1 Int)
(declare-var d Int)
(declare-var d1 Int)
(declare-var sl Int)
(declare-var sl1 Int)
(declare-rel pu (Int Int Int))
(declare-rel po (Int Int))
(declare-rel inv1 (Int Int Int Int))
(declare-rel inv2 (Int Int Int))
(declare-rel fail ())

(rule (=> (and (= N 0) (= sl 14) (= sl1 15)) (pu N sl sl1)))
(rule (=> (and (= N 2) (= sl 0) (= sl1 1)) (pu N sl sl1)))
(rule (=> (and (= N -122) (= sl 0) (= sl1 1)) (pu N sl sl1)))
(rule (=> (and (= N 1) (= sl 3) (= sl1 4)) (pu N sl sl1)))
(rule (=> (and (= N 1) (= sl 2) (= sl1 3)) (pu N sl sl1)))
(rule (=> (and (= sl 0) (= sl1 0)) (po sl sl1)))
(rule (=> (and (= sl 1) (= sl1 0)) (po sl sl1)))
(rule (=> (and (= sl 8) (= sl1 7)) (po sl sl1)))
(rule (=> (and (= sl 19) (= sl1 18)) (po sl sl1)))
(rule (=> (and (= sl 2) (= sl1 1)) (po sl sl1)))

(rule (=> (and (> N 0) (= c 0) (= d 0) (= sl 0)) (inv1 c N d sl)))
(rule (=> (and (inv1 c N d sl) (< c N) (pu N sl sl1) (= c1 (+ c 1))) (inv1 c1 N d sl1)))
(rule (=> (and (inv1 c N d sl) (not (< c N))) (inv2 N d sl)))
(rule (=> (and (inv2 N d sl) (not (= sl 0)) (po sl sl1) (= d1 (+ d 1))) (inv2 N d1 sl1)))
(rule (=> (and (inv2 N d sl) (= sl 0) (not (= d N))) fail))

(query fail :print-certificate true)
==============================================================
   -> Checking if specs have changed...
      -> CHC files are different. Continuing iteration.

==================== Iteration: 2 ====================
TIMEOUT : 40
   -> Parsing CHC file: /Dualis/scripts/../benchmarks/ClassicalHornICE_working_temp/Stack/Stack.smt2
   -> Starting HornICE with a 1000-second timeout...
      -> Logging HornICE output to iter_2.log
   -> HornICE completed successfully.
   -> Analyzing HornICE log file: iter_2.log
      -> Found 35 internal iterations.
   -> Writing new specs to harness: pu_fuzz.cpp...
      -> Successfully created working copy '/Dualis/scripts/../benchmarks/ClassicalHornICE_working_temp/Stack/pu_fuzz.cpp'.
   -> Starting AFL++(pu_fuzz) with a 40-second timeout...
   -> Building AFL-instrumented binary: /Dualis/scripts/../benchmarks/ClassicalHornICE_working_temp/Stack/pu_fuzz
   -> AFL++(pu_fuzz) finished its fuzzing session.
   -> Checking fuzzing outputs for counterexamples...
Checking crashes
   -> Found 4 crash reports. Testing reproducibility...
   -> CRASH REPRODUCED with id:000002,sig:06,src:000001,time:1611,execs:135,op:havoc,rep:2
   -> CRASH REPRODUCED with id:000000,sig:06,src:000001,time:180,execs:31,op:(null),pos:0
   -> CRASH REPRODUCED with id:000001,sig:06,src:000001,time:550,execs:45,op:havoc,rep:2
   -> CRASH REPRODUCED with id:000003,sig:06,src:000001,time:1784,execs:136,op:havoc,rep:1
Checking queue
   -> Found 26 crash reports. Testing reproducibility...
   -> CRASH REPRODUCED with id:000004,src:000001,time:180,execs:32,op:(null),pos:0,+cov
Checking hangs
   -> Converting counterexamples for 'pu'...
      -> Found and validated 3 new rules.
   -> Writing new specs to harness: po_fuzz.cpp...
      -> Successfully created working copy '/Dualis/scripts/../benchmarks/ClassicalHornICE_working_temp/Stack/po_fuzz.cpp'.
   -> Starting AFL++(po_fuzz) with a 40-second timeout...
   -> Building AFL-instrumented binary: /Dualis/scripts/../benchmarks/ClassicalHornICE_working_temp/Stack/po_fuzz
   -> AFL++(po_fuzz) finished its fuzzing session.
   -> Checking fuzzing outputs for counterexamples...
Checking crashes
Checking queue
   -> Found 55 crash reports. Testing reproducibility...
   -> CRASH REPRODUCED with id:000004,src:000001,time:1,execs:31,op:(null),pos:0,+cov
Checking hangs
   -> Converting counterexamples for 'po'...
   -> Updating CHC file with new counterexamples...

=============== Artifacts This Iteration ===============

--- Generated Specs ---
  pu: (((N - sl) <= (-1)) || (((sl - sl1) <= (-1)) && ((N - sl1) > 0) && ((N - sl) > (-1))))
  po: (true)
  inv1: (((c - sl) <= 0) && ((N - sl) > 0))
  inv2: (false)

--- New Test Cases Found ---

--- Updated CHCs (for next iteration) ---
(declare-var N Int)
(declare-var c Int)
(declare-var c1 Int)
(declare-var d Int)
(declare-var d1 Int)
(declare-var sl Int)
(declare-var sl1 Int)
(declare-rel pu (Int Int Int))
(declare-rel po (Int Int))
(declare-rel inv1 (Int Int Int Int))
(declare-rel inv2 (Int Int Int))
(declare-rel fail ())

(rule (=> (and (= N 2) (= sl 1) (= sl1 2)) (pu N sl sl1)))
(rule (=> (and (= N 1) (= sl 1) (= sl1 2)) (pu N sl sl1)))
(rule (=> (and (= N 0) (= sl 0) (= sl1 1)) (pu N sl sl1)))

(rule (=> (and (= N 0) (= sl 14) (= sl1 15)) (pu N sl sl1)))
(rule (=> (and (= N 2) (= sl 0) (= sl1 1)) (pu N sl sl1)))
(rule (=> (and (= N -122) (= sl 0) (= sl1 1)) (pu N sl sl1)))
(rule (=> (and (= N 1) (= sl 3) (= sl1 4)) (pu N sl sl1)))
(rule (=> (and (= N 1) (= sl 2) (= sl1 3)) (pu N sl sl1)))
(rule (=> (and (= sl 0) (= sl1 0)) (po sl sl1)))
(rule (=> (and (= sl 1) (= sl1 0)) (po sl sl1)))
(rule (=> (and (= sl 8) (= sl1 7)) (po sl sl1)))
(rule (=> (and (= sl 19) (= sl1 18)) (po sl sl1)))
(rule (=> (and (= sl 2) (= sl1 1)) (po sl sl1)))
(rule (=> (and (> N 0) (= c 0) (= d 0) (= sl 0)) (inv1 c N d sl)))
(rule (=> (and (inv1 c N d sl) (< c N) (pu N sl sl1) (= c1 (+ c 1))) (inv1 c1 N d sl1)))
(rule (=> (and (inv1 c N d sl) (not (< c N))) (inv2 N d sl)))
(rule (=> (and (inv2 N d sl) (not (= sl 0)) (po sl sl1) (= d1 (+ d 1))) (inv2 N d1 sl1)))
(rule (=> (and (inv2 N d sl) (= sl 0) (not (= d N))) fail))

(query fail :print-certificate true)
==============================================================
   -> Checking if specs have changed...
      -> CHC files are different. Continuing iteration.

==================== Iteration: 3 ====================
TIMEOUT : 60
   -> Parsing CHC file: /Dualis/scripts/../benchmarks/ClassicalHornICE_working_temp/Stack/Stack.smt2
   -> Starting HornICE with a 1000-second timeout...
      -> Logging HornICE output to iter_3.log
   -> HornICE completed successfully.
   -> Analyzing HornICE log file: iter_3.log
      -> Found 51 internal iterations.
   -> Writing new specs to harness: pu_fuzz.cpp...
      -> Successfully created working copy '/Dualis/scripts/../benchmarks/ClassicalHornICE_working_temp/Stack/pu_fuzz.cpp'.
   -> Starting AFL++(pu_fuzz) with a 60-second timeout...
   -> Building AFL-instrumented binary: /Dualis/scripts/../benchmarks/ClassicalHornICE_working_temp/Stack/pu_fuzz
   -> AFL++(pu_fuzz) finished its fuzzing session.
   -> Checking fuzzing outputs for counterexamples...
Checking crashes
   -> Found 6 crash reports. Testing reproducibility...
   -> CRASH REPRODUCED with id:000003,sig:06,src:000001,time:847,execs:181,op:havoc,rep:6
   -> CRASH REPRODUCED with id:000002,sig:06,src:000001,time:500,execs:148,op:havoc,rep:4
   -> CRASH REPRODUCED with id:000000,sig:06,src:000001,time:165,execs:39,op:(null),pos:0
   -> CRASH REPRODUCED with id:000005,sig:06,src:000001,time:5034,execs:360,op:havoc,rep:6
   -> CRASH REPRODUCED with id:000004,sig:06,src:000001,time:3091,execs:238,op:havoc,rep:3
   -> CRASH REPRODUCED with id:000001,sig:06,src:000001,time:357,execs:112,op:havoc,rep:2
Checking queue
   -> Found 28 crash reports. Testing reproducibility...
   -> CRASH REPRODUCED with id:000004,src:000001,time:0,execs:31,op:(null),pos:0,+cov
Checking hangs
   -> Converting counterexamples for 'pu'...
      -> Found and validated 5 new rules.
   -> Writing new specs to harness: po_fuzz.cpp...
      -> Successfully created working copy '/Dualis/scripts/../benchmarks/ClassicalHornICE_working_temp/Stack/po_fuzz.cpp'.
   -> Starting AFL++(po_fuzz) with a 60-second timeout...
   -> Building AFL-instrumented binary: /Dualis/scripts/../benchmarks/ClassicalHornICE_working_temp/Stack/po_fuzz
   -> AFL++(po_fuzz) finished its fuzzing session.
   -> Checking fuzzing outputs for counterexamples...
Checking crashes
Checking queue
   -> Found 57 crash reports. Testing reproducibility...
   -> CRASH REPRODUCED with id:000004,src:000001,time:0,execs:31,op:(null),pos:0,+cov
Checking hangs
   -> Converting counterexamples for 'po'...
   -> Updating CHC file with new counterexamples...

=============== Artifacts This Iteration ===============

--- Generated Specs ---
  pu: ((((N - sl) <= 0) || ((((N - sl) <= 1) || ((sl1 <= 1) && ((N - sl) > 1))) && (((N + sl) - sl1) > 0) && ((N - sl) > 0))) && ((sl - sl1) <= (-1)))
  po: ((((sl > (-1)) && (sl1 <= 0) && ((sl - sl1) <= 0)) || ((sl - sl1) > 0)) && ((sl - sl1) <= 1))
  inv1: (((sl <= 0) && (c <= 0) && (N > 0) && (N <= 1)) || ((((((d - c) - d) <= 0) && (c <= 1)) || ((((N - c) - d) <= 0) && (c > 1))) && (((c - N) - d) <= 0) && (((d - c) + sl) <= 0) && (d > (-1)) && ((c - sl) <= 0) && (N > 1)))
  inv2: ((((d - N) + sl) <= 0) && (((N - d) - sl) <= 0) && (N > 1))

--- New Test Cases Found ---

--- Updated CHCs (for next iteration) ---
(declare-var N Int)
(declare-var c Int)
(declare-var c1 Int)
(declare-var d Int)
(declare-var d1 Int)
(declare-var sl Int)
(declare-var sl1 Int)
(declare-rel pu (Int Int Int))
(declare-rel po (Int Int))
(declare-rel inv1 (Int Int Int Int))
(declare-rel inv2 (Int Int Int))
(declare-rel fail ())

(rule (=> (and (= N 127) (= sl 2) (= sl1 3)) (pu N sl sl1)))
(rule (=> (and (= N 9) (= sl 1) (= sl1 2)) (pu N sl sl1)))
(rule (=> (and (= N 1) (= sl 0) (= sl1 1)) (pu N sl sl1)))
(rule (=> (and (= N 127) (= sl 1) (= sl1 2)) (pu N sl sl1)))
(rule (=> (and (= N 100) (= sl 2) (= sl1 3)) (pu N sl sl1)))

(rule (=> (and (= N 2) (= sl 1) (= sl1 2)) (pu N sl sl1)))
(rule (=> (and (= N 1) (= sl 1) (= sl1 2)) (pu N sl sl1)))
(rule (=> (and (= N 0) (= sl 0) (= sl1 1)) (pu N sl sl1)))
(rule (=> (and (= N 0) (= sl 14) (= sl1 15)) (pu N sl sl1)))
(rule (=> (and (= N 2) (= sl 0) (= sl1 1)) (pu N sl sl1)))
(rule (=> (and (= N -122) (= sl 0) (= sl1 1)) (pu N sl sl1)))
(rule (=> (and (= N 1) (= sl 3) (= sl1 4)) (pu N sl sl1)))
(rule (=> (and (= N 1) (= sl 2) (= sl1 3)) (pu N sl sl1)))
(rule (=> (and (= sl 0) (= sl1 0)) (po sl sl1)))
(rule (=> (and (= sl 1) (= sl1 0)) (po sl sl1)))
(rule (=> (and (= sl 8) (= sl1 7)) (po sl sl1)))
(rule (=> (and (= sl 19) (= sl1 18)) (po sl sl1)))
(rule (=> (and (= sl 2) (= sl1 1)) (po sl sl1)))
(rule (=> (and (> N 0) (= c 0) (= d 0) (= sl 0)) (inv1 c N d sl)))
(rule (=> (and (inv1 c N d sl) (< c N) (pu N sl sl1) (= c1 (+ c 1))) (inv1 c1 N d sl1)))
(rule (=> (and (inv1 c N d sl) (not (< c N))) (inv2 N d sl)))
(rule (=> (and (inv2 N d sl) (not (= sl 0)) (po sl sl1) (= d1 (+ d 1))) (inv2 N d1 sl1)))
(rule (=> (and (inv2 N d sl) (= sl 0) (not (= d N))) fail))

(query fail :print-certificate true)
==============================================================
   -> Checking if specs have changed...
      -> CHC files are different. Continuing iteration.

==================== Iteration: 4 ====================
TIMEOUT : 80
   -> Parsing CHC file: /Dualis/scripts/../benchmarks/ClassicalHornICE_working_temp/Stack/Stack.smt2
   -> Starting HornICE with a 1000-second timeout...
      -> Logging HornICE output to iter_4.log
   -> HornICE completed successfully.
   -> Analyzing HornICE log file: iter_4.log
      -> Found 141 internal iterations.
   -> Writing new specs to harness: pu_fuzz.cpp...
      -> Successfully created working copy '/Dualis/scripts/../benchmarks/ClassicalHornICE_working_temp/Stack/pu_fuzz.cpp'.
   -> Starting AFL++(pu_fuzz) with a 80-second timeout...
   -> Building AFL-instrumented binary: /Dualis/scripts/../benchmarks/ClassicalHornICE_working_temp/Stack/pu_fuzz
   -> AFL++(pu_fuzz) finished its fuzzing session.
   -> Checking fuzzing outputs for counterexamples...
Checking crashes
   -> Found 5 crash reports. Testing reproducibility...
   -> CRASH REPRODUCED with id:000002,sig:06,src:000001,time:536,execs:610,op:havoc,rep:5
   -> CRASH REPRODUCED with id:000001,sig:06,src:000001,time:342,execs:434,op:havoc,rep:6
   -> CRASH REPRODUCED with id:000003,sig:06,src:000001,time:1086,execs:1393,op:havoc,rep:7
   -> CRASH REPRODUCED with id:000004,sig:06,src:000001,time:1772,execs:1648,op:havoc,rep:8
   -> CRASH REPRODUCED with id:000000,sig:06,src:000001,time:201,execs:405,op:havoc,rep:5
Checking queue
   -> Found 35 crash reports. Testing reproducibility...
   -> CRASH REPRODUCED with id:000004,src:000001,time:0,execs:31,op:(null),pos:0,+cov
   -> CRASH REPRODUCED with id:000005,src:000001,time:0,execs:39,op:(null),pos:0,+cov
Checking hangs
   -> Converting counterexamples for 'pu'...
      -> Found and validated 5 new rules.
   -> Writing new specs to harness: po_fuzz.cpp...
      -> Successfully created working copy '/Dualis/scripts/../benchmarks/ClassicalHornICE_working_temp/Stack/po_fuzz.cpp'.
   -> Starting AFL++(po_fuzz) with a 80-second timeout...
   -> Building AFL-instrumented binary: /Dualis/scripts/../benchmarks/ClassicalHornICE_working_temp/Stack/po_fuzz
   -> AFL++(po_fuzz) finished its fuzzing session.
   -> Checking fuzzing outputs for counterexamples...
Checking crashes
Checking queue
   -> Found 56 crash reports. Testing reproducibility...
   -> CRASH REPRODUCED with id:000004,src:000001,time:1,execs:31,op:(null),pos:0,+cov
Checking hangs
   -> Converting counterexamples for 'po'...
   -> Updating CHC file with new counterexamples...

=============== Artifacts This Iteration ===============

--- Generated Specs ---
  pu: ((((sl1 <= 1) && (sl <= 0)) || (((((((N - sl) <= 0) && (((N + sl) - sl1) <= 0)) || (((N + sl) - sl1) > 0)) && (sl <= 1)) || (((((N - sl) > 1) && (((sl1 - N) - sl) <= (-1))) || ((N <= 1) && (((sl1 - N) - sl) > (-1)))) && (sl > 1))) && (sl > 0))) && ((sl - sl1) <= (-1)))
  po: ((((sl > (-1)) && (sl <= 0) && ((sl - sl1) <= 0)) || ((sl - sl1) > 0)) && ((sl - sl1) <= 1))
  inv1: (((((c - d) - sl) <= 0) && (((c + N) - d) > 0) && (((c - N) + d) <= 0) && (((N - c) + sl) > 0) && (((c + N) - sl) > 0) && (N > 0) && (N <= 1)) || ((((c - N) <= (-1)) || ((((d - N) + sl) <= 0) && ((c - N) > (-1)))) && (d <= 0) && (((c - d) - sl) <= 0) && (N > 1)))
  inv2: ((((N - d) - sl) <= 0) && (((d - N) + sl) <= 0) && (N > 0))

--- New Test Cases Found ---

--- Updated CHCs (for next iteration) ---
(declare-var N Int)
(declare-var c Int)
(declare-var c1 Int)
(declare-var d Int)
(declare-var d1 Int)
(declare-var sl Int)
(declare-var sl1 Int)
(declare-rel pu (Int Int Int))
(declare-rel po (Int Int))
(declare-rel inv1 (Int Int Int Int))
(declare-rel inv2 (Int Int Int))
(declare-rel fail ())

(rule (=> (and (= N 2) (= sl 34) (= sl1 35)) (pu N sl sl1)))
(rule (=> (and (= N 4) (= sl 4) (= sl1 5)) (pu N sl sl1)))
(rule (=> (and (= N 2) (= sl 2) (= sl1 3)) (pu N sl sl1)))
(rule (=> (and (= N 3) (= sl 2) (= sl1 3)) (pu N sl sl1)))
(rule (=> (and (= N 3) (= sl 13) (= sl1 14)) (pu N sl sl1)))

(rule (=> (and (= N 127) (= sl 2) (= sl1 3)) (pu N sl sl1)))
(rule (=> (and (= N 9) (= sl 1) (= sl1 2)) (pu N sl sl1)))
(rule (=> (and (= N 1) (= sl 0) (= sl1 1)) (pu N sl sl1)))
(rule (=> (and (= N 127) (= sl 1) (= sl1 2)) (pu N sl sl1)))
(rule (=> (and (= N 100) (= sl 2) (= sl1 3)) (pu N sl sl1)))
(rule (=> (and (= N 2) (= sl 1) (= sl1 2)) (pu N sl sl1)))
(rule (=> (and (= N 1) (= sl 1) (= sl1 2)) (pu N sl sl1)))
(rule (=> (and (= N 0) (= sl 0) (= sl1 1)) (pu N sl sl1)))
(rule (=> (and (= N 0) (= sl 14) (= sl1 15)) (pu N sl sl1)))
(rule (=> (and (= N 2) (= sl 0) (= sl1 1)) (pu N sl sl1)))
(rule (=> (and (= N -122) (= sl 0) (= sl1 1)) (pu N sl sl1)))
(rule (=> (and (= N 1) (= sl 3) (= sl1 4)) (pu N sl sl1)))
(rule (=> (and (= N 1) (= sl 2) (= sl1 3)) (pu N sl sl1)))
(rule (=> (and (= sl 0) (= sl1 0)) (po sl sl1)))
(rule (=> (and (= sl 1) (= sl1 0)) (po sl sl1)))
(rule (=> (and (= sl 8) (= sl1 7)) (po sl sl1)))
(rule (=> (and (= sl 19) (= sl1 18)) (po sl sl1)))
(rule (=> (and (= sl 2) (= sl1 1)) (po sl sl1)))
(rule (=> (and (> N 0) (= c 0) (= d 0) (= sl 0)) (inv1 c N d sl)))
(rule (=> (and (inv1 c N d sl) (< c N) (pu N sl sl1) (= c1 (+ c 1))) (inv1 c1 N d sl1)))
(rule (=> (and (inv1 c N d sl) (not (< c N))) (inv2 N d sl)))
(rule (=> (and (inv2 N d sl) (not (= sl 0)) (po sl sl1) (= d1 (+ d 1))) (inv2 N d1 sl1)))
(rule (=> (and (inv2 N d sl) (= sl 0) (not (= d N))) fail))

(query fail :print-certificate true)
==============================================================
   -> Checking if specs have changed...
      -> CHC files are different. Continuing iteration.

==================== Iteration: 5 ====================
TIMEOUT : 100
   -> Parsing CHC file: /Dualis/scripts/../benchmarks/ClassicalHornICE_working_temp/Stack/Stack.smt2
   -> Starting HornICE with a 1000-second timeout...
      -> Logging HornICE output to iter_5.log
   -> HornICE completed successfully.
   -> Analyzing HornICE log file: iter_5.log
      -> Found 112 internal iterations.
   -> Writing new specs to harness: pu_fuzz.cpp...
      -> Successfully created working copy '/Dualis/scripts/../benchmarks/ClassicalHornICE_working_temp/Stack/pu_fuzz.cpp'.
   -> Starting AFL++(pu_fuzz) with a 100-second timeout...
   -> Building AFL-instrumented binary: /Dualis/scripts/../benchmarks/ClassicalHornICE_working_temp/Stack/pu_fuzz
   -> AFL++(pu_fuzz) finished its fuzzing session.
   -> Checking fuzzing outputs for counterexamples...
Checking crashes
   -> Found 3 crash reports. Testing reproducibility...
   -> CRASH REPRODUCED with id:000002,sig:06,src:000001,time:601,execs:203,op:havoc,rep:1
   -> CRASH REPRODUCED with id:000000,sig:06,src:000001,time:203,execs:97,op:havoc,rep:1
   -> CRASH REPRODUCED with id:000001,sig:06,src:000001,time:401,execs:164,op:havoc,rep:3
Checking queue
   -> Found 39 crash reports. Testing reproducibility...
   -> CRASH REPRODUCED with id:000004,src:000001,time:0,execs:31,op:(null),pos:0,+cov
   -> CRASH REPRODUCED with id:000005,src:000001,time:0,execs:39,op:(null),pos:0,+cov
Checking hangs
   -> Converting counterexamples for 'pu'...
      -> Found and validated 3 new rules.
   -> Writing new specs to harness: po_fuzz.cpp...
      -> Successfully created working copy '/Dualis/scripts/../benchmarks/ClassicalHornICE_working_temp/Stack/po_fuzz.cpp'.
   -> Starting AFL++(po_fuzz) with a 100-second timeout...
   -> Building AFL-instrumented binary: /Dualis/scripts/../benchmarks/ClassicalHornICE_working_temp/Stack/po_fuzz
   -> AFL++(po_fuzz) finished its fuzzing session.
   -> Checking fuzzing outputs for counterexamples...
Checking crashes
Checking queue
   -> Found 58 crash reports. Testing reproducibility...
   -> CRASH REPRODUCED with id:000004,src:000001,time:0,execs:31,op:(null),pos:0,+cov
Checking hangs
   -> Converting counterexamples for 'po'...
   -> Updating CHC file with new counterexamples...

=============== Artifacts This Iteration ===============

--- Generated Specs ---
  pu: ((((((N <= 1) && (((N + sl) - sl1) <= 0)) || ((((((((sl1 - N) + sl1) <= 0) && (sl > (-1)) && (sl <= 0)) || (sl > 0)) && (((N + sl) - sl1) <= 1)) || ((sl > 0) && (((N + sl) - sl1) > 1))) && (((N + sl) - sl1) > 0))) && (((sl1 - N) - sl) <= 0)) || ((N <= 0) && (((sl1 - N) - sl) > 0))) && ((sl - sl1) <= (-1)))
  po: ((((sl > (-1)) && (sl <= 0) && ((sl - sl1) <= 0)) || ((sl - sl1) > 0)) && ((sl - sl1) <= 1))
  inv1: (((((c + N) - sl) > 0) && (((N - c) + sl) > 0) && (((c - N) + sl) <= 1) && ((N + d) > 0) && (d <= 0) && (N > 0) && (N <= 1)) || (((c <= 0) || (((((N - c) - d) <= 0) || ((((c - N) + sl) <= 0) && (((N - c) - d) > 0))) && (((c - N) - d) <= 0) && (((N - c) - d) <= 1) && (((N - c) - sl) <= 1) && (c > 0))) && ((c - sl) > (-1)) && (d <= 0) && (((c - d) - sl) <= 0) && (N > 1)))
  inv2: ((((N - d) - sl) <= 0) && (((d - N) + sl) <= 0) && (N > 0))

--- New Test Cases Found ---

--- Updated CHCs (for next iteration) ---
(declare-var N Int)
(declare-var c Int)
(declare-var c1 Int)
(declare-var d Int)
(declare-var d1 Int)
(declare-var sl Int)
(declare-var sl1 Int)
(declare-rel pu (Int Int Int))
(declare-rel po (Int Int))
(declare-rel inv1 (Int Int Int Int))
(declare-rel inv2 (Int Int Int))
(declare-rel fail ())

(rule (=> (and (= N 65) (= sl 0) (= sl1 1)) (pu N sl sl1)))
(rule (=> (and (= N 11) (= sl 0) (= sl1 1)) (pu N sl sl1)))
(rule (=> (and (= N 8) (= sl 0) (= sl1 1)) (pu N sl sl1)))

(rule (=> (and (= N 2) (= sl 34) (= sl1 35)) (pu N sl sl1)))
(rule (=> (and (= N 4) (= sl 4) (= sl1 5)) (pu N sl sl1)))
(rule (=> (and (= N 2) (= sl 2) (= sl1 3)) (pu N sl sl1)))
(rule (=> (and (= N 3) (= sl 2) (= sl1 3)) (pu N sl sl1)))
(rule (=> (and (= N 3) (= sl 13) (= sl1 14)) (pu N sl sl1)))
(rule (=> (and (= N 127) (= sl 2) (= sl1 3)) (pu N sl sl1)))
(rule (=> (and (= N 9) (= sl 1) (= sl1 2)) (pu N sl sl1)))
(rule (=> (and (= N 1) (= sl 0) (= sl1 1)) (pu N sl sl1)))
(rule (=> (and (= N 127) (= sl 1) (= sl1 2)) (pu N sl sl1)))
(rule (=> (and (= N 100) (= sl 2) (= sl1 3)) (pu N sl sl1)))
(rule (=> (and (= N 2) (= sl 1) (= sl1 2)) (pu N sl sl1)))
(rule (=> (and (= N 1) (= sl 1) (= sl1 2)) (pu N sl sl1)))
(rule (=> (and (= N 0) (= sl 0) (= sl1 1)) (pu N sl sl1)))
(rule (=> (and (= N 0) (= sl 14) (= sl1 15)) (pu N sl sl1)))
(rule (=> (and (= N 2) (= sl 0) (= sl1 1)) (pu N sl sl1)))
(rule (=> (and (= N -122) (= sl 0) (= sl1 1)) (pu N sl sl1)))
(rule (=> (and (= N 1) (= sl 3) (= sl1 4)) (pu N sl sl1)))
(rule (=> (and (= N 1) (= sl 2) (= sl1 3)) (pu N sl sl1)))
(rule (=> (and (= sl 0) (= sl1 0)) (po sl sl1)))
(rule (=> (and (= sl 1) (= sl1 0)) (po sl sl1)))
(rule (=> (and (= sl 8) (= sl1 7)) (po sl sl1)))
(rule (=> (and (= sl 19) (= sl1 18)) (po sl sl1)))
(rule (=> (and (= sl 2) (= sl1 1)) (po sl sl1)))
(rule (=> (and (> N 0) (= c 0) (= d 0) (= sl 0)) (inv1 c N d sl)))
(rule (=> (and (inv1 c N d sl) (< c N) (pu N sl sl1) (= c1 (+ c 1))) (inv1 c1 N d sl1)))
(rule (=> (and (inv1 c N d sl) (not (< c N))) (inv2 N d sl)))
(rule (=> (and (inv2 N d sl) (not (= sl 0)) (po sl sl1) (= d1 (+ d 1))) (inv2 N d1 sl1)))
(rule (=> (and (inv2 N d sl) (= sl 0) (not (= d N))) fail))

(query fail :print-certificate true)
==============================================================
   -> Checking if specs have changed...
      -> CHC files are different. Continuing iteration.

==================== Iteration: 6 ====================
TIMEOUT : 120
   -> Parsing CHC file: /Dualis/scripts/../benchmarks/ClassicalHornICE_working_temp/Stack/Stack.smt2
   -> Starting HornICE with a 1000-second timeout...
      -> Logging HornICE output to iter_6.log
   -> ERROR: HornICE timed out. Terminating.

==================== Finalizing Pipeline ====================

====================== Pipeline Finished =====================
Total External Iterations: 6
Total Unique Test Cases Found: 26
Total Internal Iterations: 347
  - Min: 8
  - Max: 141
  - Avg: 69.40
pipeline.run() took 1.0105 seconds.
Running command: /usr/bin/python3 chcverifynfuzz.py ClassicalHornICE Stack
PID: 607031
========================================

