
========================================
         Starting Pipeline for: TokenBucket2 (Mode: ClassicalHornICE)
========================================
Initializing pipeline for benchmark: 'TokenBucket2'
   -> Loading and validating attributes from: /Dualis/scripts/../benchmarks/Classical/TokenBucket2/Attributes.txt
      -> Validation successful. Attribute file is consistent.

==================== Iteration: 1 ====================
TIMEOUT : 20
   -> Parsing CHC file: /Dualis/scripts/../benchmarks/ClassicalHornICE_working_temp/TokenBucket2/TokenBucket2.smt2
   -> Starting HornICE with a 1000-second timeout...
      -> Logging HornICE output to iter_1.log
   -> HornICE completed successfully.
   -> Analyzing HornICE log file: iter_1.log
      -> Found 2 internal iterations.
   -> Writing new specs to harness: generateTokens_fuzz.cpp...
      -> Successfully created working copy '/Dualis/scripts/../benchmarks/ClassicalHornICE_working_temp/TokenBucket2/generateTokens_fuzz.cpp'.
   -> Starting AFL++(generateTokens_fuzz) with a 20-second timeout...
   -> Building AFL-instrumented binary: /Dualis/scripts/../benchmarks/ClassicalHornICE_working_temp/TokenBucket2/generateTokens_fuzz
   -> AFL++(generateTokens_fuzz) finished its fuzzing session.
   -> Checking fuzzing outputs for counterexamples...
Checking crashes
   -> Found 6 crash reports. Testing reproducibility...
   -> CRASH REPRODUCED with id:000004,sig:06,src:000000,time:8813,execs:332,op:havoc,rep:2
   -> CRASH REPRODUCED with id:000003,sig:06,src:000000,time:4613,execs:183,op:havoc,rep:2
   -> CRASH REPRODUCED with id:000002,sig:06,src:000000,time:1605,execs:66,op:havoc,rep:2
   -> CRASH REPRODUCED with id:000005,sig:06,src:000000,time:10905,execs:390,op:havoc,rep:2
   -> CRASH REPRODUCED with id:000000,sig:06,src:000000,time:185,execs:46,op:havoc,rep:1
   -> CRASH REPRODUCED with id:000001,sig:06,src:000000,time:401,execs:47,op:havoc,rep:2
Checking queue
   -> Found 4 crash reports. Testing reproducibility...
Checking hangs
   -> Converting counterexamples for 'generateTokens'...
      -> Found and validated 3 new rules.
   -> Writing new specs to harness: consume_fuzz.cpp...
      -> Successfully created working copy '/Dualis/scripts/../benchmarks/ClassicalHornICE_working_temp/TokenBucket2/consume_fuzz.cpp'.
   -> Starting AFL++(consume_fuzz) with a 20-second timeout...
   -> Building AFL-instrumented binary: /Dualis/scripts/../benchmarks/ClassicalHornICE_working_temp/TokenBucket2/consume_fuzz
   -> AFL++(consume_fuzz) finished its fuzzing session.
   -> Checking fuzzing outputs for counterexamples...
Checking crashes
   -> Found 5 crash reports. Testing reproducibility...
   -> CRASH REPRODUCED with id:000003,sig:06,src:000000,time:7538,execs:388,op:havoc,rep:2
   -> CRASH REPRODUCED with id:000002,sig:06,src:000000,time:5258,execs:301,op:havoc,rep:2
   -> CRASH REPRODUCED with id:000000,sig:06,src:000000,time:163,execs:53,op:havoc,rep:1
   -> CRASH REPRODUCED with id:000004,sig:06,src:000000,time:8847,execs:520,op:havoc,rep:2
   -> CRASH REPRODUCED with id:000001,sig:06,src:000000,time:368,execs:58,op:havoc,rep:2
Checking queue
   -> Found 4 crash reports. Testing reproducibility...
Checking hangs
   -> Converting counterexamples for 'consume'...
      -> Found and validated 5 new rules.
   -> Updating CHC file with new counterexamples...

=============== Artifacts This Iteration ===============

--- Generated Specs ---
  generateTokens: (false)
  inv1: (false)
  consume: (false)

--- New Test Cases Found ---

--- Updated CHCs (for next iteration) ---
(declare-var b_size Int)
(declare-var c_rate Int)
(declare-var avai_tokens Int)
(declare-var avai_tokens1 Int)
(declare-var consumed_tokens Int)
(declare-var consumed_tokens1 Int)
(declare-var token_counter Int)
(declare-rel generateTokens (Int Int))
(declare-rel consume (Int Int Int))
(declare-rel inv1 (Int Int Int Int))
(declare-rel fail ())

(rule (=> (and (= b_size 3) (= avai_tokens1 3)) (generateTokens b_size avai_tokens1)))
(rule (=> (and (= b_size 2) (= avai_tokens1 2)) (generateTokens b_size avai_tokens1)))
(rule (=> (and (= b_size 255) (= avai_tokens1 255)) (generateTokens b_size avai_tokens1)))
(rule (=> (and (= c_rate 0) (= avai_tokens 127) (= avai_tokens1 127)) (consume c_rate avai_tokens avai_tokens1)))
(rule (=> (and (= c_rate 64) (= avai_tokens 255) (= avai_tokens1 191)) (consume c_rate avai_tokens avai_tokens1)))
(rule (=> (and (= c_rate 2) (= avai_tokens 255) (= avai_tokens1 253)) (consume c_rate avai_tokens avai_tokens1)))
(rule (=> (and (= c_rate 255) (= avai_tokens 128) (= avai_tokens1 128)) (consume c_rate avai_tokens avai_tokens1)))
(rule (=> (and (= c_rate 130) (= avai_tokens 255) (= avai_tokens1 125)) (consume c_rate avai_tokens avai_tokens1)))

(rule (=> (and (> b_size 0) (> c_rate 0) (>= b_size c_rate) (= consumed_tokens1 0) (generateTokens b_size avai_tokens1)) (inv1 avai_tokens1 b_size c_rate consumed_tokens1)))
(rule (=> (and (inv1 avai_tokens b_size c_rate consumed_tokens)   (>= avai_tokens c_rate) (consume c_rate avai_tokens avai_tokens1) (= consumed_tokens1 (+ consumed_tokens c_rate))) (inv1 avai_tokens1 b_size c_rate consumed_tokens1)))
(rule (=> (and (inv1 avai_tokens b_size c_rate consumed_tokens) (not (>= avai_tokens c_rate)) (not (>= consumed_tokens c_rate))) fail))

(query fail :print-certificate true)
==============================================================
   -> Checking if specs have changed...
      -> CHC files are different. Continuing iteration.

==================== Iteration: 2 ====================
TIMEOUT : 40
   -> Parsing CHC file: /Dualis/scripts/../benchmarks/ClassicalHornICE_working_temp/TokenBucket2/TokenBucket2.smt2
   -> Starting HornICE with a 1000-second timeout...
      -> Logging HornICE output to iter_2.log
   -> HornICE completed successfully.
   -> Analyzing HornICE log file: iter_2.log
      -> Found 41 internal iterations.
   -> Writing new specs to harness: generateTokens_fuzz.cpp...
      -> Successfully created working copy '/Dualis/scripts/../benchmarks/ClassicalHornICE_working_temp/TokenBucket2/generateTokens_fuzz.cpp'.
   -> Starting AFL++(generateTokens_fuzz) with a 40-second timeout...
   -> Building AFL-instrumented binary: /Dualis/scripts/../benchmarks/ClassicalHornICE_working_temp/TokenBucket2/generateTokens_fuzz
   -> AFL++(generateTokens_fuzz) finished its fuzzing session.
   -> Checking fuzzing outputs for counterexamples...
Checking crashes
Checking queue
   -> Found 52 crash reports. Testing reproducibility...
Checking hangs
   -> Converting counterexamples for 'generateTokens'...
   -> Writing new specs to harness: consume_fuzz.cpp...
      -> Successfully created working copy '/Dualis/scripts/../benchmarks/ClassicalHornICE_working_temp/TokenBucket2/consume_fuzz.cpp'.
   -> Starting AFL++(consume_fuzz) with a 40-second timeout...
   -> Building AFL-instrumented binary: /Dualis/scripts/../benchmarks/ClassicalHornICE_working_temp/TokenBucket2/consume_fuzz
   -> AFL++(consume_fuzz) finished its fuzzing session.
   -> Checking fuzzing outputs for counterexamples...
Checking crashes
Checking queue
   -> Found 46 crash reports. Testing reproducibility...
Checking hangs
   -> Converting counterexamples for 'consume'...
   -> Updating CHC file with new counterexamples...

=============== Artifacts This Iteration ===============

--- Generated Specs ---
  generateTokens: ((b_size - avai_tokens1) <= 0)
  consume: (true)
  inv1: ((((c_rate - consumed_tokens) <= 0) || ((consumed_tokens > (-1)) && ((avai_tokens - c_rate) > (-1)) && ((c_rate - consumed_tokens) > 0))) && (c_rate > 0))

--- New Test Cases Found ---

--- Updated CHCs (for next iteration) ---
(declare-var b_size Int)
(declare-var c_rate Int)
(declare-var avai_tokens Int)
(declare-var avai_tokens1 Int)
(declare-var consumed_tokens Int)
(declare-var consumed_tokens1 Int)
(declare-var token_counter Int)
(declare-rel generateTokens (Int Int))
(declare-rel consume (Int Int Int))
(declare-rel inv1 (Int Int Int Int))
(declare-rel fail ())


(rule (=> (and (= b_size 3) (= avai_tokens1 3)) (generateTokens b_size avai_tokens1)))
(rule (=> (and (= b_size 2) (= avai_tokens1 2)) (generateTokens b_size avai_tokens1)))
(rule (=> (and (= b_size 255) (= avai_tokens1 255)) (generateTokens b_size avai_tokens1)))
(rule (=> (and (= c_rate 0) (= avai_tokens 127) (= avai_tokens1 127)) (consume c_rate avai_tokens avai_tokens1)))
(rule (=> (and (= c_rate 64) (= avai_tokens 255) (= avai_tokens1 191)) (consume c_rate avai_tokens avai_tokens1)))
(rule (=> (and (= c_rate 2) (= avai_tokens 255) (= avai_tokens1 253)) (consume c_rate avai_tokens avai_tokens1)))
(rule (=> (and (= c_rate 255) (= avai_tokens 128) (= avai_tokens1 128)) (consume c_rate avai_tokens avai_tokens1)))
(rule (=> (and (= c_rate 130) (= avai_tokens 255) (= avai_tokens1 125)) (consume c_rate avai_tokens avai_tokens1)))
(rule (=> (and (> b_size 0) (> c_rate 0) (>= b_size c_rate) (= consumed_tokens1 0) (generateTokens b_size avai_tokens1)) (inv1 avai_tokens1 b_size c_rate consumed_tokens1)))
(rule (=> (and (inv1 avai_tokens b_size c_rate consumed_tokens)   (>= avai_tokens c_rate) (consume c_rate avai_tokens avai_tokens1) (= consumed_tokens1 (+ consumed_tokens c_rate))) (inv1 avai_tokens1 b_size c_rate consumed_tokens1)))
(rule (=> (and (inv1 avai_tokens b_size c_rate consumed_tokens) (not (>= avai_tokens c_rate)) (not (>= consumed_tokens c_rate))) fail))

(query fail :print-certificate true)
==============================================================
   -> Checking if specs have changed...
      -> CHC files are different. Continuing iteration.

==================== Iteration: 3 ====================
TIMEOUT : 60
   -> Parsing CHC file: /Dualis/scripts/../benchmarks/ClassicalHornICE_working_temp/TokenBucket2/TokenBucket2.smt2
   -> Starting HornICE with a 1000-second timeout...
      -> Logging HornICE output to iter_3.log
   -> HornICE completed successfully.
   -> Analyzing HornICE log file: iter_3.log
      -> Found 41 internal iterations.
   -> Writing new specs to harness: generateTokens_fuzz.cpp...
      -> Successfully created working copy '/Dualis/scripts/../benchmarks/ClassicalHornICE_working_temp/TokenBucket2/generateTokens_fuzz.cpp'.
   -> Starting AFL++(generateTokens_fuzz) with a 60-second timeout...
   -> Building AFL-instrumented binary: /Dualis/scripts/../benchmarks/ClassicalHornICE_working_temp/TokenBucket2/generateTokens_fuzz
   -> AFL++(generateTokens_fuzz) finished its fuzzing session.
   -> Checking fuzzing outputs for counterexamples...
Checking crashes
Checking queue
   -> Found 45 crash reports. Testing reproducibility...
Checking hangs
   -> Converting counterexamples for 'generateTokens'...
   -> Writing new specs to harness: consume_fuzz.cpp...
      -> Successfully created working copy '/Dualis/scripts/../benchmarks/ClassicalHornICE_working_temp/TokenBucket2/consume_fuzz.cpp'.
   -> Starting AFL++(consume_fuzz) with a 60-second timeout...
   -> Building AFL-instrumented binary: /Dualis/scripts/../benchmarks/ClassicalHornICE_working_temp/TokenBucket2/consume_fuzz
   -> AFL++(consume_fuzz) finished its fuzzing session.
   -> Checking fuzzing outputs for counterexamples...
Checking crashes
Checking queue
   -> Found 42 crash reports. Testing reproducibility...
Checking hangs
   -> Converting counterexamples for 'consume'...
   -> Updating CHC file with new counterexamples...

=============== Artifacts This Iteration ===============

--- Generated Specs ---
  generateTokens: ((b_size - avai_tokens1) <= 0)
  consume: (true)
  inv1: ((((c_rate - consumed_tokens) <= 0) || ((consumed_tokens > (-1)) && ((avai_tokens - c_rate) > (-1)) && ((c_rate - consumed_tokens) > 0))) && (c_rate > 0))

--- New Test Cases Found ---

--- Updated CHCs (for next iteration) ---
(declare-var b_size Int)
(declare-var c_rate Int)
(declare-var avai_tokens Int)
(declare-var avai_tokens1 Int)
(declare-var consumed_tokens Int)
(declare-var consumed_tokens1 Int)
(declare-var token_counter Int)
(declare-rel generateTokens (Int Int))
(declare-rel consume (Int Int Int))
(declare-rel inv1 (Int Int Int Int))
(declare-rel fail ())


(rule (=> (and (= b_size 3) (= avai_tokens1 3)) (generateTokens b_size avai_tokens1)))
(rule (=> (and (= b_size 2) (= avai_tokens1 2)) (generateTokens b_size avai_tokens1)))
(rule (=> (and (= b_size 255) (= avai_tokens1 255)) (generateTokens b_size avai_tokens1)))
(rule (=> (and (= c_rate 0) (= avai_tokens 127) (= avai_tokens1 127)) (consume c_rate avai_tokens avai_tokens1)))
(rule (=> (and (= c_rate 64) (= avai_tokens 255) (= avai_tokens1 191)) (consume c_rate avai_tokens avai_tokens1)))
(rule (=> (and (= c_rate 2) (= avai_tokens 255) (= avai_tokens1 253)) (consume c_rate avai_tokens avai_tokens1)))
(rule (=> (and (= c_rate 255) (= avai_tokens 128) (= avai_tokens1 128)) (consume c_rate avai_tokens avai_tokens1)))
(rule (=> (and (= c_rate 130) (= avai_tokens 255) (= avai_tokens1 125)) (consume c_rate avai_tokens avai_tokens1)))
(rule (=> (and (> b_size 0) (> c_rate 0) (>= b_size c_rate) (= consumed_tokens1 0) (generateTokens b_size avai_tokens1)) (inv1 avai_tokens1 b_size c_rate consumed_tokens1)))
(rule (=> (and (inv1 avai_tokens b_size c_rate consumed_tokens)   (>= avai_tokens c_rate) (consume c_rate avai_tokens avai_tokens1) (= consumed_tokens1 (+ consumed_tokens c_rate))) (inv1 avai_tokens1 b_size c_rate consumed_tokens1)))
(rule (=> (and (inv1 avai_tokens b_size c_rate consumed_tokens) (not (>= avai_tokens c_rate)) (not (>= consumed_tokens c_rate))) fail))

(query fail :print-certificate true)
==============================================================
   -> Checking if specs have changed...
      -> CHC files are identical. Pipeline has converged.
   -> 15-minute deep fuzzing converged. Pipeline complete.

==================== Finalizing Pipeline ====================

====================== Pipeline Finished =====================
Total External Iterations: 3
Total Unique Test Cases Found: 8
Total Internal Iterations: 84
  - Min: 2
  - Max: 41
  - Avg: 28.00
pipeline.run() took 0.0950 seconds.
Running command: /usr/bin/python3 chcverifynfuzz.py ClassicalHornICE TokenBucket2
PID: 607033
========================================

