
========================================
         Starting Pipeline for: TokenBucket1 (Mode: ClassicalHornICE)
========================================
Initializing pipeline for benchmark: 'TokenBucket1'
   -> Loading and validating attributes from: /Dualis/scripts/../benchmarks/Classical/TokenBucket1/Attributes.txt
      -> Validation successful. Attribute file is consistent.

==================== Iteration: 1 ====================
TIMEOUT : 20
   -> Parsing CHC file: /Dualis/scripts/../benchmarks/ClassicalHornICE_working_temp/TokenBucket1/TokenBucket1.smt2
   -> Starting HornICE with a 1000-second timeout...
      -> Logging HornICE output to iter_1.log
   -> HornICE completed successfully.
   -> Analyzing HornICE log file: iter_1.log
      -> Found 2 internal iterations.
   -> Writing new specs to harness: generateTokens_fuzz.cpp...
      -> Successfully created working copy '/Dualis/scripts/../benchmarks/ClassicalHornICE_working_temp/TokenBucket1/generateTokens_fuzz.cpp'.
   -> Starting AFL++(generateTokens_fuzz) with a 20-second timeout...
   -> Building AFL-instrumented binary: /Dualis/scripts/../benchmarks/ClassicalHornICE_working_temp/TokenBucket1/generateTokens_fuzz
   -> AFL++(generateTokens_fuzz) finished its fuzzing session.
   -> Checking fuzzing outputs for counterexamples...
Checking crashes
   -> Found 5 crash reports. Testing reproducibility...
   -> CRASH REPRODUCED with id:000000,sig:06,src:000000,time:1204,execs:33,op:havoc,rep:7
   -> CRASH REPRODUCED with id:000001,sig:06,src:000000,time:2389,execs:34,op:havoc,rep:6
   -> CRASH REPRODUCED with id:000003,sig:06,src:000000,time:8322,execs:68,op:havoc,rep:6
   -> CRASH REPRODUCED with id:000002,sig:06,src:000000,time:7189,execs:63,op:havoc,rep:2
   -> CRASH REPRODUCED with id:000004,sig:06,src:000000,time:11828,execs:76,op:havoc,rep:7
Checking queue
   -> Found 4 crash reports. Testing reproducibility...
Checking hangs
   -> Converting counterexamples for 'generateTokens'...
      -> Found and validated 4 new rules.
   -> Writing new specs to harness: consume_fuzz.cpp...
      -> Successfully created working copy '/Dualis/scripts/../benchmarks/ClassicalHornICE_working_temp/TokenBucket1/consume_fuzz.cpp'.
   -> Starting AFL++(consume_fuzz) with a 20-second timeout...
   -> Building AFL-instrumented binary: /Dualis/scripts/../benchmarks/ClassicalHornICE_working_temp/TokenBucket1/consume_fuzz
   -> AFL++(consume_fuzz) finished its fuzzing session.
   -> Checking fuzzing outputs for counterexamples...
Checking crashes
   -> Found 5 crash reports. Testing reproducibility...
   -> CRASH REPRODUCED with id:000000,sig:06,src:000000,time:145,execs:36,op:havoc,rep:3
   -> CRASH REPRODUCED with id:000002,sig:06,src:000000,time:479,execs:38,op:havoc,rep:3
   -> CRASH REPRODUCED with id:000004,sig:06,src:000000,time:4763,execs:112,op:havoc,rep:6
   -> CRASH REPRODUCED with id:000003,sig:06,src:000000,time:1929,execs:63,op:havoc,rep:8
   -> CRASH REPRODUCED with id:000001,sig:06,src:000000,time:332,execs:37,op:havoc,rep:8
Checking queue
   -> Found 4 crash reports. Testing reproducibility...
Checking hangs
   -> Converting counterexamples for 'consume'...
      -> Found and validated 5 new rules.
   -> Updating CHC file with new counterexamples...

=============== Artifacts This Iteration ===============

--- Generated Specs ---
  generateTokens: (false)
  inv1: (false)
  consume: (false)

--- New Test Cases Found ---

--- Updated CHCs (for next iteration) ---
(declare-var b_size Int)
(declare-var c_rate Int)
(declare-var avai_tokens Int)
(declare-var avai_tokens1 Int)
(declare-var consumed_tokens Int)
(declare-var consumed_tokens1 Int)
(declare-var token_counter Int)
(declare-rel generateTokens (Int Int))
(declare-rel consume (Int Int Int))
(declare-rel inv1 (Int Int Int Int))
(declare-rel fail ())

(rule (=> (and (= b_size 142) (= avai_tokens1 142)) (generateTokens b_size avai_tokens1)))
(rule (=> (and (= b_size 57) (= avai_tokens1 57)) (generateTokens b_size avai_tokens1)))
(rule (=> (and (= b_size 4) (= avai_tokens1 4)) (generateTokens b_size avai_tokens1)))
(rule (=> (and (= b_size 2) (= avai_tokens1 2)) (generateTokens b_size avai_tokens1)))
(rule (=> (and (= c_rate 255) (= avai_tokens 255) (= avai_tokens1 0)) (consume c_rate avai_tokens avai_tokens1)))
(rule (=> (and (= c_rate 2) (= avai_tokens 220) (= avai_tokens1 218)) (consume c_rate avai_tokens avai_tokens1)))
(rule (=> (and (= c_rate 243) (= avai_tokens 242) (= avai_tokens1 242)) (consume c_rate avai_tokens avai_tokens1)))
(rule (=> (and (= c_rate 0) (= avai_tokens 254) (= avai_tokens1 254)) (consume c_rate avai_tokens avai_tokens1)))
(rule (=> (and (= c_rate 0) (= avai_tokens 0) (= avai_tokens1 0)) (consume c_rate avai_tokens avai_tokens1)))

(rule (=> (and (> b_size 0) (> c_rate 0) (>= b_size c_rate) (= consumed_tokens1 0) (generateTokens b_size avai_tokens1)) (inv1 avai_tokens1 b_size c_rate consumed_tokens1)))
(rule (=> (and (inv1 avai_tokens b_size c_rate consumed_tokens)   (>= avai_tokens c_rate) (consume c_rate avai_tokens avai_tokens1) (= consumed_tokens1 (+ consumed_tokens c_rate))) (inv1 avai_tokens1 b_size c_rate consumed_tokens1)))
(rule (=> (and (inv1 avai_tokens b_size c_rate consumed_tokens) (not (>= avai_tokens c_rate)) (not (>= avai_tokens 0))) fail))

(query fail :print-certificate true)
==============================================================
   -> Checking if specs have changed...
      -> CHC files are different. Continuing iteration.

==================== Iteration: 2 ====================
TIMEOUT : 40
   -> Parsing CHC file: /Dualis/scripts/../benchmarks/ClassicalHornICE_working_temp/TokenBucket1/TokenBucket1.smt2
   -> Starting HornICE with a 1000-second timeout...
      -> Logging HornICE output to iter_2.log
   -> HornICE completed successfully.
   -> Analyzing HornICE log file: iter_2.log
      -> Found 43 internal iterations.
   -> Writing new specs to harness: generateTokens_fuzz.cpp...
      -> Successfully created working copy '/Dualis/scripts/../benchmarks/ClassicalHornICE_working_temp/TokenBucket1/generateTokens_fuzz.cpp'.
   -> Starting AFL++(generateTokens_fuzz) with a 40-second timeout...
   -> Building AFL-instrumented binary: /Dualis/scripts/../benchmarks/ClassicalHornICE_working_temp/TokenBucket1/generateTokens_fuzz
   -> AFL++(generateTokens_fuzz) finished its fuzzing session.
   -> Checking fuzzing outputs for counterexamples...
Checking crashes
   -> Found 5 crash reports. Testing reproducibility...
   -> CRASH REPRODUCED with id:000003,sig:06,src:000000,time:738,execs:238,op:havoc,rep:5
   -> CRASH REPRODUCED with id:000002,sig:06,src:000000,time:541,execs:210,op:havoc,rep:7
   -> CRASH REPRODUCED with id:000000,sig:06,src:000000,time:163,execs:114,op:havoc,rep:6
   -> CRASH REPRODUCED with id:000001,sig:06,src:000000,time:355,execs:189,op:havoc,rep:6
   -> CRASH REPRODUCED with id:000004,sig:06,src:000000,time:1100,execs:254,op:havoc,rep:8
Checking queue
   -> Found 31 crash reports. Testing reproducibility...
Checking hangs
   -> Converting counterexamples for 'generateTokens'...
      -> Found and validated 2 new rules.
   -> Writing new specs to harness: consume_fuzz.cpp...
      -> Successfully created working copy '/Dualis/scripts/../benchmarks/ClassicalHornICE_working_temp/TokenBucket1/consume_fuzz.cpp'.
   -> Starting AFL++(consume_fuzz) with a 40-second timeout...
   -> Building AFL-instrumented binary: /Dualis/scripts/../benchmarks/ClassicalHornICE_working_temp/TokenBucket1/consume_fuzz
   -> AFL++(consume_fuzz) finished its fuzzing session.
   -> Checking fuzzing outputs for counterexamples...
Checking crashes
Checking queue
   -> Found 45 crash reports. Testing reproducibility...
Checking hangs
   -> Converting counterexamples for 'consume'...
   -> Updating CHC file with new counterexamples...

=============== Artifacts This Iteration ===============

--- Generated Specs ---
  generateTokens: ((b_size > 1) && ((b_size - avai_tokens1) <= 0))
  consume: (((avai_tokens - c_rate) - avai_tokens1) <= 0)
  inv1: ((((c_rate - avai_tokens) - c_rate) <= 0) && (b_size > 1))

--- New Test Cases Found ---

--- Updated CHCs (for next iteration) ---
(declare-var b_size Int)
(declare-var c_rate Int)
(declare-var avai_tokens Int)
(declare-var avai_tokens1 Int)
(declare-var consumed_tokens Int)
(declare-var consumed_tokens1 Int)
(declare-var token_counter Int)
(declare-rel generateTokens (Int Int))
(declare-rel consume (Int Int Int))
(declare-rel inv1 (Int Int Int Int))
(declare-rel fail ())

(rule (=> (and (= b_size 0) (= avai_tokens1 0)) (generateTokens b_size avai_tokens1)))
(rule (=> (and (= b_size 1) (= avai_tokens1 1)) (generateTokens b_size avai_tokens1)))

(rule (=> (and (= b_size 142) (= avai_tokens1 142)) (generateTokens b_size avai_tokens1)))
(rule (=> (and (= b_size 57) (= avai_tokens1 57)) (generateTokens b_size avai_tokens1)))
(rule (=> (and (= b_size 4) (= avai_tokens1 4)) (generateTokens b_size avai_tokens1)))
(rule (=> (and (= b_size 2) (= avai_tokens1 2)) (generateTokens b_size avai_tokens1)))
(rule (=> (and (= c_rate 255) (= avai_tokens 255) (= avai_tokens1 0)) (consume c_rate avai_tokens avai_tokens1)))
(rule (=> (and (= c_rate 2) (= avai_tokens 220) (= avai_tokens1 218)) (consume c_rate avai_tokens avai_tokens1)))
(rule (=> (and (= c_rate 243) (= avai_tokens 242) (= avai_tokens1 242)) (consume c_rate avai_tokens avai_tokens1)))
(rule (=> (and (= c_rate 0) (= avai_tokens 254) (= avai_tokens1 254)) (consume c_rate avai_tokens avai_tokens1)))
(rule (=> (and (= c_rate 0) (= avai_tokens 0) (= avai_tokens1 0)) (consume c_rate avai_tokens avai_tokens1)))
(rule (=> (and (> b_size 0) (> c_rate 0) (>= b_size c_rate) (= consumed_tokens1 0) (generateTokens b_size avai_tokens1)) (inv1 avai_tokens1 b_size c_rate consumed_tokens1)))
(rule (=> (and (inv1 avai_tokens b_size c_rate consumed_tokens)   (>= avai_tokens c_rate) (consume c_rate avai_tokens avai_tokens1) (= consumed_tokens1 (+ consumed_tokens c_rate))) (inv1 avai_tokens1 b_size c_rate consumed_tokens1)))
(rule (=> (and (inv1 avai_tokens b_size c_rate consumed_tokens) (not (>= avai_tokens c_rate)) (not (>= avai_tokens 0))) fail))

(query fail :print-certificate true)
==============================================================
   -> Checking if specs have changed...
      -> CHC files are different. Continuing iteration.

==================== Iteration: 3 ====================
TIMEOUT : 60
   -> Parsing CHC file: /Dualis/scripts/../benchmarks/ClassicalHornICE_working_temp/TokenBucket1/TokenBucket1.smt2
   -> Starting HornICE with a 1000-second timeout...
      -> Logging HornICE output to iter_3.log
   -> HornICE completed successfully.
   -> Analyzing HornICE log file: iter_3.log
      -> Found 29 internal iterations.
   -> Writing new specs to harness: generateTokens_fuzz.cpp...
      -> Successfully created working copy '/Dualis/scripts/../benchmarks/ClassicalHornICE_working_temp/TokenBucket1/generateTokens_fuzz.cpp'.
   -> Starting AFL++(generateTokens_fuzz) with a 60-second timeout...
   -> Building AFL-instrumented binary: /Dualis/scripts/../benchmarks/ClassicalHornICE_working_temp/TokenBucket1/generateTokens_fuzz
   -> AFL++(generateTokens_fuzz) finished its fuzzing session.
   -> Checking fuzzing outputs for counterexamples...
Checking crashes
Checking queue
   -> Found 39 crash reports. Testing reproducibility...
Checking hangs
   -> Converting counterexamples for 'generateTokens'...
   -> Writing new specs to harness: consume_fuzz.cpp...
      -> Successfully created working copy '/Dualis/scripts/../benchmarks/ClassicalHornICE_working_temp/TokenBucket1/consume_fuzz.cpp'.
   -> Starting AFL++(consume_fuzz) with a 60-second timeout...
   -> Building AFL-instrumented binary: /Dualis/scripts/../benchmarks/ClassicalHornICE_working_temp/TokenBucket1/consume_fuzz
   -> AFL++(consume_fuzz) finished its fuzzing session.
   -> Checking fuzzing outputs for counterexamples...
Checking crashes
Checking queue
   -> Found 43 crash reports. Testing reproducibility...
Checking hangs
   -> Converting counterexamples for 'consume'...
   -> Updating CHC file with new counterexamples...

=============== Artifacts This Iteration ===============

--- Generated Specs ---
  generateTokens: ((b_size - avai_tokens1) <= 0)
  consume: (((avai_tokens - c_rate) - avai_tokens1) <= 0)
  inv1: (((c_rate - avai_tokens) - c_rate) <= 0)

--- New Test Cases Found ---

--- Updated CHCs (for next iteration) ---
(declare-var b_size Int)
(declare-var c_rate Int)
(declare-var avai_tokens Int)
(declare-var avai_tokens1 Int)
(declare-var consumed_tokens Int)
(declare-var consumed_tokens1 Int)
(declare-var token_counter Int)
(declare-rel generateTokens (Int Int))
(declare-rel consume (Int Int Int))
(declare-rel inv1 (Int Int Int Int))
(declare-rel fail ())


(rule (=> (and (= b_size 0) (= avai_tokens1 0)) (generateTokens b_size avai_tokens1)))
(rule (=> (and (= b_size 1) (= avai_tokens1 1)) (generateTokens b_size avai_tokens1)))
(rule (=> (and (= b_size 142) (= avai_tokens1 142)) (generateTokens b_size avai_tokens1)))
(rule (=> (and (= b_size 57) (= avai_tokens1 57)) (generateTokens b_size avai_tokens1)))
(rule (=> (and (= b_size 4) (= avai_tokens1 4)) (generateTokens b_size avai_tokens1)))
(rule (=> (and (= b_size 2) (= avai_tokens1 2)) (generateTokens b_size avai_tokens1)))
(rule (=> (and (= c_rate 255) (= avai_tokens 255) (= avai_tokens1 0)) (consume c_rate avai_tokens avai_tokens1)))
(rule (=> (and (= c_rate 2) (= avai_tokens 220) (= avai_tokens1 218)) (consume c_rate avai_tokens avai_tokens1)))
(rule (=> (and (= c_rate 243) (= avai_tokens 242) (= avai_tokens1 242)) (consume c_rate avai_tokens avai_tokens1)))
(rule (=> (and (= c_rate 0) (= avai_tokens 254) (= avai_tokens1 254)) (consume c_rate avai_tokens avai_tokens1)))
(rule (=> (and (= c_rate 0) (= avai_tokens 0) (= avai_tokens1 0)) (consume c_rate avai_tokens avai_tokens1)))
(rule (=> (and (> b_size 0) (> c_rate 0) (>= b_size c_rate) (= consumed_tokens1 0) (generateTokens b_size avai_tokens1)) (inv1 avai_tokens1 b_size c_rate consumed_tokens1)))
(rule (=> (and (inv1 avai_tokens b_size c_rate consumed_tokens)   (>= avai_tokens c_rate) (consume c_rate avai_tokens avai_tokens1) (= consumed_tokens1 (+ consumed_tokens c_rate))) (inv1 avai_tokens1 b_size c_rate consumed_tokens1)))
(rule (=> (and (inv1 avai_tokens b_size c_rate consumed_tokens) (not (>= avai_tokens c_rate)) (not (>= avai_tokens 0))) fail))

(query fail :print-certificate true)
==============================================================
   -> Checking if specs have changed...
      -> CHC files are different. Continuing iteration.

==================== Iteration: 4 ====================
TIMEOUT : 80
   -> Parsing CHC file: /Dualis/scripts/../benchmarks/ClassicalHornICE_working_temp/TokenBucket1/TokenBucket1.smt2
   -> Starting HornICE with a 1000-second timeout...
      -> Logging HornICE output to iter_4.log
   -> HornICE completed successfully.
   -> Analyzing HornICE log file: iter_4.log
      -> Found 29 internal iterations.
   -> Writing new specs to harness: generateTokens_fuzz.cpp...
      -> Successfully created working copy '/Dualis/scripts/../benchmarks/ClassicalHornICE_working_temp/TokenBucket1/generateTokens_fuzz.cpp'.
   -> Starting AFL++(generateTokens_fuzz) with a 80-second timeout...
   -> Building AFL-instrumented binary: /Dualis/scripts/../benchmarks/ClassicalHornICE_working_temp/TokenBucket1/generateTokens_fuzz
   -> AFL++(generateTokens_fuzz) finished its fuzzing session.
   -> Checking fuzzing outputs for counterexamples...
Checking crashes
Checking queue
   -> Found 35 crash reports. Testing reproducibility...
Checking hangs
   -> Converting counterexamples for 'generateTokens'...
   -> Writing new specs to harness: consume_fuzz.cpp...
      -> Successfully created working copy '/Dualis/scripts/../benchmarks/ClassicalHornICE_working_temp/TokenBucket1/consume_fuzz.cpp'.
   -> Starting AFL++(consume_fuzz) with a 80-second timeout...
   -> Building AFL-instrumented binary: /Dualis/scripts/../benchmarks/ClassicalHornICE_working_temp/TokenBucket1/consume_fuzz
   -> AFL++(consume_fuzz) finished its fuzzing session.
   -> Checking fuzzing outputs for counterexamples...
Checking crashes
Checking queue
   -> Found 41 crash reports. Testing reproducibility...
Checking hangs
   -> Converting counterexamples for 'consume'...
   -> Updating CHC file with new counterexamples...

=============== Artifacts This Iteration ===============

--- Generated Specs ---
  generateTokens: ((b_size - avai_tokens1) <= 0)
  consume: (((avai_tokens - c_rate) - avai_tokens1) <= 0)
  inv1: (((c_rate - avai_tokens) - c_rate) <= 0)

--- New Test Cases Found ---

--- Updated CHCs (for next iteration) ---
(declare-var b_size Int)
(declare-var c_rate Int)
(declare-var avai_tokens Int)
(declare-var avai_tokens1 Int)
(declare-var consumed_tokens Int)
(declare-var consumed_tokens1 Int)
(declare-var token_counter Int)
(declare-rel generateTokens (Int Int))
(declare-rel consume (Int Int Int))
(declare-rel inv1 (Int Int Int Int))
(declare-rel fail ())


(rule (=> (and (= b_size 0) (= avai_tokens1 0)) (generateTokens b_size avai_tokens1)))
(rule (=> (and (= b_size 1) (= avai_tokens1 1)) (generateTokens b_size avai_tokens1)))
(rule (=> (and (= b_size 142) (= avai_tokens1 142)) (generateTokens b_size avai_tokens1)))
(rule (=> (and (= b_size 57) (= avai_tokens1 57)) (generateTokens b_size avai_tokens1)))
(rule (=> (and (= b_size 4) (= avai_tokens1 4)) (generateTokens b_size avai_tokens1)))
(rule (=> (and (= b_size 2) (= avai_tokens1 2)) (generateTokens b_size avai_tokens1)))
(rule (=> (and (= c_rate 255) (= avai_tokens 255) (= avai_tokens1 0)) (consume c_rate avai_tokens avai_tokens1)))
(rule (=> (and (= c_rate 2) (= avai_tokens 220) (= avai_tokens1 218)) (consume c_rate avai_tokens avai_tokens1)))
(rule (=> (and (= c_rate 243) (= avai_tokens 242) (= avai_tokens1 242)) (consume c_rate avai_tokens avai_tokens1)))
(rule (=> (and (= c_rate 0) (= avai_tokens 254) (= avai_tokens1 254)) (consume c_rate avai_tokens avai_tokens1)))
(rule (=> (and (= c_rate 0) (= avai_tokens 0) (= avai_tokens1 0)) (consume c_rate avai_tokens avai_tokens1)))
(rule (=> (and (> b_size 0) (> c_rate 0) (>= b_size c_rate) (= consumed_tokens1 0) (generateTokens b_size avai_tokens1)) (inv1 avai_tokens1 b_size c_rate consumed_tokens1)))
(rule (=> (and (inv1 avai_tokens b_size c_rate consumed_tokens)   (>= avai_tokens c_rate) (consume c_rate avai_tokens avai_tokens1) (= consumed_tokens1 (+ consumed_tokens c_rate))) (inv1 avai_tokens1 b_size c_rate consumed_tokens1)))
(rule (=> (and (inv1 avai_tokens b_size c_rate consumed_tokens) (not (>= avai_tokens c_rate)) (not (>= avai_tokens 0))) fail))

(query fail :print-certificate true)
==============================================================
   -> Checking if specs have changed...
      -> CHC files are identical. Pipeline has converged.
   -> 15-minute deep fuzzing converged. Pipeline complete.

==================== Finalizing Pipeline ====================

====================== Pipeline Finished =====================
Total External Iterations: 4
Total Unique Test Cases Found: 11
Total Internal Iterations: 103
  - Min: 2
  - Max: 43
  - Avg: 25.75
pipeline.run() took 0.1302 seconds.
Running command: /usr/bin/python3 chcverifynfuzz.py ClassicalHornICE TokenBucket1
PID: 607033
========================================

