
========================================
         Starting Pipeline for: TokenBucket1 (Mode: ClassicalCVC5)
========================================
Initializing pipeline for benchmark: 'TokenBucket1'
   -> Loading and validating attributes from: /Dualis/scripts/../benchmarks/Classical/TokenBucket1/Attributes.txt
      -> Validation successful. Attribute file is consistent.
Total External Iterations: 0
Total Unique Test Cases Found: 0

==================== Iteration: 1 ====================
TIMEOUT : 20
   -> Parsing SYGUS file: /Dualis/scripts/../benchmarks/ClassicalCVC5_working_temp/TokenBucket1/TokenBucket1.sy
   -> Starting CVC5 with a 1000-second timeout...
      -> Logging CVC5 output to iter_1.log
   -> CVC5 completed successfully.
   -> Writing new specs to harness: generateTokens_fuzz.cpp...
      -> Successfully created working copy '/Dualis/scripts/../benchmarks/ClassicalCVC5_working_temp/TokenBucket1/generateTokens_fuzz.cpp'.
   -> Starting AFL++(generateTokens_fuzz) with a 20-second timeout...
   -> Building AFL-instrumented binary: /Dualis/scripts/../benchmarks/ClassicalCVC5_working_temp/TokenBucket1/generateTokens_fuzz
   -> AFL++(generateTokens_fuzz) finished its fuzzing session.
   -> Checking fuzzing outputs for counterexamples...
Checking crashes
Checking queue
   -> Found 42 crash reports. Testing reproducibility...
Checking hangs
   -> Converting counterexamples for 'generateTokens'...
       -> Found and validated 3 new constraints.
   -> Writing new specs to harness: consume_fuzz.cpp...
      -> Successfully created working copy '/Dualis/scripts/../benchmarks/ClassicalCVC5_working_temp/TokenBucket1/consume_fuzz.cpp'.
   -> Starting AFL++(consume_fuzz) with a 20-second timeout...
   -> Building AFL-instrumented binary: /Dualis/scripts/../benchmarks/ClassicalCVC5_working_temp/TokenBucket1/consume_fuzz
   -> AFL++(consume_fuzz) finished its fuzzing session.
   -> Checking fuzzing outputs for counterexamples...
Checking crashes
   -> Found 7 crash reports. Testing reproducibility...
   -> CRASH REPRODUCED with id:000004,sig:06,src:000000,time:5978,execs:195,op:havoc,rep:3
   -> CRASH REPRODUCED with id:000001,sig:06,src:000000,time:575,execs:40,op:havoc,rep:4
   -> CRASH REPRODUCED with id:000002,sig:06,src:000000,time:1757,execs:70,op:havoc,rep:1
   -> CRASH REPRODUCED with id:000005,sig:06,src:000000,time:9066,execs:324,op:havoc,rep:3
   -> CRASH REPRODUCED with id:000000,sig:06,src:000000,time:188,execs:34,op:havoc,rep:2
   -> CRASH REPRODUCED with id:000003,sig:06,src:000000,time:2246,execs:98,op:havoc,rep:3
   -> CRASH REPRODUCED with id:000006,sig:06,src:000000,time:10404,execs:340,op:havoc,rep:2
Checking queue
   -> Found 5 crash reports. Testing reproducibility...
Checking hangs
   -> Converting counterexamples for 'consume'...
       -> Found and validated 17 new constraints.
   -> Updating CHC file with new counterexamples...

=============== Artifacts This Iteration ===============

--- Generated Specs ---
  generateTokens: (b_size == avai_tokens1)
  consume: (avai_tokens1 == c_rate)
  inv1: (c_rate <= avai_tokens)

--- New Test Cases Found ---

--- Updated SYGUS (for next iteration) ---
(set-logic LIA)

(synth-fun generateTokens ((b_size Int) (avai_tokens1 Int)) Bool ((Start Bool) (Expr Int)) ((Start Bool ((<= Expr Expr)(>= Expr Expr)(= Expr Expr)(and Start Start)(or Start Start)(not Start)))(Expr Int ((+ Expr Expr)(- Expr Expr) b_size avai_tokens1))))
(synth-fun consume ((c_rate Int) (avai_tokens Int) (avai_tokens1 Int)) Bool ((Start Bool) (Expr Int)) ((Start Bool ((<= Expr Expr)(>= Expr Expr)(= Expr Expr)(and Start Start)(or Start Start)(not Start)))(Expr Int ((+ Expr Expr)(- Expr Expr) c_rate avai_tokens avai_tokens1))))
(synth-fun inv1 ((avai_tokens Int) (b_size Int) (c_rate Int) (consumed_tokens Int)) Bool ((Start Bool) (Expr Int)) ((Start Bool ((<= Expr Expr)(>= Expr Expr)(= Expr Expr)(and Start Start)(or Start Start)(not Start)))(Expr Int ((+ Expr Expr)(- Expr Expr) avai_tokens b_size c_rate consumed_tokens))))

(declare-var b_size Int)
(declare-var c_rate Int)
(declare-var avai_tokens Int)
(declare-var avai_tokens1 Int)
(declare-var consumed_tokens Int)
(declare-var consumed_tokens1 Int)
(declare-var token_counter Int)

(constraint (generateTokens 2 2))
(constraint (generateTokens 255 255))
(constraint (generateTokens 3 3))
(constraint (consume 252 255 3))
(constraint (consume 34 34 0))
(constraint (consume 2 255 253))
(constraint (consume 255 242 242))
(constraint (consume 18 64 46))
(constraint (consume 0 0 0))
(constraint (consume 1 2 1))
(constraint (consume 2 4 2))
(constraint (consume 61 255 194))
(constraint (consume 239 239 0))
(constraint (consume 2 76 74))
(constraint (consume 240 0 0))
(constraint (consume 0 1 1))
(constraint (consume 255 255 0))
(constraint (consume 2 1 1))
(constraint (consume 0 255 255))
(constraint (consume 128 128 0))

(constraint (=> (and (> b_size 0) (> c_rate 0) (>= b_size c_rate) (= consumed_tokens1 0) (generateTokens b_size avai_tokens1)) (inv1 avai_tokens1 b_size c_rate consumed_tokens1)))
(constraint (=> (and (inv1 avai_tokens b_size c_rate consumed_tokens) (>= avai_tokens c_rate) (consume c_rate avai_tokens avai_tokens1) (= consumed_tokens1 (+ consumed_tokens c_rate))) (inv1 avai_tokens1 b_size c_rate consumed_tokens1)))
(constraint (=> (and (inv1 avai_tokens b_size c_rate consumed_tokens) (not (>= avai_tokens c_rate))) (>= avai_tokens 0)))

(check-synth)
==============================================================
   -> Checking if specs have changed...
      -> SYGUS files are different. Continuing iteration.

==================== Iteration: 2 ====================
TIMEOUT : 40
   -> Parsing SYGUS file: /Dualis/scripts/../benchmarks/ClassicalCVC5_working_temp/TokenBucket1/TokenBucket1.sy
   -> Starting CVC5 with a 1000-second timeout...
      -> Logging CVC5 output to iter_2.log
   -> CVC5 completed successfully.
   -> Writing new specs to harness: generateTokens_fuzz.cpp...
      -> Successfully created working copy '/Dualis/scripts/../benchmarks/ClassicalCVC5_working_temp/TokenBucket1/generateTokens_fuzz.cpp'.
   -> Starting AFL++(generateTokens_fuzz) with a 40-second timeout...
   -> Building AFL-instrumented binary: /Dualis/scripts/../benchmarks/ClassicalCVC5_working_temp/TokenBucket1/generateTokens_fuzz
   -> AFL++(generateTokens_fuzz) finished its fuzzing session.
   -> Checking fuzzing outputs for counterexamples...
Checking crashes
Checking queue
   -> Found 50 crash reports. Testing reproducibility...
Checking hangs
   -> Converting counterexamples for 'generateTokens'...
       -> Found and validated 3 new constraints.
   -> Writing new specs to harness: consume_fuzz.cpp...
      -> Successfully created working copy '/Dualis/scripts/../benchmarks/ClassicalCVC5_working_temp/TokenBucket1/consume_fuzz.cpp'.
   -> Starting AFL++(consume_fuzz) with a 40-second timeout...
   -> Building AFL-instrumented binary: /Dualis/scripts/../benchmarks/ClassicalCVC5_working_temp/TokenBucket1/consume_fuzz
   -> AFL++(consume_fuzz) finished its fuzzing session.
   -> Checking fuzzing outputs for counterexamples...
Checking crashes
Checking queue
   -> Found 43 crash reports. Testing reproducibility...
Checking hangs
   -> Converting counterexamples for 'consume'...
       -> Found and validated 17 new constraints.
   -> Updating CHC file with new counterexamples...

=============== Artifacts This Iteration ===============

--- Generated Specs ---
  generateTokens: (b_size == avai_tokens1)
  consume: (avai_tokens <= (c_rate + avai_tokens1))
  inv1: (avai_tokens <= (avai_tokens + avai_tokens))

--- New Test Cases Found ---

--- Updated SYGUS (for next iteration) ---
(set-logic LIA)

(synth-fun generateTokens ((b_size Int) (avai_tokens1 Int)) Bool ((Start Bool) (Expr Int)) ((Start Bool ((<= Expr Expr)(>= Expr Expr)(= Expr Expr)(and Start Start)(or Start Start)(not Start)))(Expr Int ((+ Expr Expr)(- Expr Expr) b_size avai_tokens1))))
(synth-fun consume ((c_rate Int) (avai_tokens Int) (avai_tokens1 Int)) Bool ((Start Bool) (Expr Int)) ((Start Bool ((<= Expr Expr)(>= Expr Expr)(= Expr Expr)(and Start Start)(or Start Start)(not Start)))(Expr Int ((+ Expr Expr)(- Expr Expr) c_rate avai_tokens avai_tokens1))))
(synth-fun inv1 ((avai_tokens Int) (b_size Int) (c_rate Int) (consumed_tokens Int)) Bool ((Start Bool) (Expr Int)) ((Start Bool ((<= Expr Expr)(>= Expr Expr)(= Expr Expr)(and Start Start)(or Start Start)(not Start)))(Expr Int ((+ Expr Expr)(- Expr Expr) avai_tokens b_size c_rate consumed_tokens))))

(declare-var b_size Int)
(declare-var c_rate Int)
(declare-var avai_tokens Int)
(declare-var avai_tokens1 Int)
(declare-var consumed_tokens Int)
(declare-var consumed_tokens1 Int)
(declare-var token_counter Int)


(constraint (generateTokens 2 2))
(constraint (generateTokens 255 255))
(constraint (generateTokens 3 3))
(constraint (consume 252 255 3))
(constraint (consume 34 34 0))
(constraint (consume 2 255 253))
(constraint (consume 255 242 242))
(constraint (consume 18 64 46))
(constraint (consume 0 0 0))
(constraint (consume 1 2 1))
(constraint (consume 2 4 2))
(constraint (consume 61 255 194))
(constraint (consume 239 239 0))
(constraint (consume 2 76 74))
(constraint (consume 240 0 0))
(constraint (consume 0 1 1))
(constraint (consume 255 255 0))
(constraint (consume 2 1 1))
(constraint (consume 0 255 255))
(constraint (consume 128 128 0))
(constraint (=> (and (> b_size 0) (> c_rate 0) (>= b_size c_rate) (= consumed_tokens1 0) (generateTokens b_size avai_tokens1)) (inv1 avai_tokens1 b_size c_rate consumed_tokens1)))
(constraint (=> (and (inv1 avai_tokens b_size c_rate consumed_tokens) (>= avai_tokens c_rate) (consume c_rate avai_tokens avai_tokens1) (= consumed_tokens1 (+ consumed_tokens c_rate))) (inv1 avai_tokens1 b_size c_rate consumed_tokens1)))
(constraint (=> (and (inv1 avai_tokens b_size c_rate consumed_tokens) (not (>= avai_tokens c_rate))) (>= avai_tokens 0)))

(check-synth)
==============================================================
   -> Checking if specs have changed...
      -> SYGUS files are different. Continuing iteration.

==================== Iteration: 3 ====================
TIMEOUT : 60
   -> Parsing SYGUS file: /Dualis/scripts/../benchmarks/ClassicalCVC5_working_temp/TokenBucket1/TokenBucket1.sy
   -> Starting CVC5 with a 1000-second timeout...
      -> Logging CVC5 output to iter_3.log
   -> CVC5 completed successfully.
   -> Writing new specs to harness: generateTokens_fuzz.cpp...
      -> Successfully created working copy '/Dualis/scripts/../benchmarks/ClassicalCVC5_working_temp/TokenBucket1/generateTokens_fuzz.cpp'.
   -> Starting AFL++(generateTokens_fuzz) with a 60-second timeout...
   -> Building AFL-instrumented binary: /Dualis/scripts/../benchmarks/ClassicalCVC5_working_temp/TokenBucket1/generateTokens_fuzz
   -> AFL++(generateTokens_fuzz) finished its fuzzing session.
   -> Checking fuzzing outputs for counterexamples...
Checking crashes
Checking queue
   -> Found 46 crash reports. Testing reproducibility...
Checking hangs
   -> Converting counterexamples for 'generateTokens'...
       -> Found and validated 3 new constraints.
   -> Writing new specs to harness: consume_fuzz.cpp...
      -> Successfully created working copy '/Dualis/scripts/../benchmarks/ClassicalCVC5_working_temp/TokenBucket1/consume_fuzz.cpp'.
   -> Starting AFL++(consume_fuzz) with a 60-second timeout...
   -> Building AFL-instrumented binary: /Dualis/scripts/../benchmarks/ClassicalCVC5_working_temp/TokenBucket1/consume_fuzz
   -> AFL++(consume_fuzz) finished its fuzzing session.
   -> Checking fuzzing outputs for counterexamples...
Checking crashes
Checking queue
   -> Found 46 crash reports. Testing reproducibility...
Checking hangs
   -> Converting counterexamples for 'consume'...
       -> Found and validated 17 new constraints.
   -> Updating CHC file with new counterexamples...

=============== Artifacts This Iteration ===============

--- Generated Specs ---
  generateTokens: (b_size == avai_tokens1)
  consume: (avai_tokens <= (c_rate + avai_tokens1))
  inv1: (avai_tokens <= (avai_tokens + avai_tokens))

--- New Test Cases Found ---

--- Updated SYGUS (for next iteration) ---
(set-logic LIA)

(synth-fun generateTokens ((b_size Int) (avai_tokens1 Int)) Bool ((Start Bool) (Expr Int)) ((Start Bool ((<= Expr Expr)(>= Expr Expr)(= Expr Expr)(and Start Start)(or Start Start)(not Start)))(Expr Int ((+ Expr Expr)(- Expr Expr) b_size avai_tokens1))))
(synth-fun consume ((c_rate Int) (avai_tokens Int) (avai_tokens1 Int)) Bool ((Start Bool) (Expr Int)) ((Start Bool ((<= Expr Expr)(>= Expr Expr)(= Expr Expr)(and Start Start)(or Start Start)(not Start)))(Expr Int ((+ Expr Expr)(- Expr Expr) c_rate avai_tokens avai_tokens1))))
(synth-fun inv1 ((avai_tokens Int) (b_size Int) (c_rate Int) (consumed_tokens Int)) Bool ((Start Bool) (Expr Int)) ((Start Bool ((<= Expr Expr)(>= Expr Expr)(= Expr Expr)(and Start Start)(or Start Start)(not Start)))(Expr Int ((+ Expr Expr)(- Expr Expr) avai_tokens b_size c_rate consumed_tokens))))

(declare-var b_size Int)
(declare-var c_rate Int)
(declare-var avai_tokens Int)
(declare-var avai_tokens1 Int)
(declare-var consumed_tokens Int)
(declare-var consumed_tokens1 Int)
(declare-var token_counter Int)


(constraint (generateTokens 2 2))
(constraint (generateTokens 255 255))
(constraint (generateTokens 3 3))
(constraint (consume 252 255 3))
(constraint (consume 34 34 0))
(constraint (consume 2 255 253))
(constraint (consume 255 242 242))
(constraint (consume 18 64 46))
(constraint (consume 0 0 0))
(constraint (consume 1 2 1))
(constraint (consume 2 4 2))
(constraint (consume 61 255 194))
(constraint (consume 239 239 0))
(constraint (consume 2 76 74))
(constraint (consume 240 0 0))
(constraint (consume 0 1 1))
(constraint (consume 255 255 0))
(constraint (consume 2 1 1))
(constraint (consume 0 255 255))
(constraint (consume 128 128 0))
(constraint (=> (and (> b_size 0) (> c_rate 0) (>= b_size c_rate) (= consumed_tokens1 0) (generateTokens b_size avai_tokens1)) (inv1 avai_tokens1 b_size c_rate consumed_tokens1)))
(constraint (=> (and (inv1 avai_tokens b_size c_rate consumed_tokens) (>= avai_tokens c_rate) (consume c_rate avai_tokens avai_tokens1) (= consumed_tokens1 (+ consumed_tokens c_rate))) (inv1 avai_tokens1 b_size c_rate consumed_tokens1)))
(constraint (=> (and (inv1 avai_tokens b_size c_rate consumed_tokens) (not (>= avai_tokens c_rate))) (>= avai_tokens 0)))

(check-synth)
==============================================================
   -> Checking if specs have changed...
      -> SYGUS files are identical. Pipeline has converged.
   -> 15-minute deep fuzzing converged. Pipeline complete.

==================== Finalizing Pipeline ====================

====================== Pipeline Finished =====================
Total External Iterations: 3
Total Unique Test Cases Found: 60
pipeline.run() took 0.0952 seconds.
Running command: /usr/bin/python3 chcverifynfuzz.py ClassicalCVC5 TokenBucket1
PID: 29
========================================


Total Pipeline Duration: 256.05s
