(declare-rel fail ())
(declare-rel inv (Int Int))
(declare-rel push (Int Int Int))
(declare-var A Int)
(declare-var B Int)
(declare-var C Int)
(declare-var D Int)
(rule (=> (and (= B 0) (= A 0)) (inv B A)))
(rule (=> (and (inv D C) (< D 3) (= B (+ D 1)) (push B C A)) (inv B A)))
(rule (=> (and (inv B C) (>= B 3) (push B C A)) (inv B A)))
(rule (=> (and (inv B C) (push B C A)) (inv B A)))
(rule (let ((a!1 (and (inv B A) (not (and (>= A 0) (<= A 3))))))
  (=> a!1 fail)))


Read 5 rules and 1 queries (1)

---------- Query 0 ----------
(fail@ true)
SMTlIB :: expr : (fail@ true)
SMTlIB :: expr_decl : (declare-fun fail@ (Bool) Bool)
chc_declarations: (declare-fun fail@ (Bool) Bool)

---------- Rule 0 ----------
(forall ((val Int) (max Int)) (=> (and (= val 0) (= max 0)) (inv val max)))
SMTlIB :: expr : (inv k!1 k!0)
SMTlIB :: expr_decl : (declare-fun inv (Int Int) Bool)

---------- Rule 1 ----------
(forall ((val Int) (max Int) (val1 Int) (max1 Int))
  (=> (and (inv val max) (< val 3) (= val1 (+ val 1)) (push val1 max max1))
      (inv val1 max1)))
SMTlIB :: expr : (inv k!5 k!4)
SMTlIB :: expr_decl : (declare-fun inv (Int Int) Bool)
SMTlIB :: expr : (push k!3 k!4 k!2)
SMTlIB :: expr_decl : (declare-fun push (Int Int Int) Bool)
SMTlIB :: expr : (inv k!3 k!2)
SMTlIB :: expr_decl : (declare-fun inv (Int Int) Bool)

---------- Rule 2 ----------
(forall ((max Int) (val Int) (max1 Int))
  (=> (and (inv val max) (>= val 3) (push val max max1)) (inv val max1)))
SMTlIB :: expr : (inv k!7 k!8)
SMTlIB :: expr_decl : (declare-fun inv (Int Int) Bool)
SMTlIB :: expr : (push k!7 k!8 k!6)
SMTlIB :: expr_decl : (declare-fun push (Int Int Int) Bool)
SMTlIB :: expr : (inv k!7 k!6)
SMTlIB :: expr_decl : (declare-fun inv (Int Int) Bool)

---------- Rule 3 ----------
(forall ((max Int) (val Int) (max1 Int))
  (=> (and (inv val max) (push val max max1)) (inv val max1)))
SMTlIB :: expr : (inv k!10 k!11)
SMTlIB :: expr_decl : (declare-fun inv (Int Int) Bool)
SMTlIB :: expr : (push k!10 k!11 k!9)
SMTlIB :: expr_decl : (declare-fun push (Int Int Int) Bool)
SMTlIB :: expr : (inv k!10 k!9)
SMTlIB :: expr_decl : (declare-fun inv (Int Int) Bool)

---------- Rule 4 ----------
(forall ((val Int) (max Int))
  (let ((a!1 (and (inv val max) (not (and (>= max 0) (<= max 3))))))
    (=> a!1 (fail@ true))))
SMTlIB :: expr : (inv k!13 k!12)
SMTlIB :: expr_decl : (declare-fun inv (Int Int) Bool)
SMTlIB :: expr : (fail@ true)
SMTlIB :: expr_decl : (declare-fun fail@ (Bool) Bool)

 Printing processed queries 
main::parsed 
---------- Relations to synthesize ----------
(declare-fun fail@ (Bool) Bool)
(declare-fun push (Int Int Int) Bool)
(declare-fun inv (Int Int) Bool)
---------- CHCs ----------
 -- CHC
(not (fail@ true))
 -- Uninterpreted predicates
(declare-fun fail@ (Bool) Bool)
 -- LHS
(fail@ true)
 -- RHS

 -- CHC
(=> (and (= k!1 0) (= k!0 0)) (inv k!1 k!0))
 -- Uninterpreted predicates
(declare-fun inv (Int Int) Bool)
 -- LHS
 -- RHS
(inv k!1 k!0)

 -- CHC
(=> (and (inv k!5 k!4) (< k!5 3) (= k!3 (+ k!5 1)) (push k!3 k!4 k!2))
    (inv k!3 k!2))
 -- Uninterpreted predicates
(declare-fun push (Int Int Int) Bool)
(declare-fun inv (Int Int) Bool)
 -- LHS
(push k!3 k!4 k!2)
(inv k!5 k!4)
 -- RHS
(inv k!3 k!2)

 -- CHC
(=> (and (inv k!7 k!8) (>= k!7 3) (push k!7 k!8 k!6)) (inv k!7 k!6))
 -- Uninterpreted predicates
(declare-fun push (Int Int Int) Bool)
(declare-fun inv (Int Int) Bool)
 -- LHS
(push k!7 k!8 k!6)
(inv k!7 k!8)
 -- RHS
(inv k!7 k!6)

 -- CHC
(=> (and (inv k!10 k!11) (push k!10 k!11 k!9)) (inv k!10 k!9))
 -- Uninterpreted predicates
(declare-fun push (Int Int Int) Bool)
(declare-fun inv (Int Int) Bool)
 -- LHS
(push k!10 k!11 k!9)
(inv k!10 k!11)
 -- RHS
(inv k!10 k!9)

 -- CHC
(let ((a!1 (and (inv k!13 k!12) (not (and (>= k!12 0) (<= k!12 3))))))
  (=> a!1 (fail@ true)))
 -- Uninterpreted predicates
(declare-fun fail@ (Bool) Bool)
(declare-fun inv (Int Int) Bool)
 -- LHS
(inv k!13 k!12)
 -- RHS
(fail@ true)


Printing parse CHCs and relations
chc ::  -- CHC
(not (fail@ true))
 -- Uninterpreted predicates
(declare-fun fail@ (Bool) Bool)
 -- LHS
(fail@ true)
 -- RHS

chc ::  -- CHC
(=> (and (= k!1 0) (= k!0 0)) (inv k!1 k!0))
 -- Uninterpreted predicates
(declare-fun inv (Int Int) Bool)
 -- LHS
 -- RHS
(inv k!1 k!0)

chc ::  -- CHC
(=> (and (inv k!5 k!4) (< k!5 3) (= k!3 (+ k!5 1)) (push k!3 k!4 k!2))
    (inv k!3 k!2))
 -- Uninterpreted predicates
(declare-fun push (Int Int Int) Bool)
(declare-fun inv (Int Int) Bool)
 -- LHS
(push k!3 k!4 k!2)
(inv k!5 k!4)
 -- RHS
(inv k!3 k!2)

chc ::  -- CHC
(=> (and (inv k!7 k!8) (>= k!7 3) (push k!7 k!8 k!6)) (inv k!7 k!6))
 -- Uninterpreted predicates
(declare-fun push (Int Int Int) Bool)
(declare-fun inv (Int Int) Bool)
 -- LHS
(push k!7 k!8 k!6)
(inv k!7 k!8)
 -- RHS
(inv k!7 k!6)

chc ::  -- CHC
(=> (and (inv k!10 k!11) (push k!10 k!11 k!9)) (inv k!10 k!9))
 -- Uninterpreted predicates
(declare-fun push (Int Int Int) Bool)
(declare-fun inv (Int Int) Bool)
 -- LHS
(push k!10 k!11 k!9)
(inv k!10 k!11)
 -- RHS
(inv k!10 k!9)

chc ::  -- CHC
(let ((a!1 (and (inv k!13 k!12) (not (and (>= k!12 0) (<= k!12 3))))))
  (=> a!1 (fail@ true)))
 -- Uninterpreted predicates
(declare-fun fail@ (Bool) Bool)
(declare-fun inv (Int Int) Bool)
 -- LHS
(inv k!13 k!12)
 -- RHS
(fail@ true)

rel :: (declare-fun fail@ (Bool) Bool)
rel :: (declare-fun push (Int Int Int) Bool)
rel :: (declare-fun inv (Int Int) Bool)
In learn2
In learner_interface
In configure_learner
learner_interface:: relations in the CHCs : 
(declare-fun fail@ (Bool) Bool)
(declare-fun push (Int Int Int) Bool)
(declare-fun inv (Int Int) Bool)
learner_interface :: Relation : (declare-fun fail@ (Bool) Bool) is mapped to CatID :  0
learner_interfaceCatID : 0 is mapped to Relation : (declare-fun fail@ (Bool) Bool)
learner_interfaceRelation : (declare-fun fail@ (Bool) Bool) is mapped to baseval :  0
Attribute Identifier : 1 attribute : fail@#0Bool
add_integer_attribute::Integer Attribute::fail@#0
learner_interface :: Relation : (declare-fun push (Int Int Int) Bool) is mapped to CatID :  1
learner_interfaceCatID : 1 is mapped to Relation : (declare-fun push (Int Int Int) Bool)
learner_interfaceRelation : (declare-fun push (Int Int Int) Bool) is mapped to baseval :  1
Attribute Identifier : 2 attribute : push#0Int
add_integer_attribute::Integer Attribute::push#0
Attribute Identifier : 3 attribute : push#1Int
add_integer_attribute::Integer Attribute::push#1
Attribute Identifier : 4 attribute : push#2Int
add_integer_attribute::Integer Attribute::push#2
add_integer_attribute::Integer Attribute::|push#0|+|push#1|+|push#2|
learner_interfaceDerived Attribute Identifier : 5 Derived attribute : (+ |push#0| |push#1| |push#2|)
add_integer_attribute::Integer Attribute::|push#0|-|push#1|-|push#2|
learner_interfaceDerived Attribute Identifier : 6 Derived attribute : (- (- |push#0| |push#1|) |push#2|)
add_integer_attribute::Integer Attribute::|push#0|+|push#1|-|push#2|
learner_interfaceDerived Attribute Identifier : 7 Derived attribute : (- (+ |push#0| |push#1|) |push#2|)
add_integer_attribute::Integer Attribute::|push#0|-|push#1|+|push#2|
learner_interfaceDerived Attribute Identifier : 8 Derived attribute : (+ (- |push#0| |push#1|) |push#2|)
add_integer_attribute::Integer Attribute::|push#0|+|push#2|+|push#1|
learner_interfaceDerived Attribute Identifier : 9 Derived attribute : (+ |push#0| |push#2| |push#1|)
add_integer_attribute::Integer Attribute::|push#0|-|push#2|-|push#1|
learner_interfaceDerived Attribute Identifier : 10 Derived attribute : (- (- |push#0| |push#2|) |push#1|)
add_integer_attribute::Integer Attribute::|push#0|+|push#2|-|push#1|
learner_interfaceDerived Attribute Identifier : 11 Derived attribute : (- (+ |push#0| |push#2|) |push#1|)
add_integer_attribute::Integer Attribute::|push#0|-|push#2|+|push#1|
learner_interfaceDerived Attribute Identifier : 12 Derived attribute : (+ (- |push#0| |push#2|) |push#1|)
add_integer_attribute::Integer Attribute::|push#1|+|push#0|+|push#2|
learner_interfaceDerived Attribute Identifier : 13 Derived attribute : (+ |push#1| |push#0| |push#2|)
add_integer_attribute::Integer Attribute::|push#1|-|push#0|-|push#2|
learner_interfaceDerived Attribute Identifier : 14 Derived attribute : (- (- |push#1| |push#0|) |push#2|)
add_integer_attribute::Integer Attribute::|push#1|+|push#0|-|push#2|
learner_interfaceDerived Attribute Identifier : 15 Derived attribute : (- (+ |push#1| |push#0|) |push#2|)
add_integer_attribute::Integer Attribute::|push#1|-|push#0|+|push#2|
learner_interfaceDerived Attribute Identifier : 16 Derived attribute : (+ (- |push#1| |push#0|) |push#2|)
add_integer_attribute::Integer Attribute::|push#1|+|push#2|+|push#0|
learner_interfaceDerived Attribute Identifier : 17 Derived attribute : (+ |push#1| |push#2| |push#0|)
add_integer_attribute::Integer Attribute::|push#1|-|push#2|-|push#0|
learner_interfaceDerived Attribute Identifier : 18 Derived attribute : (- (- |push#1| |push#2|) |push#0|)
add_integer_attribute::Integer Attribute::|push#1|+|push#2|-|push#0|
learner_interfaceDerived Attribute Identifier : 19 Derived attribute : (- (+ |push#1| |push#2|) |push#0|)
add_integer_attribute::Integer Attribute::|push#1|-|push#2|+|push#0|
learner_interfaceDerived Attribute Identifier : 20 Derived attribute : (+ (- |push#1| |push#2|) |push#0|)
add_integer_attribute::Integer Attribute::|push#2|+|push#0|+|push#1|
learner_interfaceDerived Attribute Identifier : 21 Derived attribute : (+ |push#2| |push#0| |push#1|)
add_integer_attribute::Integer Attribute::|push#2|-|push#0|-|push#1|
learner_interfaceDerived Attribute Identifier : 22 Derived attribute : (- (- |push#2| |push#0|) |push#1|)
add_integer_attribute::Integer Attribute::|push#2|+|push#0|-|push#1|
learner_interfaceDerived Attribute Identifier : 23 Derived attribute : (- (+ |push#2| |push#0|) |push#1|)
add_integer_attribute::Integer Attribute::|push#2|-|push#0|+|push#1|
learner_interfaceDerived Attribute Identifier : 24 Derived attribute : (+ (- |push#2| |push#0|) |push#1|)
add_integer_attribute::Integer Attribute::|push#2|+|push#1|+|push#0|
learner_interfaceDerived Attribute Identifier : 25 Derived attribute : (+ |push#2| |push#1| |push#0|)
add_integer_attribute::Integer Attribute::|push#2|-|push#1|-|push#0|
learner_interfaceDerived Attribute Identifier : 26 Derived attribute : (- (- |push#2| |push#1|) |push#0|)
add_integer_attribute::Integer Attribute::|push#2|+|push#1|-|push#0|
learner_interfaceDerived Attribute Identifier : 27 Derived attribute : (- (+ |push#2| |push#1|) |push#0|)
add_integer_attribute::Integer Attribute::|push#2|-|push#1|+|push#0|
learner_interfaceDerived Attribute Identifier : 28 Derived attribute : (+ (- |push#2| |push#1|) |push#0|)
add_integer_attribute::Integer Attribute::|push#0|+|push#2|+|push#2|
learner_interfaceDerived Attribute Identifier : 29 Derived attribute : (+ |push#0| |push#2| |push#2|)
add_integer_attribute::Integer Attribute::|push#0|-|push#2|-|push#2|
learner_interfaceDerived Attribute Identifier : 30 Derived attribute : (- (- |push#0| |push#2|) |push#2|)
add_integer_attribute::Integer Attribute::|push#0|+|push#2|-|push#2|
learner_interfaceDerived Attribute Identifier : 31 Derived attribute : (- (+ |push#0| |push#2|) |push#2|)
add_integer_attribute::Integer Attribute::|push#0|-|push#2|+|push#2|
learner_interfaceDerived Attribute Identifier : 32 Derived attribute : (+ (- |push#0| |push#2|) |push#2|)
add_integer_attribute::Integer Attribute::|push#2|+|push#0|+|push#2|
learner_interfaceDerived Attribute Identifier : 33 Derived attribute : (+ |push#2| |push#0| |push#2|)
add_integer_attribute::Integer Attribute::|push#2|-|push#0|-|push#2|
learner_interfaceDerived Attribute Identifier : 34 Derived attribute : (- (- |push#2| |push#0|) |push#2|)
add_integer_attribute::Integer Attribute::|push#2|+|push#0|-|push#2|
learner_interfaceDerived Attribute Identifier : 35 Derived attribute : (- (+ |push#2| |push#0|) |push#2|)
add_integer_attribute::Integer Attribute::|push#2|-|push#0|+|push#2|
learner_interfaceDerived Attribute Identifier : 36 Derived attribute : (+ (- |push#2| |push#0|) |push#2|)
add_integer_attribute::Integer Attribute::|push#2|+|push#2|+|push#0|
learner_interfaceDerived Attribute Identifier : 37 Derived attribute : (+ |push#2| |push#2| |push#0|)
add_integer_attribute::Integer Attribute::|push#2|-|push#2|-|push#0|
learner_interfaceDerived Attribute Identifier : 38 Derived attribute : (- (- |push#2| |push#2|) |push#0|)
add_integer_attribute::Integer Attribute::|push#2|+|push#2|-|push#0|
learner_interfaceDerived Attribute Identifier : 39 Derived attribute : (- (+ |push#2| |push#2|) |push#0|)
add_integer_attribute::Integer Attribute::|push#2|-|push#2|+|push#0|
learner_interfaceDerived Attribute Identifier : 40 Derived attribute : (+ (- |push#2| |push#2|) |push#0|)
add_integer_attribute::Integer Attribute::|push#0|+|push#1|
learner_interfaceDerived Attribute Identifier : 41 Derived attribute : (+ |push#0| |push#1|)
add_integer_attribute::Integer Attribute::|push#0|-|push#1|
learner_interfaceDerived Attribute Identifier : 42 Derived attribute : (- |push#0| |push#1|)
add_integer_attribute::Integer Attribute::|push#0|+|push#2|
learner_interfaceDerived Attribute Identifier : 43 Derived attribute : (+ |push#0| |push#2|)
add_integer_attribute::Integer Attribute::|push#0|-|push#2|
learner_interfaceDerived Attribute Identifier : 44 Derived attribute : (- |push#0| |push#2|)
add_integer_attribute::Integer Attribute::|push#1|+|push#2|
learner_interfaceDerived Attribute Identifier : 45 Derived attribute : (+ |push#1| |push#2|)
add_integer_attribute::Integer Attribute::|push#1|-|push#2|
learner_interfaceDerived Attribute Identifier : 46 Derived attribute : (- |push#1| |push#2|)
learner_interface :: Relation : (declare-fun inv (Int Int) Bool) is mapped to CatID :  2
learner_interfaceCatID : 2 is mapped to Relation : (declare-fun inv (Int Int) Bool)
learner_interfaceRelation : (declare-fun inv (Int Int) Bool) is mapped to baseval :  46
Attribute Identifier : 47 attribute : inv#0Int
add_integer_attribute::Integer Attribute::inv#0
Attribute Identifier : 48 attribute : inv#1Int
add_integer_attribute::Integer Attribute::inv#1
add_integer_attribute::Integer Attribute::|inv#0|+|inv#1|
learner_interfaceDerived Attribute Identifier : 49 Derived attribute : (+ |inv#0| |inv#1|)
add_integer_attribute::Integer Attribute::|inv#0|-|inv#1|
learner_interfaceDerived Attribute Identifier : 50 Derived attribute : (- |inv#0| |inv#1|)
===========================================
Learning Iteration: 0
===========================================
In :: get_conjectures
In :: learn_decision_tree
In :: horn_verification::learner<JobManager>::learner(const JobManager&) [with JobManager = horn_verification::complex_job_manager]
In:: learn
get_conjectures:: Printing the Decision Tree
true
Return from map_dt_z3
In::get_unordered_map

=========================
Printing the conjectures
Conjecture: (declare-fun fail@ (Bool) Bool)[|fail@#0|] -> true
Conjecture: (declare-fun push (Int Int Int) Bool)[|push#0|, |push#1|, |push#2|] -> true
Conjecture: (declare-fun inv (Int Int) Bool)[|inv#0|, |inv#1|] -> true
=========================
In::add_counterexample
In::get_unique_learner_datapoint
=============
get_unique_learner_datapoint::Current Teacher Datapoint: fail@(true)
get_int_data::Printing integer attributes
get_unique_learner_datapoint:: Current Teacher Datapoint: fail@(true)
add_counterexample Current teacher datapoint(Negative) : fail@(true)
===========================================
Learning Iteration: 1
===========================================
In :: get_conjectures
In :: learn_decision_tree
In :: horn_verification::learner<JobManager>::learner(const JobManager&) [with JobManager = horn_verification::complex_job_manager]
In:: learn
In  chc run
run::New Categorical Node  attribute: 0
run::Categorical node child :0
run::Categorical node child :0
run::Categorical node child :0
run::Categorical Node Metadata 
Categorical attributes: $func (3)
Integer attributes: In chc run
get_conjectures:: Printing the Decision Tree
switch x[0]
 false
 NULL
 NULL
Return from map_dt_z3
In::get_unordered_map

=========================
Printing the conjectures
Conjecture: (declare-fun inv (Int Int) Bool)[|inv#0|, |inv#1|] -> false
Conjecture: (declare-fun push (Int Int Int) Bool)[|push#0|, |push#1|, |push#2|] -> false
Conjecture: (declare-fun fail@ (Bool) Bool)[|fail@#0|] -> false
=========================
In::add_counterexample
add_counterexample Current counterexample : {} => {inv(0, 0)}
add_counterexample Current teacher datapoint : inv(0, 0)
In::get_unique_learner_datapoint
=============
get_unique_learner_datapoint::Current Teacher Datapoint: inv(0, 0)
get_int_data::Printing integer attributes
get_unique_learner_datapoint:: Current Teacher Datapoint: inv(0, 0)
add_counterexample Current teacher datapoint(Positive) : inv(0, 0)
===========================================
Learning Iteration: 2
===========================================
In :: get_conjectures
In :: learn_decision_tree
In :: horn_verification::learner<JobManager>::learner(const JobManager&) [with JobManager = horn_verification::complex_job_manager]
In:: learn
In  chc run
run::New Categorical Node  attribute: 0
run::Categorical node child :0
run::Categorical node child :0
run::Categorical node child :0
run::Categorical Node Metadata 
Categorical attributes: $func (3)
Integer attributes: In chc run
In chc run
get_conjectures:: Printing the Decision Tree
switch x[0]
 false
 NULL
 true
Return from map_dt_z3
In::get_unordered_map

=========================
Printing the conjectures
Conjecture: (declare-fun inv (Int Int) Bool)[|inv#0|, |inv#1|] -> true
Conjecture: (declare-fun push (Int Int Int) Bool)[|push#0|, |push#1|, |push#2|] -> false
Conjecture: (declare-fun fail@ (Bool) Bool)[|fail@#0|] -> false
=========================
In::add_counterexample
In::get_unique_learner_datapoint
=============
get_unique_learner_datapoint::Current Teacher Datapoint: fail@(true)
In::get_unique_learner_datapoint
=============
get_unique_learner_datapoint::Current Teacher Datapoint: inv(0, 4)
get_int_data::Printing integer attributes
get_unique_learner_datapoint:: Current Teacher Datapoint: inv(0, 4)
add_counterexample Current teacher datapoint(horn) : {inv(0, 4)} => {fail@(true)}
===========================================
Learning Iteration: 3
===========================================
In :: get_conjectures
In :: learn_decision_tree
In :: horn_verification::learner<JobManager>::learner(const JobManager&) [with JobManager = horn_verification::complex_job_manager]
In:: learn
In  chc run
run::New Categorical Node  attribute: 0
run::Categorical node child :0
run::Categorical node child :0
run::Categorical node child :0
run::Categorical Node Metadata 
Categorical attributes: $func (3)
Integer attributes: In chc run
In chc run
In chc run
In chc run
get_conjectures:: Printing the Decision Tree
switch x[0]
 false
 NULL
 if x[47] <= 0
  true
  false
Return from map_dt_z3
In::get_unordered_map

=========================
Printing the conjectures
Conjecture: (declare-fun inv (Int Int) Bool)[|inv#0|, |inv#1|] -> (<= |inv#1| 0)
Conjecture: (declare-fun push (Int Int Int) Bool)[|push#0|, |push#1|, |push#2|] -> false
Conjecture: (declare-fun fail@ (Bool) Bool)[|fail@#0|] -> false
=========================
In::add_counterexample
In::get_unique_learner_datapoint
=============
get_unique_learner_datapoint::Current Teacher Datapoint: fail@(true)
In::get_unique_learner_datapoint
=============
get_unique_learner_datapoint::Current Teacher Datapoint: inv(0, (- 1))
get_int_data::Printing integer attributes
get_unique_learner_datapoint:: Current Teacher Datapoint: inv(0, (- 1))
add_counterexample Current teacher datapoint(horn) : {inv(0, (- 1))} => {fail@(true)}
===========================================
Learning Iteration: 4
===========================================
In :: get_conjectures
In :: learn_decision_tree
In :: horn_verification::learner<JobManager>::learner(const JobManager&) [with JobManager = horn_verification::complex_job_manager]
In:: learn
In  chc run
run::New Categorical Node  attribute: 0
run::Categorical node child :0
run::Categorical node child :0
run::Categorical node child :0
run::Categorical Node Metadata 
Categorical attributes: $func (3)
Integer attributes: In chc run
In chc run
In chc run
In chc run
In chc run
In chc run
get_conjectures:: Printing the Decision Tree
switch x[0]
 false
 NULL
 if x[49] <= 0
  if x[47] <= 0
   true
   false
  false
Return from map_dt_z3
In::get_unordered_map

=========================
Printing the conjectures
Conjecture: (declare-fun inv (Int Int) Bool)[|inv#0|, |inv#1|] -> (and (<= |inv#1| 0) (<= (- |inv#0| |inv#1|) 0))
Conjecture: (declare-fun push (Int Int Int) Bool)[|push#0|, |push#1|, |push#2|] -> false
Conjecture: (declare-fun fail@ (Bool) Bool)[|fail@#0|] -> false
=========================
In::add_counterexample
In::get_unique_learner_datapoint
=============
get_unique_learner_datapoint::Current Teacher Datapoint: fail@(true)
In::get_unique_learner_datapoint
=============
get_unique_learner_datapoint::Current Teacher Datapoint: inv((- 1), (- 1))
get_int_data::Printing integer attributes
get_unique_learner_datapoint:: Current Teacher Datapoint: inv((- 1), (- 1))
add_counterexample Current teacher datapoint(horn) : {inv((- 1), (- 1))} => {fail@(true)}
===========================================
Learning Iteration: 5
===========================================
In :: get_conjectures
In :: learn_decision_tree
In :: horn_verification::learner<JobManager>::learner(const JobManager&) [with JobManager = horn_verification::complex_job_manager]
In:: learn
In  chc run
run::New Categorical Node  attribute: 0
run::Categorical node child :0
run::Categorical node child :0
run::Categorical node child :0
run::Categorical Node Metadata 
Categorical attributes: $func (3)
Integer attributes: In chc run
In chc run
In chc run
In chc run
In chc run
In chc run
In chc run
In chc run
get_conjectures:: Printing the Decision Tree
switch x[0]
 false
 NULL
 if x[46] <= -1
  false
  if x[49] <= 0
   if x[47] <= 0
    true
    false
   false
Return from map_dt_z3
In::get_unordered_map

=========================
Printing the conjectures
Conjecture: (declare-fun inv (Int Int) Bool)[|inv#0|, |inv#1|] -> (and (<= |inv#1| 0) (<= (- |inv#0| |inv#1|) 0) (> |inv#0| (- 1)))
Conjecture: (declare-fun push (Int Int Int) Bool)[|push#0|, |push#1|, |push#2|] -> false
Conjecture: (declare-fun fail@ (Bool) Bool)[|fail@#0|] -> false
=========================
Success (checked 32 CHCs, invoked learner 6 times)
(declare-fun inv (Int Int) Bool) => [|inv#0|, |inv#1|] -> (and (<= |inv#1| 0) (<= (- |inv#0| |inv#1|) 0) (> |inv#0| (- 1)))
Simplified Formual
(declare-fun push (Int Int Int) Bool) => [|push#0|, |push#1|, |push#2|] -> false
Simplified Formual
(declare-fun fail@ (Bool) Bool) => [|fail@#0|] -> false
Simplified Formual
Final Relations read
Relation : 1(declare-fun fail@ (Bool) Bool)fail@
Relation : 3(declare-fun push (Int Int Int) Bool)push
Relation : 2(declare-fun inv (Int Int) Bool)inv
Final CHCs read
CHC : (fail@ true)
CHC : (push k!3 k!4 k!2)
CHC : (inv k!5 k!4)
CHC : (push k!7 k!8 k!6)
CHC : (inv k!7 k!8)
CHC : (push k!10 k!11 k!9)
CHC : (inv k!10 k!11)
CHC : (inv k!13 k!12)
Total time: 0.36
