(declare-rel append (Int Int Int))
(declare-rel fail ())
(declare-rel inv (Int Int))
(declare-var A Int)
(declare-var B Int)
(declare-var C Int)
(declare-var D Int)
(rule (=> (and (= C 44) (= B 1) (= A 1)) (append C B A)))
(rule (=> (and (= C 93) (= B 0) (= A 0)) (append C B A)))
(rule (=> (and (= C (- 1)) (= B 0) (= A (- 1))) (append C B A)))
(rule (=> (and (= C (- 17)) (= B 128) (= A (- 17))) (append C B A)))
(rule (=> (and (= C 0) (= B 0) (= A 0)) (append C B A)))
(rule (=> (and (= C (- 99)) (= B 126) (= A (- 99))) (append C B A)))
(rule (=> (and (= C (- 128)) (= B (- 1)) (= A (- 128))) (append C B A)))
(rule (=> (and (= C (- 1)) (= B (- 36)) (= A (- 36))) (append C B A)))
(rule (=> (and (= C (- 18)) (= B (- 18)) (= A (- 18))) (append C B A)))
(rule (=> (and (= C 0) (= B (- 16)) (= A (- 16))) (append C B A)))
(rule (=> (and (= C 0) (= B (- 2)) (= A (- 2))) (append C B A)))
(rule (=> (and (= C 2) (= B 1) (= A 1)) (append C B A)))
(rule (=> (and (= C 0) (= B (- 1)) (= A (- 1))) (append C B A)))
(rule (=> (and (= C (- 1)) (= B 1) (= A (- 1))) (append C B A)))
(rule (=> (and (= C 1) (= B 128) (= A 1)) (append C B A)))
(rule (=> (and (= B 128) (= A 128)) (inv B A)))
(rule (=> (and (inv D C) (append A D B) (> C A)) (inv B A)))
(rule (=> (and (inv D A) (append C D B) (not (> A C))) (inv B A)))
(rule (=> (and (inv A B) (not (= B A))) fail))


Read 19 rules and 1 queries (1)

---------- Query 0 ----------
(fail@ true)
SMTlIB :: expr : (fail@ true)
SMTlIB :: expr_decl : (declare-fun fail@ (Bool) Bool)
chc_declarations: (declare-fun fail@ (Bool) Bool)

---------- Rule 0 ----------
(forall ((v Int) (lmin Int) (lmin1 Int))
  (=> (and (= v 44) (= lmin 1) (= lmin1 1)) (append v lmin lmin1)))
SMTlIB :: expr : (append k!2 k!1 k!0)
SMTlIB :: expr_decl : (declare-fun append (Int Int Int) Bool)

---------- Rule 1 ----------
(forall ((v Int) (lmin Int) (lmin1 Int))
  (=> (and (= v 93) (= lmin 0) (= lmin1 0)) (append v lmin lmin1)))
SMTlIB :: expr : (append k!5 k!4 k!3)
SMTlIB :: expr_decl : (declare-fun append (Int Int Int) Bool)

---------- Rule 2 ----------
(forall ((v Int) (lmin Int) (lmin1 Int))
  (=> (and (= v (- 1)) (= lmin 0) (= lmin1 (- 1))) (append v lmin lmin1)))
SMTlIB :: expr : (append k!8 k!7 k!6)
SMTlIB :: expr_decl : (declare-fun append (Int Int Int) Bool)

---------- Rule 3 ----------
(forall ((v Int) (lmin Int) (lmin1 Int))
  (=> (and (= v (- 17)) (= lmin 128) (= lmin1 (- 17))) (append v lmin lmin1)))
SMTlIB :: expr : (append k!11 k!10 k!9)
SMTlIB :: expr_decl : (declare-fun append (Int Int Int) Bool)

---------- Rule 4 ----------
(forall ((v Int) (lmin Int) (lmin1 Int))
  (=> (and (= v 0) (= lmin 0) (= lmin1 0)) (append v lmin lmin1)))
SMTlIB :: expr : (append k!14 k!13 k!12)
SMTlIB :: expr_decl : (declare-fun append (Int Int Int) Bool)

---------- Rule 5 ----------
(forall ((v Int) (lmin Int) (lmin1 Int))
  (=> (and (= v (- 99)) (= lmin 126) (= lmin1 (- 99))) (append v lmin lmin1)))
SMTlIB :: expr : (append k!17 k!16 k!15)
SMTlIB :: expr_decl : (declare-fun append (Int Int Int) Bool)

---------- Rule 6 ----------
(forall ((v Int) (lmin Int) (lmin1 Int))
  (=> (and (= v (- 128)) (= lmin (- 1)) (= lmin1 (- 128)))
      (append v lmin lmin1)))
SMTlIB :: expr : (append k!20 k!19 k!18)
SMTlIB :: expr_decl : (declare-fun append (Int Int Int) Bool)

---------- Rule 7 ----------
(forall ((v Int) (lmin Int) (lmin1 Int))
  (=> (and (= v (- 1)) (= lmin (- 36)) (= lmin1 (- 36))) (append v lmin lmin1)))
SMTlIB :: expr : (append k!23 k!22 k!21)
SMTlIB :: expr_decl : (declare-fun append (Int Int Int) Bool)

---------- Rule 8 ----------
(forall ((v Int) (lmin Int) (lmin1 Int))
  (=> (and (= v (- 18)) (= lmin (- 18)) (= lmin1 (- 18))) (append v lmin lmin1)))
SMTlIB :: expr : (append k!26 k!25 k!24)
SMTlIB :: expr_decl : (declare-fun append (Int Int Int) Bool)

---------- Rule 9 ----------
(forall ((v Int) (lmin Int) (lmin1 Int))
  (=> (and (= v 0) (= lmin (- 16)) (= lmin1 (- 16))) (append v lmin lmin1)))
SMTlIB :: expr : (append k!29 k!28 k!27)
SMTlIB :: expr_decl : (declare-fun append (Int Int Int) Bool)

---------- Rule 10 ----------
(forall ((v Int) (lmin Int) (lmin1 Int))
  (=> (and (= v 0) (= lmin (- 2)) (= lmin1 (- 2))) (append v lmin lmin1)))
SMTlIB :: expr : (append k!32 k!31 k!30)
SMTlIB :: expr_decl : (declare-fun append (Int Int Int) Bool)

---------- Rule 11 ----------
(forall ((v Int) (lmin Int) (lmin1 Int))
  (=> (and (= v 2) (= lmin 1) (= lmin1 1)) (append v lmin lmin1)))
SMTlIB :: expr : (append k!35 k!34 k!33)
SMTlIB :: expr_decl : (declare-fun append (Int Int Int) Bool)

---------- Rule 12 ----------
(forall ((v Int) (lmin Int) (lmin1 Int))
  (=> (and (= v 0) (= lmin (- 1)) (= lmin1 (- 1))) (append v lmin lmin1)))
SMTlIB :: expr : (append k!38 k!37 k!36)
SMTlIB :: expr_decl : (declare-fun append (Int Int Int) Bool)

---------- Rule 13 ----------
(forall ((v Int) (lmin Int) (lmin1 Int))
  (=> (and (= v (- 1)) (= lmin 1) (= lmin1 (- 1))) (append v lmin lmin1)))
SMTlIB :: expr : (append k!41 k!40 k!39)
SMTlIB :: expr_decl : (declare-fun append (Int Int Int) Bool)

---------- Rule 14 ----------
(forall ((v Int) (lmin Int) (lmin1 Int))
  (=> (and (= v 1) (= lmin 128) (= lmin1 1)) (append v lmin lmin1)))
SMTlIB :: expr : (append k!44 k!43 k!42)
SMTlIB :: expr_decl : (declare-fun append (Int Int Int) Bool)

---------- Rule 15 ----------
(forall ((lmin Int) (gmin Int))
  (=> (and (= lmin 128) (= gmin 128)) (inv lmin gmin)))
SMTlIB :: expr : (inv k!46 k!45)
SMTlIB :: expr_decl : (declare-fun inv (Int Int) Bool)

---------- Rule 16 ----------
(forall ((lmin Int) (gmin Int) (lmin1 Int) (v Int))
  (=> (and (inv lmin gmin) (append v lmin lmin1) (> gmin v)) (inv lmin1 v)))
SMTlIB :: expr : (inv k!50 k!49)
SMTlIB :: expr_decl : (declare-fun inv (Int Int) Bool)
SMTlIB :: expr : (append k!47 k!50 k!48)
SMTlIB :: expr_decl : (declare-fun append (Int Int Int) Bool)
SMTlIB :: expr : (inv k!48 k!47)
SMTlIB :: expr_decl : (declare-fun inv (Int Int) Bool)

---------- Rule 17 ----------
(forall ((lmin Int) (v Int) (lmin1 Int) (gmin Int))
  (=> (and (inv lmin gmin) (append v lmin lmin1) (not (> gmin v)))
      (inv lmin1 gmin)))
SMTlIB :: expr : (inv k!54 k!51)
SMTlIB :: expr_decl : (declare-fun inv (Int Int) Bool)
SMTlIB :: expr : (append k!53 k!54 k!52)
SMTlIB :: expr_decl : (declare-fun append (Int Int Int) Bool)
SMTlIB :: expr : (inv k!52 k!51)
SMTlIB :: expr_decl : (declare-fun inv (Int Int) Bool)

---------- Rule 18 ----------
(forall ((gmin Int) (lmin Int))
  (=> (and (inv lmin gmin) (not (= gmin lmin))) (fail@ true)))
SMTlIB :: expr : (inv k!55 k!56)
SMTlIB :: expr_decl : (declare-fun inv (Int Int) Bool)
SMTlIB :: expr : (fail@ true)
SMTlIB :: expr_decl : (declare-fun fail@ (Bool) Bool)

 Printing processed queries 
main::parsed 
---------- Relations to synthesize ----------
(declare-fun fail@ (Bool) Bool)
(declare-fun inv (Int Int) Bool)
(declare-fun append (Int Int Int) Bool)
---------- CHCs ----------
 -- CHC
(not (fail@ true))
 -- Uninterpreted predicates
(declare-fun fail@ (Bool) Bool)
 -- LHS
(fail@ true)
 -- RHS

 -- CHC
(=> (and (= k!2 44) (= k!1 1) (= k!0 1)) (append k!2 k!1 k!0))
 -- Uninterpreted predicates
(declare-fun append (Int Int Int) Bool)
 -- LHS
 -- RHS
(append k!2 k!1 k!0)

 -- CHC
(=> (and (= k!5 93) (= k!4 0) (= k!3 0)) (append k!5 k!4 k!3))
 -- Uninterpreted predicates
(declare-fun append (Int Int Int) Bool)
 -- LHS
 -- RHS
(append k!5 k!4 k!3)

 -- CHC
(=> (and (= k!8 (- 1)) (= k!7 0) (= k!6 (- 1))) (append k!8 k!7 k!6))
 -- Uninterpreted predicates
(declare-fun append (Int Int Int) Bool)
 -- LHS
 -- RHS
(append k!8 k!7 k!6)

 -- CHC
(=> (and (= k!11 (- 17)) (= k!10 128) (= k!9 (- 17))) (append k!11 k!10 k!9))
 -- Uninterpreted predicates
(declare-fun append (Int Int Int) Bool)
 -- LHS
 -- RHS
(append k!11 k!10 k!9)

 -- CHC
(=> (and (= k!14 0) (= k!13 0) (= k!12 0)) (append k!14 k!13 k!12))
 -- Uninterpreted predicates
(declare-fun append (Int Int Int) Bool)
 -- LHS
 -- RHS
(append k!14 k!13 k!12)

 -- CHC
(=> (and (= k!17 (- 99)) (= k!16 126) (= k!15 (- 99))) (append k!17 k!16 k!15))
 -- Uninterpreted predicates
(declare-fun append (Int Int Int) Bool)
 -- LHS
 -- RHS
(append k!17 k!16 k!15)

 -- CHC
(=> (and (= k!20 (- 128)) (= k!19 (- 1)) (= k!18 (- 128)))
    (append k!20 k!19 k!18))
 -- Uninterpreted predicates
(declare-fun append (Int Int Int) Bool)
 -- LHS
 -- RHS
(append k!20 k!19 k!18)

 -- CHC
(=> (and (= k!23 (- 1)) (= k!22 (- 36)) (= k!21 (- 36)))
    (append k!23 k!22 k!21))
 -- Uninterpreted predicates
(declare-fun append (Int Int Int) Bool)
 -- LHS
 -- RHS
(append k!23 k!22 k!21)

 -- CHC
(=> (and (= k!26 (- 18)) (= k!25 (- 18)) (= k!24 (- 18)))
    (append k!26 k!25 k!24))
 -- Uninterpreted predicates
(declare-fun append (Int Int Int) Bool)
 -- LHS
 -- RHS
(append k!26 k!25 k!24)

 -- CHC
(=> (and (= k!29 0) (= k!28 (- 16)) (= k!27 (- 16))) (append k!29 k!28 k!27))
 -- Uninterpreted predicates
(declare-fun append (Int Int Int) Bool)
 -- LHS
 -- RHS
(append k!29 k!28 k!27)

 -- CHC
(=> (and (= k!32 0) (= k!31 (- 2)) (= k!30 (- 2))) (append k!32 k!31 k!30))
 -- Uninterpreted predicates
(declare-fun append (Int Int Int) Bool)
 -- LHS
 -- RHS
(append k!32 k!31 k!30)

 -- CHC
(=> (and (= k!35 2) (= k!34 1) (= k!33 1)) (append k!35 k!34 k!33))
 -- Uninterpreted predicates
(declare-fun append (Int Int Int) Bool)
 -- LHS
 -- RHS
(append k!35 k!34 k!33)

 -- CHC
(=> (and (= k!38 0) (= k!37 (- 1)) (= k!36 (- 1))) (append k!38 k!37 k!36))
 -- Uninterpreted predicates
(declare-fun append (Int Int Int) Bool)
 -- LHS
 -- RHS
(append k!38 k!37 k!36)

 -- CHC
(=> (and (= k!41 (- 1)) (= k!40 1) (= k!39 (- 1))) (append k!41 k!40 k!39))
 -- Uninterpreted predicates
(declare-fun append (Int Int Int) Bool)
 -- LHS
 -- RHS
(append k!41 k!40 k!39)

 -- CHC
(=> (and (= k!44 1) (= k!43 128) (= k!42 1)) (append k!44 k!43 k!42))
 -- Uninterpreted predicates
(declare-fun append (Int Int Int) Bool)
 -- LHS
 -- RHS
(append k!44 k!43 k!42)

 -- CHC
(=> (and (= k!46 128) (= k!45 128)) (inv k!46 k!45))
 -- Uninterpreted predicates
(declare-fun inv (Int Int) Bool)
 -- LHS
 -- RHS
(inv k!46 k!45)

 -- CHC
(=> (and (inv k!50 k!49) (append k!47 k!50 k!48) (> k!49 k!47)) (inv k!48 k!47))
 -- Uninterpreted predicates
(declare-fun append (Int Int Int) Bool)
(declare-fun inv (Int Int) Bool)
 -- LHS
(append k!47 k!50 k!48)
(inv k!50 k!49)
 -- RHS
(inv k!48 k!47)

 -- CHC
(=> (and (inv k!54 k!51) (append k!53 k!54 k!52) (not (> k!51 k!53)))
    (inv k!52 k!51))
 -- Uninterpreted predicates
(declare-fun append (Int Int Int) Bool)
(declare-fun inv (Int Int) Bool)
 -- LHS
(append k!53 k!54 k!52)
(inv k!54 k!51)
 -- RHS
(inv k!52 k!51)

 -- CHC
(=> (and (inv k!55 k!56) (not (= k!56 k!55))) (fail@ true))
 -- Uninterpreted predicates
(declare-fun fail@ (Bool) Bool)
(declare-fun inv (Int Int) Bool)
 -- LHS
(inv k!55 k!56)
 -- RHS
(fail@ true)


Printing parse CHCs and relations
chc ::  -- CHC
(not (fail@ true))
 -- Uninterpreted predicates
(declare-fun fail@ (Bool) Bool)
 -- LHS
(fail@ true)
 -- RHS

chc ::  -- CHC
(=> (and (= k!2 44) (= k!1 1) (= k!0 1)) (append k!2 k!1 k!0))
 -- Uninterpreted predicates
(declare-fun append (Int Int Int) Bool)
 -- LHS
 -- RHS
(append k!2 k!1 k!0)

chc ::  -- CHC
(=> (and (= k!5 93) (= k!4 0) (= k!3 0)) (append k!5 k!4 k!3))
 -- Uninterpreted predicates
(declare-fun append (Int Int Int) Bool)
 -- LHS
 -- RHS
(append k!5 k!4 k!3)

chc ::  -- CHC
(=> (and (= k!8 (- 1)) (= k!7 0) (= k!6 (- 1))) (append k!8 k!7 k!6))
 -- Uninterpreted predicates
(declare-fun append (Int Int Int) Bool)
 -- LHS
 -- RHS
(append k!8 k!7 k!6)

chc ::  -- CHC
(=> (and (= k!11 (- 17)) (= k!10 128) (= k!9 (- 17))) (append k!11 k!10 k!9))
 -- Uninterpreted predicates
(declare-fun append (Int Int Int) Bool)
 -- LHS
 -- RHS
(append k!11 k!10 k!9)

chc ::  -- CHC
(=> (and (= k!14 0) (= k!13 0) (= k!12 0)) (append k!14 k!13 k!12))
 -- Uninterpreted predicates
(declare-fun append (Int Int Int) Bool)
 -- LHS
 -- RHS
(append k!14 k!13 k!12)

chc ::  -- CHC
(=> (and (= k!17 (- 99)) (= k!16 126) (= k!15 (- 99))) (append k!17 k!16 k!15))
 -- Uninterpreted predicates
(declare-fun append (Int Int Int) Bool)
 -- LHS
 -- RHS
(append k!17 k!16 k!15)

chc ::  -- CHC
(=> (and (= k!20 (- 128)) (= k!19 (- 1)) (= k!18 (- 128)))
    (append k!20 k!19 k!18))
 -- Uninterpreted predicates
(declare-fun append (Int Int Int) Bool)
 -- LHS
 -- RHS
(append k!20 k!19 k!18)

chc ::  -- CHC
(=> (and (= k!23 (- 1)) (= k!22 (- 36)) (= k!21 (- 36)))
    (append k!23 k!22 k!21))
 -- Uninterpreted predicates
(declare-fun append (Int Int Int) Bool)
 -- LHS
 -- RHS
(append k!23 k!22 k!21)

chc ::  -- CHC
(=> (and (= k!26 (- 18)) (= k!25 (- 18)) (= k!24 (- 18)))
    (append k!26 k!25 k!24))
 -- Uninterpreted predicates
(declare-fun append (Int Int Int) Bool)
 -- LHS
 -- RHS
(append k!26 k!25 k!24)

chc ::  -- CHC
(=> (and (= k!29 0) (= k!28 (- 16)) (= k!27 (- 16))) (append k!29 k!28 k!27))
 -- Uninterpreted predicates
(declare-fun append (Int Int Int) Bool)
 -- LHS
 -- RHS
(append k!29 k!28 k!27)

chc ::  -- CHC
(=> (and (= k!32 0) (= k!31 (- 2)) (= k!30 (- 2))) (append k!32 k!31 k!30))
 -- Uninterpreted predicates
(declare-fun append (Int Int Int) Bool)
 -- LHS
 -- RHS
(append k!32 k!31 k!30)

chc ::  -- CHC
(=> (and (= k!35 2) (= k!34 1) (= k!33 1)) (append k!35 k!34 k!33))
 -- Uninterpreted predicates
(declare-fun append (Int Int Int) Bool)
 -- LHS
 -- RHS
(append k!35 k!34 k!33)

chc ::  -- CHC
(=> (and (= k!38 0) (= k!37 (- 1)) (= k!36 (- 1))) (append k!38 k!37 k!36))
 -- Uninterpreted predicates
(declare-fun append (Int Int Int) Bool)
 -- LHS
 -- RHS
(append k!38 k!37 k!36)

chc ::  -- CHC
(=> (and (= k!41 (- 1)) (= k!40 1) (= k!39 (- 1))) (append k!41 k!40 k!39))
 -- Uninterpreted predicates
(declare-fun append (Int Int Int) Bool)
 -- LHS
 -- RHS
(append k!41 k!40 k!39)

chc ::  -- CHC
(=> (and (= k!44 1) (= k!43 128) (= k!42 1)) (append k!44 k!43 k!42))
 -- Uninterpreted predicates
(declare-fun append (Int Int Int) Bool)
 -- LHS
 -- RHS
(append k!44 k!43 k!42)

chc ::  -- CHC
(=> (and (= k!46 128) (= k!45 128)) (inv k!46 k!45))
 -- Uninterpreted predicates
(declare-fun inv (Int Int) Bool)
 -- LHS
 -- RHS
(inv k!46 k!45)

chc ::  -- CHC
(=> (and (inv k!50 k!49) (append k!47 k!50 k!48) (> k!49 k!47)) (inv k!48 k!47))
 -- Uninterpreted predicates
(declare-fun append (Int Int Int) Bool)
(declare-fun inv (Int Int) Bool)
 -- LHS
(append k!47 k!50 k!48)
(inv k!50 k!49)
 -- RHS
(inv k!48 k!47)

chc ::  -- CHC
(=> (and (inv k!54 k!51) (append k!53 k!54 k!52) (not (> k!51 k!53)))
    (inv k!52 k!51))
 -- Uninterpreted predicates
(declare-fun append (Int Int Int) Bool)
(declare-fun inv (Int Int) Bool)
 -- LHS
(append k!53 k!54 k!52)
(inv k!54 k!51)
 -- RHS
(inv k!52 k!51)

chc ::  -- CHC
(=> (and (inv k!55 k!56) (not (= k!56 k!55))) (fail@ true))
 -- Uninterpreted predicates
(declare-fun fail@ (Bool) Bool)
(declare-fun inv (Int Int) Bool)
 -- LHS
(inv k!55 k!56)
 -- RHS
(fail@ true)

rel :: (declare-fun fail@ (Bool) Bool)
rel :: (declare-fun inv (Int Int) Bool)
rel :: (declare-fun append (Int Int Int) Bool)
In learn2
In learner_interface
In configure_learner
learner_interface:: relations in the CHCs : 
(declare-fun fail@ (Bool) Bool)
(declare-fun inv (Int Int) Bool)
(declare-fun append (Int Int Int) Bool)
learner_interface :: Relation : (declare-fun fail@ (Bool) Bool) is mapped to CatID :  0
learner_interfaceCatID : 0 is mapped to Relation : (declare-fun fail@ (Bool) Bool)
learner_interfaceRelation : (declare-fun fail@ (Bool) Bool) is mapped to baseval :  0
Attribute Identifier : 1 attribute : fail@#0Bool
add_integer_attribute::Integer Attribute::fail@#0
learner_interface :: Relation : (declare-fun inv (Int Int) Bool) is mapped to CatID :  1
learner_interfaceCatID : 1 is mapped to Relation : (declare-fun inv (Int Int) Bool)
learner_interfaceRelation : (declare-fun inv (Int Int) Bool) is mapped to baseval :  1
Attribute Identifier : 2 attribute : inv#0Int
add_integer_attribute::Integer Attribute::inv#0
Attribute Identifier : 3 attribute : inv#1Int
add_integer_attribute::Integer Attribute::inv#1
add_integer_attribute::Integer Attribute::|inv#0|+|inv#1|
learner_interfaceDerived Attribute Identifier : 4 Derived attribute : (+ |inv#0| |inv#1|)
add_integer_attribute::Integer Attribute::|inv#0|-|inv#1|
learner_interfaceDerived Attribute Identifier : 5 Derived attribute : (- |inv#0| |inv#1|)
learner_interface :: Relation : (declare-fun append (Int Int Int) Bool) is mapped to CatID :  2
learner_interfaceCatID : 2 is mapped to Relation : (declare-fun append (Int Int Int) Bool)
learner_interfaceRelation : (declare-fun append (Int Int Int) Bool) is mapped to baseval :  5
Attribute Identifier : 6 attribute : append#0Int
add_integer_attribute::Integer Attribute::append#0
Attribute Identifier : 7 attribute : append#1Int
add_integer_attribute::Integer Attribute::append#1
Attribute Identifier : 8 attribute : append#2Int
add_integer_attribute::Integer Attribute::append#2
add_integer_attribute::Integer Attribute::|append#0|+|append#1|+|append#2|
learner_interfaceDerived Attribute Identifier : 9 Derived attribute : (+ |append#0| |append#1| |append#2|)
add_integer_attribute::Integer Attribute::|append#0|-|append#1|-|append#2|
learner_interfaceDerived Attribute Identifier : 10 Derived attribute : (- (- |append#0| |append#1|) |append#2|)
add_integer_attribute::Integer Attribute::|append#0|+|append#1|-|append#2|
learner_interfaceDerived Attribute Identifier : 11 Derived attribute : (- (+ |append#0| |append#1|) |append#2|)
add_integer_attribute::Integer Attribute::|append#0|-|append#1|+|append#2|
learner_interfaceDerived Attribute Identifier : 12 Derived attribute : (+ (- |append#0| |append#1|) |append#2|)
add_integer_attribute::Integer Attribute::|append#0|+|append#2|+|append#1|
learner_interfaceDerived Attribute Identifier : 13 Derived attribute : (+ |append#0| |append#2| |append#1|)
add_integer_attribute::Integer Attribute::|append#0|-|append#2|-|append#1|
learner_interfaceDerived Attribute Identifier : 14 Derived attribute : (- (- |append#0| |append#2|) |append#1|)
add_integer_attribute::Integer Attribute::|append#0|+|append#2|-|append#1|
learner_interfaceDerived Attribute Identifier : 15 Derived attribute : (- (+ |append#0| |append#2|) |append#1|)
add_integer_attribute::Integer Attribute::|append#0|-|append#2|+|append#1|
learner_interfaceDerived Attribute Identifier : 16 Derived attribute : (+ (- |append#0| |append#2|) |append#1|)
add_integer_attribute::Integer Attribute::|append#1|+|append#0|+|append#2|
learner_interfaceDerived Attribute Identifier : 17 Derived attribute : (+ |append#1| |append#0| |append#2|)
add_integer_attribute::Integer Attribute::|append#1|-|append#0|-|append#2|
learner_interfaceDerived Attribute Identifier : 18 Derived attribute : (- (- |append#1| |append#0|) |append#2|)
add_integer_attribute::Integer Attribute::|append#1|+|append#0|-|append#2|
learner_interfaceDerived Attribute Identifier : 19 Derived attribute : (- (+ |append#1| |append#0|) |append#2|)
add_integer_attribute::Integer Attribute::|append#1|-|append#0|+|append#2|
learner_interfaceDerived Attribute Identifier : 20 Derived attribute : (+ (- |append#1| |append#0|) |append#2|)
add_integer_attribute::Integer Attribute::|append#1|+|append#2|+|append#0|
learner_interfaceDerived Attribute Identifier : 21 Derived attribute : (+ |append#1| |append#2| |append#0|)
add_integer_attribute::Integer Attribute::|append#1|-|append#2|-|append#0|
learner_interfaceDerived Attribute Identifier : 22 Derived attribute : (- (- |append#1| |append#2|) |append#0|)
add_integer_attribute::Integer Attribute::|append#1|+|append#2|-|append#0|
learner_interfaceDerived Attribute Identifier : 23 Derived attribute : (- (+ |append#1| |append#2|) |append#0|)
add_integer_attribute::Integer Attribute::|append#1|-|append#2|+|append#0|
learner_interfaceDerived Attribute Identifier : 24 Derived attribute : (+ (- |append#1| |append#2|) |append#0|)
add_integer_attribute::Integer Attribute::|append#2|+|append#0|+|append#1|
learner_interfaceDerived Attribute Identifier : 25 Derived attribute : (+ |append#2| |append#0| |append#1|)
add_integer_attribute::Integer Attribute::|append#2|-|append#0|-|append#1|
learner_interfaceDerived Attribute Identifier : 26 Derived attribute : (- (- |append#2| |append#0|) |append#1|)
add_integer_attribute::Integer Attribute::|append#2|+|append#0|-|append#1|
learner_interfaceDerived Attribute Identifier : 27 Derived attribute : (- (+ |append#2| |append#0|) |append#1|)
add_integer_attribute::Integer Attribute::|append#2|-|append#0|+|append#1|
learner_interfaceDerived Attribute Identifier : 28 Derived attribute : (+ (- |append#2| |append#0|) |append#1|)
add_integer_attribute::Integer Attribute::|append#2|+|append#1|+|append#0|
learner_interfaceDerived Attribute Identifier : 29 Derived attribute : (+ |append#2| |append#1| |append#0|)
add_integer_attribute::Integer Attribute::|append#2|-|append#1|-|append#0|
learner_interfaceDerived Attribute Identifier : 30 Derived attribute : (- (- |append#2| |append#1|) |append#0|)
add_integer_attribute::Integer Attribute::|append#2|+|append#1|-|append#0|
learner_interfaceDerived Attribute Identifier : 31 Derived attribute : (- (+ |append#2| |append#1|) |append#0|)
add_integer_attribute::Integer Attribute::|append#2|-|append#1|+|append#0|
learner_interfaceDerived Attribute Identifier : 32 Derived attribute : (+ (- |append#2| |append#1|) |append#0|)
add_integer_attribute::Integer Attribute::|append#0|+|append#2|+|append#2|
learner_interfaceDerived Attribute Identifier : 33 Derived attribute : (+ |append#0| |append#2| |append#2|)
add_integer_attribute::Integer Attribute::|append#0|-|append#2|-|append#2|
learner_interfaceDerived Attribute Identifier : 34 Derived attribute : (- (- |append#0| |append#2|) |append#2|)
add_integer_attribute::Integer Attribute::|append#0|+|append#2|-|append#2|
learner_interfaceDerived Attribute Identifier : 35 Derived attribute : (- (+ |append#0| |append#2|) |append#2|)
add_integer_attribute::Integer Attribute::|append#0|-|append#2|+|append#2|
learner_interfaceDerived Attribute Identifier : 36 Derived attribute : (+ (- |append#0| |append#2|) |append#2|)
add_integer_attribute::Integer Attribute::|append#2|+|append#0|+|append#2|
learner_interfaceDerived Attribute Identifier : 37 Derived attribute : (+ |append#2| |append#0| |append#2|)
add_integer_attribute::Integer Attribute::|append#2|-|append#0|-|append#2|
learner_interfaceDerived Attribute Identifier : 38 Derived attribute : (- (- |append#2| |append#0|) |append#2|)
add_integer_attribute::Integer Attribute::|append#2|+|append#0|-|append#2|
learner_interfaceDerived Attribute Identifier : 39 Derived attribute : (- (+ |append#2| |append#0|) |append#2|)
add_integer_attribute::Integer Attribute::|append#2|-|append#0|+|append#2|
learner_interfaceDerived Attribute Identifier : 40 Derived attribute : (+ (- |append#2| |append#0|) |append#2|)
add_integer_attribute::Integer Attribute::|append#2|+|append#2|+|append#0|
learner_interfaceDerived Attribute Identifier : 41 Derived attribute : (+ |append#2| |append#2| |append#0|)
add_integer_attribute::Integer Attribute::|append#2|-|append#2|-|append#0|
learner_interfaceDerived Attribute Identifier : 42 Derived attribute : (- (- |append#2| |append#2|) |append#0|)
add_integer_attribute::Integer Attribute::|append#2|+|append#2|-|append#0|
learner_interfaceDerived Attribute Identifier : 43 Derived attribute : (- (+ |append#2| |append#2|) |append#0|)
add_integer_attribute::Integer Attribute::|append#2|-|append#2|+|append#0|
learner_interfaceDerived Attribute Identifier : 44 Derived attribute : (+ (- |append#2| |append#2|) |append#0|)
add_integer_attribute::Integer Attribute::|append#0|+|append#1|
learner_interfaceDerived Attribute Identifier : 45 Derived attribute : (+ |append#0| |append#1|)
add_integer_attribute::Integer Attribute::|append#0|-|append#1|
learner_interfaceDerived Attribute Identifier : 46 Derived attribute : (- |append#0| |append#1|)
add_integer_attribute::Integer Attribute::|append#0|+|append#2|
learner_interfaceDerived Attribute Identifier : 47 Derived attribute : (+ |append#0| |append#2|)
add_integer_attribute::Integer Attribute::|append#0|-|append#2|
learner_interfaceDerived Attribute Identifier : 48 Derived attribute : (- |append#0| |append#2|)
add_integer_attribute::Integer Attribute::|append#1|+|append#2|
learner_interfaceDerived Attribute Identifier : 49 Derived attribute : (+ |append#1| |append#2|)
add_integer_attribute::Integer Attribute::|append#1|-|append#2|
learner_interfaceDerived Attribute Identifier : 50 Derived attribute : (- |append#1| |append#2|)
===========================================
Learning Iteration: 0
===========================================
In :: get_conjectures
In :: learn_decision_tree
In :: horn_verification::learner<JobManager>::learner(const JobManager&) [with JobManager = horn_verification::complex_job_manager]
In:: learn
get_conjectures:: Printing the Decision Tree
true
Return from map_dt_z3
In::get_unordered_map

=========================
Printing the conjectures
Conjecture: (declare-fun fail@ (Bool) Bool)[|fail@#0|] -> true
Conjecture: (declare-fun inv (Int Int) Bool)[|inv#0|, |inv#1|] -> true
Conjecture: (declare-fun append (Int Int Int) Bool)[|append#0|, |append#1|, |append#2|] -> true
=========================
In::add_counterexample
In::get_unique_learner_datapoint
=============
get_unique_learner_datapoint::Current Teacher Datapoint: fail@(true)
get_int_data::Printing integer attributes
get_unique_learner_datapoint:: Current Teacher Datapoint: fail@(true)
add_counterexample Current teacher datapoint(Negative) : fail@(true)
===========================================
Learning Iteration: 1
===========================================
In :: get_conjectures
In :: learn_decision_tree
In :: horn_verification::learner<JobManager>::learner(const JobManager&) [with JobManager = horn_verification::complex_job_manager]
In:: learn
In  chc run
run::New Categorical Node  attribute: 0
run::Categorical node child :0
run::Categorical node child :0
run::Categorical node child :0
run::Categorical Node Metadata 
Categorical attributes: $func (3)
Integer attributes: In chc run
get_conjectures:: Printing the Decision Tree
switch x[0]
 false
 NULL
 NULL
Return from map_dt_z3
In::get_unordered_map

=========================
Printing the conjectures
Conjecture: (declare-fun append (Int Int Int) Bool)[|append#0|, |append#1|, |append#2|] -> false
Conjecture: (declare-fun inv (Int Int) Bool)[|inv#0|, |inv#1|] -> false
Conjecture: (declare-fun fail@ (Bool) Bool)[|fail@#0|] -> false
=========================
In::add_counterexample
add_counterexample Current counterexample : {} => {append(44, 1, 1)}
add_counterexample Current teacher datapoint : append(44, 1, 1)
In::get_unique_learner_datapoint
=============
get_unique_learner_datapoint::Current Teacher Datapoint: append(44, 1, 1)
get_int_data::Printing integer attributes
get_unique_learner_datapoint:: Current Teacher Datapoint: append(44, 1, 1)
add_counterexample Current teacher datapoint(Positive) : append(44, 1, 1)
In::add_counterexample
add_counterexample Current counterexample : {} => {append(93, 0, 0)}
add_counterexample Current teacher datapoint : append(93, 0, 0)
In::get_unique_learner_datapoint
=============
get_unique_learner_datapoint::Current Teacher Datapoint: append(93, 0, 0)
get_int_data::Printing integer attributes
get_unique_learner_datapoint:: Current Teacher Datapoint: append(93, 0, 0)
add_counterexample Current teacher datapoint(Positive) : append(93, 0, 0)
In::add_counterexample
add_counterexample Current counterexample : {} => {append((- 1), 0, (- 1))}
add_counterexample Current teacher datapoint : append((- 1), 0, (- 1))
In::get_unique_learner_datapoint
=============
get_unique_learner_datapoint::Current Teacher Datapoint: append((- 1), 0, (- 1))
get_int_data::Printing integer attributes
get_unique_learner_datapoint:: Current Teacher Datapoint: append((- 1), 0, (- 1))
add_counterexample Current teacher datapoint(Positive) : append((- 1), 0, (- 1))
In::add_counterexample
add_counterexample Current counterexample : {} => {append((- 17), 128, (- 17))}
add_counterexample Current teacher datapoint : append((- 17), 128, (- 17))
In::get_unique_learner_datapoint
=============
get_unique_learner_datapoint::Current Teacher Datapoint: append((- 17), 128, (- 17))
get_int_data::Printing integer attributes
get_unique_learner_datapoint:: Current Teacher Datapoint: append((- 17), 128, (- 17))
add_counterexample Current teacher datapoint(Positive) : append((- 17), 128, (- 17))
In::add_counterexample
add_counterexample Current counterexample : {} => {append(0, 0, 0)}
add_counterexample Current teacher datapoint : append(0, 0, 0)
In::get_unique_learner_datapoint
=============
get_unique_learner_datapoint::Current Teacher Datapoint: append(0, 0, 0)
get_int_data::Printing integer attributes
get_unique_learner_datapoint:: Current Teacher Datapoint: append(0, 0, 0)
add_counterexample Current teacher datapoint(Positive) : append(0, 0, 0)
In::add_counterexample
add_counterexample Current counterexample : {} => {append((- 99), 126, (- 99))}
add_counterexample Current teacher datapoint : append((- 99), 126, (- 99))
In::get_unique_learner_datapoint
=============
get_unique_learner_datapoint::Current Teacher Datapoint: append((- 99), 126, (- 99))
get_int_data::Printing integer attributes
get_unique_learner_datapoint:: Current Teacher Datapoint: append((- 99), 126, (- 99))
add_counterexample Current teacher datapoint(Positive) : append((- 99), 126, (- 99))
In::add_counterexample
add_counterexample Current counterexample : {} => {append((- 128), (- 1), (- 128))}
add_counterexample Current teacher datapoint : append((- 128), (- 1), (- 128))
In::get_unique_learner_datapoint
=============
get_unique_learner_datapoint::Current Teacher Datapoint: append((- 128), (- 1), (- 128))
get_int_data::Printing integer attributes
get_unique_learner_datapoint:: Current Teacher Datapoint: append((- 128), (- 1), (- 128))
add_counterexample Current teacher datapoint(Positive) : append((- 128), (- 1), (- 128))
In::add_counterexample
add_counterexample Current counterexample : {} => {append((- 1), (- 36), (- 36))}
add_counterexample Current teacher datapoint : append((- 1), (- 36), (- 36))
In::get_unique_learner_datapoint
=============
get_unique_learner_datapoint::Current Teacher Datapoint: append((- 1), (- 36), (- 36))
get_int_data::Printing integer attributes
get_unique_learner_datapoint:: Current Teacher Datapoint: append((- 1), (- 36), (- 36))
add_counterexample Current teacher datapoint(Positive) : append((- 1), (- 36), (- 36))
In::add_counterexample
add_counterexample Current counterexample : {} => {append((- 18), (- 18), (- 18))}
add_counterexample Current teacher datapoint : append((- 18), (- 18), (- 18))
In::get_unique_learner_datapoint
=============
get_unique_learner_datapoint::Current Teacher Datapoint: append((- 18), (- 18), (- 18))
get_int_data::Printing integer attributes
get_unique_learner_datapoint:: Current Teacher Datapoint: append((- 18), (- 18), (- 18))
add_counterexample Current teacher datapoint(Positive) : append((- 18), (- 18), (- 18))
In::add_counterexample
add_counterexample Current counterexample : {} => {append(0, (- 16), (- 16))}
add_counterexample Current teacher datapoint : append(0, (- 16), (- 16))
In::get_unique_learner_datapoint
=============
get_unique_learner_datapoint::Current Teacher Datapoint: append(0, (- 16), (- 16))
get_int_data::Printing integer attributes
get_unique_learner_datapoint:: Current Teacher Datapoint: append(0, (- 16), (- 16))
add_counterexample Current teacher datapoint(Positive) : append(0, (- 16), (- 16))
In::add_counterexample
add_counterexample Current counterexample : {} => {append(0, (- 2), (- 2))}
add_counterexample Current teacher datapoint : append(0, (- 2), (- 2))
In::get_unique_learner_datapoint
=============
get_unique_learner_datapoint::Current Teacher Datapoint: append(0, (- 2), (- 2))
get_int_data::Printing integer attributes
get_unique_learner_datapoint:: Current Teacher Datapoint: append(0, (- 2), (- 2))
add_counterexample Current teacher datapoint(Positive) : append(0, (- 2), (- 2))
In::add_counterexample
add_counterexample Current counterexample : {} => {append(2, 1, 1)}
add_counterexample Current teacher datapoint : append(2, 1, 1)
In::get_unique_learner_datapoint
=============
get_unique_learner_datapoint::Current Teacher Datapoint: append(2, 1, 1)
get_int_data::Printing integer attributes
get_unique_learner_datapoint:: Current Teacher Datapoint: append(2, 1, 1)
add_counterexample Current teacher datapoint(Positive) : append(2, 1, 1)
In::add_counterexample
add_counterexample Current counterexample : {} => {append(0, (- 1), (- 1))}
add_counterexample Current teacher datapoint : append(0, (- 1), (- 1))
In::get_unique_learner_datapoint
=============
get_unique_learner_datapoint::Current Teacher Datapoint: append(0, (- 1), (- 1))
get_int_data::Printing integer attributes
get_unique_learner_datapoint:: Current Teacher Datapoint: append(0, (- 1), (- 1))
add_counterexample Current teacher datapoint(Positive) : append(0, (- 1), (- 1))
In::add_counterexample
add_counterexample Current counterexample : {} => {append((- 1), 1, (- 1))}
add_counterexample Current teacher datapoint : append((- 1), 1, (- 1))
In::get_unique_learner_datapoint
=============
get_unique_learner_datapoint::Current Teacher Datapoint: append((- 1), 1, (- 1))
get_int_data::Printing integer attributes
get_unique_learner_datapoint:: Current Teacher Datapoint: append((- 1), 1, (- 1))
add_counterexample Current teacher datapoint(Positive) : append((- 1), 1, (- 1))
In::add_counterexample
add_counterexample Current counterexample : {} => {append(1, 128, 1)}
add_counterexample Current teacher datapoint : append(1, 128, 1)
In::get_unique_learner_datapoint
=============
get_unique_learner_datapoint::Current Teacher Datapoint: append(1, 128, 1)
get_int_data::Printing integer attributes
get_unique_learner_datapoint:: Current Teacher Datapoint: append(1, 128, 1)
add_counterexample Current teacher datapoint(Positive) : append(1, 128, 1)
In::add_counterexample
add_counterexample Current counterexample : {} => {inv(128, 128)}
add_counterexample Current teacher datapoint : inv(128, 128)
In::get_unique_learner_datapoint
=============
get_unique_learner_datapoint::Current Teacher Datapoint: inv(128, 128)
get_int_data::Printing integer attributes
get_unique_learner_datapoint:: Current Teacher Datapoint: inv(128, 128)
add_counterexample Current teacher datapoint(Positive) : inv(128, 128)
===========================================
Learning Iteration: 2
===========================================
In :: get_conjectures
In :: learn_decision_tree
In :: horn_verification::learner<JobManager>::learner(const JobManager&) [with JobManager = horn_verification::complex_job_manager]
In:: learn
In  chc run
run::New Categorical Node  attribute: 0
run::Categorical node child :0
run::Categorical node child :0
run::Categorical node child :0
run::Categorical Node Metadata 
Categorical attributes: $func (3)
Integer attributes: In chc run
In chc run
In chc run
get_conjectures:: Printing the Decision Tree
switch x[0]
 false
 true
 true
Return from map_dt_z3
In::get_unordered_map

=========================
Printing the conjectures
Conjecture: (declare-fun append (Int Int Int) Bool)[|append#0|, |append#1|, |append#2|] -> true
Conjecture: (declare-fun inv (Int Int) Bool)[|inv#0|, |inv#1|] -> true
Conjecture: (declare-fun fail@ (Bool) Bool)[|fail@#0|] -> false
=========================
In::add_counterexample
In::get_unique_learner_datapoint
=============
get_unique_learner_datapoint::Current Teacher Datapoint: fail@(true)
In::get_unique_learner_datapoint
=============
get_unique_learner_datapoint::Current Teacher Datapoint: inv(0, 1)
get_int_data::Printing integer attributes
get_unique_learner_datapoint:: Current Teacher Datapoint: inv(0, 1)
add_counterexample Current teacher datapoint(horn) : {inv(0, 1)} => {fail@(true)}
===========================================
Learning Iteration: 3
===========================================
In :: get_conjectures
In :: learn_decision_tree
In :: horn_verification::learner<JobManager>::learner(const JobManager&) [with JobManager = horn_verification::complex_job_manager]
In:: learn
In  chc run
run::New Categorical Node  attribute: 0
run::Categorical node child :0
run::Categorical node child :0
run::Categorical node child :0
run::Categorical Node Metadata 
Categorical attributes: $func (3)
Integer attributes: In chc run
In chc run
In chc run
In chc run
In chc run
get_conjectures:: Printing the Decision Tree
switch x[0]
 false
 if x[1] <= 0
  false
  true
 true
Return from map_dt_z3
In::get_unordered_map

=========================
Printing the conjectures
Conjecture: (declare-fun append (Int Int Int) Bool)[|append#0|, |append#1|, |append#2|] -> true
Conjecture: (declare-fun inv (Int Int) Bool)[|inv#0|, |inv#1|] -> (> |inv#0| 0)
Conjecture: (declare-fun fail@ (Bool) Bool)[|fail@#0|] -> false
=========================
In::add_counterexample
In::get_unique_learner_datapoint
=============
get_unique_learner_datapoint::Current Teacher Datapoint: fail@(true)
In::get_unique_learner_datapoint
=============
get_unique_learner_datapoint::Current Teacher Datapoint: inv(1, 2)
get_int_data::Printing integer attributes
get_unique_learner_datapoint:: Current Teacher Datapoint: inv(1, 2)
add_counterexample Current teacher datapoint(horn) : {inv(1, 2)} => {fail@(true)}
In::add_counterexample
In::get_unique_learner_datapoint
=============
get_unique_learner_datapoint::Current Teacher Datapoint: inv(0, 0)
get_int_data::Printing integer attributes
get_unique_learner_datapoint:: Current Teacher Datapoint: inv(0, 0)
In::get_unique_learner_datapoint
=============
get_unique_learner_datapoint::Current Teacher Datapoint: append(0, 1, 0)
get_int_data::Printing integer attributes
get_unique_learner_datapoint:: Current Teacher Datapoint: append(0, 1, 0)
In::get_unique_learner_datapoint
=============
get_unique_learner_datapoint::Current Teacher Datapoint: inv(1, 1)
get_int_data::Printing integer attributes
get_unique_learner_datapoint:: Current Teacher Datapoint: inv(1, 1)
add_counterexample Current teacher datapoint(horn) : {append(0, 1, 0), inv(1, 1)} => {inv(0, 0)}
In::add_counterexample
In::get_unique_learner_datapoint
=============
get_unique_learner_datapoint::Current Teacher Datapoint: inv(0, 0)
get_int_data::Printing integer attributes
get_unique_learner_datapoint:: Current Teacher Datapoint: inv(0, 0)
In::get_unique_learner_datapoint
=============
get_unique_learner_datapoint::Current Teacher Datapoint: append(0, 1, 0)
get_int_data::Printing integer attributes
get_unique_learner_datapoint:: Current Teacher Datapoint: append(0, 1, 0)
In::get_unique_learner_datapoint
=============
get_unique_learner_datapoint::Current Teacher Datapoint: inv(1, 0)
get_int_data::Printing integer attributes
get_unique_learner_datapoint:: Current Teacher Datapoint: inv(1, 0)
add_counterexample Current teacher datapoint(horn) : {append(0, 1, 0), inv(1, 0)} => {inv(0, 0)}
===========================================
Learning Iteration: 4
===========================================
In :: get_conjectures
In :: learn_decision_tree
In :: horn_verification::learner<JobManager>::learner(const JobManager&) [with JobManager = horn_verification::complex_job_manager]
In:: learn
In  chc run
run::New Categorical Node  attribute: 0
run::Categorical node child :0
run::Categorical node child :0
run::Categorical node child :0
run::Categorical Node Metadata 
Categorical attributes: $func (3)
Integer attributes: In chc run
In chc run
In chc run
In chc run
In chc run
get_conjectures:: Printing the Decision Tree
switch x[0]
 false
 if x[1] <= 1
  false
  true
 true
Return from map_dt_z3
In::get_unordered_map

=========================
Printing the conjectures
Conjecture: (declare-fun append (Int Int Int) Bool)[|append#0|, |append#1|, |append#2|] -> true
Conjecture: (declare-fun inv (Int Int) Bool)[|inv#0|, |inv#1|] -> (> |inv#0| 1)
Conjecture: (declare-fun fail@ (Bool) Bool)[|fail@#0|] -> false
=========================
In::add_counterexample
In::get_unique_learner_datapoint
=============
get_unique_learner_datapoint::Current Teacher Datapoint: fail@(true)
In::get_unique_learner_datapoint
=============
get_unique_learner_datapoint::Current Teacher Datapoint: inv(2, 3)
get_int_data::Printing integer attributes
get_unique_learner_datapoint:: Current Teacher Datapoint: inv(2, 3)
add_counterexample Current teacher datapoint(horn) : {inv(2, 3)} => {fail@(true)}
In::add_counterexample
In::get_unique_learner_datapoint
=============
get_unique_learner_datapoint::Current Teacher Datapoint: inv(1, 0)
get_int_data::Printing integer attributes
get_unique_learner_datapoint:: Current Teacher Datapoint: inv(1, 0)
In::get_unique_learner_datapoint
=============
get_unique_learner_datapoint::Current Teacher Datapoint: append(0, 2, 1)
get_int_data::Printing integer attributes
get_unique_learner_datapoint:: Current Teacher Datapoint: append(0, 2, 1)
In::get_unique_learner_datapoint
=============
get_unique_learner_datapoint::Current Teacher Datapoint: inv(2, 1)
get_int_data::Printing integer attributes
get_unique_learner_datapoint:: Current Teacher Datapoint: inv(2, 1)
add_counterexample Current teacher datapoint(horn) : {append(0, 2, 1), inv(2, 1)} => {inv(1, 0)}
In::add_counterexample
In::get_unique_learner_datapoint
=============
get_unique_learner_datapoint::Current Teacher Datapoint: inv(1, 0)
get_int_data::Printing integer attributes
get_unique_learner_datapoint:: Current Teacher Datapoint: inv(1, 0)
In::get_unique_learner_datapoint
=============
get_unique_learner_datapoint::Current Teacher Datapoint: append(0, 2, 1)
get_int_data::Printing integer attributes
get_unique_learner_datapoint:: Current Teacher Datapoint: append(0, 2, 1)
In::get_unique_learner_datapoint
=============
get_unique_learner_datapoint::Current Teacher Datapoint: inv(2, 0)
get_int_data::Printing integer attributes
get_unique_learner_datapoint:: Current Teacher Datapoint: inv(2, 0)
add_counterexample Current teacher datapoint(horn) : {append(0, 2, 1), inv(2, 0)} => {inv(1, 0)}
===========================================
Learning Iteration: 5
===========================================
In :: get_conjectures
In :: learn_decision_tree
In :: horn_verification::learner<JobManager>::learner(const JobManager&) [with JobManager = horn_verification::complex_job_manager]
In:: learn
In  chc run
run::New Categorical Node  attribute: 0
run::Categorical node child :0
run::Categorical node child :0
run::Categorical node child :0
run::Categorical Node Metadata 
Categorical attributes: $func (3)
Integer attributes: In chc run
In chc run
In chc run
In chc run
In chc run
get_conjectures:: Printing the Decision Tree
switch x[0]
 false
 if x[4] <= -1
  false
  true
 true
Return from map_dt_z3
In::get_unordered_map

=========================
Printing the conjectures
Conjecture: (declare-fun append (Int Int Int) Bool)[|append#0|, |append#1|, |append#2|] -> true
Conjecture: (declare-fun inv (Int Int) Bool)[|inv#0|, |inv#1|] -> (> (- |inv#0| |inv#1|) (- 1))
Conjecture: (declare-fun fail@ (Bool) Bool)[|fail@#0|] -> false
=========================
In::add_counterexample
In::get_unique_learner_datapoint
=============
get_unique_learner_datapoint::Current Teacher Datapoint: fail@(true)
In::get_unique_learner_datapoint
=============
get_unique_learner_datapoint::Current Teacher Datapoint: inv(0, (- 1))
get_int_data::Printing integer attributes
get_unique_learner_datapoint:: Current Teacher Datapoint: inv(0, (- 1))
add_counterexample Current teacher datapoint(horn) : {inv(0, (- 1))} => {fail@(true)}
In::add_counterexample
In::get_unique_learner_datapoint
=============
get_unique_learner_datapoint::Current Teacher Datapoint: inv((- 1), 0)
get_int_data::Printing integer attributes
get_unique_learner_datapoint:: Current Teacher Datapoint: inv((- 1), 0)
In::get_unique_learner_datapoint
=============
get_unique_learner_datapoint::Current Teacher Datapoint: append(0, 1, (- 1))
get_int_data::Printing integer attributes
get_unique_learner_datapoint:: Current Teacher Datapoint: append(0, 1, (- 1))
In::get_unique_learner_datapoint
=============
get_unique_learner_datapoint::Current Teacher Datapoint: inv(1, 1)
get_int_data::Printing integer attributes
get_unique_learner_datapoint:: Current Teacher Datapoint: inv(1, 1)
add_counterexample Current teacher datapoint(horn) : {append(0, 1, (- 1)), inv(1, 1)} => {inv((- 1), 0)}
In::add_counterexample
In::get_unique_learner_datapoint
=============
get_unique_learner_datapoint::Current Teacher Datapoint: inv((- 1), 0)
get_int_data::Printing integer attributes
get_unique_learner_datapoint:: Current Teacher Datapoint: inv((- 1), 0)
In::get_unique_learner_datapoint
=============
get_unique_learner_datapoint::Current Teacher Datapoint: append(0, 0, (- 1))
get_int_data::Printing integer attributes
get_unique_learner_datapoint:: Current Teacher Datapoint: append(0, 0, (- 1))
In::get_unique_learner_datapoint
=============
get_unique_learner_datapoint::Current Teacher Datapoint: inv(0, 0)
get_int_data::Printing integer attributes
get_unique_learner_datapoint:: Current Teacher Datapoint: inv(0, 0)
add_counterexample Current teacher datapoint(horn) : {append(0, 0, (- 1)), inv(0, 0)} => {inv((- 1), 0)}
===========================================
Learning Iteration: 6
===========================================
In :: get_conjectures
In :: learn_decision_tree
In :: horn_verification::learner<JobManager>::learner(const JobManager&) [with JobManager = horn_verification::complex_job_manager]
In:: learn
In  chc run
run::New Categorical Node  attribute: 0
run::Categorical node child :0
run::Categorical node child :0
run::Categorical node child :0
run::Categorical Node Metadata 
Categorical attributes: $func (3)
Integer attributes: In chc run
In chc run
In chc run
In chc run
In chc run
In chc run
In chc run
get_conjectures:: Printing the Decision Tree
switch x[0]
 false
 if x[2] <= 1
  false
  if x[4] <= -1
   false
   true
 true
Return from map_dt_z3
In::get_unordered_map

=========================
Printing the conjectures
Conjecture: (declare-fun append (Int Int Int) Bool)[|append#0|, |append#1|, |append#2|] -> true
Conjecture: (declare-fun inv (Int Int) Bool)[|inv#0|, |inv#1|] -> (and (> (- |inv#0| |inv#1|) (- 1)) (> |inv#1| 1))
Conjecture: (declare-fun fail@ (Bool) Bool)[|fail@#0|] -> false
=========================
In::add_counterexample
In::get_unique_learner_datapoint
=============
get_unique_learner_datapoint::Current Teacher Datapoint: fail@(true)
In::get_unique_learner_datapoint
=============
get_unique_learner_datapoint::Current Teacher Datapoint: inv(3, 2)
get_int_data::Printing integer attributes
get_unique_learner_datapoint:: Current Teacher Datapoint: inv(3, 2)
add_counterexample Current teacher datapoint(horn) : {inv(3, 2)} => {fail@(true)}
In::add_counterexample
In::get_unique_learner_datapoint
=============
get_unique_learner_datapoint::Current Teacher Datapoint: inv(1, 2)
get_int_data::Printing integer attributes
get_unique_learner_datapoint:: Current Teacher Datapoint: inv(1, 2)
In::get_unique_learner_datapoint
=============
get_unique_learner_datapoint::Current Teacher Datapoint: append(2, 3, 1)
get_int_data::Printing integer attributes
get_unique_learner_datapoint:: Current Teacher Datapoint: append(2, 3, 1)
In::get_unique_learner_datapoint
=============
get_unique_learner_datapoint::Current Teacher Datapoint: inv(3, 3)
get_int_data::Printing integer attributes
get_unique_learner_datapoint:: Current Teacher Datapoint: inv(3, 3)
add_counterexample Current teacher datapoint(horn) : {append(2, 3, 1), inv(3, 3)} => {inv(1, 2)}
In::add_counterexample
In::get_unique_learner_datapoint
=============
get_unique_learner_datapoint::Current Teacher Datapoint: inv(1, 2)
get_int_data::Printing integer attributes
get_unique_learner_datapoint:: Current Teacher Datapoint: inv(1, 2)
In::get_unique_learner_datapoint
=============
get_unique_learner_datapoint::Current Teacher Datapoint: append(2, 2, 1)
get_int_data::Printing integer attributes
get_unique_learner_datapoint:: Current Teacher Datapoint: append(2, 2, 1)
In::get_unique_learner_datapoint
=============
get_unique_learner_datapoint::Current Teacher Datapoint: inv(2, 2)
get_int_data::Printing integer attributes
get_unique_learner_datapoint:: Current Teacher Datapoint: inv(2, 2)
add_counterexample Current teacher datapoint(horn) : {append(2, 2, 1), inv(2, 2)} => {inv(1, 2)}
===========================================
Learning Iteration: 7
===========================================
In :: get_conjectures
In :: learn_decision_tree
In :: horn_verification::learner<JobManager>::learner(const JobManager&) [with JobManager = horn_verification::complex_job_manager]
In:: learn
In  chc run
run::New Categorical Node  attribute: 0
run::Categorical node child :0
run::Categorical node child :0
run::Categorical node child :0
run::Categorical Node Metadata 
Categorical attributes: $func (3)
Integer attributes: In chc run
In chc run
In chc run
In chc run
In chc run
In chc run
In chc run
In chc run
In chc run
In chc run
In chc run
In chc run
In chc run
In chc run
In chc run
get_conjectures:: Printing the Decision Tree
switch x[0]
 false
 if x[4] <= 0
  if x[4] <= -1
   false
   if x[1] <= 1
    false
    true
  false
 if x[7] <= 0
  true
  if x[49] <= 0
   true
   if x[39] <= 0
    false
    true
Return from map_dt_z3
In::get_unordered_map

=========================
Printing the conjectures
Conjecture: (declare-fun append (Int Int Int) Bool)[|append#0|, |append#1|, |append#2|] -> (let ((a!1 (and (> (+ (- |append#2| |append#0|) |append#2|) 0) (> (- |append#1| |append#2|) 0)))) (let ((a!2 (and (or (<= (- |append#1| |append#2|) 0) a!1) (> |append#2| 0)))) (or (<= |append#2| 0) a!2)))
Conjecture: (declare-fun inv (Int Int) Bool)[|inv#0|, |inv#1|] -> (and (> |inv#0| 1) (> (- |inv#0| |inv#1|) (- 1)) (<= (- |inv#0| |inv#1|) 0))
Conjecture: (declare-fun fail@ (Bool) Bool)[|fail@#0|] -> false
=========================
In::add_counterexample
In::get_unique_learner_datapoint
=============
get_unique_learner_datapoint::Current Teacher Datapoint: inv(2, 0)
get_int_data::Printing integer attributes
get_unique_learner_datapoint:: Current Teacher Datapoint: inv(2, 0)
In::get_unique_learner_datapoint
=============
get_unique_learner_datapoint::Current Teacher Datapoint: append(0, 3, 2)
get_int_data::Printing integer attributes
get_unique_learner_datapoint:: Current Teacher Datapoint: append(0, 3, 2)
In::get_unique_learner_datapoint
=============
get_unique_learner_datapoint::Current Teacher Datapoint: inv(3, 3)
get_int_data::Printing integer attributes
get_unique_learner_datapoint:: Current Teacher Datapoint: inv(3, 3)
add_counterexample Current teacher datapoint(horn) : {append(0, 3, 2), inv(3, 3)} => {inv(2, 0)}
In::add_counterexample
In::get_unique_learner_datapoint
=============
get_unique_learner_datapoint::Current Teacher Datapoint: inv(3, 2)
get_int_data::Printing integer attributes
get_unique_learner_datapoint:: Current Teacher Datapoint: inv(3, 2)
In::get_unique_learner_datapoint
=============
get_unique_learner_datapoint::Current Teacher Datapoint: append(2, 2, 3)
get_int_data::Printing integer attributes
get_unique_learner_datapoint:: Current Teacher Datapoint: append(2, 2, 3)
In::get_unique_learner_datapoint
=============
get_unique_learner_datapoint::Current Teacher Datapoint: inv(2, 2)
get_int_data::Printing integer attributes
get_unique_learner_datapoint:: Current Teacher Datapoint: inv(2, 2)
add_counterexample Current teacher datapoint(horn) : {append(2, 2, 3), inv(2, 2)} => {inv(3, 2)}
===========================================
Learning Iteration: 8
===========================================
In :: get_conjectures
In :: learn_decision_tree
In :: horn_verification::learner<JobManager>::learner(const JobManager&) [with JobManager = horn_verification::complex_job_manager]
In:: learn
In  chc run
run::New Categorical Node  attribute: 0
run::Categorical node child :0
run::Categorical node child :0
run::Categorical node child :0
run::Categorical Node Metadata 
Categorical attributes: $func (3)
Integer attributes: In chc run
In chc run
In chc run
In chc run
In chc run
In chc run
In chc run
In chc run
In chc run
In chc run
In chc run
In chc run
In chc run
In chc run
In chc run
In chc run
In chc run
get_conjectures:: Printing the Decision Tree
switch x[0]
 false
 if x[4] <= 0
  if x[4] <= -1
   false
   true
  false
 if x[5] <= 1
  if x[47] <= -1
   false
   if x[47] <= 0
    true
    if x[49] <= 0
     true
     false
  if x[6] <= 1
   true
   false
Return from map_dt_z3
In::get_unordered_map

=========================
Printing the conjectures
Conjecture: (declare-fun append (Int Int Int) Bool)[|append#0|, |append#1|, |append#2|] -> (let ((a!1 (or (<= (- |append#0| |append#2|) 0) (and (<= (- |append#1| |append#2|) 0) (> (- |append#0| |append#2|) 0))))) (or (and a!1 (> (- |append#0| |append#2|) (- 1)) (<= |append#0| 1)) (and (<= |append#1| 1) (> |append#0| 1))))
Conjecture: (declare-fun inv (Int Int) Bool)[|inv#0|, |inv#1|] -> (and (> (- |inv#0| |inv#1|) (- 1)) (<= (- |inv#0| |inv#1|) 0))
Conjecture: (declare-fun fail@ (Bool) Bool)[|fail@#0|] -> false
=========================
In::add_counterexample
In::get_unique_learner_datapoint
=============
get_unique_learner_datapoint::Current Teacher Datapoint: inv((- 1), 0)
get_int_data::Printing integer attributes
get_unique_learner_datapoint:: Current Teacher Datapoint: inv((- 1), 0)
In::get_unique_learner_datapoint
=============
get_unique_learner_datapoint::Current Teacher Datapoint: append(2, 0, (- 1))
get_int_data::Printing integer attributes
get_unique_learner_datapoint:: Current Teacher Datapoint: append(2, 0, (- 1))
In::get_unique_learner_datapoint
=============
get_unique_learner_datapoint::Current Teacher Datapoint: inv(0, 0)
get_int_data::Printing integer attributes
get_unique_learner_datapoint:: Current Teacher Datapoint: inv(0, 0)
add_counterexample Current teacher datapoint(horn) : {append(2, 0, (- 1)), inv(0, 0)} => {inv((- 1), 0)}
===========================================
Learning Iteration: 9
===========================================
In :: get_conjectures
In :: learn_decision_tree
In :: horn_verification::learner<JobManager>::learner(const JobManager&) [with JobManager = horn_verification::complex_job_manager]
In:: learn
In  chc run
run::New Categorical Node  attribute: 0
run::Categorical node child :0
run::Categorical node child :0
run::Categorical node child :0
run::Categorical Node Metadata 
Categorical attributes: $func (3)
Integer attributes: In chc run
In chc run
In chc run
In chc run
In chc run
In chc run
In chc run
In chc run
In chc run
In chc run
In chc run
In chc run
In chc run
In chc run
In chc run
In chc run
In chc run
In chc run
In chc run
get_conjectures:: Printing the Decision Tree
switch x[0]
 false
 if x[4] <= 0
  if x[4] <= -1
   false
   true
  false
 if x[5] <= 1
  if x[47] <= -1
   false
   if x[47] <= 0
    true
    if x[49] <= 0
     true
     false
  if x[6] <= 1
   if x[49] <= 0
    true
    false
   false
Return from map_dt_z3
In::get_unordered_map

=========================
Printing the conjectures
Conjecture: (declare-fun append (Int Int Int) Bool)[|append#0|, |append#1|, |append#2|] -> (let ((a!1 (or (<= (- |append#0| |append#2|) 0) (and (<= (- |append#1| |append#2|) 0) (> (- |append#0| |append#2|) 0))))) (or (and a!1 (> (- |append#0| |append#2|) (- 1)) (<= |append#0| 1)) (and (<= (- |append#1| |append#2|) 0) (<= |append#1| 1) (> |append#0| 1))))
Conjecture: (declare-fun inv (Int Int) Bool)[|inv#0|, |inv#1|] -> (and (> (- |inv#0| |inv#1|) (- 1)) (<= (- |inv#0| |inv#1|) 0))
Conjecture: (declare-fun fail@ (Bool) Bool)[|fail@#0|] -> false
=========================
In::add_counterexample
In::get_unique_learner_datapoint
=============
get_unique_learner_datapoint::Current Teacher Datapoint: inv(1, 0)
get_int_data::Printing integer attributes
get_unique_learner_datapoint:: Current Teacher Datapoint: inv(1, 0)
In::get_unique_learner_datapoint
=============
get_unique_learner_datapoint::Current Teacher Datapoint: append(2, 0, 1)
get_int_data::Printing integer attributes
get_unique_learner_datapoint:: Current Teacher Datapoint: append(2, 0, 1)
In::get_unique_learner_datapoint
=============
get_unique_learner_datapoint::Current Teacher Datapoint: inv(0, 0)
get_int_data::Printing integer attributes
get_unique_learner_datapoint:: Current Teacher Datapoint: inv(0, 0)
add_counterexample Current teacher datapoint(horn) : {append(2, 0, 1), inv(0, 0)} => {inv(1, 0)}
===========================================
Learning Iteration: 10
===========================================
In :: get_conjectures
In :: learn_decision_tree
In :: horn_verification::learner<JobManager>::learner(const JobManager&) [with JobManager = horn_verification::complex_job_manager]
In:: learn
In  chc run
run::New Categorical Node  attribute: 0
run::Categorical node child :0
run::Categorical node child :0
run::Categorical node child :0
run::Categorical Node Metadata 
Categorical attributes: $func (3)
Integer attributes: In chc run
In chc run
In chc run
In chc run
In chc run
In chc run
In chc run
In chc run
In chc run
In chc run
In chc run
In chc run
In chc run
In chc run
In chc run
get_conjectures:: Printing the Decision Tree
switch x[0]
 false
 if x[2] <= 1
  false
  if x[4] <= -1
   false
   if x[4] <= 0
    true
    false
 if x[5] <= 1
  if x[47] <= -1
   false
   true
  if x[6] <= 1
   true
   false
Return from map_dt_z3
In::get_unordered_map

=========================
Printing the conjectures
Conjecture: (declare-fun append (Int Int Int) Bool)[|append#0|, |append#1|, |append#2|] -> (or (and (> (- |append#0| |append#2|) (- 1)) (<= |append#0| 1)) (and (<= |append#1| 1) (> |append#0| 1)))
Conjecture: (declare-fun inv (Int Int) Bool)[|inv#0|, |inv#1|] -> (and (<= (- |inv#0| |inv#1|) 0) (> (- |inv#0| |inv#1|) (- 1)) (> |inv#1| 1))
Conjecture: (declare-fun fail@ (Bool) Bool)[|fail@#0|] -> false
=========================
In::add_counterexample
In::get_unique_learner_datapoint
=============
get_unique_learner_datapoint::Current Teacher Datapoint: inv(0, 0)
get_int_data::Printing integer attributes
get_unique_learner_datapoint:: Current Teacher Datapoint: inv(0, 0)
In::get_unique_learner_datapoint
=============
get_unique_learner_datapoint::Current Teacher Datapoint: append(0, 2, 0)
get_int_data::Printing integer attributes
get_unique_learner_datapoint:: Current Teacher Datapoint: append(0, 2, 0)
In::get_unique_learner_datapoint
=============
get_unique_learner_datapoint::Current Teacher Datapoint: inv(2, 2)
get_int_data::Printing integer attributes
get_unique_learner_datapoint:: Current Teacher Datapoint: inv(2, 2)
add_counterexample Current teacher datapoint(horn) : {append(0, 2, 0), inv(2, 2)} => {inv(0, 0)}
===========================================
Learning Iteration: 11
===========================================
In :: get_conjectures
In :: learn_decision_tree
In :: horn_verification::learner<JobManager>::learner(const JobManager&) [with JobManager = horn_verification::complex_job_manager]
In:: learn
In  chc run
run::New Categorical Node  attribute: 0
run::Categorical node child :0
run::Categorical node child :0
run::Categorical node child :0
run::Categorical Node Metadata 
Categorical attributes: $func (3)
Integer attributes: In chc run
In chc run
In chc run
In chc run
In chc run
In chc run
In chc run
In chc run
In chc run
In chc run
In chc run
In chc run
In chc run
In chc run
In chc run
In chc run
In chc run
In chc run
In chc run
In chc run
In chc run
get_conjectures:: Printing the Decision Tree
switch x[0]
 false
 if x[2] <= 1
  false
  if x[4] <= -1
   false
   if x[4] <= 0
    true
    false
 if x[5] <= 1
  if x[47] <= -1
   false
   if x[10] <= 1
    true
    if x[37] <= 0
     if x[5] <= 0
      false
      true
     true
  if x[6] <= 1
   true
   false
Return from map_dt_z3
In::get_unordered_map

=========================
Printing the conjectures
Conjecture: (declare-fun append (Int Int Int) Bool)[|append#0|, |append#1|, |append#2|] -> (let ((a!1 (and (> |append#0| 0) (<= (- (- |append#2| |append#0|) |append#2|) 0)))) (let ((a!2 (or a!1 (> (- (- |append#2| |append#0|) |append#2|) 0)))) (let ((a!3 (and a!2 (> (- (+ |append#0| |append#1|) |append#2|) 1)))) (let ((a!4 (or (<= (- (+ |append#0| |append#1|) |append#2|) 1) a!3))) (or (and a!4 (> (- |append#0| |append#2|) (- 1)) (<= |append#0| 1)) (and (<= |append#1| 1) (> |append#0| 1)))))))
Conjecture: (declare-fun inv (Int Int) Bool)[|inv#0|, |inv#1|] -> (and (<= (- |inv#0| |inv#1|) 0) (> (- |inv#0| |inv#1|) (- 1)) (> |inv#1| 1))
Conjecture: (declare-fun fail@ (Bool) Bool)[|fail@#0|] -> false
=========================
In::add_counterexample
In::get_unique_learner_datapoint
=============
get_unique_learner_datapoint::Current Teacher Datapoint: inv((- 1), (- 1))
get_int_data::Printing integer attributes
get_unique_learner_datapoint:: Current Teacher Datapoint: inv((- 1), (- 1))
In::get_unique_learner_datapoint
=============
get_unique_learner_datapoint::Current Teacher Datapoint: append((- 1), 2, (- 1))
get_int_data::Printing integer attributes
get_unique_learner_datapoint:: Current Teacher Datapoint: append((- 1), 2, (- 1))
In::get_unique_learner_datapoint
=============
get_unique_learner_datapoint::Current Teacher Datapoint: inv(2, 2)
get_int_data::Printing integer attributes
get_unique_learner_datapoint:: Current Teacher Datapoint: inv(2, 2)
add_counterexample Current teacher datapoint(horn) : {append((- 1), 2, (- 1)), inv(2, 2)} => {inv((- 1), (- 1))}
===========================================
Learning Iteration: 12
===========================================
In :: get_conjectures
In :: learn_decision_tree
In :: horn_verification::learner<JobManager>::learner(const JobManager&) [with JobManager = horn_verification::complex_job_manager]
In:: learn
In  chc run
run::New Categorical Node  attribute: 0
run::Categorical node child :0
run::Categorical node child :0
run::Categorical node child :0
run::Categorical Node Metadata 
Categorical attributes: $func (3)
Integer attributes: In chc run
In chc run
In chc run
In chc run
In chc run
In chc run
In chc run
In chc run
In chc run
In chc run
In chc run
In chc run
In chc run
In chc run
In chc run
In chc run
In chc run
In chc run
In chc run
get_conjectures:: Printing the Decision Tree
switch x[0]
 false
 if x[2] <= 1
  false
  if x[4] <= -1
   false
   if x[4] <= 0
    true
    false
 if x[5] <= 1
  if x[6] <= 1
   true
   if x[37] <= 1
    if x[5] <= 0
     false
     true
    true
  if x[6] <= 1
   true
   false
Return from map_dt_z3
In::get_unordered_map

=========================
Printing the conjectures
Conjecture: (declare-fun append (Int Int Int) Bool)[|append#0|, |append#1|, |append#2|] -> (let ((a!1 (and (> |append#0| 0) (<= (- (- |append#2| |append#0|) |append#2|) 1)))) (let ((a!2 (or a!1 (> (- (- |append#2| |append#0|) |append#2|) 1)))) (let ((a!3 (and (or (<= |append#1| 1) (and a!2 (> |append#1| 1))) (<= |append#0| 1)))) (or a!3 (and (<= |append#1| 1) (> |append#0| 1))))))
Conjecture: (declare-fun inv (Int Int) Bool)[|inv#0|, |inv#1|] -> (and (<= (- |inv#0| |inv#1|) 0) (> (- |inv#0| |inv#1|) (- 1)) (> |inv#1| 1))
Conjecture: (declare-fun fail@ (Bool) Bool)[|fail@#0|] -> false
=========================
In::add_counterexample
In::get_unique_learner_datapoint
=============
get_unique_learner_datapoint::Current Teacher Datapoint: inv(2, 1)
get_int_data::Printing integer attributes
get_unique_learner_datapoint:: Current Teacher Datapoint: inv(2, 1)
In::get_unique_learner_datapoint
=============
get_unique_learner_datapoint::Current Teacher Datapoint: append(1, 2, 2)
get_int_data::Printing integer attributes
get_unique_learner_datapoint:: Current Teacher Datapoint: append(1, 2, 2)
In::get_unique_learner_datapoint
=============
get_unique_learner_datapoint::Current Teacher Datapoint: inv(2, 2)
get_int_data::Printing integer attributes
get_unique_learner_datapoint:: Current Teacher Datapoint: inv(2, 2)
add_counterexample Current teacher datapoint(horn) : {append(1, 2, 2), inv(2, 2)} => {inv(2, 1)}
===========================================
Learning Iteration: 13
===========================================
In :: get_conjectures
In :: learn_decision_tree
In :: horn_verification::learner<JobManager>::learner(const JobManager&) [with JobManager = horn_verification::complex_job_manager]
In:: learn
In  chc run
run::New Categorical Node  attribute: 0
run::Categorical node child :0
run::Categorical node child :0
run::Categorical node child :0
run::Categorical Node Metadata 
Categorical attributes: $func (3)
Integer attributes: In chc run
In chc run
In chc run
In chc run
In chc run
In chc run
In chc run
In chc run
In chc run
In chc run
In chc run
In chc run
In chc run
In chc run
In chc run
In chc run
In chc run
In chc run
In chc run
In chc run
In chc run
get_conjectures:: Printing the Decision Tree
switch x[0]
 false
 if x[2] <= 1
  false
  if x[4] <= -1
   false
   if x[4] <= 0
    true
    false
 if x[5] <= 1
  if x[47] <= -1
   false
   if x[10] <= 1
    true
    if x[37] <= 1
     if x[5] <= 0
      false
      true
     true
  if x[6] <= 1
   true
   false
Return from map_dt_z3
In::get_unordered_map

=========================
Printing the conjectures
Conjecture: (declare-fun append (Int Int Int) Bool)[|append#0|, |append#1|, |append#2|] -> (let ((a!1 (and (> |append#0| 0) (<= (- (- |append#2| |append#0|) |append#2|) 1)))) (let ((a!2 (or a!1 (> (- (- |append#2| |append#0|) |append#2|) 1)))) (let ((a!3 (and a!2 (> (- (+ |append#0| |append#1|) |append#2|) 1)))) (let ((a!4 (or (<= (- (+ |append#0| |append#1|) |append#2|) 1) a!3))) (or (and a!4 (> (- |append#0| |append#2|) (- 1)) (<= |append#0| 1)) (and (<= |append#1| 1) (> |append#0| 1)))))))
Conjecture: (declare-fun inv (Int Int) Bool)[|inv#0|, |inv#1|] -> (and (<= (- |inv#0| |inv#1|) 0) (> (- |inv#0| |inv#1|) (- 1)) (> |inv#1| 1))
Conjecture: (declare-fun fail@ (Bool) Bool)[|fail@#0|] -> false
=========================
In::add_counterexample
In::get_unique_learner_datapoint
=============
get_unique_learner_datapoint::Current Teacher Datapoint: inv((- 2), (- 2))
get_int_data::Printing integer attributes
get_unique_learner_datapoint:: Current Teacher Datapoint: inv((- 2), (- 2))
In::get_unique_learner_datapoint
=============
get_unique_learner_datapoint::Current Teacher Datapoint: append((- 2), 2, (- 2))
get_int_data::Printing integer attributes
get_unique_learner_datapoint:: Current Teacher Datapoint: append((- 2), 2, (- 2))
In::get_unique_learner_datapoint
=============
get_unique_learner_datapoint::Current Teacher Datapoint: inv(2, 2)
get_int_data::Printing integer attributes
get_unique_learner_datapoint:: Current Teacher Datapoint: inv(2, 2)
add_counterexample Current teacher datapoint(horn) : {append((- 2), 2, (- 2)), inv(2, 2)} => {inv((- 2), (- 2))}
===========================================
Learning Iteration: 14
===========================================
In :: get_conjectures
In :: learn_decision_tree
In :: horn_verification::learner<JobManager>::learner(const JobManager&) [with JobManager = horn_verification::complex_job_manager]
In:: learn
In  chc run
run::New Categorical Node  attribute: 0
run::Categorical node child :0
run::Categorical node child :0
run::Categorical node child :0
run::Categorical Node Metadata 
Categorical attributes: $func (3)
Integer attributes: In chc run
In chc run
In chc run
In chc run
In chc run
In chc run
In chc run
In chc run
In chc run
In chc run
In chc run
In chc run
In chc run
In chc run
In chc run
In chc run
In chc run
In chc run
In chc run
In chc run
In chc run
In chc run
In chc run
get_conjectures:: Printing the Decision Tree
switch x[0]
 false
 if x[2] <= 1
  false
  if x[4] <= -1
   false
   if x[4] <= 0
    true
    false
 if x[5] <= 1
  if x[6] <= 1
   true
   if x[47] <= -1
    false
    if x[44] <= 1
     false
     if x[33] <= 0
      if x[5] <= 0
       false
       true
      true
  if x[6] <= 1
   true
   false
Return from map_dt_z3
In::get_unordered_map

=========================
Printing the conjectures
Conjecture: (declare-fun append (Int Int Int) Bool)[|append#0|, |append#1|, |append#2|] -> (let ((a!1 (and (> |append#0| 0) (<= (- (- |append#0| |append#2|) |append#2|) 0)))) (let ((a!2 (or a!1 (> (- (- |append#0| |append#2|) |append#2|) 0)))) (let ((a!3 (or (<= |append#1| 1) (and a!2 (> (+ |append#0| |append#1|) 1) (> (- |append#0| |append#2|) (- 1)) (> |append#1| 1))))) (or (and a!3 (<= |append#0| 1)) (and (<= |append#1| 1) (> |append#0| 1))))))
Conjecture: (declare-fun inv (Int Int) Bool)[|inv#0|, |inv#1|] -> (and (<= (- |inv#0| |inv#1|) 0) (> (- |inv#0| |inv#1|) (- 1)) (> |inv#1| 1))
Conjecture: (declare-fun fail@ (Bool) Bool)[|fail@#0|] -> false
=========================
In::add_counterexample
In::get_unique_learner_datapoint
=============
get_unique_learner_datapoint::Current Teacher Datapoint: inv((- 1), (- 1))
get_int_data::Printing integer attributes
get_unique_learner_datapoint:: Current Teacher Datapoint: inv((- 1), (- 1))
In::get_unique_learner_datapoint
=============
get_unique_learner_datapoint::Current Teacher Datapoint: append((- 1), 3, (- 1))
get_int_data::Printing integer attributes
get_unique_learner_datapoint:: Current Teacher Datapoint: append((- 1), 3, (- 1))
In::get_unique_learner_datapoint
=============
get_unique_learner_datapoint::Current Teacher Datapoint: inv(3, 3)
get_int_data::Printing integer attributes
get_unique_learner_datapoint:: Current Teacher Datapoint: inv(3, 3)
add_counterexample Current teacher datapoint(horn) : {append((- 1), 3, (- 1)), inv(3, 3)} => {inv((- 1), (- 1))}
===========================================
Learning Iteration: 15
===========================================
In :: get_conjectures
In :: learn_decision_tree
In :: horn_verification::learner<JobManager>::learner(const JobManager&) [with JobManager = horn_verification::complex_job_manager]
In:: learn
In  chc run
run::New Categorical Node  attribute: 0
run::Categorical node child :0
run::Categorical node child :0
run::Categorical node child :0
run::Categorical Node Metadata 
Categorical attributes: $func (3)
Integer attributes: In chc run
In chc run
In chc run
In chc run
In chc run
In chc run
In chc run
In chc run
In chc run
In chc run
In chc run
In chc run
In chc run
In chc run
In chc run
In chc run
In chc run
In chc run
In chc run
In chc run
In chc run
In chc run
In chc run
get_conjectures:: Printing the Decision Tree
switch x[0]
 false
 if x[2] <= 1
  false
  if x[4] <= -1
   false
   if x[4] <= 0
    true
    false
 if x[5] <= 1
  if x[6] <= 1
   true
   if x[47] <= -1
    false
    if x[44] <= 1
     false
     if x[33] <= 1
      if x[5] <= 0
       false
       true
      true
  if x[6] <= 1
   true
   false
Return from map_dt_z3
In::get_unordered_map

=========================
Printing the conjectures
Conjecture: (declare-fun append (Int Int Int) Bool)[|append#0|, |append#1|, |append#2|] -> (let ((a!1 (and (> |append#0| 0) (<= (- (- |append#0| |append#2|) |append#2|) 1)))) (let ((a!2 (or a!1 (> (- (- |append#0| |append#2|) |append#2|) 1)))) (let ((a!3 (or (<= |append#1| 1) (and a!2 (> (+ |append#0| |append#1|) 1) (> (- |append#0| |append#2|) (- 1)) (> |append#1| 1))))) (or (and a!3 (<= |append#0| 1)) (and (<= |append#1| 1) (> |append#0| 1))))))
Conjecture: (declare-fun inv (Int Int) Bool)[|inv#0|, |inv#1|] -> (and (<= (- |inv#0| |inv#1|) 0) (> (- |inv#0| |inv#1|) (- 1)) (> |inv#1| 1))
Conjecture: (declare-fun fail@ (Bool) Bool)[|fail@#0|] -> false
=========================
In::add_counterexample
In::get_unique_learner_datapoint
=============
get_unique_learner_datapoint::Current Teacher Datapoint: inv((- 2), (- 2))
get_int_data::Printing integer attributes
get_unique_learner_datapoint:: Current Teacher Datapoint: inv((- 2), (- 2))
In::get_unique_learner_datapoint
=============
get_unique_learner_datapoint::Current Teacher Datapoint: append((- 2), 4, (- 2))
get_int_data::Printing integer attributes
get_unique_learner_datapoint:: Current Teacher Datapoint: append((- 2), 4, (- 2))
In::get_unique_learner_datapoint
=============
get_unique_learner_datapoint::Current Teacher Datapoint: inv(4, 4)
get_int_data::Printing integer attributes
get_unique_learner_datapoint:: Current Teacher Datapoint: inv(4, 4)
add_counterexample Current teacher datapoint(horn) : {append((- 2), 4, (- 2)), inv(4, 4)} => {inv((- 2), (- 2))}
===========================================
Learning Iteration: 16
===========================================
In :: get_conjectures
In :: learn_decision_tree
In :: horn_verification::learner<JobManager>::learner(const JobManager&) [with JobManager = horn_verification::complex_job_manager]
In:: learn
In  chc run
run::New Categorical Node  attribute: 0
run::Categorical node child :0
run::Categorical node child :0
run::Categorical node child :0
run::Categorical Node Metadata 
Categorical attributes: $func (3)
Integer attributes: In chc run
In chc run
In chc run
In chc run
In chc run
In chc run
In chc run
In chc run
In chc run
In chc run
In chc run
In chc run
In chc run
In chc run
In chc run
In chc run
In chc run
In chc run
In chc run
In chc run
In chc run
In chc run
In chc run
In :: horn_verification::learner<JobManager>::learner(const JobManager&) [with JobManager = horn_verification::complex_job_manager]
In:: learn
In  chc run
run::New Categorical Node  attribute: 0
run::Categorical node child :0
run::Categorical node child :0
run::Categorical node child :0
run::Categorical Node Metadata 
Categorical attributes: $func (3)
Integer attributes: In chc run
In chc run
In chc run
In chc run
In chc run
In chc run
In chc run
In chc run
In chc run
In chc run
In chc run
In chc run
In chc run
In chc run
In chc run
In chc run
In chc run
get_conjectures:: Printing the Decision Tree
switch x[0]
 false
 if x[1] <= 2
  false
  if x[4] <= 0
   true
   false
 if x[5] <= 1
  if x[6] <= 1
   true
   if x[37] <= 2
    if x[5] <= 0
     false
     true
    true
  if x[49] <= 0
   true
   false
Return from map_dt_z3
In::get_unordered_map

=========================
Printing the conjectures
Conjecture: (declare-fun append (Int Int Int) Bool)[|append#0|, |append#1|, |append#2|] -> (let ((a!1 (and (> |append#0| 0) (<= (- (- |append#2| |append#0|) |append#2|) 2)))) (let ((a!2 (or a!1 (> (- (- |append#2| |append#0|) |append#2|) 2)))) (let ((a!3 (and (or (<= |append#1| 1) (and a!2 (> |append#1| 1))) (<= |append#0| 1)))) (or a!3 (and (<= (- |append#1| |append#2|) 0) (> |append#0| 1))))))
Conjecture: (declare-fun inv (Int Int) Bool)[|inv#0|, |inv#1|] -> (and (<= (- |inv#0| |inv#1|) 0) (> |inv#0| 2))
Conjecture: (declare-fun fail@ (Bool) Bool)[|fail@#0|] -> false
=========================
In::add_counterexample
In::get_unique_learner_datapoint
=============
get_unique_learner_datapoint::Current Teacher Datapoint: inv(3, (- 3))
get_int_data::Printing integer attributes
get_unique_learner_datapoint:: Current Teacher Datapoint: inv(3, (- 3))
In::get_unique_learner_datapoint
=============
get_unique_learner_datapoint::Current Teacher Datapoint: append((- 3), 4, 3)
get_int_data::Printing integer attributes
get_unique_learner_datapoint:: Current Teacher Datapoint: append((- 3), 4, 3)
In::get_unique_learner_datapoint
=============
get_unique_learner_datapoint::Current Teacher Datapoint: inv(4, 4)
get_int_data::Printing integer attributes
get_unique_learner_datapoint:: Current Teacher Datapoint: inv(4, 4)
add_counterexample Current teacher datapoint(horn) : {append((- 3), 4, 3), inv(4, 4)} => {inv(3, (- 3))}
In::add_counterexample
In::get_unique_learner_datapoint
=============
get_unique_learner_datapoint::Current Teacher Datapoint: fail@(true)
In::get_unique_learner_datapoint
=============
get_unique_learner_datapoint::Current Teacher Datapoint: inv(3, 4)
get_int_data::Printing integer attributes
get_unique_learner_datapoint:: Current Teacher Datapoint: inv(3, 4)
add_counterexample Current teacher datapoint(horn) : {inv(3, 4)} => {fail@(true)}
In::add_counterexample
In::get_unique_learner_datapoint
=============
get_unique_learner_datapoint::Current Teacher Datapoint: inv(4, 3)
get_int_data::Printing integer attributes
get_unique_learner_datapoint:: Current Teacher Datapoint: inv(4, 3)
In::get_unique_learner_datapoint
=============
get_unique_learner_datapoint::Current Teacher Datapoint: append(3, 3, 4)
get_int_data::Printing integer attributes
get_unique_learner_datapoint:: Current Teacher Datapoint: append(3, 3, 4)
In::get_unique_learner_datapoint
=============
get_unique_learner_datapoint::Current Teacher Datapoint: inv(3, 3)
get_int_data::Printing integer attributes
get_unique_learner_datapoint:: Current Teacher Datapoint: inv(3, 3)
add_counterexample Current teacher datapoint(horn) : {append(3, 3, 4), inv(3, 3)} => {inv(4, 3)}
===========================================
Learning Iteration: 17
===========================================
In :: get_conjectures
In :: learn_decision_tree
In :: horn_verification::learner<JobManager>::learner(const JobManager&) [with JobManager = horn_verification::complex_job_manager]
In:: learn
In  chc run
run::New Categorical Node  attribute: 0
run::Categorical node child :0
run::Categorical node child :0
run::Categorical node child :0
run::Categorical Node Metadata 
Categorical attributes: $func (3)
Integer attributes: In chc run
In chc run
In chc run
In chc run
In chc run
In chc run
In chc run
In chc run
In chc run
In chc run
In chc run
In chc run
In chc run
In chc run
In chc run
get_conjectures:: Printing the Decision Tree
switch x[0]
 false
 if x[4] <= 0
  if x[4] <= -1
   false
   true
  false
 if x[49] <= -1
  false
  if x[47] <= -1
   false
   if x[49] <= 0
    true
    if x[47] <= 0
     true
     false
Return from map_dt_z3
In::get_unordered_map

=========================
Printing the conjectures
Conjecture: (declare-fun append (Int Int Int) Bool)[|append#0|, |append#1|, |append#2|] -> (let ((a!1 (or (<= (- |append#1| |append#2|) 0) (and (<= (- |append#0| |append#2|) 0) (> (- |append#1| |append#2|) 0))))) (and a!1 (> (- |append#0| |append#2|) (- 1)) (> (- |append#1| |append#2|) (- 1))))
Conjecture: (declare-fun inv (Int Int) Bool)[|inv#0|, |inv#1|] -> (and (> (- |inv#0| |inv#1|) (- 1)) (<= (- |inv#0| |inv#1|) 0))
Conjecture: (declare-fun fail@ (Bool) Bool)[|fail@#0|] -> false
=========================
Success (checked 272 CHCs, invoked learner 18 times)
(declare-fun append (Int Int Int) Bool) => [|append#0|, |append#1|, |append#2|] -> (let ((a!1 (or (<= (- |append#1| |append#2|) 0) (and (<= (- |append#0| |append#2|) 0) (> (- |append#1| |append#2|) 0))))) (and a!1 (> (- |append#0| |append#2|) (- 1)) (> (- |append#1| |append#2|) (- 1))))
Simplified Formual
(declare-fun inv (Int Int) Bool) => [|inv#0|, |inv#1|] -> (and (> (- |inv#0| |inv#1|) (- 1)) (<= (- |inv#0| |inv#1|) 0))
Simplified Formual
(declare-fun fail@ (Bool) Bool) => [|fail@#0|] -> false
Simplified Formual
Final Relations read
Relation : 1(declare-fun fail@ (Bool) Bool)fail@
Relation : 2(declare-fun inv (Int Int) Bool)inv
Relation : 3(declare-fun append (Int Int Int) Bool)append
Final CHCs read
CHC : (fail@ true)
CHC : (append k!47 k!50 k!48)
CHC : (inv k!50 k!49)
CHC : (append k!53 k!54 k!52)
CHC : (inv k!54 k!51)
CHC : (inv k!55 k!56)
Total time: 3.35
