========================================
         Starting Pipeline for: Stack (Mode: ClassicalHornICEFUZZ)
========================================
Initializing pipeline for benchmark: 'Stack'
   -> Loading and validating attributes from: /Dualis/scripts/../benchmarks/Classical/Stack/Attributes.txt
      -> Validation successful. Attribute file is consistent.

==================== Iteration: 1 ====================
TIMEOUT : 20
   -> Parsing CHC file: /Dualis/scripts/../benchmarks/ClassicalHornICEFUZZ_working_temp/Stack/Stack.smt2
   -> Starting HornICE with a 1000-second timeout...
      -> Logging HornICE output to iter_1.log
   -> HornICE completed successfully.
   -> Analyzing HornICE log file: iter_1.log
      -> Found 8 internal iterations.
   -> Writing new specs to harness: pu_fuzz.cpp...
      -> Successfully created working copy '/Dualis/scripts/../benchmarks/ClassicalHornICEFUZZ_working_temp/Stack/pu_fuzz.cpp'.
   -> Starting AFL++(pu_fuzz) with a 20-second timeout...
   -> Building AFL-instrumented binary: /Dualis/scripts/../benchmarks/ClassicalHornICEFUZZ_working_temp/Stack/pu_fuzz
   -> AFL++(pu_fuzz) completed successfully.
   -> Checking fuzzing outputs for counterexamples...
Checking crashes
   -> Found 4 crash reports. Testing reproducibility...
   -> CRASH REPRODUCED with id:000000,sig:06,src:000000,time:120,execs:30,op:havoc,rep:2
   -> CRASH REPRODUCED with id:000001,sig:06,src:000000,time:613,execs:74,op:havoc,rep:1
   -> CRASH REPRODUCED with id:000002,sig:06,src:000000,time:734,execs:80,op:havoc,rep:2
   -> CRASH REPRODUCED with id:000003,sig:06,src:000000,time:5244,execs:453,op:havoc,rep:2
Checking hangs
   -> Converting counterexamples for 'pu'...
      -> Found and validated 3 new rules.
   -> Writing new specs to harness: po_fuzz.cpp...
      -> Successfully created working copy '/Dualis/scripts/../benchmarks/ClassicalHornICEFUZZ_working_temp/Stack/po_fuzz.cpp'.
   -> Starting AFL++(po_fuzz) with a 20-second timeout...
   -> Building AFL-instrumented binary: /Dualis/scripts/../benchmarks/ClassicalHornICEFUZZ_working_temp/Stack/po_fuzz
   -> AFL++(po_fuzz) completed successfully.
   -> Checking fuzzing outputs for counterexamples...
Checking crashes
   -> Found 5 crash reports. Testing reproducibility...
   -> CRASH REPRODUCED with id:000003,sig:06,src:000000,time:685,execs:42,op:havoc,rep:15
   -> CRASH REPRODUCED with id:000004,sig:06,src:000000,time:1627,execs:56,op:havoc,rep:13
   -> CRASH REPRODUCED with id:000001,sig:06,src:000000,time:229,execs:35,op:havoc,rep:11
   -> CRASH REPRODUCED with id:000002,sig:06,src:000000,time:351,execs:36,op:havoc,rep:8
   -> CRASH REPRODUCED with id:000000,sig:06,src:000000,time:108,execs:26,op:havoc,rep:15
Checking hangs
   -> Converting counterexamples for 'po'...
      -> Found and validated 4 new rules.
   -> Updating CHC file with new counterexamples...

=============== Artifacts This Iteration ===============

--- Generated Specs ---
  inv1: ((c - N) <= (-1))
  pu: (false)
  inv2: (false)
  po: (false)

--- New Test Cases Found ---

--- Updated CHCs (for next iteration) ---
(declare-var N Int)
(declare-var c Int)
(declare-var c1 Int)
(declare-var d Int)
(declare-var d1 Int)
(declare-var sl Int)
(declare-var sl1 Int)
(declare-rel pu (Int Int Int))
(declare-rel po (Int Int))
(declare-rel inv1 (Int Int Int Int))
(declare-rel inv2 (Int Int Int))
(declare-rel fail ())

(rule (=> (and (= N 2) (= sl 0) (= sl1 1)) (pu N sl sl1)))
(rule (=> (and (= N 2) (= sl 15) (= sl1 16)) (pu N sl sl1)))
(rule (=> (and (= N -5) (= sl 0) (= sl1 1)) (pu N sl sl1)))
(rule (=> (and (= sl 0) (= sl1 0)) (po sl sl1)))
(rule (=> (and (= sl 17) (= sl1 16)) (po sl sl1)))
(rule (=> (and (= sl 1) (= sl1 0)) (po sl sl1)))
(rule (=> (and (= sl 11) (= sl1 10)) (po sl sl1)))

(rule (=> (and (> N 0) (= c 0) (= d 0) (= sl 0)) (inv1 c N d sl)))
(rule (=> (and (inv1 c N d sl) (< c N) (pu N sl sl1) (= c1 (+ c 1))) (inv1 c1 N d sl1)))
(rule (=> (and (inv1 c N d sl) (not (< c N))) (inv2 N d sl)))
(rule (=> (and (inv2 N d sl) (not (= sl 0)) (po sl sl1) (= d1 (+ d 1))) (inv2 N d1 sl1)))
(rule (=> (and (inv2 N d sl) (= sl 0) (not (= d N))) fail))

(query fail :print-certificate true)
==============================================================
   -> Checking if specs have changed...
      -> CHC files are different. Continuing iteration.

==================== Iteration: 2 ====================
TIMEOUT : 40
   -> Parsing CHC file: /Dualis/scripts/../benchmarks/ClassicalHornICEFUZZ_working_temp/Stack/Stack.smt2
   -> Starting HornICE with a 1000-second timeout...
      -> Logging HornICE output to iter_2.log
   -> HornICE completed successfully.
   -> Analyzing HornICE log file: iter_2.log
      -> Found 38 internal iterations.
   -> Writing new specs to harness: pu_fuzz.cpp...
      -> Successfully created working copy '/Dualis/scripts/../benchmarks/ClassicalHornICEFUZZ_working_temp/Stack/pu_fuzz.cpp'.
   -> Starting AFL++(pu_fuzz) with a 40-second timeout...
   -> Building AFL-instrumented binary: /Dualis/scripts/../benchmarks/ClassicalHornICEFUZZ_working_temp/Stack/pu_fuzz
   -> AFL++(pu_fuzz) completed successfully.
   -> Checking fuzzing outputs for counterexamples...
Checking crashes
   -> Found 6 crash reports. Testing reproducibility...
   -> CRASH REPRODUCED with id:000003,sig:06,src:000001,time:998,execs:276,op:havoc,rep:3
   -> CRASH REPRODUCED with id:000005,sig:06,src:000001,time:7294,execs:611,op:havoc,rep:1
   -> CRASH REPRODUCED with id:000004,sig:06,src:000001,time:1360,execs:288,op:havoc,rep:4
   -> CRASH REPRODUCED with id:000001,sig:06,src:000001,time:270,execs:225,op:int16,pos:2,val:be:+32
   -> CRASH REPRODUCED with id:000000,sig:06,src:000001,time:132,execs:31,op:(null),pos:0
   -> CRASH REPRODUCED with id:000002,sig:06,src:000001,time:773,execs:252,op:havoc,rep:1
Checking hangs
   -> Converting counterexamples for 'pu'...
      -> Found and validated 2 new rules.
   -> Writing new specs to harness: po_fuzz.cpp...
      -> Successfully created working copy '/Dualis/scripts/../benchmarks/ClassicalHornICEFUZZ_working_temp/Stack/po_fuzz.cpp'.
   -> Starting AFL++(po_fuzz) with a 40-second timeout...
   -> Building AFL-instrumented binary: /Dualis/scripts/../benchmarks/ClassicalHornICEFUZZ_working_temp/Stack/po_fuzz
   -> AFL++(po_fuzz) completed successfully.
   -> Checking fuzzing outputs for counterexamples...
Checking crashes
Checking hangs
   -> Converting counterexamples for 'po'...
   -> Updating CHC file with new counterexamples...

=============== Artifacts This Iteration ===============

--- Generated Specs ---
  pu: ((((N - sl) <= (-1)) || (((N - sl1) > 0) && ((N - sl) > (-1)))) && ((sl - sl1) <= (-1)))
  po: (true)
  inv1: (((N - sl) > 0) && ((c - sl) <= 0))
  inv2: (false)

--- New Test Cases Found ---

--- Updated CHCs (for next iteration) ---
(declare-var N Int)
(declare-var c Int)
(declare-var c1 Int)
(declare-var d Int)
(declare-var d1 Int)
(declare-var sl Int)
(declare-var sl1 Int)
(declare-rel pu (Int Int Int))
(declare-rel po (Int Int))
(declare-rel inv1 (Int Int Int Int))
(declare-rel inv2 (Int Int Int))
(declare-rel fail ())

(rule (=> (and (= N 0) (= sl 0) (= sl1 1)) (pu N sl sl1)))
(rule (=> (and (= N 1) (= sl 1) (= sl1 2)) (pu N sl sl1)))

(rule (=> (and (= N 2) (= sl 0) (= sl1 1)) (pu N sl sl1)))
(rule (=> (and (= N 2) (= sl 15) (= sl1 16)) (pu N sl sl1)))
(rule (=> (and (= N -5) (= sl 0) (= sl1 1)) (pu N sl sl1)))
(rule (=> (and (= sl 0) (= sl1 0)) (po sl sl1)))
(rule (=> (and (= sl 17) (= sl1 16)) (po sl sl1)))
(rule (=> (and (= sl 1) (= sl1 0)) (po sl sl1)))
(rule (=> (and (= sl 11) (= sl1 10)) (po sl sl1)))
(rule (=> (and (> N 0) (= c 0) (= d 0) (= sl 0)) (inv1 c N d sl)))
(rule (=> (and (inv1 c N d sl) (< c N) (pu N sl sl1) (= c1 (+ c 1))) (inv1 c1 N d sl1)))
(rule (=> (and (inv1 c N d sl) (not (< c N))) (inv2 N d sl)))
(rule (=> (and (inv2 N d sl) (not (= sl 0)) (po sl sl1) (= d1 (+ d 1))) (inv2 N d1 sl1)))
(rule (=> (and (inv2 N d sl) (= sl 0) (not (= d N))) fail))

(query fail :print-certificate true)
==============================================================
   -> Checking if specs have changed...
      -> CHC files are different. Continuing iteration.

==================== Iteration: 3 ====================
TIMEOUT : 60
   -> Parsing CHC file: /Dualis/scripts/../benchmarks/ClassicalHornICEFUZZ_working_temp/Stack/Stack.smt2
   -> Starting HornICE with a 1000-second timeout...
      -> Logging HornICE output to iter_3.log
   -> HornICE completed successfully.
   -> Analyzing HornICE log file: iter_3.log
      -> Found 28 internal iterations.
   -> Writing new specs to harness: pu_fuzz.cpp...
      -> Successfully created working copy '/Dualis/scripts/../benchmarks/ClassicalHornICEFUZZ_working_temp/Stack/pu_fuzz.cpp'.
   -> Starting AFL++(pu_fuzz) with a 60-second timeout...
   -> Building AFL-instrumented binary: /Dualis/scripts/../benchmarks/ClassicalHornICEFUZZ_working_temp/Stack/pu_fuzz
   -> AFL++(pu_fuzz) completed successfully.
   -> Checking fuzzing outputs for counterexamples...
Checking crashes
   -> Found 3 crash reports. Testing reproducibility...
   -> CRASH REPRODUCED with id:000000,sig:06,src:000001,time:113,execs:310,op:havoc,rep:2
   -> CRASH REPRODUCED with id:000001,sig:06,src:000001,time:249,execs:1224,op:havoc,rep:2
   -> CRASH REPRODUCED with id:000002,sig:06,src:000001,time:929,execs:3937,op:havoc,rep:2
Checking hangs
   -> Converting counterexamples for 'pu'...
      -> Found and validated 2 new rules.
   -> Writing new specs to harness: po_fuzz.cpp...
      -> Successfully created working copy '/Dualis/scripts/../benchmarks/ClassicalHornICEFUZZ_working_temp/Stack/po_fuzz.cpp'.
   -> Starting AFL++(po_fuzz) with a 60-second timeout...
   -> Building AFL-instrumented binary: /Dualis/scripts/../benchmarks/ClassicalHornICEFUZZ_working_temp/Stack/po_fuzz
   -> AFL++(po_fuzz) completed successfully.
   -> Checking fuzzing outputs for counterexamples...
Checking crashes
Checking hangs
   -> Converting counterexamples for 'po'...
   -> Updating CHC file with new counterexamples...

=============== Artifacts This Iteration ===============

--- Generated Specs ---
  pu: (((((N - sl) <= 0) && ((N - sl1) <= (-1))) || (((N - sl1) > 0) && ((N - sl1) > (-1)))) && ((sl - sl1) <= (-1)))
  po: (true)
  inv1: (((N - sl) > 0) && ((c - sl) <= 0))
  inv2: (false)

--- New Test Cases Found ---

--- Updated CHCs (for next iteration) ---
(declare-var N Int)
(declare-var c Int)
(declare-var c1 Int)
(declare-var d Int)
(declare-var d1 Int)
(declare-var sl Int)
(declare-var sl1 Int)
(declare-rel pu (Int Int Int))
(declare-rel po (Int Int))
(declare-rel inv1 (Int Int Int Int))
(declare-rel inv2 (Int Int Int))
(declare-rel fail ())

(rule (=> (and (= N 2) (= sl 1) (= sl1 2)) (pu N sl sl1)))
(rule (=> (and (= N 1) (= sl 0) (= sl1 1)) (pu N sl sl1)))

(rule (=> (and (= N 0) (= sl 0) (= sl1 1)) (pu N sl sl1)))
(rule (=> (and (= N 1) (= sl 1) (= sl1 2)) (pu N sl sl1)))
(rule (=> (and (= N 2) (= sl 0) (= sl1 1)) (pu N sl sl1)))
(rule (=> (and (= N 2) (= sl 15) (= sl1 16)) (pu N sl sl1)))
(rule (=> (and (= N -5) (= sl 0) (= sl1 1)) (pu N sl sl1)))
(rule (=> (and (= sl 0) (= sl1 0)) (po sl sl1)))
(rule (=> (and (= sl 17) (= sl1 16)) (po sl sl1)))
(rule (=> (and (= sl 1) (= sl1 0)) (po sl sl1)))
(rule (=> (and (= sl 11) (= sl1 10)) (po sl sl1)))
(rule (=> (and (> N 0) (= c 0) (= d 0) (= sl 0)) (inv1 c N d sl)))
(rule (=> (and (inv1 c N d sl) (< c N) (pu N sl sl1) (= c1 (+ c 1))) (inv1 c1 N d sl1)))
(rule (=> (and (inv1 c N d sl) (not (< c N))) (inv2 N d sl)))
(rule (=> (and (inv2 N d sl) (not (= sl 0)) (po sl sl1) (= d1 (+ d 1))) (inv2 N d1 sl1)))
(rule (=> (and (inv2 N d sl) (= sl 0) (not (= d N))) fail))

(query fail :print-certificate true)
==============================================================
   -> Checking if specs have changed...
      -> CHC files are different. Continuing iteration.

==================== Iteration: 4 ====================
TIMEOUT : 80
   -> Parsing CHC file: /Dualis/scripts/../benchmarks/ClassicalHornICEFUZZ_working_temp/Stack/Stack.smt2
   -> Starting HornICE with a 1000-second timeout...
      -> Logging HornICE output to iter_4.log
   -> HornICE completed successfully.
   -> Analyzing HornICE log file: iter_4.log
      -> Found 59 internal iterations.
   -> Writing new specs to harness: pu_fuzz.cpp...
      -> Successfully created working copy '/Dualis/scripts/../benchmarks/ClassicalHornICEFUZZ_working_temp/Stack/pu_fuzz.cpp'.
   -> Starting AFL++(pu_fuzz) with a 80-second timeout...
   -> Building AFL-instrumented binary: /Dualis/scripts/../benchmarks/ClassicalHornICEFUZZ_working_temp/Stack/pu_fuzz
   -> AFL++(pu_fuzz) completed successfully.
   -> Checking fuzzing outputs for counterexamples...
Checking crashes
Checking hangs
   -> Converting counterexamples for 'pu'...
   -> Writing new specs to harness: po_fuzz.cpp...
      -> Successfully created working copy '/Dualis/scripts/../benchmarks/ClassicalHornICEFUZZ_working_temp/Stack/po_fuzz.cpp'.
   -> Starting AFL++(po_fuzz) with a 80-second timeout...
   -> Building AFL-instrumented binary: /Dualis/scripts/../benchmarks/ClassicalHornICEFUZZ_working_temp/Stack/po_fuzz
   -> AFL++(po_fuzz) completed successfully.
   -> Checking fuzzing outputs for counterexamples...
Checking crashes
   -> Found 3 crash reports. Testing reproducibility...
   -> CRASH REPRODUCED with id:000002,sig:06,src:000000,time:498,execs:368,op:havoc,rep:7
   -> CRASH REPRODUCED with id:000001,sig:06,src:000000,time:243,execs:250,op:havoc,rep:5
   -> CRASH REPRODUCED with id:000000,sig:06,src:000000,time:121,execs:40,op:havoc,rep:4
Checking hangs
   -> Converting counterexamples for 'po'...
      -> Found and validated 1 new rules.
   -> Updating CHC file with new counterexamples...

=============== Artifacts This Iteration ===============

--- Generated Specs ---
  pu: ((sl - sl1) <= (-1))
  po: ((((sl <= 0) && ((sl - sl1) <= 0)) || ((((sl1 <= 0) && (sl1 <= 1)) || (sl1 > 1)) && ((sl - sl1) > 0))) && ((sl - sl1) <= 1))
  inv1: ((((((c - d) - sl) <= 0) && (N > 0)) && (((c + d) - sl) <= 0) && (((sl - c) - d) <= 0) && (((N - c) + sl) > 0) && (((N - c) + sl) <= 1)) || (((((c - d) - sl) <= 0) && (N > 0)) && (((N - c) + sl) > 1)))
  inv2: ((((((((d - N) - sl) <= 0) && (((d - N) + sl) <= 0)) || ((sl > 1) && (((d - N) + sl) > 0))) && ((N - d) <= 0)) || ((N - d) > 0)) && (((N - d) - sl) <= 0) && (N > 0))

--- New Test Cases Found ---

--- Updated CHCs (for next iteration) ---
(declare-var N Int)
(declare-var c Int)
(declare-var c1 Int)
(declare-var d Int)
(declare-var d1 Int)
(declare-var sl Int)
(declare-var sl1 Int)
(declare-rel pu (Int Int Int))
(declare-rel po (Int Int))
(declare-rel inv1 (Int Int Int Int))
(declare-rel inv2 (Int Int Int))
(declare-rel fail ())

(rule (=> (and (= sl 2) (= sl1 1)) (po sl sl1)))

(rule (=> (and (= N 2) (= sl 1) (= sl1 2)) (pu N sl sl1)))
(rule (=> (and (= N 1) (= sl 0) (= sl1 1)) (pu N sl sl1)))
(rule (=> (and (= N 0) (= sl 0) (= sl1 1)) (pu N sl sl1)))
(rule (=> (and (= N 1) (= sl 1) (= sl1 2)) (pu N sl sl1)))
(rule (=> (and (= N 2) (= sl 0) (= sl1 1)) (pu N sl sl1)))
(rule (=> (and (= N 2) (= sl 15) (= sl1 16)) (pu N sl sl1)))
(rule (=> (and (= N -5) (= sl 0) (= sl1 1)) (pu N sl sl1)))
(rule (=> (and (= sl 0) (= sl1 0)) (po sl sl1)))
(rule (=> (and (= sl 17) (= sl1 16)) (po sl sl1)))
(rule (=> (and (= sl 1) (= sl1 0)) (po sl sl1)))
(rule (=> (and (= sl 11) (= sl1 10)) (po sl sl1)))
(rule (=> (and (> N 0) (= c 0) (= d 0) (= sl 0)) (inv1 c N d sl)))
(rule (=> (and (inv1 c N d sl) (< c N) (pu N sl sl1) (= c1 (+ c 1))) (inv1 c1 N d sl1)))
(rule (=> (and (inv1 c N d sl) (not (< c N))) (inv2 N d sl)))
(rule (=> (and (inv2 N d sl) (not (= sl 0)) (po sl sl1) (= d1 (+ d 1))) (inv2 N d1 sl1)))
(rule (=> (and (inv2 N d sl) (= sl 0) (not (= d N))) fail))

(query fail :print-certificate true)
==============================================================
   -> Checking if specs have changed...
      -> CHC files are different. Continuing iteration.

==================== Iteration: 5 ====================
TIMEOUT : 100
   -> Parsing CHC file: /Dualis/scripts/../benchmarks/ClassicalHornICEFUZZ_working_temp/Stack/Stack.smt2
   -> Starting HornICE with a 1000-second timeout...
      -> Logging HornICE output to iter_5.log
   -> HornICE completed successfully.
   -> Analyzing HornICE log file: iter_5.log
      -> Found 47 internal iterations.
   -> Writing new specs to harness: po_fuzz.cpp...
      -> Successfully created working copy '/Dualis/scripts/../benchmarks/ClassicalHornICEFUZZ_working_temp/Stack/po_fuzz.cpp'.
   -> Starting AFL++(po_fuzz) with a 100-second timeout...
   -> Building AFL-instrumented binary: /Dualis/scripts/../benchmarks/ClassicalHornICEFUZZ_working_temp/Stack/po_fuzz
   -> AFL++(po_fuzz) completed successfully.
   -> Checking fuzzing outputs for counterexamples...
Checking crashes
Checking hangs
   -> Converting counterexamples for 'po'...
   -> Writing new specs to harness: pu_fuzz.cpp...
      -> Successfully created working copy '/Dualis/scripts/../benchmarks/ClassicalHornICEFUZZ_working_temp/Stack/pu_fuzz.cpp'.
   -> Starting AFL++(pu_fuzz) with a 100-second timeout...
   -> Building AFL-instrumented binary: /Dualis/scripts/../benchmarks/ClassicalHornICEFUZZ_working_temp/Stack/pu_fuzz
   -> AFL++(pu_fuzz) completed successfully.
   -> Checking fuzzing outputs for counterexamples...
Checking crashes
Checking hangs
   -> Converting counterexamples for 'pu'...
   -> Updating CHC file with new counterexamples...

=============== Artifacts This Iteration ===============

--- Generated Specs ---
  po: ((((sl > (-1)) && (sl <= 0) && ((sl - sl1) <= 0)) || ((sl - sl1) > 0)) && ((sl - sl1) <= 1))
  pu: (((sl - sl1) <= (-1)) && ((sl - sl1) > (-2)))
  inv1: (((((d - N) + sl) <= 0) && (((d - c) + sl) <= 0) && (((c - d) - sl) <= 0) && (d <= 0) && (N > 0) && (N <= 1)) || ((((d - c) + sl) <= 0) && (((d - N) + sl) <= 0) && (((c - d) - sl) <= 0) && (N > 1)))
  inv2: ((((N - d) - sl) <= 0) && (((d - N) + sl) <= 0) && (((N - d) - sl) <= 1))

--- New Test Cases Found ---

--- Updated CHCs (for next iteration) ---
(declare-var N Int)
(declare-var c Int)
(declare-var c1 Int)
(declare-var d Int)
(declare-var d1 Int)
(declare-var sl Int)
(declare-var sl1 Int)
(declare-rel pu (Int Int Int))
(declare-rel po (Int Int))
(declare-rel inv1 (Int Int Int Int))
(declare-rel inv2 (Int Int Int))
(declare-rel fail ())


(rule (=> (and (= sl 2) (= sl1 1)) (po sl sl1)))
(rule (=> (and (= N 2) (= sl 1) (= sl1 2)) (pu N sl sl1)))
(rule (=> (and (= N 1) (= sl 0) (= sl1 1)) (pu N sl sl1)))
(rule (=> (and (= N 0) (= sl 0) (= sl1 1)) (pu N sl sl1)))
(rule (=> (and (= N 1) (= sl 1) (= sl1 2)) (pu N sl sl1)))
(rule (=> (and (= N 2) (= sl 0) (= sl1 1)) (pu N sl sl1)))
(rule (=> (and (= N 2) (= sl 15) (= sl1 16)) (pu N sl sl1)))
(rule (=> (and (= N -5) (= sl 0) (= sl1 1)) (pu N sl sl1)))
(rule (=> (and (= sl 0) (= sl1 0)) (po sl sl1)))
(rule (=> (and (= sl 17) (= sl1 16)) (po sl sl1)))
(rule (=> (and (= sl 1) (= sl1 0)) (po sl sl1)))
(rule (=> (and (= sl 11) (= sl1 10)) (po sl sl1)))
(rule (=> (and (> N 0) (= c 0) (= d 0) (= sl 0)) (inv1 c N d sl)))
(rule (=> (and (inv1 c N d sl) (< c N) (pu N sl sl1) (= c1 (+ c 1))) (inv1 c1 N d sl1)))
(rule (=> (and (inv1 c N d sl) (not (< c N))) (inv2 N d sl)))
(rule (=> (and (inv2 N d sl) (not (= sl 0)) (po sl sl1) (= d1 (+ d 1))) (inv2 N d1 sl1)))
(rule (=> (and (inv2 N d sl) (= sl 0) (not (= d N))) fail))

(query fail :print-certificate true)
==============================================================
   -> Checking if specs have changed...
      -> CHC files are different. Continuing iteration.

==================== Iteration: 6 ====================
TIMEOUT : 120
   -> Parsing CHC file: /Dualis/scripts/../benchmarks/ClassicalHornICEFUZZ_working_temp/Stack/Stack.smt2
   -> Starting HornICE with a 1000-second timeout...
      -> Logging HornICE output to iter_6.log
   -> HornICE completed successfully.
   -> Analyzing HornICE log file: iter_6.log
      -> Found 47 internal iterations.
   -> Writing new specs to harness: po_fuzz.cpp...
      -> Successfully created working copy '/Dualis/scripts/../benchmarks/ClassicalHornICEFUZZ_working_temp/Stack/po_fuzz.cpp'.
   -> Starting AFL++(po_fuzz) with a 120-second timeout...
   -> Building AFL-instrumented binary: /Dualis/scripts/../benchmarks/ClassicalHornICEFUZZ_working_temp/Stack/po_fuzz
   -> AFL++(po_fuzz) completed successfully.
   -> Checking fuzzing outputs for counterexamples...
Checking crashes
Checking hangs
   -> Converting counterexamples for 'po'...
   -> Writing new specs to harness: pu_fuzz.cpp...
      -> Successfully created working copy '/Dualis/scripts/../benchmarks/ClassicalHornICEFUZZ_working_temp/Stack/pu_fuzz.cpp'.
   -> Starting AFL++(pu_fuzz) with a 120-second timeout...
   -> Building AFL-instrumented binary: /Dualis/scripts/../benchmarks/ClassicalHornICEFUZZ_working_temp/Stack/pu_fuzz
   -> AFL++(pu_fuzz) completed successfully.
   -> Checking fuzzing outputs for counterexamples...
Checking crashes
Checking hangs
   -> Converting counterexamples for 'pu'...
   -> Updating CHC file with new counterexamples...

=============== Artifacts This Iteration ===============

--- Generated Specs ---
  po: ((((sl > (-1)) && (sl <= 0) && ((sl - sl1) <= 0)) || ((sl - sl1) > 0)) && ((sl - sl1) <= 1))
  pu: (((sl - sl1) <= (-1)) && ((sl - sl1) > (-2)))
  inv1: (((((d - N) + sl) <= 0) && (((d - c) + sl) <= 0) && (((c - d) - sl) <= 0) && (d <= 0) && (N > 0) && (N <= 1)) || ((((d - c) + sl) <= 0) && (((d - N) + sl) <= 0) && (((c - d) - sl) <= 0) && (N > 1)))
  inv2: ((((N - d) - sl) <= 0) && (((d - N) + sl) <= 0) && (((N - d) - sl) <= 1))

--- New Test Cases Found ---

--- Updated CHCs (for next iteration) ---
(declare-var N Int)
(declare-var c Int)
(declare-var c1 Int)
(declare-var d Int)
(declare-var d1 Int)
(declare-var sl Int)
(declare-var sl1 Int)
(declare-rel pu (Int Int Int))
(declare-rel po (Int Int))
(declare-rel inv1 (Int Int Int Int))
(declare-rel inv2 (Int Int Int))
(declare-rel fail ())


(rule (=> (and (= sl 2) (= sl1 1)) (po sl sl1)))
(rule (=> (and (= N 2) (= sl 1) (= sl1 2)) (pu N sl sl1)))
(rule (=> (and (= N 1) (= sl 0) (= sl1 1)) (pu N sl sl1)))
(rule (=> (and (= N 0) (= sl 0) (= sl1 1)) (pu N sl sl1)))
(rule (=> (and (= N 1) (= sl 1) (= sl1 2)) (pu N sl sl1)))
(rule (=> (and (= N 2) (= sl 0) (= sl1 1)) (pu N sl sl1)))
(rule (=> (and (= N 2) (= sl 15) (= sl1 16)) (pu N sl sl1)))
(rule (=> (and (= N -5) (= sl 0) (= sl1 1)) (pu N sl sl1)))
(rule (=> (and (= sl 0) (= sl1 0)) (po sl sl1)))
(rule (=> (and (= sl 17) (= sl1 16)) (po sl sl1)))
(rule (=> (and (= sl 1) (= sl1 0)) (po sl sl1)))
(rule (=> (and (= sl 11) (= sl1 10)) (po sl sl1)))
(rule (=> (and (> N 0) (= c 0) (= d 0) (= sl 0)) (inv1 c N d sl)))
(rule (=> (and (inv1 c N d sl) (< c N) (pu N sl sl1) (= c1 (+ c 1))) (inv1 c1 N d sl1)))
(rule (=> (and (inv1 c N d sl) (not (< c N))) (inv2 N d sl)))
(rule (=> (and (inv2 N d sl) (not (= sl 0)) (po sl sl1) (= d1 (+ d 1))) (inv2 N d1 sl1)))
(rule (=> (and (inv2 N d sl) (= sl 0) (not (= d N))) fail))

(query fail :print-certificate true)
==============================================================
   -> Checking if specs have changed...
      -> CHC files are identical. Pipeline has converged.
   -> 15-minute deep fuzzing converged. Pipeline complete.

==================== Finalizing Pipeline ====================

====================== Pipeline Finished =====================
Total External Iterations: 6
Total Unique Test Cases Found: 12
Total Internal Iterations: 227
  - Min: 8
  - Max: 59
  - Avg: 37.83
pipeline.run() took 0.3624 seconds.
